[2023-05-07T22:22:13.746+0000] {processor.py:153} INFO - Started process (PID=9850) to work on /usr/local/python/3.10.4/lib/python3.10/site-packages/airflow/example_dags/example_task_group_decorator.py
[2023-05-07T22:22:13.747+0000] {processor.py:743} INFO - Processing file /usr/local/python/3.10.4/lib/python3.10/site-packages/airflow/example_dags/example_task_group_decorator.py for tasks to queue
[2023-05-07T22:22:13.747+0000] {logging_mixin.py:137} INFO - [2023-05-07T22:22:13.747+0000] {dagbag.py:538} INFO - Filling up the DagBag from /usr/local/python/3.10.4/lib/python3.10/site-packages/airflow/example_dags/example_task_group_decorator.py
[2023-05-07T22:22:13.775+0000] {processor.py:753} INFO - DAG(s) dict_keys(['example_task_group_decorator']) retrieved from /usr/local/python/3.10.4/lib/python3.10/site-packages/airflow/example_dags/example_task_group_decorator.py
[2023-05-07T22:22:13.926+0000] {logging_mixin.py:137} INFO - [2023-05-07T22:22:13.926+0000] {manager.py:504} INFO - Created Permission View: can edit on DAG:example_task_group_decorator
[2023-05-07T22:22:13.960+0000] {logging_mixin.py:137} INFO - [2023-05-07T22:22:13.959+0000] {manager.py:504} INFO - Created Permission View: can delete on DAG:example_task_group_decorator
[2023-05-07T22:22:13.991+0000] {logging_mixin.py:137} INFO - [2023-05-07T22:22:13.991+0000] {manager.py:504} INFO - Created Permission View: can read on DAG:example_task_group_decorator
[2023-05-07T22:22:13.992+0000] {logging_mixin.py:137} INFO - [2023-05-07T22:22:13.991+0000] {dag.py:2690} INFO - Sync 1 DAGs
[2023-05-07T22:22:14.003+0000] {logging_mixin.py:137} INFO - [2023-05-07T22:22:14.002+0000] {dag.py:2711} INFO - Creating ORM DAG for example_task_group_decorator
[2023-05-07T22:22:14.010+0000] {logging_mixin.py:137} INFO - [2023-05-07T22:22:14.010+0000] {dag.py:3437} INFO - Setting next_dagrun for example_task_group_decorator to 2023-05-06T22:22:14.010264+00:00, run_after=2023-05-07T22:22:14.010264+00:00
[2023-05-07T22:22:14.057+0000] {processor.py:175} INFO - Processing /usr/local/python/3.10.4/lib/python3.10/site-packages/airflow/example_dags/example_task_group_decorator.py took 0.314 seconds
[2023-05-07T22:22:59.301+0000] {processor.py:153} INFO - Started process (PID=10179) to work on /usr/local/python/3.10.4/lib/python3.10/site-packages/airflow/example_dags/example_task_group_decorator.py
[2023-05-07T22:22:59.302+0000] {processor.py:743} INFO - Processing file /usr/local/python/3.10.4/lib/python3.10/site-packages/airflow/example_dags/example_task_group_decorator.py for tasks to queue
[2023-05-07T22:22:59.303+0000] {logging_mixin.py:137} INFO - [2023-05-07T22:22:59.302+0000] {dagbag.py:538} INFO - Filling up the DagBag from /usr/local/python/3.10.4/lib/python3.10/site-packages/airflow/example_dags/example_task_group_decorator.py
[2023-05-07T22:22:59.330+0000] {processor.py:753} INFO - DAG(s) dict_keys(['example_task_group_decorator']) retrieved from /usr/local/python/3.10.4/lib/python3.10/site-packages/airflow/example_dags/example_task_group_decorator.py
[2023-05-07T22:22:59.348+0000] {logging_mixin.py:137} INFO - [2023-05-07T22:22:59.348+0000] {dag.py:2690} INFO - Sync 1 DAGs
[2023-05-07T22:22:59.365+0000] {logging_mixin.py:137} INFO - [2023-05-07T22:22:59.365+0000] {dag.py:3437} INFO - Setting next_dagrun for example_task_group_decorator to 2023-05-06T22:22:59.364818+00:00, run_after=2023-05-07T22:22:59.364818+00:00
[2023-05-07T22:22:59.409+0000] {processor.py:175} INFO - Processing /usr/local/python/3.10.4/lib/python3.10/site-packages/airflow/example_dags/example_task_group_decorator.py took 0.110 seconds
[2023-05-07T22:23:39.965+0000] {processor.py:153} INFO - Started process (PID=10565) to work on /usr/local/python/3.10.4/lib/python3.10/site-packages/airflow/example_dags/example_task_group_decorator.py
[2023-05-07T22:23:39.966+0000] {processor.py:743} INFO - Processing file /usr/local/python/3.10.4/lib/python3.10/site-packages/airflow/example_dags/example_task_group_decorator.py for tasks to queue
[2023-05-07T22:23:39.967+0000] {logging_mixin.py:137} INFO - [2023-05-07T22:23:39.967+0000] {dagbag.py:538} INFO - Filling up the DagBag from /usr/local/python/3.10.4/lib/python3.10/site-packages/airflow/example_dags/example_task_group_decorator.py
[2023-05-07T22:23:39.996+0000] {processor.py:753} INFO - DAG(s) dict_keys(['example_task_group_decorator']) retrieved from /usr/local/python/3.10.4/lib/python3.10/site-packages/airflow/example_dags/example_task_group_decorator.py
[2023-05-07T22:23:40.016+0000] {logging_mixin.py:137} INFO - [2023-05-07T22:23:40.016+0000] {dag.py:2690} INFO - Sync 1 DAGs
[2023-05-07T22:23:40.033+0000] {logging_mixin.py:137} INFO - [2023-05-07T22:23:40.033+0000] {dag.py:3437} INFO - Setting next_dagrun for example_task_group_decorator to 2023-05-06T22:23:40.033429+00:00, run_after=2023-05-07T22:23:40.033429+00:00
[2023-05-07T22:23:40.087+0000] {processor.py:175} INFO - Processing /usr/local/python/3.10.4/lib/python3.10/site-packages/airflow/example_dags/example_task_group_decorator.py took 0.124 seconds
[2023-05-07T22:24:20.559+0000] {processor.py:153} INFO - Started process (PID=10868) to work on /usr/local/python/3.10.4/lib/python3.10/site-packages/airflow/example_dags/example_task_group_decorator.py
[2023-05-07T22:24:20.560+0000] {processor.py:743} INFO - Processing file /usr/local/python/3.10.4/lib/python3.10/site-packages/airflow/example_dags/example_task_group_decorator.py for tasks to queue
[2023-05-07T22:24:20.560+0000] {logging_mixin.py:137} INFO - [2023-05-07T22:24:20.560+0000] {dagbag.py:538} INFO - Filling up the DagBag from /usr/local/python/3.10.4/lib/python3.10/site-packages/airflow/example_dags/example_task_group_decorator.py
[2023-05-07T22:24:20.589+0000] {processor.py:753} INFO - DAG(s) dict_keys(['example_task_group_decorator']) retrieved from /usr/local/python/3.10.4/lib/python3.10/site-packages/airflow/example_dags/example_task_group_decorator.py
[2023-05-07T22:24:20.607+0000] {logging_mixin.py:137} INFO - [2023-05-07T22:24:20.607+0000] {dag.py:2690} INFO - Sync 1 DAGs
[2023-05-07T22:24:20.633+0000] {logging_mixin.py:137} INFO - [2023-05-07T22:24:20.633+0000] {dag.py:3437} INFO - Setting next_dagrun for example_task_group_decorator to 2023-05-06T22:24:20.632797+00:00, run_after=2023-05-07T22:24:20.632797+00:00
[2023-05-07T22:24:20.690+0000] {processor.py:175} INFO - Processing /usr/local/python/3.10.4/lib/python3.10/site-packages/airflow/example_dags/example_task_group_decorator.py took 0.135 seconds
[2023-05-07T22:25:08.148+0000] {processor.py:153} INFO - Started process (PID=11240) to work on /usr/local/python/3.10.4/lib/python3.10/site-packages/airflow/example_dags/example_task_group_decorator.py
[2023-05-07T22:25:08.149+0000] {processor.py:743} INFO - Processing file /usr/local/python/3.10.4/lib/python3.10/site-packages/airflow/example_dags/example_task_group_decorator.py for tasks to queue
[2023-05-07T22:25:08.149+0000] {logging_mixin.py:137} INFO - [2023-05-07T22:25:08.149+0000] {dagbag.py:538} INFO - Filling up the DagBag from /usr/local/python/3.10.4/lib/python3.10/site-packages/airflow/example_dags/example_task_group_decorator.py
[2023-05-07T22:25:08.176+0000] {processor.py:753} INFO - DAG(s) dict_keys(['example_task_group_decorator']) retrieved from /usr/local/python/3.10.4/lib/python3.10/site-packages/airflow/example_dags/example_task_group_decorator.py
[2023-05-07T22:25:08.194+0000] {logging_mixin.py:137} INFO - [2023-05-07T22:25:08.194+0000] {dag.py:2690} INFO - Sync 1 DAGs
[2023-05-07T22:25:08.212+0000] {logging_mixin.py:137} INFO - [2023-05-07T22:25:08.212+0000] {dag.py:3437} INFO - Setting next_dagrun for example_task_group_decorator to 2023-05-06T22:25:08.212048+00:00, run_after=2023-05-07T22:25:08.212048+00:00
[2023-05-07T22:25:08.255+0000] {processor.py:175} INFO - Processing /usr/local/python/3.10.4/lib/python3.10/site-packages/airflow/example_dags/example_task_group_decorator.py took 0.110 seconds
[2023-05-07T22:25:45.130+0000] {processor.py:153} INFO - Started process (PID=11520) to work on /usr/local/python/3.10.4/lib/python3.10/site-packages/airflow/example_dags/example_task_group_decorator.py
[2023-05-07T22:25:45.131+0000] {processor.py:743} INFO - Processing file /usr/local/python/3.10.4/lib/python3.10/site-packages/airflow/example_dags/example_task_group_decorator.py for tasks to queue
[2023-05-07T22:25:45.132+0000] {logging_mixin.py:137} INFO - [2023-05-07T22:25:45.131+0000] {dagbag.py:538} INFO - Filling up the DagBag from /usr/local/python/3.10.4/lib/python3.10/site-packages/airflow/example_dags/example_task_group_decorator.py
[2023-05-07T22:25:45.159+0000] {processor.py:753} INFO - DAG(s) dict_keys(['example_task_group_decorator']) retrieved from /usr/local/python/3.10.4/lib/python3.10/site-packages/airflow/example_dags/example_task_group_decorator.py
[2023-05-07T22:25:45.178+0000] {logging_mixin.py:137} INFO - [2023-05-07T22:25:45.178+0000] {dag.py:2690} INFO - Sync 1 DAGs
[2023-05-07T22:25:45.196+0000] {logging_mixin.py:137} INFO - [2023-05-07T22:25:45.196+0000] {dag.py:3437} INFO - Setting next_dagrun for example_task_group_decorator to 2023-05-06T22:25:45.195796+00:00, run_after=2023-05-07T22:25:45.195796+00:00
[2023-05-07T22:25:45.237+0000] {processor.py:175} INFO - Processing /usr/local/python/3.10.4/lib/python3.10/site-packages/airflow/example_dags/example_task_group_decorator.py took 0.110 seconds
[2023-05-07T22:26:27.123+0000] {processor.py:153} INFO - Started process (PID=11816) to work on /usr/local/python/3.10.4/lib/python3.10/site-packages/airflow/example_dags/example_task_group_decorator.py
[2023-05-07T22:26:27.124+0000] {processor.py:743} INFO - Processing file /usr/local/python/3.10.4/lib/python3.10/site-packages/airflow/example_dags/example_task_group_decorator.py for tasks to queue
[2023-05-07T22:26:27.124+0000] {logging_mixin.py:137} INFO - [2023-05-07T22:26:27.124+0000] {dagbag.py:538} INFO - Filling up the DagBag from /usr/local/python/3.10.4/lib/python3.10/site-packages/airflow/example_dags/example_task_group_decorator.py
[2023-05-07T22:26:27.158+0000] {processor.py:753} INFO - DAG(s) dict_keys(['example_task_group_decorator']) retrieved from /usr/local/python/3.10.4/lib/python3.10/site-packages/airflow/example_dags/example_task_group_decorator.py
[2023-05-07T22:26:27.189+0000] {logging_mixin.py:137} INFO - [2023-05-07T22:26:27.188+0000] {dag.py:2690} INFO - Sync 1 DAGs
[2023-05-07T22:26:27.210+0000] {logging_mixin.py:137} INFO - [2023-05-07T22:26:27.210+0000] {dag.py:3437} INFO - Setting next_dagrun for example_task_group_decorator to 2023-05-06T22:26:27.209992+00:00, run_after=2023-05-07T22:26:27.209992+00:00
[2023-05-07T22:26:27.255+0000] {processor.py:175} INFO - Processing /usr/local/python/3.10.4/lib/python3.10/site-packages/airflow/example_dags/example_task_group_decorator.py took 0.135 seconds
[2023-05-07T22:27:09.715+0000] {processor.py:153} INFO - Started process (PID=12105) to work on /usr/local/python/3.10.4/lib/python3.10/site-packages/airflow/example_dags/example_task_group_decorator.py
[2023-05-07T22:27:09.716+0000] {processor.py:743} INFO - Processing file /usr/local/python/3.10.4/lib/python3.10/site-packages/airflow/example_dags/example_task_group_decorator.py for tasks to queue
[2023-05-07T22:27:09.717+0000] {logging_mixin.py:137} INFO - [2023-05-07T22:27:09.716+0000] {dagbag.py:538} INFO - Filling up the DagBag from /usr/local/python/3.10.4/lib/python3.10/site-packages/airflow/example_dags/example_task_group_decorator.py
[2023-05-07T22:27:09.744+0000] {processor.py:753} INFO - DAG(s) dict_keys(['example_task_group_decorator']) retrieved from /usr/local/python/3.10.4/lib/python3.10/site-packages/airflow/example_dags/example_task_group_decorator.py
[2023-05-07T22:27:09.763+0000] {logging_mixin.py:137} INFO - [2023-05-07T22:27:09.763+0000] {dag.py:2690} INFO - Sync 1 DAGs
[2023-05-07T22:27:09.781+0000] {logging_mixin.py:137} INFO - [2023-05-07T22:27:09.781+0000] {dag.py:3437} INFO - Setting next_dagrun for example_task_group_decorator to 2023-05-06T22:27:09.780873+00:00, run_after=2023-05-07T22:27:09.780873+00:00
[2023-05-07T22:27:09.822+0000] {processor.py:175} INFO - Processing /usr/local/python/3.10.4/lib/python3.10/site-packages/airflow/example_dags/example_task_group_decorator.py took 0.110 seconds
[2023-05-07T22:27:51.822+0000] {processor.py:153} INFO - Started process (PID=12391) to work on /usr/local/python/3.10.4/lib/python3.10/site-packages/airflow/example_dags/example_task_group_decorator.py
[2023-05-07T22:27:51.823+0000] {processor.py:743} INFO - Processing file /usr/local/python/3.10.4/lib/python3.10/site-packages/airflow/example_dags/example_task_group_decorator.py for tasks to queue
[2023-05-07T22:27:51.824+0000] {logging_mixin.py:137} INFO - [2023-05-07T22:27:51.824+0000] {dagbag.py:538} INFO - Filling up the DagBag from /usr/local/python/3.10.4/lib/python3.10/site-packages/airflow/example_dags/example_task_group_decorator.py
[2023-05-07T22:27:51.853+0000] {processor.py:753} INFO - DAG(s) dict_keys(['example_task_group_decorator']) retrieved from /usr/local/python/3.10.4/lib/python3.10/site-packages/airflow/example_dags/example_task_group_decorator.py
[2023-05-07T22:27:51.872+0000] {logging_mixin.py:137} INFO - [2023-05-07T22:27:51.872+0000] {dag.py:2690} INFO - Sync 1 DAGs
[2023-05-07T22:27:51.889+0000] {logging_mixin.py:137} INFO - [2023-05-07T22:27:51.889+0000] {dag.py:3437} INFO - Setting next_dagrun for example_task_group_decorator to 2023-05-06T22:27:51.889431+00:00, run_after=2023-05-07T22:27:51.889431+00:00
[2023-05-07T22:27:51.931+0000] {processor.py:175} INFO - Processing /usr/local/python/3.10.4/lib/python3.10/site-packages/airflow/example_dags/example_task_group_decorator.py took 0.113 seconds
[2023-05-07T22:28:35.429+0000] {processor.py:153} INFO - Started process (PID=12720) to work on /usr/local/python/3.10.4/lib/python3.10/site-packages/airflow/example_dags/example_task_group_decorator.py
[2023-05-07T22:28:35.430+0000] {processor.py:743} INFO - Processing file /usr/local/python/3.10.4/lib/python3.10/site-packages/airflow/example_dags/example_task_group_decorator.py for tasks to queue
[2023-05-07T22:28:35.430+0000] {logging_mixin.py:137} INFO - [2023-05-07T22:28:35.430+0000] {dagbag.py:538} INFO - Filling up the DagBag from /usr/local/python/3.10.4/lib/python3.10/site-packages/airflow/example_dags/example_task_group_decorator.py
[2023-05-07T22:28:35.457+0000] {processor.py:753} INFO - DAG(s) dict_keys(['example_task_group_decorator']) retrieved from /usr/local/python/3.10.4/lib/python3.10/site-packages/airflow/example_dags/example_task_group_decorator.py
[2023-05-07T22:28:35.476+0000] {logging_mixin.py:137} INFO - [2023-05-07T22:28:35.476+0000] {dag.py:2690} INFO - Sync 1 DAGs
[2023-05-07T22:28:35.493+0000] {logging_mixin.py:137} INFO - [2023-05-07T22:28:35.493+0000] {dag.py:3437} INFO - Setting next_dagrun for example_task_group_decorator to 2023-05-06T22:28:35.492812+00:00, run_after=2023-05-07T22:28:35.492812+00:00
[2023-05-07T22:28:35.535+0000] {processor.py:175} INFO - Processing /usr/local/python/3.10.4/lib/python3.10/site-packages/airflow/example_dags/example_task_group_decorator.py took 0.109 seconds
[2023-05-07T22:29:20.370+0000] {processor.py:153} INFO - Started process (PID=13011) to work on /usr/local/python/3.10.4/lib/python3.10/site-packages/airflow/example_dags/example_task_group_decorator.py
[2023-05-07T22:29:20.371+0000] {processor.py:743} INFO - Processing file /usr/local/python/3.10.4/lib/python3.10/site-packages/airflow/example_dags/example_task_group_decorator.py for tasks to queue
[2023-05-07T22:29:20.372+0000] {logging_mixin.py:137} INFO - [2023-05-07T22:29:20.372+0000] {dagbag.py:538} INFO - Filling up the DagBag from /usr/local/python/3.10.4/lib/python3.10/site-packages/airflow/example_dags/example_task_group_decorator.py
[2023-05-07T22:29:20.399+0000] {processor.py:753} INFO - DAG(s) dict_keys(['example_task_group_decorator']) retrieved from /usr/local/python/3.10.4/lib/python3.10/site-packages/airflow/example_dags/example_task_group_decorator.py
[2023-05-07T22:29:20.417+0000] {logging_mixin.py:137} INFO - [2023-05-07T22:29:20.417+0000] {dag.py:2690} INFO - Sync 1 DAGs
[2023-05-07T22:29:20.435+0000] {logging_mixin.py:137} INFO - [2023-05-07T22:29:20.435+0000] {dag.py:3437} INFO - Setting next_dagrun for example_task_group_decorator to 2023-05-06T22:29:20.435051+00:00, run_after=2023-05-07T22:29:20.435051+00:00
[2023-05-07T22:29:20.586+0000] {processor.py:175} INFO - Processing /usr/local/python/3.10.4/lib/python3.10/site-packages/airflow/example_dags/example_task_group_decorator.py took 0.219 seconds
[2023-05-07T22:30:02.470+0000] {processor.py:153} INFO - Started process (PID=13314) to work on /usr/local/python/3.10.4/lib/python3.10/site-packages/airflow/example_dags/example_task_group_decorator.py
[2023-05-07T22:30:02.471+0000] {processor.py:743} INFO - Processing file /usr/local/python/3.10.4/lib/python3.10/site-packages/airflow/example_dags/example_task_group_decorator.py for tasks to queue
[2023-05-07T22:30:02.472+0000] {logging_mixin.py:137} INFO - [2023-05-07T22:30:02.472+0000] {dagbag.py:538} INFO - Filling up the DagBag from /usr/local/python/3.10.4/lib/python3.10/site-packages/airflow/example_dags/example_task_group_decorator.py
[2023-05-07T22:30:02.498+0000] {processor.py:753} INFO - DAG(s) dict_keys(['example_task_group_decorator']) retrieved from /usr/local/python/3.10.4/lib/python3.10/site-packages/airflow/example_dags/example_task_group_decorator.py
[2023-05-07T22:30:02.517+0000] {logging_mixin.py:137} INFO - [2023-05-07T22:30:02.517+0000] {dag.py:2690} INFO - Sync 1 DAGs
[2023-05-07T22:30:02.645+0000] {logging_mixin.py:137} INFO - [2023-05-07T22:30:02.645+0000] {dag.py:3437} INFO - Setting next_dagrun for example_task_group_decorator to 2023-05-06T22:30:02.645417+00:00, run_after=2023-05-07T22:30:02.645417+00:00
[2023-05-07T22:30:02.686+0000] {processor.py:175} INFO - Processing /usr/local/python/3.10.4/lib/python3.10/site-packages/airflow/example_dags/example_task_group_decorator.py took 0.219 seconds
[2023-05-07T22:30:47.811+0000] {processor.py:153} INFO - Started process (PID=13610) to work on /usr/local/python/3.10.4/lib/python3.10/site-packages/airflow/example_dags/example_task_group_decorator.py
[2023-05-07T22:30:47.812+0000] {processor.py:743} INFO - Processing file /usr/local/python/3.10.4/lib/python3.10/site-packages/airflow/example_dags/example_task_group_decorator.py for tasks to queue
[2023-05-07T22:30:47.812+0000] {logging_mixin.py:137} INFO - [2023-05-07T22:30:47.812+0000] {dagbag.py:538} INFO - Filling up the DagBag from /usr/local/python/3.10.4/lib/python3.10/site-packages/airflow/example_dags/example_task_group_decorator.py
[2023-05-07T22:30:47.839+0000] {processor.py:753} INFO - DAG(s) dict_keys(['example_task_group_decorator']) retrieved from /usr/local/python/3.10.4/lib/python3.10/site-packages/airflow/example_dags/example_task_group_decorator.py
[2023-05-07T22:30:47.858+0000] {logging_mixin.py:137} INFO - [2023-05-07T22:30:47.858+0000] {dag.py:2690} INFO - Sync 1 DAGs
[2023-05-07T22:30:48.019+0000] {logging_mixin.py:137} INFO - [2023-05-07T22:30:48.019+0000] {dag.py:3437} INFO - Setting next_dagrun for example_task_group_decorator to 2023-05-06T22:30:48.019092+00:00, run_after=2023-05-07T22:30:48.019092+00:00
[2023-05-07T22:30:48.065+0000] {processor.py:175} INFO - Processing /usr/local/python/3.10.4/lib/python3.10/site-packages/airflow/example_dags/example_task_group_decorator.py took 0.257 seconds
[2023-05-07T22:31:38.379+0000] {processor.py:153} INFO - Started process (PID=13951) to work on /usr/local/python/3.10.4/lib/python3.10/site-packages/airflow/example_dags/example_task_group_decorator.py
[2023-05-07T22:31:38.380+0000] {processor.py:743} INFO - Processing file /usr/local/python/3.10.4/lib/python3.10/site-packages/airflow/example_dags/example_task_group_decorator.py for tasks to queue
[2023-05-07T22:31:38.380+0000] {logging_mixin.py:137} INFO - [2023-05-07T22:31:38.380+0000] {dagbag.py:538} INFO - Filling up the DagBag from /usr/local/python/3.10.4/lib/python3.10/site-packages/airflow/example_dags/example_task_group_decorator.py
[2023-05-07T22:31:38.406+0000] {processor.py:753} INFO - DAG(s) dict_keys(['example_task_group_decorator']) retrieved from /usr/local/python/3.10.4/lib/python3.10/site-packages/airflow/example_dags/example_task_group_decorator.py
[2023-05-07T22:31:38.534+0000] {logging_mixin.py:137} INFO - [2023-05-07T22:31:38.534+0000] {dag.py:2690} INFO - Sync 1 DAGs
[2023-05-07T22:31:38.549+0000] {logging_mixin.py:137} INFO - [2023-05-07T22:31:38.549+0000] {dag.py:3437} INFO - Setting next_dagrun for example_task_group_decorator to 2023-05-06T22:31:38.549430+00:00, run_after=2023-05-07T22:31:38.549430+00:00
[2023-05-07T22:31:38.589+0000] {processor.py:175} INFO - Processing /usr/local/python/3.10.4/lib/python3.10/site-packages/airflow/example_dags/example_task_group_decorator.py took 0.213 seconds
[2023-05-07T22:32:23.300+0000] {processor.py:153} INFO - Started process (PID=14268) to work on /usr/local/python/3.10.4/lib/python3.10/site-packages/airflow/example_dags/example_task_group_decorator.py
[2023-05-07T22:32:23.301+0000] {processor.py:743} INFO - Processing file /usr/local/python/3.10.4/lib/python3.10/site-packages/airflow/example_dags/example_task_group_decorator.py for tasks to queue
[2023-05-07T22:32:23.302+0000] {logging_mixin.py:137} INFO - [2023-05-07T22:32:23.301+0000] {dagbag.py:538} INFO - Filling up the DagBag from /usr/local/python/3.10.4/lib/python3.10/site-packages/airflow/example_dags/example_task_group_decorator.py
[2023-05-07T22:32:23.441+0000] {processor.py:753} INFO - DAG(s) dict_keys(['example_task_group_decorator']) retrieved from /usr/local/python/3.10.4/lib/python3.10/site-packages/airflow/example_dags/example_task_group_decorator.py
[2023-05-07T22:32:23.456+0000] {logging_mixin.py:137} INFO - [2023-05-07T22:32:23.456+0000] {dag.py:2690} INFO - Sync 1 DAGs
[2023-05-07T22:32:23.471+0000] {logging_mixin.py:137} INFO - [2023-05-07T22:32:23.471+0000] {dag.py:3437} INFO - Setting next_dagrun for example_task_group_decorator to 2023-05-06T22:32:23.471409+00:00, run_after=2023-05-07T22:32:23.471409+00:00
[2023-05-07T22:32:23.514+0000] {processor.py:175} INFO - Processing /usr/local/python/3.10.4/lib/python3.10/site-packages/airflow/example_dags/example_task_group_decorator.py took 0.216 seconds
[2023-05-07T22:33:11.540+0000] {processor.py:153} INFO - Started process (PID=14607) to work on /usr/local/python/3.10.4/lib/python3.10/site-packages/airflow/example_dags/example_task_group_decorator.py
[2023-05-07T22:33:11.543+0000] {processor.py:743} INFO - Processing file /usr/local/python/3.10.4/lib/python3.10/site-packages/airflow/example_dags/example_task_group_decorator.py for tasks to queue
[2023-05-07T22:33:11.545+0000] {logging_mixin.py:137} INFO - [2023-05-07T22:33:11.545+0000] {dagbag.py:538} INFO - Filling up the DagBag from /usr/local/python/3.10.4/lib/python3.10/site-packages/airflow/example_dags/example_task_group_decorator.py
[2023-05-07T22:33:11.705+0000] {processor.py:753} INFO - DAG(s) dict_keys(['example_task_group_decorator']) retrieved from /usr/local/python/3.10.4/lib/python3.10/site-packages/airflow/example_dags/example_task_group_decorator.py
[2023-05-07T22:33:11.720+0000] {logging_mixin.py:137} INFO - [2023-05-07T22:33:11.720+0000] {dag.py:2690} INFO - Sync 1 DAGs
[2023-05-07T22:33:11.736+0000] {logging_mixin.py:137} INFO - [2023-05-07T22:33:11.736+0000] {dag.py:3437} INFO - Setting next_dagrun for example_task_group_decorator to 2023-05-06T22:33:11.735971+00:00, run_after=2023-05-07T22:33:11.735971+00:00
[2023-05-07T22:33:11.779+0000] {processor.py:175} INFO - Processing /usr/local/python/3.10.4/lib/python3.10/site-packages/airflow/example_dags/example_task_group_decorator.py took 0.244 seconds
[2023-05-07T22:34:01.142+0000] {processor.py:153} INFO - Started process (PID=15003) to work on /usr/local/python/3.10.4/lib/python3.10/site-packages/airflow/example_dags/example_task_group_decorator.py
[2023-05-07T22:34:01.143+0000] {processor.py:743} INFO - Processing file /usr/local/python/3.10.4/lib/python3.10/site-packages/airflow/example_dags/example_task_group_decorator.py for tasks to queue
[2023-05-07T22:34:01.144+0000] {logging_mixin.py:137} INFO - [2023-05-07T22:34:01.144+0000] {dagbag.py:538} INFO - Filling up the DagBag from /usr/local/python/3.10.4/lib/python3.10/site-packages/airflow/example_dags/example_task_group_decorator.py
[2023-05-07T22:34:01.298+0000] {processor.py:753} INFO - DAG(s) dict_keys(['example_task_group_decorator']) retrieved from /usr/local/python/3.10.4/lib/python3.10/site-packages/airflow/example_dags/example_task_group_decorator.py
[2023-05-07T22:34:01.313+0000] {logging_mixin.py:137} INFO - [2023-05-07T22:34:01.313+0000] {dag.py:2690} INFO - Sync 1 DAGs
[2023-05-07T22:34:01.331+0000] {logging_mixin.py:137} INFO - [2023-05-07T22:34:01.330+0000] {dag.py:3437} INFO - Setting next_dagrun for example_task_group_decorator to 2023-05-06T22:34:01.330624+00:00, run_after=2023-05-07T22:34:01.330624+00:00
[2023-05-07T22:34:01.378+0000] {processor.py:175} INFO - Processing /usr/local/python/3.10.4/lib/python3.10/site-packages/airflow/example_dags/example_task_group_decorator.py took 0.240 seconds
[2023-05-07T22:34:46.139+0000] {processor.py:153} INFO - Started process (PID=15327) to work on /usr/local/python/3.10.4/lib/python3.10/site-packages/airflow/example_dags/example_task_group_decorator.py
[2023-05-07T22:34:46.140+0000] {processor.py:743} INFO - Processing file /usr/local/python/3.10.4/lib/python3.10/site-packages/airflow/example_dags/example_task_group_decorator.py for tasks to queue
[2023-05-07T22:34:46.140+0000] {logging_mixin.py:137} INFO - [2023-05-07T22:34:46.140+0000] {dagbag.py:538} INFO - Filling up the DagBag from /usr/local/python/3.10.4/lib/python3.10/site-packages/airflow/example_dags/example_task_group_decorator.py
[2023-05-07T22:34:46.167+0000] {processor.py:753} INFO - DAG(s) dict_keys(['example_task_group_decorator']) retrieved from /usr/local/python/3.10.4/lib/python3.10/site-packages/airflow/example_dags/example_task_group_decorator.py
[2023-05-07T22:34:46.186+0000] {logging_mixin.py:137} INFO - [2023-05-07T22:34:46.186+0000] {dag.py:2690} INFO - Sync 1 DAGs
[2023-05-07T22:34:46.203+0000] {logging_mixin.py:137} INFO - [2023-05-07T22:34:46.203+0000] {dag.py:3437} INFO - Setting next_dagrun for example_task_group_decorator to 2023-05-06T22:34:46.203504+00:00, run_after=2023-05-07T22:34:46.203504+00:00
[2023-05-07T22:34:46.247+0000] {processor.py:175} INFO - Processing /usr/local/python/3.10.4/lib/python3.10/site-packages/airflow/example_dags/example_task_group_decorator.py took 0.111 seconds
[2023-05-07T22:35:20.521+0000] {processor.py:153} INFO - Started process (PID=15566) to work on /usr/local/python/3.10.4/lib/python3.10/site-packages/airflow/example_dags/example_task_group_decorator.py
[2023-05-07T22:35:20.522+0000] {processor.py:743} INFO - Processing file /usr/local/python/3.10.4/lib/python3.10/site-packages/airflow/example_dags/example_task_group_decorator.py for tasks to queue
[2023-05-07T22:35:20.523+0000] {logging_mixin.py:137} INFO - [2023-05-07T22:35:20.522+0000] {dagbag.py:538} INFO - Filling up the DagBag from /usr/local/python/3.10.4/lib/python3.10/site-packages/airflow/example_dags/example_task_group_decorator.py
[2023-05-07T22:35:20.550+0000] {processor.py:753} INFO - DAG(s) dict_keys(['example_task_group_decorator']) retrieved from /usr/local/python/3.10.4/lib/python3.10/site-packages/airflow/example_dags/example_task_group_decorator.py
[2023-05-07T22:35:20.568+0000] {logging_mixin.py:137} INFO - [2023-05-07T22:35:20.568+0000] {dag.py:2690} INFO - Sync 1 DAGs
[2023-05-07T22:35:20.588+0000] {logging_mixin.py:137} INFO - [2023-05-07T22:35:20.588+0000] {dag.py:3437} INFO - Setting next_dagrun for example_task_group_decorator to 2023-05-06T22:35:20.588133+00:00, run_after=2023-05-07T22:35:20.588133+00:00
[2023-05-07T22:35:20.640+0000] {processor.py:175} INFO - Processing /usr/local/python/3.10.4/lib/python3.10/site-packages/airflow/example_dags/example_task_group_decorator.py took 0.122 seconds
[2023-05-07T22:36:01.718+0000] {processor.py:153} INFO - Started process (PID=15853) to work on /usr/local/python/3.10.4/lib/python3.10/site-packages/airflow/example_dags/example_task_group_decorator.py
[2023-05-07T22:36:01.719+0000] {processor.py:743} INFO - Processing file /usr/local/python/3.10.4/lib/python3.10/site-packages/airflow/example_dags/example_task_group_decorator.py for tasks to queue
[2023-05-07T22:36:01.719+0000] {logging_mixin.py:137} INFO - [2023-05-07T22:36:01.719+0000] {dagbag.py:538} INFO - Filling up the DagBag from /usr/local/python/3.10.4/lib/python3.10/site-packages/airflow/example_dags/example_task_group_decorator.py
[2023-05-07T22:36:01.746+0000] {processor.py:753} INFO - DAG(s) dict_keys(['example_task_group_decorator']) retrieved from /usr/local/python/3.10.4/lib/python3.10/site-packages/airflow/example_dags/example_task_group_decorator.py
[2023-05-07T22:36:01.765+0000] {logging_mixin.py:137} INFO - [2023-05-07T22:36:01.765+0000] {dag.py:2690} INFO - Sync 1 DAGs
[2023-05-07T22:36:01.783+0000] {logging_mixin.py:137} INFO - [2023-05-07T22:36:01.783+0000] {dag.py:3437} INFO - Setting next_dagrun for example_task_group_decorator to 2023-05-06T22:36:01.783096+00:00, run_after=2023-05-07T22:36:01.783096+00:00
[2023-05-07T22:36:01.826+0000] {processor.py:175} INFO - Processing /usr/local/python/3.10.4/lib/python3.10/site-packages/airflow/example_dags/example_task_group_decorator.py took 0.111 seconds
[2023-05-07T22:36:39.719+0000] {processor.py:153} INFO - Started process (PID=16135) to work on /usr/local/python/3.10.4/lib/python3.10/site-packages/airflow/example_dags/example_task_group_decorator.py
[2023-05-07T22:36:39.719+0000] {processor.py:743} INFO - Processing file /usr/local/python/3.10.4/lib/python3.10/site-packages/airflow/example_dags/example_task_group_decorator.py for tasks to queue
[2023-05-07T22:36:39.720+0000] {logging_mixin.py:137} INFO - [2023-05-07T22:36:39.720+0000] {dagbag.py:538} INFO - Filling up the DagBag from /usr/local/python/3.10.4/lib/python3.10/site-packages/airflow/example_dags/example_task_group_decorator.py
[2023-05-07T22:36:39.752+0000] {processor.py:753} INFO - DAG(s) dict_keys(['example_task_group_decorator']) retrieved from /usr/local/python/3.10.4/lib/python3.10/site-packages/airflow/example_dags/example_task_group_decorator.py
[2023-05-07T22:36:39.770+0000] {logging_mixin.py:137} INFO - [2023-05-07T22:36:39.770+0000] {dag.py:2690} INFO - Sync 1 DAGs
[2023-05-07T22:36:39.788+0000] {logging_mixin.py:137} INFO - [2023-05-07T22:36:39.788+0000] {dag.py:3437} INFO - Setting next_dagrun for example_task_group_decorator to 2023-05-06T22:36:39.787998+00:00, run_after=2023-05-07T22:36:39.787998+00:00
[2023-05-07T22:36:39.829+0000] {processor.py:175} INFO - Processing /usr/local/python/3.10.4/lib/python3.10/site-packages/airflow/example_dags/example_task_group_decorator.py took 0.114 seconds
[2023-05-07T22:37:21.678+0000] {processor.py:153} INFO - Started process (PID=16427) to work on /usr/local/python/3.10.4/lib/python3.10/site-packages/airflow/example_dags/example_task_group_decorator.py
[2023-05-07T22:37:21.679+0000] {processor.py:743} INFO - Processing file /usr/local/python/3.10.4/lib/python3.10/site-packages/airflow/example_dags/example_task_group_decorator.py for tasks to queue
[2023-05-07T22:37:21.679+0000] {logging_mixin.py:137} INFO - [2023-05-07T22:37:21.679+0000] {dagbag.py:538} INFO - Filling up the DagBag from /usr/local/python/3.10.4/lib/python3.10/site-packages/airflow/example_dags/example_task_group_decorator.py
[2023-05-07T22:37:21.707+0000] {processor.py:753} INFO - DAG(s) dict_keys(['example_task_group_decorator']) retrieved from /usr/local/python/3.10.4/lib/python3.10/site-packages/airflow/example_dags/example_task_group_decorator.py
[2023-05-07T22:37:21.732+0000] {logging_mixin.py:137} INFO - [2023-05-07T22:37:21.732+0000] {dag.py:2690} INFO - Sync 1 DAGs
[2023-05-07T22:37:21.759+0000] {logging_mixin.py:137} INFO - [2023-05-07T22:37:21.758+0000] {dag.py:3437} INFO - Setting next_dagrun for example_task_group_decorator to 2023-05-06T22:37:21.758545+00:00, run_after=2023-05-07T22:37:21.758545+00:00
[2023-05-07T22:37:21.802+0000] {processor.py:175} INFO - Processing /usr/local/python/3.10.4/lib/python3.10/site-packages/airflow/example_dags/example_task_group_decorator.py took 0.127 seconds
[2023-05-07T22:38:04.606+0000] {processor.py:153} INFO - Started process (PID=16742) to work on /usr/local/python/3.10.4/lib/python3.10/site-packages/airflow/example_dags/example_task_group_decorator.py
[2023-05-07T22:38:04.607+0000] {processor.py:743} INFO - Processing file /usr/local/python/3.10.4/lib/python3.10/site-packages/airflow/example_dags/example_task_group_decorator.py for tasks to queue
[2023-05-07T22:38:04.609+0000] {logging_mixin.py:137} INFO - [2023-05-07T22:38:04.609+0000] {dagbag.py:538} INFO - Filling up the DagBag from /usr/local/python/3.10.4/lib/python3.10/site-packages/airflow/example_dags/example_task_group_decorator.py
[2023-05-07T22:38:04.639+0000] {processor.py:753} INFO - DAG(s) dict_keys(['example_task_group_decorator']) retrieved from /usr/local/python/3.10.4/lib/python3.10/site-packages/airflow/example_dags/example_task_group_decorator.py
[2023-05-07T22:38:04.657+0000] {logging_mixin.py:137} INFO - [2023-05-07T22:38:04.657+0000] {dag.py:2690} INFO - Sync 1 DAGs
[2023-05-07T22:38:04.673+0000] {logging_mixin.py:137} INFO - [2023-05-07T22:38:04.673+0000] {dag.py:3437} INFO - Setting next_dagrun for example_task_group_decorator to 2023-05-06T22:38:04.673613+00:00, run_after=2023-05-07T22:38:04.673613+00:00
[2023-05-07T22:38:04.721+0000] {processor.py:175} INFO - Processing /usr/local/python/3.10.4/lib/python3.10/site-packages/airflow/example_dags/example_task_group_decorator.py took 0.118 seconds
[2023-05-07T22:38:49.742+0000] {processor.py:153} INFO - Started process (PID=17075) to work on /usr/local/python/3.10.4/lib/python3.10/site-packages/airflow/example_dags/example_task_group_decorator.py
[2023-05-07T22:38:49.743+0000] {processor.py:743} INFO - Processing file /usr/local/python/3.10.4/lib/python3.10/site-packages/airflow/example_dags/example_task_group_decorator.py for tasks to queue
[2023-05-07T22:38:49.743+0000] {logging_mixin.py:137} INFO - [2023-05-07T22:38:49.743+0000] {dagbag.py:538} INFO - Filling up the DagBag from /usr/local/python/3.10.4/lib/python3.10/site-packages/airflow/example_dags/example_task_group_decorator.py
[2023-05-07T22:38:49.770+0000] {processor.py:753} INFO - DAG(s) dict_keys(['example_task_group_decorator']) retrieved from /usr/local/python/3.10.4/lib/python3.10/site-packages/airflow/example_dags/example_task_group_decorator.py
[2023-05-07T22:38:49.789+0000] {logging_mixin.py:137} INFO - [2023-05-07T22:38:49.789+0000] {dag.py:2690} INFO - Sync 1 DAGs
[2023-05-07T22:38:49.806+0000] {logging_mixin.py:137} INFO - [2023-05-07T22:38:49.806+0000] {dag.py:3437} INFO - Setting next_dagrun for example_task_group_decorator to 2023-05-06T22:38:49.806057+00:00, run_after=2023-05-07T22:38:49.806057+00:00
[2023-05-07T22:38:49.846+0000] {processor.py:175} INFO - Processing /usr/local/python/3.10.4/lib/python3.10/site-packages/airflow/example_dags/example_task_group_decorator.py took 0.107 seconds
[2023-05-07T22:39:32.689+0000] {processor.py:153} INFO - Started process (PID=17384) to work on /usr/local/python/3.10.4/lib/python3.10/site-packages/airflow/example_dags/example_task_group_decorator.py
[2023-05-07T22:39:32.690+0000] {processor.py:743} INFO - Processing file /usr/local/python/3.10.4/lib/python3.10/site-packages/airflow/example_dags/example_task_group_decorator.py for tasks to queue
[2023-05-07T22:39:32.690+0000] {logging_mixin.py:137} INFO - [2023-05-07T22:39:32.690+0000] {dagbag.py:538} INFO - Filling up the DagBag from /usr/local/python/3.10.4/lib/python3.10/site-packages/airflow/example_dags/example_task_group_decorator.py
[2023-05-07T22:39:32.717+0000] {processor.py:753} INFO - DAG(s) dict_keys(['example_task_group_decorator']) retrieved from /usr/local/python/3.10.4/lib/python3.10/site-packages/airflow/example_dags/example_task_group_decorator.py
[2023-05-07T22:39:32.736+0000] {logging_mixin.py:137} INFO - [2023-05-07T22:39:32.736+0000] {dag.py:2690} INFO - Sync 1 DAGs
[2023-05-07T22:39:32.760+0000] {logging_mixin.py:137} INFO - [2023-05-07T22:39:32.759+0000] {dag.py:3437} INFO - Setting next_dagrun for example_task_group_decorator to 2023-05-06T22:39:32.759640+00:00, run_after=2023-05-07T22:39:32.759640+00:00
[2023-05-07T22:39:32.810+0000] {processor.py:175} INFO - Processing /usr/local/python/3.10.4/lib/python3.10/site-packages/airflow/example_dags/example_task_group_decorator.py took 0.124 seconds
[2023-05-07T22:40:14.534+0000] {processor.py:153} INFO - Started process (PID=17694) to work on /usr/local/python/3.10.4/lib/python3.10/site-packages/airflow/example_dags/example_task_group_decorator.py
[2023-05-07T22:40:14.535+0000] {processor.py:743} INFO - Processing file /usr/local/python/3.10.4/lib/python3.10/site-packages/airflow/example_dags/example_task_group_decorator.py for tasks to queue
[2023-05-07T22:40:14.535+0000] {logging_mixin.py:137} INFO - [2023-05-07T22:40:14.535+0000] {dagbag.py:538} INFO - Filling up the DagBag from /usr/local/python/3.10.4/lib/python3.10/site-packages/airflow/example_dags/example_task_group_decorator.py
[2023-05-07T22:40:14.562+0000] {processor.py:753} INFO - DAG(s) dict_keys(['example_task_group_decorator']) retrieved from /usr/local/python/3.10.4/lib/python3.10/site-packages/airflow/example_dags/example_task_group_decorator.py
[2023-05-07T22:40:14.582+0000] {logging_mixin.py:137} INFO - [2023-05-07T22:40:14.581+0000] {dag.py:2690} INFO - Sync 1 DAGs
[2023-05-07T22:40:14.599+0000] {logging_mixin.py:137} INFO - [2023-05-07T22:40:14.598+0000] {dag.py:3437} INFO - Setting next_dagrun for example_task_group_decorator to 2023-05-06T22:40:14.598688+00:00, run_after=2023-05-07T22:40:14.598688+00:00
[2023-05-07T22:40:14.640+0000] {processor.py:175} INFO - Processing /usr/local/python/3.10.4/lib/python3.10/site-packages/airflow/example_dags/example_task_group_decorator.py took 0.109 seconds
[2023-05-07T22:40:57.390+0000] {processor.py:153} INFO - Started process (PID=18020) to work on /usr/local/python/3.10.4/lib/python3.10/site-packages/airflow/example_dags/example_task_group_decorator.py
[2023-05-07T22:40:57.390+0000] {processor.py:743} INFO - Processing file /usr/local/python/3.10.4/lib/python3.10/site-packages/airflow/example_dags/example_task_group_decorator.py for tasks to queue
[2023-05-07T22:40:57.391+0000] {logging_mixin.py:137} INFO - [2023-05-07T22:40:57.391+0000] {dagbag.py:538} INFO - Filling up the DagBag from /usr/local/python/3.10.4/lib/python3.10/site-packages/airflow/example_dags/example_task_group_decorator.py
[2023-05-07T22:40:57.418+0000] {processor.py:753} INFO - DAG(s) dict_keys(['example_task_group_decorator']) retrieved from /usr/local/python/3.10.4/lib/python3.10/site-packages/airflow/example_dags/example_task_group_decorator.py
[2023-05-07T22:40:57.437+0000] {logging_mixin.py:137} INFO - [2023-05-07T22:40:57.437+0000] {dag.py:2690} INFO - Sync 1 DAGs
[2023-05-07T22:40:57.453+0000] {logging_mixin.py:137} INFO - [2023-05-07T22:40:57.453+0000] {dag.py:3437} INFO - Setting next_dagrun for example_task_group_decorator to 2023-05-06T22:40:57.453307+00:00, run_after=2023-05-07T22:40:57.453307+00:00
[2023-05-07T22:40:57.494+0000] {processor.py:175} INFO - Processing /usr/local/python/3.10.4/lib/python3.10/site-packages/airflow/example_dags/example_task_group_decorator.py took 0.108 seconds
[2023-05-07T22:41:35.315+0000] {processor.py:153} INFO - Started process (PID=18301) to work on /usr/local/python/3.10.4/lib/python3.10/site-packages/airflow/example_dags/example_task_group_decorator.py
[2023-05-07T22:41:35.316+0000] {processor.py:743} INFO - Processing file /usr/local/python/3.10.4/lib/python3.10/site-packages/airflow/example_dags/example_task_group_decorator.py for tasks to queue
[2023-05-07T22:41:35.317+0000] {logging_mixin.py:137} INFO - [2023-05-07T22:41:35.317+0000] {dagbag.py:538} INFO - Filling up the DagBag from /usr/local/python/3.10.4/lib/python3.10/site-packages/airflow/example_dags/example_task_group_decorator.py
[2023-05-07T22:41:35.353+0000] {processor.py:753} INFO - DAG(s) dict_keys(['example_task_group_decorator']) retrieved from /usr/local/python/3.10.4/lib/python3.10/site-packages/airflow/example_dags/example_task_group_decorator.py
[2023-05-07T22:41:35.371+0000] {logging_mixin.py:137} INFO - [2023-05-07T22:41:35.371+0000] {dag.py:2690} INFO - Sync 1 DAGs
[2023-05-07T22:41:35.389+0000] {logging_mixin.py:137} INFO - [2023-05-07T22:41:35.389+0000] {dag.py:3437} INFO - Setting next_dagrun for example_task_group_decorator to 2023-05-06T22:41:35.388847+00:00, run_after=2023-05-07T22:41:35.388847+00:00
[2023-05-07T22:41:35.429+0000] {processor.py:175} INFO - Processing /usr/local/python/3.10.4/lib/python3.10/site-packages/airflow/example_dags/example_task_group_decorator.py took 0.118 seconds
[2023-05-07T22:42:16.134+0000] {processor.py:153} INFO - Started process (PID=18644) to work on /usr/local/python/3.10.4/lib/python3.10/site-packages/airflow/example_dags/example_task_group_decorator.py
[2023-05-07T22:42:16.135+0000] {processor.py:743} INFO - Processing file /usr/local/python/3.10.4/lib/python3.10/site-packages/airflow/example_dags/example_task_group_decorator.py for tasks to queue
[2023-05-07T22:42:16.136+0000] {logging_mixin.py:137} INFO - [2023-05-07T22:42:16.135+0000] {dagbag.py:538} INFO - Filling up the DagBag from /usr/local/python/3.10.4/lib/python3.10/site-packages/airflow/example_dags/example_task_group_decorator.py
[2023-05-07T22:42:16.164+0000] {processor.py:753} INFO - DAG(s) dict_keys(['example_task_group_decorator']) retrieved from /usr/local/python/3.10.4/lib/python3.10/site-packages/airflow/example_dags/example_task_group_decorator.py
[2023-05-07T22:42:16.182+0000] {logging_mixin.py:137} INFO - [2023-05-07T22:42:16.182+0000] {dag.py:2690} INFO - Sync 1 DAGs
[2023-05-07T22:42:16.199+0000] {logging_mixin.py:137} INFO - [2023-05-07T22:42:16.198+0000] {dag.py:3437} INFO - Setting next_dagrun for example_task_group_decorator to 2023-05-06T22:42:16.198714+00:00, run_after=2023-05-07T22:42:16.198714+00:00
[2023-05-07T22:42:16.242+0000] {processor.py:175} INFO - Processing /usr/local/python/3.10.4/lib/python3.10/site-packages/airflow/example_dags/example_task_group_decorator.py took 0.111 seconds
[2023-05-07T22:43:00.654+0000] {processor.py:153} INFO - Started process (PID=19039) to work on /usr/local/python/3.10.4/lib/python3.10/site-packages/airflow/example_dags/example_task_group_decorator.py
[2023-05-07T22:43:00.655+0000] {processor.py:743} INFO - Processing file /usr/local/python/3.10.4/lib/python3.10/site-packages/airflow/example_dags/example_task_group_decorator.py for tasks to queue
[2023-05-07T22:43:00.655+0000] {logging_mixin.py:137} INFO - [2023-05-07T22:43:00.655+0000] {dagbag.py:538} INFO - Filling up the DagBag from /usr/local/python/3.10.4/lib/python3.10/site-packages/airflow/example_dags/example_task_group_decorator.py
[2023-05-07T22:43:00.681+0000] {processor.py:753} INFO - DAG(s) dict_keys(['example_task_group_decorator']) retrieved from /usr/local/python/3.10.4/lib/python3.10/site-packages/airflow/example_dags/example_task_group_decorator.py
[2023-05-07T22:43:00.700+0000] {logging_mixin.py:137} INFO - [2023-05-07T22:43:00.700+0000] {dag.py:2690} INFO - Sync 1 DAGs
[2023-05-07T22:43:00.717+0000] {logging_mixin.py:137} INFO - [2023-05-07T22:43:00.717+0000] {dag.py:3437} INFO - Setting next_dagrun for example_task_group_decorator to 2023-05-06T22:43:00.717346+00:00, run_after=2023-05-07T22:43:00.717346+00:00
[2023-05-07T22:43:00.761+0000] {processor.py:175} INFO - Processing /usr/local/python/3.10.4/lib/python3.10/site-packages/airflow/example_dags/example_task_group_decorator.py took 0.110 seconds
[2023-05-07T22:43:43.785+0000] {processor.py:153} INFO - Started process (PID=19524) to work on /usr/local/python/3.10.4/lib/python3.10/site-packages/airflow/example_dags/example_task_group_decorator.py
[2023-05-07T22:43:43.786+0000] {processor.py:743} INFO - Processing file /usr/local/python/3.10.4/lib/python3.10/site-packages/airflow/example_dags/example_task_group_decorator.py for tasks to queue
[2023-05-07T22:43:43.786+0000] {logging_mixin.py:137} INFO - [2023-05-07T22:43:43.786+0000] {dagbag.py:538} INFO - Filling up the DagBag from /usr/local/python/3.10.4/lib/python3.10/site-packages/airflow/example_dags/example_task_group_decorator.py
[2023-05-07T22:43:43.813+0000] {processor.py:753} INFO - DAG(s) dict_keys(['example_task_group_decorator']) retrieved from /usr/local/python/3.10.4/lib/python3.10/site-packages/airflow/example_dags/example_task_group_decorator.py
[2023-05-07T22:43:43.831+0000] {logging_mixin.py:137} INFO - [2023-05-07T22:43:43.831+0000] {dag.py:2690} INFO - Sync 1 DAGs
[2023-05-07T22:43:43.863+0000] {logging_mixin.py:137} INFO - [2023-05-07T22:43:43.863+0000] {dag.py:3437} INFO - Setting next_dagrun for example_task_group_decorator to 2023-05-06T22:43:43.862878+00:00, run_after=2023-05-07T22:43:43.862878+00:00
[2023-05-07T22:43:43.908+0000] {processor.py:175} INFO - Processing /usr/local/python/3.10.4/lib/python3.10/site-packages/airflow/example_dags/example_task_group_decorator.py took 0.126 seconds
[2023-05-07T22:44:25.738+0000] {processor.py:153} INFO - Started process (PID=19970) to work on /usr/local/python/3.10.4/lib/python3.10/site-packages/airflow/example_dags/example_task_group_decorator.py
[2023-05-07T22:44:25.738+0000] {processor.py:743} INFO - Processing file /usr/local/python/3.10.4/lib/python3.10/site-packages/airflow/example_dags/example_task_group_decorator.py for tasks to queue
[2023-05-07T22:44:25.739+0000] {logging_mixin.py:137} INFO - [2023-05-07T22:44:25.739+0000] {dagbag.py:538} INFO - Filling up the DagBag from /usr/local/python/3.10.4/lib/python3.10/site-packages/airflow/example_dags/example_task_group_decorator.py
[2023-05-07T22:44:25.765+0000] {processor.py:753} INFO - DAG(s) dict_keys(['example_task_group_decorator']) retrieved from /usr/local/python/3.10.4/lib/python3.10/site-packages/airflow/example_dags/example_task_group_decorator.py
[2023-05-07T22:44:25.785+0000] {logging_mixin.py:137} INFO - [2023-05-07T22:44:25.785+0000] {dag.py:2690} INFO - Sync 1 DAGs
[2023-05-07T22:44:25.801+0000] {logging_mixin.py:137} INFO - [2023-05-07T22:44:25.801+0000] {dag.py:3437} INFO - Setting next_dagrun for example_task_group_decorator to 2023-05-06T22:44:25.801638+00:00, run_after=2023-05-07T22:44:25.801638+00:00
[2023-05-07T22:44:25.842+0000] {processor.py:175} INFO - Processing /usr/local/python/3.10.4/lib/python3.10/site-packages/airflow/example_dags/example_task_group_decorator.py took 0.107 seconds
[2023-05-07T22:45:06.584+0000] {processor.py:153} INFO - Started process (PID=20301) to work on /usr/local/python/3.10.4/lib/python3.10/site-packages/airflow/example_dags/example_task_group_decorator.py
[2023-05-07T22:45:06.585+0000] {processor.py:743} INFO - Processing file /usr/local/python/3.10.4/lib/python3.10/site-packages/airflow/example_dags/example_task_group_decorator.py for tasks to queue
[2023-05-07T22:45:06.585+0000] {logging_mixin.py:137} INFO - [2023-05-07T22:45:06.585+0000] {dagbag.py:538} INFO - Filling up the DagBag from /usr/local/python/3.10.4/lib/python3.10/site-packages/airflow/example_dags/example_task_group_decorator.py
[2023-05-07T22:45:06.612+0000] {processor.py:753} INFO - DAG(s) dict_keys(['example_task_group_decorator']) retrieved from /usr/local/python/3.10.4/lib/python3.10/site-packages/airflow/example_dags/example_task_group_decorator.py
[2023-05-07T22:45:06.630+0000] {logging_mixin.py:137} INFO - [2023-05-07T22:45:06.630+0000] {dag.py:2690} INFO - Sync 1 DAGs
[2023-05-07T22:45:06.646+0000] {logging_mixin.py:137} INFO - [2023-05-07T22:45:06.646+0000] {dag.py:3437} INFO - Setting next_dagrun for example_task_group_decorator to 2023-05-06T22:45:06.646365+00:00, run_after=2023-05-07T22:45:06.646365+00:00
[2023-05-07T22:45:06.690+0000] {processor.py:175} INFO - Processing /usr/local/python/3.10.4/lib/python3.10/site-packages/airflow/example_dags/example_task_group_decorator.py took 0.109 seconds
[2023-05-07T22:45:41.761+0000] {processor.py:153} INFO - Started process (PID=20672) to work on /usr/local/python/3.10.4/lib/python3.10/site-packages/airflow/example_dags/example_task_group_decorator.py
[2023-05-07T22:45:41.762+0000] {processor.py:743} INFO - Processing file /usr/local/python/3.10.4/lib/python3.10/site-packages/airflow/example_dags/example_task_group_decorator.py for tasks to queue
[2023-05-07T22:45:41.762+0000] {logging_mixin.py:137} INFO - [2023-05-07T22:45:41.762+0000] {dagbag.py:538} INFO - Filling up the DagBag from /usr/local/python/3.10.4/lib/python3.10/site-packages/airflow/example_dags/example_task_group_decorator.py
[2023-05-07T22:45:41.790+0000] {processor.py:753} INFO - DAG(s) dict_keys(['example_task_group_decorator']) retrieved from /usr/local/python/3.10.4/lib/python3.10/site-packages/airflow/example_dags/example_task_group_decorator.py
[2023-05-07T22:45:41.808+0000] {logging_mixin.py:137} INFO - [2023-05-07T22:45:41.808+0000] {dag.py:2690} INFO - Sync 1 DAGs
[2023-05-07T22:45:41.825+0000] {logging_mixin.py:137} INFO - [2023-05-07T22:45:41.825+0000] {dag.py:3437} INFO - Setting next_dagrun for example_task_group_decorator to 2023-05-06T22:45:41.824920+00:00, run_after=2023-05-07T22:45:41.824920+00:00
[2023-05-07T22:45:41.876+0000] {processor.py:175} INFO - Processing /usr/local/python/3.10.4/lib/python3.10/site-packages/airflow/example_dags/example_task_group_decorator.py took 0.118 seconds
[2023-05-07T22:46:23.413+0000] {processor.py:153} INFO - Started process (PID=21111) to work on /usr/local/python/3.10.4/lib/python3.10/site-packages/airflow/example_dags/example_task_group_decorator.py
[2023-05-07T22:46:23.414+0000] {processor.py:743} INFO - Processing file /usr/local/python/3.10.4/lib/python3.10/site-packages/airflow/example_dags/example_task_group_decorator.py for tasks to queue
[2023-05-07T22:46:23.415+0000] {logging_mixin.py:137} INFO - [2023-05-07T22:46:23.415+0000] {dagbag.py:538} INFO - Filling up the DagBag from /usr/local/python/3.10.4/lib/python3.10/site-packages/airflow/example_dags/example_task_group_decorator.py
[2023-05-07T22:46:23.443+0000] {processor.py:753} INFO - DAG(s) dict_keys(['example_task_group_decorator']) retrieved from /usr/local/python/3.10.4/lib/python3.10/site-packages/airflow/example_dags/example_task_group_decorator.py
[2023-05-07T22:46:23.461+0000] {logging_mixin.py:137} INFO - [2023-05-07T22:46:23.461+0000] {dag.py:2690} INFO - Sync 1 DAGs
[2023-05-07T22:46:23.478+0000] {logging_mixin.py:137} INFO - [2023-05-07T22:46:23.478+0000] {dag.py:3437} INFO - Setting next_dagrun for example_task_group_decorator to 2023-05-06T22:46:23.478168+00:00, run_after=2023-05-07T22:46:23.478168+00:00
[2023-05-07T22:46:23.519+0000] {processor.py:175} INFO - Processing /usr/local/python/3.10.4/lib/python3.10/site-packages/airflow/example_dags/example_task_group_decorator.py took 0.109 seconds
[2023-05-07T22:47:02.922+0000] {processor.py:153} INFO - Started process (PID=21471) to work on /usr/local/python/3.10.4/lib/python3.10/site-packages/airflow/example_dags/example_task_group_decorator.py
[2023-05-07T22:47:02.922+0000] {processor.py:743} INFO - Processing file /usr/local/python/3.10.4/lib/python3.10/site-packages/airflow/example_dags/example_task_group_decorator.py for tasks to queue
[2023-05-07T22:47:02.923+0000] {logging_mixin.py:137} INFO - [2023-05-07T22:47:02.923+0000] {dagbag.py:538} INFO - Filling up the DagBag from /usr/local/python/3.10.4/lib/python3.10/site-packages/airflow/example_dags/example_task_group_decorator.py
[2023-05-07T22:47:02.949+0000] {processor.py:753} INFO - DAG(s) dict_keys(['example_task_group_decorator']) retrieved from /usr/local/python/3.10.4/lib/python3.10/site-packages/airflow/example_dags/example_task_group_decorator.py
[2023-05-07T22:47:02.967+0000] {logging_mixin.py:137} INFO - [2023-05-07T22:47:02.967+0000] {dag.py:2690} INFO - Sync 1 DAGs
[2023-05-07T22:47:02.985+0000] {logging_mixin.py:137} INFO - [2023-05-07T22:47:02.985+0000] {dag.py:3437} INFO - Setting next_dagrun for example_task_group_decorator to 2023-05-06T22:47:02.985419+00:00, run_after=2023-05-07T22:47:02.985419+00:00
[2023-05-07T22:47:03.026+0000] {processor.py:175} INFO - Processing /usr/local/python/3.10.4/lib/python3.10/site-packages/airflow/example_dags/example_task_group_decorator.py took 0.107 seconds
[2023-05-07T22:47:43.193+0000] {processor.py:153} INFO - Started process (PID=21751) to work on /usr/local/python/3.10.4/lib/python3.10/site-packages/airflow/example_dags/example_task_group_decorator.py
[2023-05-07T22:47:43.194+0000] {processor.py:743} INFO - Processing file /usr/local/python/3.10.4/lib/python3.10/site-packages/airflow/example_dags/example_task_group_decorator.py for tasks to queue
[2023-05-07T22:47:43.194+0000] {logging_mixin.py:137} INFO - [2023-05-07T22:47:43.194+0000] {dagbag.py:538} INFO - Filling up the DagBag from /usr/local/python/3.10.4/lib/python3.10/site-packages/airflow/example_dags/example_task_group_decorator.py
[2023-05-07T22:47:43.221+0000] {processor.py:753} INFO - DAG(s) dict_keys(['example_task_group_decorator']) retrieved from /usr/local/python/3.10.4/lib/python3.10/site-packages/airflow/example_dags/example_task_group_decorator.py
[2023-05-07T22:47:43.239+0000] {logging_mixin.py:137} INFO - [2023-05-07T22:47:43.239+0000] {dag.py:2690} INFO - Sync 1 DAGs
[2023-05-07T22:47:43.258+0000] {logging_mixin.py:137} INFO - [2023-05-07T22:47:43.257+0000] {dag.py:3437} INFO - Setting next_dagrun for example_task_group_decorator to 2023-05-06T22:47:43.257741+00:00, run_after=2023-05-07T22:47:43.257741+00:00
[2023-05-07T22:47:43.299+0000] {processor.py:175} INFO - Processing /usr/local/python/3.10.4/lib/python3.10/site-packages/airflow/example_dags/example_task_group_decorator.py took 0.109 seconds
[2023-05-07T22:48:26.426+0000] {processor.py:153} INFO - Started process (PID=22144) to work on /usr/local/python/3.10.4/lib/python3.10/site-packages/airflow/example_dags/example_task_group_decorator.py
[2023-05-07T22:48:26.427+0000] {processor.py:743} INFO - Processing file /usr/local/python/3.10.4/lib/python3.10/site-packages/airflow/example_dags/example_task_group_decorator.py for tasks to queue
[2023-05-07T22:48:26.428+0000] {logging_mixin.py:137} INFO - [2023-05-07T22:48:26.428+0000] {dagbag.py:538} INFO - Filling up the DagBag from /usr/local/python/3.10.4/lib/python3.10/site-packages/airflow/example_dags/example_task_group_decorator.py
[2023-05-07T22:48:26.454+0000] {processor.py:753} INFO - DAG(s) dict_keys(['example_task_group_decorator']) retrieved from /usr/local/python/3.10.4/lib/python3.10/site-packages/airflow/example_dags/example_task_group_decorator.py
[2023-05-07T22:48:26.472+0000] {logging_mixin.py:137} INFO - [2023-05-07T22:48:26.472+0000] {dag.py:2690} INFO - Sync 1 DAGs
[2023-05-07T22:48:26.489+0000] {logging_mixin.py:137} INFO - [2023-05-07T22:48:26.489+0000] {dag.py:3437} INFO - Setting next_dagrun for example_task_group_decorator to 2023-05-06T22:48:26.489583+00:00, run_after=2023-05-07T22:48:26.489583+00:00
[2023-05-07T22:48:26.534+0000] {processor.py:175} INFO - Processing /usr/local/python/3.10.4/lib/python3.10/site-packages/airflow/example_dags/example_task_group_decorator.py took 0.111 seconds
[2023-05-07T22:49:10.645+0000] {processor.py:153} INFO - Started process (PID=22608) to work on /usr/local/python/3.10.4/lib/python3.10/site-packages/airflow/example_dags/example_task_group_decorator.py
[2023-05-07T22:49:10.646+0000] {processor.py:743} INFO - Processing file /usr/local/python/3.10.4/lib/python3.10/site-packages/airflow/example_dags/example_task_group_decorator.py for tasks to queue
[2023-05-07T22:49:10.646+0000] {logging_mixin.py:137} INFO - [2023-05-07T22:49:10.646+0000] {dagbag.py:538} INFO - Filling up the DagBag from /usr/local/python/3.10.4/lib/python3.10/site-packages/airflow/example_dags/example_task_group_decorator.py
[2023-05-07T22:49:10.673+0000] {processor.py:753} INFO - DAG(s) dict_keys(['example_task_group_decorator']) retrieved from /usr/local/python/3.10.4/lib/python3.10/site-packages/airflow/example_dags/example_task_group_decorator.py
[2023-05-07T22:49:10.692+0000] {logging_mixin.py:137} INFO - [2023-05-07T22:49:10.692+0000] {dag.py:2690} INFO - Sync 1 DAGs
[2023-05-07T22:49:10.709+0000] {logging_mixin.py:137} INFO - [2023-05-07T22:49:10.709+0000] {dag.py:3437} INFO - Setting next_dagrun for example_task_group_decorator to 2023-05-06T22:49:10.708859+00:00, run_after=2023-05-07T22:49:10.708859+00:00
[2023-05-07T22:49:10.750+0000] {processor.py:175} INFO - Processing /usr/local/python/3.10.4/lib/python3.10/site-packages/airflow/example_dags/example_task_group_decorator.py took 0.108 seconds
[2023-05-07T22:49:53.778+0000] {processor.py:153} INFO - Started process (PID=23010) to work on /usr/local/python/3.10.4/lib/python3.10/site-packages/airflow/example_dags/example_task_group_decorator.py
[2023-05-07T22:49:53.779+0000] {processor.py:743} INFO - Processing file /usr/local/python/3.10.4/lib/python3.10/site-packages/airflow/example_dags/example_task_group_decorator.py for tasks to queue
[2023-05-07T22:49:53.779+0000] {logging_mixin.py:137} INFO - [2023-05-07T22:49:53.779+0000] {dagbag.py:538} INFO - Filling up the DagBag from /usr/local/python/3.10.4/lib/python3.10/site-packages/airflow/example_dags/example_task_group_decorator.py
[2023-05-07T22:49:53.807+0000] {processor.py:753} INFO - DAG(s) dict_keys(['example_task_group_decorator']) retrieved from /usr/local/python/3.10.4/lib/python3.10/site-packages/airflow/example_dags/example_task_group_decorator.py
[2023-05-07T22:49:53.825+0000] {logging_mixin.py:137} INFO - [2023-05-07T22:49:53.825+0000] {dag.py:2690} INFO - Sync 1 DAGs
[2023-05-07T22:49:53.842+0000] {logging_mixin.py:137} INFO - [2023-05-07T22:49:53.842+0000] {dag.py:3437} INFO - Setting next_dagrun for example_task_group_decorator to 2023-05-06T22:49:53.841914+00:00, run_after=2023-05-07T22:49:53.841914+00:00
[2023-05-07T22:49:53.883+0000] {processor.py:175} INFO - Processing /usr/local/python/3.10.4/lib/python3.10/site-packages/airflow/example_dags/example_task_group_decorator.py took 0.107 seconds
[2023-05-07T22:50:35.721+0000] {processor.py:153} INFO - Started process (PID=23325) to work on /usr/local/python/3.10.4/lib/python3.10/site-packages/airflow/example_dags/example_task_group_decorator.py
[2023-05-07T22:50:35.722+0000] {processor.py:743} INFO - Processing file /usr/local/python/3.10.4/lib/python3.10/site-packages/airflow/example_dags/example_task_group_decorator.py for tasks to queue
[2023-05-07T22:50:35.722+0000] {logging_mixin.py:137} INFO - [2023-05-07T22:50:35.722+0000] {dagbag.py:538} INFO - Filling up the DagBag from /usr/local/python/3.10.4/lib/python3.10/site-packages/airflow/example_dags/example_task_group_decorator.py
[2023-05-07T22:50:35.749+0000] {processor.py:753} INFO - DAG(s) dict_keys(['example_task_group_decorator']) retrieved from /usr/local/python/3.10.4/lib/python3.10/site-packages/airflow/example_dags/example_task_group_decorator.py
[2023-05-07T22:50:35.767+0000] {logging_mixin.py:137} INFO - [2023-05-07T22:50:35.767+0000] {dag.py:2690} INFO - Sync 1 DAGs
[2023-05-07T22:50:35.784+0000] {logging_mixin.py:137} INFO - [2023-05-07T22:50:35.784+0000] {dag.py:3437} INFO - Setting next_dagrun for example_task_group_decorator to 2023-05-06T22:50:35.783967+00:00, run_after=2023-05-07T22:50:35.783967+00:00
[2023-05-07T22:50:35.825+0000] {processor.py:175} INFO - Processing /usr/local/python/3.10.4/lib/python3.10/site-packages/airflow/example_dags/example_task_group_decorator.py took 0.107 seconds
[2023-05-07T22:51:11.263+0000] {processor.py:153} INFO - Started process (PID=23646) to work on /usr/local/python/3.10.4/lib/python3.10/site-packages/airflow/example_dags/example_task_group_decorator.py
[2023-05-07T22:51:11.264+0000] {processor.py:743} INFO - Processing file /usr/local/python/3.10.4/lib/python3.10/site-packages/airflow/example_dags/example_task_group_decorator.py for tasks to queue
[2023-05-07T22:51:11.265+0000] {logging_mixin.py:137} INFO - [2023-05-07T22:51:11.265+0000] {dagbag.py:538} INFO - Filling up the DagBag from /usr/local/python/3.10.4/lib/python3.10/site-packages/airflow/example_dags/example_task_group_decorator.py
[2023-05-07T22:51:11.291+0000] {processor.py:753} INFO - DAG(s) dict_keys(['example_task_group_decorator']) retrieved from /usr/local/python/3.10.4/lib/python3.10/site-packages/airflow/example_dags/example_task_group_decorator.py
[2023-05-07T22:51:11.309+0000] {logging_mixin.py:137} INFO - [2023-05-07T22:51:11.309+0000] {dag.py:2690} INFO - Sync 1 DAGs
[2023-05-07T22:51:11.326+0000] {logging_mixin.py:137} INFO - [2023-05-07T22:51:11.326+0000] {dag.py:3437} INFO - Setting next_dagrun for example_task_group_decorator to 2023-05-06T22:51:11.326072+00:00, run_after=2023-05-07T22:51:11.326072+00:00
[2023-05-07T22:51:11.368+0000] {processor.py:175} INFO - Processing /usr/local/python/3.10.4/lib/python3.10/site-packages/airflow/example_dags/example_task_group_decorator.py took 0.108 seconds
[2023-05-07T22:51:52.132+0000] {processor.py:153} INFO - Started process (PID=23920) to work on /usr/local/python/3.10.4/lib/python3.10/site-packages/airflow/example_dags/example_task_group_decorator.py
[2023-05-07T22:51:52.132+0000] {processor.py:743} INFO - Processing file /usr/local/python/3.10.4/lib/python3.10/site-packages/airflow/example_dags/example_task_group_decorator.py for tasks to queue
[2023-05-07T22:51:52.133+0000] {logging_mixin.py:137} INFO - [2023-05-07T22:51:52.133+0000] {dagbag.py:538} INFO - Filling up the DagBag from /usr/local/python/3.10.4/lib/python3.10/site-packages/airflow/example_dags/example_task_group_decorator.py
[2023-05-07T22:51:52.159+0000] {processor.py:753} INFO - DAG(s) dict_keys(['example_task_group_decorator']) retrieved from /usr/local/python/3.10.4/lib/python3.10/site-packages/airflow/example_dags/example_task_group_decorator.py
[2023-05-07T22:51:52.178+0000] {logging_mixin.py:137} INFO - [2023-05-07T22:51:52.177+0000] {dag.py:2690} INFO - Sync 1 DAGs
[2023-05-07T22:51:52.195+0000] {logging_mixin.py:137} INFO - [2023-05-07T22:51:52.195+0000] {dag.py:3437} INFO - Setting next_dagrun for example_task_group_decorator to 2023-05-06T22:51:52.195276+00:00, run_after=2023-05-07T22:51:52.195276+00:00
[2023-05-07T22:51:52.234+0000] {processor.py:175} INFO - Processing /usr/local/python/3.10.4/lib/python3.10/site-packages/airflow/example_dags/example_task_group_decorator.py took 0.105 seconds
[2023-05-07T22:52:35.675+0000] {processor.py:153} INFO - Started process (PID=24068) to work on /usr/local/python/3.10.4/lib/python3.10/site-packages/airflow/example_dags/example_task_group_decorator.py
[2023-05-07T22:52:35.676+0000] {processor.py:743} INFO - Processing file /usr/local/python/3.10.4/lib/python3.10/site-packages/airflow/example_dags/example_task_group_decorator.py for tasks to queue
[2023-05-07T22:52:35.676+0000] {logging_mixin.py:137} INFO - [2023-05-07T22:52:35.676+0000] {dagbag.py:538} INFO - Filling up the DagBag from /usr/local/python/3.10.4/lib/python3.10/site-packages/airflow/example_dags/example_task_group_decorator.py
[2023-05-07T22:52:35.718+0000] {processor.py:753} INFO - DAG(s) dict_keys(['example_task_group_decorator']) retrieved from /usr/local/python/3.10.4/lib/python3.10/site-packages/airflow/example_dags/example_task_group_decorator.py
[2023-05-07T22:52:35.737+0000] {logging_mixin.py:137} INFO - [2023-05-07T22:52:35.736+0000] {dag.py:2690} INFO - Sync 1 DAGs
[2023-05-07T22:52:35.754+0000] {logging_mixin.py:137} INFO - [2023-05-07T22:52:35.754+0000] {dag.py:3437} INFO - Setting next_dagrun for example_task_group_decorator to 2023-05-06T22:52:35.754146+00:00, run_after=2023-05-07T22:52:35.754146+00:00
[2023-05-07T22:52:35.795+0000] {processor.py:175} INFO - Processing /usr/local/python/3.10.4/lib/python3.10/site-packages/airflow/example_dags/example_task_group_decorator.py took 0.123 seconds
