[2023-05-07T22:22:04.612+0000] {processor.py:153} INFO - Started process (PID=9777) to work on /usr/local/python/3.10.4/lib/python3.10/site-packages/airflow/example_dags/example_xcomargs.py
[2023-05-07T22:22:04.613+0000] {processor.py:743} INFO - Processing file /usr/local/python/3.10.4/lib/python3.10/site-packages/airflow/example_dags/example_xcomargs.py for tasks to queue
[2023-05-07T22:22:04.613+0000] {logging_mixin.py:137} INFO - [2023-05-07T22:22:04.613+0000] {dagbag.py:538} INFO - Filling up the DagBag from /usr/local/python/3.10.4/lib/python3.10/site-packages/airflow/example_dags/example_xcomargs.py
[2023-05-07T22:22:04.636+0000] {processor.py:753} INFO - DAG(s) dict_keys(['example_xcom_args_with_operators', 'example_xcom_args']) retrieved from /usr/local/python/3.10.4/lib/python3.10/site-packages/airflow/example_dags/example_xcomargs.py
[2023-05-07T22:22:04.784+0000] {logging_mixin.py:137} INFO - [2023-05-07T22:22:04.784+0000] {manager.py:504} INFO - Created Permission View: can edit on DAG:example_xcom_args_with_operators
[2023-05-07T22:22:04.816+0000] {logging_mixin.py:137} INFO - [2023-05-07T22:22:04.816+0000] {manager.py:504} INFO - Created Permission View: can delete on DAG:example_xcom_args_with_operators
[2023-05-07T22:22:04.845+0000] {logging_mixin.py:137} INFO - [2023-05-07T22:22:04.845+0000] {manager.py:504} INFO - Created Permission View: can read on DAG:example_xcom_args_with_operators
[2023-05-07T22:22:04.913+0000] {logging_mixin.py:137} INFO - [2023-05-07T22:22:04.913+0000] {manager.py:504} INFO - Created Permission View: can edit on DAG:example_xcom_args
[2023-05-07T22:22:04.943+0000] {logging_mixin.py:137} INFO - [2023-05-07T22:22:04.943+0000] {manager.py:504} INFO - Created Permission View: can delete on DAG:example_xcom_args
[2023-05-07T22:22:04.974+0000] {logging_mixin.py:137} INFO - [2023-05-07T22:22:04.974+0000] {manager.py:504} INFO - Created Permission View: can read on DAG:example_xcom_args
[2023-05-07T22:22:04.975+0000] {logging_mixin.py:137} INFO - [2023-05-07T22:22:04.975+0000] {dag.py:2690} INFO - Sync 2 DAGs
[2023-05-07T22:22:04.984+0000] {logging_mixin.py:137} INFO - [2023-05-07T22:22:04.984+0000] {dag.py:2711} INFO - Creating ORM DAG for example_xcom_args
[2023-05-07T22:22:04.985+0000] {logging_mixin.py:137} INFO - [2023-05-07T22:22:04.984+0000] {dag.py:2711} INFO - Creating ORM DAG for example_xcom_args_with_operators
[2023-05-07T22:22:04.992+0000] {logging_mixin.py:137} INFO - [2023-05-07T22:22:04.992+0000] {dag.py:3437} INFO - Setting next_dagrun for example_xcom_args to None, run_after=None
[2023-05-07T22:22:04.993+0000] {logging_mixin.py:137} INFO - [2023-05-07T22:22:04.992+0000] {dag.py:3437} INFO - Setting next_dagrun for example_xcom_args_with_operators to None, run_after=None
[2023-05-07T22:22:05.043+0000] {processor.py:175} INFO - Processing /usr/local/python/3.10.4/lib/python3.10/site-packages/airflow/example_dags/example_xcomargs.py took 0.434 seconds
[2023-05-07T22:22:51.352+0000] {processor.py:153} INFO - Started process (PID=10121) to work on /usr/local/python/3.10.4/lib/python3.10/site-packages/airflow/example_dags/example_xcomargs.py
[2023-05-07T22:22:51.352+0000] {processor.py:743} INFO - Processing file /usr/local/python/3.10.4/lib/python3.10/site-packages/airflow/example_dags/example_xcomargs.py for tasks to queue
[2023-05-07T22:22:51.353+0000] {logging_mixin.py:137} INFO - [2023-05-07T22:22:51.353+0000] {dagbag.py:538} INFO - Filling up the DagBag from /usr/local/python/3.10.4/lib/python3.10/site-packages/airflow/example_dags/example_xcomargs.py
[2023-05-07T22:22:51.377+0000] {processor.py:753} INFO - DAG(s) dict_keys(['example_xcom_args_with_operators', 'example_xcom_args']) retrieved from /usr/local/python/3.10.4/lib/python3.10/site-packages/airflow/example_dags/example_xcomargs.py
[2023-05-07T22:22:51.396+0000] {logging_mixin.py:137} INFO - [2023-05-07T22:22:51.396+0000] {dag.py:2690} INFO - Sync 2 DAGs
[2023-05-07T22:22:51.413+0000] {logging_mixin.py:137} INFO - [2023-05-07T22:22:51.413+0000] {dag.py:3437} INFO - Setting next_dagrun for example_xcom_args to None, run_after=None
[2023-05-07T22:22:51.416+0000] {logging_mixin.py:137} INFO - [2023-05-07T22:22:51.415+0000] {dag.py:3437} INFO - Setting next_dagrun for example_xcom_args_with_operators to None, run_after=None
[2023-05-07T22:22:51.454+0000] {processor.py:175} INFO - Processing /usr/local/python/3.10.4/lib/python3.10/site-packages/airflow/example_dags/example_xcomargs.py took 0.105 seconds
[2023-05-07T22:23:29.730+0000] {processor.py:153} INFO - Started process (PID=10448) to work on /usr/local/python/3.10.4/lib/python3.10/site-packages/airflow/example_dags/example_xcomargs.py
[2023-05-07T22:23:29.731+0000] {processor.py:743} INFO - Processing file /usr/local/python/3.10.4/lib/python3.10/site-packages/airflow/example_dags/example_xcomargs.py for tasks to queue
[2023-05-07T22:23:29.732+0000] {logging_mixin.py:137} INFO - [2023-05-07T22:23:29.731+0000] {dagbag.py:538} INFO - Filling up the DagBag from /usr/local/python/3.10.4/lib/python3.10/site-packages/airflow/example_dags/example_xcomargs.py
[2023-05-07T22:23:29.757+0000] {processor.py:753} INFO - DAG(s) dict_keys(['example_xcom_args_with_operators', 'example_xcom_args']) retrieved from /usr/local/python/3.10.4/lib/python3.10/site-packages/airflow/example_dags/example_xcomargs.py
[2023-05-07T22:23:29.776+0000] {logging_mixin.py:137} INFO - [2023-05-07T22:23:29.776+0000] {dag.py:2690} INFO - Sync 2 DAGs
[2023-05-07T22:23:29.793+0000] {logging_mixin.py:137} INFO - [2023-05-07T22:23:29.793+0000] {dag.py:3437} INFO - Setting next_dagrun for example_xcom_args to None, run_after=None
[2023-05-07T22:23:29.796+0000] {logging_mixin.py:137} INFO - [2023-05-07T22:23:29.796+0000] {dag.py:3437} INFO - Setting next_dagrun for example_xcom_args_with_operators to None, run_after=None
[2023-05-07T22:23:29.835+0000] {processor.py:175} INFO - Processing /usr/local/python/3.10.4/lib/python3.10/site-packages/airflow/example_dags/example_xcomargs.py took 0.108 seconds
[2023-05-07T22:24:10.320+0000] {processor.py:153} INFO - Started process (PID=10789) to work on /usr/local/python/3.10.4/lib/python3.10/site-packages/airflow/example_dags/example_xcomargs.py
[2023-05-07T22:24:10.321+0000] {processor.py:743} INFO - Processing file /usr/local/python/3.10.4/lib/python3.10/site-packages/airflow/example_dags/example_xcomargs.py for tasks to queue
[2023-05-07T22:24:10.322+0000] {logging_mixin.py:137} INFO - [2023-05-07T22:24:10.322+0000] {dagbag.py:538} INFO - Filling up the DagBag from /usr/local/python/3.10.4/lib/python3.10/site-packages/airflow/example_dags/example_xcomargs.py
[2023-05-07T22:24:10.346+0000] {processor.py:753} INFO - DAG(s) dict_keys(['example_xcom_args', 'example_xcom_args_with_operators']) retrieved from /usr/local/python/3.10.4/lib/python3.10/site-packages/airflow/example_dags/example_xcomargs.py
[2023-05-07T22:24:10.365+0000] {logging_mixin.py:137} INFO - [2023-05-07T22:24:10.365+0000] {dag.py:2690} INFO - Sync 2 DAGs
[2023-05-07T22:24:10.382+0000] {logging_mixin.py:137} INFO - [2023-05-07T22:24:10.382+0000] {dag.py:3437} INFO - Setting next_dagrun for example_xcom_args to None, run_after=None
[2023-05-07T22:24:10.385+0000] {logging_mixin.py:137} INFO - [2023-05-07T22:24:10.384+0000] {dag.py:3437} INFO - Setting next_dagrun for example_xcom_args_with_operators to None, run_after=None
[2023-05-07T22:24:10.425+0000] {processor.py:175} INFO - Processing /usr/local/python/3.10.4/lib/python3.10/site-packages/airflow/example_dags/example_xcomargs.py took 0.108 seconds
[2023-05-07T22:24:50.097+0000] {processor.py:153} INFO - Started process (PID=11124) to work on /usr/local/python/3.10.4/lib/python3.10/site-packages/airflow/example_dags/example_xcomargs.py
[2023-05-07T22:24:50.100+0000] {processor.py:743} INFO - Processing file /usr/local/python/3.10.4/lib/python3.10/site-packages/airflow/example_dags/example_xcomargs.py for tasks to queue
[2023-05-07T22:24:50.103+0000] {logging_mixin.py:137} INFO - [2023-05-07T22:24:50.103+0000] {dagbag.py:538} INFO - Filling up the DagBag from /usr/local/python/3.10.4/lib/python3.10/site-packages/airflow/example_dags/example_xcomargs.py
[2023-05-07T22:24:50.138+0000] {processor.py:753} INFO - DAG(s) dict_keys(['example_xcom_args', 'example_xcom_args_with_operators']) retrieved from /usr/local/python/3.10.4/lib/python3.10/site-packages/airflow/example_dags/example_xcomargs.py
[2023-05-07T22:24:50.171+0000] {logging_mixin.py:137} INFO - [2023-05-07T22:24:50.171+0000] {dag.py:2690} INFO - Sync 2 DAGs
[2023-05-07T22:24:50.242+0000] {logging_mixin.py:137} INFO - [2023-05-07T22:24:50.242+0000] {dag.py:3437} INFO - Setting next_dagrun for example_xcom_args to None, run_after=None
[2023-05-07T22:24:50.246+0000] {logging_mixin.py:137} INFO - [2023-05-07T22:24:50.246+0000] {dag.py:3437} INFO - Setting next_dagrun for example_xcom_args_with_operators to None, run_after=None
[2023-05-07T22:24:50.329+0000] {processor.py:175} INFO - Processing /usr/local/python/3.10.4/lib/python3.10/site-packages/airflow/example_dags/example_xcomargs.py took 0.242 seconds
[2023-05-07T22:25:30.584+0000] {processor.py:153} INFO - Started process (PID=11401) to work on /usr/local/python/3.10.4/lib/python3.10/site-packages/airflow/example_dags/example_xcomargs.py
[2023-05-07T22:25:30.585+0000] {processor.py:743} INFO - Processing file /usr/local/python/3.10.4/lib/python3.10/site-packages/airflow/example_dags/example_xcomargs.py for tasks to queue
[2023-05-07T22:25:30.585+0000] {logging_mixin.py:137} INFO - [2023-05-07T22:25:30.585+0000] {dagbag.py:538} INFO - Filling up the DagBag from /usr/local/python/3.10.4/lib/python3.10/site-packages/airflow/example_dags/example_xcomargs.py
[2023-05-07T22:25:30.608+0000] {processor.py:753} INFO - DAG(s) dict_keys(['example_xcom_args_with_operators', 'example_xcom_args']) retrieved from /usr/local/python/3.10.4/lib/python3.10/site-packages/airflow/example_dags/example_xcomargs.py
[2023-05-07T22:25:30.627+0000] {logging_mixin.py:137} INFO - [2023-05-07T22:25:30.626+0000] {dag.py:2690} INFO - Sync 2 DAGs
[2023-05-07T22:25:30.644+0000] {logging_mixin.py:137} INFO - [2023-05-07T22:25:30.644+0000] {dag.py:3437} INFO - Setting next_dagrun for example_xcom_args to None, run_after=None
[2023-05-07T22:25:30.647+0000] {logging_mixin.py:137} INFO - [2023-05-07T22:25:30.647+0000] {dag.py:3437} INFO - Setting next_dagrun for example_xcom_args_with_operators to None, run_after=None
[2023-05-07T22:25:30.698+0000] {processor.py:175} INFO - Processing /usr/local/python/3.10.4/lib/python3.10/site-packages/airflow/example_dags/example_xcomargs.py took 0.117 seconds
[2023-05-07T22:26:03.144+0000] {processor.py:153} INFO - Started process (PID=11655) to work on /usr/local/python/3.10.4/lib/python3.10/site-packages/airflow/example_dags/example_xcomargs.py
[2023-05-07T22:26:03.144+0000] {processor.py:743} INFO - Processing file /usr/local/python/3.10.4/lib/python3.10/site-packages/airflow/example_dags/example_xcomargs.py for tasks to queue
[2023-05-07T22:26:03.145+0000] {logging_mixin.py:137} INFO - [2023-05-07T22:26:03.145+0000] {dagbag.py:538} INFO - Filling up the DagBag from /usr/local/python/3.10.4/lib/python3.10/site-packages/airflow/example_dags/example_xcomargs.py
[2023-05-07T22:26:03.168+0000] {processor.py:753} INFO - DAG(s) dict_keys(['example_xcom_args', 'example_xcom_args_with_operators']) retrieved from /usr/local/python/3.10.4/lib/python3.10/site-packages/airflow/example_dags/example_xcomargs.py
[2023-05-07T22:26:03.188+0000] {logging_mixin.py:137} INFO - [2023-05-07T22:26:03.188+0000] {dag.py:2690} INFO - Sync 2 DAGs
[2023-05-07T22:26:03.205+0000] {logging_mixin.py:137} INFO - [2023-05-07T22:26:03.205+0000] {dag.py:3437} INFO - Setting next_dagrun for example_xcom_args to None, run_after=None
[2023-05-07T22:26:03.208+0000] {logging_mixin.py:137} INFO - [2023-05-07T22:26:03.208+0000] {dag.py:3437} INFO - Setting next_dagrun for example_xcom_args_with_operators to None, run_after=None
[2023-05-07T22:26:03.246+0000] {processor.py:175} INFO - Processing /usr/local/python/3.10.4/lib/python3.10/site-packages/airflow/example_dags/example_xcomargs.py took 0.105 seconds
[2023-05-07T22:26:34.992+0000] {processor.py:153} INFO - Started process (PID=11879) to work on /usr/local/python/3.10.4/lib/python3.10/site-packages/airflow/example_dags/example_xcomargs.py
[2023-05-07T22:26:34.993+0000] {processor.py:743} INFO - Processing file /usr/local/python/3.10.4/lib/python3.10/site-packages/airflow/example_dags/example_xcomargs.py for tasks to queue
[2023-05-07T22:26:34.994+0000] {logging_mixin.py:137} INFO - [2023-05-07T22:26:34.993+0000] {dagbag.py:538} INFO - Filling up the DagBag from /usr/local/python/3.10.4/lib/python3.10/site-packages/airflow/example_dags/example_xcomargs.py
[2023-05-07T22:26:35.016+0000] {processor.py:753} INFO - DAG(s) dict_keys(['example_xcom_args_with_operators', 'example_xcom_args']) retrieved from /usr/local/python/3.10.4/lib/python3.10/site-packages/airflow/example_dags/example_xcomargs.py
[2023-05-07T22:26:35.035+0000] {logging_mixin.py:137} INFO - [2023-05-07T22:26:35.035+0000] {dag.py:2690} INFO - Sync 2 DAGs
[2023-05-07T22:26:35.051+0000] {logging_mixin.py:137} INFO - [2023-05-07T22:26:35.051+0000] {dag.py:3437} INFO - Setting next_dagrun for example_xcom_args to None, run_after=None
[2023-05-07T22:26:35.054+0000] {logging_mixin.py:137} INFO - [2023-05-07T22:26:35.054+0000] {dag.py:3437} INFO - Setting next_dagrun for example_xcom_args_with_operators to None, run_after=None
[2023-05-07T22:26:35.093+0000] {processor.py:175} INFO - Processing /usr/local/python/3.10.4/lib/python3.10/site-packages/airflow/example_dags/example_xcomargs.py took 0.103 seconds
[2023-05-07T22:27:16.482+0000] {processor.py:153} INFO - Started process (PID=12155) to work on /usr/local/python/3.10.4/lib/python3.10/site-packages/airflow/example_dags/example_xcomargs.py
[2023-05-07T22:27:16.483+0000] {processor.py:743} INFO - Processing file /usr/local/python/3.10.4/lib/python3.10/site-packages/airflow/example_dags/example_xcomargs.py for tasks to queue
[2023-05-07T22:27:16.484+0000] {logging_mixin.py:137} INFO - [2023-05-07T22:27:16.483+0000] {dagbag.py:538} INFO - Filling up the DagBag from /usr/local/python/3.10.4/lib/python3.10/site-packages/airflow/example_dags/example_xcomargs.py
[2023-05-07T22:27:16.537+0000] {processor.py:753} INFO - DAG(s) dict_keys(['example_xcom_args_with_operators', 'example_xcom_args']) retrieved from /usr/local/python/3.10.4/lib/python3.10/site-packages/airflow/example_dags/example_xcomargs.py
[2023-05-07T22:27:16.570+0000] {logging_mixin.py:137} INFO - [2023-05-07T22:27:16.569+0000] {dag.py:2690} INFO - Sync 2 DAGs
[2023-05-07T22:27:16.594+0000] {logging_mixin.py:137} INFO - [2023-05-07T22:27:16.594+0000] {dag.py:3437} INFO - Setting next_dagrun for example_xcom_args to None, run_after=None
[2023-05-07T22:27:16.596+0000] {logging_mixin.py:137} INFO - [2023-05-07T22:27:16.596+0000] {dag.py:3437} INFO - Setting next_dagrun for example_xcom_args_with_operators to None, run_after=None
[2023-05-07T22:27:16.643+0000] {processor.py:175} INFO - Processing /usr/local/python/3.10.4/lib/python3.10/site-packages/airflow/example_dags/example_xcomargs.py took 0.164 seconds
[2023-05-07T22:27:48.661+0000] {processor.py:153} INFO - Started process (PID=12378) to work on /usr/local/python/3.10.4/lib/python3.10/site-packages/airflow/example_dags/example_xcomargs.py
[2023-05-07T22:27:48.661+0000] {processor.py:743} INFO - Processing file /usr/local/python/3.10.4/lib/python3.10/site-packages/airflow/example_dags/example_xcomargs.py for tasks to queue
[2023-05-07T22:27:48.662+0000] {logging_mixin.py:137} INFO - [2023-05-07T22:27:48.662+0000] {dagbag.py:538} INFO - Filling up the DagBag from /usr/local/python/3.10.4/lib/python3.10/site-packages/airflow/example_dags/example_xcomargs.py
[2023-05-07T22:27:48.685+0000] {processor.py:753} INFO - DAG(s) dict_keys(['example_xcom_args_with_operators', 'example_xcom_args']) retrieved from /usr/local/python/3.10.4/lib/python3.10/site-packages/airflow/example_dags/example_xcomargs.py
[2023-05-07T22:27:48.704+0000] {logging_mixin.py:137} INFO - [2023-05-07T22:27:48.704+0000] {dag.py:2690} INFO - Sync 2 DAGs
[2023-05-07T22:27:48.720+0000] {logging_mixin.py:137} INFO - [2023-05-07T22:27:48.720+0000] {dag.py:3437} INFO - Setting next_dagrun for example_xcom_args to None, run_after=None
[2023-05-07T22:27:48.723+0000] {logging_mixin.py:137} INFO - [2023-05-07T22:27:48.723+0000] {dag.py:3437} INFO - Setting next_dagrun for example_xcom_args_with_operators to None, run_after=None
[2023-05-07T22:27:48.764+0000] {processor.py:175} INFO - Processing /usr/local/python/3.10.4/lib/python3.10/site-packages/airflow/example_dags/example_xcomargs.py took 0.106 seconds
[2023-05-07T22:28:21.524+0000] {processor.py:153} INFO - Started process (PID=12609) to work on /usr/local/python/3.10.4/lib/python3.10/site-packages/airflow/example_dags/example_xcomargs.py
[2023-05-07T22:28:21.525+0000] {processor.py:743} INFO - Processing file /usr/local/python/3.10.4/lib/python3.10/site-packages/airflow/example_dags/example_xcomargs.py for tasks to queue
[2023-05-07T22:28:21.526+0000] {logging_mixin.py:137} INFO - [2023-05-07T22:28:21.526+0000] {dagbag.py:538} INFO - Filling up the DagBag from /usr/local/python/3.10.4/lib/python3.10/site-packages/airflow/example_dags/example_xcomargs.py
[2023-05-07T22:28:21.550+0000] {processor.py:753} INFO - DAG(s) dict_keys(['example_xcom_args', 'example_xcom_args_with_operators']) retrieved from /usr/local/python/3.10.4/lib/python3.10/site-packages/airflow/example_dags/example_xcomargs.py
[2023-05-07T22:28:21.569+0000] {logging_mixin.py:137} INFO - [2023-05-07T22:28:21.569+0000] {dag.py:2690} INFO - Sync 2 DAGs
[2023-05-07T22:28:21.588+0000] {logging_mixin.py:137} INFO - [2023-05-07T22:28:21.587+0000] {dag.py:3437} INFO - Setting next_dagrun for example_xcom_args to None, run_after=None
[2023-05-07T22:28:21.591+0000] {logging_mixin.py:137} INFO - [2023-05-07T22:28:21.591+0000] {dag.py:3437} INFO - Setting next_dagrun for example_xcom_args_with_operators to None, run_after=None
[2023-05-07T22:28:21.631+0000] {processor.py:175} INFO - Processing /usr/local/python/3.10.4/lib/python3.10/site-packages/airflow/example_dags/example_xcomargs.py took 0.110 seconds
[2023-05-07T22:28:53.127+0000] {processor.py:153} INFO - Started process (PID=12823) to work on /usr/local/python/3.10.4/lib/python3.10/site-packages/airflow/example_dags/example_xcomargs.py
[2023-05-07T22:28:53.128+0000] {processor.py:743} INFO - Processing file /usr/local/python/3.10.4/lib/python3.10/site-packages/airflow/example_dags/example_xcomargs.py for tasks to queue
[2023-05-07T22:28:53.128+0000] {logging_mixin.py:137} INFO - [2023-05-07T22:28:53.128+0000] {dagbag.py:538} INFO - Filling up the DagBag from /usr/local/python/3.10.4/lib/python3.10/site-packages/airflow/example_dags/example_xcomargs.py
[2023-05-07T22:28:53.152+0000] {processor.py:753} INFO - DAG(s) dict_keys(['example_xcom_args', 'example_xcom_args_with_operators']) retrieved from /usr/local/python/3.10.4/lib/python3.10/site-packages/airflow/example_dags/example_xcomargs.py
[2023-05-07T22:28:53.171+0000] {logging_mixin.py:137} INFO - [2023-05-07T22:28:53.171+0000] {dag.py:2690} INFO - Sync 2 DAGs
[2023-05-07T22:28:53.188+0000] {logging_mixin.py:137} INFO - [2023-05-07T22:28:53.187+0000] {dag.py:3437} INFO - Setting next_dagrun for example_xcom_args to None, run_after=None
[2023-05-07T22:28:53.190+0000] {logging_mixin.py:137} INFO - [2023-05-07T22:28:53.190+0000] {dag.py:3437} INFO - Setting next_dagrun for example_xcom_args_with_operators to None, run_after=None
[2023-05-07T22:28:53.342+0000] {processor.py:175} INFO - Processing /usr/local/python/3.10.4/lib/python3.10/site-packages/airflow/example_dags/example_xcomargs.py took 0.218 seconds
[2023-05-07T22:29:35.135+0000] {processor.py:153} INFO - Started process (PID=13105) to work on /usr/local/python/3.10.4/lib/python3.10/site-packages/airflow/example_dags/example_xcomargs.py
[2023-05-07T22:29:35.136+0000] {processor.py:743} INFO - Processing file /usr/local/python/3.10.4/lib/python3.10/site-packages/airflow/example_dags/example_xcomargs.py for tasks to queue
[2023-05-07T22:29:35.137+0000] {logging_mixin.py:137} INFO - [2023-05-07T22:29:35.136+0000] {dagbag.py:538} INFO - Filling up the DagBag from /usr/local/python/3.10.4/lib/python3.10/site-packages/airflow/example_dags/example_xcomargs.py
[2023-05-07T22:29:35.177+0000] {processor.py:753} INFO - DAG(s) dict_keys(['example_xcom_args', 'example_xcom_args_with_operators']) retrieved from /usr/local/python/3.10.4/lib/python3.10/site-packages/airflow/example_dags/example_xcomargs.py
[2023-05-07T22:29:35.201+0000] {logging_mixin.py:137} INFO - [2023-05-07T22:29:35.201+0000] {dag.py:2690} INFO - Sync 2 DAGs
[2023-05-07T22:29:35.218+0000] {logging_mixin.py:137} INFO - [2023-05-07T22:29:35.218+0000] {dag.py:3437} INFO - Setting next_dagrun for example_xcom_args to None, run_after=None
[2023-05-07T22:29:35.349+0000] {logging_mixin.py:137} INFO - [2023-05-07T22:29:35.349+0000] {dag.py:3437} INFO - Setting next_dagrun for example_xcom_args_with_operators to None, run_after=None
[2023-05-07T22:29:35.391+0000] {processor.py:175} INFO - Processing /usr/local/python/3.10.4/lib/python3.10/site-packages/airflow/example_dags/example_xcomargs.py took 0.260 seconds
[2023-05-07T22:30:14.379+0000] {processor.py:153} INFO - Started process (PID=13384) to work on /usr/local/python/3.10.4/lib/python3.10/site-packages/airflow/example_dags/example_xcomargs.py
[2023-05-07T22:30:14.381+0000] {processor.py:743} INFO - Processing file /usr/local/python/3.10.4/lib/python3.10/site-packages/airflow/example_dags/example_xcomargs.py for tasks to queue
[2023-05-07T22:30:14.381+0000] {logging_mixin.py:137} INFO - [2023-05-07T22:30:14.381+0000] {dagbag.py:538} INFO - Filling up the DagBag from /usr/local/python/3.10.4/lib/python3.10/site-packages/airflow/example_dags/example_xcomargs.py
[2023-05-07T22:30:14.419+0000] {processor.py:753} INFO - DAG(s) dict_keys(['example_xcom_args_with_operators', 'example_xcom_args']) retrieved from /usr/local/python/3.10.4/lib/python3.10/site-packages/airflow/example_dags/example_xcomargs.py
[2023-05-07T22:30:14.447+0000] {logging_mixin.py:137} INFO - [2023-05-07T22:30:14.447+0000] {dag.py:2690} INFO - Sync 2 DAGs
[2023-05-07T22:30:14.599+0000] {logging_mixin.py:137} INFO - [2023-05-07T22:30:14.599+0000] {dag.py:3437} INFO - Setting next_dagrun for example_xcom_args to None, run_after=None
[2023-05-07T22:30:14.601+0000] {logging_mixin.py:137} INFO - [2023-05-07T22:30:14.601+0000] {dag.py:3437} INFO - Setting next_dagrun for example_xcom_args_with_operators to None, run_after=None
[2023-05-07T22:30:14.642+0000] {processor.py:175} INFO - Processing /usr/local/python/3.10.4/lib/python3.10/site-packages/airflow/example_dags/example_xcomargs.py took 0.265 seconds
[2023-05-07T22:31:02.397+0000] {processor.py:153} INFO - Started process (PID=13717) to work on /usr/local/python/3.10.4/lib/python3.10/site-packages/airflow/example_dags/example_xcomargs.py
[2023-05-07T22:31:02.398+0000] {processor.py:743} INFO - Processing file /usr/local/python/3.10.4/lib/python3.10/site-packages/airflow/example_dags/example_xcomargs.py for tasks to queue
[2023-05-07T22:31:02.398+0000] {logging_mixin.py:137} INFO - [2023-05-07T22:31:02.398+0000] {dagbag.py:538} INFO - Filling up the DagBag from /usr/local/python/3.10.4/lib/python3.10/site-packages/airflow/example_dags/example_xcomargs.py
[2023-05-07T22:31:02.421+0000] {processor.py:753} INFO - DAG(s) dict_keys(['example_xcom_args_with_operators', 'example_xcom_args']) retrieved from /usr/local/python/3.10.4/lib/python3.10/site-packages/airflow/example_dags/example_xcomargs.py
[2023-05-07T22:31:02.440+0000] {logging_mixin.py:137} INFO - [2023-05-07T22:31:02.440+0000] {dag.py:2690} INFO - Sync 2 DAGs
[2023-05-07T22:31:02.561+0000] {logging_mixin.py:137} INFO - [2023-05-07T22:31:02.560+0000] {dag.py:3437} INFO - Setting next_dagrun for example_xcom_args to None, run_after=None
[2023-05-07T22:31:02.563+0000] {logging_mixin.py:137} INFO - [2023-05-07T22:31:02.563+0000] {dag.py:3437} INFO - Setting next_dagrun for example_xcom_args_with_operators to None, run_after=None
[2023-05-07T22:31:02.603+0000] {processor.py:175} INFO - Processing /usr/local/python/3.10.4/lib/python3.10/site-packages/airflow/example_dags/example_xcomargs.py took 0.209 seconds
[2023-05-07T22:31:37.049+0000] {processor.py:153} INFO - Started process (PID=13943) to work on /usr/local/python/3.10.4/lib/python3.10/site-packages/airflow/example_dags/example_xcomargs.py
[2023-05-07T22:31:37.050+0000] {processor.py:743} INFO - Processing file /usr/local/python/3.10.4/lib/python3.10/site-packages/airflow/example_dags/example_xcomargs.py for tasks to queue
[2023-05-07T22:31:37.050+0000] {logging_mixin.py:137} INFO - [2023-05-07T22:31:37.050+0000] {dagbag.py:538} INFO - Filling up the DagBag from /usr/local/python/3.10.4/lib/python3.10/site-packages/airflow/example_dags/example_xcomargs.py
[2023-05-07T22:31:37.074+0000] {processor.py:753} INFO - DAG(s) dict_keys(['example_xcom_args', 'example_xcom_args_with_operators']) retrieved from /usr/local/python/3.10.4/lib/python3.10/site-packages/airflow/example_dags/example_xcomargs.py
[2023-05-07T22:31:37.197+0000] {logging_mixin.py:137} INFO - [2023-05-07T22:31:37.197+0000] {dag.py:2690} INFO - Sync 2 DAGs
[2023-05-07T22:31:37.212+0000] {logging_mixin.py:137} INFO - [2023-05-07T22:31:37.212+0000] {dag.py:3437} INFO - Setting next_dagrun for example_xcom_args to None, run_after=None
[2023-05-07T22:31:37.214+0000] {logging_mixin.py:137} INFO - [2023-05-07T22:31:37.214+0000] {dag.py:3437} INFO - Setting next_dagrun for example_xcom_args_with_operators to None, run_after=None
[2023-05-07T22:31:37.253+0000] {processor.py:175} INFO - Processing /usr/local/python/3.10.4/lib/python3.10/site-packages/airflow/example_dags/example_xcomargs.py took 0.207 seconds
[2023-05-07T22:32:20.980+0000] {processor.py:153} INFO - Started process (PID=14260) to work on /usr/local/python/3.10.4/lib/python3.10/site-packages/airflow/example_dags/example_xcomargs.py
[2023-05-07T22:32:20.981+0000] {processor.py:743} INFO - Processing file /usr/local/python/3.10.4/lib/python3.10/site-packages/airflow/example_dags/example_xcomargs.py for tasks to queue
[2023-05-07T22:32:20.982+0000] {logging_mixin.py:137} INFO - [2023-05-07T22:32:20.981+0000] {dagbag.py:538} INFO - Filling up the DagBag from /usr/local/python/3.10.4/lib/python3.10/site-packages/airflow/example_dags/example_xcomargs.py
[2023-05-07T22:32:21.004+0000] {processor.py:753} INFO - DAG(s) dict_keys(['example_xcom_args', 'example_xcom_args_with_operators']) retrieved from /usr/local/python/3.10.4/lib/python3.10/site-packages/airflow/example_dags/example_xcomargs.py
[2023-05-07T22:32:21.140+0000] {logging_mixin.py:137} INFO - [2023-05-07T22:32:21.140+0000] {dag.py:2690} INFO - Sync 2 DAGs
[2023-05-07T22:32:21.155+0000] {logging_mixin.py:137} INFO - [2023-05-07T22:32:21.155+0000] {dag.py:3437} INFO - Setting next_dagrun for example_xcom_args to None, run_after=None
[2023-05-07T22:32:21.158+0000] {logging_mixin.py:137} INFO - [2023-05-07T22:32:21.158+0000] {dag.py:3437} INFO - Setting next_dagrun for example_xcom_args_with_operators to None, run_after=None
[2023-05-07T22:32:21.197+0000] {processor.py:175} INFO - Processing /usr/local/python/3.10.4/lib/python3.10/site-packages/airflow/example_dags/example_xcomargs.py took 0.221 seconds
[2023-05-07T22:33:08.945+0000] {processor.py:153} INFO - Started process (PID=14591) to work on /usr/local/python/3.10.4/lib/python3.10/site-packages/airflow/example_dags/example_xcomargs.py
[2023-05-07T22:33:08.946+0000] {processor.py:743} INFO - Processing file /usr/local/python/3.10.4/lib/python3.10/site-packages/airflow/example_dags/example_xcomargs.py for tasks to queue
[2023-05-07T22:33:08.947+0000] {logging_mixin.py:137} INFO - [2023-05-07T22:33:08.946+0000] {dagbag.py:538} INFO - Filling up the DagBag from /usr/local/python/3.10.4/lib/python3.10/site-packages/airflow/example_dags/example_xcomargs.py
[2023-05-07T22:33:09.081+0000] {processor.py:753} INFO - DAG(s) dict_keys(['example_xcom_args_with_operators', 'example_xcom_args']) retrieved from /usr/local/python/3.10.4/lib/python3.10/site-packages/airflow/example_dags/example_xcomargs.py
[2023-05-07T22:33:09.097+0000] {logging_mixin.py:137} INFO - [2023-05-07T22:33:09.096+0000] {dag.py:2690} INFO - Sync 2 DAGs
[2023-05-07T22:33:09.111+0000] {logging_mixin.py:137} INFO - [2023-05-07T22:33:09.111+0000] {dag.py:3437} INFO - Setting next_dagrun for example_xcom_args to None, run_after=None
[2023-05-07T22:33:09.114+0000] {logging_mixin.py:137} INFO - [2023-05-07T22:33:09.114+0000] {dag.py:3437} INFO - Setting next_dagrun for example_xcom_args_with_operators to None, run_after=None
[2023-05-07T22:33:09.155+0000] {processor.py:175} INFO - Processing /usr/local/python/3.10.4/lib/python3.10/site-packages/airflow/example_dags/example_xcomargs.py took 0.213 seconds
[2023-05-07T22:33:43.079+0000] {processor.py:153} INFO - Started process (PID=14836) to work on /usr/local/python/3.10.4/lib/python3.10/site-packages/airflow/example_dags/example_xcomargs.py
[2023-05-07T22:33:43.080+0000] {processor.py:743} INFO - Processing file /usr/local/python/3.10.4/lib/python3.10/site-packages/airflow/example_dags/example_xcomargs.py for tasks to queue
[2023-05-07T22:33:43.080+0000] {logging_mixin.py:137} INFO - [2023-05-07T22:33:43.080+0000] {dagbag.py:538} INFO - Filling up the DagBag from /usr/local/python/3.10.4/lib/python3.10/site-packages/airflow/example_dags/example_xcomargs.py
[2023-05-07T22:33:43.210+0000] {processor.py:753} INFO - DAG(s) dict_keys(['example_xcom_args', 'example_xcom_args_with_operators']) retrieved from /usr/local/python/3.10.4/lib/python3.10/site-packages/airflow/example_dags/example_xcomargs.py
[2023-05-07T22:33:43.224+0000] {logging_mixin.py:137} INFO - [2023-05-07T22:33:43.224+0000] {dag.py:2690} INFO - Sync 2 DAGs
[2023-05-07T22:33:43.239+0000] {logging_mixin.py:137} INFO - [2023-05-07T22:33:43.239+0000] {dag.py:3437} INFO - Setting next_dagrun for example_xcom_args to None, run_after=None
[2023-05-07T22:33:43.241+0000] {logging_mixin.py:137} INFO - [2023-05-07T22:33:43.241+0000] {dag.py:3437} INFO - Setting next_dagrun for example_xcom_args_with_operators to None, run_after=None
[2023-05-07T22:33:43.282+0000] {processor.py:175} INFO - Processing /usr/local/python/3.10.4/lib/python3.10/site-packages/airflow/example_dags/example_xcomargs.py took 0.206 seconds
[2023-05-07T22:34:31.274+0000] {processor.py:153} INFO - Started process (PID=15221) to work on /usr/local/python/3.10.4/lib/python3.10/site-packages/airflow/example_dags/example_xcomargs.py
[2023-05-07T22:34:31.275+0000] {processor.py:743} INFO - Processing file /usr/local/python/3.10.4/lib/python3.10/site-packages/airflow/example_dags/example_xcomargs.py for tasks to queue
[2023-05-07T22:34:31.275+0000] {logging_mixin.py:137} INFO - [2023-05-07T22:34:31.275+0000] {dagbag.py:538} INFO - Filling up the DagBag from /usr/local/python/3.10.4/lib/python3.10/site-packages/airflow/example_dags/example_xcomargs.py
[2023-05-07T22:34:31.294+0000] {processor.py:753} INFO - DAG(s) dict_keys(['example_xcom_args', 'example_xcom_args_with_operators']) retrieved from /usr/local/python/3.10.4/lib/python3.10/site-packages/airflow/example_dags/example_xcomargs.py
[2023-05-07T22:34:31.309+0000] {logging_mixin.py:137} INFO - [2023-05-07T22:34:31.309+0000] {dag.py:2690} INFO - Sync 2 DAGs
[2023-05-07T22:34:31.325+0000] {logging_mixin.py:137} INFO - [2023-05-07T22:34:31.325+0000] {dag.py:3437} INFO - Setting next_dagrun for example_xcom_args to None, run_after=None
[2023-05-07T22:34:31.327+0000] {logging_mixin.py:137} INFO - [2023-05-07T22:34:31.327+0000] {dag.py:3437} INFO - Setting next_dagrun for example_xcom_args_with_operators to None, run_after=None
[2023-05-07T22:34:31.368+0000] {processor.py:175} INFO - Processing /usr/local/python/3.10.4/lib/python3.10/site-packages/airflow/example_dags/example_xcomargs.py took 0.209 seconds
[2023-05-07T22:35:10.073+0000] {processor.py:153} INFO - Started process (PID=15492) to work on /usr/local/python/3.10.4/lib/python3.10/site-packages/airflow/example_dags/example_xcomargs.py
[2023-05-07T22:35:10.074+0000] {processor.py:743} INFO - Processing file /usr/local/python/3.10.4/lib/python3.10/site-packages/airflow/example_dags/example_xcomargs.py for tasks to queue
[2023-05-07T22:35:10.074+0000] {logging_mixin.py:137} INFO - [2023-05-07T22:35:10.074+0000] {dagbag.py:538} INFO - Filling up the DagBag from /usr/local/python/3.10.4/lib/python3.10/site-packages/airflow/example_dags/example_xcomargs.py
[2023-05-07T22:35:10.098+0000] {processor.py:753} INFO - DAG(s) dict_keys(['example_xcom_args_with_operators', 'example_xcom_args']) retrieved from /usr/local/python/3.10.4/lib/python3.10/site-packages/airflow/example_dags/example_xcomargs.py
[2023-05-07T22:35:10.118+0000] {logging_mixin.py:137} INFO - [2023-05-07T22:35:10.117+0000] {dag.py:2690} INFO - Sync 2 DAGs
[2023-05-07T22:35:10.135+0000] {logging_mixin.py:137} INFO - [2023-05-07T22:35:10.135+0000] {dag.py:3437} INFO - Setting next_dagrun for example_xcom_args to None, run_after=None
[2023-05-07T22:35:10.137+0000] {logging_mixin.py:137} INFO - [2023-05-07T22:35:10.137+0000] {dag.py:3437} INFO - Setting next_dagrun for example_xcom_args_with_operators to None, run_after=None
[2023-05-07T22:35:10.179+0000] {processor.py:175} INFO - Processing /usr/local/python/3.10.4/lib/python3.10/site-packages/airflow/example_dags/example_xcomargs.py took 0.109 seconds
[2023-05-07T22:35:50.873+0000] {processor.py:153} INFO - Started process (PID=15780) to work on /usr/local/python/3.10.4/lib/python3.10/site-packages/airflow/example_dags/example_xcomargs.py
[2023-05-07T22:35:50.874+0000] {processor.py:743} INFO - Processing file /usr/local/python/3.10.4/lib/python3.10/site-packages/airflow/example_dags/example_xcomargs.py for tasks to queue
[2023-05-07T22:35:50.875+0000] {logging_mixin.py:137} INFO - [2023-05-07T22:35:50.875+0000] {dagbag.py:538} INFO - Filling up the DagBag from /usr/local/python/3.10.4/lib/python3.10/site-packages/airflow/example_dags/example_xcomargs.py
[2023-05-07T22:35:50.898+0000] {processor.py:753} INFO - DAG(s) dict_keys(['example_xcom_args', 'example_xcom_args_with_operators']) retrieved from /usr/local/python/3.10.4/lib/python3.10/site-packages/airflow/example_dags/example_xcomargs.py
[2023-05-07T22:35:50.918+0000] {logging_mixin.py:137} INFO - [2023-05-07T22:35:50.918+0000] {dag.py:2690} INFO - Sync 2 DAGs
[2023-05-07T22:35:50.935+0000] {logging_mixin.py:137} INFO - [2023-05-07T22:35:50.934+0000] {dag.py:3437} INFO - Setting next_dagrun for example_xcom_args to None, run_after=None
[2023-05-07T22:35:50.937+0000] {logging_mixin.py:137} INFO - [2023-05-07T22:35:50.937+0000] {dag.py:3437} INFO - Setting next_dagrun for example_xcom_args_with_operators to None, run_after=None
[2023-05-07T22:35:50.978+0000] {processor.py:175} INFO - Processing /usr/local/python/3.10.4/lib/python3.10/site-packages/airflow/example_dags/example_xcomargs.py took 0.108 seconds
[2023-05-07T22:36:25.280+0000] {processor.py:153} INFO - Started process (PID=16014) to work on /usr/local/python/3.10.4/lib/python3.10/site-packages/airflow/example_dags/example_xcomargs.py
[2023-05-07T22:36:25.281+0000] {processor.py:743} INFO - Processing file /usr/local/python/3.10.4/lib/python3.10/site-packages/airflow/example_dags/example_xcomargs.py for tasks to queue
[2023-05-07T22:36:25.281+0000] {logging_mixin.py:137} INFO - [2023-05-07T22:36:25.281+0000] {dagbag.py:538} INFO - Filling up the DagBag from /usr/local/python/3.10.4/lib/python3.10/site-packages/airflow/example_dags/example_xcomargs.py
[2023-05-07T22:36:25.305+0000] {processor.py:753} INFO - DAG(s) dict_keys(['example_xcom_args_with_operators', 'example_xcom_args']) retrieved from /usr/local/python/3.10.4/lib/python3.10/site-packages/airflow/example_dags/example_xcomargs.py
[2023-05-07T22:36:25.324+0000] {logging_mixin.py:137} INFO - [2023-05-07T22:36:25.324+0000] {dag.py:2690} INFO - Sync 2 DAGs
[2023-05-07T22:36:25.340+0000] {logging_mixin.py:137} INFO - [2023-05-07T22:36:25.340+0000] {dag.py:3437} INFO - Setting next_dagrun for example_xcom_args to None, run_after=None
[2023-05-07T22:36:25.343+0000] {logging_mixin.py:137} INFO - [2023-05-07T22:36:25.343+0000] {dag.py:3437} INFO - Setting next_dagrun for example_xcom_args_with_operators to None, run_after=None
[2023-05-07T22:36:25.387+0000] {processor.py:175} INFO - Processing /usr/local/python/3.10.4/lib/python3.10/site-packages/airflow/example_dags/example_xcomargs.py took 0.110 seconds
[2023-05-07T22:36:58.555+0000] {processor.py:153} INFO - Started process (PID=16269) to work on /usr/local/python/3.10.4/lib/python3.10/site-packages/airflow/example_dags/example_xcomargs.py
[2023-05-07T22:36:58.555+0000] {processor.py:743} INFO - Processing file /usr/local/python/3.10.4/lib/python3.10/site-packages/airflow/example_dags/example_xcomargs.py for tasks to queue
[2023-05-07T22:36:58.556+0000] {logging_mixin.py:137} INFO - [2023-05-07T22:36:58.556+0000] {dagbag.py:538} INFO - Filling up the DagBag from /usr/local/python/3.10.4/lib/python3.10/site-packages/airflow/example_dags/example_xcomargs.py
[2023-05-07T22:36:58.597+0000] {processor.py:753} INFO - DAG(s) dict_keys(['example_xcom_args', 'example_xcom_args_with_operators']) retrieved from /usr/local/python/3.10.4/lib/python3.10/site-packages/airflow/example_dags/example_xcomargs.py
[2023-05-07T22:36:58.624+0000] {logging_mixin.py:137} INFO - [2023-05-07T22:36:58.624+0000] {dag.py:2690} INFO - Sync 2 DAGs
[2023-05-07T22:36:58.650+0000] {logging_mixin.py:137} INFO - [2023-05-07T22:36:58.650+0000] {dag.py:3437} INFO - Setting next_dagrun for example_xcom_args to None, run_after=None
[2023-05-07T22:36:58.654+0000] {logging_mixin.py:137} INFO - [2023-05-07T22:36:58.654+0000] {dag.py:3437} INFO - Setting next_dagrun for example_xcom_args_with_operators to None, run_after=None
[2023-05-07T22:36:58.701+0000] {processor.py:175} INFO - Processing /usr/local/python/3.10.4/lib/python3.10/site-packages/airflow/example_dags/example_xcomargs.py took 0.149 seconds
[2023-05-07T22:37:42.281+0000] {processor.py:153} INFO - Started process (PID=16578) to work on /usr/local/python/3.10.4/lib/python3.10/site-packages/airflow/example_dags/example_xcomargs.py
[2023-05-07T22:37:42.282+0000] {processor.py:743} INFO - Processing file /usr/local/python/3.10.4/lib/python3.10/site-packages/airflow/example_dags/example_xcomargs.py for tasks to queue
[2023-05-07T22:37:42.283+0000] {logging_mixin.py:137} INFO - [2023-05-07T22:37:42.283+0000] {dagbag.py:538} INFO - Filling up the DagBag from /usr/local/python/3.10.4/lib/python3.10/site-packages/airflow/example_dags/example_xcomargs.py
[2023-05-07T22:37:42.320+0000] {processor.py:753} INFO - DAG(s) dict_keys(['example_xcom_args_with_operators', 'example_xcom_args']) retrieved from /usr/local/python/3.10.4/lib/python3.10/site-packages/airflow/example_dags/example_xcomargs.py
[2023-05-07T22:37:42.343+0000] {logging_mixin.py:137} INFO - [2023-05-07T22:37:42.343+0000] {dag.py:2690} INFO - Sync 2 DAGs
[2023-05-07T22:37:42.366+0000] {logging_mixin.py:137} INFO - [2023-05-07T22:37:42.366+0000] {dag.py:3437} INFO - Setting next_dagrun for example_xcom_args to None, run_after=None
[2023-05-07T22:37:42.370+0000] {logging_mixin.py:137} INFO - [2023-05-07T22:37:42.369+0000] {dag.py:3437} INFO - Setting next_dagrun for example_xcom_args_with_operators to None, run_after=None
[2023-05-07T22:37:42.411+0000] {processor.py:175} INFO - Processing /usr/local/python/3.10.4/lib/python3.10/site-packages/airflow/example_dags/example_xcomargs.py took 0.134 seconds
[2023-05-07T22:38:22.960+0000] {processor.py:153} INFO - Started process (PID=16883) to work on /usr/local/python/3.10.4/lib/python3.10/site-packages/airflow/example_dags/example_xcomargs.py
[2023-05-07T22:38:22.960+0000] {processor.py:743} INFO - Processing file /usr/local/python/3.10.4/lib/python3.10/site-packages/airflow/example_dags/example_xcomargs.py for tasks to queue
[2023-05-07T22:38:22.961+0000] {logging_mixin.py:137} INFO - [2023-05-07T22:38:22.961+0000] {dagbag.py:538} INFO - Filling up the DagBag from /usr/local/python/3.10.4/lib/python3.10/site-packages/airflow/example_dags/example_xcomargs.py
[2023-05-07T22:38:22.986+0000] {processor.py:753} INFO - DAG(s) dict_keys(['example_xcom_args', 'example_xcom_args_with_operators']) retrieved from /usr/local/python/3.10.4/lib/python3.10/site-packages/airflow/example_dags/example_xcomargs.py
[2023-05-07T22:38:23.005+0000] {logging_mixin.py:137} INFO - [2023-05-07T22:38:23.005+0000] {dag.py:2690} INFO - Sync 2 DAGs
[2023-05-07T22:38:23.023+0000] {logging_mixin.py:137} INFO - [2023-05-07T22:38:23.023+0000] {dag.py:3437} INFO - Setting next_dagrun for example_xcom_args to None, run_after=None
[2023-05-07T22:38:23.025+0000] {logging_mixin.py:137} INFO - [2023-05-07T22:38:23.025+0000] {dag.py:3437} INFO - Setting next_dagrun for example_xcom_args_with_operators to None, run_after=None
[2023-05-07T22:38:23.065+0000] {processor.py:175} INFO - Processing /usr/local/python/3.10.4/lib/python3.10/site-packages/airflow/example_dags/example_xcomargs.py took 0.108 seconds
[2023-05-07T22:38:57.183+0000] {processor.py:153} INFO - Started process (PID=17112) to work on /usr/local/python/3.10.4/lib/python3.10/site-packages/airflow/example_dags/example_xcomargs.py
[2023-05-07T22:38:57.184+0000] {processor.py:743} INFO - Processing file /usr/local/python/3.10.4/lib/python3.10/site-packages/airflow/example_dags/example_xcomargs.py for tasks to queue
[2023-05-07T22:38:57.184+0000] {logging_mixin.py:137} INFO - [2023-05-07T22:38:57.184+0000] {dagbag.py:538} INFO - Filling up the DagBag from /usr/local/python/3.10.4/lib/python3.10/site-packages/airflow/example_dags/example_xcomargs.py
[2023-05-07T22:38:57.207+0000] {processor.py:753} INFO - DAG(s) dict_keys(['example_xcom_args_with_operators', 'example_xcom_args']) retrieved from /usr/local/python/3.10.4/lib/python3.10/site-packages/airflow/example_dags/example_xcomargs.py
[2023-05-07T22:38:57.227+0000] {logging_mixin.py:137} INFO - [2023-05-07T22:38:57.227+0000] {dag.py:2690} INFO - Sync 2 DAGs
[2023-05-07T22:38:57.249+0000] {logging_mixin.py:137} INFO - [2023-05-07T22:38:57.248+0000] {dag.py:3437} INFO - Setting next_dagrun for example_xcom_args to None, run_after=None
[2023-05-07T22:38:57.256+0000] {logging_mixin.py:137} INFO - [2023-05-07T22:38:57.255+0000] {dag.py:3437} INFO - Setting next_dagrun for example_xcom_args_with_operators to None, run_after=None
[2023-05-07T22:38:57.297+0000] {processor.py:175} INFO - Processing /usr/local/python/3.10.4/lib/python3.10/site-packages/airflow/example_dags/example_xcomargs.py took 0.117 seconds
[2023-05-07T22:39:29.076+0000] {processor.py:153} INFO - Started process (PID=17348) to work on /usr/local/python/3.10.4/lib/python3.10/site-packages/airflow/example_dags/example_xcomargs.py
[2023-05-07T22:39:29.077+0000] {processor.py:743} INFO - Processing file /usr/local/python/3.10.4/lib/python3.10/site-packages/airflow/example_dags/example_xcomargs.py for tasks to queue
[2023-05-07T22:39:29.078+0000] {logging_mixin.py:137} INFO - [2023-05-07T22:39:29.078+0000] {dagbag.py:538} INFO - Filling up the DagBag from /usr/local/python/3.10.4/lib/python3.10/site-packages/airflow/example_dags/example_xcomargs.py
[2023-05-07T22:39:29.102+0000] {processor.py:753} INFO - DAG(s) dict_keys(['example_xcom_args', 'example_xcom_args_with_operators']) retrieved from /usr/local/python/3.10.4/lib/python3.10/site-packages/airflow/example_dags/example_xcomargs.py
[2023-05-07T22:39:29.121+0000] {logging_mixin.py:137} INFO - [2023-05-07T22:39:29.121+0000] {dag.py:2690} INFO - Sync 2 DAGs
[2023-05-07T22:39:29.138+0000] {logging_mixin.py:137} INFO - [2023-05-07T22:39:29.138+0000] {dag.py:3437} INFO - Setting next_dagrun for example_xcom_args to None, run_after=None
[2023-05-07T22:39:29.141+0000] {logging_mixin.py:137} INFO - [2023-05-07T22:39:29.141+0000] {dag.py:3437} INFO - Setting next_dagrun for example_xcom_args_with_operators to None, run_after=None
[2023-05-07T22:39:29.183+0000] {processor.py:175} INFO - Processing /usr/local/python/3.10.4/lib/python3.10/site-packages/airflow/example_dags/example_xcomargs.py took 0.110 seconds
[2023-05-07T22:40:03.806+0000] {processor.py:153} INFO - Started process (PID=17615) to work on /usr/local/python/3.10.4/lib/python3.10/site-packages/airflow/example_dags/example_xcomargs.py
[2023-05-07T22:40:03.807+0000] {processor.py:743} INFO - Processing file /usr/local/python/3.10.4/lib/python3.10/site-packages/airflow/example_dags/example_xcomargs.py for tasks to queue
[2023-05-07T22:40:03.808+0000] {logging_mixin.py:137} INFO - [2023-05-07T22:40:03.808+0000] {dagbag.py:538} INFO - Filling up the DagBag from /usr/local/python/3.10.4/lib/python3.10/site-packages/airflow/example_dags/example_xcomargs.py
[2023-05-07T22:40:03.831+0000] {processor.py:753} INFO - DAG(s) dict_keys(['example_xcom_args_with_operators', 'example_xcom_args']) retrieved from /usr/local/python/3.10.4/lib/python3.10/site-packages/airflow/example_dags/example_xcomargs.py
[2023-05-07T22:40:03.850+0000] {logging_mixin.py:137} INFO - [2023-05-07T22:40:03.850+0000] {dag.py:2690} INFO - Sync 2 DAGs
[2023-05-07T22:40:03.867+0000] {logging_mixin.py:137} INFO - [2023-05-07T22:40:03.867+0000] {dag.py:3437} INFO - Setting next_dagrun for example_xcom_args to None, run_after=None
[2023-05-07T22:40:03.870+0000] {logging_mixin.py:137} INFO - [2023-05-07T22:40:03.870+0000] {dag.py:3437} INFO - Setting next_dagrun for example_xcom_args_with_operators to None, run_after=None
[2023-05-07T22:40:03.911+0000] {processor.py:175} INFO - Processing /usr/local/python/3.10.4/lib/python3.10/site-packages/airflow/example_dags/example_xcomargs.py took 0.107 seconds
[2023-05-07T22:40:44.994+0000] {processor.py:153} INFO - Started process (PID=17939) to work on /usr/local/python/3.10.4/lib/python3.10/site-packages/airflow/example_dags/example_xcomargs.py
[2023-05-07T22:40:44.995+0000] {processor.py:743} INFO - Processing file /usr/local/python/3.10.4/lib/python3.10/site-packages/airflow/example_dags/example_xcomargs.py for tasks to queue
[2023-05-07T22:40:44.995+0000] {logging_mixin.py:137} INFO - [2023-05-07T22:40:44.995+0000] {dagbag.py:538} INFO - Filling up the DagBag from /usr/local/python/3.10.4/lib/python3.10/site-packages/airflow/example_dags/example_xcomargs.py
[2023-05-07T22:40:45.019+0000] {processor.py:753} INFO - DAG(s) dict_keys(['example_xcom_args_with_operators', 'example_xcom_args']) retrieved from /usr/local/python/3.10.4/lib/python3.10/site-packages/airflow/example_dags/example_xcomargs.py
[2023-05-07T22:40:45.037+0000] {logging_mixin.py:137} INFO - [2023-05-07T22:40:45.037+0000] {dag.py:2690} INFO - Sync 2 DAGs
[2023-05-07T22:40:45.053+0000] {logging_mixin.py:137} INFO - [2023-05-07T22:40:45.053+0000] {dag.py:3437} INFO - Setting next_dagrun for example_xcom_args to None, run_after=None
[2023-05-07T22:40:45.056+0000] {logging_mixin.py:137} INFO - [2023-05-07T22:40:45.056+0000] {dag.py:3437} INFO - Setting next_dagrun for example_xcom_args_with_operators to None, run_after=None
[2023-05-07T22:40:45.093+0000] {processor.py:175} INFO - Processing /usr/local/python/3.10.4/lib/python3.10/site-packages/airflow/example_dags/example_xcomargs.py took 0.102 seconds
[2023-05-07T22:41:24.994+0000] {processor.py:153} INFO - Started process (PID=18221) to work on /usr/local/python/3.10.4/lib/python3.10/site-packages/airflow/example_dags/example_xcomargs.py
[2023-05-07T22:41:24.995+0000] {processor.py:743} INFO - Processing file /usr/local/python/3.10.4/lib/python3.10/site-packages/airflow/example_dags/example_xcomargs.py for tasks to queue
[2023-05-07T22:41:24.996+0000] {logging_mixin.py:137} INFO - [2023-05-07T22:41:24.996+0000] {dagbag.py:538} INFO - Filling up the DagBag from /usr/local/python/3.10.4/lib/python3.10/site-packages/airflow/example_dags/example_xcomargs.py
[2023-05-07T22:41:25.031+0000] {processor.py:753} INFO - DAG(s) dict_keys(['example_xcom_args', 'example_xcom_args_with_operators']) retrieved from /usr/local/python/3.10.4/lib/python3.10/site-packages/airflow/example_dags/example_xcomargs.py
[2023-05-07T22:41:25.055+0000] {logging_mixin.py:137} INFO - [2023-05-07T22:41:25.055+0000] {dag.py:2690} INFO - Sync 2 DAGs
[2023-05-07T22:41:25.071+0000] {logging_mixin.py:137} INFO - [2023-05-07T22:41:25.071+0000] {dag.py:3437} INFO - Setting next_dagrun for example_xcom_args to None, run_after=None
[2023-05-07T22:41:25.074+0000] {logging_mixin.py:137} INFO - [2023-05-07T22:41:25.074+0000] {dag.py:3437} INFO - Setting next_dagrun for example_xcom_args_with_operators to None, run_after=None
[2023-05-07T22:41:25.111+0000] {processor.py:175} INFO - Processing /usr/local/python/3.10.4/lib/python3.10/site-packages/airflow/example_dags/example_xcomargs.py took 0.121 seconds
[2023-05-07T22:42:04.531+0000] {processor.py:153} INFO - Started process (PID=18538) to work on /usr/local/python/3.10.4/lib/python3.10/site-packages/airflow/example_dags/example_xcomargs.py
[2023-05-07T22:42:04.532+0000] {processor.py:743} INFO - Processing file /usr/local/python/3.10.4/lib/python3.10/site-packages/airflow/example_dags/example_xcomargs.py for tasks to queue
[2023-05-07T22:42:04.532+0000] {logging_mixin.py:137} INFO - [2023-05-07T22:42:04.532+0000] {dagbag.py:538} INFO - Filling up the DagBag from /usr/local/python/3.10.4/lib/python3.10/site-packages/airflow/example_dags/example_xcomargs.py
[2023-05-07T22:42:04.557+0000] {processor.py:753} INFO - DAG(s) dict_keys(['example_xcom_args', 'example_xcom_args_with_operators']) retrieved from /usr/local/python/3.10.4/lib/python3.10/site-packages/airflow/example_dags/example_xcomargs.py
[2023-05-07T22:42:04.576+0000] {logging_mixin.py:137} INFO - [2023-05-07T22:42:04.576+0000] {dag.py:2690} INFO - Sync 2 DAGs
[2023-05-07T22:42:04.593+0000] {logging_mixin.py:137} INFO - [2023-05-07T22:42:04.592+0000] {dag.py:3437} INFO - Setting next_dagrun for example_xcom_args to None, run_after=None
[2023-05-07T22:42:04.595+0000] {logging_mixin.py:137} INFO - [2023-05-07T22:42:04.595+0000] {dag.py:3437} INFO - Setting next_dagrun for example_xcom_args_with_operators to None, run_after=None
[2023-05-07T22:42:04.637+0000] {processor.py:175} INFO - Processing /usr/local/python/3.10.4/lib/python3.10/site-packages/airflow/example_dags/example_xcomargs.py took 0.109 seconds
[2023-05-07T22:42:46.571+0000] {processor.py:153} INFO - Started process (PID=18914) to work on /usr/local/python/3.10.4/lib/python3.10/site-packages/airflow/example_dags/example_xcomargs.py
[2023-05-07T22:42:46.572+0000] {processor.py:743} INFO - Processing file /usr/local/python/3.10.4/lib/python3.10/site-packages/airflow/example_dags/example_xcomargs.py for tasks to queue
[2023-05-07T22:42:46.572+0000] {logging_mixin.py:137} INFO - [2023-05-07T22:42:46.572+0000] {dagbag.py:538} INFO - Filling up the DagBag from /usr/local/python/3.10.4/lib/python3.10/site-packages/airflow/example_dags/example_xcomargs.py
[2023-05-07T22:42:46.596+0000] {processor.py:753} INFO - DAG(s) dict_keys(['example_xcom_args', 'example_xcom_args_with_operators']) retrieved from /usr/local/python/3.10.4/lib/python3.10/site-packages/airflow/example_dags/example_xcomargs.py
[2023-05-07T22:42:46.615+0000] {logging_mixin.py:137} INFO - [2023-05-07T22:42:46.614+0000] {dag.py:2690} INFO - Sync 2 DAGs
[2023-05-07T22:42:46.632+0000] {logging_mixin.py:137} INFO - [2023-05-07T22:42:46.632+0000] {dag.py:3437} INFO - Setting next_dagrun for example_xcom_args to None, run_after=None
[2023-05-07T22:42:46.634+0000] {logging_mixin.py:137} INFO - [2023-05-07T22:42:46.634+0000] {dag.py:3437} INFO - Setting next_dagrun for example_xcom_args_with_operators to None, run_after=None
[2023-05-07T22:42:46.674+0000] {processor.py:175} INFO - Processing /usr/local/python/3.10.4/lib/python3.10/site-packages/airflow/example_dags/example_xcomargs.py took 0.106 seconds
[2023-05-07T22:43:21.545+0000] {processor.py:153} INFO - Started process (PID=19240) to work on /usr/local/python/3.10.4/lib/python3.10/site-packages/airflow/example_dags/example_xcomargs.py
[2023-05-07T22:43:21.546+0000] {processor.py:743} INFO - Processing file /usr/local/python/3.10.4/lib/python3.10/site-packages/airflow/example_dags/example_xcomargs.py for tasks to queue
[2023-05-07T22:43:21.547+0000] {logging_mixin.py:137} INFO - [2023-05-07T22:43:21.547+0000] {dagbag.py:538} INFO - Filling up the DagBag from /usr/local/python/3.10.4/lib/python3.10/site-packages/airflow/example_dags/example_xcomargs.py
[2023-05-07T22:43:21.570+0000] {processor.py:753} INFO - DAG(s) dict_keys(['example_xcom_args_with_operators', 'example_xcom_args']) retrieved from /usr/local/python/3.10.4/lib/python3.10/site-packages/airflow/example_dags/example_xcomargs.py
[2023-05-07T22:43:21.589+0000] {logging_mixin.py:137} INFO - [2023-05-07T22:43:21.588+0000] {dag.py:2690} INFO - Sync 2 DAGs
[2023-05-07T22:43:21.606+0000] {logging_mixin.py:137} INFO - [2023-05-07T22:43:21.606+0000] {dag.py:3437} INFO - Setting next_dagrun for example_xcom_args to None, run_after=None
[2023-05-07T22:43:21.608+0000] {logging_mixin.py:137} INFO - [2023-05-07T22:43:21.608+0000] {dag.py:3437} INFO - Setting next_dagrun for example_xcom_args_with_operators to None, run_after=None
[2023-05-07T22:43:21.646+0000] {processor.py:175} INFO - Processing /usr/local/python/3.10.4/lib/python3.10/site-packages/airflow/example_dags/example_xcomargs.py took 0.103 seconds
[2023-05-07T22:44:02.386+0000] {processor.py:153} INFO - Started process (PID=19719) to work on /usr/local/python/3.10.4/lib/python3.10/site-packages/airflow/example_dags/example_xcomargs.py
[2023-05-07T22:44:02.387+0000] {processor.py:743} INFO - Processing file /usr/local/python/3.10.4/lib/python3.10/site-packages/airflow/example_dags/example_xcomargs.py for tasks to queue
[2023-05-07T22:44:02.388+0000] {logging_mixin.py:137} INFO - [2023-05-07T22:44:02.388+0000] {dagbag.py:538} INFO - Filling up the DagBag from /usr/local/python/3.10.4/lib/python3.10/site-packages/airflow/example_dags/example_xcomargs.py
[2023-05-07T22:44:02.411+0000] {processor.py:753} INFO - DAG(s) dict_keys(['example_xcom_args_with_operators', 'example_xcom_args']) retrieved from /usr/local/python/3.10.4/lib/python3.10/site-packages/airflow/example_dags/example_xcomargs.py
[2023-05-07T22:44:02.429+0000] {logging_mixin.py:137} INFO - [2023-05-07T22:44:02.429+0000] {dag.py:2690} INFO - Sync 2 DAGs
[2023-05-07T22:44:02.446+0000] {logging_mixin.py:137} INFO - [2023-05-07T22:44:02.446+0000] {dag.py:3437} INFO - Setting next_dagrun for example_xcom_args to None, run_after=None
[2023-05-07T22:44:02.448+0000] {logging_mixin.py:137} INFO - [2023-05-07T22:44:02.448+0000] {dag.py:3437} INFO - Setting next_dagrun for example_xcom_args_with_operators to None, run_after=None
[2023-05-07T22:44:02.489+0000] {processor.py:175} INFO - Processing /usr/local/python/3.10.4/lib/python3.10/site-packages/airflow/example_dags/example_xcomargs.py took 0.105 seconds
[2023-05-07T22:44:43.121+0000] {processor.py:153} INFO - Started process (PID=20134) to work on /usr/local/python/3.10.4/lib/python3.10/site-packages/airflow/example_dags/example_xcomargs.py
[2023-05-07T22:44:43.121+0000] {processor.py:743} INFO - Processing file /usr/local/python/3.10.4/lib/python3.10/site-packages/airflow/example_dags/example_xcomargs.py for tasks to queue
[2023-05-07T22:44:43.122+0000] {logging_mixin.py:137} INFO - [2023-05-07T22:44:43.122+0000] {dagbag.py:538} INFO - Filling up the DagBag from /usr/local/python/3.10.4/lib/python3.10/site-packages/airflow/example_dags/example_xcomargs.py
[2023-05-07T22:44:43.146+0000] {processor.py:753} INFO - DAG(s) dict_keys(['example_xcom_args', 'example_xcom_args_with_operators']) retrieved from /usr/local/python/3.10.4/lib/python3.10/site-packages/airflow/example_dags/example_xcomargs.py
[2023-05-07T22:44:43.166+0000] {logging_mixin.py:137} INFO - [2023-05-07T22:44:43.166+0000] {dag.py:2690} INFO - Sync 2 DAGs
[2023-05-07T22:44:43.183+0000] {logging_mixin.py:137} INFO - [2023-05-07T22:44:43.183+0000] {dag.py:3437} INFO - Setting next_dagrun for example_xcom_args to None, run_after=None
[2023-05-07T22:44:43.186+0000] {logging_mixin.py:137} INFO - [2023-05-07T22:44:43.186+0000] {dag.py:3437} INFO - Setting next_dagrun for example_xcom_args_with_operators to None, run_after=None
[2023-05-07T22:44:43.225+0000] {processor.py:175} INFO - Processing /usr/local/python/3.10.4/lib/python3.10/site-packages/airflow/example_dags/example_xcomargs.py took 0.107 seconds
[2023-05-07T22:45:22.019+0000] {processor.py:153} INFO - Started process (PID=20478) to work on /usr/local/python/3.10.4/lib/python3.10/site-packages/airflow/example_dags/example_xcomargs.py
[2023-05-07T22:45:22.020+0000] {processor.py:743} INFO - Processing file /usr/local/python/3.10.4/lib/python3.10/site-packages/airflow/example_dags/example_xcomargs.py for tasks to queue
[2023-05-07T22:45:22.020+0000] {logging_mixin.py:137} INFO - [2023-05-07T22:45:22.020+0000] {dagbag.py:538} INFO - Filling up the DagBag from /usr/local/python/3.10.4/lib/python3.10/site-packages/airflow/example_dags/example_xcomargs.py
[2023-05-07T22:45:22.045+0000] {processor.py:753} INFO - DAG(s) dict_keys(['example_xcom_args', 'example_xcom_args_with_operators']) retrieved from /usr/local/python/3.10.4/lib/python3.10/site-packages/airflow/example_dags/example_xcomargs.py
[2023-05-07T22:45:22.065+0000] {logging_mixin.py:137} INFO - [2023-05-07T22:45:22.065+0000] {dag.py:2690} INFO - Sync 2 DAGs
[2023-05-07T22:45:22.082+0000] {logging_mixin.py:137} INFO - [2023-05-07T22:45:22.081+0000] {dag.py:3437} INFO - Setting next_dagrun for example_xcom_args to None, run_after=None
[2023-05-07T22:45:22.084+0000] {logging_mixin.py:137} INFO - [2023-05-07T22:45:22.084+0000] {dag.py:3437} INFO - Setting next_dagrun for example_xcom_args_with_operators to None, run_after=None
[2023-05-07T22:45:22.123+0000] {processor.py:175} INFO - Processing /usr/local/python/3.10.4/lib/python3.10/site-packages/airflow/example_dags/example_xcomargs.py took 0.108 seconds
[2023-05-07T22:46:01.404+0000] {processor.py:153} INFO - Started process (PID=20879) to work on /usr/local/python/3.10.4/lib/python3.10/site-packages/airflow/example_dags/example_xcomargs.py
[2023-05-07T22:46:01.405+0000] {processor.py:743} INFO - Processing file /usr/local/python/3.10.4/lib/python3.10/site-packages/airflow/example_dags/example_xcomargs.py for tasks to queue
[2023-05-07T22:46:01.406+0000] {logging_mixin.py:137} INFO - [2023-05-07T22:46:01.406+0000] {dagbag.py:538} INFO - Filling up the DagBag from /usr/local/python/3.10.4/lib/python3.10/site-packages/airflow/example_dags/example_xcomargs.py
[2023-05-07T22:46:01.430+0000] {processor.py:753} INFO - DAG(s) dict_keys(['example_xcom_args', 'example_xcom_args_with_operators']) retrieved from /usr/local/python/3.10.4/lib/python3.10/site-packages/airflow/example_dags/example_xcomargs.py
[2023-05-07T22:46:01.449+0000] {logging_mixin.py:137} INFO - [2023-05-07T22:46:01.449+0000] {dag.py:2690} INFO - Sync 2 DAGs
[2023-05-07T22:46:01.466+0000] {logging_mixin.py:137} INFO - [2023-05-07T22:46:01.466+0000] {dag.py:3437} INFO - Setting next_dagrun for example_xcom_args to None, run_after=None
[2023-05-07T22:46:01.468+0000] {logging_mixin.py:137} INFO - [2023-05-07T22:46:01.468+0000] {dag.py:3437} INFO - Setting next_dagrun for example_xcom_args_with_operators to None, run_after=None
[2023-05-07T22:46:01.509+0000] {processor.py:175} INFO - Processing /usr/local/python/3.10.4/lib/python3.10/site-packages/airflow/example_dags/example_xcomargs.py took 0.107 seconds
[2023-05-07T22:46:32.821+0000] {processor.py:153} INFO - Started process (PID=21194) to work on /usr/local/python/3.10.4/lib/python3.10/site-packages/airflow/example_dags/example_xcomargs.py
[2023-05-07T22:46:32.821+0000] {processor.py:743} INFO - Processing file /usr/local/python/3.10.4/lib/python3.10/site-packages/airflow/example_dags/example_xcomargs.py for tasks to queue
[2023-05-07T22:46:32.822+0000] {logging_mixin.py:137} INFO - [2023-05-07T22:46:32.822+0000] {dagbag.py:538} INFO - Filling up the DagBag from /usr/local/python/3.10.4/lib/python3.10/site-packages/airflow/example_dags/example_xcomargs.py
[2023-05-07T22:46:32.854+0000] {processor.py:753} INFO - DAG(s) dict_keys(['example_xcom_args', 'example_xcom_args_with_operators']) retrieved from /usr/local/python/3.10.4/lib/python3.10/site-packages/airflow/example_dags/example_xcomargs.py
[2023-05-07T22:46:32.876+0000] {logging_mixin.py:137} INFO - [2023-05-07T22:46:32.876+0000] {dag.py:2690} INFO - Sync 2 DAGs
[2023-05-07T22:46:32.892+0000] {logging_mixin.py:137} INFO - [2023-05-07T22:46:32.892+0000] {dag.py:3437} INFO - Setting next_dagrun for example_xcom_args to None, run_after=None
[2023-05-07T22:46:32.895+0000] {logging_mixin.py:137} INFO - [2023-05-07T22:46:32.894+0000] {dag.py:3437} INFO - Setting next_dagrun for example_xcom_args_with_operators to None, run_after=None
[2023-05-07T22:46:32.932+0000] {processor.py:175} INFO - Processing /usr/local/python/3.10.4/lib/python3.10/site-packages/airflow/example_dags/example_xcomargs.py took 0.115 seconds
[2023-05-07T22:47:08.188+0000] {processor.py:153} INFO - Started process (PID=21495) to work on /usr/local/python/3.10.4/lib/python3.10/site-packages/airflow/example_dags/example_xcomargs.py
[2023-05-07T22:47:08.188+0000] {processor.py:743} INFO - Processing file /usr/local/python/3.10.4/lib/python3.10/site-packages/airflow/example_dags/example_xcomargs.py for tasks to queue
[2023-05-07T22:47:08.189+0000] {logging_mixin.py:137} INFO - [2023-05-07T22:47:08.189+0000] {dagbag.py:538} INFO - Filling up the DagBag from /usr/local/python/3.10.4/lib/python3.10/site-packages/airflow/example_dags/example_xcomargs.py
[2023-05-07T22:47:08.212+0000] {processor.py:753} INFO - DAG(s) dict_keys(['example_xcom_args_with_operators', 'example_xcom_args']) retrieved from /usr/local/python/3.10.4/lib/python3.10/site-packages/airflow/example_dags/example_xcomargs.py
[2023-05-07T22:47:08.232+0000] {logging_mixin.py:137} INFO - [2023-05-07T22:47:08.232+0000] {dag.py:2690} INFO - Sync 2 DAGs
[2023-05-07T22:47:08.249+0000] {logging_mixin.py:137} INFO - [2023-05-07T22:47:08.249+0000] {dag.py:3437} INFO - Setting next_dagrun for example_xcom_args to None, run_after=None
[2023-05-07T22:47:08.252+0000] {logging_mixin.py:137} INFO - [2023-05-07T22:47:08.252+0000] {dag.py:3437} INFO - Setting next_dagrun for example_xcom_args_with_operators to None, run_after=None
[2023-05-07T22:47:08.290+0000] {processor.py:175} INFO - Processing /usr/local/python/3.10.4/lib/python3.10/site-packages/airflow/example_dags/example_xcomargs.py took 0.105 seconds
[2023-05-07T22:47:39.548+0000] {processor.py:153} INFO - Started process (PID=21710) to work on /usr/local/python/3.10.4/lib/python3.10/site-packages/airflow/example_dags/example_xcomargs.py
[2023-05-07T22:47:39.554+0000] {processor.py:743} INFO - Processing file /usr/local/python/3.10.4/lib/python3.10/site-packages/airflow/example_dags/example_xcomargs.py for tasks to queue
[2023-05-07T22:47:39.555+0000] {logging_mixin.py:137} INFO - [2023-05-07T22:47:39.554+0000] {dagbag.py:538} INFO - Filling up the DagBag from /usr/local/python/3.10.4/lib/python3.10/site-packages/airflow/example_dags/example_xcomargs.py
[2023-05-07T22:47:39.579+0000] {processor.py:753} INFO - DAG(s) dict_keys(['example_xcom_args', 'example_xcom_args_with_operators']) retrieved from /usr/local/python/3.10.4/lib/python3.10/site-packages/airflow/example_dags/example_xcomargs.py
[2023-05-07T22:47:39.598+0000] {logging_mixin.py:137} INFO - [2023-05-07T22:47:39.598+0000] {dag.py:2690} INFO - Sync 2 DAGs
[2023-05-07T22:47:39.616+0000] {logging_mixin.py:137} INFO - [2023-05-07T22:47:39.616+0000] {dag.py:3437} INFO - Setting next_dagrun for example_xcom_args to None, run_after=None
[2023-05-07T22:47:39.618+0000] {logging_mixin.py:137} INFO - [2023-05-07T22:47:39.618+0000] {dag.py:3437} INFO - Setting next_dagrun for example_xcom_args_with_operators to None, run_after=None
[2023-05-07T22:47:39.657+0000] {processor.py:175} INFO - Processing /usr/local/python/3.10.4/lib/python3.10/site-packages/airflow/example_dags/example_xcomargs.py took 0.112 seconds
[2023-05-07T22:48:11.002+0000] {processor.py:153} INFO - Started process (PID=21981) to work on /usr/local/python/3.10.4/lib/python3.10/site-packages/airflow/example_dags/example_xcomargs.py
[2023-05-07T22:48:11.003+0000] {processor.py:743} INFO - Processing file /usr/local/python/3.10.4/lib/python3.10/site-packages/airflow/example_dags/example_xcomargs.py for tasks to queue
[2023-05-07T22:48:11.004+0000] {logging_mixin.py:137} INFO - [2023-05-07T22:48:11.004+0000] {dagbag.py:538} INFO - Filling up the DagBag from /usr/local/python/3.10.4/lib/python3.10/site-packages/airflow/example_dags/example_xcomargs.py
[2023-05-07T22:48:11.027+0000] {processor.py:753} INFO - DAG(s) dict_keys(['example_xcom_args_with_operators', 'example_xcom_args']) retrieved from /usr/local/python/3.10.4/lib/python3.10/site-packages/airflow/example_dags/example_xcomargs.py
[2023-05-07T22:48:11.046+0000] {logging_mixin.py:137} INFO - [2023-05-07T22:48:11.045+0000] {dag.py:2690} INFO - Sync 2 DAGs
[2023-05-07T22:48:11.064+0000] {logging_mixin.py:137} INFO - [2023-05-07T22:48:11.064+0000] {dag.py:3437} INFO - Setting next_dagrun for example_xcom_args to None, run_after=None
[2023-05-07T22:48:11.067+0000] {logging_mixin.py:137} INFO - [2023-05-07T22:48:11.066+0000] {dag.py:3437} INFO - Setting next_dagrun for example_xcom_args_with_operators to None, run_after=None
[2023-05-07T22:48:11.105+0000] {processor.py:175} INFO - Processing /usr/local/python/3.10.4/lib/python3.10/site-packages/airflow/example_dags/example_xcomargs.py took 0.105 seconds
[2023-05-07T22:48:45.965+0000] {processor.py:153} INFO - Started process (PID=22338) to work on /usr/local/python/3.10.4/lib/python3.10/site-packages/airflow/example_dags/example_xcomargs.py
[2023-05-07T22:48:45.966+0000] {processor.py:743} INFO - Processing file /usr/local/python/3.10.4/lib/python3.10/site-packages/airflow/example_dags/example_xcomargs.py for tasks to queue
[2023-05-07T22:48:45.967+0000] {logging_mixin.py:137} INFO - [2023-05-07T22:48:45.967+0000] {dagbag.py:538} INFO - Filling up the DagBag from /usr/local/python/3.10.4/lib/python3.10/site-packages/airflow/example_dags/example_xcomargs.py
[2023-05-07T22:48:45.990+0000] {processor.py:753} INFO - DAG(s) dict_keys(['example_xcom_args', 'example_xcom_args_with_operators']) retrieved from /usr/local/python/3.10.4/lib/python3.10/site-packages/airflow/example_dags/example_xcomargs.py
[2023-05-07T22:48:46.009+0000] {logging_mixin.py:137} INFO - [2023-05-07T22:48:46.009+0000] {dag.py:2690} INFO - Sync 2 DAGs
[2023-05-07T22:48:46.026+0000] {logging_mixin.py:137} INFO - [2023-05-07T22:48:46.026+0000] {dag.py:3437} INFO - Setting next_dagrun for example_xcom_args to None, run_after=None
[2023-05-07T22:48:46.028+0000] {logging_mixin.py:137} INFO - [2023-05-07T22:48:46.028+0000] {dag.py:3437} INFO - Setting next_dagrun for example_xcom_args_with_operators to None, run_after=None
[2023-05-07T22:48:46.068+0000] {processor.py:175} INFO - Processing /usr/local/python/3.10.4/lib/python3.10/site-packages/airflow/example_dags/example_xcomargs.py took 0.105 seconds
[2023-05-07T22:49:18.777+0000] {processor.py:153} INFO - Started process (PID=22682) to work on /usr/local/python/3.10.4/lib/python3.10/site-packages/airflow/example_dags/example_xcomargs.py
[2023-05-07T22:49:18.777+0000] {processor.py:743} INFO - Processing file /usr/local/python/3.10.4/lib/python3.10/site-packages/airflow/example_dags/example_xcomargs.py for tasks to queue
[2023-05-07T22:49:18.778+0000] {logging_mixin.py:137} INFO - [2023-05-07T22:49:18.778+0000] {dagbag.py:538} INFO - Filling up the DagBag from /usr/local/python/3.10.4/lib/python3.10/site-packages/airflow/example_dags/example_xcomargs.py
[2023-05-07T22:49:18.801+0000] {processor.py:753} INFO - DAG(s) dict_keys(['example_xcom_args_with_operators', 'example_xcom_args']) retrieved from /usr/local/python/3.10.4/lib/python3.10/site-packages/airflow/example_dags/example_xcomargs.py
[2023-05-07T22:49:18.820+0000] {logging_mixin.py:137} INFO - [2023-05-07T22:49:18.820+0000] {dag.py:2690} INFO - Sync 2 DAGs
[2023-05-07T22:49:18.836+0000] {logging_mixin.py:137} INFO - [2023-05-07T22:49:18.836+0000] {dag.py:3437} INFO - Setting next_dagrun for example_xcom_args to None, run_after=None
[2023-05-07T22:49:18.838+0000] {logging_mixin.py:137} INFO - [2023-05-07T22:49:18.838+0000] {dag.py:3437} INFO - Setting next_dagrun for example_xcom_args_with_operators to None, run_after=None
[2023-05-07T22:49:18.878+0000] {processor.py:175} INFO - Processing /usr/local/python/3.10.4/lib/python3.10/site-packages/airflow/example_dags/example_xcomargs.py took 0.105 seconds
[2023-05-07T22:49:51.307+0000] {processor.py:153} INFO - Started process (PID=22980) to work on /usr/local/python/3.10.4/lib/python3.10/site-packages/airflow/example_dags/example_xcomargs.py
[2023-05-07T22:49:51.308+0000] {processor.py:743} INFO - Processing file /usr/local/python/3.10.4/lib/python3.10/site-packages/airflow/example_dags/example_xcomargs.py for tasks to queue
[2023-05-07T22:49:51.308+0000] {logging_mixin.py:137} INFO - [2023-05-07T22:49:51.308+0000] {dagbag.py:538} INFO - Filling up the DagBag from /usr/local/python/3.10.4/lib/python3.10/site-packages/airflow/example_dags/example_xcomargs.py
[2023-05-07T22:49:51.332+0000] {processor.py:753} INFO - DAG(s) dict_keys(['example_xcom_args', 'example_xcom_args_with_operators']) retrieved from /usr/local/python/3.10.4/lib/python3.10/site-packages/airflow/example_dags/example_xcomargs.py
[2023-05-07T22:49:51.360+0000] {logging_mixin.py:137} INFO - [2023-05-07T22:49:51.360+0000] {dag.py:2690} INFO - Sync 2 DAGs
[2023-05-07T22:49:51.388+0000] {logging_mixin.py:137} INFO - [2023-05-07T22:49:51.388+0000] {dag.py:3437} INFO - Setting next_dagrun for example_xcom_args to None, run_after=None
[2023-05-07T22:49:51.393+0000] {logging_mixin.py:137} INFO - [2023-05-07T22:49:51.392+0000] {dag.py:3437} INFO - Setting next_dagrun for example_xcom_args_with_operators to None, run_after=None
[2023-05-07T22:49:51.434+0000] {processor.py:175} INFO - Processing /usr/local/python/3.10.4/lib/python3.10/site-packages/airflow/example_dags/example_xcomargs.py took 0.130 seconds
[2023-05-07T22:50:25.195+0000] {processor.py:153} INFO - Started process (PID=23248) to work on /usr/local/python/3.10.4/lib/python3.10/site-packages/airflow/example_dags/example_xcomargs.py
[2023-05-07T22:50:25.196+0000] {processor.py:743} INFO - Processing file /usr/local/python/3.10.4/lib/python3.10/site-packages/airflow/example_dags/example_xcomargs.py for tasks to queue
[2023-05-07T22:50:25.197+0000] {logging_mixin.py:137} INFO - [2023-05-07T22:50:25.197+0000] {dagbag.py:538} INFO - Filling up the DagBag from /usr/local/python/3.10.4/lib/python3.10/site-packages/airflow/example_dags/example_xcomargs.py
[2023-05-07T22:50:25.219+0000] {processor.py:753} INFO - DAG(s) dict_keys(['example_xcom_args', 'example_xcom_args_with_operators']) retrieved from /usr/local/python/3.10.4/lib/python3.10/site-packages/airflow/example_dags/example_xcomargs.py
[2023-05-07T22:50:25.238+0000] {logging_mixin.py:137} INFO - [2023-05-07T22:50:25.238+0000] {dag.py:2690} INFO - Sync 2 DAGs
[2023-05-07T22:50:25.254+0000] {logging_mixin.py:137} INFO - [2023-05-07T22:50:25.254+0000] {dag.py:3437} INFO - Setting next_dagrun for example_xcom_args to None, run_after=None
[2023-05-07T22:50:25.257+0000] {logging_mixin.py:137} INFO - [2023-05-07T22:50:25.257+0000] {dag.py:3437} INFO - Setting next_dagrun for example_xcom_args_with_operators to None, run_after=None
[2023-05-07T22:50:25.295+0000] {processor.py:175} INFO - Processing /usr/local/python/3.10.4/lib/python3.10/site-packages/airflow/example_dags/example_xcomargs.py took 0.104 seconds
[2023-05-07T22:51:07.089+0000] {processor.py:153} INFO - Started process (PID=23608) to work on /usr/local/python/3.10.4/lib/python3.10/site-packages/airflow/example_dags/example_xcomargs.py
[2023-05-07T22:51:07.090+0000] {processor.py:743} INFO - Processing file /usr/local/python/3.10.4/lib/python3.10/site-packages/airflow/example_dags/example_xcomargs.py for tasks to queue
[2023-05-07T22:51:07.090+0000] {logging_mixin.py:137} INFO - [2023-05-07T22:51:07.090+0000] {dagbag.py:538} INFO - Filling up the DagBag from /usr/local/python/3.10.4/lib/python3.10/site-packages/airflow/example_dags/example_xcomargs.py
[2023-05-07T22:51:07.115+0000] {processor.py:753} INFO - DAG(s) dict_keys(['example_xcom_args', 'example_xcom_args_with_operators']) retrieved from /usr/local/python/3.10.4/lib/python3.10/site-packages/airflow/example_dags/example_xcomargs.py
[2023-05-07T22:51:07.135+0000] {logging_mixin.py:137} INFO - [2023-05-07T22:51:07.135+0000] {dag.py:2690} INFO - Sync 2 DAGs
[2023-05-07T22:51:07.151+0000] {logging_mixin.py:137} INFO - [2023-05-07T22:51:07.151+0000] {dag.py:3437} INFO - Setting next_dagrun for example_xcom_args to None, run_after=None
[2023-05-07T22:51:07.154+0000] {logging_mixin.py:137} INFO - [2023-05-07T22:51:07.154+0000] {dag.py:3437} INFO - Setting next_dagrun for example_xcom_args_with_operators to None, run_after=None
[2023-05-07T22:51:07.193+0000] {processor.py:175} INFO - Processing /usr/local/python/3.10.4/lib/python3.10/site-packages/airflow/example_dags/example_xcomargs.py took 0.108 seconds
[2023-05-07T22:51:38.742+0000] {processor.py:153} INFO - Started process (PID=23860) to work on /usr/local/python/3.10.4/lib/python3.10/site-packages/airflow/example_dags/example_xcomargs.py
[2023-05-07T22:51:38.743+0000] {processor.py:743} INFO - Processing file /usr/local/python/3.10.4/lib/python3.10/site-packages/airflow/example_dags/example_xcomargs.py for tasks to queue
[2023-05-07T22:51:38.743+0000] {logging_mixin.py:137} INFO - [2023-05-07T22:51:38.743+0000] {dagbag.py:538} INFO - Filling up the DagBag from /usr/local/python/3.10.4/lib/python3.10/site-packages/airflow/example_dags/example_xcomargs.py
[2023-05-07T22:51:38.767+0000] {processor.py:753} INFO - DAG(s) dict_keys(['example_xcom_args_with_operators', 'example_xcom_args']) retrieved from /usr/local/python/3.10.4/lib/python3.10/site-packages/airflow/example_dags/example_xcomargs.py
[2023-05-07T22:51:38.785+0000] {logging_mixin.py:137} INFO - [2023-05-07T22:51:38.785+0000] {dag.py:2690} INFO - Sync 2 DAGs
[2023-05-07T22:51:38.803+0000] {logging_mixin.py:137} INFO - [2023-05-07T22:51:38.803+0000] {dag.py:3437} INFO - Setting next_dagrun for example_xcom_args to None, run_after=None
[2023-05-07T22:51:38.805+0000] {logging_mixin.py:137} INFO - [2023-05-07T22:51:38.805+0000] {dag.py:3437} INFO - Setting next_dagrun for example_xcom_args_with_operators to None, run_after=None
[2023-05-07T22:51:38.843+0000] {processor.py:175} INFO - Processing /usr/local/python/3.10.4/lib/python3.10/site-packages/airflow/example_dags/example_xcomargs.py took 0.104 seconds
[2023-05-07T22:52:12.656+0000] {processor.py:153} INFO - Started process (PID=24001) to work on /usr/local/python/3.10.4/lib/python3.10/site-packages/airflow/example_dags/example_xcomargs.py
[2023-05-07T22:52:12.657+0000] {processor.py:743} INFO - Processing file /usr/local/python/3.10.4/lib/python3.10/site-packages/airflow/example_dags/example_xcomargs.py for tasks to queue
[2023-05-07T22:52:12.657+0000] {logging_mixin.py:137} INFO - [2023-05-07T22:52:12.657+0000] {dagbag.py:538} INFO - Filling up the DagBag from /usr/local/python/3.10.4/lib/python3.10/site-packages/airflow/example_dags/example_xcomargs.py
[2023-05-07T22:52:12.681+0000] {processor.py:753} INFO - DAG(s) dict_keys(['example_xcom_args', 'example_xcom_args_with_operators']) retrieved from /usr/local/python/3.10.4/lib/python3.10/site-packages/airflow/example_dags/example_xcomargs.py
[2023-05-07T22:52:12.700+0000] {logging_mixin.py:137} INFO - [2023-05-07T22:52:12.700+0000] {dag.py:2690} INFO - Sync 2 DAGs
[2023-05-07T22:52:12.717+0000] {logging_mixin.py:137} INFO - [2023-05-07T22:52:12.717+0000] {dag.py:3437} INFO - Setting next_dagrun for example_xcom_args to None, run_after=None
[2023-05-07T22:52:12.720+0000] {logging_mixin.py:137} INFO - [2023-05-07T22:52:12.719+0000] {dag.py:3437} INFO - Setting next_dagrun for example_xcom_args_with_operators to None, run_after=None
[2023-05-07T22:52:12.758+0000] {processor.py:175} INFO - Processing /usr/local/python/3.10.4/lib/python3.10/site-packages/airflow/example_dags/example_xcomargs.py took 0.105 seconds
[2023-05-07T22:52:53.493+0000] {processor.py:153} INFO - Started process (PID=24129) to work on /usr/local/python/3.10.4/lib/python3.10/site-packages/airflow/example_dags/example_xcomargs.py
[2023-05-07T22:52:53.494+0000] {processor.py:743} INFO - Processing file /usr/local/python/3.10.4/lib/python3.10/site-packages/airflow/example_dags/example_xcomargs.py for tasks to queue
[2023-05-07T22:52:53.495+0000] {logging_mixin.py:137} INFO - [2023-05-07T22:52:53.495+0000] {dagbag.py:538} INFO - Filling up the DagBag from /usr/local/python/3.10.4/lib/python3.10/site-packages/airflow/example_dags/example_xcomargs.py
[2023-05-07T22:52:53.518+0000] {processor.py:753} INFO - DAG(s) dict_keys(['example_xcom_args', 'example_xcom_args_with_operators']) retrieved from /usr/local/python/3.10.4/lib/python3.10/site-packages/airflow/example_dags/example_xcomargs.py
[2023-05-07T22:52:53.538+0000] {logging_mixin.py:137} INFO - [2023-05-07T22:52:53.538+0000] {dag.py:2690} INFO - Sync 2 DAGs
[2023-05-07T22:52:53.554+0000] {logging_mixin.py:137} INFO - [2023-05-07T22:52:53.554+0000] {dag.py:3437} INFO - Setting next_dagrun for example_xcom_args to None, run_after=None
[2023-05-07T22:52:53.557+0000] {logging_mixin.py:137} INFO - [2023-05-07T22:52:53.557+0000] {dag.py:3437} INFO - Setting next_dagrun for example_xcom_args_with_operators to None, run_after=None
[2023-05-07T22:52:53.594+0000] {processor.py:175} INFO - Processing /usr/local/python/3.10.4/lib/python3.10/site-packages/airflow/example_dags/example_xcomargs.py took 0.104 seconds
[2023-05-07T22:53:25.816+0000] {processor.py:153} INFO - Started process (PID=25151) to work on /usr/local/python/3.10.4/lib/python3.10/site-packages/airflow/example_dags/example_xcomargs.py
[2023-05-07T22:53:25.817+0000] {processor.py:743} INFO - Processing file /usr/local/python/3.10.4/lib/python3.10/site-packages/airflow/example_dags/example_xcomargs.py for tasks to queue
[2023-05-07T22:53:25.817+0000] {logging_mixin.py:137} INFO - [2023-05-07T22:53:25.817+0000] {dagbag.py:538} INFO - Filling up the DagBag from /usr/local/python/3.10.4/lib/python3.10/site-packages/airflow/example_dags/example_xcomargs.py
[2023-05-07T22:53:25.840+0000] {processor.py:753} INFO - DAG(s) dict_keys(['example_xcom_args', 'example_xcom_args_with_operators']) retrieved from /usr/local/python/3.10.4/lib/python3.10/site-packages/airflow/example_dags/example_xcomargs.py
[2023-05-07T22:53:25.859+0000] {logging_mixin.py:137} INFO - [2023-05-07T22:53:25.859+0000] {dag.py:2690} INFO - Sync 2 DAGs
[2023-05-07T22:53:25.875+0000] {logging_mixin.py:137} INFO - [2023-05-07T22:53:25.875+0000] {dag.py:3437} INFO - Setting next_dagrun for example_xcom_args to None, run_after=None
[2023-05-07T22:53:25.878+0000] {logging_mixin.py:137} INFO - [2023-05-07T22:53:25.878+0000] {dag.py:3437} INFO - Setting next_dagrun for example_xcom_args_with_operators to None, run_after=None
[2023-05-07T22:53:25.916+0000] {processor.py:175} INFO - Processing /usr/local/python/3.10.4/lib/python3.10/site-packages/airflow/example_dags/example_xcomargs.py took 0.103 seconds
