[2023-05-07T22:22:28.329+0000] {processor.py:153} INFO - Started process (PID=9963) to work on /usr/local/python/3.10.4/lib/python3.10/site-packages/airflow/example_dags/example_latest_only_with_trigger.py
[2023-05-07T22:22:28.330+0000] {processor.py:743} INFO - Processing file /usr/local/python/3.10.4/lib/python3.10/site-packages/airflow/example_dags/example_latest_only_with_trigger.py for tasks to queue
[2023-05-07T22:22:28.331+0000] {logging_mixin.py:137} INFO - [2023-05-07T22:22:28.331+0000] {dagbag.py:538} INFO - Filling up the DagBag from /usr/local/python/3.10.4/lib/python3.10/site-packages/airflow/example_dags/example_latest_only_with_trigger.py
[2023-05-07T22:22:28.343+0000] {processor.py:753} INFO - DAG(s) dict_keys(['latest_only_with_trigger']) retrieved from /usr/local/python/3.10.4/lib/python3.10/site-packages/airflow/example_dags/example_latest_only_with_trigger.py
[2023-05-07T22:22:28.486+0000] {logging_mixin.py:137} INFO - [2023-05-07T22:22:28.485+0000] {manager.py:504} INFO - Created Permission View: can edit on DAG:latest_only_with_trigger
[2023-05-07T22:22:28.520+0000] {logging_mixin.py:137} INFO - [2023-05-07T22:22:28.520+0000] {manager.py:504} INFO - Created Permission View: can delete on DAG:latest_only_with_trigger
[2023-05-07T22:22:28.552+0000] {logging_mixin.py:137} INFO - [2023-05-07T22:22:28.552+0000] {manager.py:504} INFO - Created Permission View: can read on DAG:latest_only_with_trigger
[2023-05-07T22:22:28.552+0000] {logging_mixin.py:137} INFO - [2023-05-07T22:22:28.552+0000] {dag.py:2690} INFO - Sync 1 DAGs
[2023-05-07T22:22:28.561+0000] {logging_mixin.py:137} INFO - [2023-05-07T22:22:28.561+0000] {dag.py:2711} INFO - Creating ORM DAG for latest_only_with_trigger
[2023-05-07T22:22:28.569+0000] {logging_mixin.py:137} INFO - [2023-05-07T22:22:28.569+0000] {dag.py:3437} INFO - Setting next_dagrun for latest_only_with_trigger to 2023-05-07T18:22:28.569335+00:00, run_after=2023-05-07T22:22:28.569335+00:00
[2023-05-07T22:22:28.616+0000] {processor.py:175} INFO - Processing /usr/local/python/3.10.4/lib/python3.10/site-packages/airflow/example_dags/example_latest_only_with_trigger.py took 0.291 seconds
[2023-05-07T22:23:11.729+0000] {processor.py:153} INFO - Started process (PID=10262) to work on /usr/local/python/3.10.4/lib/python3.10/site-packages/airflow/example_dags/example_latest_only_with_trigger.py
[2023-05-07T22:23:11.729+0000] {processor.py:743} INFO - Processing file /usr/local/python/3.10.4/lib/python3.10/site-packages/airflow/example_dags/example_latest_only_with_trigger.py for tasks to queue
[2023-05-07T22:23:11.730+0000] {logging_mixin.py:137} INFO - [2023-05-07T22:23:11.730+0000] {dagbag.py:538} INFO - Filling up the DagBag from /usr/local/python/3.10.4/lib/python3.10/site-packages/airflow/example_dags/example_latest_only_with_trigger.py
[2023-05-07T22:23:11.743+0000] {processor.py:753} INFO - DAG(s) dict_keys(['latest_only_with_trigger']) retrieved from /usr/local/python/3.10.4/lib/python3.10/site-packages/airflow/example_dags/example_latest_only_with_trigger.py
[2023-05-07T22:23:11.760+0000] {logging_mixin.py:137} INFO - [2023-05-07T22:23:11.760+0000] {dag.py:2690} INFO - Sync 1 DAGs
[2023-05-07T22:23:11.777+0000] {logging_mixin.py:137} INFO - [2023-05-07T22:23:11.777+0000] {dag.py:3437} INFO - Setting next_dagrun for latest_only_with_trigger to 2023-05-07T18:23:11.777628+00:00, run_after=2023-05-07T22:23:11.777628+00:00
[2023-05-07T22:23:11.821+0000] {processor.py:175} INFO - Processing /usr/local/python/3.10.4/lib/python3.10/site-packages/airflow/example_dags/example_latest_only_with_trigger.py took 0.095 seconds
[2023-05-07T22:23:52.487+0000] {processor.py:153} INFO - Started process (PID=10657) to work on /usr/local/python/3.10.4/lib/python3.10/site-packages/airflow/example_dags/example_latest_only_with_trigger.py
[2023-05-07T22:23:52.488+0000] {processor.py:743} INFO - Processing file /usr/local/python/3.10.4/lib/python3.10/site-packages/airflow/example_dags/example_latest_only_with_trigger.py for tasks to queue
[2023-05-07T22:23:52.489+0000] {logging_mixin.py:137} INFO - [2023-05-07T22:23:52.488+0000] {dagbag.py:538} INFO - Filling up the DagBag from /usr/local/python/3.10.4/lib/python3.10/site-packages/airflow/example_dags/example_latest_only_with_trigger.py
[2023-05-07T22:23:52.510+0000] {processor.py:753} INFO - DAG(s) dict_keys(['latest_only_with_trigger']) retrieved from /usr/local/python/3.10.4/lib/python3.10/site-packages/airflow/example_dags/example_latest_only_with_trigger.py
[2023-05-07T22:23:52.532+0000] {logging_mixin.py:137} INFO - [2023-05-07T22:23:52.531+0000] {dag.py:2690} INFO - Sync 1 DAGs
[2023-05-07T22:23:52.558+0000] {logging_mixin.py:137} INFO - [2023-05-07T22:23:52.557+0000] {dag.py:3437} INFO - Setting next_dagrun for latest_only_with_trigger to 2023-05-07T18:23:52.557492+00:00, run_after=2023-05-07T22:23:52.557492+00:00
[2023-05-07T22:23:52.617+0000] {processor.py:175} INFO - Processing /usr/local/python/3.10.4/lib/python3.10/site-packages/airflow/example_dags/example_latest_only_with_trigger.py took 0.134 seconds
[2023-05-07T22:24:36.531+0000] {processor.py:153} INFO - Started process (PID=11022) to work on /usr/local/python/3.10.4/lib/python3.10/site-packages/airflow/example_dags/example_latest_only_with_trigger.py
[2023-05-07T22:24:36.535+0000] {processor.py:743} INFO - Processing file /usr/local/python/3.10.4/lib/python3.10/site-packages/airflow/example_dags/example_latest_only_with_trigger.py for tasks to queue
[2023-05-07T22:24:36.536+0000] {logging_mixin.py:137} INFO - [2023-05-07T22:24:36.536+0000] {dagbag.py:538} INFO - Filling up the DagBag from /usr/local/python/3.10.4/lib/python3.10/site-packages/airflow/example_dags/example_latest_only_with_trigger.py
[2023-05-07T22:24:36.588+0000] {processor.py:753} INFO - DAG(s) dict_keys(['latest_only_with_trigger']) retrieved from /usr/local/python/3.10.4/lib/python3.10/site-packages/airflow/example_dags/example_latest_only_with_trigger.py
[2023-05-07T22:24:36.616+0000] {logging_mixin.py:137} INFO - [2023-05-07T22:24:36.616+0000] {dag.py:2690} INFO - Sync 1 DAGs
[2023-05-07T22:24:36.656+0000] {logging_mixin.py:137} INFO - [2023-05-07T22:24:36.656+0000] {dag.py:3437} INFO - Setting next_dagrun for latest_only_with_trigger to 2023-05-07T18:24:36.656107+00:00, run_after=2023-05-07T22:24:36.656107+00:00
[2023-05-07T22:24:36.770+0000] {processor.py:175} INFO - Processing /usr/local/python/3.10.4/lib/python3.10/site-packages/airflow/example_dags/example_latest_only_with_trigger.py took 0.243 seconds
[2023-05-07T22:25:22.286+0000] {processor.py:153} INFO - Started process (PID=11357) to work on /usr/local/python/3.10.4/lib/python3.10/site-packages/airflow/example_dags/example_latest_only_with_trigger.py
[2023-05-07T22:25:22.287+0000] {processor.py:743} INFO - Processing file /usr/local/python/3.10.4/lib/python3.10/site-packages/airflow/example_dags/example_latest_only_with_trigger.py for tasks to queue
[2023-05-07T22:25:22.287+0000] {logging_mixin.py:137} INFO - [2023-05-07T22:25:22.287+0000] {dagbag.py:538} INFO - Filling up the DagBag from /usr/local/python/3.10.4/lib/python3.10/site-packages/airflow/example_dags/example_latest_only_with_trigger.py
[2023-05-07T22:25:22.300+0000] {processor.py:753} INFO - DAG(s) dict_keys(['latest_only_with_trigger']) retrieved from /usr/local/python/3.10.4/lib/python3.10/site-packages/airflow/example_dags/example_latest_only_with_trigger.py
[2023-05-07T22:25:22.317+0000] {logging_mixin.py:137} INFO - [2023-05-07T22:25:22.317+0000] {dag.py:2690} INFO - Sync 1 DAGs
[2023-05-07T22:25:22.333+0000] {logging_mixin.py:137} INFO - [2023-05-07T22:25:22.333+0000] {dag.py:3437} INFO - Setting next_dagrun for latest_only_with_trigger to 2023-05-07T18:25:22.333609+00:00, run_after=2023-05-07T22:25:22.333609+00:00
[2023-05-07T22:25:22.385+0000] {processor.py:175} INFO - Processing /usr/local/python/3.10.4/lib/python3.10/site-packages/airflow/example_dags/example_latest_only_with_trigger.py took 0.102 seconds
[2023-05-07T22:26:06.854+0000] {processor.py:153} INFO - Started process (PID=11676) to work on /usr/local/python/3.10.4/lib/python3.10/site-packages/airflow/example_dags/example_latest_only_with_trigger.py
[2023-05-07T22:26:06.855+0000] {processor.py:743} INFO - Processing file /usr/local/python/3.10.4/lib/python3.10/site-packages/airflow/example_dags/example_latest_only_with_trigger.py for tasks to queue
[2023-05-07T22:26:06.855+0000] {logging_mixin.py:137} INFO - [2023-05-07T22:26:06.855+0000] {dagbag.py:538} INFO - Filling up the DagBag from /usr/local/python/3.10.4/lib/python3.10/site-packages/airflow/example_dags/example_latest_only_with_trigger.py
[2023-05-07T22:26:06.869+0000] {processor.py:753} INFO - DAG(s) dict_keys(['latest_only_with_trigger']) retrieved from /usr/local/python/3.10.4/lib/python3.10/site-packages/airflow/example_dags/example_latest_only_with_trigger.py
[2023-05-07T22:26:06.886+0000] {logging_mixin.py:137} INFO - [2023-05-07T22:26:06.885+0000] {dag.py:2690} INFO - Sync 1 DAGs
[2023-05-07T22:26:06.903+0000] {logging_mixin.py:137} INFO - [2023-05-07T22:26:06.903+0000] {dag.py:3437} INFO - Setting next_dagrun for latest_only_with_trigger to 2023-05-07T18:26:06.903097+00:00, run_after=2023-05-07T22:26:06.903097+00:00
[2023-05-07T22:26:06.944+0000] {processor.py:175} INFO - Processing /usr/local/python/3.10.4/lib/python3.10/site-packages/airflow/example_dags/example_latest_only_with_trigger.py took 0.093 seconds
[2023-05-07T22:26:47.789+0000] {processor.py:153} INFO - Started process (PID=11963) to work on /usr/local/python/3.10.4/lib/python3.10/site-packages/airflow/example_dags/example_latest_only_with_trigger.py
[2023-05-07T22:26:47.790+0000] {processor.py:743} INFO - Processing file /usr/local/python/3.10.4/lib/python3.10/site-packages/airflow/example_dags/example_latest_only_with_trigger.py for tasks to queue
[2023-05-07T22:26:47.791+0000] {logging_mixin.py:137} INFO - [2023-05-07T22:26:47.791+0000] {dagbag.py:538} INFO - Filling up the DagBag from /usr/local/python/3.10.4/lib/python3.10/site-packages/airflow/example_dags/example_latest_only_with_trigger.py
[2023-05-07T22:26:47.803+0000] {processor.py:753} INFO - DAG(s) dict_keys(['latest_only_with_trigger']) retrieved from /usr/local/python/3.10.4/lib/python3.10/site-packages/airflow/example_dags/example_latest_only_with_trigger.py
[2023-05-07T22:26:47.819+0000] {logging_mixin.py:137} INFO - [2023-05-07T22:26:47.819+0000] {dag.py:2690} INFO - Sync 1 DAGs
[2023-05-07T22:26:47.837+0000] {logging_mixin.py:137} INFO - [2023-05-07T22:26:47.837+0000] {dag.py:3437} INFO - Setting next_dagrun for latest_only_with_trigger to 2023-05-07T18:26:47.837537+00:00, run_after=2023-05-07T22:26:47.837537+00:00
[2023-05-07T22:26:47.880+0000] {processor.py:175} INFO - Processing /usr/local/python/3.10.4/lib/python3.10/site-packages/airflow/example_dags/example_latest_only_with_trigger.py took 0.094 seconds
[2023-05-07T22:27:30.547+0000] {processor.py:153} INFO - Started process (PID=12246) to work on /usr/local/python/3.10.4/lib/python3.10/site-packages/airflow/example_dags/example_latest_only_with_trigger.py
[2023-05-07T22:27:30.547+0000] {processor.py:743} INFO - Processing file /usr/local/python/3.10.4/lib/python3.10/site-packages/airflow/example_dags/example_latest_only_with_trigger.py for tasks to queue
[2023-05-07T22:27:30.548+0000] {logging_mixin.py:137} INFO - [2023-05-07T22:27:30.548+0000] {dagbag.py:538} INFO - Filling up the DagBag from /usr/local/python/3.10.4/lib/python3.10/site-packages/airflow/example_dags/example_latest_only_with_trigger.py
[2023-05-07T22:27:30.561+0000] {processor.py:753} INFO - DAG(s) dict_keys(['latest_only_with_trigger']) retrieved from /usr/local/python/3.10.4/lib/python3.10/site-packages/airflow/example_dags/example_latest_only_with_trigger.py
[2023-05-07T22:27:30.577+0000] {logging_mixin.py:137} INFO - [2023-05-07T22:27:30.577+0000] {dag.py:2690} INFO - Sync 1 DAGs
[2023-05-07T22:27:30.594+0000] {logging_mixin.py:137} INFO - [2023-05-07T22:27:30.594+0000] {dag.py:3437} INFO - Setting next_dagrun for latest_only_with_trigger to 2023-05-07T18:27:30.594068+00:00, run_after=2023-05-07T22:27:30.594068+00:00
[2023-05-07T22:27:30.636+0000] {processor.py:175} INFO - Processing /usr/local/python/3.10.4/lib/python3.10/site-packages/airflow/example_dags/example_latest_only_with_trigger.py took 0.093 seconds
[2023-05-07T22:28:14.060+0000] {processor.py:153} INFO - Started process (PID=12549) to work on /usr/local/python/3.10.4/lib/python3.10/site-packages/airflow/example_dags/example_latest_only_with_trigger.py
[2023-05-07T22:28:14.061+0000] {processor.py:743} INFO - Processing file /usr/local/python/3.10.4/lib/python3.10/site-packages/airflow/example_dags/example_latest_only_with_trigger.py for tasks to queue
[2023-05-07T22:28:14.062+0000] {logging_mixin.py:137} INFO - [2023-05-07T22:28:14.061+0000] {dagbag.py:538} INFO - Filling up the DagBag from /usr/local/python/3.10.4/lib/python3.10/site-packages/airflow/example_dags/example_latest_only_with_trigger.py
[2023-05-07T22:28:14.075+0000] {processor.py:753} INFO - DAG(s) dict_keys(['latest_only_with_trigger']) retrieved from /usr/local/python/3.10.4/lib/python3.10/site-packages/airflow/example_dags/example_latest_only_with_trigger.py
[2023-05-07T22:28:14.093+0000] {logging_mixin.py:137} INFO - [2023-05-07T22:28:14.093+0000] {dag.py:2690} INFO - Sync 1 DAGs
[2023-05-07T22:28:14.120+0000] {logging_mixin.py:137} INFO - [2023-05-07T22:28:14.120+0000] {dag.py:3437} INFO - Setting next_dagrun for latest_only_with_trigger to 2023-05-07T18:28:14.120145+00:00, run_after=2023-05-07T22:28:14.120145+00:00
[2023-05-07T22:28:14.172+0000] {processor.py:175} INFO - Processing /usr/local/python/3.10.4/lib/python3.10/site-packages/airflow/example_dags/example_latest_only_with_trigger.py took 0.115 seconds
[2023-05-07T22:28:57.188+0000] {processor.py:153} INFO - Started process (PID=12862) to work on /usr/local/python/3.10.4/lib/python3.10/site-packages/airflow/example_dags/example_latest_only_with_trigger.py
[2023-05-07T22:28:57.189+0000] {processor.py:743} INFO - Processing file /usr/local/python/3.10.4/lib/python3.10/site-packages/airflow/example_dags/example_latest_only_with_trigger.py for tasks to queue
[2023-05-07T22:28:57.189+0000] {logging_mixin.py:137} INFO - [2023-05-07T22:28:57.189+0000] {dagbag.py:538} INFO - Filling up the DagBag from /usr/local/python/3.10.4/lib/python3.10/site-packages/airflow/example_dags/example_latest_only_with_trigger.py
[2023-05-07T22:28:57.203+0000] {processor.py:753} INFO - DAG(s) dict_keys(['latest_only_with_trigger']) retrieved from /usr/local/python/3.10.4/lib/python3.10/site-packages/airflow/example_dags/example_latest_only_with_trigger.py
[2023-05-07T22:28:57.219+0000] {logging_mixin.py:137} INFO - [2023-05-07T22:28:57.219+0000] {dag.py:2690} INFO - Sync 1 DAGs
[2023-05-07T22:28:57.236+0000] {logging_mixin.py:137} INFO - [2023-05-07T22:28:57.236+0000] {dag.py:3437} INFO - Setting next_dagrun for latest_only_with_trigger to 2023-05-07T18:28:57.236013+00:00, run_after=2023-05-07T22:28:57.236013+00:00
[2023-05-07T22:28:57.280+0000] {processor.py:175} INFO - Processing /usr/local/python/3.10.4/lib/python3.10/site-packages/airflow/example_dags/example_latest_only_with_trigger.py took 0.095 seconds
[2023-05-07T22:29:40.677+0000] {processor.py:153} INFO - Started process (PID=13157) to work on /usr/local/python/3.10.4/lib/python3.10/site-packages/airflow/example_dags/example_latest_only_with_trigger.py
[2023-05-07T22:29:40.678+0000] {processor.py:743} INFO - Processing file /usr/local/python/3.10.4/lib/python3.10/site-packages/airflow/example_dags/example_latest_only_with_trigger.py for tasks to queue
[2023-05-07T22:29:40.678+0000] {logging_mixin.py:137} INFO - [2023-05-07T22:29:40.678+0000] {dagbag.py:538} INFO - Filling up the DagBag from /usr/local/python/3.10.4/lib/python3.10/site-packages/airflow/example_dags/example_latest_only_with_trigger.py
[2023-05-07T22:29:40.690+0000] {processor.py:753} INFO - DAG(s) dict_keys(['latest_only_with_trigger']) retrieved from /usr/local/python/3.10.4/lib/python3.10/site-packages/airflow/example_dags/example_latest_only_with_trigger.py
[2023-05-07T22:29:40.706+0000] {logging_mixin.py:137} INFO - [2023-05-07T22:29:40.706+0000] {dag.py:2690} INFO - Sync 1 DAGs
[2023-05-07T22:29:40.723+0000] {logging_mixin.py:137} INFO - [2023-05-07T22:29:40.723+0000] {dag.py:3437} INFO - Setting next_dagrun for latest_only_with_trigger to 2023-05-07T18:29:40.722907+00:00, run_after=2023-05-07T22:29:40.722907+00:00
[2023-05-07T22:29:40.764+0000] {processor.py:175} INFO - Processing /usr/local/python/3.10.4/lib/python3.10/site-packages/airflow/example_dags/example_latest_only_with_trigger.py took 0.091 seconds
[2023-05-07T22:30:19.746+0000] {processor.py:153} INFO - Started process (PID=13435) to work on /usr/local/python/3.10.4/lib/python3.10/site-packages/airflow/example_dags/example_latest_only_with_trigger.py
[2023-05-07T22:30:19.747+0000] {processor.py:743} INFO - Processing file /usr/local/python/3.10.4/lib/python3.10/site-packages/airflow/example_dags/example_latest_only_with_trigger.py for tasks to queue
[2023-05-07T22:30:19.748+0000] {logging_mixin.py:137} INFO - [2023-05-07T22:30:19.748+0000] {dagbag.py:538} INFO - Filling up the DagBag from /usr/local/python/3.10.4/lib/python3.10/site-packages/airflow/example_dags/example_latest_only_with_trigger.py
[2023-05-07T22:30:19.761+0000] {processor.py:753} INFO - DAG(s) dict_keys(['latest_only_with_trigger']) retrieved from /usr/local/python/3.10.4/lib/python3.10/site-packages/airflow/example_dags/example_latest_only_with_trigger.py
[2023-05-07T22:30:19.778+0000] {logging_mixin.py:137} INFO - [2023-05-07T22:30:19.778+0000] {dag.py:2690} INFO - Sync 1 DAGs
[2023-05-07T22:30:19.796+0000] {logging_mixin.py:137} INFO - [2023-05-07T22:30:19.795+0000] {dag.py:3437} INFO - Setting next_dagrun for latest_only_with_trigger to 2023-05-07T18:30:19.795695+00:00, run_after=2023-05-07T22:30:19.795695+00:00
[2023-05-07T22:30:19.969+0000] {processor.py:175} INFO - Processing /usr/local/python/3.10.4/lib/python3.10/site-packages/airflow/example_dags/example_latest_only_with_trigger.py took 0.225 seconds
[2023-05-07T22:31:09.599+0000] {processor.py:153} INFO - Started process (PID=13766) to work on /usr/local/python/3.10.4/lib/python3.10/site-packages/airflow/example_dags/example_latest_only_with_trigger.py
[2023-05-07T22:31:09.600+0000] {processor.py:743} INFO - Processing file /usr/local/python/3.10.4/lib/python3.10/site-packages/airflow/example_dags/example_latest_only_with_trigger.py for tasks to queue
[2023-05-07T22:31:09.600+0000] {logging_mixin.py:137} INFO - [2023-05-07T22:31:09.600+0000] {dagbag.py:538} INFO - Filling up the DagBag from /usr/local/python/3.10.4/lib/python3.10/site-packages/airflow/example_dags/example_latest_only_with_trigger.py
[2023-05-07T22:31:09.617+0000] {processor.py:753} INFO - DAG(s) dict_keys(['latest_only_with_trigger']) retrieved from /usr/local/python/3.10.4/lib/python3.10/site-packages/airflow/example_dags/example_latest_only_with_trigger.py
[2023-05-07T22:31:09.634+0000] {logging_mixin.py:137} INFO - [2023-05-07T22:31:09.633+0000] {dag.py:2690} INFO - Sync 1 DAGs
[2023-05-07T22:31:09.761+0000] {logging_mixin.py:137} INFO - [2023-05-07T22:31:09.761+0000] {dag.py:3437} INFO - Setting next_dagrun for latest_only_with_trigger to 2023-05-07T18:31:09.761123+00:00, run_after=2023-05-07T22:31:09.761123+00:00
[2023-05-07T22:31:09.801+0000] {processor.py:175} INFO - Processing /usr/local/python/3.10.4/lib/python3.10/site-packages/airflow/example_dags/example_latest_only_with_trigger.py took 0.206 seconds
[2023-05-07T22:31:58.216+0000] {processor.py:153} INFO - Started process (PID=14084) to work on /usr/local/python/3.10.4/lib/python3.10/site-packages/airflow/example_dags/example_latest_only_with_trigger.py
[2023-05-07T22:31:58.217+0000] {processor.py:743} INFO - Processing file /usr/local/python/3.10.4/lib/python3.10/site-packages/airflow/example_dags/example_latest_only_with_trigger.py for tasks to queue
[2023-05-07T22:31:58.218+0000] {logging_mixin.py:137} INFO - [2023-05-07T22:31:58.217+0000] {dagbag.py:538} INFO - Filling up the DagBag from /usr/local/python/3.10.4/lib/python3.10/site-packages/airflow/example_dags/example_latest_only_with_trigger.py
[2023-05-07T22:31:58.231+0000] {processor.py:753} INFO - DAG(s) dict_keys(['latest_only_with_trigger']) retrieved from /usr/local/python/3.10.4/lib/python3.10/site-packages/airflow/example_dags/example_latest_only_with_trigger.py
[2023-05-07T22:31:58.247+0000] {logging_mixin.py:137} INFO - [2023-05-07T22:31:58.247+0000] {dag.py:2690} INFO - Sync 1 DAGs
[2023-05-07T22:31:58.375+0000] {logging_mixin.py:137} INFO - [2023-05-07T22:31:58.375+0000] {dag.py:3437} INFO - Setting next_dagrun for latest_only_with_trigger to 2023-05-07T18:31:58.375550+00:00, run_after=2023-05-07T22:31:58.375550+00:00
[2023-05-07T22:31:58.417+0000] {processor.py:175} INFO - Processing /usr/local/python/3.10.4/lib/python3.10/site-packages/airflow/example_dags/example_latest_only_with_trigger.py took 0.204 seconds
[2023-05-07T22:32:42.466+0000] {processor.py:153} INFO - Started process (PID=14409) to work on /usr/local/python/3.10.4/lib/python3.10/site-packages/airflow/example_dags/example_latest_only_with_trigger.py
[2023-05-07T22:32:42.467+0000] {processor.py:743} INFO - Processing file /usr/local/python/3.10.4/lib/python3.10/site-packages/airflow/example_dags/example_latest_only_with_trigger.py for tasks to queue
[2023-05-07T22:32:42.468+0000] {logging_mixin.py:137} INFO - [2023-05-07T22:32:42.468+0000] {dagbag.py:538} INFO - Filling up the DagBag from /usr/local/python/3.10.4/lib/python3.10/site-packages/airflow/example_dags/example_latest_only_with_trigger.py
[2023-05-07T22:32:42.481+0000] {processor.py:753} INFO - DAG(s) dict_keys(['latest_only_with_trigger']) retrieved from /usr/local/python/3.10.4/lib/python3.10/site-packages/airflow/example_dags/example_latest_only_with_trigger.py
[2023-05-07T22:32:42.605+0000] {logging_mixin.py:137} INFO - [2023-05-07T22:32:42.605+0000] {dag.py:2690} INFO - Sync 1 DAGs
[2023-05-07T22:32:42.620+0000] {logging_mixin.py:137} INFO - [2023-05-07T22:32:42.620+0000] {dag.py:3437} INFO - Setting next_dagrun for latest_only_with_trigger to 2023-05-07T18:32:42.620172+00:00, run_after=2023-05-07T22:32:42.620172+00:00
[2023-05-07T22:32:42.661+0000] {processor.py:175} INFO - Processing /usr/local/python/3.10.4/lib/python3.10/site-packages/airflow/example_dags/example_latest_only_with_trigger.py took 0.198 seconds
[2023-05-07T22:33:32.957+0000] {processor.py:153} INFO - Started process (PID=14765) to work on /usr/local/python/3.10.4/lib/python3.10/site-packages/airflow/example_dags/example_latest_only_with_trigger.py
[2023-05-07T22:33:32.957+0000] {processor.py:743} INFO - Processing file /usr/local/python/3.10.4/lib/python3.10/site-packages/airflow/example_dags/example_latest_only_with_trigger.py for tasks to queue
[2023-05-07T22:33:32.958+0000] {logging_mixin.py:137} INFO - [2023-05-07T22:33:32.958+0000] {dagbag.py:538} INFO - Filling up the DagBag from /usr/local/python/3.10.4/lib/python3.10/site-packages/airflow/example_dags/example_latest_only_with_trigger.py
[2023-05-07T22:33:33.085+0000] {processor.py:753} INFO - DAG(s) dict_keys(['latest_only_with_trigger']) retrieved from /usr/local/python/3.10.4/lib/python3.10/site-packages/airflow/example_dags/example_latest_only_with_trigger.py
[2023-05-07T22:33:33.098+0000] {logging_mixin.py:137} INFO - [2023-05-07T22:33:33.098+0000] {dag.py:2690} INFO - Sync 1 DAGs
[2023-05-07T22:33:33.112+0000] {logging_mixin.py:137} INFO - [2023-05-07T22:33:33.112+0000] {dag.py:3437} INFO - Setting next_dagrun for latest_only_with_trigger to 2023-05-07T18:33:33.112554+00:00, run_after=2023-05-07T22:33:33.112554+00:00
[2023-05-07T22:33:33.153+0000] {processor.py:175} INFO - Processing /usr/local/python/3.10.4/lib/python3.10/site-packages/airflow/example_dags/example_latest_only_with_trigger.py took 0.200 seconds
[2023-05-07T22:34:21.654+0000] {processor.py:153} INFO - Started process (PID=15149) to work on /usr/local/python/3.10.4/lib/python3.10/site-packages/airflow/example_dags/example_latest_only_with_trigger.py
[2023-05-07T22:34:21.655+0000] {processor.py:743} INFO - Processing file /usr/local/python/3.10.4/lib/python3.10/site-packages/airflow/example_dags/example_latest_only_with_trigger.py for tasks to queue
[2023-05-07T22:34:21.655+0000] {logging_mixin.py:137} INFO - [2023-05-07T22:34:21.655+0000] {dagbag.py:538} INFO - Filling up the DagBag from /usr/local/python/3.10.4/lib/python3.10/site-packages/airflow/example_dags/example_latest_only_with_trigger.py
[2023-05-07T22:34:21.777+0000] {processor.py:753} INFO - DAG(s) dict_keys(['latest_only_with_trigger']) retrieved from /usr/local/python/3.10.4/lib/python3.10/site-packages/airflow/example_dags/example_latest_only_with_trigger.py
[2023-05-07T22:34:21.790+0000] {logging_mixin.py:137} INFO - [2023-05-07T22:34:21.790+0000] {dag.py:2690} INFO - Sync 1 DAGs
[2023-05-07T22:34:21.804+0000] {logging_mixin.py:137} INFO - [2023-05-07T22:34:21.804+0000] {dag.py:3437} INFO - Setting next_dagrun for latest_only_with_trigger to 2023-05-07T18:34:21.804653+00:00, run_after=2023-05-07T22:34:21.804653+00:00
[2023-05-07T22:34:21.851+0000] {processor.py:175} INFO - Processing /usr/local/python/3.10.4/lib/python3.10/site-packages/airflow/example_dags/example_latest_only_with_trigger.py took 0.200 seconds
[2023-05-07T22:35:02.718+0000] {processor.py:153} INFO - Started process (PID=15437) to work on /usr/local/python/3.10.4/lib/python3.10/site-packages/airflow/example_dags/example_latest_only_with_trigger.py
[2023-05-07T22:35:02.719+0000] {processor.py:743} INFO - Processing file /usr/local/python/3.10.4/lib/python3.10/site-packages/airflow/example_dags/example_latest_only_with_trigger.py for tasks to queue
[2023-05-07T22:35:02.719+0000] {logging_mixin.py:137} INFO - [2023-05-07T22:35:02.719+0000] {dagbag.py:538} INFO - Filling up the DagBag from /usr/local/python/3.10.4/lib/python3.10/site-packages/airflow/example_dags/example_latest_only_with_trigger.py
[2023-05-07T22:35:02.733+0000] {processor.py:753} INFO - DAG(s) dict_keys(['latest_only_with_trigger']) retrieved from /usr/local/python/3.10.4/lib/python3.10/site-packages/airflow/example_dags/example_latest_only_with_trigger.py
[2023-05-07T22:35:02.749+0000] {logging_mixin.py:137} INFO - [2023-05-07T22:35:02.749+0000] {dag.py:2690} INFO - Sync 1 DAGs
[2023-05-07T22:35:02.767+0000] {logging_mixin.py:137} INFO - [2023-05-07T22:35:02.767+0000] {dag.py:3437} INFO - Setting next_dagrun for latest_only_with_trigger to 2023-05-07T18:35:02.767418+00:00, run_after=2023-05-07T22:35:02.767418+00:00
[2023-05-07T22:35:02.810+0000] {processor.py:175} INFO - Processing /usr/local/python/3.10.4/lib/python3.10/site-packages/airflow/example_dags/example_latest_only_with_trigger.py took 0.095 seconds
[2023-05-07T22:35:43.128+0000] {processor.py:153} INFO - Started process (PID=15715) to work on /usr/local/python/3.10.4/lib/python3.10/site-packages/airflow/example_dags/example_latest_only_with_trigger.py
[2023-05-07T22:35:43.129+0000] {processor.py:743} INFO - Processing file /usr/local/python/3.10.4/lib/python3.10/site-packages/airflow/example_dags/example_latest_only_with_trigger.py for tasks to queue
[2023-05-07T22:35:43.130+0000] {logging_mixin.py:137} INFO - [2023-05-07T22:35:43.129+0000] {dagbag.py:538} INFO - Filling up the DagBag from /usr/local/python/3.10.4/lib/python3.10/site-packages/airflow/example_dags/example_latest_only_with_trigger.py
[2023-05-07T22:35:43.143+0000] {processor.py:753} INFO - DAG(s) dict_keys(['latest_only_with_trigger']) retrieved from /usr/local/python/3.10.4/lib/python3.10/site-packages/airflow/example_dags/example_latest_only_with_trigger.py
[2023-05-07T22:35:43.160+0000] {logging_mixin.py:137} INFO - [2023-05-07T22:35:43.160+0000] {dag.py:2690} INFO - Sync 1 DAGs
[2023-05-07T22:35:43.178+0000] {logging_mixin.py:137} INFO - [2023-05-07T22:35:43.178+0000] {dag.py:3437} INFO - Setting next_dagrun for latest_only_with_trigger to 2023-05-07T18:35:43.178441+00:00, run_after=2023-05-07T22:35:43.178441+00:00
[2023-05-07T22:35:43.221+0000] {processor.py:175} INFO - Processing /usr/local/python/3.10.4/lib/python3.10/site-packages/airflow/example_dags/example_latest_only_with_trigger.py took 0.095 seconds
[2023-05-07T22:36:29.280+0000] {processor.py:153} INFO - Started process (PID=16055) to work on /usr/local/python/3.10.4/lib/python3.10/site-packages/airflow/example_dags/example_latest_only_with_trigger.py
[2023-05-07T22:36:29.280+0000] {processor.py:743} INFO - Processing file /usr/local/python/3.10.4/lib/python3.10/site-packages/airflow/example_dags/example_latest_only_with_trigger.py for tasks to queue
[2023-05-07T22:36:29.281+0000] {logging_mixin.py:137} INFO - [2023-05-07T22:36:29.281+0000] {dagbag.py:538} INFO - Filling up the DagBag from /usr/local/python/3.10.4/lib/python3.10/site-packages/airflow/example_dags/example_latest_only_with_trigger.py
[2023-05-07T22:36:29.294+0000] {processor.py:753} INFO - DAG(s) dict_keys(['latest_only_with_trigger']) retrieved from /usr/local/python/3.10.4/lib/python3.10/site-packages/airflow/example_dags/example_latest_only_with_trigger.py
[2023-05-07T22:36:29.311+0000] {logging_mixin.py:137} INFO - [2023-05-07T22:36:29.311+0000] {dag.py:2690} INFO - Sync 1 DAGs
[2023-05-07T22:36:29.328+0000] {logging_mixin.py:137} INFO - [2023-05-07T22:36:29.328+0000] {dag.py:3437} INFO - Setting next_dagrun for latest_only_with_trigger to 2023-05-07T18:36:29.328334+00:00, run_after=2023-05-07T22:36:29.328334+00:00
[2023-05-07T22:36:29.370+0000] {processor.py:175} INFO - Processing /usr/local/python/3.10.4/lib/python3.10/site-packages/airflow/example_dags/example_latest_only_with_trigger.py took 0.093 seconds
[2023-05-07T22:37:12.295+0000] {processor.py:153} INFO - Started process (PID=16357) to work on /usr/local/python/3.10.4/lib/python3.10/site-packages/airflow/example_dags/example_latest_only_with_trigger.py
[2023-05-07T22:37:12.296+0000] {processor.py:743} INFO - Processing file /usr/local/python/3.10.4/lib/python3.10/site-packages/airflow/example_dags/example_latest_only_with_trigger.py for tasks to queue
[2023-05-07T22:37:12.297+0000] {logging_mixin.py:137} INFO - [2023-05-07T22:37:12.297+0000] {dagbag.py:538} INFO - Filling up the DagBag from /usr/local/python/3.10.4/lib/python3.10/site-packages/airflow/example_dags/example_latest_only_with_trigger.py
[2023-05-07T22:37:12.310+0000] {processor.py:753} INFO - DAG(s) dict_keys(['latest_only_with_trigger']) retrieved from /usr/local/python/3.10.4/lib/python3.10/site-packages/airflow/example_dags/example_latest_only_with_trigger.py
[2023-05-07T22:37:12.327+0000] {logging_mixin.py:137} INFO - [2023-05-07T22:37:12.327+0000] {dag.py:2690} INFO - Sync 1 DAGs
[2023-05-07T22:37:12.346+0000] {logging_mixin.py:137} INFO - [2023-05-07T22:37:12.346+0000] {dag.py:3437} INFO - Setting next_dagrun for latest_only_with_trigger to 2023-05-07T18:37:12.346381+00:00, run_after=2023-05-07T22:37:12.346381+00:00
[2023-05-07T22:37:12.388+0000] {processor.py:175} INFO - Processing /usr/local/python/3.10.4/lib/python3.10/site-packages/airflow/example_dags/example_latest_only_with_trigger.py took 0.096 seconds
[2023-05-07T22:37:56.563+0000] {processor.py:153} INFO - Started process (PID=16681) to work on /usr/local/python/3.10.4/lib/python3.10/site-packages/airflow/example_dags/example_latest_only_with_trigger.py
[2023-05-07T22:37:56.563+0000] {processor.py:743} INFO - Processing file /usr/local/python/3.10.4/lib/python3.10/site-packages/airflow/example_dags/example_latest_only_with_trigger.py for tasks to queue
[2023-05-07T22:37:56.564+0000] {logging_mixin.py:137} INFO - [2023-05-07T22:37:56.564+0000] {dagbag.py:538} INFO - Filling up the DagBag from /usr/local/python/3.10.4/lib/python3.10/site-packages/airflow/example_dags/example_latest_only_with_trigger.py
[2023-05-07T22:37:56.579+0000] {processor.py:753} INFO - DAG(s) dict_keys(['latest_only_with_trigger']) retrieved from /usr/local/python/3.10.4/lib/python3.10/site-packages/airflow/example_dags/example_latest_only_with_trigger.py
[2023-05-07T22:37:56.594+0000] {logging_mixin.py:137} INFO - [2023-05-07T22:37:56.594+0000] {dag.py:2690} INFO - Sync 1 DAGs
[2023-05-07T22:37:56.611+0000] {logging_mixin.py:137} INFO - [2023-05-07T22:37:56.611+0000] {dag.py:3437} INFO - Setting next_dagrun for latest_only_with_trigger to 2023-05-07T18:37:56.611521+00:00, run_after=2023-05-07T22:37:56.611521+00:00
[2023-05-07T22:37:56.653+0000] {processor.py:175} INFO - Processing /usr/local/python/3.10.4/lib/python3.10/site-packages/airflow/example_dags/example_latest_only_with_trigger.py took 0.093 seconds
[2023-05-07T22:38:41.464+0000] {processor.py:153} INFO - Started process (PID=17012) to work on /usr/local/python/3.10.4/lib/python3.10/site-packages/airflow/example_dags/example_latest_only_with_trigger.py
[2023-05-07T22:38:41.468+0000] {processor.py:743} INFO - Processing file /usr/local/python/3.10.4/lib/python3.10/site-packages/airflow/example_dags/example_latest_only_with_trigger.py for tasks to queue
[2023-05-07T22:38:41.469+0000] {logging_mixin.py:137} INFO - [2023-05-07T22:38:41.468+0000] {dagbag.py:538} INFO - Filling up the DagBag from /usr/local/python/3.10.4/lib/python3.10/site-packages/airflow/example_dags/example_latest_only_with_trigger.py
[2023-05-07T22:38:41.483+0000] {processor.py:753} INFO - DAG(s) dict_keys(['latest_only_with_trigger']) retrieved from /usr/local/python/3.10.4/lib/python3.10/site-packages/airflow/example_dags/example_latest_only_with_trigger.py
[2023-05-07T22:38:41.501+0000] {logging_mixin.py:137} INFO - [2023-05-07T22:38:41.501+0000] {dag.py:2690} INFO - Sync 1 DAGs
[2023-05-07T22:38:41.518+0000] {logging_mixin.py:137} INFO - [2023-05-07T22:38:41.518+0000] {dag.py:3437} INFO - Setting next_dagrun for latest_only_with_trigger to 2023-05-07T18:38:41.517998+00:00, run_after=2023-05-07T22:38:41.517998+00:00
[2023-05-07T22:38:41.560+0000] {processor.py:175} INFO - Processing /usr/local/python/3.10.4/lib/python3.10/site-packages/airflow/example_dags/example_latest_only_with_trigger.py took 0.098 seconds
[2023-05-07T22:39:24.780+0000] {processor.py:153} INFO - Started process (PID=17322) to work on /usr/local/python/3.10.4/lib/python3.10/site-packages/airflow/example_dags/example_latest_only_with_trigger.py
[2023-05-07T22:39:24.781+0000] {processor.py:743} INFO - Processing file /usr/local/python/3.10.4/lib/python3.10/site-packages/airflow/example_dags/example_latest_only_with_trigger.py for tasks to queue
[2023-05-07T22:39:24.782+0000] {logging_mixin.py:137} INFO - [2023-05-07T22:39:24.782+0000] {dagbag.py:538} INFO - Filling up the DagBag from /usr/local/python/3.10.4/lib/python3.10/site-packages/airflow/example_dags/example_latest_only_with_trigger.py
[2023-05-07T22:39:24.802+0000] {processor.py:753} INFO - DAG(s) dict_keys(['latest_only_with_trigger']) retrieved from /usr/local/python/3.10.4/lib/python3.10/site-packages/airflow/example_dags/example_latest_only_with_trigger.py
[2023-05-07T22:39:24.817+0000] {logging_mixin.py:137} INFO - [2023-05-07T22:39:24.817+0000] {dag.py:2690} INFO - Sync 1 DAGs
[2023-05-07T22:39:24.835+0000] {logging_mixin.py:137} INFO - [2023-05-07T22:39:24.835+0000] {dag.py:3437} INFO - Setting next_dagrun for latest_only_with_trigger to 2023-05-07T18:39:24.835623+00:00, run_after=2023-05-07T22:39:24.835623+00:00
[2023-05-07T22:39:24.876+0000] {processor.py:175} INFO - Processing /usr/local/python/3.10.4/lib/python3.10/site-packages/airflow/example_dags/example_latest_only_with_trigger.py took 0.100 seconds
[2023-05-07T22:40:08.884+0000] {processor.py:153} INFO - Started process (PID=17647) to work on /usr/local/python/3.10.4/lib/python3.10/site-packages/airflow/example_dags/example_latest_only_with_trigger.py
[2023-05-07T22:40:08.885+0000] {processor.py:743} INFO - Processing file /usr/local/python/3.10.4/lib/python3.10/site-packages/airflow/example_dags/example_latest_only_with_trigger.py for tasks to queue
[2023-05-07T22:40:08.885+0000] {logging_mixin.py:137} INFO - [2023-05-07T22:40:08.885+0000] {dagbag.py:538} INFO - Filling up the DagBag from /usr/local/python/3.10.4/lib/python3.10/site-packages/airflow/example_dags/example_latest_only_with_trigger.py
[2023-05-07T22:40:08.898+0000] {processor.py:753} INFO - DAG(s) dict_keys(['latest_only_with_trigger']) retrieved from /usr/local/python/3.10.4/lib/python3.10/site-packages/airflow/example_dags/example_latest_only_with_trigger.py
[2023-05-07T22:40:08.914+0000] {logging_mixin.py:137} INFO - [2023-05-07T22:40:08.914+0000] {dag.py:2690} INFO - Sync 1 DAGs
[2023-05-07T22:40:08.932+0000] {logging_mixin.py:137} INFO - [2023-05-07T22:40:08.932+0000] {dag.py:3437} INFO - Setting next_dagrun for latest_only_with_trigger to 2023-05-07T18:40:08.932333+00:00, run_after=2023-05-07T22:40:08.932333+00:00
[2023-05-07T22:40:08.974+0000] {processor.py:175} INFO - Processing /usr/local/python/3.10.4/lib/python3.10/site-packages/airflow/example_dags/example_latest_only_with_trigger.py took 0.093 seconds
[2023-05-07T22:40:50.445+0000] {processor.py:153} INFO - Started process (PID=17971) to work on /usr/local/python/3.10.4/lib/python3.10/site-packages/airflow/example_dags/example_latest_only_with_trigger.py
[2023-05-07T22:40:50.446+0000] {processor.py:743} INFO - Processing file /usr/local/python/3.10.4/lib/python3.10/site-packages/airflow/example_dags/example_latest_only_with_trigger.py for tasks to queue
[2023-05-07T22:40:50.446+0000] {logging_mixin.py:137} INFO - [2023-05-07T22:40:50.446+0000] {dagbag.py:538} INFO - Filling up the DagBag from /usr/local/python/3.10.4/lib/python3.10/site-packages/airflow/example_dags/example_latest_only_with_trigger.py
[2023-05-07T22:40:50.459+0000] {processor.py:753} INFO - DAG(s) dict_keys(['latest_only_with_trigger']) retrieved from /usr/local/python/3.10.4/lib/python3.10/site-packages/airflow/example_dags/example_latest_only_with_trigger.py
[2023-05-07T22:40:50.475+0000] {logging_mixin.py:137} INFO - [2023-05-07T22:40:50.475+0000] {dag.py:2690} INFO - Sync 1 DAGs
[2023-05-07T22:40:50.492+0000] {logging_mixin.py:137} INFO - [2023-05-07T22:40:50.492+0000] {dag.py:3437} INFO - Setting next_dagrun for latest_only_with_trigger to 2023-05-07T18:40:50.492539+00:00, run_after=2023-05-07T22:40:50.492539+00:00
[2023-05-07T22:40:50.539+0000] {processor.py:175} INFO - Processing /usr/local/python/3.10.4/lib/python3.10/site-packages/airflow/example_dags/example_latest_only_with_trigger.py took 0.097 seconds
[2023-05-07T22:41:30.251+0000] {processor.py:153} INFO - Started process (PID=18253) to work on /usr/local/python/3.10.4/lib/python3.10/site-packages/airflow/example_dags/example_latest_only_with_trigger.py
[2023-05-07T22:41:30.251+0000] {processor.py:743} INFO - Processing file /usr/local/python/3.10.4/lib/python3.10/site-packages/airflow/example_dags/example_latest_only_with_trigger.py for tasks to queue
[2023-05-07T22:41:30.252+0000] {logging_mixin.py:137} INFO - [2023-05-07T22:41:30.252+0000] {dagbag.py:538} INFO - Filling up the DagBag from /usr/local/python/3.10.4/lib/python3.10/site-packages/airflow/example_dags/example_latest_only_with_trigger.py
[2023-05-07T22:41:30.265+0000] {processor.py:753} INFO - DAG(s) dict_keys(['latest_only_with_trigger']) retrieved from /usr/local/python/3.10.4/lib/python3.10/site-packages/airflow/example_dags/example_latest_only_with_trigger.py
[2023-05-07T22:41:30.281+0000] {logging_mixin.py:137} INFO - [2023-05-07T22:41:30.281+0000] {dag.py:2690} INFO - Sync 1 DAGs
[2023-05-07T22:41:30.298+0000] {logging_mixin.py:137} INFO - [2023-05-07T22:41:30.298+0000] {dag.py:3437} INFO - Setting next_dagrun for latest_only_with_trigger to 2023-05-07T18:41:30.297828+00:00, run_after=2023-05-07T22:41:30.297828+00:00
[2023-05-07T22:41:30.345+0000] {processor.py:175} INFO - Processing /usr/local/python/3.10.4/lib/python3.10/site-packages/airflow/example_dags/example_latest_only_with_trigger.py took 0.097 seconds
[2023-05-07T22:42:09.800+0000] {processor.py:153} INFO - Started process (PID=18576) to work on /usr/local/python/3.10.4/lib/python3.10/site-packages/airflow/example_dags/example_latest_only_with_trigger.py
[2023-05-07T22:42:09.801+0000] {processor.py:743} INFO - Processing file /usr/local/python/3.10.4/lib/python3.10/site-packages/airflow/example_dags/example_latest_only_with_trigger.py for tasks to queue
[2023-05-07T22:42:09.802+0000] {logging_mixin.py:137} INFO - [2023-05-07T22:42:09.802+0000] {dagbag.py:538} INFO - Filling up the DagBag from /usr/local/python/3.10.4/lib/python3.10/site-packages/airflow/example_dags/example_latest_only_with_trigger.py
[2023-05-07T22:42:09.815+0000] {processor.py:753} INFO - DAG(s) dict_keys(['latest_only_with_trigger']) retrieved from /usr/local/python/3.10.4/lib/python3.10/site-packages/airflow/example_dags/example_latest_only_with_trigger.py
[2023-05-07T22:42:09.831+0000] {logging_mixin.py:137} INFO - [2023-05-07T22:42:09.831+0000] {dag.py:2690} INFO - Sync 1 DAGs
[2023-05-07T22:42:09.849+0000] {logging_mixin.py:137} INFO - [2023-05-07T22:42:09.849+0000] {dag.py:3437} INFO - Setting next_dagrun for latest_only_with_trigger to 2023-05-07T18:42:09.849147+00:00, run_after=2023-05-07T22:42:09.849147+00:00
[2023-05-07T22:42:09.890+0000] {processor.py:175} INFO - Processing /usr/local/python/3.10.4/lib/python3.10/site-packages/airflow/example_dags/example_latest_only_with_trigger.py took 0.092 seconds
[2023-05-07T22:42:52.810+0000] {processor.py:153} INFO - Started process (PID=18947) to work on /usr/local/python/3.10.4/lib/python3.10/site-packages/airflow/example_dags/example_latest_only_with_trigger.py
[2023-05-07T22:42:52.811+0000] {processor.py:743} INFO - Processing file /usr/local/python/3.10.4/lib/python3.10/site-packages/airflow/example_dags/example_latest_only_with_trigger.py for tasks to queue
[2023-05-07T22:42:52.812+0000] {logging_mixin.py:137} INFO - [2023-05-07T22:42:52.812+0000] {dagbag.py:538} INFO - Filling up the DagBag from /usr/local/python/3.10.4/lib/python3.10/site-packages/airflow/example_dags/example_latest_only_with_trigger.py
[2023-05-07T22:42:52.831+0000] {processor.py:753} INFO - DAG(s) dict_keys(['latest_only_with_trigger']) retrieved from /usr/local/python/3.10.4/lib/python3.10/site-packages/airflow/example_dags/example_latest_only_with_trigger.py
[2023-05-07T22:42:52.858+0000] {logging_mixin.py:137} INFO - [2023-05-07T22:42:52.858+0000] {dag.py:2690} INFO - Sync 1 DAGs
[2023-05-07T22:42:52.881+0000] {logging_mixin.py:137} INFO - [2023-05-07T22:42:52.881+0000] {dag.py:3437} INFO - Setting next_dagrun for latest_only_with_trigger to 2023-05-07T18:42:52.881111+00:00, run_after=2023-05-07T22:42:52.881111+00:00
[2023-05-07T22:42:52.924+0000] {processor.py:175} INFO - Processing /usr/local/python/3.10.4/lib/python3.10/site-packages/airflow/example_dags/example_latest_only_with_trigger.py took 0.118 seconds
[2023-05-07T22:43:37.481+0000] {processor.py:153} INFO - Started process (PID=19479) to work on /usr/local/python/3.10.4/lib/python3.10/site-packages/airflow/example_dags/example_latest_only_with_trigger.py
[2023-05-07T22:43:37.481+0000] {processor.py:743} INFO - Processing file /usr/local/python/3.10.4/lib/python3.10/site-packages/airflow/example_dags/example_latest_only_with_trigger.py for tasks to queue
[2023-05-07T22:43:37.482+0000] {logging_mixin.py:137} INFO - [2023-05-07T22:43:37.482+0000] {dagbag.py:538} INFO - Filling up the DagBag from /usr/local/python/3.10.4/lib/python3.10/site-packages/airflow/example_dags/example_latest_only_with_trigger.py
[2023-05-07T22:43:37.495+0000] {processor.py:753} INFO - DAG(s) dict_keys(['latest_only_with_trigger']) retrieved from /usr/local/python/3.10.4/lib/python3.10/site-packages/airflow/example_dags/example_latest_only_with_trigger.py
[2023-05-07T22:43:37.511+0000] {logging_mixin.py:137} INFO - [2023-05-07T22:43:37.511+0000] {dag.py:2690} INFO - Sync 1 DAGs
[2023-05-07T22:43:37.530+0000] {logging_mixin.py:137} INFO - [2023-05-07T22:43:37.530+0000] {dag.py:3437} INFO - Setting next_dagrun for latest_only_with_trigger to 2023-05-07T18:43:37.529810+00:00, run_after=2023-05-07T22:43:37.529810+00:00
[2023-05-07T22:43:37.570+0000] {processor.py:175} INFO - Processing /usr/local/python/3.10.4/lib/python3.10/site-packages/airflow/example_dags/example_latest_only_with_trigger.py took 0.092 seconds
[2023-05-07T22:44:17.621+0000] {processor.py:153} INFO - Started process (PID=19899) to work on /usr/local/python/3.10.4/lib/python3.10/site-packages/airflow/example_dags/example_latest_only_with_trigger.py
[2023-05-07T22:44:17.622+0000] {processor.py:743} INFO - Processing file /usr/local/python/3.10.4/lib/python3.10/site-packages/airflow/example_dags/example_latest_only_with_trigger.py for tasks to queue
[2023-05-07T22:44:17.623+0000] {logging_mixin.py:137} INFO - [2023-05-07T22:44:17.623+0000] {dagbag.py:538} INFO - Filling up the DagBag from /usr/local/python/3.10.4/lib/python3.10/site-packages/airflow/example_dags/example_latest_only_with_trigger.py
[2023-05-07T22:44:17.636+0000] {processor.py:753} INFO - DAG(s) dict_keys(['latest_only_with_trigger']) retrieved from /usr/local/python/3.10.4/lib/python3.10/site-packages/airflow/example_dags/example_latest_only_with_trigger.py
[2023-05-07T22:44:17.653+0000] {logging_mixin.py:137} INFO - [2023-05-07T22:44:17.652+0000] {dag.py:2690} INFO - Sync 1 DAGs
[2023-05-07T22:44:17.670+0000] {logging_mixin.py:137} INFO - [2023-05-07T22:44:17.670+0000] {dag.py:3437} INFO - Setting next_dagrun for latest_only_with_trigger to 2023-05-07T18:44:17.670264+00:00, run_after=2023-05-07T22:44:17.670264+00:00
[2023-05-07T22:44:17.711+0000] {processor.py:175} INFO - Processing /usr/local/python/3.10.4/lib/python3.10/site-packages/airflow/example_dags/example_latest_only_with_trigger.py took 0.093 seconds
[2023-05-07T22:45:02.756+0000] {processor.py:153} INFO - Started process (PID=20275) to work on /usr/local/python/3.10.4/lib/python3.10/site-packages/airflow/example_dags/example_latest_only_with_trigger.py
[2023-05-07T22:45:02.757+0000] {processor.py:743} INFO - Processing file /usr/local/python/3.10.4/lib/python3.10/site-packages/airflow/example_dags/example_latest_only_with_trigger.py for tasks to queue
[2023-05-07T22:45:02.758+0000] {logging_mixin.py:137} INFO - [2023-05-07T22:45:02.758+0000] {dagbag.py:538} INFO - Filling up the DagBag from /usr/local/python/3.10.4/lib/python3.10/site-packages/airflow/example_dags/example_latest_only_with_trigger.py
[2023-05-07T22:45:02.770+0000] {processor.py:753} INFO - DAG(s) dict_keys(['latest_only_with_trigger']) retrieved from /usr/local/python/3.10.4/lib/python3.10/site-packages/airflow/example_dags/example_latest_only_with_trigger.py
[2023-05-07T22:45:02.787+0000] {logging_mixin.py:137} INFO - [2023-05-07T22:45:02.787+0000] {dag.py:2690} INFO - Sync 1 DAGs
[2023-05-07T22:45:02.804+0000] {logging_mixin.py:137} INFO - [2023-05-07T22:45:02.804+0000] {dag.py:3437} INFO - Setting next_dagrun for latest_only_with_trigger to 2023-05-07T18:45:02.804618+00:00, run_after=2023-05-07T22:45:02.804618+00:00
[2023-05-07T22:45:02.857+0000] {processor.py:175} INFO - Processing /usr/local/python/3.10.4/lib/python3.10/site-packages/airflow/example_dags/example_latest_only_with_trigger.py took 0.104 seconds
[2023-05-07T22:45:46.194+0000] {processor.py:153} INFO - Started process (PID=20702) to work on /usr/local/python/3.10.4/lib/python3.10/site-packages/airflow/example_dags/example_latest_only_with_trigger.py
[2023-05-07T22:45:46.195+0000] {processor.py:743} INFO - Processing file /usr/local/python/3.10.4/lib/python3.10/site-packages/airflow/example_dags/example_latest_only_with_trigger.py for tasks to queue
[2023-05-07T22:45:46.196+0000] {logging_mixin.py:137} INFO - [2023-05-07T22:45:46.196+0000] {dagbag.py:538} INFO - Filling up the DagBag from /usr/local/python/3.10.4/lib/python3.10/site-packages/airflow/example_dags/example_latest_only_with_trigger.py
[2023-05-07T22:45:46.209+0000] {processor.py:753} INFO - DAG(s) dict_keys(['latest_only_with_trigger']) retrieved from /usr/local/python/3.10.4/lib/python3.10/site-packages/airflow/example_dags/example_latest_only_with_trigger.py
[2023-05-07T22:45:46.226+0000] {logging_mixin.py:137} INFO - [2023-05-07T22:45:46.226+0000] {dag.py:2690} INFO - Sync 1 DAGs
[2023-05-07T22:45:46.243+0000] {logging_mixin.py:137} INFO - [2023-05-07T22:45:46.243+0000] {dag.py:3437} INFO - Setting next_dagrun for latest_only_with_trigger to 2023-05-07T18:45:46.243092+00:00, run_after=2023-05-07T22:45:46.243092+00:00
[2023-05-07T22:45:46.283+0000] {processor.py:175} INFO - Processing /usr/local/python/3.10.4/lib/python3.10/site-packages/airflow/example_dags/example_latest_only_with_trigger.py took 0.091 seconds
[2023-05-07T22:46:29.223+0000] {processor.py:153} INFO - Started process (PID=21169) to work on /usr/local/python/3.10.4/lib/python3.10/site-packages/airflow/example_dags/example_latest_only_with_trigger.py
[2023-05-07T22:46:29.224+0000] {processor.py:743} INFO - Processing file /usr/local/python/3.10.4/lib/python3.10/site-packages/airflow/example_dags/example_latest_only_with_trigger.py for tasks to queue
[2023-05-07T22:46:29.226+0000] {logging_mixin.py:137} INFO - [2023-05-07T22:46:29.226+0000] {dagbag.py:538} INFO - Filling up the DagBag from /usr/local/python/3.10.4/lib/python3.10/site-packages/airflow/example_dags/example_latest_only_with_trigger.py
[2023-05-07T22:46:29.239+0000] {processor.py:753} INFO - DAG(s) dict_keys(['latest_only_with_trigger']) retrieved from /usr/local/python/3.10.4/lib/python3.10/site-packages/airflow/example_dags/example_latest_only_with_trigger.py
[2023-05-07T22:46:29.255+0000] {logging_mixin.py:137} INFO - [2023-05-07T22:46:29.255+0000] {dag.py:2690} INFO - Sync 1 DAGs
[2023-05-07T22:46:29.272+0000] {logging_mixin.py:137} INFO - [2023-05-07T22:46:29.272+0000] {dag.py:3437} INFO - Setting next_dagrun for latest_only_with_trigger to 2023-05-07T18:46:29.271830+00:00, run_after=2023-05-07T22:46:29.271830+00:00
[2023-05-07T22:46:29.312+0000] {processor.py:175} INFO - Processing /usr/local/python/3.10.4/lib/python3.10/site-packages/airflow/example_dags/example_latest_only_with_trigger.py took 0.092 seconds
[2023-05-07T22:47:13.456+0000] {processor.py:153} INFO - Started process (PID=21544) to work on /usr/local/python/3.10.4/lib/python3.10/site-packages/airflow/example_dags/example_latest_only_with_trigger.py
[2023-05-07T22:47:13.457+0000] {processor.py:743} INFO - Processing file /usr/local/python/3.10.4/lib/python3.10/site-packages/airflow/example_dags/example_latest_only_with_trigger.py for tasks to queue
[2023-05-07T22:47:13.458+0000] {logging_mixin.py:137} INFO - [2023-05-07T22:47:13.458+0000] {dagbag.py:538} INFO - Filling up the DagBag from /usr/local/python/3.10.4/lib/python3.10/site-packages/airflow/example_dags/example_latest_only_with_trigger.py
[2023-05-07T22:47:13.471+0000] {processor.py:753} INFO - DAG(s) dict_keys(['latest_only_with_trigger']) retrieved from /usr/local/python/3.10.4/lib/python3.10/site-packages/airflow/example_dags/example_latest_only_with_trigger.py
[2023-05-07T22:47:13.487+0000] {logging_mixin.py:137} INFO - [2023-05-07T22:47:13.487+0000] {dag.py:2690} INFO - Sync 1 DAGs
[2023-05-07T22:47:13.504+0000] {logging_mixin.py:137} INFO - [2023-05-07T22:47:13.504+0000] {dag.py:3437} INFO - Setting next_dagrun for latest_only_with_trigger to 2023-05-07T18:47:13.504497+00:00, run_after=2023-05-07T22:47:13.504497+00:00
[2023-05-07T22:47:13.547+0000] {processor.py:175} INFO - Processing /usr/local/python/3.10.4/lib/python3.10/site-packages/airflow/example_dags/example_latest_only_with_trigger.py took 0.094 seconds
[2023-05-07T22:47:54.946+0000] {processor.py:153} INFO - Started process (PID=21831) to work on /usr/local/python/3.10.4/lib/python3.10/site-packages/airflow/example_dags/example_latest_only_with_trigger.py
[2023-05-07T22:47:54.947+0000] {processor.py:743} INFO - Processing file /usr/local/python/3.10.4/lib/python3.10/site-packages/airflow/example_dags/example_latest_only_with_trigger.py for tasks to queue
[2023-05-07T22:47:54.947+0000] {logging_mixin.py:137} INFO - [2023-05-07T22:47:54.947+0000] {dagbag.py:538} INFO - Filling up the DagBag from /usr/local/python/3.10.4/lib/python3.10/site-packages/airflow/example_dags/example_latest_only_with_trigger.py
[2023-05-07T22:47:54.961+0000] {processor.py:753} INFO - DAG(s) dict_keys(['latest_only_with_trigger']) retrieved from /usr/local/python/3.10.4/lib/python3.10/site-packages/airflow/example_dags/example_latest_only_with_trigger.py
[2023-05-07T22:47:54.977+0000] {logging_mixin.py:137} INFO - [2023-05-07T22:47:54.977+0000] {dag.py:2690} INFO - Sync 1 DAGs
[2023-05-07T22:47:54.995+0000] {logging_mixin.py:137} INFO - [2023-05-07T22:47:54.995+0000] {dag.py:3437} INFO - Setting next_dagrun for latest_only_with_trigger to 2023-05-07T18:47:54.995101+00:00, run_after=2023-05-07T22:47:54.995101+00:00
[2023-05-07T22:47:55.036+0000] {processor.py:175} INFO - Processing /usr/local/python/3.10.4/lib/python3.10/site-packages/airflow/example_dags/example_latest_only_with_trigger.py took 0.093 seconds
[2023-05-07T22:48:39.241+0000] {processor.py:153} INFO - Started process (PID=22256) to work on /usr/local/python/3.10.4/lib/python3.10/site-packages/airflow/example_dags/example_latest_only_with_trigger.py
[2023-05-07T22:48:39.242+0000] {processor.py:743} INFO - Processing file /usr/local/python/3.10.4/lib/python3.10/site-packages/airflow/example_dags/example_latest_only_with_trigger.py for tasks to queue
[2023-05-07T22:48:39.243+0000] {logging_mixin.py:137} INFO - [2023-05-07T22:48:39.242+0000] {dagbag.py:538} INFO - Filling up the DagBag from /usr/local/python/3.10.4/lib/python3.10/site-packages/airflow/example_dags/example_latest_only_with_trigger.py
[2023-05-07T22:48:39.256+0000] {processor.py:753} INFO - DAG(s) dict_keys(['latest_only_with_trigger']) retrieved from /usr/local/python/3.10.4/lib/python3.10/site-packages/airflow/example_dags/example_latest_only_with_trigger.py
[2023-05-07T22:48:39.272+0000] {logging_mixin.py:137} INFO - [2023-05-07T22:48:39.272+0000] {dag.py:2690} INFO - Sync 1 DAGs
[2023-05-07T22:48:39.289+0000] {logging_mixin.py:137} INFO - [2023-05-07T22:48:39.289+0000] {dag.py:3437} INFO - Setting next_dagrun for latest_only_with_trigger to 2023-05-07T18:48:39.289084+00:00, run_after=2023-05-07T22:48:39.289084+00:00
[2023-05-07T22:48:39.330+0000] {processor.py:175} INFO - Processing /usr/local/python/3.10.4/lib/python3.10/site-packages/airflow/example_dags/example_latest_only_with_trigger.py took 0.092 seconds
[2023-05-07T22:49:24.044+0000] {processor.py:153} INFO - Started process (PID=22743) to work on /usr/local/python/3.10.4/lib/python3.10/site-packages/airflow/example_dags/example_latest_only_with_trigger.py
[2023-05-07T22:49:24.044+0000] {processor.py:743} INFO - Processing file /usr/local/python/3.10.4/lib/python3.10/site-packages/airflow/example_dags/example_latest_only_with_trigger.py for tasks to queue
[2023-05-07T22:49:24.045+0000] {logging_mixin.py:137} INFO - [2023-05-07T22:49:24.045+0000] {dagbag.py:538} INFO - Filling up the DagBag from /usr/local/python/3.10.4/lib/python3.10/site-packages/airflow/example_dags/example_latest_only_with_trigger.py
[2023-05-07T22:49:24.058+0000] {processor.py:753} INFO - DAG(s) dict_keys(['latest_only_with_trigger']) retrieved from /usr/local/python/3.10.4/lib/python3.10/site-packages/airflow/example_dags/example_latest_only_with_trigger.py
[2023-05-07T22:49:24.075+0000] {logging_mixin.py:137} INFO - [2023-05-07T22:49:24.074+0000] {dag.py:2690} INFO - Sync 1 DAGs
[2023-05-07T22:49:24.092+0000] {logging_mixin.py:137} INFO - [2023-05-07T22:49:24.092+0000] {dag.py:3437} INFO - Setting next_dagrun for latest_only_with_trigger to 2023-05-07T18:49:24.092436+00:00, run_after=2023-05-07T22:49:24.092436+00:00
[2023-05-07T22:49:24.133+0000] {processor.py:175} INFO - Processing /usr/local/python/3.10.4/lib/python3.10/site-packages/airflow/example_dags/example_latest_only_with_trigger.py took 0.092 seconds
[2023-05-07T22:50:06.546+0000] {processor.py:153} INFO - Started process (PID=23100) to work on /usr/local/python/3.10.4/lib/python3.10/site-packages/airflow/example_dags/example_latest_only_with_trigger.py
[2023-05-07T22:50:06.547+0000] {processor.py:743} INFO - Processing file /usr/local/python/3.10.4/lib/python3.10/site-packages/airflow/example_dags/example_latest_only_with_trigger.py for tasks to queue
[2023-05-07T22:50:06.548+0000] {logging_mixin.py:137} INFO - [2023-05-07T22:50:06.548+0000] {dagbag.py:538} INFO - Filling up the DagBag from /usr/local/python/3.10.4/lib/python3.10/site-packages/airflow/example_dags/example_latest_only_with_trigger.py
[2023-05-07T22:50:06.563+0000] {processor.py:753} INFO - DAG(s) dict_keys(['latest_only_with_trigger']) retrieved from /usr/local/python/3.10.4/lib/python3.10/site-packages/airflow/example_dags/example_latest_only_with_trigger.py
[2023-05-07T22:50:06.581+0000] {logging_mixin.py:137} INFO - [2023-05-07T22:50:06.581+0000] {dag.py:2690} INFO - Sync 1 DAGs
[2023-05-07T22:50:06.597+0000] {logging_mixin.py:137} INFO - [2023-05-07T22:50:06.597+0000] {dag.py:3437} INFO - Setting next_dagrun for latest_only_with_trigger to 2023-05-07T18:50:06.597453+00:00, run_after=2023-05-07T22:50:06.597453+00:00
[2023-05-07T22:50:06.637+0000] {processor.py:175} INFO - Processing /usr/local/python/3.10.4/lib/python3.10/site-packages/airflow/example_dags/example_latest_only_with_trigger.py took 0.094 seconds
[2023-05-07T22:50:49.057+0000] {processor.py:153} INFO - Started process (PID=23424) to work on /usr/local/python/3.10.4/lib/python3.10/site-packages/airflow/example_dags/example_latest_only_with_trigger.py
[2023-05-07T22:50:49.058+0000] {processor.py:743} INFO - Processing file /usr/local/python/3.10.4/lib/python3.10/site-packages/airflow/example_dags/example_latest_only_with_trigger.py for tasks to queue
[2023-05-07T22:50:49.059+0000] {logging_mixin.py:137} INFO - [2023-05-07T22:50:49.058+0000] {dagbag.py:538} INFO - Filling up the DagBag from /usr/local/python/3.10.4/lib/python3.10/site-packages/airflow/example_dags/example_latest_only_with_trigger.py
[2023-05-07T22:50:49.073+0000] {processor.py:753} INFO - DAG(s) dict_keys(['latest_only_with_trigger']) retrieved from /usr/local/python/3.10.4/lib/python3.10/site-packages/airflow/example_dags/example_latest_only_with_trigger.py
[2023-05-07T22:50:49.089+0000] {logging_mixin.py:137} INFO - [2023-05-07T22:50:49.089+0000] {dag.py:2690} INFO - Sync 1 DAGs
[2023-05-07T22:50:49.106+0000] {logging_mixin.py:137} INFO - [2023-05-07T22:50:49.106+0000] {dag.py:3437} INFO - Setting next_dagrun for latest_only_with_trigger to 2023-05-07T18:50:49.106376+00:00, run_after=2023-05-07T22:50:49.106376+00:00
[2023-05-07T22:50:49.148+0000] {processor.py:175} INFO - Processing /usr/local/python/3.10.4/lib/python3.10/site-packages/airflow/example_dags/example_latest_only_with_trigger.py took 0.094 seconds
[2023-05-07T22:51:32.275+0000] {processor.py:153} INFO - Started process (PID=23808) to work on /usr/local/python/3.10.4/lib/python3.10/site-packages/airflow/example_dags/example_latest_only_with_trigger.py
[2023-05-07T22:51:32.276+0000] {processor.py:743} INFO - Processing file /usr/local/python/3.10.4/lib/python3.10/site-packages/airflow/example_dags/example_latest_only_with_trigger.py for tasks to queue
[2023-05-07T22:51:32.278+0000] {logging_mixin.py:137} INFO - [2023-05-07T22:51:32.278+0000] {dagbag.py:538} INFO - Filling up the DagBag from /usr/local/python/3.10.4/lib/python3.10/site-packages/airflow/example_dags/example_latest_only_with_trigger.py
[2023-05-07T22:51:32.290+0000] {processor.py:753} INFO - DAG(s) dict_keys(['latest_only_with_trigger']) retrieved from /usr/local/python/3.10.4/lib/python3.10/site-packages/airflow/example_dags/example_latest_only_with_trigger.py
[2023-05-07T22:51:32.307+0000] {logging_mixin.py:137} INFO - [2023-05-07T22:51:32.307+0000] {dag.py:2690} INFO - Sync 1 DAGs
[2023-05-07T22:51:32.324+0000] {logging_mixin.py:137} INFO - [2023-05-07T22:51:32.324+0000] {dag.py:3437} INFO - Setting next_dagrun for latest_only_with_trigger to 2023-05-07T18:51:32.324198+00:00, run_after=2023-05-07T22:51:32.324198+00:00
[2023-05-07T22:51:32.363+0000] {processor.py:175} INFO - Processing /usr/local/python/3.10.4/lib/python3.10/site-packages/airflow/example_dags/example_latest_only_with_trigger.py took 0.091 seconds
[2023-05-07T22:52:14.358+0000] {processor.py:153} INFO - Started process (PID=24003) to work on /usr/local/python/3.10.4/lib/python3.10/site-packages/airflow/example_dags/example_latest_only_with_trigger.py
[2023-05-07T22:52:14.359+0000] {processor.py:743} INFO - Processing file /usr/local/python/3.10.4/lib/python3.10/site-packages/airflow/example_dags/example_latest_only_with_trigger.py for tasks to queue
[2023-05-07T22:52:14.360+0000] {logging_mixin.py:137} INFO - [2023-05-07T22:52:14.360+0000] {dagbag.py:538} INFO - Filling up the DagBag from /usr/local/python/3.10.4/lib/python3.10/site-packages/airflow/example_dags/example_latest_only_with_trigger.py
[2023-05-07T22:52:14.373+0000] {processor.py:753} INFO - DAG(s) dict_keys(['latest_only_with_trigger']) retrieved from /usr/local/python/3.10.4/lib/python3.10/site-packages/airflow/example_dags/example_latest_only_with_trigger.py
[2023-05-07T22:52:14.389+0000] {logging_mixin.py:137} INFO - [2023-05-07T22:52:14.389+0000] {dag.py:2690} INFO - Sync 1 DAGs
[2023-05-07T22:52:14.407+0000] {logging_mixin.py:137} INFO - [2023-05-07T22:52:14.406+0000] {dag.py:3437} INFO - Setting next_dagrun for latest_only_with_trigger to 2023-05-07T18:52:14.406699+00:00, run_after=2023-05-07T22:52:14.406699+00:00
[2023-05-07T22:52:14.447+0000] {processor.py:175} INFO - Processing /usr/local/python/3.10.4/lib/python3.10/site-packages/airflow/example_dags/example_latest_only_with_trigger.py took 0.091 seconds
[2023-05-07T22:52:57.428+0000] {processor.py:153} INFO - Started process (PID=24394) to work on /usr/local/python/3.10.4/lib/python3.10/site-packages/airflow/example_dags/example_latest_only_with_trigger.py
[2023-05-07T22:52:57.430+0000] {processor.py:743} INFO - Processing file /usr/local/python/3.10.4/lib/python3.10/site-packages/airflow/example_dags/example_latest_only_with_trigger.py for tasks to queue
[2023-05-07T22:52:57.431+0000] {logging_mixin.py:137} INFO - [2023-05-07T22:52:57.431+0000] {dagbag.py:538} INFO - Filling up the DagBag from /usr/local/python/3.10.4/lib/python3.10/site-packages/airflow/example_dags/example_latest_only_with_trigger.py
[2023-05-07T22:52:57.498+0000] {processor.py:753} INFO - DAG(s) dict_keys(['latest_only_with_trigger']) retrieved from /usr/local/python/3.10.4/lib/python3.10/site-packages/airflow/example_dags/example_latest_only_with_trigger.py
[2023-05-07T22:52:57.573+0000] {logging_mixin.py:137} INFO - [2023-05-07T22:52:57.573+0000] {dag.py:2690} INFO - Sync 1 DAGs
[2023-05-07T22:52:57.608+0000] {logging_mixin.py:137} INFO - [2023-05-07T22:52:57.608+0000] {dag.py:3437} INFO - Setting next_dagrun for latest_only_with_trigger to 2023-05-07T18:52:57.608152+00:00, run_after=2023-05-07T22:52:57.608152+00:00
[2023-05-07T22:52:57.684+0000] {processor.py:175} INFO - Processing /usr/local/python/3.10.4/lib/python3.10/site-packages/airflow/example_dags/example_latest_only_with_trigger.py took 0.267 seconds
