[2023-05-07T22:22:07.490+0000] {processor.py:153} INFO - Started process (PID=9817) to work on /usr/local/python/3.10.4/lib/python3.10/site-packages/airflow/example_dags/example_trigger_target_dag.py
[2023-05-07T22:22:07.491+0000] {processor.py:743} INFO - Processing file /usr/local/python/3.10.4/lib/python3.10/site-packages/airflow/example_dags/example_trigger_target_dag.py for tasks to queue
[2023-05-07T22:22:07.491+0000] {logging_mixin.py:137} INFO - [2023-05-07T22:22:07.491+0000] {dagbag.py:538} INFO - Filling up the DagBag from /usr/local/python/3.10.4/lib/python3.10/site-packages/airflow/example_dags/example_trigger_target_dag.py
[2023-05-07T22:22:07.512+0000] {processor.py:753} INFO - DAG(s) dict_keys(['example_trigger_target_dag']) retrieved from /usr/local/python/3.10.4/lib/python3.10/site-packages/airflow/example_dags/example_trigger_target_dag.py
[2023-05-07T22:22:07.685+0000] {logging_mixin.py:137} INFO - [2023-05-07T22:22:07.685+0000] {manager.py:504} INFO - Created Permission View: can edit on DAG:example_trigger_target_dag
[2023-05-07T22:22:07.717+0000] {logging_mixin.py:137} INFO - [2023-05-07T22:22:07.717+0000] {manager.py:504} INFO - Created Permission View: can delete on DAG:example_trigger_target_dag
[2023-05-07T22:22:07.748+0000] {logging_mixin.py:137} INFO - [2023-05-07T22:22:07.748+0000] {manager.py:504} INFO - Created Permission View: can read on DAG:example_trigger_target_dag
[2023-05-07T22:22:07.748+0000] {logging_mixin.py:137} INFO - [2023-05-07T22:22:07.748+0000] {dag.py:2690} INFO - Sync 1 DAGs
[2023-05-07T22:22:07.757+0000] {logging_mixin.py:137} INFO - [2023-05-07T22:22:07.757+0000] {dag.py:2711} INFO - Creating ORM DAG for example_trigger_target_dag
[2023-05-07T22:22:07.764+0000] {logging_mixin.py:137} INFO - [2023-05-07T22:22:07.764+0000] {dag.py:3437} INFO - Setting next_dagrun for example_trigger_target_dag to None, run_after=None
[2023-05-07T22:22:07.812+0000] {processor.py:175} INFO - Processing /usr/local/python/3.10.4/lib/python3.10/site-packages/airflow/example_dags/example_trigger_target_dag.py took 0.325 seconds
[2023-05-07T22:22:53.713+0000] {processor.py:153} INFO - Started process (PID=10129) to work on /usr/local/python/3.10.4/lib/python3.10/site-packages/airflow/example_dags/example_trigger_target_dag.py
[2023-05-07T22:22:53.714+0000] {processor.py:743} INFO - Processing file /usr/local/python/3.10.4/lib/python3.10/site-packages/airflow/example_dags/example_trigger_target_dag.py for tasks to queue
[2023-05-07T22:22:53.714+0000] {logging_mixin.py:137} INFO - [2023-05-07T22:22:53.714+0000] {dagbag.py:538} INFO - Filling up the DagBag from /usr/local/python/3.10.4/lib/python3.10/site-packages/airflow/example_dags/example_trigger_target_dag.py
[2023-05-07T22:22:53.735+0000] {processor.py:753} INFO - DAG(s) dict_keys(['example_trigger_target_dag']) retrieved from /usr/local/python/3.10.4/lib/python3.10/site-packages/airflow/example_dags/example_trigger_target_dag.py
[2023-05-07T22:22:53.755+0000] {logging_mixin.py:137} INFO - [2023-05-07T22:22:53.754+0000] {dag.py:2690} INFO - Sync 1 DAGs
[2023-05-07T22:22:53.771+0000] {logging_mixin.py:137} INFO - [2023-05-07T22:22:53.771+0000] {dag.py:3437} INFO - Setting next_dagrun for example_trigger_target_dag to None, run_after=None
[2023-05-07T22:22:53.813+0000] {processor.py:175} INFO - Processing /usr/local/python/3.10.4/lib/python3.10/site-packages/airflow/example_dags/example_trigger_target_dag.py took 0.105 seconds
[2023-05-07T22:23:32.219+0000] {processor.py:153} INFO - Started process (PID=10493) to work on /usr/local/python/3.10.4/lib/python3.10/site-packages/airflow/example_dags/example_trigger_target_dag.py
[2023-05-07T22:23:32.220+0000] {processor.py:743} INFO - Processing file /usr/local/python/3.10.4/lib/python3.10/site-packages/airflow/example_dags/example_trigger_target_dag.py for tasks to queue
[2023-05-07T22:23:32.221+0000] {logging_mixin.py:137} INFO - [2023-05-07T22:23:32.221+0000] {dagbag.py:538} INFO - Filling up the DagBag from /usr/local/python/3.10.4/lib/python3.10/site-packages/airflow/example_dags/example_trigger_target_dag.py
[2023-05-07T22:23:32.243+0000] {processor.py:753} INFO - DAG(s) dict_keys(['example_trigger_target_dag']) retrieved from /usr/local/python/3.10.4/lib/python3.10/site-packages/airflow/example_dags/example_trigger_target_dag.py
[2023-05-07T22:23:32.260+0000] {logging_mixin.py:137} INFO - [2023-05-07T22:23:32.260+0000] {dag.py:2690} INFO - Sync 1 DAGs
[2023-05-07T22:23:32.276+0000] {logging_mixin.py:137} INFO - [2023-05-07T22:23:32.276+0000] {dag.py:3437} INFO - Setting next_dagrun for example_trigger_target_dag to None, run_after=None
[2023-05-07T22:23:32.323+0000] {processor.py:175} INFO - Processing /usr/local/python/3.10.4/lib/python3.10/site-packages/airflow/example_dags/example_trigger_target_dag.py took 0.107 seconds
[2023-05-07T22:24:12.335+0000] {processor.py:153} INFO - Started process (PID=10800) to work on /usr/local/python/3.10.4/lib/python3.10/site-packages/airflow/example_dags/example_trigger_target_dag.py
[2023-05-07T22:24:12.336+0000] {processor.py:743} INFO - Processing file /usr/local/python/3.10.4/lib/python3.10/site-packages/airflow/example_dags/example_trigger_target_dag.py for tasks to queue
[2023-05-07T22:24:12.336+0000] {logging_mixin.py:137} INFO - [2023-05-07T22:24:12.336+0000] {dagbag.py:538} INFO - Filling up the DagBag from /usr/local/python/3.10.4/lib/python3.10/site-packages/airflow/example_dags/example_trigger_target_dag.py
[2023-05-07T22:24:12.358+0000] {processor.py:753} INFO - DAG(s) dict_keys(['example_trigger_target_dag']) retrieved from /usr/local/python/3.10.4/lib/python3.10/site-packages/airflow/example_dags/example_trigger_target_dag.py
[2023-05-07T22:24:12.375+0000] {logging_mixin.py:137} INFO - [2023-05-07T22:24:12.375+0000] {dag.py:2690} INFO - Sync 1 DAGs
[2023-05-07T22:24:12.391+0000] {logging_mixin.py:137} INFO - [2023-05-07T22:24:12.391+0000] {dag.py:3437} INFO - Setting next_dagrun for example_trigger_target_dag to None, run_after=None
[2023-05-07T22:24:12.433+0000] {processor.py:175} INFO - Processing /usr/local/python/3.10.4/lib/python3.10/site-packages/airflow/example_dags/example_trigger_target_dag.py took 0.101 seconds
[2023-05-07T22:24:52.821+0000] {processor.py:153} INFO - Started process (PID=11136) to work on /usr/local/python/3.10.4/lib/python3.10/site-packages/airflow/example_dags/example_trigger_target_dag.py
[2023-05-07T22:24:52.823+0000] {processor.py:743} INFO - Processing file /usr/local/python/3.10.4/lib/python3.10/site-packages/airflow/example_dags/example_trigger_target_dag.py for tasks to queue
[2023-05-07T22:24:52.824+0000] {logging_mixin.py:137} INFO - [2023-05-07T22:24:52.824+0000] {dagbag.py:538} INFO - Filling up the DagBag from /usr/local/python/3.10.4/lib/python3.10/site-packages/airflow/example_dags/example_trigger_target_dag.py
[2023-05-07T22:24:52.853+0000] {processor.py:753} INFO - DAG(s) dict_keys(['example_trigger_target_dag']) retrieved from /usr/local/python/3.10.4/lib/python3.10/site-packages/airflow/example_dags/example_trigger_target_dag.py
[2023-05-07T22:24:52.872+0000] {logging_mixin.py:137} INFO - [2023-05-07T22:24:52.872+0000] {dag.py:2690} INFO - Sync 1 DAGs
[2023-05-07T22:24:52.890+0000] {logging_mixin.py:137} INFO - [2023-05-07T22:24:52.890+0000] {dag.py:3437} INFO - Setting next_dagrun for example_trigger_target_dag to None, run_after=None
[2023-05-07T22:24:52.931+0000] {processor.py:175} INFO - Processing /usr/local/python/3.10.4/lib/python3.10/site-packages/airflow/example_dags/example_trigger_target_dag.py took 0.114 seconds
[2023-05-07T22:25:32.523+0000] {processor.py:153} INFO - Started process (PID=11433) to work on /usr/local/python/3.10.4/lib/python3.10/site-packages/airflow/example_dags/example_trigger_target_dag.py
[2023-05-07T22:25:32.524+0000] {processor.py:743} INFO - Processing file /usr/local/python/3.10.4/lib/python3.10/site-packages/airflow/example_dags/example_trigger_target_dag.py for tasks to queue
[2023-05-07T22:25:32.524+0000] {logging_mixin.py:137} INFO - [2023-05-07T22:25:32.524+0000] {dagbag.py:538} INFO - Filling up the DagBag from /usr/local/python/3.10.4/lib/python3.10/site-packages/airflow/example_dags/example_trigger_target_dag.py
[2023-05-07T22:25:32.547+0000] {processor.py:753} INFO - DAG(s) dict_keys(['example_trigger_target_dag']) retrieved from /usr/local/python/3.10.4/lib/python3.10/site-packages/airflow/example_dags/example_trigger_target_dag.py
[2023-05-07T22:25:32.565+0000] {logging_mixin.py:137} INFO - [2023-05-07T22:25:32.565+0000] {dag.py:2690} INFO - Sync 1 DAGs
[2023-05-07T22:25:32.583+0000] {logging_mixin.py:137} INFO - [2023-05-07T22:25:32.583+0000] {dag.py:3437} INFO - Setting next_dagrun for example_trigger_target_dag to None, run_after=None
[2023-05-07T22:25:32.626+0000] {processor.py:175} INFO - Processing /usr/local/python/3.10.4/lib/python3.10/site-packages/airflow/example_dags/example_trigger_target_dag.py took 0.106 seconds
[2023-05-07T22:26:14.517+0000] {processor.py:153} INFO - Started process (PID=11733) to work on /usr/local/python/3.10.4/lib/python3.10/site-packages/airflow/example_dags/example_trigger_target_dag.py
[2023-05-07T22:26:14.517+0000] {processor.py:743} INFO - Processing file /usr/local/python/3.10.4/lib/python3.10/site-packages/airflow/example_dags/example_trigger_target_dag.py for tasks to queue
[2023-05-07T22:26:14.518+0000] {logging_mixin.py:137} INFO - [2023-05-07T22:26:14.518+0000] {dagbag.py:538} INFO - Filling up the DagBag from /usr/local/python/3.10.4/lib/python3.10/site-packages/airflow/example_dags/example_trigger_target_dag.py
[2023-05-07T22:26:14.539+0000] {processor.py:753} INFO - DAG(s) dict_keys(['example_trigger_target_dag']) retrieved from /usr/local/python/3.10.4/lib/python3.10/site-packages/airflow/example_dags/example_trigger_target_dag.py
[2023-05-07T22:26:14.556+0000] {logging_mixin.py:137} INFO - [2023-05-07T22:26:14.556+0000] {dag.py:2690} INFO - Sync 1 DAGs
[2023-05-07T22:26:14.573+0000] {logging_mixin.py:137} INFO - [2023-05-07T22:26:14.572+0000] {dag.py:3437} INFO - Setting next_dagrun for example_trigger_target_dag to None, run_after=None
[2023-05-07T22:26:14.614+0000] {processor.py:175} INFO - Processing /usr/local/python/3.10.4/lib/python3.10/site-packages/airflow/example_dags/example_trigger_target_dag.py took 0.100 seconds
[2023-05-07T22:26:55.700+0000] {processor.py:153} INFO - Started process (PID=12020) to work on /usr/local/python/3.10.4/lib/python3.10/site-packages/airflow/example_dags/example_trigger_target_dag.py
[2023-05-07T22:26:55.701+0000] {processor.py:743} INFO - Processing file /usr/local/python/3.10.4/lib/python3.10/site-packages/airflow/example_dags/example_trigger_target_dag.py for tasks to queue
[2023-05-07T22:26:55.702+0000] {logging_mixin.py:137} INFO - [2023-05-07T22:26:55.701+0000] {dagbag.py:538} INFO - Filling up the DagBag from /usr/local/python/3.10.4/lib/python3.10/site-packages/airflow/example_dags/example_trigger_target_dag.py
[2023-05-07T22:26:55.722+0000] {processor.py:753} INFO - DAG(s) dict_keys(['example_trigger_target_dag']) retrieved from /usr/local/python/3.10.4/lib/python3.10/site-packages/airflow/example_dags/example_trigger_target_dag.py
[2023-05-07T22:26:55.740+0000] {logging_mixin.py:137} INFO - [2023-05-07T22:26:55.740+0000] {dag.py:2690} INFO - Sync 1 DAGs
[2023-05-07T22:26:55.756+0000] {logging_mixin.py:137} INFO - [2023-05-07T22:26:55.756+0000] {dag.py:3437} INFO - Setting next_dagrun for example_trigger_target_dag to None, run_after=None
[2023-05-07T22:26:55.798+0000] {processor.py:175} INFO - Processing /usr/local/python/3.10.4/lib/python3.10/site-packages/airflow/example_dags/example_trigger_target_dag.py took 0.101 seconds
[2023-05-07T22:27:38.717+0000] {processor.py:153} INFO - Started process (PID=12308) to work on /usr/local/python/3.10.4/lib/python3.10/site-packages/airflow/example_dags/example_trigger_target_dag.py
[2023-05-07T22:27:38.718+0000] {processor.py:743} INFO - Processing file /usr/local/python/3.10.4/lib/python3.10/site-packages/airflow/example_dags/example_trigger_target_dag.py for tasks to queue
[2023-05-07T22:27:38.718+0000] {logging_mixin.py:137} INFO - [2023-05-07T22:27:38.718+0000] {dagbag.py:538} INFO - Filling up the DagBag from /usr/local/python/3.10.4/lib/python3.10/site-packages/airflow/example_dags/example_trigger_target_dag.py
[2023-05-07T22:27:38.739+0000] {processor.py:753} INFO - DAG(s) dict_keys(['example_trigger_target_dag']) retrieved from /usr/local/python/3.10.4/lib/python3.10/site-packages/airflow/example_dags/example_trigger_target_dag.py
[2023-05-07T22:27:38.756+0000] {logging_mixin.py:137} INFO - [2023-05-07T22:27:38.756+0000] {dag.py:2690} INFO - Sync 1 DAGs
[2023-05-07T22:27:38.772+0000] {logging_mixin.py:137} INFO - [2023-05-07T22:27:38.772+0000] {dag.py:3437} INFO - Setting next_dagrun for example_trigger_target_dag to None, run_after=None
[2023-05-07T22:27:38.813+0000] {processor.py:175} INFO - Processing /usr/local/python/3.10.4/lib/python3.10/site-packages/airflow/example_dags/example_trigger_target_dag.py took 0.099 seconds
[2023-05-07T22:28:12.398+0000] {processor.py:153} INFO - Started process (PID=12538) to work on /usr/local/python/3.10.4/lib/python3.10/site-packages/airflow/example_dags/example_trigger_target_dag.py
[2023-05-07T22:28:12.399+0000] {processor.py:743} INFO - Processing file /usr/local/python/3.10.4/lib/python3.10/site-packages/airflow/example_dags/example_trigger_target_dag.py for tasks to queue
[2023-05-07T22:28:12.400+0000] {logging_mixin.py:137} INFO - [2023-05-07T22:28:12.400+0000] {dagbag.py:538} INFO - Filling up the DagBag from /usr/local/python/3.10.4/lib/python3.10/site-packages/airflow/example_dags/example_trigger_target_dag.py
[2023-05-07T22:28:12.421+0000] {processor.py:753} INFO - DAG(s) dict_keys(['example_trigger_target_dag']) retrieved from /usr/local/python/3.10.4/lib/python3.10/site-packages/airflow/example_dags/example_trigger_target_dag.py
[2023-05-07T22:28:12.437+0000] {logging_mixin.py:137} INFO - [2023-05-07T22:28:12.437+0000] {dag.py:2690} INFO - Sync 1 DAGs
[2023-05-07T22:28:12.453+0000] {logging_mixin.py:137} INFO - [2023-05-07T22:28:12.453+0000] {dag.py:3437} INFO - Setting next_dagrun for example_trigger_target_dag to None, run_after=None
[2023-05-07T22:28:12.517+0000] {processor.py:175} INFO - Processing /usr/local/python/3.10.4/lib/python3.10/site-packages/airflow/example_dags/example_trigger_target_dag.py took 0.121 seconds
[2023-05-07T22:28:54.463+0000] {processor.py:153} INFO - Started process (PID=12830) to work on /usr/local/python/3.10.4/lib/python3.10/site-packages/airflow/example_dags/example_trigger_target_dag.py
[2023-05-07T22:28:54.463+0000] {processor.py:743} INFO - Processing file /usr/local/python/3.10.4/lib/python3.10/site-packages/airflow/example_dags/example_trigger_target_dag.py for tasks to queue
[2023-05-07T22:28:54.464+0000] {logging_mixin.py:137} INFO - [2023-05-07T22:28:54.464+0000] {dagbag.py:538} INFO - Filling up the DagBag from /usr/local/python/3.10.4/lib/python3.10/site-packages/airflow/example_dags/example_trigger_target_dag.py
[2023-05-07T22:28:54.485+0000] {processor.py:753} INFO - DAG(s) dict_keys(['example_trigger_target_dag']) retrieved from /usr/local/python/3.10.4/lib/python3.10/site-packages/airflow/example_dags/example_trigger_target_dag.py
[2023-05-07T22:28:54.503+0000] {logging_mixin.py:137} INFO - [2023-05-07T22:28:54.503+0000] {dag.py:2690} INFO - Sync 1 DAGs
[2023-05-07T22:28:54.519+0000] {logging_mixin.py:137} INFO - [2023-05-07T22:28:54.519+0000] {dag.py:3437} INFO - Setting next_dagrun for example_trigger_target_dag to None, run_after=None
[2023-05-07T22:28:54.560+0000] {processor.py:175} INFO - Processing /usr/local/python/3.10.4/lib/python3.10/site-packages/airflow/example_dags/example_trigger_target_dag.py took 0.100 seconds
[2023-05-07T22:29:35.883+0000] {processor.py:153} INFO - Started process (PID=13112) to work on /usr/local/python/3.10.4/lib/python3.10/site-packages/airflow/example_dags/example_trigger_target_dag.py
[2023-05-07T22:29:35.884+0000] {processor.py:743} INFO - Processing file /usr/local/python/3.10.4/lib/python3.10/site-packages/airflow/example_dags/example_trigger_target_dag.py for tasks to queue
[2023-05-07T22:29:35.885+0000] {logging_mixin.py:137} INFO - [2023-05-07T22:29:35.885+0000] {dagbag.py:538} INFO - Filling up the DagBag from /usr/local/python/3.10.4/lib/python3.10/site-packages/airflow/example_dags/example_trigger_target_dag.py
[2023-05-07T22:29:35.906+0000] {processor.py:753} INFO - DAG(s) dict_keys(['example_trigger_target_dag']) retrieved from /usr/local/python/3.10.4/lib/python3.10/site-packages/airflow/example_dags/example_trigger_target_dag.py
[2023-05-07T22:29:35.922+0000] {logging_mixin.py:137} INFO - [2023-05-07T22:29:35.922+0000] {dag.py:2690} INFO - Sync 1 DAGs
[2023-05-07T22:29:35.939+0000] {logging_mixin.py:137} INFO - [2023-05-07T22:29:35.939+0000] {dag.py:3437} INFO - Setting next_dagrun for example_trigger_target_dag to None, run_after=None
[2023-05-07T22:29:36.090+0000] {processor.py:175} INFO - Processing /usr/local/python/3.10.4/lib/python3.10/site-packages/airflow/example_dags/example_trigger_target_dag.py took 0.209 seconds
[2023-05-07T22:30:15.716+0000] {processor.py:153} INFO - Started process (PID=13397) to work on /usr/local/python/3.10.4/lib/python3.10/site-packages/airflow/example_dags/example_trigger_target_dag.py
[2023-05-07T22:30:15.716+0000] {processor.py:743} INFO - Processing file /usr/local/python/3.10.4/lib/python3.10/site-packages/airflow/example_dags/example_trigger_target_dag.py for tasks to queue
[2023-05-07T22:30:15.717+0000] {logging_mixin.py:137} INFO - [2023-05-07T22:30:15.717+0000] {dagbag.py:538} INFO - Filling up the DagBag from /usr/local/python/3.10.4/lib/python3.10/site-packages/airflow/example_dags/example_trigger_target_dag.py
[2023-05-07T22:30:15.738+0000] {processor.py:753} INFO - DAG(s) dict_keys(['example_trigger_target_dag']) retrieved from /usr/local/python/3.10.4/lib/python3.10/site-packages/airflow/example_dags/example_trigger_target_dag.py
[2023-05-07T22:30:15.755+0000] {logging_mixin.py:137} INFO - [2023-05-07T22:30:15.755+0000] {dag.py:2690} INFO - Sync 1 DAGs
[2023-05-07T22:30:15.880+0000] {logging_mixin.py:137} INFO - [2023-05-07T22:30:15.880+0000] {dag.py:3437} INFO - Setting next_dagrun for example_trigger_target_dag to None, run_after=None
[2023-05-07T22:30:15.920+0000] {processor.py:175} INFO - Processing /usr/local/python/3.10.4/lib/python3.10/site-packages/airflow/example_dags/example_trigger_target_dag.py took 0.207 seconds
[2023-05-07T22:31:04.973+0000] {processor.py:153} INFO - Started process (PID=13725) to work on /usr/local/python/3.10.4/lib/python3.10/site-packages/airflow/example_dags/example_trigger_target_dag.py
[2023-05-07T22:31:04.974+0000] {processor.py:743} INFO - Processing file /usr/local/python/3.10.4/lib/python3.10/site-packages/airflow/example_dags/example_trigger_target_dag.py for tasks to queue
[2023-05-07T22:31:04.974+0000] {logging_mixin.py:137} INFO - [2023-05-07T22:31:04.974+0000] {dagbag.py:538} INFO - Filling up the DagBag from /usr/local/python/3.10.4/lib/python3.10/site-packages/airflow/example_dags/example_trigger_target_dag.py
[2023-05-07T22:31:05.006+0000] {processor.py:753} INFO - DAG(s) dict_keys(['example_trigger_target_dag']) retrieved from /usr/local/python/3.10.4/lib/python3.10/site-packages/airflow/example_dags/example_trigger_target_dag.py
[2023-05-07T22:31:05.030+0000] {logging_mixin.py:137} INFO - [2023-05-07T22:31:05.029+0000] {dag.py:2690} INFO - Sync 1 DAGs
[2023-05-07T22:31:05.151+0000] {logging_mixin.py:137} INFO - [2023-05-07T22:31:05.150+0000] {dag.py:3437} INFO - Setting next_dagrun for example_trigger_target_dag to None, run_after=None
[2023-05-07T22:31:05.195+0000] {processor.py:175} INFO - Processing /usr/local/python/3.10.4/lib/python3.10/site-packages/airflow/example_dags/example_trigger_target_dag.py took 0.225 seconds
[2023-05-07T22:31:53.985+0000] {processor.py:153} INFO - Started process (PID=14064) to work on /usr/local/python/3.10.4/lib/python3.10/site-packages/airflow/example_dags/example_trigger_target_dag.py
[2023-05-07T22:31:53.986+0000] {processor.py:743} INFO - Processing file /usr/local/python/3.10.4/lib/python3.10/site-packages/airflow/example_dags/example_trigger_target_dag.py for tasks to queue
[2023-05-07T22:31:53.986+0000] {logging_mixin.py:137} INFO - [2023-05-07T22:31:53.986+0000] {dagbag.py:538} INFO - Filling up the DagBag from /usr/local/python/3.10.4/lib/python3.10/site-packages/airflow/example_dags/example_trigger_target_dag.py
[2023-05-07T22:31:54.008+0000] {processor.py:753} INFO - DAG(s) dict_keys(['example_trigger_target_dag']) retrieved from /usr/local/python/3.10.4/lib/python3.10/site-packages/airflow/example_dags/example_trigger_target_dag.py
[2023-05-07T22:31:54.145+0000] {logging_mixin.py:137} INFO - [2023-05-07T22:31:54.145+0000] {dag.py:2690} INFO - Sync 1 DAGs
[2023-05-07T22:31:54.161+0000] {logging_mixin.py:137} INFO - [2023-05-07T22:31:54.160+0000] {dag.py:3437} INFO - Setting next_dagrun for example_trigger_target_dag to None, run_after=None
[2023-05-07T22:31:54.200+0000] {processor.py:175} INFO - Processing /usr/local/python/3.10.4/lib/python3.10/site-packages/airflow/example_dags/example_trigger_target_dag.py took 0.218 seconds
[2023-05-07T22:32:38.467+0000] {processor.py:153} INFO - Started process (PID=14365) to work on /usr/local/python/3.10.4/lib/python3.10/site-packages/airflow/example_dags/example_trigger_target_dag.py
[2023-05-07T22:32:38.468+0000] {processor.py:743} INFO - Processing file /usr/local/python/3.10.4/lib/python3.10/site-packages/airflow/example_dags/example_trigger_target_dag.py for tasks to queue
[2023-05-07T22:32:38.468+0000] {logging_mixin.py:137} INFO - [2023-05-07T22:32:38.468+0000] {dagbag.py:538} INFO - Filling up the DagBag from /usr/local/python/3.10.4/lib/python3.10/site-packages/airflow/example_dags/example_trigger_target_dag.py
[2023-05-07T22:32:38.489+0000] {processor.py:753} INFO - DAG(s) dict_keys(['example_trigger_target_dag']) retrieved from /usr/local/python/3.10.4/lib/python3.10/site-packages/airflow/example_dags/example_trigger_target_dag.py
[2023-05-07T22:32:38.616+0000] {logging_mixin.py:137} INFO - [2023-05-07T22:32:38.616+0000] {dag.py:2690} INFO - Sync 1 DAGs
[2023-05-07T22:32:38.631+0000] {logging_mixin.py:137} INFO - [2023-05-07T22:32:38.631+0000] {dag.py:3437} INFO - Setting next_dagrun for example_trigger_target_dag to None, run_after=None
[2023-05-07T22:32:38.670+0000] {processor.py:175} INFO - Processing /usr/local/python/3.10.4/lib/python3.10/site-packages/airflow/example_dags/example_trigger_target_dag.py took 0.206 seconds
[2023-05-07T22:33:27.072+0000] {processor.py:153} INFO - Started process (PID=14715) to work on /usr/local/python/3.10.4/lib/python3.10/site-packages/airflow/example_dags/example_trigger_target_dag.py
[2023-05-07T22:33:27.072+0000] {processor.py:743} INFO - Processing file /usr/local/python/3.10.4/lib/python3.10/site-packages/airflow/example_dags/example_trigger_target_dag.py for tasks to queue
[2023-05-07T22:33:27.073+0000] {logging_mixin.py:137} INFO - [2023-05-07T22:33:27.073+0000] {dagbag.py:538} INFO - Filling up the DagBag from /usr/local/python/3.10.4/lib/python3.10/site-packages/airflow/example_dags/example_trigger_target_dag.py
[2023-05-07T22:33:27.209+0000] {processor.py:753} INFO - DAG(s) dict_keys(['example_trigger_target_dag']) retrieved from /usr/local/python/3.10.4/lib/python3.10/site-packages/airflow/example_dags/example_trigger_target_dag.py
[2023-05-07T22:33:27.222+0000] {logging_mixin.py:137} INFO - [2023-05-07T22:33:27.221+0000] {dag.py:2690} INFO - Sync 1 DAGs
[2023-05-07T22:33:27.238+0000] {logging_mixin.py:137} INFO - [2023-05-07T22:33:27.237+0000] {dag.py:3437} INFO - Setting next_dagrun for example_trigger_target_dag to None, run_after=None
[2023-05-07T22:33:27.279+0000] {processor.py:175} INFO - Processing /usr/local/python/3.10.4/lib/python3.10/site-packages/airflow/example_dags/example_trigger_target_dag.py took 0.210 seconds
[2023-05-07T22:34:14.089+0000] {processor.py:153} INFO - Started process (PID=15110) to work on /usr/local/python/3.10.4/lib/python3.10/site-packages/airflow/example_dags/example_trigger_target_dag.py
[2023-05-07T22:34:14.090+0000] {processor.py:743} INFO - Processing file /usr/local/python/3.10.4/lib/python3.10/site-packages/airflow/example_dags/example_trigger_target_dag.py for tasks to queue
[2023-05-07T22:34:14.090+0000] {logging_mixin.py:137} INFO - [2023-05-07T22:34:14.090+0000] {dagbag.py:538} INFO - Filling up the DagBag from /usr/local/python/3.10.4/lib/python3.10/site-packages/airflow/example_dags/example_trigger_target_dag.py
[2023-05-07T22:34:14.222+0000] {processor.py:753} INFO - DAG(s) dict_keys(['example_trigger_target_dag']) retrieved from /usr/local/python/3.10.4/lib/python3.10/site-packages/airflow/example_dags/example_trigger_target_dag.py
[2023-05-07T22:34:14.235+0000] {logging_mixin.py:137} INFO - [2023-05-07T22:34:14.234+0000] {dag.py:2690} INFO - Sync 1 DAGs
[2023-05-07T22:34:14.250+0000] {logging_mixin.py:137} INFO - [2023-05-07T22:34:14.250+0000] {dag.py:3437} INFO - Setting next_dagrun for example_trigger_target_dag to None, run_after=None
[2023-05-07T22:34:14.298+0000] {processor.py:175} INFO - Processing /usr/local/python/3.10.4/lib/python3.10/site-packages/airflow/example_dags/example_trigger_target_dag.py took 0.212 seconds
[2023-05-07T22:34:56.816+0000] {processor.py:153} INFO - Started process (PID=15401) to work on /usr/local/python/3.10.4/lib/python3.10/site-packages/airflow/example_dags/example_trigger_target_dag.py
[2023-05-07T22:34:56.817+0000] {processor.py:743} INFO - Processing file /usr/local/python/3.10.4/lib/python3.10/site-packages/airflow/example_dags/example_trigger_target_dag.py for tasks to queue
[2023-05-07T22:34:56.817+0000] {logging_mixin.py:137} INFO - [2023-05-07T22:34:56.817+0000] {dagbag.py:538} INFO - Filling up the DagBag from /usr/local/python/3.10.4/lib/python3.10/site-packages/airflow/example_dags/example_trigger_target_dag.py
[2023-05-07T22:34:56.839+0000] {processor.py:753} INFO - DAG(s) dict_keys(['example_trigger_target_dag']) retrieved from /usr/local/python/3.10.4/lib/python3.10/site-packages/airflow/example_dags/example_trigger_target_dag.py
[2023-05-07T22:34:56.856+0000] {logging_mixin.py:137} INFO - [2023-05-07T22:34:56.856+0000] {dag.py:2690} INFO - Sync 1 DAGs
[2023-05-07T22:34:56.874+0000] {logging_mixin.py:137} INFO - [2023-05-07T22:34:56.874+0000] {dag.py:3437} INFO - Setting next_dagrun for example_trigger_target_dag to None, run_after=None
[2023-05-07T22:34:56.917+0000] {processor.py:175} INFO - Processing /usr/local/python/3.10.4/lib/python3.10/site-packages/airflow/example_dags/example_trigger_target_dag.py took 0.104 seconds
[2023-05-07T22:35:36.592+0000] {processor.py:153} INFO - Started process (PID=15685) to work on /usr/local/python/3.10.4/lib/python3.10/site-packages/airflow/example_dags/example_trigger_target_dag.py
[2023-05-07T22:35:36.593+0000] {processor.py:743} INFO - Processing file /usr/local/python/3.10.4/lib/python3.10/site-packages/airflow/example_dags/example_trigger_target_dag.py for tasks to queue
[2023-05-07T22:35:36.594+0000] {logging_mixin.py:137} INFO - [2023-05-07T22:35:36.594+0000] {dagbag.py:538} INFO - Filling up the DagBag from /usr/local/python/3.10.4/lib/python3.10/site-packages/airflow/example_dags/example_trigger_target_dag.py
[2023-05-07T22:35:36.615+0000] {processor.py:753} INFO - DAG(s) dict_keys(['example_trigger_target_dag']) retrieved from /usr/local/python/3.10.4/lib/python3.10/site-packages/airflow/example_dags/example_trigger_target_dag.py
[2023-05-07T22:35:36.635+0000] {logging_mixin.py:137} INFO - [2023-05-07T22:35:36.635+0000] {dag.py:2690} INFO - Sync 1 DAGs
[2023-05-07T22:35:36.652+0000] {logging_mixin.py:137} INFO - [2023-05-07T22:35:36.651+0000] {dag.py:3437} INFO - Setting next_dagrun for example_trigger_target_dag to None, run_after=None
[2023-05-07T22:35:36.693+0000] {processor.py:175} INFO - Processing /usr/local/python/3.10.4/lib/python3.10/site-packages/airflow/example_dags/example_trigger_target_dag.py took 0.104 seconds
[2023-05-07T22:36:10.714+0000] {processor.py:153} INFO - Started process (PID=15916) to work on /usr/local/python/3.10.4/lib/python3.10/site-packages/airflow/example_dags/example_trigger_target_dag.py
[2023-05-07T22:36:10.715+0000] {processor.py:743} INFO - Processing file /usr/local/python/3.10.4/lib/python3.10/site-packages/airflow/example_dags/example_trigger_target_dag.py for tasks to queue
[2023-05-07T22:36:10.716+0000] {logging_mixin.py:137} INFO - [2023-05-07T22:36:10.716+0000] {dagbag.py:538} INFO - Filling up the DagBag from /usr/local/python/3.10.4/lib/python3.10/site-packages/airflow/example_dags/example_trigger_target_dag.py
[2023-05-07T22:36:10.738+0000] {processor.py:753} INFO - DAG(s) dict_keys(['example_trigger_target_dag']) retrieved from /usr/local/python/3.10.4/lib/python3.10/site-packages/airflow/example_dags/example_trigger_target_dag.py
[2023-05-07T22:36:10.757+0000] {logging_mixin.py:137} INFO - [2023-05-07T22:36:10.757+0000] {dag.py:2690} INFO - Sync 1 DAGs
[2023-05-07T22:36:10.774+0000] {logging_mixin.py:137} INFO - [2023-05-07T22:36:10.773+0000] {dag.py:3437} INFO - Setting next_dagrun for example_trigger_target_dag to None, run_after=None
[2023-05-07T22:36:10.815+0000] {processor.py:175} INFO - Processing /usr/local/python/3.10.4/lib/python3.10/site-packages/airflow/example_dags/example_trigger_target_dag.py took 0.103 seconds
[2023-05-07T22:36:44.984+0000] {processor.py:153} INFO - Started process (PID=16164) to work on /usr/local/python/3.10.4/lib/python3.10/site-packages/airflow/example_dags/example_trigger_target_dag.py
[2023-05-07T22:36:44.985+0000] {processor.py:743} INFO - Processing file /usr/local/python/3.10.4/lib/python3.10/site-packages/airflow/example_dags/example_trigger_target_dag.py for tasks to queue
[2023-05-07T22:36:44.986+0000] {logging_mixin.py:137} INFO - [2023-05-07T22:36:44.986+0000] {dagbag.py:538} INFO - Filling up the DagBag from /usr/local/python/3.10.4/lib/python3.10/site-packages/airflow/example_dags/example_trigger_target_dag.py
[2023-05-07T22:36:45.008+0000] {processor.py:753} INFO - DAG(s) dict_keys(['example_trigger_target_dag']) retrieved from /usr/local/python/3.10.4/lib/python3.10/site-packages/airflow/example_dags/example_trigger_target_dag.py
[2023-05-07T22:36:45.026+0000] {logging_mixin.py:137} INFO - [2023-05-07T22:36:45.026+0000] {dag.py:2690} INFO - Sync 1 DAGs
[2023-05-07T22:36:45.042+0000] {logging_mixin.py:137} INFO - [2023-05-07T22:36:45.042+0000] {dag.py:3437} INFO - Setting next_dagrun for example_trigger_target_dag to None, run_after=None
[2023-05-07T22:36:45.083+0000] {processor.py:175} INFO - Processing /usr/local/python/3.10.4/lib/python3.10/site-packages/airflow/example_dags/example_trigger_target_dag.py took 0.102 seconds
[2023-05-07T22:37:16.397+0000] {processor.py:153} INFO - Started process (PID=16382) to work on /usr/local/python/3.10.4/lib/python3.10/site-packages/airflow/example_dags/example_trigger_target_dag.py
[2023-05-07T22:37:16.398+0000] {processor.py:743} INFO - Processing file /usr/local/python/3.10.4/lib/python3.10/site-packages/airflow/example_dags/example_trigger_target_dag.py for tasks to queue
[2023-05-07T22:37:16.399+0000] {logging_mixin.py:137} INFO - [2023-05-07T22:37:16.399+0000] {dagbag.py:538} INFO - Filling up the DagBag from /usr/local/python/3.10.4/lib/python3.10/site-packages/airflow/example_dags/example_trigger_target_dag.py
[2023-05-07T22:37:16.421+0000] {processor.py:753} INFO - DAG(s) dict_keys(['example_trigger_target_dag']) retrieved from /usr/local/python/3.10.4/lib/python3.10/site-packages/airflow/example_dags/example_trigger_target_dag.py
[2023-05-07T22:37:16.438+0000] {logging_mixin.py:137} INFO - [2023-05-07T22:37:16.438+0000] {dag.py:2690} INFO - Sync 1 DAGs
[2023-05-07T22:37:16.455+0000] {logging_mixin.py:137} INFO - [2023-05-07T22:37:16.455+0000] {dag.py:3437} INFO - Setting next_dagrun for example_trigger_target_dag to None, run_after=None
[2023-05-07T22:37:16.496+0000] {processor.py:175} INFO - Processing /usr/local/python/3.10.4/lib/python3.10/site-packages/airflow/example_dags/example_trigger_target_dag.py took 0.102 seconds
[2023-05-07T22:37:50.160+0000] {processor.py:153} INFO - Started process (PID=16648) to work on /usr/local/python/3.10.4/lib/python3.10/site-packages/airflow/example_dags/example_trigger_target_dag.py
[2023-05-07T22:37:50.161+0000] {processor.py:743} INFO - Processing file /usr/local/python/3.10.4/lib/python3.10/site-packages/airflow/example_dags/example_trigger_target_dag.py for tasks to queue
[2023-05-07T22:37:50.162+0000] {logging_mixin.py:137} INFO - [2023-05-07T22:37:50.162+0000] {dagbag.py:538} INFO - Filling up the DagBag from /usr/local/python/3.10.4/lib/python3.10/site-packages/airflow/example_dags/example_trigger_target_dag.py
[2023-05-07T22:37:50.185+0000] {processor.py:753} INFO - DAG(s) dict_keys(['example_trigger_target_dag']) retrieved from /usr/local/python/3.10.4/lib/python3.10/site-packages/airflow/example_dags/example_trigger_target_dag.py
[2023-05-07T22:37:50.203+0000] {logging_mixin.py:137} INFO - [2023-05-07T22:37:50.203+0000] {dag.py:2690} INFO - Sync 1 DAGs
[2023-05-07T22:37:50.219+0000] {logging_mixin.py:137} INFO - [2023-05-07T22:37:50.219+0000] {dag.py:3437} INFO - Setting next_dagrun for example_trigger_target_dag to None, run_after=None
[2023-05-07T22:37:50.262+0000] {processor.py:175} INFO - Processing /usr/local/python/3.10.4/lib/python3.10/site-packages/airflow/example_dags/example_trigger_target_dag.py took 0.104 seconds
[2023-05-07T22:38:24.490+0000] {processor.py:153} INFO - Started process (PID=16891) to work on /usr/local/python/3.10.4/lib/python3.10/site-packages/airflow/example_dags/example_trigger_target_dag.py
[2023-05-07T22:38:24.491+0000] {processor.py:743} INFO - Processing file /usr/local/python/3.10.4/lib/python3.10/site-packages/airflow/example_dags/example_trigger_target_dag.py for tasks to queue
[2023-05-07T22:38:24.492+0000] {logging_mixin.py:137} INFO - [2023-05-07T22:38:24.492+0000] {dagbag.py:538} INFO - Filling up the DagBag from /usr/local/python/3.10.4/lib/python3.10/site-packages/airflow/example_dags/example_trigger_target_dag.py
[2023-05-07T22:38:24.514+0000] {processor.py:753} INFO - DAG(s) dict_keys(['example_trigger_target_dag']) retrieved from /usr/local/python/3.10.4/lib/python3.10/site-packages/airflow/example_dags/example_trigger_target_dag.py
[2023-05-07T22:38:24.530+0000] {logging_mixin.py:137} INFO - [2023-05-07T22:38:24.530+0000] {dag.py:2690} INFO - Sync 1 DAGs
[2023-05-07T22:38:24.547+0000] {logging_mixin.py:137} INFO - [2023-05-07T22:38:24.547+0000] {dag.py:3437} INFO - Setting next_dagrun for example_trigger_target_dag to None, run_after=None
[2023-05-07T22:38:24.588+0000] {processor.py:175} INFO - Processing /usr/local/python/3.10.4/lib/python3.10/site-packages/airflow/example_dags/example_trigger_target_dag.py took 0.100 seconds
[2023-05-07T22:38:58.604+0000] {processor.py:153} INFO - Started process (PID=17126) to work on /usr/local/python/3.10.4/lib/python3.10/site-packages/airflow/example_dags/example_trigger_target_dag.py
[2023-05-07T22:38:58.605+0000] {processor.py:743} INFO - Processing file /usr/local/python/3.10.4/lib/python3.10/site-packages/airflow/example_dags/example_trigger_target_dag.py for tasks to queue
[2023-05-07T22:38:58.606+0000] {logging_mixin.py:137} INFO - [2023-05-07T22:38:58.606+0000] {dagbag.py:538} INFO - Filling up the DagBag from /usr/local/python/3.10.4/lib/python3.10/site-packages/airflow/example_dags/example_trigger_target_dag.py
[2023-05-07T22:38:58.627+0000] {processor.py:753} INFO - DAG(s) dict_keys(['example_trigger_target_dag']) retrieved from /usr/local/python/3.10.4/lib/python3.10/site-packages/airflow/example_dags/example_trigger_target_dag.py
[2023-05-07T22:38:58.644+0000] {logging_mixin.py:137} INFO - [2023-05-07T22:38:58.644+0000] {dag.py:2690} INFO - Sync 1 DAGs
[2023-05-07T22:38:58.662+0000] {logging_mixin.py:137} INFO - [2023-05-07T22:38:58.662+0000] {dag.py:3437} INFO - Setting next_dagrun for example_trigger_target_dag to None, run_after=None
[2023-05-07T22:38:58.704+0000] {processor.py:175} INFO - Processing /usr/local/python/3.10.4/lib/python3.10/site-packages/airflow/example_dags/example_trigger_target_dag.py took 0.102 seconds
[2023-05-07T22:39:31.455+0000] {processor.py:153} INFO - Started process (PID=17377) to work on /usr/local/python/3.10.4/lib/python3.10/site-packages/airflow/example_dags/example_trigger_target_dag.py
[2023-05-07T22:39:31.456+0000] {processor.py:743} INFO - Processing file /usr/local/python/3.10.4/lib/python3.10/site-packages/airflow/example_dags/example_trigger_target_dag.py for tasks to queue
[2023-05-07T22:39:31.456+0000] {logging_mixin.py:137} INFO - [2023-05-07T22:39:31.456+0000] {dagbag.py:538} INFO - Filling up the DagBag from /usr/local/python/3.10.4/lib/python3.10/site-packages/airflow/example_dags/example_trigger_target_dag.py
[2023-05-07T22:39:31.489+0000] {processor.py:753} INFO - DAG(s) dict_keys(['example_trigger_target_dag']) retrieved from /usr/local/python/3.10.4/lib/python3.10/site-packages/airflow/example_dags/example_trigger_target_dag.py
[2023-05-07T22:39:31.511+0000] {logging_mixin.py:137} INFO - [2023-05-07T22:39:31.511+0000] {dag.py:2690} INFO - Sync 1 DAGs
[2023-05-07T22:39:31.528+0000] {logging_mixin.py:137} INFO - [2023-05-07T22:39:31.528+0000] {dag.py:3437} INFO - Setting next_dagrun for example_trigger_target_dag to None, run_after=None
[2023-05-07T22:39:31.570+0000] {processor.py:175} INFO - Processing /usr/local/python/3.10.4/lib/python3.10/site-packages/airflow/example_dags/example_trigger_target_dag.py took 0.119 seconds
[2023-05-07T22:40:05.266+0000] {processor.py:153} INFO - Started process (PID=17623) to work on /usr/local/python/3.10.4/lib/python3.10/site-packages/airflow/example_dags/example_trigger_target_dag.py
[2023-05-07T22:40:05.267+0000] {processor.py:743} INFO - Processing file /usr/local/python/3.10.4/lib/python3.10/site-packages/airflow/example_dags/example_trigger_target_dag.py for tasks to queue
[2023-05-07T22:40:05.267+0000] {logging_mixin.py:137} INFO - [2023-05-07T22:40:05.267+0000] {dagbag.py:538} INFO - Filling up the DagBag from /usr/local/python/3.10.4/lib/python3.10/site-packages/airflow/example_dags/example_trigger_target_dag.py
[2023-05-07T22:40:05.288+0000] {processor.py:753} INFO - DAG(s) dict_keys(['example_trigger_target_dag']) retrieved from /usr/local/python/3.10.4/lib/python3.10/site-packages/airflow/example_dags/example_trigger_target_dag.py
[2023-05-07T22:40:05.304+0000] {logging_mixin.py:137} INFO - [2023-05-07T22:40:05.304+0000] {dag.py:2690} INFO - Sync 1 DAGs
[2023-05-07T22:40:05.321+0000] {logging_mixin.py:137} INFO - [2023-05-07T22:40:05.321+0000] {dag.py:3437} INFO - Setting next_dagrun for example_trigger_target_dag to None, run_after=None
[2023-05-07T22:40:05.361+0000] {processor.py:175} INFO - Processing /usr/local/python/3.10.4/lib/python3.10/site-packages/airflow/example_dags/example_trigger_target_dag.py took 0.098 seconds
[2023-05-07T22:40:46.953+0000] {processor.py:153} INFO - Started process (PID=17947) to work on /usr/local/python/3.10.4/lib/python3.10/site-packages/airflow/example_dags/example_trigger_target_dag.py
[2023-05-07T22:40:46.953+0000] {processor.py:743} INFO - Processing file /usr/local/python/3.10.4/lib/python3.10/site-packages/airflow/example_dags/example_trigger_target_dag.py for tasks to queue
[2023-05-07T22:40:46.954+0000] {logging_mixin.py:137} INFO - [2023-05-07T22:40:46.954+0000] {dagbag.py:538} INFO - Filling up the DagBag from /usr/local/python/3.10.4/lib/python3.10/site-packages/airflow/example_dags/example_trigger_target_dag.py
[2023-05-07T22:40:46.975+0000] {processor.py:753} INFO - DAG(s) dict_keys(['example_trigger_target_dag']) retrieved from /usr/local/python/3.10.4/lib/python3.10/site-packages/airflow/example_dags/example_trigger_target_dag.py
[2023-05-07T22:40:46.993+0000] {logging_mixin.py:137} INFO - [2023-05-07T22:40:46.993+0000] {dag.py:2690} INFO - Sync 1 DAGs
[2023-05-07T22:40:47.009+0000] {logging_mixin.py:137} INFO - [2023-05-07T22:40:47.009+0000] {dag.py:3437} INFO - Setting next_dagrun for example_trigger_target_dag to None, run_after=None
[2023-05-07T22:40:47.049+0000] {processor.py:175} INFO - Processing /usr/local/python/3.10.4/lib/python3.10/site-packages/airflow/example_dags/example_trigger_target_dag.py took 0.100 seconds
[2023-05-07T22:41:27.362+0000] {processor.py:153} INFO - Started process (PID=18235) to work on /usr/local/python/3.10.4/lib/python3.10/site-packages/airflow/example_dags/example_trigger_target_dag.py
[2023-05-07T22:41:27.363+0000] {processor.py:743} INFO - Processing file /usr/local/python/3.10.4/lib/python3.10/site-packages/airflow/example_dags/example_trigger_target_dag.py for tasks to queue
[2023-05-07T22:41:27.364+0000] {logging_mixin.py:137} INFO - [2023-05-07T22:41:27.364+0000] {dagbag.py:538} INFO - Filling up the DagBag from /usr/local/python/3.10.4/lib/python3.10/site-packages/airflow/example_dags/example_trigger_target_dag.py
[2023-05-07T22:41:27.386+0000] {processor.py:753} INFO - DAG(s) dict_keys(['example_trigger_target_dag']) retrieved from /usr/local/python/3.10.4/lib/python3.10/site-packages/airflow/example_dags/example_trigger_target_dag.py
[2023-05-07T22:41:27.403+0000] {logging_mixin.py:137} INFO - [2023-05-07T22:41:27.403+0000] {dag.py:2690} INFO - Sync 1 DAGs
[2023-05-07T22:41:27.425+0000] {logging_mixin.py:137} INFO - [2023-05-07T22:41:27.425+0000] {dag.py:3437} INFO - Setting next_dagrun for example_trigger_target_dag to None, run_after=None
[2023-05-07T22:41:27.466+0000] {processor.py:175} INFO - Processing /usr/local/python/3.10.4/lib/python3.10/site-packages/airflow/example_dags/example_trigger_target_dag.py took 0.107 seconds
[2023-05-07T22:42:07.035+0000] {processor.py:153} INFO - Started process (PID=18555) to work on /usr/local/python/3.10.4/lib/python3.10/site-packages/airflow/example_dags/example_trigger_target_dag.py
[2023-05-07T22:42:07.036+0000] {processor.py:743} INFO - Processing file /usr/local/python/3.10.4/lib/python3.10/site-packages/airflow/example_dags/example_trigger_target_dag.py for tasks to queue
[2023-05-07T22:42:07.037+0000] {logging_mixin.py:137} INFO - [2023-05-07T22:42:07.036+0000] {dagbag.py:538} INFO - Filling up the DagBag from /usr/local/python/3.10.4/lib/python3.10/site-packages/airflow/example_dags/example_trigger_target_dag.py
[2023-05-07T22:42:07.060+0000] {processor.py:753} INFO - DAG(s) dict_keys(['example_trigger_target_dag']) retrieved from /usr/local/python/3.10.4/lib/python3.10/site-packages/airflow/example_dags/example_trigger_target_dag.py
[2023-05-07T22:42:07.076+0000] {logging_mixin.py:137} INFO - [2023-05-07T22:42:07.076+0000] {dag.py:2690} INFO - Sync 1 DAGs
[2023-05-07T22:42:07.093+0000] {logging_mixin.py:137} INFO - [2023-05-07T22:42:07.092+0000] {dag.py:3437} INFO - Setting next_dagrun for example_trigger_target_dag to None, run_after=None
[2023-05-07T22:42:07.133+0000] {processor.py:175} INFO - Processing /usr/local/python/3.10.4/lib/python3.10/site-packages/airflow/example_dags/example_trigger_target_dag.py took 0.101 seconds
[2023-05-07T22:42:48.978+0000] {processor.py:153} INFO - Started process (PID=18928) to work on /usr/local/python/3.10.4/lib/python3.10/site-packages/airflow/example_dags/example_trigger_target_dag.py
[2023-05-07T22:42:48.979+0000] {processor.py:743} INFO - Processing file /usr/local/python/3.10.4/lib/python3.10/site-packages/airflow/example_dags/example_trigger_target_dag.py for tasks to queue
[2023-05-07T22:42:48.979+0000] {logging_mixin.py:137} INFO - [2023-05-07T22:42:48.979+0000] {dagbag.py:538} INFO - Filling up the DagBag from /usr/local/python/3.10.4/lib/python3.10/site-packages/airflow/example_dags/example_trigger_target_dag.py
[2023-05-07T22:42:49.000+0000] {processor.py:753} INFO - DAG(s) dict_keys(['example_trigger_target_dag']) retrieved from /usr/local/python/3.10.4/lib/python3.10/site-packages/airflow/example_dags/example_trigger_target_dag.py
[2023-05-07T22:42:49.018+0000] {logging_mixin.py:137} INFO - [2023-05-07T22:42:49.017+0000] {dag.py:2690} INFO - Sync 1 DAGs
[2023-05-07T22:42:49.035+0000] {logging_mixin.py:137} INFO - [2023-05-07T22:42:49.035+0000] {dag.py:3437} INFO - Setting next_dagrun for example_trigger_target_dag to None, run_after=None
[2023-05-07T22:42:49.075+0000] {processor.py:175} INFO - Processing /usr/local/python/3.10.4/lib/python3.10/site-packages/airflow/example_dags/example_trigger_target_dag.py took 0.101 seconds
[2023-05-07T22:43:31.090+0000] {processor.py:153} INFO - Started process (PID=19399) to work on /usr/local/python/3.10.4/lib/python3.10/site-packages/airflow/example_dags/example_trigger_target_dag.py
[2023-05-07T22:43:31.091+0000] {processor.py:743} INFO - Processing file /usr/local/python/3.10.4/lib/python3.10/site-packages/airflow/example_dags/example_trigger_target_dag.py for tasks to queue
[2023-05-07T22:43:31.091+0000] {logging_mixin.py:137} INFO - [2023-05-07T22:43:31.091+0000] {dagbag.py:538} INFO - Filling up the DagBag from /usr/local/python/3.10.4/lib/python3.10/site-packages/airflow/example_dags/example_trigger_target_dag.py
[2023-05-07T22:43:31.112+0000] {processor.py:753} INFO - DAG(s) dict_keys(['example_trigger_target_dag']) retrieved from /usr/local/python/3.10.4/lib/python3.10/site-packages/airflow/example_dags/example_trigger_target_dag.py
[2023-05-07T22:43:31.133+0000] {logging_mixin.py:137} INFO - [2023-05-07T22:43:31.133+0000] {dag.py:2690} INFO - Sync 1 DAGs
[2023-05-07T22:43:31.152+0000] {logging_mixin.py:137} INFO - [2023-05-07T22:43:31.152+0000] {dag.py:3437} INFO - Setting next_dagrun for example_trigger_target_dag to None, run_after=None
[2023-05-07T22:43:31.191+0000] {processor.py:175} INFO - Processing /usr/local/python/3.10.4/lib/python3.10/site-packages/airflow/example_dags/example_trigger_target_dag.py took 0.104 seconds
[2023-05-07T22:44:10.414+0000] {processor.py:153} INFO - Started process (PID=19806) to work on /usr/local/python/3.10.4/lib/python3.10/site-packages/airflow/example_dags/example_trigger_target_dag.py
[2023-05-07T22:44:10.414+0000] {processor.py:743} INFO - Processing file /usr/local/python/3.10.4/lib/python3.10/site-packages/airflow/example_dags/example_trigger_target_dag.py for tasks to queue
[2023-05-07T22:44:10.415+0000] {logging_mixin.py:137} INFO - [2023-05-07T22:44:10.415+0000] {dagbag.py:538} INFO - Filling up the DagBag from /usr/local/python/3.10.4/lib/python3.10/site-packages/airflow/example_dags/example_trigger_target_dag.py
[2023-05-07T22:44:10.436+0000] {processor.py:753} INFO - DAG(s) dict_keys(['example_trigger_target_dag']) retrieved from /usr/local/python/3.10.4/lib/python3.10/site-packages/airflow/example_dags/example_trigger_target_dag.py
[2023-05-07T22:44:10.454+0000] {logging_mixin.py:137} INFO - [2023-05-07T22:44:10.454+0000] {dag.py:2690} INFO - Sync 1 DAGs
[2023-05-07T22:44:10.471+0000] {logging_mixin.py:137} INFO - [2023-05-07T22:44:10.471+0000] {dag.py:3437} INFO - Setting next_dagrun for example_trigger_target_dag to None, run_after=None
[2023-05-07T22:44:10.511+0000] {processor.py:175} INFO - Processing /usr/local/python/3.10.4/lib/python3.10/site-packages/airflow/example_dags/example_trigger_target_dag.py took 0.100 seconds
[2023-05-07T22:44:44.874+0000] {processor.py:153} INFO - Started process (PID=20142) to work on /usr/local/python/3.10.4/lib/python3.10/site-packages/airflow/example_dags/example_trigger_target_dag.py
[2023-05-07T22:44:44.875+0000] {processor.py:743} INFO - Processing file /usr/local/python/3.10.4/lib/python3.10/site-packages/airflow/example_dags/example_trigger_target_dag.py for tasks to queue
[2023-05-07T22:44:44.875+0000] {logging_mixin.py:137} INFO - [2023-05-07T22:44:44.875+0000] {dagbag.py:538} INFO - Filling up the DagBag from /usr/local/python/3.10.4/lib/python3.10/site-packages/airflow/example_dags/example_trigger_target_dag.py
[2023-05-07T22:44:44.896+0000] {processor.py:753} INFO - DAG(s) dict_keys(['example_trigger_target_dag']) retrieved from /usr/local/python/3.10.4/lib/python3.10/site-packages/airflow/example_dags/example_trigger_target_dag.py
[2023-05-07T22:44:44.913+0000] {logging_mixin.py:137} INFO - [2023-05-07T22:44:44.913+0000] {dag.py:2690} INFO - Sync 1 DAGs
[2023-05-07T22:44:44.929+0000] {logging_mixin.py:137} INFO - [2023-05-07T22:44:44.929+0000] {dag.py:3437} INFO - Setting next_dagrun for example_trigger_target_dag to None, run_after=None
[2023-05-07T22:44:44.968+0000] {processor.py:175} INFO - Processing /usr/local/python/3.10.4/lib/python3.10/site-packages/airflow/example_dags/example_trigger_target_dag.py took 0.097 seconds
[2023-05-07T22:45:23.537+0000] {processor.py:153} INFO - Started process (PID=20489) to work on /usr/local/python/3.10.4/lib/python3.10/site-packages/airflow/example_dags/example_trigger_target_dag.py
[2023-05-07T22:45:23.537+0000] {processor.py:743} INFO - Processing file /usr/local/python/3.10.4/lib/python3.10/site-packages/airflow/example_dags/example_trigger_target_dag.py for tasks to queue
[2023-05-07T22:45:23.538+0000] {logging_mixin.py:137} INFO - [2023-05-07T22:45:23.538+0000] {dagbag.py:538} INFO - Filling up the DagBag from /usr/local/python/3.10.4/lib/python3.10/site-packages/airflow/example_dags/example_trigger_target_dag.py
[2023-05-07T22:45:23.562+0000] {processor.py:753} INFO - DAG(s) dict_keys(['example_trigger_target_dag']) retrieved from /usr/local/python/3.10.4/lib/python3.10/site-packages/airflow/example_dags/example_trigger_target_dag.py
[2023-05-07T22:45:23.579+0000] {logging_mixin.py:137} INFO - [2023-05-07T22:45:23.579+0000] {dag.py:2690} INFO - Sync 1 DAGs
[2023-05-07T22:45:23.605+0000] {logging_mixin.py:137} INFO - [2023-05-07T22:45:23.605+0000] {dag.py:3437} INFO - Setting next_dagrun for example_trigger_target_dag to None, run_after=None
[2023-05-07T22:45:23.649+0000] {processor.py:175} INFO - Processing /usr/local/python/3.10.4/lib/python3.10/site-packages/airflow/example_dags/example_trigger_target_dag.py took 0.115 seconds
[2023-05-07T22:46:03.656+0000] {processor.py:153} INFO - Started process (PID=20890) to work on /usr/local/python/3.10.4/lib/python3.10/site-packages/airflow/example_dags/example_trigger_target_dag.py
[2023-05-07T22:46:03.657+0000] {processor.py:743} INFO - Processing file /usr/local/python/3.10.4/lib/python3.10/site-packages/airflow/example_dags/example_trigger_target_dag.py for tasks to queue
[2023-05-07T22:46:03.657+0000] {logging_mixin.py:137} INFO - [2023-05-07T22:46:03.657+0000] {dagbag.py:538} INFO - Filling up the DagBag from /usr/local/python/3.10.4/lib/python3.10/site-packages/airflow/example_dags/example_trigger_target_dag.py
[2023-05-07T22:46:03.679+0000] {processor.py:753} INFO - DAG(s) dict_keys(['example_trigger_target_dag']) retrieved from /usr/local/python/3.10.4/lib/python3.10/site-packages/airflow/example_dags/example_trigger_target_dag.py
[2023-05-07T22:46:03.696+0000] {logging_mixin.py:137} INFO - [2023-05-07T22:46:03.696+0000] {dag.py:2690} INFO - Sync 1 DAGs
[2023-05-07T22:46:03.712+0000] {logging_mixin.py:137} INFO - [2023-05-07T22:46:03.712+0000] {dag.py:3437} INFO - Setting next_dagrun for example_trigger_target_dag to None, run_after=None
[2023-05-07T22:46:03.752+0000] {processor.py:175} INFO - Processing /usr/local/python/3.10.4/lib/python3.10/site-packages/airflow/example_dags/example_trigger_target_dag.py took 0.099 seconds
[2023-05-07T22:46:47.360+0000] {processor.py:153} INFO - Started process (PID=21304) to work on /usr/local/python/3.10.4/lib/python3.10/site-packages/airflow/example_dags/example_trigger_target_dag.py
[2023-05-07T22:46:47.361+0000] {processor.py:743} INFO - Processing file /usr/local/python/3.10.4/lib/python3.10/site-packages/airflow/example_dags/example_trigger_target_dag.py for tasks to queue
[2023-05-07T22:46:47.362+0000] {logging_mixin.py:137} INFO - [2023-05-07T22:46:47.362+0000] {dagbag.py:538} INFO - Filling up the DagBag from /usr/local/python/3.10.4/lib/python3.10/site-packages/airflow/example_dags/example_trigger_target_dag.py
[2023-05-07T22:46:47.395+0000] {processor.py:753} INFO - DAG(s) dict_keys(['example_trigger_target_dag']) retrieved from /usr/local/python/3.10.4/lib/python3.10/site-packages/airflow/example_dags/example_trigger_target_dag.py
[2023-05-07T22:46:47.429+0000] {logging_mixin.py:137} INFO - [2023-05-07T22:46:47.428+0000] {dag.py:2690} INFO - Sync 1 DAGs
[2023-05-07T22:46:47.464+0000] {logging_mixin.py:137} INFO - [2023-05-07T22:46:47.464+0000] {dag.py:3437} INFO - Setting next_dagrun for example_trigger_target_dag to None, run_after=None
[2023-05-07T22:46:47.515+0000] {processor.py:175} INFO - Processing /usr/local/python/3.10.4/lib/python3.10/site-packages/airflow/example_dags/example_trigger_target_dag.py took 0.159 seconds
[2023-05-07T22:47:22.081+0000] {processor.py:153} INFO - Started process (PID=21606) to work on /usr/local/python/3.10.4/lib/python3.10/site-packages/airflow/example_dags/example_trigger_target_dag.py
[2023-05-07T22:47:22.083+0000] {processor.py:743} INFO - Processing file /usr/local/python/3.10.4/lib/python3.10/site-packages/airflow/example_dags/example_trigger_target_dag.py for tasks to queue
[2023-05-07T22:47:22.083+0000] {logging_mixin.py:137} INFO - [2023-05-07T22:47:22.083+0000] {dagbag.py:538} INFO - Filling up the DagBag from /usr/local/python/3.10.4/lib/python3.10/site-packages/airflow/example_dags/example_trigger_target_dag.py
[2023-05-07T22:47:22.106+0000] {processor.py:753} INFO - DAG(s) dict_keys(['example_trigger_target_dag']) retrieved from /usr/local/python/3.10.4/lib/python3.10/site-packages/airflow/example_dags/example_trigger_target_dag.py
[2023-05-07T22:47:22.166+0000] {logging_mixin.py:137} INFO - [2023-05-07T22:47:22.165+0000] {dag.py:2690} INFO - Sync 1 DAGs
[2023-05-07T22:47:22.240+0000] {logging_mixin.py:137} INFO - [2023-05-07T22:47:22.240+0000] {dag.py:3437} INFO - Setting next_dagrun for example_trigger_target_dag to None, run_after=None
[2023-05-07T22:47:22.318+0000] {processor.py:175} INFO - Processing /usr/local/python/3.10.4/lib/python3.10/site-packages/airflow/example_dags/example_trigger_target_dag.py took 0.241 seconds
[2023-05-07T22:48:02.912+0000] {processor.py:153} INFO - Started process (PID=21912) to work on /usr/local/python/3.10.4/lib/python3.10/site-packages/airflow/example_dags/example_trigger_target_dag.py
[2023-05-07T22:48:02.912+0000] {processor.py:743} INFO - Processing file /usr/local/python/3.10.4/lib/python3.10/site-packages/airflow/example_dags/example_trigger_target_dag.py for tasks to queue
[2023-05-07T22:48:02.913+0000] {logging_mixin.py:137} INFO - [2023-05-07T22:48:02.913+0000] {dagbag.py:538} INFO - Filling up the DagBag from /usr/local/python/3.10.4/lib/python3.10/site-packages/airflow/example_dags/example_trigger_target_dag.py
[2023-05-07T22:48:02.934+0000] {processor.py:753} INFO - DAG(s) dict_keys(['example_trigger_target_dag']) retrieved from /usr/local/python/3.10.4/lib/python3.10/site-packages/airflow/example_dags/example_trigger_target_dag.py
[2023-05-07T22:48:02.950+0000] {logging_mixin.py:137} INFO - [2023-05-07T22:48:02.950+0000] {dag.py:2690} INFO - Sync 1 DAGs
[2023-05-07T22:48:02.968+0000] {logging_mixin.py:137} INFO - [2023-05-07T22:48:02.968+0000] {dag.py:3437} INFO - Setting next_dagrun for example_trigger_target_dag to None, run_after=None
[2023-05-07T22:48:03.009+0000] {processor.py:175} INFO - Processing /usr/local/python/3.10.4/lib/python3.10/site-packages/airflow/example_dags/example_trigger_target_dag.py took 0.100 seconds
[2023-05-07T22:48:36.793+0000] {processor.py:153} INFO - Started process (PID=22226) to work on /usr/local/python/3.10.4/lib/python3.10/site-packages/airflow/example_dags/example_trigger_target_dag.py
[2023-05-07T22:48:36.794+0000] {processor.py:743} INFO - Processing file /usr/local/python/3.10.4/lib/python3.10/site-packages/airflow/example_dags/example_trigger_target_dag.py for tasks to queue
[2023-05-07T22:48:36.794+0000] {logging_mixin.py:137} INFO - [2023-05-07T22:48:36.794+0000] {dagbag.py:538} INFO - Filling up the DagBag from /usr/local/python/3.10.4/lib/python3.10/site-packages/airflow/example_dags/example_trigger_target_dag.py
[2023-05-07T22:48:36.815+0000] {processor.py:753} INFO - DAG(s) dict_keys(['example_trigger_target_dag']) retrieved from /usr/local/python/3.10.4/lib/python3.10/site-packages/airflow/example_dags/example_trigger_target_dag.py
[2023-05-07T22:48:36.833+0000] {logging_mixin.py:137} INFO - [2023-05-07T22:48:36.832+0000] {dag.py:2690} INFO - Sync 1 DAGs
[2023-05-07T22:48:36.849+0000] {logging_mixin.py:137} INFO - [2023-05-07T22:48:36.849+0000] {dag.py:3437} INFO - Setting next_dagrun for example_trigger_target_dag to None, run_after=None
[2023-05-07T22:48:36.889+0000] {processor.py:175} INFO - Processing /usr/local/python/3.10.4/lib/python3.10/site-packages/airflow/example_dags/example_trigger_target_dag.py took 0.099 seconds
[2023-05-07T22:49:19.644+0000] {processor.py:153} INFO - Started process (PID=22689) to work on /usr/local/python/3.10.4/lib/python3.10/site-packages/airflow/example_dags/example_trigger_target_dag.py
[2023-05-07T22:49:19.644+0000] {processor.py:743} INFO - Processing file /usr/local/python/3.10.4/lib/python3.10/site-packages/airflow/example_dags/example_trigger_target_dag.py for tasks to queue
[2023-05-07T22:49:19.645+0000] {logging_mixin.py:137} INFO - [2023-05-07T22:49:19.645+0000] {dagbag.py:538} INFO - Filling up the DagBag from /usr/local/python/3.10.4/lib/python3.10/site-packages/airflow/example_dags/example_trigger_target_dag.py
[2023-05-07T22:49:19.667+0000] {processor.py:753} INFO - DAG(s) dict_keys(['example_trigger_target_dag']) retrieved from /usr/local/python/3.10.4/lib/python3.10/site-packages/airflow/example_dags/example_trigger_target_dag.py
[2023-05-07T22:49:19.683+0000] {logging_mixin.py:137} INFO - [2023-05-07T22:49:19.683+0000] {dag.py:2690} INFO - Sync 1 DAGs
[2023-05-07T22:49:19.700+0000] {logging_mixin.py:137} INFO - [2023-05-07T22:49:19.700+0000] {dag.py:3437} INFO - Setting next_dagrun for example_trigger_target_dag to None, run_after=None
[2023-05-07T22:49:19.738+0000] {processor.py:175} INFO - Processing /usr/local/python/3.10.4/lib/python3.10/site-packages/airflow/example_dags/example_trigger_target_dag.py took 0.097 seconds
[2023-05-07T22:49:52.544+0000] {processor.py:153} INFO - Started process (PID=22987) to work on /usr/local/python/3.10.4/lib/python3.10/site-packages/airflow/example_dags/example_trigger_target_dag.py
[2023-05-07T22:49:52.544+0000] {processor.py:743} INFO - Processing file /usr/local/python/3.10.4/lib/python3.10/site-packages/airflow/example_dags/example_trigger_target_dag.py for tasks to queue
[2023-05-07T22:49:52.545+0000] {logging_mixin.py:137} INFO - [2023-05-07T22:49:52.545+0000] {dagbag.py:538} INFO - Filling up the DagBag from /usr/local/python/3.10.4/lib/python3.10/site-packages/airflow/example_dags/example_trigger_target_dag.py
[2023-05-07T22:49:52.567+0000] {processor.py:753} INFO - DAG(s) dict_keys(['example_trigger_target_dag']) retrieved from /usr/local/python/3.10.4/lib/python3.10/site-packages/airflow/example_dags/example_trigger_target_dag.py
[2023-05-07T22:49:52.583+0000] {logging_mixin.py:137} INFO - [2023-05-07T22:49:52.583+0000] {dag.py:2690} INFO - Sync 1 DAGs
[2023-05-07T22:49:52.600+0000] {logging_mixin.py:137} INFO - [2023-05-07T22:49:52.600+0000] {dag.py:3437} INFO - Setting next_dagrun for example_trigger_target_dag to None, run_after=None
[2023-05-07T22:49:52.641+0000] {processor.py:175} INFO - Processing /usr/local/python/3.10.4/lib/python3.10/site-packages/airflow/example_dags/example_trigger_target_dag.py took 0.100 seconds
[2023-05-07T22:50:34.487+0000] {processor.py:153} INFO - Started process (PID=23318) to work on /usr/local/python/3.10.4/lib/python3.10/site-packages/airflow/example_dags/example_trigger_target_dag.py
[2023-05-07T22:50:34.487+0000] {processor.py:743} INFO - Processing file /usr/local/python/3.10.4/lib/python3.10/site-packages/airflow/example_dags/example_trigger_target_dag.py for tasks to queue
[2023-05-07T22:50:34.488+0000] {logging_mixin.py:137} INFO - [2023-05-07T22:50:34.488+0000] {dagbag.py:538} INFO - Filling up the DagBag from /usr/local/python/3.10.4/lib/python3.10/site-packages/airflow/example_dags/example_trigger_target_dag.py
[2023-05-07T22:50:34.510+0000] {processor.py:753} INFO - DAG(s) dict_keys(['example_trigger_target_dag']) retrieved from /usr/local/python/3.10.4/lib/python3.10/site-packages/airflow/example_dags/example_trigger_target_dag.py
[2023-05-07T22:50:34.526+0000] {logging_mixin.py:137} INFO - [2023-05-07T22:50:34.526+0000] {dag.py:2690} INFO - Sync 1 DAGs
[2023-05-07T22:50:34.542+0000] {logging_mixin.py:137} INFO - [2023-05-07T22:50:34.542+0000] {dag.py:3437} INFO - Setting next_dagrun for example_trigger_target_dag to None, run_after=None
[2023-05-07T22:50:34.587+0000] {processor.py:175} INFO - Processing /usr/local/python/3.10.4/lib/python3.10/site-packages/airflow/example_dags/example_trigger_target_dag.py took 0.100 seconds
[2023-05-07T22:51:08.860+0000] {processor.py:153} INFO - Started process (PID=23619) to work on /usr/local/python/3.10.4/lib/python3.10/site-packages/airflow/example_dags/example_trigger_target_dag.py
[2023-05-07T22:51:08.861+0000] {processor.py:743} INFO - Processing file /usr/local/python/3.10.4/lib/python3.10/site-packages/airflow/example_dags/example_trigger_target_dag.py for tasks to queue
[2023-05-07T22:51:08.861+0000] {logging_mixin.py:137} INFO - [2023-05-07T22:51:08.861+0000] {dagbag.py:538} INFO - Filling up the DagBag from /usr/local/python/3.10.4/lib/python3.10/site-packages/airflow/example_dags/example_trigger_target_dag.py
[2023-05-07T22:51:08.883+0000] {processor.py:753} INFO - DAG(s) dict_keys(['example_trigger_target_dag']) retrieved from /usr/local/python/3.10.4/lib/python3.10/site-packages/airflow/example_dags/example_trigger_target_dag.py
[2023-05-07T22:51:08.900+0000] {logging_mixin.py:137} INFO - [2023-05-07T22:51:08.900+0000] {dag.py:2690} INFO - Sync 1 DAGs
[2023-05-07T22:51:08.917+0000] {logging_mixin.py:137} INFO - [2023-05-07T22:51:08.917+0000] {dag.py:3437} INFO - Setting next_dagrun for example_trigger_target_dag to None, run_after=None
[2023-05-07T22:51:08.971+0000] {processor.py:175} INFO - Processing /usr/local/python/3.10.4/lib/python3.10/site-packages/airflow/example_dags/example_trigger_target_dag.py took 0.115 seconds
[2023-05-07T22:51:50.567+0000] {processor.py:153} INFO - Started process (PID=23911) to work on /usr/local/python/3.10.4/lib/python3.10/site-packages/airflow/example_dags/example_trigger_target_dag.py
[2023-05-07T22:51:50.568+0000] {processor.py:743} INFO - Processing file /usr/local/python/3.10.4/lib/python3.10/site-packages/airflow/example_dags/example_trigger_target_dag.py for tasks to queue
[2023-05-07T22:51:50.569+0000] {logging_mixin.py:137} INFO - [2023-05-07T22:51:50.569+0000] {dagbag.py:538} INFO - Filling up the DagBag from /usr/local/python/3.10.4/lib/python3.10/site-packages/airflow/example_dags/example_trigger_target_dag.py
[2023-05-07T22:51:50.590+0000] {processor.py:753} INFO - DAG(s) dict_keys(['example_trigger_target_dag']) retrieved from /usr/local/python/3.10.4/lib/python3.10/site-packages/airflow/example_dags/example_trigger_target_dag.py
[2023-05-07T22:51:50.606+0000] {logging_mixin.py:137} INFO - [2023-05-07T22:51:50.606+0000] {dag.py:2690} INFO - Sync 1 DAGs
[2023-05-07T22:51:50.624+0000] {logging_mixin.py:137} INFO - [2023-05-07T22:51:50.624+0000] {dag.py:3437} INFO - Setting next_dagrun for example_trigger_target_dag to None, run_after=None
[2023-05-07T22:51:50.664+0000] {processor.py:175} INFO - Processing /usr/local/python/3.10.4/lib/python3.10/site-packages/airflow/example_dags/example_trigger_target_dag.py took 0.099 seconds
[2023-05-07T22:52:31.937+0000] {processor.py:153} INFO - Started process (PID=24064) to work on /usr/local/python/3.10.4/lib/python3.10/site-packages/airflow/example_dags/example_trigger_target_dag.py
[2023-05-07T22:52:31.938+0000] {processor.py:743} INFO - Processing file /usr/local/python/3.10.4/lib/python3.10/site-packages/airflow/example_dags/example_trigger_target_dag.py for tasks to queue
[2023-05-07T22:52:31.939+0000] {logging_mixin.py:137} INFO - [2023-05-07T22:52:31.938+0000] {dagbag.py:538} INFO - Filling up the DagBag from /usr/local/python/3.10.4/lib/python3.10/site-packages/airflow/example_dags/example_trigger_target_dag.py
[2023-05-07T22:52:31.960+0000] {processor.py:753} INFO - DAG(s) dict_keys(['example_trigger_target_dag']) retrieved from /usr/local/python/3.10.4/lib/python3.10/site-packages/airflow/example_dags/example_trigger_target_dag.py
[2023-05-07T22:52:31.976+0000] {logging_mixin.py:137} INFO - [2023-05-07T22:52:31.976+0000] {dag.py:2690} INFO - Sync 1 DAGs
[2023-05-07T22:52:31.994+0000] {logging_mixin.py:137} INFO - [2023-05-07T22:52:31.994+0000] {dag.py:3437} INFO - Setting next_dagrun for example_trigger_target_dag to None, run_after=None
[2023-05-07T22:52:32.033+0000] {processor.py:175} INFO - Processing /usr/local/python/3.10.4/lib/python3.10/site-packages/airflow/example_dags/example_trigger_target_dag.py took 0.099 seconds
[2023-05-07T22:53:03.647+0000] {processor.py:153} INFO - Started process (PID=24712) to work on /usr/local/python/3.10.4/lib/python3.10/site-packages/airflow/example_dags/example_trigger_target_dag.py
[2023-05-07T22:53:03.648+0000] {processor.py:743} INFO - Processing file /usr/local/python/3.10.4/lib/python3.10/site-packages/airflow/example_dags/example_trigger_target_dag.py for tasks to queue
[2023-05-07T22:53:03.649+0000] {logging_mixin.py:137} INFO - [2023-05-07T22:53:03.649+0000] {dagbag.py:538} INFO - Filling up the DagBag from /usr/local/python/3.10.4/lib/python3.10/site-packages/airflow/example_dags/example_trigger_target_dag.py
[2023-05-07T22:53:03.683+0000] {processor.py:753} INFO - DAG(s) dict_keys(['example_trigger_target_dag']) retrieved from /usr/local/python/3.10.4/lib/python3.10/site-packages/airflow/example_dags/example_trigger_target_dag.py
[2023-05-07T22:53:03.707+0000] {logging_mixin.py:137} INFO - [2023-05-07T22:53:03.707+0000] {dag.py:2690} INFO - Sync 1 DAGs
[2023-05-07T22:53:03.737+0000] {logging_mixin.py:137} INFO - [2023-05-07T22:53:03.737+0000] {dag.py:3437} INFO - Setting next_dagrun for example_trigger_target_dag to None, run_after=None
[2023-05-07T22:53:03.801+0000] {processor.py:175} INFO - Processing /usr/local/python/3.10.4/lib/python3.10/site-packages/airflow/example_dags/example_trigger_target_dag.py took 0.160 seconds
[2023-05-07T22:53:37.556+0000] {processor.py:153} INFO - Started process (PID=25221) to work on /usr/local/python/3.10.4/lib/python3.10/site-packages/airflow/example_dags/example_trigger_target_dag.py
[2023-05-07T22:53:37.558+0000] {processor.py:743} INFO - Processing file /usr/local/python/3.10.4/lib/python3.10/site-packages/airflow/example_dags/example_trigger_target_dag.py for tasks to queue
[2023-05-07T22:53:37.558+0000] {logging_mixin.py:137} INFO - [2023-05-07T22:53:37.558+0000] {dagbag.py:538} INFO - Filling up the DagBag from /usr/local/python/3.10.4/lib/python3.10/site-packages/airflow/example_dags/example_trigger_target_dag.py
[2023-05-07T22:53:37.581+0000] {processor.py:753} INFO - DAG(s) dict_keys(['example_trigger_target_dag']) retrieved from /usr/local/python/3.10.4/lib/python3.10/site-packages/airflow/example_dags/example_trigger_target_dag.py
[2023-05-07T22:53:37.598+0000] {logging_mixin.py:137} INFO - [2023-05-07T22:53:37.598+0000] {dag.py:2690} INFO - Sync 1 DAGs
[2023-05-07T22:53:37.615+0000] {logging_mixin.py:137} INFO - [2023-05-07T22:53:37.615+0000] {dag.py:3437} INFO - Setting next_dagrun for example_trigger_target_dag to None, run_after=None
[2023-05-07T22:53:37.658+0000] {processor.py:175} INFO - Processing /usr/local/python/3.10.4/lib/python3.10/site-packages/airflow/example_dags/example_trigger_target_dag.py took 0.104 seconds
