[2023-05-07T22:22:30.154+0000] {processor.py:153} INFO - Started process (PID=9976) to work on /usr/local/python/3.10.4/lib/python3.10/site-packages/airflow/example_dags/example_nested_branch_dag.py
[2023-05-07T22:22:30.155+0000] {processor.py:743} INFO - Processing file /usr/local/python/3.10.4/lib/python3.10/site-packages/airflow/example_dags/example_nested_branch_dag.py for tasks to queue
[2023-05-07T22:22:30.155+0000] {logging_mixin.py:137} INFO - [2023-05-07T22:22:30.155+0000] {dagbag.py:538} INFO - Filling up the DagBag from /usr/local/python/3.10.4/lib/python3.10/site-packages/airflow/example_dags/example_nested_branch_dag.py
[2023-05-07T22:22:30.180+0000] {processor.py:753} INFO - DAG(s) dict_keys(['example_nested_branch_dag']) retrieved from /usr/local/python/3.10.4/lib/python3.10/site-packages/airflow/example_dags/example_nested_branch_dag.py
[2023-05-07T22:22:30.326+0000] {logging_mixin.py:137} INFO - [2023-05-07T22:22:30.325+0000] {manager.py:504} INFO - Created Permission View: can edit on DAG:example_nested_branch_dag
[2023-05-07T22:22:30.359+0000] {logging_mixin.py:137} INFO - [2023-05-07T22:22:30.359+0000] {manager.py:504} INFO - Created Permission View: can delete on DAG:example_nested_branch_dag
[2023-05-07T22:22:30.391+0000] {logging_mixin.py:137} INFO - [2023-05-07T22:22:30.390+0000] {manager.py:504} INFO - Created Permission View: can read on DAG:example_nested_branch_dag
[2023-05-07T22:22:30.391+0000] {logging_mixin.py:137} INFO - [2023-05-07T22:22:30.391+0000] {dag.py:2690} INFO - Sync 1 DAGs
[2023-05-07T22:22:30.401+0000] {logging_mixin.py:137} INFO - [2023-05-07T22:22:30.401+0000] {dag.py:2711} INFO - Creating ORM DAG for example_nested_branch_dag
[2023-05-07T22:22:30.410+0000] {logging_mixin.py:137} INFO - [2023-05-07T22:22:30.410+0000] {dag.py:3437} INFO - Setting next_dagrun for example_nested_branch_dag to 2023-05-06T00:00:00+00:00, run_after=2023-05-07T00:00:00+00:00
[2023-05-07T22:22:30.459+0000] {processor.py:175} INFO - Processing /usr/local/python/3.10.4/lib/python3.10/site-packages/airflow/example_dags/example_nested_branch_dag.py took 0.308 seconds
[2023-05-07T22:23:13.424+0000] {processor.py:153} INFO - Started process (PID=10270) to work on /usr/local/python/3.10.4/lib/python3.10/site-packages/airflow/example_dags/example_nested_branch_dag.py
[2023-05-07T22:23:13.425+0000] {processor.py:743} INFO - Processing file /usr/local/python/3.10.4/lib/python3.10/site-packages/airflow/example_dags/example_nested_branch_dag.py for tasks to queue
[2023-05-07T22:23:13.425+0000] {logging_mixin.py:137} INFO - [2023-05-07T22:23:13.425+0000] {dagbag.py:538} INFO - Filling up the DagBag from /usr/local/python/3.10.4/lib/python3.10/site-packages/airflow/example_dags/example_nested_branch_dag.py
[2023-05-07T22:23:13.450+0000] {processor.py:753} INFO - DAG(s) dict_keys(['example_nested_branch_dag']) retrieved from /usr/local/python/3.10.4/lib/python3.10/site-packages/airflow/example_dags/example_nested_branch_dag.py
[2023-05-07T22:23:13.467+0000] {logging_mixin.py:137} INFO - [2023-05-07T22:23:13.467+0000] {dag.py:2690} INFO - Sync 1 DAGs
[2023-05-07T22:23:13.484+0000] {logging_mixin.py:137} INFO - [2023-05-07T22:23:13.484+0000] {dag.py:3437} INFO - Setting next_dagrun for example_nested_branch_dag to 2023-05-06T00:00:00+00:00, run_after=2023-05-07T00:00:00+00:00
[2023-05-07T22:23:13.530+0000] {processor.py:175} INFO - Processing /usr/local/python/3.10.4/lib/python3.10/site-packages/airflow/example_dags/example_nested_branch_dag.py took 0.110 seconds
[2023-05-07T22:23:54.959+0000] {processor.py:153} INFO - Started process (PID=10673) to work on /usr/local/python/3.10.4/lib/python3.10/site-packages/airflow/example_dags/example_nested_branch_dag.py
[2023-05-07T22:23:54.960+0000] {processor.py:743} INFO - Processing file /usr/local/python/3.10.4/lib/python3.10/site-packages/airflow/example_dags/example_nested_branch_dag.py for tasks to queue
[2023-05-07T22:23:54.961+0000] {logging_mixin.py:137} INFO - [2023-05-07T22:23:54.960+0000] {dagbag.py:538} INFO - Filling up the DagBag from /usr/local/python/3.10.4/lib/python3.10/site-packages/airflow/example_dags/example_nested_branch_dag.py
[2023-05-07T22:23:54.986+0000] {processor.py:753} INFO - DAG(s) dict_keys(['example_nested_branch_dag']) retrieved from /usr/local/python/3.10.4/lib/python3.10/site-packages/airflow/example_dags/example_nested_branch_dag.py
[2023-05-07T22:23:55.003+0000] {logging_mixin.py:137} INFO - [2023-05-07T22:23:55.003+0000] {dag.py:2690} INFO - Sync 1 DAGs
[2023-05-07T22:23:55.021+0000] {logging_mixin.py:137} INFO - [2023-05-07T22:23:55.021+0000] {dag.py:3437} INFO - Setting next_dagrun for example_nested_branch_dag to 2023-05-06T00:00:00+00:00, run_after=2023-05-07T00:00:00+00:00
[2023-05-07T22:23:55.062+0000] {processor.py:175} INFO - Processing /usr/local/python/3.10.4/lib/python3.10/site-packages/airflow/example_dags/example_nested_branch_dag.py took 0.106 seconds
[2023-05-07T22:24:39.322+0000] {processor.py:153} INFO - Started process (PID=11042) to work on /usr/local/python/3.10.4/lib/python3.10/site-packages/airflow/example_dags/example_nested_branch_dag.py
[2023-05-07T22:24:39.330+0000] {processor.py:743} INFO - Processing file /usr/local/python/3.10.4/lib/python3.10/site-packages/airflow/example_dags/example_nested_branch_dag.py for tasks to queue
[2023-05-07T22:24:39.331+0000] {logging_mixin.py:137} INFO - [2023-05-07T22:24:39.331+0000] {dagbag.py:538} INFO - Filling up the DagBag from /usr/local/python/3.10.4/lib/python3.10/site-packages/airflow/example_dags/example_nested_branch_dag.py
[2023-05-07T22:24:39.529+0000] {processor.py:753} INFO - DAG(s) dict_keys(['example_nested_branch_dag']) retrieved from /usr/local/python/3.10.4/lib/python3.10/site-packages/airflow/example_dags/example_nested_branch_dag.py
[2023-05-07T22:24:39.650+0000] {logging_mixin.py:137} INFO - [2023-05-07T22:24:39.649+0000] {dag.py:2690} INFO - Sync 1 DAGs
[2023-05-07T22:24:39.741+0000] {logging_mixin.py:137} INFO - [2023-05-07T22:24:39.741+0000] {dag.py:3437} INFO - Setting next_dagrun for example_nested_branch_dag to 2023-05-06T00:00:00+00:00, run_after=2023-05-07T00:00:00+00:00
[2023-05-07T22:24:39.878+0000] {processor.py:175} INFO - Processing /usr/local/python/3.10.4/lib/python3.10/site-packages/airflow/example_dags/example_nested_branch_dag.py took 0.584 seconds
[2023-05-07T22:25:24.759+0000] {processor.py:153} INFO - Started process (PID=11368) to work on /usr/local/python/3.10.4/lib/python3.10/site-packages/airflow/example_dags/example_nested_branch_dag.py
[2023-05-07T22:25:24.760+0000] {processor.py:743} INFO - Processing file /usr/local/python/3.10.4/lib/python3.10/site-packages/airflow/example_dags/example_nested_branch_dag.py for tasks to queue
[2023-05-07T22:25:24.761+0000] {logging_mixin.py:137} INFO - [2023-05-07T22:25:24.760+0000] {dagbag.py:538} INFO - Filling up the DagBag from /usr/local/python/3.10.4/lib/python3.10/site-packages/airflow/example_dags/example_nested_branch_dag.py
[2023-05-07T22:25:24.785+0000] {processor.py:753} INFO - DAG(s) dict_keys(['example_nested_branch_dag']) retrieved from /usr/local/python/3.10.4/lib/python3.10/site-packages/airflow/example_dags/example_nested_branch_dag.py
[2023-05-07T22:25:24.802+0000] {logging_mixin.py:137} INFO - [2023-05-07T22:25:24.802+0000] {dag.py:2690} INFO - Sync 1 DAGs
[2023-05-07T22:25:24.821+0000] {logging_mixin.py:137} INFO - [2023-05-07T22:25:24.821+0000] {dag.py:3437} INFO - Setting next_dagrun for example_nested_branch_dag to 2023-05-06T00:00:00+00:00, run_after=2023-05-07T00:00:00+00:00
[2023-05-07T22:25:24.862+0000] {processor.py:175} INFO - Processing /usr/local/python/3.10.4/lib/python3.10/site-packages/airflow/example_dags/example_nested_branch_dag.py took 0.106 seconds
[2023-05-07T22:26:08.684+0000] {processor.py:153} INFO - Started process (PID=11690) to work on /usr/local/python/3.10.4/lib/python3.10/site-packages/airflow/example_dags/example_nested_branch_dag.py
[2023-05-07T22:26:08.685+0000] {processor.py:743} INFO - Processing file /usr/local/python/3.10.4/lib/python3.10/site-packages/airflow/example_dags/example_nested_branch_dag.py for tasks to queue
[2023-05-07T22:26:08.685+0000] {logging_mixin.py:137} INFO - [2023-05-07T22:26:08.685+0000] {dagbag.py:538} INFO - Filling up the DagBag from /usr/local/python/3.10.4/lib/python3.10/site-packages/airflow/example_dags/example_nested_branch_dag.py
[2023-05-07T22:26:08.715+0000] {processor.py:753} INFO - DAG(s) dict_keys(['example_nested_branch_dag']) retrieved from /usr/local/python/3.10.4/lib/python3.10/site-packages/airflow/example_dags/example_nested_branch_dag.py
[2023-05-07T22:26:08.739+0000] {logging_mixin.py:137} INFO - [2023-05-07T22:26:08.739+0000] {dag.py:2690} INFO - Sync 1 DAGs
[2023-05-07T22:26:08.759+0000] {logging_mixin.py:137} INFO - [2023-05-07T22:26:08.758+0000] {dag.py:3437} INFO - Setting next_dagrun for example_nested_branch_dag to 2023-05-06T00:00:00+00:00, run_after=2023-05-07T00:00:00+00:00
[2023-05-07T22:26:08.802+0000] {processor.py:175} INFO - Processing /usr/local/python/3.10.4/lib/python3.10/site-packages/airflow/example_dags/example_nested_branch_dag.py took 0.122 seconds
[2023-05-07T22:26:49.165+0000] {processor.py:153} INFO - Started process (PID=11965) to work on /usr/local/python/3.10.4/lib/python3.10/site-packages/airflow/example_dags/example_nested_branch_dag.py
[2023-05-07T22:26:49.165+0000] {processor.py:743} INFO - Processing file /usr/local/python/3.10.4/lib/python3.10/site-packages/airflow/example_dags/example_nested_branch_dag.py for tasks to queue
[2023-05-07T22:26:49.166+0000] {logging_mixin.py:137} INFO - [2023-05-07T22:26:49.166+0000] {dagbag.py:538} INFO - Filling up the DagBag from /usr/local/python/3.10.4/lib/python3.10/site-packages/airflow/example_dags/example_nested_branch_dag.py
[2023-05-07T22:26:49.190+0000] {processor.py:753} INFO - DAG(s) dict_keys(['example_nested_branch_dag']) retrieved from /usr/local/python/3.10.4/lib/python3.10/site-packages/airflow/example_dags/example_nested_branch_dag.py
[2023-05-07T22:26:49.210+0000] {logging_mixin.py:137} INFO - [2023-05-07T22:26:49.210+0000] {dag.py:2690} INFO - Sync 1 DAGs
[2023-05-07T22:26:49.229+0000] {logging_mixin.py:137} INFO - [2023-05-07T22:26:49.229+0000] {dag.py:3437} INFO - Setting next_dagrun for example_nested_branch_dag to 2023-05-06T00:00:00+00:00, run_after=2023-05-07T00:00:00+00:00
[2023-05-07T22:26:49.270+0000] {processor.py:175} INFO - Processing /usr/local/python/3.10.4/lib/python3.10/site-packages/airflow/example_dags/example_nested_branch_dag.py took 0.108 seconds
[2023-05-07T22:27:32.301+0000] {processor.py:153} INFO - Started process (PID=12260) to work on /usr/local/python/3.10.4/lib/python3.10/site-packages/airflow/example_dags/example_nested_branch_dag.py
[2023-05-07T22:27:32.301+0000] {processor.py:743} INFO - Processing file /usr/local/python/3.10.4/lib/python3.10/site-packages/airflow/example_dags/example_nested_branch_dag.py for tasks to queue
[2023-05-07T22:27:32.302+0000] {logging_mixin.py:137} INFO - [2023-05-07T22:27:32.302+0000] {dagbag.py:538} INFO - Filling up the DagBag from /usr/local/python/3.10.4/lib/python3.10/site-packages/airflow/example_dags/example_nested_branch_dag.py
[2023-05-07T22:27:32.326+0000] {processor.py:753} INFO - DAG(s) dict_keys(['example_nested_branch_dag']) retrieved from /usr/local/python/3.10.4/lib/python3.10/site-packages/airflow/example_dags/example_nested_branch_dag.py
[2023-05-07T22:27:32.343+0000] {logging_mixin.py:137} INFO - [2023-05-07T22:27:32.343+0000] {dag.py:2690} INFO - Sync 1 DAGs
[2023-05-07T22:27:32.361+0000] {logging_mixin.py:137} INFO - [2023-05-07T22:27:32.361+0000] {dag.py:3437} INFO - Setting next_dagrun for example_nested_branch_dag to 2023-05-06T00:00:00+00:00, run_after=2023-05-07T00:00:00+00:00
[2023-05-07T22:27:32.401+0000] {processor.py:175} INFO - Processing /usr/local/python/3.10.4/lib/python3.10/site-packages/airflow/example_dags/example_nested_branch_dag.py took 0.104 seconds
[2023-05-07T22:28:16.532+0000] {processor.py:153} INFO - Started process (PID=12580) to work on /usr/local/python/3.10.4/lib/python3.10/site-packages/airflow/example_dags/example_nested_branch_dag.py
[2023-05-07T22:28:16.533+0000] {processor.py:743} INFO - Processing file /usr/local/python/3.10.4/lib/python3.10/site-packages/airflow/example_dags/example_nested_branch_dag.py for tasks to queue
[2023-05-07T22:28:16.534+0000] {logging_mixin.py:137} INFO - [2023-05-07T22:28:16.534+0000] {dagbag.py:538} INFO - Filling up the DagBag from /usr/local/python/3.10.4/lib/python3.10/site-packages/airflow/example_dags/example_nested_branch_dag.py
[2023-05-07T22:28:16.560+0000] {processor.py:753} INFO - DAG(s) dict_keys(['example_nested_branch_dag']) retrieved from /usr/local/python/3.10.4/lib/python3.10/site-packages/airflow/example_dags/example_nested_branch_dag.py
[2023-05-07T22:28:16.579+0000] {logging_mixin.py:137} INFO - [2023-05-07T22:28:16.579+0000] {dag.py:2690} INFO - Sync 1 DAGs
[2023-05-07T22:28:16.597+0000] {logging_mixin.py:137} INFO - [2023-05-07T22:28:16.597+0000] {dag.py:3437} INFO - Setting next_dagrun for example_nested_branch_dag to 2023-05-06T00:00:00+00:00, run_after=2023-05-07T00:00:00+00:00
[2023-05-07T22:28:16.695+0000] {processor.py:175} INFO - Processing /usr/local/python/3.10.4/lib/python3.10/site-packages/airflow/example_dags/example_nested_branch_dag.py took 0.165 seconds
[2023-05-07T22:28:59.426+0000] {processor.py:153} INFO - Started process (PID=12870) to work on /usr/local/python/3.10.4/lib/python3.10/site-packages/airflow/example_dags/example_nested_branch_dag.py
[2023-05-07T22:28:59.427+0000] {processor.py:743} INFO - Processing file /usr/local/python/3.10.4/lib/python3.10/site-packages/airflow/example_dags/example_nested_branch_dag.py for tasks to queue
[2023-05-07T22:28:59.428+0000] {logging_mixin.py:137} INFO - [2023-05-07T22:28:59.428+0000] {dagbag.py:538} INFO - Filling up the DagBag from /usr/local/python/3.10.4/lib/python3.10/site-packages/airflow/example_dags/example_nested_branch_dag.py
[2023-05-07T22:28:59.467+0000] {processor.py:753} INFO - DAG(s) dict_keys(['example_nested_branch_dag']) retrieved from /usr/local/python/3.10.4/lib/python3.10/site-packages/airflow/example_dags/example_nested_branch_dag.py
[2023-05-07T22:28:59.485+0000] {logging_mixin.py:137} INFO - [2023-05-07T22:28:59.485+0000] {dag.py:2690} INFO - Sync 1 DAGs
[2023-05-07T22:28:59.503+0000] {logging_mixin.py:137} INFO - [2023-05-07T22:28:59.502+0000] {dag.py:3437} INFO - Setting next_dagrun for example_nested_branch_dag to 2023-05-06T00:00:00+00:00, run_after=2023-05-07T00:00:00+00:00
[2023-05-07T22:28:59.667+0000] {processor.py:175} INFO - Processing /usr/local/python/3.10.4/lib/python3.10/site-packages/airflow/example_dags/example_nested_branch_dag.py took 0.244 seconds
[2023-05-07T22:29:42.623+0000] {processor.py:153} INFO - Started process (PID=13165) to work on /usr/local/python/3.10.4/lib/python3.10/site-packages/airflow/example_dags/example_nested_branch_dag.py
[2023-05-07T22:29:42.624+0000] {processor.py:743} INFO - Processing file /usr/local/python/3.10.4/lib/python3.10/site-packages/airflow/example_dags/example_nested_branch_dag.py for tasks to queue
[2023-05-07T22:29:42.625+0000] {logging_mixin.py:137} INFO - [2023-05-07T22:29:42.624+0000] {dagbag.py:538} INFO - Filling up the DagBag from /usr/local/python/3.10.4/lib/python3.10/site-packages/airflow/example_dags/example_nested_branch_dag.py
[2023-05-07T22:29:42.648+0000] {processor.py:753} INFO - DAG(s) dict_keys(['example_nested_branch_dag']) retrieved from /usr/local/python/3.10.4/lib/python3.10/site-packages/airflow/example_dags/example_nested_branch_dag.py
[2023-05-07T22:29:42.664+0000] {logging_mixin.py:137} INFO - [2023-05-07T22:29:42.664+0000] {dag.py:2690} INFO - Sync 1 DAGs
[2023-05-07T22:29:42.683+0000] {logging_mixin.py:137} INFO - [2023-05-07T22:29:42.683+0000] {dag.py:3437} INFO - Setting next_dagrun for example_nested_branch_dag to 2023-05-06T00:00:00+00:00, run_after=2023-05-07T00:00:00+00:00
[2023-05-07T22:29:42.829+0000] {processor.py:175} INFO - Processing /usr/local/python/3.10.4/lib/python3.10/site-packages/airflow/example_dags/example_nested_branch_dag.py took 0.208 seconds
[2023-05-07T22:30:22.278+0000] {processor.py:153} INFO - Started process (PID=13443) to work on /usr/local/python/3.10.4/lib/python3.10/site-packages/airflow/example_dags/example_nested_branch_dag.py
[2023-05-07T22:30:22.279+0000] {processor.py:743} INFO - Processing file /usr/local/python/3.10.4/lib/python3.10/site-packages/airflow/example_dags/example_nested_branch_dag.py for tasks to queue
[2023-05-07T22:30:22.280+0000] {logging_mixin.py:137} INFO - [2023-05-07T22:30:22.280+0000] {dagbag.py:538} INFO - Filling up the DagBag from /usr/local/python/3.10.4/lib/python3.10/site-packages/airflow/example_dags/example_nested_branch_dag.py
[2023-05-07T22:30:22.304+0000] {processor.py:753} INFO - DAG(s) dict_keys(['example_nested_branch_dag']) retrieved from /usr/local/python/3.10.4/lib/python3.10/site-packages/airflow/example_dags/example_nested_branch_dag.py
[2023-05-07T22:30:22.326+0000] {logging_mixin.py:137} INFO - [2023-05-07T22:30:22.326+0000] {dag.py:2690} INFO - Sync 1 DAGs
[2023-05-07T22:30:22.447+0000] {logging_mixin.py:137} INFO - [2023-05-07T22:30:22.447+0000] {dag.py:3437} INFO - Setting next_dagrun for example_nested_branch_dag to 2023-05-06T00:00:00+00:00, run_after=2023-05-07T00:00:00+00:00
[2023-05-07T22:30:22.488+0000] {processor.py:175} INFO - Processing /usr/local/python/3.10.4/lib/python3.10/site-packages/airflow/example_dags/example_nested_branch_dag.py took 0.213 seconds
[2023-05-07T22:31:11.676+0000] {processor.py:153} INFO - Started process (PID=13774) to work on /usr/local/python/3.10.4/lib/python3.10/site-packages/airflow/example_dags/example_nested_branch_dag.py
[2023-05-07T22:31:11.677+0000] {processor.py:743} INFO - Processing file /usr/local/python/3.10.4/lib/python3.10/site-packages/airflow/example_dags/example_nested_branch_dag.py for tasks to queue
[2023-05-07T22:31:11.677+0000] {logging_mixin.py:137} INFO - [2023-05-07T22:31:11.677+0000] {dagbag.py:538} INFO - Filling up the DagBag from /usr/local/python/3.10.4/lib/python3.10/site-packages/airflow/example_dags/example_nested_branch_dag.py
[2023-05-07T22:31:11.702+0000] {processor.py:753} INFO - DAG(s) dict_keys(['example_nested_branch_dag']) retrieved from /usr/local/python/3.10.4/lib/python3.10/site-packages/airflow/example_dags/example_nested_branch_dag.py
[2023-05-07T22:31:11.720+0000] {logging_mixin.py:137} INFO - [2023-05-07T22:31:11.720+0000] {dag.py:2690} INFO - Sync 1 DAGs
[2023-05-07T22:31:11.853+0000] {logging_mixin.py:137} INFO - [2023-05-07T22:31:11.853+0000] {dag.py:3437} INFO - Setting next_dagrun for example_nested_branch_dag to 2023-05-06T00:00:00+00:00, run_after=2023-05-07T00:00:00+00:00
[2023-05-07T22:31:11.901+0000] {processor.py:175} INFO - Processing /usr/local/python/3.10.4/lib/python3.10/site-packages/airflow/example_dags/example_nested_branch_dag.py took 0.228 seconds
[2023-05-07T22:32:00.468+0000] {processor.py:153} INFO - Started process (PID=14116) to work on /usr/local/python/3.10.4/lib/python3.10/site-packages/airflow/example_dags/example_nested_branch_dag.py
[2023-05-07T22:32:00.469+0000] {processor.py:743} INFO - Processing file /usr/local/python/3.10.4/lib/python3.10/site-packages/airflow/example_dags/example_nested_branch_dag.py for tasks to queue
[2023-05-07T22:32:00.469+0000] {logging_mixin.py:137} INFO - [2023-05-07T22:32:00.469+0000] {dagbag.py:538} INFO - Filling up the DagBag from /usr/local/python/3.10.4/lib/python3.10/site-packages/airflow/example_dags/example_nested_branch_dag.py
[2023-05-07T22:32:00.498+0000] {processor.py:753} INFO - DAG(s) dict_keys(['example_nested_branch_dag']) retrieved from /usr/local/python/3.10.4/lib/python3.10/site-packages/airflow/example_dags/example_nested_branch_dag.py
[2023-05-07T22:32:00.634+0000] {logging_mixin.py:137} INFO - [2023-05-07T22:32:00.634+0000] {dag.py:2690} INFO - Sync 1 DAGs
[2023-05-07T22:32:00.650+0000] {logging_mixin.py:137} INFO - [2023-05-07T22:32:00.650+0000] {dag.py:3437} INFO - Setting next_dagrun for example_nested_branch_dag to 2023-05-06T00:00:00+00:00, run_after=2023-05-07T00:00:00+00:00
[2023-05-07T22:32:00.689+0000] {processor.py:175} INFO - Processing /usr/local/python/3.10.4/lib/python3.10/site-packages/airflow/example_dags/example_nested_branch_dag.py took 0.225 seconds
[2023-05-07T22:32:45.178+0000] {processor.py:153} INFO - Started process (PID=14420) to work on /usr/local/python/3.10.4/lib/python3.10/site-packages/airflow/example_dags/example_nested_branch_dag.py
[2023-05-07T22:32:45.179+0000] {processor.py:743} INFO - Processing file /usr/local/python/3.10.4/lib/python3.10/site-packages/airflow/example_dags/example_nested_branch_dag.py for tasks to queue
[2023-05-07T22:32:45.181+0000] {logging_mixin.py:137} INFO - [2023-05-07T22:32:45.181+0000] {dagbag.py:538} INFO - Filling up the DagBag from /usr/local/python/3.10.4/lib/python3.10/site-packages/airflow/example_dags/example_nested_branch_dag.py
[2023-05-07T22:32:45.348+0000] {processor.py:753} INFO - DAG(s) dict_keys(['example_nested_branch_dag']) retrieved from /usr/local/python/3.10.4/lib/python3.10/site-packages/airflow/example_dags/example_nested_branch_dag.py
[2023-05-07T22:32:45.362+0000] {logging_mixin.py:137} INFO - [2023-05-07T22:32:45.362+0000] {dag.py:2690} INFO - Sync 1 DAGs
[2023-05-07T22:32:45.387+0000] {logging_mixin.py:137} INFO - [2023-05-07T22:32:45.387+0000] {dag.py:3437} INFO - Setting next_dagrun for example_nested_branch_dag to 2023-05-06T00:00:00+00:00, run_after=2023-05-07T00:00:00+00:00
[2023-05-07T22:32:45.427+0000] {processor.py:175} INFO - Processing /usr/local/python/3.10.4/lib/python3.10/site-packages/airflow/example_dags/example_nested_branch_dag.py took 0.253 seconds
[2023-05-07T22:33:35.103+0000] {processor.py:153} INFO - Started process (PID=14779) to work on /usr/local/python/3.10.4/lib/python3.10/site-packages/airflow/example_dags/example_nested_branch_dag.py
[2023-05-07T22:33:35.104+0000] {processor.py:743} INFO - Processing file /usr/local/python/3.10.4/lib/python3.10/site-packages/airflow/example_dags/example_nested_branch_dag.py for tasks to queue
[2023-05-07T22:33:35.104+0000] {logging_mixin.py:137} INFO - [2023-05-07T22:33:35.104+0000] {dagbag.py:538} INFO - Filling up the DagBag from /usr/local/python/3.10.4/lib/python3.10/site-packages/airflow/example_dags/example_nested_branch_dag.py
[2023-05-07T22:33:35.239+0000] {processor.py:753} INFO - DAG(s) dict_keys(['example_nested_branch_dag']) retrieved from /usr/local/python/3.10.4/lib/python3.10/site-packages/airflow/example_dags/example_nested_branch_dag.py
[2023-05-07T22:33:35.253+0000] {logging_mixin.py:137} INFO - [2023-05-07T22:33:35.253+0000] {dag.py:2690} INFO - Sync 1 DAGs
[2023-05-07T22:33:35.270+0000] {logging_mixin.py:137} INFO - [2023-05-07T22:33:35.270+0000] {dag.py:3437} INFO - Setting next_dagrun for example_nested_branch_dag to 2023-05-06T00:00:00+00:00, run_after=2023-05-07T00:00:00+00:00
[2023-05-07T22:33:35.311+0000] {processor.py:175} INFO - Processing /usr/local/python/3.10.4/lib/python3.10/site-packages/airflow/example_dags/example_nested_branch_dag.py took 0.212 seconds
[2023-05-07T22:34:24.426+0000] {processor.py:153} INFO - Started process (PID=15184) to work on /usr/local/python/3.10.4/lib/python3.10/site-packages/airflow/example_dags/example_nested_branch_dag.py
[2023-05-07T22:34:24.427+0000] {processor.py:743} INFO - Processing file /usr/local/python/3.10.4/lib/python3.10/site-packages/airflow/example_dags/example_nested_branch_dag.py for tasks to queue
[2023-05-07T22:34:24.427+0000] {logging_mixin.py:137} INFO - [2023-05-07T22:34:24.427+0000] {dagbag.py:538} INFO - Filling up the DagBag from /usr/local/python/3.10.4/lib/python3.10/site-packages/airflow/example_dags/example_nested_branch_dag.py
[2023-05-07T22:34:24.561+0000] {processor.py:753} INFO - DAG(s) dict_keys(['example_nested_branch_dag']) retrieved from /usr/local/python/3.10.4/lib/python3.10/site-packages/airflow/example_dags/example_nested_branch_dag.py
[2023-05-07T22:34:24.578+0000] {logging_mixin.py:137} INFO - [2023-05-07T22:34:24.578+0000] {dag.py:2690} INFO - Sync 1 DAGs
[2023-05-07T22:34:24.602+0000] {logging_mixin.py:137} INFO - [2023-05-07T22:34:24.601+0000] {dag.py:3437} INFO - Setting next_dagrun for example_nested_branch_dag to 2023-05-06T00:00:00+00:00, run_after=2023-05-07T00:00:00+00:00
[2023-05-07T22:34:24.657+0000] {processor.py:175} INFO - Processing /usr/local/python/3.10.4/lib/python3.10/site-packages/airflow/example_dags/example_nested_branch_dag.py took 0.235 seconds
[2023-05-07T22:35:05.098+0000] {processor.py:153} INFO - Started process (PID=15463) to work on /usr/local/python/3.10.4/lib/python3.10/site-packages/airflow/example_dags/example_nested_branch_dag.py
[2023-05-07T22:35:05.098+0000] {processor.py:743} INFO - Processing file /usr/local/python/3.10.4/lib/python3.10/site-packages/airflow/example_dags/example_nested_branch_dag.py for tasks to queue
[2023-05-07T22:35:05.099+0000] {logging_mixin.py:137} INFO - [2023-05-07T22:35:05.099+0000] {dagbag.py:538} INFO - Filling up the DagBag from /usr/local/python/3.10.4/lib/python3.10/site-packages/airflow/example_dags/example_nested_branch_dag.py
[2023-05-07T22:35:05.127+0000] {processor.py:753} INFO - DAG(s) dict_keys(['example_nested_branch_dag']) retrieved from /usr/local/python/3.10.4/lib/python3.10/site-packages/airflow/example_dags/example_nested_branch_dag.py
[2023-05-07T22:35:05.145+0000] {logging_mixin.py:137} INFO - [2023-05-07T22:35:05.145+0000] {dag.py:2690} INFO - Sync 1 DAGs
[2023-05-07T22:35:05.164+0000] {logging_mixin.py:137} INFO - [2023-05-07T22:35:05.164+0000] {dag.py:3437} INFO - Setting next_dagrun for example_nested_branch_dag to 2023-05-06T00:00:00+00:00, run_after=2023-05-07T00:00:00+00:00
[2023-05-07T22:35:05.206+0000] {processor.py:175} INFO - Processing /usr/local/python/3.10.4/lib/python3.10/site-packages/airflow/example_dags/example_nested_branch_dag.py took 0.111 seconds
[2023-05-07T22:35:45.542+0000] {processor.py:153} INFO - Started process (PID=15747) to work on /usr/local/python/3.10.4/lib/python3.10/site-packages/airflow/example_dags/example_nested_branch_dag.py
[2023-05-07T22:35:45.542+0000] {processor.py:743} INFO - Processing file /usr/local/python/3.10.4/lib/python3.10/site-packages/airflow/example_dags/example_nested_branch_dag.py for tasks to queue
[2023-05-07T22:35:45.543+0000] {logging_mixin.py:137} INFO - [2023-05-07T22:35:45.543+0000] {dagbag.py:538} INFO - Filling up the DagBag from /usr/local/python/3.10.4/lib/python3.10/site-packages/airflow/example_dags/example_nested_branch_dag.py
[2023-05-07T22:35:45.567+0000] {processor.py:753} INFO - DAG(s) dict_keys(['example_nested_branch_dag']) retrieved from /usr/local/python/3.10.4/lib/python3.10/site-packages/airflow/example_dags/example_nested_branch_dag.py
[2023-05-07T22:35:45.585+0000] {logging_mixin.py:137} INFO - [2023-05-07T22:35:45.585+0000] {dag.py:2690} INFO - Sync 1 DAGs
[2023-05-07T22:35:45.604+0000] {logging_mixin.py:137} INFO - [2023-05-07T22:35:45.603+0000] {dag.py:3437} INFO - Setting next_dagrun for example_nested_branch_dag to 2023-05-06T00:00:00+00:00, run_after=2023-05-07T00:00:00+00:00
[2023-05-07T22:35:45.645+0000] {processor.py:175} INFO - Processing /usr/local/python/3.10.4/lib/python3.10/site-packages/airflow/example_dags/example_nested_branch_dag.py took 0.106 seconds
[2023-05-07T22:36:31.684+0000] {processor.py:153} INFO - Started process (PID=16073) to work on /usr/local/python/3.10.4/lib/python3.10/site-packages/airflow/example_dags/example_nested_branch_dag.py
[2023-05-07T22:36:31.685+0000] {processor.py:743} INFO - Processing file /usr/local/python/3.10.4/lib/python3.10/site-packages/airflow/example_dags/example_nested_branch_dag.py for tasks to queue
[2023-05-07T22:36:31.685+0000] {logging_mixin.py:137} INFO - [2023-05-07T22:36:31.685+0000] {dagbag.py:538} INFO - Filling up the DagBag from /usr/local/python/3.10.4/lib/python3.10/site-packages/airflow/example_dags/example_nested_branch_dag.py
[2023-05-07T22:36:31.713+0000] {processor.py:753} INFO - DAG(s) dict_keys(['example_nested_branch_dag']) retrieved from /usr/local/python/3.10.4/lib/python3.10/site-packages/airflow/example_dags/example_nested_branch_dag.py
[2023-05-07T22:36:31.730+0000] {logging_mixin.py:137} INFO - [2023-05-07T22:36:31.730+0000] {dag.py:2690} INFO - Sync 1 DAGs
[2023-05-07T22:36:31.753+0000] {logging_mixin.py:137} INFO - [2023-05-07T22:36:31.753+0000] {dag.py:3437} INFO - Setting next_dagrun for example_nested_branch_dag to 2023-05-06T00:00:00+00:00, run_after=2023-05-07T00:00:00+00:00
[2023-05-07T22:36:31.798+0000] {processor.py:175} INFO - Processing /usr/local/python/3.10.4/lib/python3.10/site-packages/airflow/example_dags/example_nested_branch_dag.py took 0.117 seconds
[2023-05-07T22:37:14.679+0000] {processor.py:153} INFO - Started process (PID=16374) to work on /usr/local/python/3.10.4/lib/python3.10/site-packages/airflow/example_dags/example_nested_branch_dag.py
[2023-05-07T22:37:14.680+0000] {processor.py:743} INFO - Processing file /usr/local/python/3.10.4/lib/python3.10/site-packages/airflow/example_dags/example_nested_branch_dag.py for tasks to queue
[2023-05-07T22:37:14.681+0000] {logging_mixin.py:137} INFO - [2023-05-07T22:37:14.681+0000] {dagbag.py:538} INFO - Filling up the DagBag from /usr/local/python/3.10.4/lib/python3.10/site-packages/airflow/example_dags/example_nested_branch_dag.py
[2023-05-07T22:37:14.706+0000] {processor.py:753} INFO - DAG(s) dict_keys(['example_nested_branch_dag']) retrieved from /usr/local/python/3.10.4/lib/python3.10/site-packages/airflow/example_dags/example_nested_branch_dag.py
[2023-05-07T22:37:14.724+0000] {logging_mixin.py:137} INFO - [2023-05-07T22:37:14.723+0000] {dag.py:2690} INFO - Sync 1 DAGs
[2023-05-07T22:37:14.742+0000] {logging_mixin.py:137} INFO - [2023-05-07T22:37:14.742+0000] {dag.py:3437} INFO - Setting next_dagrun for example_nested_branch_dag to 2023-05-06T00:00:00+00:00, run_after=2023-05-07T00:00:00+00:00
[2023-05-07T22:37:14.782+0000] {processor.py:175} INFO - Processing /usr/local/python/3.10.4/lib/python3.10/site-packages/airflow/example_dags/example_nested_branch_dag.py took 0.106 seconds
[2023-05-07T22:37:58.191+0000] {processor.py:153} INFO - Started process (PID=16707) to work on /usr/local/python/3.10.4/lib/python3.10/site-packages/airflow/example_dags/example_nested_branch_dag.py
[2023-05-07T22:37:58.192+0000] {processor.py:743} INFO - Processing file /usr/local/python/3.10.4/lib/python3.10/site-packages/airflow/example_dags/example_nested_branch_dag.py for tasks to queue
[2023-05-07T22:37:58.192+0000] {logging_mixin.py:137} INFO - [2023-05-07T22:37:58.192+0000] {dagbag.py:538} INFO - Filling up the DagBag from /usr/local/python/3.10.4/lib/python3.10/site-packages/airflow/example_dags/example_nested_branch_dag.py
[2023-05-07T22:37:58.217+0000] {processor.py:753} INFO - DAG(s) dict_keys(['example_nested_branch_dag']) retrieved from /usr/local/python/3.10.4/lib/python3.10/site-packages/airflow/example_dags/example_nested_branch_dag.py
[2023-05-07T22:37:58.237+0000] {logging_mixin.py:137} INFO - [2023-05-07T22:37:58.237+0000] {dag.py:2690} INFO - Sync 1 DAGs
[2023-05-07T22:37:58.256+0000] {logging_mixin.py:137} INFO - [2023-05-07T22:37:58.256+0000] {dag.py:3437} INFO - Setting next_dagrun for example_nested_branch_dag to 2023-05-06T00:00:00+00:00, run_after=2023-05-07T00:00:00+00:00
[2023-05-07T22:37:58.300+0000] {processor.py:175} INFO - Processing /usr/local/python/3.10.4/lib/python3.10/site-packages/airflow/example_dags/example_nested_branch_dag.py took 0.112 seconds
[2023-05-07T22:38:43.367+0000] {processor.py:153} INFO - Started process (PID=17027) to work on /usr/local/python/3.10.4/lib/python3.10/site-packages/airflow/example_dags/example_nested_branch_dag.py
[2023-05-07T22:38:43.368+0000] {processor.py:743} INFO - Processing file /usr/local/python/3.10.4/lib/python3.10/site-packages/airflow/example_dags/example_nested_branch_dag.py for tasks to queue
[2023-05-07T22:38:43.369+0000] {logging_mixin.py:137} INFO - [2023-05-07T22:38:43.369+0000] {dagbag.py:538} INFO - Filling up the DagBag from /usr/local/python/3.10.4/lib/python3.10/site-packages/airflow/example_dags/example_nested_branch_dag.py
[2023-05-07T22:38:43.394+0000] {processor.py:753} INFO - DAG(s) dict_keys(['example_nested_branch_dag']) retrieved from /usr/local/python/3.10.4/lib/python3.10/site-packages/airflow/example_dags/example_nested_branch_dag.py
[2023-05-07T22:38:43.411+0000] {logging_mixin.py:137} INFO - [2023-05-07T22:38:43.411+0000] {dag.py:2690} INFO - Sync 1 DAGs
[2023-05-07T22:38:43.430+0000] {logging_mixin.py:137} INFO - [2023-05-07T22:38:43.430+0000] {dag.py:3437} INFO - Setting next_dagrun for example_nested_branch_dag to 2023-05-06T00:00:00+00:00, run_after=2023-05-07T00:00:00+00:00
[2023-05-07T22:38:43.472+0000] {processor.py:175} INFO - Processing /usr/local/python/3.10.4/lib/python3.10/site-packages/airflow/example_dags/example_nested_branch_dag.py took 0.107 seconds
[2023-05-07T22:39:27.248+0000] {processor.py:153} INFO - Started process (PID=17333) to work on /usr/local/python/3.10.4/lib/python3.10/site-packages/airflow/example_dags/example_nested_branch_dag.py
[2023-05-07T22:39:27.249+0000] {processor.py:743} INFO - Processing file /usr/local/python/3.10.4/lib/python3.10/site-packages/airflow/example_dags/example_nested_branch_dag.py for tasks to queue
[2023-05-07T22:39:27.250+0000] {logging_mixin.py:137} INFO - [2023-05-07T22:39:27.250+0000] {dagbag.py:538} INFO - Filling up the DagBag from /usr/local/python/3.10.4/lib/python3.10/site-packages/airflow/example_dags/example_nested_branch_dag.py
[2023-05-07T22:39:27.274+0000] {processor.py:753} INFO - DAG(s) dict_keys(['example_nested_branch_dag']) retrieved from /usr/local/python/3.10.4/lib/python3.10/site-packages/airflow/example_dags/example_nested_branch_dag.py
[2023-05-07T22:39:27.291+0000] {logging_mixin.py:137} INFO - [2023-05-07T22:39:27.291+0000] {dag.py:2690} INFO - Sync 1 DAGs
[2023-05-07T22:39:27.317+0000] {logging_mixin.py:137} INFO - [2023-05-07T22:39:27.317+0000] {dag.py:3437} INFO - Setting next_dagrun for example_nested_branch_dag to 2023-05-06T00:00:00+00:00, run_after=2023-05-07T00:00:00+00:00
[2023-05-07T22:39:27.375+0000] {processor.py:175} INFO - Processing /usr/local/python/3.10.4/lib/python3.10/site-packages/airflow/example_dags/example_nested_branch_dag.py took 0.130 seconds
[2023-05-07T22:40:09.801+0000] {processor.py:153} INFO - Started process (PID=17649) to work on /usr/local/python/3.10.4/lib/python3.10/site-packages/airflow/example_dags/example_nested_branch_dag.py
[2023-05-07T22:40:09.801+0000] {processor.py:743} INFO - Processing file /usr/local/python/3.10.4/lib/python3.10/site-packages/airflow/example_dags/example_nested_branch_dag.py for tasks to queue
[2023-05-07T22:40:09.802+0000] {logging_mixin.py:137} INFO - [2023-05-07T22:40:09.802+0000] {dagbag.py:538} INFO - Filling up the DagBag from /usr/local/python/3.10.4/lib/python3.10/site-packages/airflow/example_dags/example_nested_branch_dag.py
[2023-05-07T22:40:09.826+0000] {processor.py:753} INFO - DAG(s) dict_keys(['example_nested_branch_dag']) retrieved from /usr/local/python/3.10.4/lib/python3.10/site-packages/airflow/example_dags/example_nested_branch_dag.py
[2023-05-07T22:40:09.844+0000] {logging_mixin.py:137} INFO - [2023-05-07T22:40:09.844+0000] {dag.py:2690} INFO - Sync 1 DAGs
[2023-05-07T22:40:09.861+0000] {logging_mixin.py:137} INFO - [2023-05-07T22:40:09.861+0000] {dag.py:3437} INFO - Setting next_dagrun for example_nested_branch_dag to 2023-05-06T00:00:00+00:00, run_after=2023-05-07T00:00:00+00:00
[2023-05-07T22:40:09.902+0000] {processor.py:175} INFO - Processing /usr/local/python/3.10.4/lib/python3.10/site-packages/airflow/example_dags/example_nested_branch_dag.py took 0.105 seconds
[2023-05-07T22:40:52.218+0000] {processor.py:153} INFO - Started process (PID=17997) to work on /usr/local/python/3.10.4/lib/python3.10/site-packages/airflow/example_dags/example_nested_branch_dag.py
[2023-05-07T22:40:52.219+0000] {processor.py:743} INFO - Processing file /usr/local/python/3.10.4/lib/python3.10/site-packages/airflow/example_dags/example_nested_branch_dag.py for tasks to queue
[2023-05-07T22:40:52.220+0000] {logging_mixin.py:137} INFO - [2023-05-07T22:40:52.219+0000] {dagbag.py:538} INFO - Filling up the DagBag from /usr/local/python/3.10.4/lib/python3.10/site-packages/airflow/example_dags/example_nested_branch_dag.py
[2023-05-07T22:40:52.247+0000] {processor.py:753} INFO - DAG(s) dict_keys(['example_nested_branch_dag']) retrieved from /usr/local/python/3.10.4/lib/python3.10/site-packages/airflow/example_dags/example_nested_branch_dag.py
[2023-05-07T22:40:52.266+0000] {logging_mixin.py:137} INFO - [2023-05-07T22:40:52.266+0000] {dag.py:2690} INFO - Sync 1 DAGs
[2023-05-07T22:40:52.284+0000] {logging_mixin.py:137} INFO - [2023-05-07T22:40:52.284+0000] {dag.py:3437} INFO - Setting next_dagrun for example_nested_branch_dag to 2023-05-06T00:00:00+00:00, run_after=2023-05-07T00:00:00+00:00
[2023-05-07T22:40:52.325+0000] {processor.py:175} INFO - Processing /usr/local/python/3.10.4/lib/python3.10/site-packages/airflow/example_dags/example_nested_branch_dag.py took 0.109 seconds
[2023-05-07T22:41:31.179+0000] {processor.py:153} INFO - Started process (PID=18255) to work on /usr/local/python/3.10.4/lib/python3.10/site-packages/airflow/example_dags/example_nested_branch_dag.py
[2023-05-07T22:41:31.180+0000] {processor.py:743} INFO - Processing file /usr/local/python/3.10.4/lib/python3.10/site-packages/airflow/example_dags/example_nested_branch_dag.py for tasks to queue
[2023-05-07T22:41:31.181+0000] {logging_mixin.py:137} INFO - [2023-05-07T22:41:31.180+0000] {dagbag.py:538} INFO - Filling up the DagBag from /usr/local/python/3.10.4/lib/python3.10/site-packages/airflow/example_dags/example_nested_branch_dag.py
[2023-05-07T22:41:31.217+0000] {processor.py:753} INFO - DAG(s) dict_keys(['example_nested_branch_dag']) retrieved from /usr/local/python/3.10.4/lib/python3.10/site-packages/airflow/example_dags/example_nested_branch_dag.py
[2023-05-07T22:41:31.237+0000] {logging_mixin.py:137} INFO - [2023-05-07T22:41:31.237+0000] {dag.py:2690} INFO - Sync 1 DAGs
[2023-05-07T22:41:31.255+0000] {logging_mixin.py:137} INFO - [2023-05-07T22:41:31.255+0000] {dag.py:3437} INFO - Setting next_dagrun for example_nested_branch_dag to 2023-05-06T00:00:00+00:00, run_after=2023-05-07T00:00:00+00:00
[2023-05-07T22:41:31.295+0000] {processor.py:175} INFO - Processing /usr/local/python/3.10.4/lib/python3.10/site-packages/airflow/example_dags/example_nested_branch_dag.py took 0.121 seconds
[2023-05-07T22:42:12.025+0000] {processor.py:153} INFO - Started process (PID=18593) to work on /usr/local/python/3.10.4/lib/python3.10/site-packages/airflow/example_dags/example_nested_branch_dag.py
[2023-05-07T22:42:12.026+0000] {processor.py:743} INFO - Processing file /usr/local/python/3.10.4/lib/python3.10/site-packages/airflow/example_dags/example_nested_branch_dag.py for tasks to queue
[2023-05-07T22:42:12.026+0000] {logging_mixin.py:137} INFO - [2023-05-07T22:42:12.026+0000] {dagbag.py:538} INFO - Filling up the DagBag from /usr/local/python/3.10.4/lib/python3.10/site-packages/airflow/example_dags/example_nested_branch_dag.py
[2023-05-07T22:42:12.050+0000] {processor.py:753} INFO - DAG(s) dict_keys(['example_nested_branch_dag']) retrieved from /usr/local/python/3.10.4/lib/python3.10/site-packages/airflow/example_dags/example_nested_branch_dag.py
[2023-05-07T22:42:12.067+0000] {logging_mixin.py:137} INFO - [2023-05-07T22:42:12.067+0000] {dag.py:2690} INFO - Sync 1 DAGs
[2023-05-07T22:42:12.085+0000] {logging_mixin.py:137} INFO - [2023-05-07T22:42:12.085+0000] {dag.py:3437} INFO - Setting next_dagrun for example_nested_branch_dag to 2023-05-06T00:00:00+00:00, run_after=2023-05-07T00:00:00+00:00
[2023-05-07T22:42:12.132+0000] {processor.py:175} INFO - Processing /usr/local/python/3.10.4/lib/python3.10/site-packages/airflow/example_dags/example_nested_branch_dag.py took 0.110 seconds
[2023-05-07T22:42:55.285+0000] {processor.py:153} INFO - Started process (PID=18982) to work on /usr/local/python/3.10.4/lib/python3.10/site-packages/airflow/example_dags/example_nested_branch_dag.py
[2023-05-07T22:42:55.286+0000] {processor.py:743} INFO - Processing file /usr/local/python/3.10.4/lib/python3.10/site-packages/airflow/example_dags/example_nested_branch_dag.py for tasks to queue
[2023-05-07T22:42:55.286+0000] {logging_mixin.py:137} INFO - [2023-05-07T22:42:55.286+0000] {dagbag.py:538} INFO - Filling up the DagBag from /usr/local/python/3.10.4/lib/python3.10/site-packages/airflow/example_dags/example_nested_branch_dag.py
[2023-05-07T22:42:55.310+0000] {processor.py:753} INFO - DAG(s) dict_keys(['example_nested_branch_dag']) retrieved from /usr/local/python/3.10.4/lib/python3.10/site-packages/airflow/example_dags/example_nested_branch_dag.py
[2023-05-07T22:42:55.327+0000] {logging_mixin.py:137} INFO - [2023-05-07T22:42:55.327+0000] {dag.py:2690} INFO - Sync 1 DAGs
[2023-05-07T22:42:55.347+0000] {logging_mixin.py:137} INFO - [2023-05-07T22:42:55.346+0000] {dag.py:3437} INFO - Setting next_dagrun for example_nested_branch_dag to 2023-05-06T00:00:00+00:00, run_after=2023-05-07T00:00:00+00:00
[2023-05-07T22:42:55.387+0000] {processor.py:175} INFO - Processing /usr/local/python/3.10.4/lib/python3.10/site-packages/airflow/example_dags/example_nested_branch_dag.py took 0.105 seconds
[2023-05-07T22:43:39.010+0000] {processor.py:153} INFO - Started process (PID=19481) to work on /usr/local/python/3.10.4/lib/python3.10/site-packages/airflow/example_dags/example_nested_branch_dag.py
[2023-05-07T22:43:39.011+0000] {processor.py:743} INFO - Processing file /usr/local/python/3.10.4/lib/python3.10/site-packages/airflow/example_dags/example_nested_branch_dag.py for tasks to queue
[2023-05-07T22:43:39.012+0000] {logging_mixin.py:137} INFO - [2023-05-07T22:43:39.012+0000] {dagbag.py:538} INFO - Filling up the DagBag from /usr/local/python/3.10.4/lib/python3.10/site-packages/airflow/example_dags/example_nested_branch_dag.py
[2023-05-07T22:43:39.042+0000] {processor.py:753} INFO - DAG(s) dict_keys(['example_nested_branch_dag']) retrieved from /usr/local/python/3.10.4/lib/python3.10/site-packages/airflow/example_dags/example_nested_branch_dag.py
[2023-05-07T22:43:39.058+0000] {logging_mixin.py:137} INFO - [2023-05-07T22:43:39.058+0000] {dag.py:2690} INFO - Sync 1 DAGs
[2023-05-07T22:43:39.078+0000] {logging_mixin.py:137} INFO - [2023-05-07T22:43:39.078+0000] {dag.py:3437} INFO - Setting next_dagrun for example_nested_branch_dag to 2023-05-06T00:00:00+00:00, run_after=2023-05-07T00:00:00+00:00
[2023-05-07T22:43:39.123+0000] {processor.py:175} INFO - Processing /usr/local/python/3.10.4/lib/python3.10/site-packages/airflow/example_dags/example_nested_branch_dag.py took 0.118 seconds
[2023-05-07T22:44:19.997+0000] {processor.py:153} INFO - Started process (PID=19910) to work on /usr/local/python/3.10.4/lib/python3.10/site-packages/airflow/example_dags/example_nested_branch_dag.py
[2023-05-07T22:44:19.998+0000] {processor.py:743} INFO - Processing file /usr/local/python/3.10.4/lib/python3.10/site-packages/airflow/example_dags/example_nested_branch_dag.py for tasks to queue
[2023-05-07T22:44:19.998+0000] {logging_mixin.py:137} INFO - [2023-05-07T22:44:19.998+0000] {dagbag.py:538} INFO - Filling up the DagBag from /usr/local/python/3.10.4/lib/python3.10/site-packages/airflow/example_dags/example_nested_branch_dag.py
[2023-05-07T22:44:20.022+0000] {processor.py:753} INFO - DAG(s) dict_keys(['example_nested_branch_dag']) retrieved from /usr/local/python/3.10.4/lib/python3.10/site-packages/airflow/example_dags/example_nested_branch_dag.py
[2023-05-07T22:44:20.039+0000] {logging_mixin.py:137} INFO - [2023-05-07T22:44:20.039+0000] {dag.py:2690} INFO - Sync 1 DAGs
[2023-05-07T22:44:20.058+0000] {logging_mixin.py:137} INFO - [2023-05-07T22:44:20.058+0000] {dag.py:3437} INFO - Setting next_dagrun for example_nested_branch_dag to 2023-05-06T00:00:00+00:00, run_after=2023-05-07T00:00:00+00:00
[2023-05-07T22:44:20.104+0000] {processor.py:175} INFO - Processing /usr/local/python/3.10.4/lib/python3.10/site-packages/airflow/example_dags/example_nested_branch_dag.py took 0.110 seconds
[2023-05-07T22:45:03.419+0000] {processor.py:153} INFO - Started process (PID=20283) to work on /usr/local/python/3.10.4/lib/python3.10/site-packages/airflow/example_dags/example_nested_branch_dag.py
[2023-05-07T22:45:03.420+0000] {processor.py:743} INFO - Processing file /usr/local/python/3.10.4/lib/python3.10/site-packages/airflow/example_dags/example_nested_branch_dag.py for tasks to queue
[2023-05-07T22:45:03.420+0000] {logging_mixin.py:137} INFO - [2023-05-07T22:45:03.420+0000] {dagbag.py:538} INFO - Filling up the DagBag from /usr/local/python/3.10.4/lib/python3.10/site-packages/airflow/example_dags/example_nested_branch_dag.py
[2023-05-07T22:45:03.444+0000] {processor.py:753} INFO - DAG(s) dict_keys(['example_nested_branch_dag']) retrieved from /usr/local/python/3.10.4/lib/python3.10/site-packages/airflow/example_dags/example_nested_branch_dag.py
[2023-05-07T22:45:03.461+0000] {logging_mixin.py:137} INFO - [2023-05-07T22:45:03.461+0000] {dag.py:2690} INFO - Sync 1 DAGs
[2023-05-07T22:45:03.479+0000] {logging_mixin.py:137} INFO - [2023-05-07T22:45:03.479+0000] {dag.py:3437} INFO - Setting next_dagrun for example_nested_branch_dag to 2023-05-06T00:00:00+00:00, run_after=2023-05-07T00:00:00+00:00
[2023-05-07T22:45:03.519+0000] {processor.py:175} INFO - Processing /usr/local/python/3.10.4/lib/python3.10/site-packages/airflow/example_dags/example_nested_branch_dag.py took 0.103 seconds
[2023-05-07T22:45:48.579+0000] {processor.py:153} INFO - Started process (PID=20735) to work on /usr/local/python/3.10.4/lib/python3.10/site-packages/airflow/example_dags/example_nested_branch_dag.py
[2023-05-07T22:45:48.580+0000] {processor.py:743} INFO - Processing file /usr/local/python/3.10.4/lib/python3.10/site-packages/airflow/example_dags/example_nested_branch_dag.py for tasks to queue
[2023-05-07T22:45:48.580+0000] {logging_mixin.py:137} INFO - [2023-05-07T22:45:48.580+0000] {dagbag.py:538} INFO - Filling up the DagBag from /usr/local/python/3.10.4/lib/python3.10/site-packages/airflow/example_dags/example_nested_branch_dag.py
[2023-05-07T22:45:48.604+0000] {processor.py:753} INFO - DAG(s) dict_keys(['example_nested_branch_dag']) retrieved from /usr/local/python/3.10.4/lib/python3.10/site-packages/airflow/example_dags/example_nested_branch_dag.py
[2023-05-07T22:45:48.621+0000] {logging_mixin.py:137} INFO - [2023-05-07T22:45:48.621+0000] {dag.py:2690} INFO - Sync 1 DAGs
[2023-05-07T22:45:48.639+0000] {logging_mixin.py:137} INFO - [2023-05-07T22:45:48.639+0000] {dag.py:3437} INFO - Setting next_dagrun for example_nested_branch_dag to 2023-05-06T00:00:00+00:00, run_after=2023-05-07T00:00:00+00:00
[2023-05-07T22:45:48.686+0000] {processor.py:175} INFO - Processing /usr/local/python/3.10.4/lib/python3.10/site-packages/airflow/example_dags/example_nested_branch_dag.py took 0.111 seconds
[2023-05-07T22:46:31.556+0000] {processor.py:153} INFO - Started process (PID=21183) to work on /usr/local/python/3.10.4/lib/python3.10/site-packages/airflow/example_dags/example_nested_branch_dag.py
[2023-05-07T22:46:31.557+0000] {processor.py:743} INFO - Processing file /usr/local/python/3.10.4/lib/python3.10/site-packages/airflow/example_dags/example_nested_branch_dag.py for tasks to queue
[2023-05-07T22:46:31.557+0000] {logging_mixin.py:137} INFO - [2023-05-07T22:46:31.557+0000] {dagbag.py:538} INFO - Filling up the DagBag from /usr/local/python/3.10.4/lib/python3.10/site-packages/airflow/example_dags/example_nested_branch_dag.py
[2023-05-07T22:46:31.588+0000] {processor.py:753} INFO - DAG(s) dict_keys(['example_nested_branch_dag']) retrieved from /usr/local/python/3.10.4/lib/python3.10/site-packages/airflow/example_dags/example_nested_branch_dag.py
[2023-05-07T22:46:31.605+0000] {logging_mixin.py:137} INFO - [2023-05-07T22:46:31.605+0000] {dag.py:2690} INFO - Sync 1 DAGs
[2023-05-07T22:46:31.622+0000] {logging_mixin.py:137} INFO - [2023-05-07T22:46:31.622+0000] {dag.py:3437} INFO - Setting next_dagrun for example_nested_branch_dag to 2023-05-06T00:00:00+00:00, run_after=2023-05-07T00:00:00+00:00
[2023-05-07T22:46:31.662+0000] {processor.py:175} INFO - Processing /usr/local/python/3.10.4/lib/python3.10/site-packages/airflow/example_dags/example_nested_branch_dag.py took 0.110 seconds
[2023-05-07T22:47:15.862+0000] {processor.py:153} INFO - Started process (PID=21558) to work on /usr/local/python/3.10.4/lib/python3.10/site-packages/airflow/example_dags/example_nested_branch_dag.py
[2023-05-07T22:47:15.862+0000] {processor.py:743} INFO - Processing file /usr/local/python/3.10.4/lib/python3.10/site-packages/airflow/example_dags/example_nested_branch_dag.py for tasks to queue
[2023-05-07T22:47:15.863+0000] {logging_mixin.py:137} INFO - [2023-05-07T22:47:15.863+0000] {dagbag.py:538} INFO - Filling up the DagBag from /usr/local/python/3.10.4/lib/python3.10/site-packages/airflow/example_dags/example_nested_branch_dag.py
[2023-05-07T22:47:15.889+0000] {processor.py:753} INFO - DAG(s) dict_keys(['example_nested_branch_dag']) retrieved from /usr/local/python/3.10.4/lib/python3.10/site-packages/airflow/example_dags/example_nested_branch_dag.py
[2023-05-07T22:47:15.906+0000] {logging_mixin.py:137} INFO - [2023-05-07T22:47:15.906+0000] {dag.py:2690} INFO - Sync 1 DAGs
[2023-05-07T22:47:15.925+0000] {logging_mixin.py:137} INFO - [2023-05-07T22:47:15.925+0000] {dag.py:3437} INFO - Setting next_dagrun for example_nested_branch_dag to 2023-05-06T00:00:00+00:00, run_after=2023-05-07T00:00:00+00:00
[2023-05-07T22:47:15.965+0000] {processor.py:175} INFO - Processing /usr/local/python/3.10.4/lib/python3.10/site-packages/airflow/example_dags/example_nested_branch_dag.py took 0.107 seconds
[2023-05-07T22:47:56.509+0000] {processor.py:153} INFO - Started process (PID=21846) to work on /usr/local/python/3.10.4/lib/python3.10/site-packages/airflow/example_dags/example_nested_branch_dag.py
[2023-05-07T22:47:56.510+0000] {processor.py:743} INFO - Processing file /usr/local/python/3.10.4/lib/python3.10/site-packages/airflow/example_dags/example_nested_branch_dag.py for tasks to queue
[2023-05-07T22:47:56.510+0000] {logging_mixin.py:137} INFO - [2023-05-07T22:47:56.510+0000] {dagbag.py:538} INFO - Filling up the DagBag from /usr/local/python/3.10.4/lib/python3.10/site-packages/airflow/example_dags/example_nested_branch_dag.py
[2023-05-07T22:47:56.534+0000] {processor.py:753} INFO - DAG(s) dict_keys(['example_nested_branch_dag']) retrieved from /usr/local/python/3.10.4/lib/python3.10/site-packages/airflow/example_dags/example_nested_branch_dag.py
[2023-05-07T22:47:56.553+0000] {logging_mixin.py:137} INFO - [2023-05-07T22:47:56.552+0000] {dag.py:2690} INFO - Sync 1 DAGs
[2023-05-07T22:47:56.571+0000] {logging_mixin.py:137} INFO - [2023-05-07T22:47:56.571+0000] {dag.py:3437} INFO - Setting next_dagrun for example_nested_branch_dag to 2023-05-06T00:00:00+00:00, run_after=2023-05-07T00:00:00+00:00
[2023-05-07T22:47:56.613+0000] {processor.py:175} INFO - Processing /usr/local/python/3.10.4/lib/python3.10/site-packages/airflow/example_dags/example_nested_branch_dag.py took 0.107 seconds
[2023-05-07T22:48:41.615+0000] {processor.py:153} INFO - Started process (PID=22276) to work on /usr/local/python/3.10.4/lib/python3.10/site-packages/airflow/example_dags/example_nested_branch_dag.py
[2023-05-07T22:48:41.616+0000] {processor.py:743} INFO - Processing file /usr/local/python/3.10.4/lib/python3.10/site-packages/airflow/example_dags/example_nested_branch_dag.py for tasks to queue
[2023-05-07T22:48:41.616+0000] {logging_mixin.py:137} INFO - [2023-05-07T22:48:41.616+0000] {dagbag.py:538} INFO - Filling up the DagBag from /usr/local/python/3.10.4/lib/python3.10/site-packages/airflow/example_dags/example_nested_branch_dag.py
[2023-05-07T22:48:41.641+0000] {processor.py:753} INFO - DAG(s) dict_keys(['example_nested_branch_dag']) retrieved from /usr/local/python/3.10.4/lib/python3.10/site-packages/airflow/example_dags/example_nested_branch_dag.py
[2023-05-07T22:48:41.658+0000] {logging_mixin.py:137} INFO - [2023-05-07T22:48:41.658+0000] {dag.py:2690} INFO - Sync 1 DAGs
[2023-05-07T22:48:41.677+0000] {logging_mixin.py:137} INFO - [2023-05-07T22:48:41.677+0000] {dag.py:3437} INFO - Setting next_dagrun for example_nested_branch_dag to 2023-05-06T00:00:00+00:00, run_after=2023-05-07T00:00:00+00:00
[2023-05-07T22:48:41.722+0000] {processor.py:175} INFO - Processing /usr/local/python/3.10.4/lib/python3.10/site-packages/airflow/example_dags/example_nested_branch_dag.py took 0.111 seconds
[2023-05-07T22:49:26.454+0000] {processor.py:153} INFO - Started process (PID=22784) to work on /usr/local/python/3.10.4/lib/python3.10/site-packages/airflow/example_dags/example_nested_branch_dag.py
[2023-05-07T22:49:26.455+0000] {processor.py:743} INFO - Processing file /usr/local/python/3.10.4/lib/python3.10/site-packages/airflow/example_dags/example_nested_branch_dag.py for tasks to queue
[2023-05-07T22:49:26.455+0000] {logging_mixin.py:137} INFO - [2023-05-07T22:49:26.455+0000] {dagbag.py:538} INFO - Filling up the DagBag from /usr/local/python/3.10.4/lib/python3.10/site-packages/airflow/example_dags/example_nested_branch_dag.py
[2023-05-07T22:49:26.480+0000] {processor.py:753} INFO - DAG(s) dict_keys(['example_nested_branch_dag']) retrieved from /usr/local/python/3.10.4/lib/python3.10/site-packages/airflow/example_dags/example_nested_branch_dag.py
[2023-05-07T22:49:26.497+0000] {logging_mixin.py:137} INFO - [2023-05-07T22:49:26.497+0000] {dag.py:2690} INFO - Sync 1 DAGs
[2023-05-07T22:49:26.515+0000] {logging_mixin.py:137} INFO - [2023-05-07T22:49:26.515+0000] {dag.py:3437} INFO - Setting next_dagrun for example_nested_branch_dag to 2023-05-06T00:00:00+00:00, run_after=2023-05-07T00:00:00+00:00
[2023-05-07T22:49:26.555+0000] {processor.py:175} INFO - Processing /usr/local/python/3.10.4/lib/python3.10/site-packages/airflow/example_dags/example_nested_branch_dag.py took 0.104 seconds
[2023-05-07T22:50:08.920+0000] {processor.py:153} INFO - Started process (PID=23119) to work on /usr/local/python/3.10.4/lib/python3.10/site-packages/airflow/example_dags/example_nested_branch_dag.py
[2023-05-07T22:50:08.921+0000] {processor.py:743} INFO - Processing file /usr/local/python/3.10.4/lib/python3.10/site-packages/airflow/example_dags/example_nested_branch_dag.py for tasks to queue
[2023-05-07T22:50:08.921+0000] {logging_mixin.py:137} INFO - [2023-05-07T22:50:08.921+0000] {dagbag.py:538} INFO - Filling up the DagBag from /usr/local/python/3.10.4/lib/python3.10/site-packages/airflow/example_dags/example_nested_branch_dag.py
[2023-05-07T22:50:08.946+0000] {processor.py:753} INFO - DAG(s) dict_keys(['example_nested_branch_dag']) retrieved from /usr/local/python/3.10.4/lib/python3.10/site-packages/airflow/example_dags/example_nested_branch_dag.py
[2023-05-07T22:50:08.962+0000] {logging_mixin.py:137} INFO - [2023-05-07T22:50:08.962+0000] {dag.py:2690} INFO - Sync 1 DAGs
[2023-05-07T22:50:08.980+0000] {logging_mixin.py:137} INFO - [2023-05-07T22:50:08.980+0000] {dag.py:3437} INFO - Setting next_dagrun for example_nested_branch_dag to 2023-05-06T00:00:00+00:00, run_after=2023-05-07T00:00:00+00:00
[2023-05-07T22:50:09.018+0000] {processor.py:175} INFO - Processing /usr/local/python/3.10.4/lib/python3.10/site-packages/airflow/example_dags/example_nested_branch_dag.py took 0.101 seconds
[2023-05-07T22:50:51.328+0000] {processor.py:153} INFO - Started process (PID=23432) to work on /usr/local/python/3.10.4/lib/python3.10/site-packages/airflow/example_dags/example_nested_branch_dag.py
[2023-05-07T22:50:51.328+0000] {processor.py:743} INFO - Processing file /usr/local/python/3.10.4/lib/python3.10/site-packages/airflow/example_dags/example_nested_branch_dag.py for tasks to queue
[2023-05-07T22:50:51.329+0000] {logging_mixin.py:137} INFO - [2023-05-07T22:50:51.329+0000] {dagbag.py:538} INFO - Filling up the DagBag from /usr/local/python/3.10.4/lib/python3.10/site-packages/airflow/example_dags/example_nested_branch_dag.py
[2023-05-07T22:50:51.353+0000] {processor.py:753} INFO - DAG(s) dict_keys(['example_nested_branch_dag']) retrieved from /usr/local/python/3.10.4/lib/python3.10/site-packages/airflow/example_dags/example_nested_branch_dag.py
[2023-05-07T22:50:51.380+0000] {logging_mixin.py:137} INFO - [2023-05-07T22:50:51.380+0000] {dag.py:2690} INFO - Sync 1 DAGs
[2023-05-07T22:50:51.412+0000] {logging_mixin.py:137} INFO - [2023-05-07T22:50:51.412+0000] {dag.py:3437} INFO - Setting next_dagrun for example_nested_branch_dag to 2023-05-06T00:00:00+00:00, run_after=2023-05-07T00:00:00+00:00
[2023-05-07T22:50:51.458+0000] {processor.py:175} INFO - Processing /usr/local/python/3.10.4/lib/python3.10/site-packages/airflow/example_dags/example_nested_branch_dag.py took 0.133 seconds
[2023-05-07T22:51:34.652+0000] {processor.py:153} INFO - Started process (PID=23819) to work on /usr/local/python/3.10.4/lib/python3.10/site-packages/airflow/example_dags/example_nested_branch_dag.py
[2023-05-07T22:51:34.653+0000] {processor.py:743} INFO - Processing file /usr/local/python/3.10.4/lib/python3.10/site-packages/airflow/example_dags/example_nested_branch_dag.py for tasks to queue
[2023-05-07T22:51:34.654+0000] {logging_mixin.py:137} INFO - [2023-05-07T22:51:34.654+0000] {dagbag.py:538} INFO - Filling up the DagBag from /usr/local/python/3.10.4/lib/python3.10/site-packages/airflow/example_dags/example_nested_branch_dag.py
[2023-05-07T22:51:34.677+0000] {processor.py:753} INFO - DAG(s) dict_keys(['example_nested_branch_dag']) retrieved from /usr/local/python/3.10.4/lib/python3.10/site-packages/airflow/example_dags/example_nested_branch_dag.py
[2023-05-07T22:51:34.694+0000] {logging_mixin.py:137} INFO - [2023-05-07T22:51:34.693+0000] {dag.py:2690} INFO - Sync 1 DAGs
[2023-05-07T22:51:34.713+0000] {logging_mixin.py:137} INFO - [2023-05-07T22:51:34.713+0000] {dag.py:3437} INFO - Setting next_dagrun for example_nested_branch_dag to 2023-05-06T00:00:00+00:00, run_after=2023-05-07T00:00:00+00:00
[2023-05-07T22:51:34.752+0000] {processor.py:175} INFO - Processing /usr/local/python/3.10.4/lib/python3.10/site-packages/airflow/example_dags/example_nested_branch_dag.py took 0.102 seconds
[2023-05-07T22:52:16.669+0000] {processor.py:153} INFO - Started process (PID=24017) to work on /usr/local/python/3.10.4/lib/python3.10/site-packages/airflow/example_dags/example_nested_branch_dag.py
[2023-05-07T22:52:16.670+0000] {processor.py:743} INFO - Processing file /usr/local/python/3.10.4/lib/python3.10/site-packages/airflow/example_dags/example_nested_branch_dag.py for tasks to queue
[2023-05-07T22:52:16.671+0000] {logging_mixin.py:137} INFO - [2023-05-07T22:52:16.671+0000] {dagbag.py:538} INFO - Filling up the DagBag from /usr/local/python/3.10.4/lib/python3.10/site-packages/airflow/example_dags/example_nested_branch_dag.py
[2023-05-07T22:52:16.709+0000] {processor.py:753} INFO - DAG(s) dict_keys(['example_nested_branch_dag']) retrieved from /usr/local/python/3.10.4/lib/python3.10/site-packages/airflow/example_dags/example_nested_branch_dag.py
[2023-05-07T22:52:16.731+0000] {logging_mixin.py:137} INFO - [2023-05-07T22:52:16.730+0000] {dag.py:2690} INFO - Sync 1 DAGs
[2023-05-07T22:52:16.753+0000] {logging_mixin.py:137} INFO - [2023-05-07T22:52:16.753+0000] {dag.py:3437} INFO - Setting next_dagrun for example_nested_branch_dag to 2023-05-06T00:00:00+00:00, run_after=2023-05-07T00:00:00+00:00
[2023-05-07T22:52:16.791+0000] {processor.py:175} INFO - Processing /usr/local/python/3.10.4/lib/python3.10/site-packages/airflow/example_dags/example_nested_branch_dag.py took 0.126 seconds
[2023-05-07T22:52:59.637+0000] {processor.py:153} INFO - Started process (PID=24673) to work on /usr/local/python/3.10.4/lib/python3.10/site-packages/airflow/example_dags/example_nested_branch_dag.py
[2023-05-07T22:52:59.638+0000] {processor.py:743} INFO - Processing file /usr/local/python/3.10.4/lib/python3.10/site-packages/airflow/example_dags/example_nested_branch_dag.py for tasks to queue
[2023-05-07T22:52:59.639+0000] {logging_mixin.py:137} INFO - [2023-05-07T22:52:59.639+0000] {dagbag.py:538} INFO - Filling up the DagBag from /usr/local/python/3.10.4/lib/python3.10/site-packages/airflow/example_dags/example_nested_branch_dag.py
[2023-05-07T22:52:59.663+0000] {processor.py:753} INFO - DAG(s) dict_keys(['example_nested_branch_dag']) retrieved from /usr/local/python/3.10.4/lib/python3.10/site-packages/airflow/example_dags/example_nested_branch_dag.py
[2023-05-07T22:52:59.683+0000] {logging_mixin.py:137} INFO - [2023-05-07T22:52:59.682+0000] {dag.py:2690} INFO - Sync 1 DAGs
[2023-05-07T22:52:59.701+0000] {logging_mixin.py:137} INFO - [2023-05-07T22:52:59.701+0000] {dag.py:3437} INFO - Setting next_dagrun for example_nested_branch_dag to 2023-05-06T00:00:00+00:00, run_after=2023-05-07T00:00:00+00:00
[2023-05-07T22:52:59.741+0000] {processor.py:175} INFO - Processing /usr/local/python/3.10.4/lib/python3.10/site-packages/airflow/example_dags/example_nested_branch_dag.py took 0.107 seconds
[2023-05-07T22:53:44.312+0000] {processor.py:153} INFO - Started process (PID=25320) to work on /usr/local/python/3.10.4/lib/python3.10/site-packages/airflow/example_dags/example_nested_branch_dag.py
[2023-05-07T22:53:44.313+0000] {processor.py:743} INFO - Processing file /usr/local/python/3.10.4/lib/python3.10/site-packages/airflow/example_dags/example_nested_branch_dag.py for tasks to queue
[2023-05-07T22:53:44.314+0000] {logging_mixin.py:137} INFO - [2023-05-07T22:53:44.314+0000] {dagbag.py:538} INFO - Filling up the DagBag from /usr/local/python/3.10.4/lib/python3.10/site-packages/airflow/example_dags/example_nested_branch_dag.py
[2023-05-07T22:53:44.338+0000] {processor.py:753} INFO - DAG(s) dict_keys(['example_nested_branch_dag']) retrieved from /usr/local/python/3.10.4/lib/python3.10/site-packages/airflow/example_dags/example_nested_branch_dag.py
[2023-05-07T22:53:44.356+0000] {logging_mixin.py:137} INFO - [2023-05-07T22:53:44.356+0000] {dag.py:2690} INFO - Sync 1 DAGs
[2023-05-07T22:53:44.375+0000] {logging_mixin.py:137} INFO - [2023-05-07T22:53:44.374+0000] {dag.py:3437} INFO - Setting next_dagrun for example_nested_branch_dag to 2023-05-06T00:00:00+00:00, run_after=2023-05-07T00:00:00+00:00
[2023-05-07T22:53:44.414+0000] {processor.py:175} INFO - Processing /usr/local/python/3.10.4/lib/python3.10/site-packages/airflow/example_dags/example_nested_branch_dag.py took 0.104 seconds
[2023-05-07T22:54:28.504+0000] {processor.py:153} INFO - Started process (PID=25665) to work on /usr/local/python/3.10.4/lib/python3.10/site-packages/airflow/example_dags/example_nested_branch_dag.py
[2023-05-07T22:54:28.511+0000] {processor.py:743} INFO - Processing file /usr/local/python/3.10.4/lib/python3.10/site-packages/airflow/example_dags/example_nested_branch_dag.py for tasks to queue
[2023-05-07T22:54:28.512+0000] {logging_mixin.py:137} INFO - [2023-05-07T22:54:28.512+0000] {dagbag.py:538} INFO - Filling up the DagBag from /usr/local/python/3.10.4/lib/python3.10/site-packages/airflow/example_dags/example_nested_branch_dag.py
[2023-05-07T22:54:28.550+0000] {processor.py:753} INFO - DAG(s) dict_keys(['example_nested_branch_dag']) retrieved from /usr/local/python/3.10.4/lib/python3.10/site-packages/airflow/example_dags/example_nested_branch_dag.py
[2023-05-07T22:54:28.575+0000] {logging_mixin.py:137} INFO - [2023-05-07T22:54:28.575+0000] {dag.py:2690} INFO - Sync 1 DAGs
[2023-05-07T22:54:28.604+0000] {logging_mixin.py:137} INFO - [2023-05-07T22:54:28.604+0000] {dag.py:3437} INFO - Setting next_dagrun for example_nested_branch_dag to 2023-05-06T00:00:00+00:00, run_after=2023-05-07T00:00:00+00:00
[2023-05-07T22:54:28.667+0000] {processor.py:175} INFO - Processing /usr/local/python/3.10.4/lib/python3.10/site-packages/airflow/example_dags/example_nested_branch_dag.py took 0.175 seconds
[2023-05-07T22:55:08.985+0000] {processor.py:153} INFO - Started process (PID=25967) to work on /usr/local/python/3.10.4/lib/python3.10/site-packages/airflow/example_dags/example_nested_branch_dag.py
[2023-05-07T22:55:08.986+0000] {processor.py:743} INFO - Processing file /usr/local/python/3.10.4/lib/python3.10/site-packages/airflow/example_dags/example_nested_branch_dag.py for tasks to queue
[2023-05-07T22:55:08.986+0000] {logging_mixin.py:137} INFO - [2023-05-07T22:55:08.986+0000] {dagbag.py:538} INFO - Filling up the DagBag from /usr/local/python/3.10.4/lib/python3.10/site-packages/airflow/example_dags/example_nested_branch_dag.py
[2023-05-07T22:55:09.011+0000] {processor.py:753} INFO - DAG(s) dict_keys(['example_nested_branch_dag']) retrieved from /usr/local/python/3.10.4/lib/python3.10/site-packages/airflow/example_dags/example_nested_branch_dag.py
[2023-05-07T22:55:09.028+0000] {logging_mixin.py:137} INFO - [2023-05-07T22:55:09.028+0000] {dag.py:2690} INFO - Sync 1 DAGs
[2023-05-07T22:55:09.046+0000] {logging_mixin.py:137} INFO - [2023-05-07T22:55:09.046+0000] {dag.py:3437} INFO - Setting next_dagrun for example_nested_branch_dag to 2023-05-06T00:00:00+00:00, run_after=2023-05-07T00:00:00+00:00
[2023-05-07T22:55:09.086+0000] {processor.py:175} INFO - Processing /usr/local/python/3.10.4/lib/python3.10/site-packages/airflow/example_dags/example_nested_branch_dag.py took 0.104 seconds
[2023-05-07T22:55:49.107+0000] {processor.py:153} INFO - Started process (PID=26251) to work on /usr/local/python/3.10.4/lib/python3.10/site-packages/airflow/example_dags/example_nested_branch_dag.py
[2023-05-07T22:55:49.107+0000] {processor.py:743} INFO - Processing file /usr/local/python/3.10.4/lib/python3.10/site-packages/airflow/example_dags/example_nested_branch_dag.py for tasks to queue
[2023-05-07T22:55:49.108+0000] {logging_mixin.py:137} INFO - [2023-05-07T22:55:49.108+0000] {dagbag.py:538} INFO - Filling up the DagBag from /usr/local/python/3.10.4/lib/python3.10/site-packages/airflow/example_dags/example_nested_branch_dag.py
[2023-05-07T22:55:49.132+0000] {processor.py:753} INFO - DAG(s) dict_keys(['example_nested_branch_dag']) retrieved from /usr/local/python/3.10.4/lib/python3.10/site-packages/airflow/example_dags/example_nested_branch_dag.py
[2023-05-07T22:55:49.149+0000] {logging_mixin.py:137} INFO - [2023-05-07T22:55:49.149+0000] {dag.py:2690} INFO - Sync 1 DAGs
[2023-05-07T22:55:49.167+0000] {logging_mixin.py:137} INFO - [2023-05-07T22:55:49.167+0000] {dag.py:3437} INFO - Setting next_dagrun for example_nested_branch_dag to 2023-05-06T00:00:00+00:00, run_after=2023-05-07T00:00:00+00:00
[2023-05-07T22:55:49.209+0000] {processor.py:175} INFO - Processing /usr/local/python/3.10.4/lib/python3.10/site-packages/airflow/example_dags/example_nested_branch_dag.py took 0.105 seconds
[2023-05-07T22:56:32.575+0000] {processor.py:153} INFO - Started process (PID=26557) to work on /usr/local/python/3.10.4/lib/python3.10/site-packages/airflow/example_dags/example_nested_branch_dag.py
[2023-05-07T22:56:32.579+0000] {processor.py:743} INFO - Processing file /usr/local/python/3.10.4/lib/python3.10/site-packages/airflow/example_dags/example_nested_branch_dag.py for tasks to queue
[2023-05-07T22:56:32.580+0000] {logging_mixin.py:137} INFO - [2023-05-07T22:56:32.579+0000] {dagbag.py:538} INFO - Filling up the DagBag from /usr/local/python/3.10.4/lib/python3.10/site-packages/airflow/example_dags/example_nested_branch_dag.py
[2023-05-07T22:56:32.620+0000] {processor.py:753} INFO - DAG(s) dict_keys(['example_nested_branch_dag']) retrieved from /usr/local/python/3.10.4/lib/python3.10/site-packages/airflow/example_dags/example_nested_branch_dag.py
[2023-05-07T22:56:32.638+0000] {logging_mixin.py:137} INFO - [2023-05-07T22:56:32.638+0000] {dag.py:2690} INFO - Sync 1 DAGs
[2023-05-07T22:56:32.667+0000] {logging_mixin.py:137} INFO - [2023-05-07T22:56:32.667+0000] {dag.py:3437} INFO - Setting next_dagrun for example_nested_branch_dag to 2023-05-06T00:00:00+00:00, run_after=2023-05-07T00:00:00+00:00
[2023-05-07T22:56:32.707+0000] {processor.py:175} INFO - Processing /usr/local/python/3.10.4/lib/python3.10/site-packages/airflow/example_dags/example_nested_branch_dag.py took 0.136 seconds
[2023-05-07T22:57:14.251+0000] {processor.py:153} INFO - Started process (PID=26848) to work on /usr/local/python/3.10.4/lib/python3.10/site-packages/airflow/example_dags/example_nested_branch_dag.py
[2023-05-07T22:57:14.252+0000] {processor.py:743} INFO - Processing file /usr/local/python/3.10.4/lib/python3.10/site-packages/airflow/example_dags/example_nested_branch_dag.py for tasks to queue
[2023-05-07T22:57:14.253+0000] {logging_mixin.py:137} INFO - [2023-05-07T22:57:14.253+0000] {dagbag.py:538} INFO - Filling up the DagBag from /usr/local/python/3.10.4/lib/python3.10/site-packages/airflow/example_dags/example_nested_branch_dag.py
[2023-05-07T22:57:14.277+0000] {processor.py:753} INFO - DAG(s) dict_keys(['example_nested_branch_dag']) retrieved from /usr/local/python/3.10.4/lib/python3.10/site-packages/airflow/example_dags/example_nested_branch_dag.py
[2023-05-07T22:57:14.294+0000] {logging_mixin.py:137} INFO - [2023-05-07T22:57:14.294+0000] {dag.py:2690} INFO - Sync 1 DAGs
[2023-05-07T22:57:14.312+0000] {logging_mixin.py:137} INFO - [2023-05-07T22:57:14.312+0000] {dag.py:3437} INFO - Setting next_dagrun for example_nested_branch_dag to 2023-05-06T00:00:00+00:00, run_after=2023-05-07T00:00:00+00:00
[2023-05-07T22:57:14.351+0000] {processor.py:175} INFO - Processing /usr/local/python/3.10.4/lib/python3.10/site-packages/airflow/example_dags/example_nested_branch_dag.py took 0.103 seconds
[2023-05-07T22:57:56.764+0000] {processor.py:153} INFO - Started process (PID=27171) to work on /usr/local/python/3.10.4/lib/python3.10/site-packages/airflow/example_dags/example_nested_branch_dag.py
[2023-05-07T22:57:56.765+0000] {processor.py:743} INFO - Processing file /usr/local/python/3.10.4/lib/python3.10/site-packages/airflow/example_dags/example_nested_branch_dag.py for tasks to queue
[2023-05-07T22:57:56.766+0000] {logging_mixin.py:137} INFO - [2023-05-07T22:57:56.766+0000] {dagbag.py:538} INFO - Filling up the DagBag from /usr/local/python/3.10.4/lib/python3.10/site-packages/airflow/example_dags/example_nested_branch_dag.py
[2023-05-07T22:57:56.790+0000] {processor.py:753} INFO - DAG(s) dict_keys(['example_nested_branch_dag']) retrieved from /usr/local/python/3.10.4/lib/python3.10/site-packages/airflow/example_dags/example_nested_branch_dag.py
[2023-05-07T22:57:56.807+0000] {logging_mixin.py:137} INFO - [2023-05-07T22:57:56.807+0000] {dag.py:2690} INFO - Sync 1 DAGs
[2023-05-07T22:57:56.825+0000] {logging_mixin.py:137} INFO - [2023-05-07T22:57:56.825+0000] {dag.py:3437} INFO - Setting next_dagrun for example_nested_branch_dag to 2023-05-06T00:00:00+00:00, run_after=2023-05-07T00:00:00+00:00
[2023-05-07T22:57:56.866+0000] {processor.py:175} INFO - Processing /usr/local/python/3.10.4/lib/python3.10/site-packages/airflow/example_dags/example_nested_branch_dag.py took 0.104 seconds
