[2023-05-07T22:22:45.300+0000] {processor.py:153} INFO - Started process (PID=10073) to work on /usr/local/python/3.10.4/lib/python3.10/site-packages/airflow/example_dags/example_branch_day_of_week_operator.py
[2023-05-07T22:22:45.301+0000] {processor.py:743} INFO - Processing file /usr/local/python/3.10.4/lib/python3.10/site-packages/airflow/example_dags/example_branch_day_of_week_operator.py for tasks to queue
[2023-05-07T22:22:45.302+0000] {logging_mixin.py:137} INFO - [2023-05-07T22:22:45.301+0000] {dagbag.py:538} INFO - Filling up the DagBag from /usr/local/python/3.10.4/lib/python3.10/site-packages/airflow/example_dags/example_branch_day_of_week_operator.py
[2023-05-07T22:22:45.316+0000] {processor.py:753} INFO - DAG(s) dict_keys(['example_weekday_branch_operator']) retrieved from /usr/local/python/3.10.4/lib/python3.10/site-packages/airflow/example_dags/example_branch_day_of_week_operator.py
[2023-05-07T22:22:45.460+0000] {logging_mixin.py:137} INFO - [2023-05-07T22:22:45.460+0000] {manager.py:504} INFO - Created Permission View: can edit on DAG:example_weekday_branch_operator
[2023-05-07T22:22:45.494+0000] {logging_mixin.py:137} INFO - [2023-05-07T22:22:45.494+0000] {manager.py:504} INFO - Created Permission View: can delete on DAG:example_weekday_branch_operator
[2023-05-07T22:22:45.529+0000] {logging_mixin.py:137} INFO - [2023-05-07T22:22:45.529+0000] {manager.py:504} INFO - Created Permission View: can read on DAG:example_weekday_branch_operator
[2023-05-07T22:22:45.530+0000] {logging_mixin.py:137} INFO - [2023-05-07T22:22:45.530+0000] {dag.py:2690} INFO - Sync 1 DAGs
[2023-05-07T22:22:45.539+0000] {logging_mixin.py:137} INFO - [2023-05-07T22:22:45.539+0000] {dag.py:2711} INFO - Creating ORM DAG for example_weekday_branch_operator
[2023-05-07T22:22:45.547+0000] {logging_mixin.py:137} INFO - [2023-05-07T22:22:45.547+0000] {dag.py:3437} INFO - Setting next_dagrun for example_weekday_branch_operator to 2023-05-06T00:00:00+00:00, run_after=2023-05-07T00:00:00+00:00
[2023-05-07T22:22:45.599+0000] {processor.py:175} INFO - Processing /usr/local/python/3.10.4/lib/python3.10/site-packages/airflow/example_dags/example_branch_day_of_week_operator.py took 0.301 seconds
[2023-05-07T22:23:34.505+0000] {processor.py:153} INFO - Started process (PID=10510) to work on /usr/local/python/3.10.4/lib/python3.10/site-packages/airflow/example_dags/example_branch_day_of_week_operator.py
[2023-05-07T22:23:34.506+0000] {processor.py:743} INFO - Processing file /usr/local/python/3.10.4/lib/python3.10/site-packages/airflow/example_dags/example_branch_day_of_week_operator.py for tasks to queue
[2023-05-07T22:23:34.507+0000] {logging_mixin.py:137} INFO - [2023-05-07T22:23:34.507+0000] {dagbag.py:538} INFO - Filling up the DagBag from /usr/local/python/3.10.4/lib/python3.10/site-packages/airflow/example_dags/example_branch_day_of_week_operator.py
[2023-05-07T22:23:34.522+0000] {processor.py:753} INFO - DAG(s) dict_keys(['example_weekday_branch_operator']) retrieved from /usr/local/python/3.10.4/lib/python3.10/site-packages/airflow/example_dags/example_branch_day_of_week_operator.py
[2023-05-07T22:23:34.540+0000] {logging_mixin.py:137} INFO - [2023-05-07T22:23:34.540+0000] {dag.py:2690} INFO - Sync 1 DAGs
[2023-05-07T22:23:34.558+0000] {logging_mixin.py:137} INFO - [2023-05-07T22:23:34.558+0000] {dag.py:3437} INFO - Setting next_dagrun for example_weekday_branch_operator to 2023-05-06T00:00:00+00:00, run_after=2023-05-07T00:00:00+00:00
[2023-05-07T22:23:34.600+0000] {processor.py:175} INFO - Processing /usr/local/python/3.10.4/lib/python3.10/site-packages/airflow/example_dags/example_branch_day_of_week_operator.py took 0.099 seconds
[2023-05-07T22:24:17.507+0000] {processor.py:153} INFO - Started process (PID=10832) to work on /usr/local/python/3.10.4/lib/python3.10/site-packages/airflow/example_dags/example_branch_day_of_week_operator.py
[2023-05-07T22:24:17.508+0000] {processor.py:743} INFO - Processing file /usr/local/python/3.10.4/lib/python3.10/site-packages/airflow/example_dags/example_branch_day_of_week_operator.py for tasks to queue
[2023-05-07T22:24:17.509+0000] {logging_mixin.py:137} INFO - [2023-05-07T22:24:17.509+0000] {dagbag.py:538} INFO - Filling up the DagBag from /usr/local/python/3.10.4/lib/python3.10/site-packages/airflow/example_dags/example_branch_day_of_week_operator.py
[2023-05-07T22:24:17.525+0000] {processor.py:753} INFO - DAG(s) dict_keys(['example_weekday_branch_operator']) retrieved from /usr/local/python/3.10.4/lib/python3.10/site-packages/airflow/example_dags/example_branch_day_of_week_operator.py
[2023-05-07T22:24:17.542+0000] {logging_mixin.py:137} INFO - [2023-05-07T22:24:17.541+0000] {dag.py:2690} INFO - Sync 1 DAGs
[2023-05-07T22:24:17.560+0000] {logging_mixin.py:137} INFO - [2023-05-07T22:24:17.559+0000] {dag.py:3437} INFO - Setting next_dagrun for example_weekday_branch_operator to 2023-05-06T00:00:00+00:00, run_after=2023-05-07T00:00:00+00:00
[2023-05-07T22:24:17.600+0000] {processor.py:175} INFO - Processing /usr/local/python/3.10.4/lib/python3.10/site-packages/airflow/example_dags/example_branch_day_of_week_operator.py took 0.096 seconds
[2023-05-07T22:25:16.317+0000] {processor.py:153} INFO - Started process (PID=11306) to work on /usr/local/python/3.10.4/lib/python3.10/site-packages/airflow/example_dags/example_branch_day_of_week_operator.py
[2023-05-07T22:25:16.318+0000] {processor.py:743} INFO - Processing file /usr/local/python/3.10.4/lib/python3.10/site-packages/airflow/example_dags/example_branch_day_of_week_operator.py for tasks to queue
[2023-05-07T22:25:16.318+0000] {logging_mixin.py:137} INFO - [2023-05-07T22:25:16.318+0000] {dagbag.py:538} INFO - Filling up the DagBag from /usr/local/python/3.10.4/lib/python3.10/site-packages/airflow/example_dags/example_branch_day_of_week_operator.py
[2023-05-07T22:25:16.333+0000] {processor.py:753} INFO - DAG(s) dict_keys(['example_weekday_branch_operator']) retrieved from /usr/local/python/3.10.4/lib/python3.10/site-packages/airflow/example_dags/example_branch_day_of_week_operator.py
[2023-05-07T22:25:16.353+0000] {logging_mixin.py:137} INFO - [2023-05-07T22:25:16.353+0000] {dag.py:2690} INFO - Sync 1 DAGs
[2023-05-07T22:25:16.379+0000] {logging_mixin.py:137} INFO - [2023-05-07T22:25:16.379+0000] {dag.py:3437} INFO - Setting next_dagrun for example_weekday_branch_operator to 2023-05-06T00:00:00+00:00, run_after=2023-05-07T00:00:00+00:00
[2023-05-07T22:25:16.425+0000] {processor.py:175} INFO - Processing /usr/local/python/3.10.4/lib/python3.10/site-packages/airflow/example_dags/example_branch_day_of_week_operator.py took 0.112 seconds
[2023-05-07T22:26:00.031+0000] {processor.py:153} INFO - Started process (PID=11623) to work on /usr/local/python/3.10.4/lib/python3.10/site-packages/airflow/example_dags/example_branch_day_of_week_operator.py
[2023-05-07T22:26:00.033+0000] {processor.py:743} INFO - Processing file /usr/local/python/3.10.4/lib/python3.10/site-packages/airflow/example_dags/example_branch_day_of_week_operator.py for tasks to queue
[2023-05-07T22:26:00.035+0000] {logging_mixin.py:137} INFO - [2023-05-07T22:26:00.034+0000] {dagbag.py:538} INFO - Filling up the DagBag from /usr/local/python/3.10.4/lib/python3.10/site-packages/airflow/example_dags/example_branch_day_of_week_operator.py
[2023-05-07T22:26:00.066+0000] {processor.py:753} INFO - DAG(s) dict_keys(['example_weekday_branch_operator']) retrieved from /usr/local/python/3.10.4/lib/python3.10/site-packages/airflow/example_dags/example_branch_day_of_week_operator.py
[2023-05-07T22:26:00.112+0000] {logging_mixin.py:137} INFO - [2023-05-07T22:26:00.112+0000] {dag.py:2690} INFO - Sync 1 DAGs
[2023-05-07T22:26:00.170+0000] {logging_mixin.py:137} INFO - [2023-05-07T22:26:00.169+0000] {dag.py:3437} INFO - Setting next_dagrun for example_weekday_branch_operator to 2023-05-06T00:00:00+00:00, run_after=2023-05-07T00:00:00+00:00
[2023-05-07T22:26:00.246+0000] {processor.py:175} INFO - Processing /usr/local/python/3.10.4/lib/python3.10/site-packages/airflow/example_dags/example_branch_day_of_week_operator.py took 0.218 seconds
[2023-05-07T22:26:43.608+0000] {processor.py:153} INFO - Started process (PID=11937) to work on /usr/local/python/3.10.4/lib/python3.10/site-packages/airflow/example_dags/example_branch_day_of_week_operator.py
[2023-05-07T22:26:43.609+0000] {processor.py:743} INFO - Processing file /usr/local/python/3.10.4/lib/python3.10/site-packages/airflow/example_dags/example_branch_day_of_week_operator.py for tasks to queue
[2023-05-07T22:26:43.610+0000] {logging_mixin.py:137} INFO - [2023-05-07T22:26:43.610+0000] {dagbag.py:538} INFO - Filling up the DagBag from /usr/local/python/3.10.4/lib/python3.10/site-packages/airflow/example_dags/example_branch_day_of_week_operator.py
[2023-05-07T22:26:43.630+0000] {processor.py:753} INFO - DAG(s) dict_keys(['example_weekday_branch_operator']) retrieved from /usr/local/python/3.10.4/lib/python3.10/site-packages/airflow/example_dags/example_branch_day_of_week_operator.py
[2023-05-07T22:26:43.650+0000] {logging_mixin.py:137} INFO - [2023-05-07T22:26:43.650+0000] {dag.py:2690} INFO - Sync 1 DAGs
[2023-05-07T22:26:43.669+0000] {logging_mixin.py:137} INFO - [2023-05-07T22:26:43.669+0000] {dag.py:3437} INFO - Setting next_dagrun for example_weekday_branch_operator to 2023-05-06T00:00:00+00:00, run_after=2023-05-07T00:00:00+00:00
[2023-05-07T22:26:43.713+0000] {processor.py:175} INFO - Processing /usr/local/python/3.10.4/lib/python3.10/site-packages/airflow/example_dags/example_branch_day_of_week_operator.py took 0.109 seconds
[2023-05-07T22:27:24.435+0000] {processor.py:153} INFO - Started process (PID=12216) to work on /usr/local/python/3.10.4/lib/python3.10/site-packages/airflow/example_dags/example_branch_day_of_week_operator.py
[2023-05-07T22:27:24.436+0000] {processor.py:743} INFO - Processing file /usr/local/python/3.10.4/lib/python3.10/site-packages/airflow/example_dags/example_branch_day_of_week_operator.py for tasks to queue
[2023-05-07T22:27:24.436+0000] {logging_mixin.py:137} INFO - [2023-05-07T22:27:24.436+0000] {dagbag.py:538} INFO - Filling up the DagBag from /usr/local/python/3.10.4/lib/python3.10/site-packages/airflow/example_dags/example_branch_day_of_week_operator.py
[2023-05-07T22:27:24.451+0000] {processor.py:753} INFO - DAG(s) dict_keys(['example_weekday_branch_operator']) retrieved from /usr/local/python/3.10.4/lib/python3.10/site-packages/airflow/example_dags/example_branch_day_of_week_operator.py
[2023-05-07T22:27:24.468+0000] {logging_mixin.py:137} INFO - [2023-05-07T22:27:24.468+0000] {dag.py:2690} INFO - Sync 1 DAGs
[2023-05-07T22:27:24.486+0000] {logging_mixin.py:137} INFO - [2023-05-07T22:27:24.485+0000] {dag.py:3437} INFO - Setting next_dagrun for example_weekday_branch_operator to 2023-05-06T00:00:00+00:00, run_after=2023-05-07T00:00:00+00:00
[2023-05-07T22:27:24.527+0000] {processor.py:175} INFO - Processing /usr/local/python/3.10.4/lib/python3.10/site-packages/airflow/example_dags/example_branch_day_of_week_operator.py took 0.094 seconds
[2023-05-07T22:28:08.796+0000] {processor.py:153} INFO - Started process (PID=12523) to work on /usr/local/python/3.10.4/lib/python3.10/site-packages/airflow/example_dags/example_branch_day_of_week_operator.py
[2023-05-07T22:28:08.797+0000] {processor.py:743} INFO - Processing file /usr/local/python/3.10.4/lib/python3.10/site-packages/airflow/example_dags/example_branch_day_of_week_operator.py for tasks to queue
[2023-05-07T22:28:08.798+0000] {logging_mixin.py:137} INFO - [2023-05-07T22:28:08.798+0000] {dagbag.py:538} INFO - Filling up the DagBag from /usr/local/python/3.10.4/lib/python3.10/site-packages/airflow/example_dags/example_branch_day_of_week_operator.py
[2023-05-07T22:28:08.813+0000] {processor.py:753} INFO - DAG(s) dict_keys(['example_weekday_branch_operator']) retrieved from /usr/local/python/3.10.4/lib/python3.10/site-packages/airflow/example_dags/example_branch_day_of_week_operator.py
[2023-05-07T22:28:08.830+0000] {logging_mixin.py:137} INFO - [2023-05-07T22:28:08.830+0000] {dag.py:2690} INFO - Sync 1 DAGs
[2023-05-07T22:28:08.850+0000] {logging_mixin.py:137} INFO - [2023-05-07T22:28:08.849+0000] {dag.py:3437} INFO - Setting next_dagrun for example_weekday_branch_operator to 2023-05-06T00:00:00+00:00, run_after=2023-05-07T00:00:00+00:00
[2023-05-07T22:28:08.898+0000] {processor.py:175} INFO - Processing /usr/local/python/3.10.4/lib/python3.10/site-packages/airflow/example_dags/example_branch_day_of_week_operator.py took 0.105 seconds
[2023-05-07T22:28:50.655+0000] {processor.py:153} INFO - Started process (PID=12809) to work on /usr/local/python/3.10.4/lib/python3.10/site-packages/airflow/example_dags/example_branch_day_of_week_operator.py
[2023-05-07T22:28:50.656+0000] {processor.py:743} INFO - Processing file /usr/local/python/3.10.4/lib/python3.10/site-packages/airflow/example_dags/example_branch_day_of_week_operator.py for tasks to queue
[2023-05-07T22:28:50.657+0000] {logging_mixin.py:137} INFO - [2023-05-07T22:28:50.657+0000] {dagbag.py:538} INFO - Filling up the DagBag from /usr/local/python/3.10.4/lib/python3.10/site-packages/airflow/example_dags/example_branch_day_of_week_operator.py
[2023-05-07T22:28:50.672+0000] {processor.py:753} INFO - DAG(s) dict_keys(['example_weekday_branch_operator']) retrieved from /usr/local/python/3.10.4/lib/python3.10/site-packages/airflow/example_dags/example_branch_day_of_week_operator.py
[2023-05-07T22:28:50.688+0000] {logging_mixin.py:137} INFO - [2023-05-07T22:28:50.688+0000] {dag.py:2690} INFO - Sync 1 DAGs
[2023-05-07T22:28:50.707+0000] {logging_mixin.py:137} INFO - [2023-05-07T22:28:50.706+0000] {dag.py:3437} INFO - Setting next_dagrun for example_weekday_branch_operator to 2023-05-06T00:00:00+00:00, run_after=2023-05-07T00:00:00+00:00
[2023-05-07T22:28:50.759+0000] {processor.py:175} INFO - Processing /usr/local/python/3.10.4/lib/python3.10/site-packages/airflow/example_dags/example_branch_day_of_week_operator.py took 0.107 seconds
[2023-05-07T22:29:46.637+0000] {processor.py:153} INFO - Started process (PID=13202) to work on /usr/local/python/3.10.4/lib/python3.10/site-packages/airflow/example_dags/example_branch_day_of_week_operator.py
[2023-05-07T22:29:46.643+0000] {processor.py:743} INFO - Processing file /usr/local/python/3.10.4/lib/python3.10/site-packages/airflow/example_dags/example_branch_day_of_week_operator.py for tasks to queue
[2023-05-07T22:29:46.644+0000] {logging_mixin.py:137} INFO - [2023-05-07T22:29:46.644+0000] {dagbag.py:538} INFO - Filling up the DagBag from /usr/local/python/3.10.4/lib/python3.10/site-packages/airflow/example_dags/example_branch_day_of_week_operator.py
[2023-05-07T22:29:46.659+0000] {processor.py:753} INFO - DAG(s) dict_keys(['example_weekday_branch_operator']) retrieved from /usr/local/python/3.10.4/lib/python3.10/site-packages/airflow/example_dags/example_branch_day_of_week_operator.py
[2023-05-07T22:29:46.685+0000] {logging_mixin.py:137} INFO - [2023-05-07T22:29:46.685+0000] {dag.py:2690} INFO - Sync 1 DAGs
[2023-05-07T22:29:46.703+0000] {logging_mixin.py:137} INFO - [2023-05-07T22:29:46.703+0000] {dag.py:3437} INFO - Setting next_dagrun for example_weekday_branch_operator to 2023-05-06T00:00:00+00:00, run_after=2023-05-07T00:00:00+00:00
[2023-05-07T22:29:46.746+0000] {processor.py:175} INFO - Processing /usr/local/python/3.10.4/lib/python3.10/site-packages/airflow/example_dags/example_branch_day_of_week_operator.py took 0.113 seconds
[2023-05-07T22:30:42.446+0000] {processor.py:153} INFO - Started process (PID=13582) to work on /usr/local/python/3.10.4/lib/python3.10/site-packages/airflow/example_dags/example_branch_day_of_week_operator.py
[2023-05-07T22:30:42.447+0000] {processor.py:743} INFO - Processing file /usr/local/python/3.10.4/lib/python3.10/site-packages/airflow/example_dags/example_branch_day_of_week_operator.py for tasks to queue
[2023-05-07T22:30:42.448+0000] {logging_mixin.py:137} INFO - [2023-05-07T22:30:42.448+0000] {dagbag.py:538} INFO - Filling up the DagBag from /usr/local/python/3.10.4/lib/python3.10/site-packages/airflow/example_dags/example_branch_day_of_week_operator.py
[2023-05-07T22:30:42.466+0000] {processor.py:753} INFO - DAG(s) dict_keys(['example_weekday_branch_operator']) retrieved from /usr/local/python/3.10.4/lib/python3.10/site-packages/airflow/example_dags/example_branch_day_of_week_operator.py
[2023-05-07T22:30:42.483+0000] {logging_mixin.py:137} INFO - [2023-05-07T22:30:42.483+0000] {dag.py:2690} INFO - Sync 1 DAGs
[2023-05-07T22:30:42.502+0000] {logging_mixin.py:137} INFO - [2023-05-07T22:30:42.501+0000] {dag.py:3437} INFO - Setting next_dagrun for example_weekday_branch_operator to 2023-05-06T00:00:00+00:00, run_after=2023-05-07T00:00:00+00:00
[2023-05-07T22:30:42.655+0000] {processor.py:175} INFO - Processing /usr/local/python/3.10.4/lib/python3.10/site-packages/airflow/example_dags/example_branch_day_of_week_operator.py took 0.212 seconds
[2023-05-07T22:31:33.007+0000] {processor.py:153} INFO - Started process (PID=13922) to work on /usr/local/python/3.10.4/lib/python3.10/site-packages/airflow/example_dags/example_branch_day_of_week_operator.py
[2023-05-07T22:31:33.008+0000] {processor.py:743} INFO - Processing file /usr/local/python/3.10.4/lib/python3.10/site-packages/airflow/example_dags/example_branch_day_of_week_operator.py for tasks to queue
[2023-05-07T22:31:33.009+0000] {logging_mixin.py:137} INFO - [2023-05-07T22:31:33.009+0000] {dagbag.py:538} INFO - Filling up the DagBag from /usr/local/python/3.10.4/lib/python3.10/site-packages/airflow/example_dags/example_branch_day_of_week_operator.py
[2023-05-07T22:31:33.030+0000] {processor.py:753} INFO - DAG(s) dict_keys(['example_weekday_branch_operator']) retrieved from /usr/local/python/3.10.4/lib/python3.10/site-packages/airflow/example_dags/example_branch_day_of_week_operator.py
[2023-05-07T22:31:33.048+0000] {logging_mixin.py:137} INFO - [2023-05-07T22:31:33.047+0000] {dag.py:2690} INFO - Sync 1 DAGs
[2023-05-07T22:31:33.176+0000] {logging_mixin.py:137} INFO - [2023-05-07T22:31:33.176+0000] {dag.py:3437} INFO - Setting next_dagrun for example_weekday_branch_operator to 2023-05-06T00:00:00+00:00, run_after=2023-05-07T00:00:00+00:00
[2023-05-07T22:31:33.221+0000] {processor.py:175} INFO - Processing /usr/local/python/3.10.4/lib/python3.10/site-packages/airflow/example_dags/example_branch_day_of_week_operator.py took 0.218 seconds
[2023-05-07T22:32:18.312+0000] {processor.py:153} INFO - Started process (PID=14221) to work on /usr/local/python/3.10.4/lib/python3.10/site-packages/airflow/example_dags/example_branch_day_of_week_operator.py
[2023-05-07T22:32:18.313+0000] {processor.py:743} INFO - Processing file /usr/local/python/3.10.4/lib/python3.10/site-packages/airflow/example_dags/example_branch_day_of_week_operator.py for tasks to queue
[2023-05-07T22:32:18.314+0000] {logging_mixin.py:137} INFO - [2023-05-07T22:32:18.314+0000] {dagbag.py:538} INFO - Filling up the DagBag from /usr/local/python/3.10.4/lib/python3.10/site-packages/airflow/example_dags/example_branch_day_of_week_operator.py
[2023-05-07T22:32:18.329+0000] {processor.py:753} INFO - DAG(s) dict_keys(['example_weekday_branch_operator']) retrieved from /usr/local/python/3.10.4/lib/python3.10/site-packages/airflow/example_dags/example_branch_day_of_week_operator.py
[2023-05-07T22:32:18.619+0000] {logging_mixin.py:137} INFO - [2023-05-07T22:32:18.619+0000] {dag.py:2690} INFO - Sync 1 DAGs
[2023-05-07T22:32:18.649+0000] {logging_mixin.py:137} INFO - [2023-05-07T22:32:18.649+0000] {dag.py:3437} INFO - Setting next_dagrun for example_weekday_branch_operator to 2023-05-06T00:00:00+00:00, run_after=2023-05-07T00:00:00+00:00
[2023-05-07T22:32:18.689+0000] {processor.py:175} INFO - Processing /usr/local/python/3.10.4/lib/python3.10/site-packages/airflow/example_dags/example_branch_day_of_week_operator.py took 0.380 seconds
[2023-05-07T22:33:05.988+0000] {processor.py:153} INFO - Started process (PID=14577) to work on /usr/local/python/3.10.4/lib/python3.10/site-packages/airflow/example_dags/example_branch_day_of_week_operator.py
[2023-05-07T22:33:05.989+0000] {processor.py:743} INFO - Processing file /usr/local/python/3.10.4/lib/python3.10/site-packages/airflow/example_dags/example_branch_day_of_week_operator.py for tasks to queue
[2023-05-07T22:33:05.989+0000] {logging_mixin.py:137} INFO - [2023-05-07T22:33:05.989+0000] {dagbag.py:538} INFO - Filling up the DagBag from /usr/local/python/3.10.4/lib/python3.10/site-packages/airflow/example_dags/example_branch_day_of_week_operator.py
[2023-05-07T22:33:06.004+0000] {processor.py:753} INFO - DAG(s) dict_keys(['example_weekday_branch_operator']) retrieved from /usr/local/python/3.10.4/lib/python3.10/site-packages/airflow/example_dags/example_branch_day_of_week_operator.py
[2023-05-07T22:33:06.140+0000] {logging_mixin.py:137} INFO - [2023-05-07T22:33:06.140+0000] {dag.py:2690} INFO - Sync 1 DAGs
[2023-05-07T22:33:06.156+0000] {logging_mixin.py:137} INFO - [2023-05-07T22:33:06.156+0000] {dag.py:3437} INFO - Setting next_dagrun for example_weekday_branch_operator to 2023-05-06T00:00:00+00:00, run_after=2023-05-07T00:00:00+00:00
[2023-05-07T22:33:06.195+0000] {processor.py:175} INFO - Processing /usr/local/python/3.10.4/lib/python3.10/site-packages/airflow/example_dags/example_branch_day_of_week_operator.py took 0.210 seconds
[2023-05-07T22:33:55.822+0000] {processor.py:153} INFO - Started process (PID=14948) to work on /usr/local/python/3.10.4/lib/python3.10/site-packages/airflow/example_dags/example_branch_day_of_week_operator.py
[2023-05-07T22:33:55.830+0000] {processor.py:743} INFO - Processing file /usr/local/python/3.10.4/lib/python3.10/site-packages/airflow/example_dags/example_branch_day_of_week_operator.py for tasks to queue
[2023-05-07T22:33:55.830+0000] {logging_mixin.py:137} INFO - [2023-05-07T22:33:55.830+0000] {dagbag.py:538} INFO - Filling up the DagBag from /usr/local/python/3.10.4/lib/python3.10/site-packages/airflow/example_dags/example_branch_day_of_week_operator.py
[2023-05-07T22:33:55.994+0000] {processor.py:753} INFO - DAG(s) dict_keys(['example_weekday_branch_operator']) retrieved from /usr/local/python/3.10.4/lib/python3.10/site-packages/airflow/example_dags/example_branch_day_of_week_operator.py
[2023-05-07T22:33:56.012+0000] {logging_mixin.py:137} INFO - [2023-05-07T22:33:56.012+0000] {dag.py:2690} INFO - Sync 1 DAGs
[2023-05-07T22:33:56.037+0000] {logging_mixin.py:137} INFO - [2023-05-07T22:33:56.036+0000] {dag.py:3437} INFO - Setting next_dagrun for example_weekday_branch_operator to 2023-05-06T00:00:00+00:00, run_after=2023-05-07T00:00:00+00:00
[2023-05-07T22:33:56.084+0000] {processor.py:175} INFO - Processing /usr/local/python/3.10.4/lib/python3.10/site-packages/airflow/example_dags/example_branch_day_of_week_operator.py took 0.265 seconds
[2023-05-07T22:34:41.676+0000] {processor.py:153} INFO - Started process (PID=15292) to work on /usr/local/python/3.10.4/lib/python3.10/site-packages/airflow/example_dags/example_branch_day_of_week_operator.py
[2023-05-07T22:34:41.677+0000] {processor.py:743} INFO - Processing file /usr/local/python/3.10.4/lib/python3.10/site-packages/airflow/example_dags/example_branch_day_of_week_operator.py for tasks to queue
[2023-05-07T22:34:41.678+0000] {logging_mixin.py:137} INFO - [2023-05-07T22:34:41.678+0000] {dagbag.py:538} INFO - Filling up the DagBag from /usr/local/python/3.10.4/lib/python3.10/site-packages/airflow/example_dags/example_branch_day_of_week_operator.py
[2023-05-07T22:34:41.692+0000] {processor.py:753} INFO - DAG(s) dict_keys(['example_weekday_branch_operator']) retrieved from /usr/local/python/3.10.4/lib/python3.10/site-packages/airflow/example_dags/example_branch_day_of_week_operator.py
[2023-05-07T22:34:41.709+0000] {logging_mixin.py:137} INFO - [2023-05-07T22:34:41.708+0000] {dag.py:2690} INFO - Sync 1 DAGs
[2023-05-07T22:34:41.726+0000] {logging_mixin.py:137} INFO - [2023-05-07T22:34:41.726+0000] {dag.py:3437} INFO - Setting next_dagrun for example_weekday_branch_operator to 2023-05-06T00:00:00+00:00, run_after=2023-05-07T00:00:00+00:00
[2023-05-07T22:34:41.767+0000] {processor.py:175} INFO - Processing /usr/local/python/3.10.4/lib/python3.10/site-packages/airflow/example_dags/example_branch_day_of_week_operator.py took 0.095 seconds
[2023-05-07T22:35:25.608+0000] {processor.py:153} INFO - Started process (PID=15608) to work on /usr/local/python/3.10.4/lib/python3.10/site-packages/airflow/example_dags/example_branch_day_of_week_operator.py
[2023-05-07T22:35:25.609+0000] {processor.py:743} INFO - Processing file /usr/local/python/3.10.4/lib/python3.10/site-packages/airflow/example_dags/example_branch_day_of_week_operator.py for tasks to queue
[2023-05-07T22:35:25.609+0000] {logging_mixin.py:137} INFO - [2023-05-07T22:35:25.609+0000] {dagbag.py:538} INFO - Filling up the DagBag from /usr/local/python/3.10.4/lib/python3.10/site-packages/airflow/example_dags/example_branch_day_of_week_operator.py
[2023-05-07T22:35:25.624+0000] {processor.py:753} INFO - DAG(s) dict_keys(['example_weekday_branch_operator']) retrieved from /usr/local/python/3.10.4/lib/python3.10/site-packages/airflow/example_dags/example_branch_day_of_week_operator.py
[2023-05-07T22:35:25.641+0000] {logging_mixin.py:137} INFO - [2023-05-07T22:35:25.641+0000] {dag.py:2690} INFO - Sync 1 DAGs
[2023-05-07T22:35:25.660+0000] {logging_mixin.py:137} INFO - [2023-05-07T22:35:25.660+0000] {dag.py:3437} INFO - Setting next_dagrun for example_weekday_branch_operator to 2023-05-06T00:00:00+00:00, run_after=2023-05-07T00:00:00+00:00
[2023-05-07T22:35:25.702+0000] {processor.py:175} INFO - Processing /usr/local/python/3.10.4/lib/python3.10/site-packages/airflow/example_dags/example_branch_day_of_week_operator.py took 0.097 seconds
[2023-05-07T22:36:09.483+0000] {processor.py:153} INFO - Started process (PID=15905) to work on /usr/local/python/3.10.4/lib/python3.10/site-packages/airflow/example_dags/example_branch_day_of_week_operator.py
[2023-05-07T22:36:09.484+0000] {processor.py:743} INFO - Processing file /usr/local/python/3.10.4/lib/python3.10/site-packages/airflow/example_dags/example_branch_day_of_week_operator.py for tasks to queue
[2023-05-07T22:36:09.484+0000] {logging_mixin.py:137} INFO - [2023-05-07T22:36:09.484+0000] {dagbag.py:538} INFO - Filling up the DagBag from /usr/local/python/3.10.4/lib/python3.10/site-packages/airflow/example_dags/example_branch_day_of_week_operator.py
[2023-05-07T22:36:09.504+0000] {processor.py:753} INFO - DAG(s) dict_keys(['example_weekday_branch_operator']) retrieved from /usr/local/python/3.10.4/lib/python3.10/site-packages/airflow/example_dags/example_branch_day_of_week_operator.py
[2023-05-07T22:36:09.522+0000] {logging_mixin.py:137} INFO - [2023-05-07T22:36:09.522+0000] {dag.py:2690} INFO - Sync 1 DAGs
[2023-05-07T22:36:09.542+0000] {logging_mixin.py:137} INFO - [2023-05-07T22:36:09.542+0000] {dag.py:3437} INFO - Setting next_dagrun for example_weekday_branch_operator to 2023-05-06T00:00:00+00:00, run_after=2023-05-07T00:00:00+00:00
[2023-05-07T22:36:09.584+0000] {processor.py:175} INFO - Processing /usr/local/python/3.10.4/lib/python3.10/site-packages/airflow/example_dags/example_branch_day_of_week_operator.py took 0.105 seconds
[2023-05-07T22:36:55.521+0000] {processor.py:153} INFO - Started process (PID=16234) to work on /usr/local/python/3.10.4/lib/python3.10/site-packages/airflow/example_dags/example_branch_day_of_week_operator.py
[2023-05-07T22:36:55.522+0000] {processor.py:743} INFO - Processing file /usr/local/python/3.10.4/lib/python3.10/site-packages/airflow/example_dags/example_branch_day_of_week_operator.py for tasks to queue
[2023-05-07T22:36:55.522+0000] {logging_mixin.py:137} INFO - [2023-05-07T22:36:55.522+0000] {dagbag.py:538} INFO - Filling up the DagBag from /usr/local/python/3.10.4/lib/python3.10/site-packages/airflow/example_dags/example_branch_day_of_week_operator.py
[2023-05-07T22:36:55.537+0000] {processor.py:753} INFO - DAG(s) dict_keys(['example_weekday_branch_operator']) retrieved from /usr/local/python/3.10.4/lib/python3.10/site-packages/airflow/example_dags/example_branch_day_of_week_operator.py
[2023-05-07T22:36:55.555+0000] {logging_mixin.py:137} INFO - [2023-05-07T22:36:55.555+0000] {dag.py:2690} INFO - Sync 1 DAGs
[2023-05-07T22:36:55.573+0000] {logging_mixin.py:137} INFO - [2023-05-07T22:36:55.572+0000] {dag.py:3437} INFO - Setting next_dagrun for example_weekday_branch_operator to 2023-05-06T00:00:00+00:00, run_after=2023-05-07T00:00:00+00:00
[2023-05-07T22:36:55.614+0000] {processor.py:175} INFO - Processing /usr/local/python/3.10.4/lib/python3.10/site-packages/airflow/example_dags/example_branch_day_of_week_operator.py took 0.096 seconds
[2023-05-07T22:37:37.109+0000] {processor.py:153} INFO - Started process (PID=16534) to work on /usr/local/python/3.10.4/lib/python3.10/site-packages/airflow/example_dags/example_branch_day_of_week_operator.py
[2023-05-07T22:37:37.111+0000] {processor.py:743} INFO - Processing file /usr/local/python/3.10.4/lib/python3.10/site-packages/airflow/example_dags/example_branch_day_of_week_operator.py for tasks to queue
[2023-05-07T22:37:37.111+0000] {logging_mixin.py:137} INFO - [2023-05-07T22:37:37.111+0000] {dagbag.py:538} INFO - Filling up the DagBag from /usr/local/python/3.10.4/lib/python3.10/site-packages/airflow/example_dags/example_branch_day_of_week_operator.py
[2023-05-07T22:37:37.127+0000] {processor.py:753} INFO - DAG(s) dict_keys(['example_weekday_branch_operator']) retrieved from /usr/local/python/3.10.4/lib/python3.10/site-packages/airflow/example_dags/example_branch_day_of_week_operator.py
[2023-05-07T22:37:37.145+0000] {logging_mixin.py:137} INFO - [2023-05-07T22:37:37.144+0000] {dag.py:2690} INFO - Sync 1 DAGs
[2023-05-07T22:37:37.163+0000] {logging_mixin.py:137} INFO - [2023-05-07T22:37:37.162+0000] {dag.py:3437} INFO - Setting next_dagrun for example_weekday_branch_operator to 2023-05-06T00:00:00+00:00, run_after=2023-05-07T00:00:00+00:00
[2023-05-07T22:37:37.204+0000] {processor.py:175} INFO - Processing /usr/local/python/3.10.4/lib/python3.10/site-packages/airflow/example_dags/example_branch_day_of_week_operator.py took 0.103 seconds
[2023-05-07T22:38:21.726+0000] {processor.py:153} INFO - Started process (PID=16882) to work on /usr/local/python/3.10.4/lib/python3.10/site-packages/airflow/example_dags/example_branch_day_of_week_operator.py
[2023-05-07T22:38:21.726+0000] {processor.py:743} INFO - Processing file /usr/local/python/3.10.4/lib/python3.10/site-packages/airflow/example_dags/example_branch_day_of_week_operator.py for tasks to queue
[2023-05-07T22:38:21.727+0000] {logging_mixin.py:137} INFO - [2023-05-07T22:38:21.727+0000] {dagbag.py:538} INFO - Filling up the DagBag from /usr/local/python/3.10.4/lib/python3.10/site-packages/airflow/example_dags/example_branch_day_of_week_operator.py
[2023-05-07T22:38:21.743+0000] {processor.py:753} INFO - DAG(s) dict_keys(['example_weekday_branch_operator']) retrieved from /usr/local/python/3.10.4/lib/python3.10/site-packages/airflow/example_dags/example_branch_day_of_week_operator.py
[2023-05-07T22:38:21.759+0000] {logging_mixin.py:137} INFO - [2023-05-07T22:38:21.759+0000] {dag.py:2690} INFO - Sync 1 DAGs
[2023-05-07T22:38:21.779+0000] {logging_mixin.py:137} INFO - [2023-05-07T22:38:21.779+0000] {dag.py:3437} INFO - Setting next_dagrun for example_weekday_branch_operator to 2023-05-06T00:00:00+00:00, run_after=2023-05-07T00:00:00+00:00
[2023-05-07T22:38:21.821+0000] {processor.py:175} INFO - Processing /usr/local/python/3.10.4/lib/python3.10/site-packages/airflow/example_dags/example_branch_day_of_week_operator.py took 0.098 seconds
[2023-05-07T22:39:06.450+0000] {processor.py:153} INFO - Started process (PID=17181) to work on /usr/local/python/3.10.4/lib/python3.10/site-packages/airflow/example_dags/example_branch_day_of_week_operator.py
[2023-05-07T22:39:06.451+0000] {processor.py:743} INFO - Processing file /usr/local/python/3.10.4/lib/python3.10/site-packages/airflow/example_dags/example_branch_day_of_week_operator.py for tasks to queue
[2023-05-07T22:39:06.451+0000] {logging_mixin.py:137} INFO - [2023-05-07T22:39:06.451+0000] {dagbag.py:538} INFO - Filling up the DagBag from /usr/local/python/3.10.4/lib/python3.10/site-packages/airflow/example_dags/example_branch_day_of_week_operator.py
[2023-05-07T22:39:06.466+0000] {processor.py:753} INFO - DAG(s) dict_keys(['example_weekday_branch_operator']) retrieved from /usr/local/python/3.10.4/lib/python3.10/site-packages/airflow/example_dags/example_branch_day_of_week_operator.py
[2023-05-07T22:39:06.483+0000] {logging_mixin.py:137} INFO - [2023-05-07T22:39:06.483+0000] {dag.py:2690} INFO - Sync 1 DAGs
[2023-05-07T22:39:06.500+0000] {logging_mixin.py:137} INFO - [2023-05-07T22:39:06.500+0000] {dag.py:3437} INFO - Setting next_dagrun for example_weekday_branch_operator to 2023-05-06T00:00:00+00:00, run_after=2023-05-07T00:00:00+00:00
[2023-05-07T22:39:06.544+0000] {processor.py:175} INFO - Processing /usr/local/python/3.10.4/lib/python3.10/site-packages/airflow/example_dags/example_branch_day_of_week_operator.py took 0.097 seconds
[2023-05-07T22:39:50.698+0000] {processor.py:153} INFO - Started process (PID=17528) to work on /usr/local/python/3.10.4/lib/python3.10/site-packages/airflow/example_dags/example_branch_day_of_week_operator.py
[2023-05-07T22:39:50.699+0000] {processor.py:743} INFO - Processing file /usr/local/python/3.10.4/lib/python3.10/site-packages/airflow/example_dags/example_branch_day_of_week_operator.py for tasks to queue
[2023-05-07T22:39:50.700+0000] {logging_mixin.py:137} INFO - [2023-05-07T22:39:50.700+0000] {dagbag.py:538} INFO - Filling up the DagBag from /usr/local/python/3.10.4/lib/python3.10/site-packages/airflow/example_dags/example_branch_day_of_week_operator.py
[2023-05-07T22:39:50.715+0000] {processor.py:753} INFO - DAG(s) dict_keys(['example_weekday_branch_operator']) retrieved from /usr/local/python/3.10.4/lib/python3.10/site-packages/airflow/example_dags/example_branch_day_of_week_operator.py
[2023-05-07T22:39:50.735+0000] {logging_mixin.py:137} INFO - [2023-05-07T22:39:50.734+0000] {dag.py:2690} INFO - Sync 1 DAGs
[2023-05-07T22:39:50.762+0000] {logging_mixin.py:137} INFO - [2023-05-07T22:39:50.762+0000] {dag.py:3437} INFO - Setting next_dagrun for example_weekday_branch_operator to 2023-05-06T00:00:00+00:00, run_after=2023-05-07T00:00:00+00:00
[2023-05-07T22:39:50.816+0000] {processor.py:175} INFO - Processing /usr/local/python/3.10.4/lib/python3.10/site-packages/airflow/example_dags/example_branch_day_of_week_operator.py took 0.120 seconds
[2023-05-07T22:40:31.341+0000] {processor.py:153} INFO - Started process (PID=17823) to work on /usr/local/python/3.10.4/lib/python3.10/site-packages/airflow/example_dags/example_branch_day_of_week_operator.py
[2023-05-07T22:40:31.342+0000] {processor.py:743} INFO - Processing file /usr/local/python/3.10.4/lib/python3.10/site-packages/airflow/example_dags/example_branch_day_of_week_operator.py for tasks to queue
[2023-05-07T22:40:31.343+0000] {logging_mixin.py:137} INFO - [2023-05-07T22:40:31.343+0000] {dagbag.py:538} INFO - Filling up the DagBag from /usr/local/python/3.10.4/lib/python3.10/site-packages/airflow/example_dags/example_branch_day_of_week_operator.py
[2023-05-07T22:40:31.358+0000] {processor.py:753} INFO - DAG(s) dict_keys(['example_weekday_branch_operator']) retrieved from /usr/local/python/3.10.4/lib/python3.10/site-packages/airflow/example_dags/example_branch_day_of_week_operator.py
[2023-05-07T22:40:31.378+0000] {logging_mixin.py:137} INFO - [2023-05-07T22:40:31.377+0000] {dag.py:2690} INFO - Sync 1 DAGs
[2023-05-07T22:40:31.407+0000] {logging_mixin.py:137} INFO - [2023-05-07T22:40:31.406+0000] {dag.py:3437} INFO - Setting next_dagrun for example_weekday_branch_operator to 2023-05-06T00:00:00+00:00, run_after=2023-05-07T00:00:00+00:00
[2023-05-07T22:40:31.456+0000] {processor.py:175} INFO - Processing /usr/local/python/3.10.4/lib/python3.10/site-packages/airflow/example_dags/example_branch_day_of_week_operator.py took 0.117 seconds
[2023-05-07T22:41:11.928+0000] {processor.py:153} INFO - Started process (PID=18113) to work on /usr/local/python/3.10.4/lib/python3.10/site-packages/airflow/example_dags/example_branch_day_of_week_operator.py
[2023-05-07T22:41:11.929+0000] {processor.py:743} INFO - Processing file /usr/local/python/3.10.4/lib/python3.10/site-packages/airflow/example_dags/example_branch_day_of_week_operator.py for tasks to queue
[2023-05-07T22:41:11.929+0000] {logging_mixin.py:137} INFO - [2023-05-07T22:41:11.929+0000] {dagbag.py:538} INFO - Filling up the DagBag from /usr/local/python/3.10.4/lib/python3.10/site-packages/airflow/example_dags/example_branch_day_of_week_operator.py
[2023-05-07T22:41:11.945+0000] {processor.py:753} INFO - DAG(s) dict_keys(['example_weekday_branch_operator']) retrieved from /usr/local/python/3.10.4/lib/python3.10/site-packages/airflow/example_dags/example_branch_day_of_week_operator.py
[2023-05-07T22:41:11.962+0000] {logging_mixin.py:137} INFO - [2023-05-07T22:41:11.962+0000] {dag.py:2690} INFO - Sync 1 DAGs
[2023-05-07T22:41:11.981+0000] {logging_mixin.py:137} INFO - [2023-05-07T22:41:11.981+0000] {dag.py:3437} INFO - Setting next_dagrun for example_weekday_branch_operator to 2023-05-06T00:00:00+00:00, run_after=2023-05-07T00:00:00+00:00
[2023-05-07T22:41:12.025+0000] {processor.py:175} INFO - Processing /usr/local/python/3.10.4/lib/python3.10/site-packages/airflow/example_dags/example_branch_day_of_week_operator.py took 0.100 seconds
[2023-05-07T22:41:51.650+0000] {processor.py:153} INFO - Started process (PID=18407) to work on /usr/local/python/3.10.4/lib/python3.10/site-packages/airflow/example_dags/example_branch_day_of_week_operator.py
[2023-05-07T22:41:51.651+0000] {processor.py:743} INFO - Processing file /usr/local/python/3.10.4/lib/python3.10/site-packages/airflow/example_dags/example_branch_day_of_week_operator.py for tasks to queue
[2023-05-07T22:41:51.651+0000] {logging_mixin.py:137} INFO - [2023-05-07T22:41:51.651+0000] {dagbag.py:538} INFO - Filling up the DagBag from /usr/local/python/3.10.4/lib/python3.10/site-packages/airflow/example_dags/example_branch_day_of_week_operator.py
[2023-05-07T22:41:51.666+0000] {processor.py:753} INFO - DAG(s) dict_keys(['example_weekday_branch_operator']) retrieved from /usr/local/python/3.10.4/lib/python3.10/site-packages/airflow/example_dags/example_branch_day_of_week_operator.py
[2023-05-07T22:41:51.683+0000] {logging_mixin.py:137} INFO - [2023-05-07T22:41:51.683+0000] {dag.py:2690} INFO - Sync 1 DAGs
[2023-05-07T22:41:51.701+0000] {logging_mixin.py:137} INFO - [2023-05-07T22:41:51.701+0000] {dag.py:3437} INFO - Setting next_dagrun for example_weekday_branch_operator to 2023-05-06T00:00:00+00:00, run_after=2023-05-07T00:00:00+00:00
[2023-05-07T22:41:51.746+0000] {processor.py:175} INFO - Processing /usr/local/python/3.10.4/lib/python3.10/site-packages/airflow/example_dags/example_branch_day_of_week_operator.py took 0.099 seconds
[2023-05-07T22:42:32.497+0000] {processor.py:153} INFO - Started process (PID=18786) to work on /usr/local/python/3.10.4/lib/python3.10/site-packages/airflow/example_dags/example_branch_day_of_week_operator.py
[2023-05-07T22:42:32.498+0000] {processor.py:743} INFO - Processing file /usr/local/python/3.10.4/lib/python3.10/site-packages/airflow/example_dags/example_branch_day_of_week_operator.py for tasks to queue
[2023-05-07T22:42:32.499+0000] {logging_mixin.py:137} INFO - [2023-05-07T22:42:32.499+0000] {dagbag.py:538} INFO - Filling up the DagBag from /usr/local/python/3.10.4/lib/python3.10/site-packages/airflow/example_dags/example_branch_day_of_week_operator.py
[2023-05-07T22:42:32.514+0000] {processor.py:753} INFO - DAG(s) dict_keys(['example_weekday_branch_operator']) retrieved from /usr/local/python/3.10.4/lib/python3.10/site-packages/airflow/example_dags/example_branch_day_of_week_operator.py
[2023-05-07T22:42:32.530+0000] {logging_mixin.py:137} INFO - [2023-05-07T22:42:32.530+0000] {dag.py:2690} INFO - Sync 1 DAGs
[2023-05-07T22:42:32.548+0000] {logging_mixin.py:137} INFO - [2023-05-07T22:42:32.548+0000] {dag.py:3437} INFO - Setting next_dagrun for example_weekday_branch_operator to 2023-05-06T00:00:00+00:00, run_after=2023-05-07T00:00:00+00:00
[2023-05-07T22:42:32.589+0000] {processor.py:175} INFO - Processing /usr/local/python/3.10.4/lib/python3.10/site-packages/airflow/example_dags/example_branch_day_of_week_operator.py took 0.094 seconds
[2023-05-07T22:43:17.875+0000] {processor.py:153} INFO - Started process (PID=19216) to work on /usr/local/python/3.10.4/lib/python3.10/site-packages/airflow/example_dags/example_branch_day_of_week_operator.py
[2023-05-07T22:43:17.876+0000] {processor.py:743} INFO - Processing file /usr/local/python/3.10.4/lib/python3.10/site-packages/airflow/example_dags/example_branch_day_of_week_operator.py for tasks to queue
[2023-05-07T22:43:17.876+0000] {logging_mixin.py:137} INFO - [2023-05-07T22:43:17.876+0000] {dagbag.py:538} INFO - Filling up the DagBag from /usr/local/python/3.10.4/lib/python3.10/site-packages/airflow/example_dags/example_branch_day_of_week_operator.py
[2023-05-07T22:43:17.891+0000] {processor.py:753} INFO - DAG(s) dict_keys(['example_weekday_branch_operator']) retrieved from /usr/local/python/3.10.4/lib/python3.10/site-packages/airflow/example_dags/example_branch_day_of_week_operator.py
[2023-05-07T22:43:17.907+0000] {logging_mixin.py:137} INFO - [2023-05-07T22:43:17.907+0000] {dag.py:2690} INFO - Sync 1 DAGs
[2023-05-07T22:43:17.925+0000] {logging_mixin.py:137} INFO - [2023-05-07T22:43:17.925+0000] {dag.py:3437} INFO - Setting next_dagrun for example_weekday_branch_operator to 2023-05-06T00:00:00+00:00, run_after=2023-05-07T00:00:00+00:00
[2023-05-07T22:43:17.967+0000] {processor.py:175} INFO - Processing /usr/local/python/3.10.4/lib/python3.10/site-packages/airflow/example_dags/example_branch_day_of_week_operator.py took 0.096 seconds
[2023-05-07T22:43:59.874+0000] {processor.py:153} INFO - Started process (PID=19689) to work on /usr/local/python/3.10.4/lib/python3.10/site-packages/airflow/example_dags/example_branch_day_of_week_operator.py
[2023-05-07T22:43:59.875+0000] {processor.py:743} INFO - Processing file /usr/local/python/3.10.4/lib/python3.10/site-packages/airflow/example_dags/example_branch_day_of_week_operator.py for tasks to queue
[2023-05-07T22:43:59.876+0000] {logging_mixin.py:137} INFO - [2023-05-07T22:43:59.876+0000] {dagbag.py:538} INFO - Filling up the DagBag from /usr/local/python/3.10.4/lib/python3.10/site-packages/airflow/example_dags/example_branch_day_of_week_operator.py
[2023-05-07T22:43:59.891+0000] {processor.py:753} INFO - DAG(s) dict_keys(['example_weekday_branch_operator']) retrieved from /usr/local/python/3.10.4/lib/python3.10/site-packages/airflow/example_dags/example_branch_day_of_week_operator.py
[2023-05-07T22:43:59.907+0000] {logging_mixin.py:137} INFO - [2023-05-07T22:43:59.907+0000] {dag.py:2690} INFO - Sync 1 DAGs
[2023-05-07T22:43:59.925+0000] {logging_mixin.py:137} INFO - [2023-05-07T22:43:59.925+0000] {dag.py:3437} INFO - Setting next_dagrun for example_weekday_branch_operator to 2023-05-06T00:00:00+00:00, run_after=2023-05-07T00:00:00+00:00
[2023-05-07T22:43:59.971+0000] {processor.py:175} INFO - Processing /usr/local/python/3.10.4/lib/python3.10/site-packages/airflow/example_dags/example_branch_day_of_week_operator.py took 0.099 seconds
[2023-05-07T22:44:41.855+0000] {processor.py:153} INFO - Started process (PID=20121) to work on /usr/local/python/3.10.4/lib/python3.10/site-packages/airflow/example_dags/example_branch_day_of_week_operator.py
[2023-05-07T22:44:41.856+0000] {processor.py:743} INFO - Processing file /usr/local/python/3.10.4/lib/python3.10/site-packages/airflow/example_dags/example_branch_day_of_week_operator.py for tasks to queue
[2023-05-07T22:44:41.857+0000] {logging_mixin.py:137} INFO - [2023-05-07T22:44:41.857+0000] {dagbag.py:538} INFO - Filling up the DagBag from /usr/local/python/3.10.4/lib/python3.10/site-packages/airflow/example_dags/example_branch_day_of_week_operator.py
[2023-05-07T22:44:41.872+0000] {processor.py:753} INFO - DAG(s) dict_keys(['example_weekday_branch_operator']) retrieved from /usr/local/python/3.10.4/lib/python3.10/site-packages/airflow/example_dags/example_branch_day_of_week_operator.py
[2023-05-07T22:44:41.890+0000] {logging_mixin.py:137} INFO - [2023-05-07T22:44:41.890+0000] {dag.py:2690} INFO - Sync 1 DAGs
[2023-05-07T22:44:41.909+0000] {logging_mixin.py:137} INFO - [2023-05-07T22:44:41.909+0000] {dag.py:3437} INFO - Setting next_dagrun for example_weekday_branch_operator to 2023-05-06T00:00:00+00:00, run_after=2023-05-07T00:00:00+00:00
[2023-05-07T22:44:41.949+0000] {processor.py:175} INFO - Processing /usr/local/python/3.10.4/lib/python3.10/site-packages/airflow/example_dags/example_branch_day_of_week_operator.py took 0.098 seconds
[2023-05-07T22:45:20.787+0000] {processor.py:153} INFO - Started process (PID=20454) to work on /usr/local/python/3.10.4/lib/python3.10/site-packages/airflow/example_dags/example_branch_day_of_week_operator.py
[2023-05-07T22:45:20.788+0000] {processor.py:743} INFO - Processing file /usr/local/python/3.10.4/lib/python3.10/site-packages/airflow/example_dags/example_branch_day_of_week_operator.py for tasks to queue
[2023-05-07T22:45:20.789+0000] {logging_mixin.py:137} INFO - [2023-05-07T22:45:20.789+0000] {dagbag.py:538} INFO - Filling up the DagBag from /usr/local/python/3.10.4/lib/python3.10/site-packages/airflow/example_dags/example_branch_day_of_week_operator.py
[2023-05-07T22:45:20.810+0000] {processor.py:753} INFO - DAG(s) dict_keys(['example_weekday_branch_operator']) retrieved from /usr/local/python/3.10.4/lib/python3.10/site-packages/airflow/example_dags/example_branch_day_of_week_operator.py
[2023-05-07T22:45:20.830+0000] {logging_mixin.py:137} INFO - [2023-05-07T22:45:20.829+0000] {dag.py:2690} INFO - Sync 1 DAGs
[2023-05-07T22:45:20.848+0000] {logging_mixin.py:137} INFO - [2023-05-07T22:45:20.847+0000] {dag.py:3437} INFO - Setting next_dagrun for example_weekday_branch_operator to 2023-05-06T00:00:00+00:00, run_after=2023-05-07T00:00:00+00:00
[2023-05-07T22:45:20.887+0000] {processor.py:175} INFO - Processing /usr/local/python/3.10.4/lib/python3.10/site-packages/airflow/example_dags/example_branch_day_of_week_operator.py took 0.104 seconds
[2023-05-07T22:46:10.572+0000] {processor.py:153} INFO - Started process (PID=20942) to work on /usr/local/python/3.10.4/lib/python3.10/site-packages/airflow/example_dags/example_branch_day_of_week_operator.py
[2023-05-07T22:46:10.572+0000] {processor.py:743} INFO - Processing file /usr/local/python/3.10.4/lib/python3.10/site-packages/airflow/example_dags/example_branch_day_of_week_operator.py for tasks to queue
[2023-05-07T22:46:10.573+0000] {logging_mixin.py:137} INFO - [2023-05-07T22:46:10.573+0000] {dagbag.py:538} INFO - Filling up the DagBag from /usr/local/python/3.10.4/lib/python3.10/site-packages/airflow/example_dags/example_branch_day_of_week_operator.py
[2023-05-07T22:46:10.588+0000] {processor.py:753} INFO - DAG(s) dict_keys(['example_weekday_branch_operator']) retrieved from /usr/local/python/3.10.4/lib/python3.10/site-packages/airflow/example_dags/example_branch_day_of_week_operator.py
[2023-05-07T22:46:10.606+0000] {logging_mixin.py:137} INFO - [2023-05-07T22:46:10.606+0000] {dag.py:2690} INFO - Sync 1 DAGs
[2023-05-07T22:46:10.624+0000] {logging_mixin.py:137} INFO - [2023-05-07T22:46:10.624+0000] {dag.py:3437} INFO - Setting next_dagrun for example_weekday_branch_operator to 2023-05-06T00:00:00+00:00, run_after=2023-05-07T00:00:00+00:00
[2023-05-07T22:46:10.663+0000] {processor.py:175} INFO - Processing /usr/local/python/3.10.4/lib/python3.10/site-packages/airflow/example_dags/example_branch_day_of_week_operator.py took 0.095 seconds
[2023-05-07T22:46:55.274+0000] {processor.py:153} INFO - Started process (PID=21413) to work on /usr/local/python/3.10.4/lib/python3.10/site-packages/airflow/example_dags/example_branch_day_of_week_operator.py
[2023-05-07T22:46:55.275+0000] {processor.py:743} INFO - Processing file /usr/local/python/3.10.4/lib/python3.10/site-packages/airflow/example_dags/example_branch_day_of_week_operator.py for tasks to queue
[2023-05-07T22:46:55.276+0000] {logging_mixin.py:137} INFO - [2023-05-07T22:46:55.276+0000] {dagbag.py:538} INFO - Filling up the DagBag from /usr/local/python/3.10.4/lib/python3.10/site-packages/airflow/example_dags/example_branch_day_of_week_operator.py
[2023-05-07T22:46:55.294+0000] {processor.py:753} INFO - DAG(s) dict_keys(['example_weekday_branch_operator']) retrieved from /usr/local/python/3.10.4/lib/python3.10/site-packages/airflow/example_dags/example_branch_day_of_week_operator.py
[2023-05-07T22:46:55.321+0000] {logging_mixin.py:137} INFO - [2023-05-07T22:46:55.320+0000] {dag.py:2690} INFO - Sync 1 DAGs
[2023-05-07T22:46:55.338+0000] {logging_mixin.py:137} INFO - [2023-05-07T22:46:55.338+0000] {dag.py:3437} INFO - Setting next_dagrun for example_weekday_branch_operator to 2023-05-06T00:00:00+00:00, run_after=2023-05-07T00:00:00+00:00
[2023-05-07T22:46:55.382+0000] {processor.py:175} INFO - Processing /usr/local/python/3.10.4/lib/python3.10/site-packages/airflow/example_dags/example_branch_day_of_week_operator.py took 0.110 seconds
[2023-05-07T22:47:39.153+0000] {processor.py:153} INFO - Started process (PID=21709) to work on /usr/local/python/3.10.4/lib/python3.10/site-packages/airflow/example_dags/example_branch_day_of_week_operator.py
[2023-05-07T22:47:39.154+0000] {processor.py:743} INFO - Processing file /usr/local/python/3.10.4/lib/python3.10/site-packages/airflow/example_dags/example_branch_day_of_week_operator.py for tasks to queue
[2023-05-07T22:47:39.155+0000] {logging_mixin.py:137} INFO - [2023-05-07T22:47:39.155+0000] {dagbag.py:538} INFO - Filling up the DagBag from /usr/local/python/3.10.4/lib/python3.10/site-packages/airflow/example_dags/example_branch_day_of_week_operator.py
[2023-05-07T22:47:39.178+0000] {processor.py:753} INFO - DAG(s) dict_keys(['example_weekday_branch_operator']) retrieved from /usr/local/python/3.10.4/lib/python3.10/site-packages/airflow/example_dags/example_branch_day_of_week_operator.py
[2023-05-07T22:47:39.203+0000] {logging_mixin.py:137} INFO - [2023-05-07T22:47:39.203+0000] {dag.py:2690} INFO - Sync 1 DAGs
[2023-05-07T22:47:39.232+0000] {logging_mixin.py:137} INFO - [2023-05-07T22:47:39.232+0000] {dag.py:3437} INFO - Setting next_dagrun for example_weekday_branch_operator to 2023-05-06T00:00:00+00:00, run_after=2023-05-07T00:00:00+00:00
[2023-05-07T22:47:39.285+0000] {processor.py:175} INFO - Processing /usr/local/python/3.10.4/lib/python3.10/site-packages/airflow/example_dags/example_branch_day_of_week_operator.py took 0.135 seconds
[2023-05-07T22:48:20.415+0000] {processor.py:153} INFO - Started process (PID=22092) to work on /usr/local/python/3.10.4/lib/python3.10/site-packages/airflow/example_dags/example_branch_day_of_week_operator.py
[2023-05-07T22:48:20.416+0000] {processor.py:743} INFO - Processing file /usr/local/python/3.10.4/lib/python3.10/site-packages/airflow/example_dags/example_branch_day_of_week_operator.py for tasks to queue
[2023-05-07T22:48:20.417+0000] {logging_mixin.py:137} INFO - [2023-05-07T22:48:20.416+0000] {dagbag.py:538} INFO - Filling up the DagBag from /usr/local/python/3.10.4/lib/python3.10/site-packages/airflow/example_dags/example_branch_day_of_week_operator.py
[2023-05-07T22:48:20.431+0000] {processor.py:753} INFO - DAG(s) dict_keys(['example_weekday_branch_operator']) retrieved from /usr/local/python/3.10.4/lib/python3.10/site-packages/airflow/example_dags/example_branch_day_of_week_operator.py
[2023-05-07T22:48:20.447+0000] {logging_mixin.py:137} INFO - [2023-05-07T22:48:20.447+0000] {dag.py:2690} INFO - Sync 1 DAGs
[2023-05-07T22:48:20.466+0000] {logging_mixin.py:137} INFO - [2023-05-07T22:48:20.466+0000] {dag.py:3437} INFO - Setting next_dagrun for example_weekday_branch_operator to 2023-05-06T00:00:00+00:00, run_after=2023-05-07T00:00:00+00:00
[2023-05-07T22:48:20.507+0000] {processor.py:175} INFO - Processing /usr/local/python/3.10.4/lib/python3.10/site-packages/airflow/example_dags/example_branch_day_of_week_operator.py took 0.094 seconds
[2023-05-07T22:49:04.225+0000] {processor.py:153} INFO - Started process (PID=22552) to work on /usr/local/python/3.10.4/lib/python3.10/site-packages/airflow/example_dags/example_branch_day_of_week_operator.py
[2023-05-07T22:49:04.226+0000] {processor.py:743} INFO - Processing file /usr/local/python/3.10.4/lib/python3.10/site-packages/airflow/example_dags/example_branch_day_of_week_operator.py for tasks to queue
[2023-05-07T22:49:04.228+0000] {logging_mixin.py:137} INFO - [2023-05-07T22:49:04.227+0000] {dagbag.py:538} INFO - Filling up the DagBag from /usr/local/python/3.10.4/lib/python3.10/site-packages/airflow/example_dags/example_branch_day_of_week_operator.py
[2023-05-07T22:49:04.285+0000] {processor.py:753} INFO - DAG(s) dict_keys(['example_weekday_branch_operator']) retrieved from /usr/local/python/3.10.4/lib/python3.10/site-packages/airflow/example_dags/example_branch_day_of_week_operator.py
[2023-05-07T22:49:04.388+0000] {logging_mixin.py:137} INFO - [2023-05-07T22:49:04.387+0000] {dag.py:2690} INFO - Sync 1 DAGs
[2023-05-07T22:49:04.491+0000] {logging_mixin.py:137} INFO - [2023-05-07T22:49:04.491+0000] {dag.py:3437} INFO - Setting next_dagrun for example_weekday_branch_operator to 2023-05-06T00:00:00+00:00, run_after=2023-05-07T00:00:00+00:00
[2023-05-07T22:49:04.664+0000] {processor.py:175} INFO - Processing /usr/local/python/3.10.4/lib/python3.10/site-packages/airflow/example_dags/example_branch_day_of_week_operator.py took 0.476 seconds
[2023-05-07T22:49:49.744+0000] {processor.py:153} INFO - Started process (PID=22966) to work on /usr/local/python/3.10.4/lib/python3.10/site-packages/airflow/example_dags/example_branch_day_of_week_operator.py
[2023-05-07T22:49:49.745+0000] {processor.py:743} INFO - Processing file /usr/local/python/3.10.4/lib/python3.10/site-packages/airflow/example_dags/example_branch_day_of_week_operator.py for tasks to queue
[2023-05-07T22:49:49.746+0000] {logging_mixin.py:137} INFO - [2023-05-07T22:49:49.745+0000] {dagbag.py:538} INFO - Filling up the DagBag from /usr/local/python/3.10.4/lib/python3.10/site-packages/airflow/example_dags/example_branch_day_of_week_operator.py
[2023-05-07T22:49:49.761+0000] {processor.py:753} INFO - DAG(s) dict_keys(['example_weekday_branch_operator']) retrieved from /usr/local/python/3.10.4/lib/python3.10/site-packages/airflow/example_dags/example_branch_day_of_week_operator.py
[2023-05-07T22:49:49.777+0000] {logging_mixin.py:137} INFO - [2023-05-07T22:49:49.777+0000] {dag.py:2690} INFO - Sync 1 DAGs
[2023-05-07T22:49:49.795+0000] {logging_mixin.py:137} INFO - [2023-05-07T22:49:49.795+0000] {dag.py:3437} INFO - Setting next_dagrun for example_weekday_branch_operator to 2023-05-06T00:00:00+00:00, run_after=2023-05-07T00:00:00+00:00
[2023-05-07T22:49:49.834+0000] {processor.py:175} INFO - Processing /usr/local/python/3.10.4/lib/python3.10/site-packages/airflow/example_dags/example_branch_day_of_week_operator.py took 0.093 seconds
[2023-05-07T22:50:30.938+0000] {processor.py:153} INFO - Started process (PID=23275) to work on /usr/local/python/3.10.4/lib/python3.10/site-packages/airflow/example_dags/example_branch_day_of_week_operator.py
[2023-05-07T22:50:30.939+0000] {processor.py:743} INFO - Processing file /usr/local/python/3.10.4/lib/python3.10/site-packages/airflow/example_dags/example_branch_day_of_week_operator.py for tasks to queue
[2023-05-07T22:50:30.940+0000] {logging_mixin.py:137} INFO - [2023-05-07T22:50:30.940+0000] {dagbag.py:538} INFO - Filling up the DagBag from /usr/local/python/3.10.4/lib/python3.10/site-packages/airflow/example_dags/example_branch_day_of_week_operator.py
[2023-05-07T22:50:30.957+0000] {processor.py:753} INFO - DAG(s) dict_keys(['example_weekday_branch_operator']) retrieved from /usr/local/python/3.10.4/lib/python3.10/site-packages/airflow/example_dags/example_branch_day_of_week_operator.py
[2023-05-07T22:50:30.984+0000] {logging_mixin.py:137} INFO - [2023-05-07T22:50:30.984+0000] {dag.py:2690} INFO - Sync 1 DAGs
[2023-05-07T22:50:31.011+0000] {logging_mixin.py:137} INFO - [2023-05-07T22:50:31.011+0000] {dag.py:3437} INFO - Setting next_dagrun for example_weekday_branch_operator to 2023-05-06T00:00:00+00:00, run_after=2023-05-07T00:00:00+00:00
[2023-05-07T22:50:31.052+0000] {processor.py:175} INFO - Processing /usr/local/python/3.10.4/lib/python3.10/site-packages/airflow/example_dags/example_branch_day_of_week_operator.py took 0.116 seconds
[2023-05-07T22:51:16.630+0000] {processor.py:153} INFO - Started process (PID=23699) to work on /usr/local/python/3.10.4/lib/python3.10/site-packages/airflow/example_dags/example_branch_day_of_week_operator.py
[2023-05-07T22:51:16.631+0000] {processor.py:743} INFO - Processing file /usr/local/python/3.10.4/lib/python3.10/site-packages/airflow/example_dags/example_branch_day_of_week_operator.py for tasks to queue
[2023-05-07T22:51:16.632+0000] {logging_mixin.py:137} INFO - [2023-05-07T22:51:16.632+0000] {dagbag.py:538} INFO - Filling up the DagBag from /usr/local/python/3.10.4/lib/python3.10/site-packages/airflow/example_dags/example_branch_day_of_week_operator.py
[2023-05-07T22:51:16.647+0000] {processor.py:753} INFO - DAG(s) dict_keys(['example_weekday_branch_operator']) retrieved from /usr/local/python/3.10.4/lib/python3.10/site-packages/airflow/example_dags/example_branch_day_of_week_operator.py
[2023-05-07T22:51:16.664+0000] {logging_mixin.py:137} INFO - [2023-05-07T22:51:16.664+0000] {dag.py:2690} INFO - Sync 1 DAGs
[2023-05-07T22:51:16.682+0000] {logging_mixin.py:137} INFO - [2023-05-07T22:51:16.682+0000] {dag.py:3437} INFO - Setting next_dagrun for example_weekday_branch_operator to 2023-05-06T00:00:00+00:00, run_after=2023-05-07T00:00:00+00:00
[2023-05-07T22:51:16.724+0000] {processor.py:175} INFO - Processing /usr/local/python/3.10.4/lib/python3.10/site-packages/airflow/example_dags/example_branch_day_of_week_operator.py took 0.096 seconds
[2023-05-07T22:51:57.402+0000] {processor.py:153} INFO - Started process (PID=23949) to work on /usr/local/python/3.10.4/lib/python3.10/site-packages/airflow/example_dags/example_branch_day_of_week_operator.py
[2023-05-07T22:51:57.403+0000] {processor.py:743} INFO - Processing file /usr/local/python/3.10.4/lib/python3.10/site-packages/airflow/example_dags/example_branch_day_of_week_operator.py for tasks to queue
[2023-05-07T22:51:57.404+0000] {logging_mixin.py:137} INFO - [2023-05-07T22:51:57.404+0000] {dagbag.py:538} INFO - Filling up the DagBag from /usr/local/python/3.10.4/lib/python3.10/site-packages/airflow/example_dags/example_branch_day_of_week_operator.py
[2023-05-07T22:51:57.418+0000] {processor.py:753} INFO - DAG(s) dict_keys(['example_weekday_branch_operator']) retrieved from /usr/local/python/3.10.4/lib/python3.10/site-packages/airflow/example_dags/example_branch_day_of_week_operator.py
[2023-05-07T22:51:57.434+0000] {logging_mixin.py:137} INFO - [2023-05-07T22:51:57.434+0000] {dag.py:2690} INFO - Sync 1 DAGs
[2023-05-07T22:51:57.452+0000] {logging_mixin.py:137} INFO - [2023-05-07T22:51:57.452+0000] {dag.py:3437} INFO - Setting next_dagrun for example_weekday_branch_operator to 2023-05-06T00:00:00+00:00, run_after=2023-05-07T00:00:00+00:00
[2023-05-07T22:51:57.492+0000] {processor.py:175} INFO - Processing /usr/local/python/3.10.4/lib/python3.10/site-packages/airflow/example_dags/example_branch_day_of_week_operator.py took 0.094 seconds
[2023-05-07T22:52:40.729+0000] {processor.py:153} INFO - Started process (PID=24092) to work on /usr/local/python/3.10.4/lib/python3.10/site-packages/airflow/example_dags/example_branch_day_of_week_operator.py
[2023-05-07T22:52:40.729+0000] {processor.py:743} INFO - Processing file /usr/local/python/3.10.4/lib/python3.10/site-packages/airflow/example_dags/example_branch_day_of_week_operator.py for tasks to queue
[2023-05-07T22:52:40.730+0000] {logging_mixin.py:137} INFO - [2023-05-07T22:52:40.730+0000] {dagbag.py:538} INFO - Filling up the DagBag from /usr/local/python/3.10.4/lib/python3.10/site-packages/airflow/example_dags/example_branch_day_of_week_operator.py
[2023-05-07T22:52:40.745+0000] {processor.py:753} INFO - DAG(s) dict_keys(['example_weekday_branch_operator']) retrieved from /usr/local/python/3.10.4/lib/python3.10/site-packages/airflow/example_dags/example_branch_day_of_week_operator.py
[2023-05-07T22:52:40.761+0000] {logging_mixin.py:137} INFO - [2023-05-07T22:52:40.761+0000] {dag.py:2690} INFO - Sync 1 DAGs
[2023-05-07T22:52:40.780+0000] {logging_mixin.py:137} INFO - [2023-05-07T22:52:40.780+0000] {dag.py:3437} INFO - Setting next_dagrun for example_weekday_branch_operator to 2023-05-06T00:00:00+00:00, run_after=2023-05-07T00:00:00+00:00
[2023-05-07T22:52:40.820+0000] {processor.py:175} INFO - Processing /usr/local/python/3.10.4/lib/python3.10/site-packages/airflow/example_dags/example_branch_day_of_week_operator.py took 0.094 seconds
[2023-05-07T22:53:23.017+0000] {processor.py:153} INFO - Started process (PID=25142) to work on /usr/local/python/3.10.4/lib/python3.10/site-packages/airflow/example_dags/example_branch_day_of_week_operator.py
[2023-05-07T22:53:23.018+0000] {processor.py:743} INFO - Processing file /usr/local/python/3.10.4/lib/python3.10/site-packages/airflow/example_dags/example_branch_day_of_week_operator.py for tasks to queue
[2023-05-07T22:53:23.019+0000] {logging_mixin.py:137} INFO - [2023-05-07T22:53:23.019+0000] {dagbag.py:538} INFO - Filling up the DagBag from /usr/local/python/3.10.4/lib/python3.10/site-packages/airflow/example_dags/example_branch_day_of_week_operator.py
[2023-05-07T22:53:23.034+0000] {processor.py:753} INFO - DAG(s) dict_keys(['example_weekday_branch_operator']) retrieved from /usr/local/python/3.10.4/lib/python3.10/site-packages/airflow/example_dags/example_branch_day_of_week_operator.py
[2023-05-07T22:53:23.050+0000] {logging_mixin.py:137} INFO - [2023-05-07T22:53:23.050+0000] {dag.py:2690} INFO - Sync 1 DAGs
[2023-05-07T22:53:23.069+0000] {logging_mixin.py:137} INFO - [2023-05-07T22:53:23.068+0000] {dag.py:3437} INFO - Setting next_dagrun for example_weekday_branch_operator to 2023-05-06T00:00:00+00:00, run_after=2023-05-07T00:00:00+00:00
[2023-05-07T22:53:23.110+0000] {processor.py:175} INFO - Processing /usr/local/python/3.10.4/lib/python3.10/site-packages/airflow/example_dags/example_branch_day_of_week_operator.py took 0.096 seconds
[2023-05-07T22:54:08.827+0000] {processor.py:153} INFO - Started process (PID=25515) to work on /usr/local/python/3.10.4/lib/python3.10/site-packages/airflow/example_dags/example_branch_day_of_week_operator.py
[2023-05-07T22:54:08.828+0000] {processor.py:743} INFO - Processing file /usr/local/python/3.10.4/lib/python3.10/site-packages/airflow/example_dags/example_branch_day_of_week_operator.py for tasks to queue
[2023-05-07T22:54:08.829+0000] {logging_mixin.py:137} INFO - [2023-05-07T22:54:08.829+0000] {dagbag.py:538} INFO - Filling up the DagBag from /usr/local/python/3.10.4/lib/python3.10/site-packages/airflow/example_dags/example_branch_day_of_week_operator.py
[2023-05-07T22:54:08.844+0000] {processor.py:753} INFO - DAG(s) dict_keys(['example_weekday_branch_operator']) retrieved from /usr/local/python/3.10.4/lib/python3.10/site-packages/airflow/example_dags/example_branch_day_of_week_operator.py
[2023-05-07T22:54:08.862+0000] {logging_mixin.py:137} INFO - [2023-05-07T22:54:08.862+0000] {dag.py:2690} INFO - Sync 1 DAGs
[2023-05-07T22:54:08.880+0000] {logging_mixin.py:137} INFO - [2023-05-07T22:54:08.880+0000] {dag.py:3437} INFO - Setting next_dagrun for example_weekday_branch_operator to 2023-05-06T00:00:00+00:00, run_after=2023-05-07T00:00:00+00:00
[2023-05-07T22:54:08.922+0000] {processor.py:175} INFO - Processing /usr/local/python/3.10.4/lib/python3.10/site-packages/airflow/example_dags/example_branch_day_of_week_operator.py took 0.098 seconds
[2023-05-07T22:54:51.947+0000] {processor.py:153} INFO - Started process (PID=25858) to work on /usr/local/python/3.10.4/lib/python3.10/site-packages/airflow/example_dags/example_branch_day_of_week_operator.py
[2023-05-07T22:54:51.948+0000] {processor.py:743} INFO - Processing file /usr/local/python/3.10.4/lib/python3.10/site-packages/airflow/example_dags/example_branch_day_of_week_operator.py for tasks to queue
[2023-05-07T22:54:51.949+0000] {logging_mixin.py:137} INFO - [2023-05-07T22:54:51.949+0000] {dagbag.py:538} INFO - Filling up the DagBag from /usr/local/python/3.10.4/lib/python3.10/site-packages/airflow/example_dags/example_branch_day_of_week_operator.py
[2023-05-07T22:54:51.965+0000] {processor.py:753} INFO - DAG(s) dict_keys(['example_weekday_branch_operator']) retrieved from /usr/local/python/3.10.4/lib/python3.10/site-packages/airflow/example_dags/example_branch_day_of_week_operator.py
[2023-05-07T22:54:51.981+0000] {logging_mixin.py:137} INFO - [2023-05-07T22:54:51.981+0000] {dag.py:2690} INFO - Sync 1 DAGs
[2023-05-07T22:54:51.999+0000] {logging_mixin.py:137} INFO - [2023-05-07T22:54:51.999+0000] {dag.py:3437} INFO - Setting next_dagrun for example_weekday_branch_operator to 2023-05-06T00:00:00+00:00, run_after=2023-05-07T00:00:00+00:00
[2023-05-07T22:54:52.054+0000] {processor.py:175} INFO - Processing /usr/local/python/3.10.4/lib/python3.10/site-packages/airflow/example_dags/example_branch_day_of_week_operator.py took 0.109 seconds
[2023-05-07T22:55:40.497+0000] {processor.py:153} INFO - Started process (PID=26182) to work on /usr/local/python/3.10.4/lib/python3.10/site-packages/airflow/example_dags/example_branch_day_of_week_operator.py
[2023-05-07T22:55:40.498+0000] {processor.py:743} INFO - Processing file /usr/local/python/3.10.4/lib/python3.10/site-packages/airflow/example_dags/example_branch_day_of_week_operator.py for tasks to queue
[2023-05-07T22:55:40.499+0000] {logging_mixin.py:137} INFO - [2023-05-07T22:55:40.499+0000] {dagbag.py:538} INFO - Filling up the DagBag from /usr/local/python/3.10.4/lib/python3.10/site-packages/airflow/example_dags/example_branch_day_of_week_operator.py
[2023-05-07T22:55:40.515+0000] {processor.py:753} INFO - DAG(s) dict_keys(['example_weekday_branch_operator']) retrieved from /usr/local/python/3.10.4/lib/python3.10/site-packages/airflow/example_dags/example_branch_day_of_week_operator.py
[2023-05-07T22:55:40.531+0000] {logging_mixin.py:137} INFO - [2023-05-07T22:55:40.531+0000] {dag.py:2690} INFO - Sync 1 DAGs
[2023-05-07T22:55:40.549+0000] {logging_mixin.py:137} INFO - [2023-05-07T22:55:40.549+0000] {dag.py:3437} INFO - Setting next_dagrun for example_weekday_branch_operator to 2023-05-06T00:00:00+00:00, run_after=2023-05-07T00:00:00+00:00
[2023-05-07T22:55:40.591+0000] {processor.py:175} INFO - Processing /usr/local/python/3.10.4/lib/python3.10/site-packages/airflow/example_dags/example_branch_day_of_week_operator.py took 0.097 seconds
[2023-05-07T22:56:24.925+0000] {processor.py:153} INFO - Started process (PID=26501) to work on /usr/local/python/3.10.4/lib/python3.10/site-packages/airflow/example_dags/example_branch_day_of_week_operator.py
[2023-05-07T22:56:24.926+0000] {processor.py:743} INFO - Processing file /usr/local/python/3.10.4/lib/python3.10/site-packages/airflow/example_dags/example_branch_day_of_week_operator.py for tasks to queue
[2023-05-07T22:56:24.927+0000] {logging_mixin.py:137} INFO - [2023-05-07T22:56:24.926+0000] {dagbag.py:538} INFO - Filling up the DagBag from /usr/local/python/3.10.4/lib/python3.10/site-packages/airflow/example_dags/example_branch_day_of_week_operator.py
[2023-05-07T22:56:24.942+0000] {processor.py:753} INFO - DAG(s) dict_keys(['example_weekday_branch_operator']) retrieved from /usr/local/python/3.10.4/lib/python3.10/site-packages/airflow/example_dags/example_branch_day_of_week_operator.py
[2023-05-07T22:56:24.958+0000] {logging_mixin.py:137} INFO - [2023-05-07T22:56:24.958+0000] {dag.py:2690} INFO - Sync 1 DAGs
[2023-05-07T22:56:24.976+0000] {logging_mixin.py:137} INFO - [2023-05-07T22:56:24.976+0000] {dag.py:3437} INFO - Setting next_dagrun for example_weekday_branch_operator to 2023-05-06T00:00:00+00:00, run_after=2023-05-07T00:00:00+00:00
[2023-05-07T22:56:25.018+0000] {processor.py:175} INFO - Processing /usr/local/python/3.10.4/lib/python3.10/site-packages/airflow/example_dags/example_branch_day_of_week_operator.py took 0.096 seconds
[2023-05-07T22:57:07.524+0000] {processor.py:153} INFO - Started process (PID=26798) to work on /usr/local/python/3.10.4/lib/python3.10/site-packages/airflow/example_dags/example_branch_day_of_week_operator.py
[2023-05-07T22:57:07.525+0000] {processor.py:743} INFO - Processing file /usr/local/python/3.10.4/lib/python3.10/site-packages/airflow/example_dags/example_branch_day_of_week_operator.py for tasks to queue
[2023-05-07T22:57:07.526+0000] {logging_mixin.py:137} INFO - [2023-05-07T22:57:07.525+0000] {dagbag.py:538} INFO - Filling up the DagBag from /usr/local/python/3.10.4/lib/python3.10/site-packages/airflow/example_dags/example_branch_day_of_week_operator.py
[2023-05-07T22:57:07.540+0000] {processor.py:753} INFO - DAG(s) dict_keys(['example_weekday_branch_operator']) retrieved from /usr/local/python/3.10.4/lib/python3.10/site-packages/airflow/example_dags/example_branch_day_of_week_operator.py
[2023-05-07T22:57:07.557+0000] {logging_mixin.py:137} INFO - [2023-05-07T22:57:07.557+0000] {dag.py:2690} INFO - Sync 1 DAGs
[2023-05-07T22:57:07.576+0000] {logging_mixin.py:137} INFO - [2023-05-07T22:57:07.576+0000] {dag.py:3437} INFO - Setting next_dagrun for example_weekday_branch_operator to 2023-05-06T00:00:00+00:00, run_after=2023-05-07T00:00:00+00:00
[2023-05-07T22:57:07.616+0000] {processor.py:175} INFO - Processing /usr/local/python/3.10.4/lib/python3.10/site-packages/airflow/example_dags/example_branch_day_of_week_operator.py took 0.096 seconds
[2023-05-07T22:57:48.721+0000] {processor.py:153} INFO - Started process (PID=27094) to work on /usr/local/python/3.10.4/lib/python3.10/site-packages/airflow/example_dags/example_branch_day_of_week_operator.py
[2023-05-07T22:57:48.722+0000] {processor.py:743} INFO - Processing file /usr/local/python/3.10.4/lib/python3.10/site-packages/airflow/example_dags/example_branch_day_of_week_operator.py for tasks to queue
[2023-05-07T22:57:48.723+0000] {logging_mixin.py:137} INFO - [2023-05-07T22:57:48.722+0000] {dagbag.py:538} INFO - Filling up the DagBag from /usr/local/python/3.10.4/lib/python3.10/site-packages/airflow/example_dags/example_branch_day_of_week_operator.py
[2023-05-07T22:57:48.737+0000] {processor.py:753} INFO - DAG(s) dict_keys(['example_weekday_branch_operator']) retrieved from /usr/local/python/3.10.4/lib/python3.10/site-packages/airflow/example_dags/example_branch_day_of_week_operator.py
[2023-05-07T22:57:48.754+0000] {logging_mixin.py:137} INFO - [2023-05-07T22:57:48.754+0000] {dag.py:2690} INFO - Sync 1 DAGs
[2023-05-07T22:57:48.773+0000] {logging_mixin.py:137} INFO - [2023-05-07T22:57:48.772+0000] {dag.py:3437} INFO - Setting next_dagrun for example_weekday_branch_operator to 2023-05-06T00:00:00+00:00, run_after=2023-05-07T00:00:00+00:00
[2023-05-07T22:57:48.823+0000] {processor.py:175} INFO - Processing /usr/local/python/3.10.4/lib/python3.10/site-packages/airflow/example_dags/example_branch_day_of_week_operator.py took 0.105 seconds
