[2023-05-07T22:22:11.085+0000] {processor.py:153} INFO - Started process (PID=9827) to work on /usr/local/python/3.10.4/lib/python3.10/site-packages/airflow/example_dags/example_external_task_marker_dag.py
[2023-05-07T22:22:11.086+0000] {processor.py:743} INFO - Processing file /usr/local/python/3.10.4/lib/python3.10/site-packages/airflow/example_dags/example_external_task_marker_dag.py for tasks to queue
[2023-05-07T22:22:11.086+0000] {logging_mixin.py:137} INFO - [2023-05-07T22:22:11.086+0000] {dagbag.py:538} INFO - Filling up the DagBag from /usr/local/python/3.10.4/lib/python3.10/site-packages/airflow/example_dags/example_external_task_marker_dag.py
[2023-05-07T22:22:11.100+0000] {processor.py:753} INFO - DAG(s) dict_keys(['example_external_task_marker_child', 'example_external_task_marker_parent']) retrieved from /usr/local/python/3.10.4/lib/python3.10/site-packages/airflow/example_dags/example_external_task_marker_dag.py
[2023-05-07T22:22:11.240+0000] {logging_mixin.py:137} INFO - [2023-05-07T22:22:11.240+0000] {manager.py:504} INFO - Created Permission View: can edit on DAG:example_external_task_marker_child
[2023-05-07T22:22:11.286+0000] {logging_mixin.py:137} INFO - [2023-05-07T22:22:11.285+0000] {manager.py:504} INFO - Created Permission View: can delete on DAG:example_external_task_marker_child
[2023-05-07T22:22:11.318+0000] {logging_mixin.py:137} INFO - [2023-05-07T22:22:11.318+0000] {manager.py:504} INFO - Created Permission View: can read on DAG:example_external_task_marker_child
[2023-05-07T22:22:11.387+0000] {logging_mixin.py:137} INFO - [2023-05-07T22:22:11.387+0000] {manager.py:504} INFO - Created Permission View: can edit on DAG:example_external_task_marker_parent
[2023-05-07T22:22:11.418+0000] {logging_mixin.py:137} INFO - [2023-05-07T22:22:11.418+0000] {manager.py:504} INFO - Created Permission View: can delete on DAG:example_external_task_marker_parent
[2023-05-07T22:22:11.451+0000] {logging_mixin.py:137} INFO - [2023-05-07T22:22:11.451+0000] {manager.py:504} INFO - Created Permission View: can read on DAG:example_external_task_marker_parent
[2023-05-07T22:22:11.451+0000] {logging_mixin.py:137} INFO - [2023-05-07T22:22:11.451+0000] {dag.py:2690} INFO - Sync 2 DAGs
[2023-05-07T22:22:11.460+0000] {logging_mixin.py:137} INFO - [2023-05-07T22:22:11.460+0000] {dag.py:2711} INFO - Creating ORM DAG for example_external_task_marker_child
[2023-05-07T22:22:11.461+0000] {logging_mixin.py:137} INFO - [2023-05-07T22:22:11.461+0000] {dag.py:2711} INFO - Creating ORM DAG for example_external_task_marker_parent
[2023-05-07T22:22:11.469+0000] {logging_mixin.py:137} INFO - [2023-05-07T22:22:11.469+0000] {dag.py:3437} INFO - Setting next_dagrun for example_external_task_marker_child to None, run_after=None
[2023-05-07T22:22:11.469+0000] {logging_mixin.py:137} INFO - [2023-05-07T22:22:11.469+0000] {dag.py:3437} INFO - Setting next_dagrun for example_external_task_marker_parent to None, run_after=None
[2023-05-07T22:22:11.524+0000] {processor.py:175} INFO - Processing /usr/local/python/3.10.4/lib/python3.10/site-packages/airflow/example_dags/example_external_task_marker_dag.py took 0.442 seconds
[2023-05-07T22:22:57.710+0000] {processor.py:153} INFO - Started process (PID=10170) to work on /usr/local/python/3.10.4/lib/python3.10/site-packages/airflow/example_dags/example_external_task_marker_dag.py
[2023-05-07T22:22:57.711+0000] {processor.py:743} INFO - Processing file /usr/local/python/3.10.4/lib/python3.10/site-packages/airflow/example_dags/example_external_task_marker_dag.py for tasks to queue
[2023-05-07T22:22:57.712+0000] {logging_mixin.py:137} INFO - [2023-05-07T22:22:57.712+0000] {dagbag.py:538} INFO - Filling up the DagBag from /usr/local/python/3.10.4/lib/python3.10/site-packages/airflow/example_dags/example_external_task_marker_dag.py
[2023-05-07T22:22:57.725+0000] {processor.py:753} INFO - DAG(s) dict_keys(['example_external_task_marker_parent', 'example_external_task_marker_child']) retrieved from /usr/local/python/3.10.4/lib/python3.10/site-packages/airflow/example_dags/example_external_task_marker_dag.py
[2023-05-07T22:22:57.743+0000] {logging_mixin.py:137} INFO - [2023-05-07T22:22:57.743+0000] {dag.py:2690} INFO - Sync 2 DAGs
[2023-05-07T22:22:57.759+0000] {logging_mixin.py:137} INFO - [2023-05-07T22:22:57.759+0000] {dag.py:3437} INFO - Setting next_dagrun for example_external_task_marker_child to None, run_after=None
[2023-05-07T22:22:57.762+0000] {logging_mixin.py:137} INFO - [2023-05-07T22:22:57.762+0000] {dag.py:3437} INFO - Setting next_dagrun for example_external_task_marker_parent to None, run_after=None
[2023-05-07T22:22:57.802+0000] {processor.py:175} INFO - Processing /usr/local/python/3.10.4/lib/python3.10/site-packages/airflow/example_dags/example_external_task_marker_dag.py took 0.095 seconds
[2023-05-07T22:23:38.047+0000] {processor.py:153} INFO - Started process (PID=10556) to work on /usr/local/python/3.10.4/lib/python3.10/site-packages/airflow/example_dags/example_external_task_marker_dag.py
[2023-05-07T22:23:38.048+0000] {processor.py:743} INFO - Processing file /usr/local/python/3.10.4/lib/python3.10/site-packages/airflow/example_dags/example_external_task_marker_dag.py for tasks to queue
[2023-05-07T22:23:38.049+0000] {logging_mixin.py:137} INFO - [2023-05-07T22:23:38.048+0000] {dagbag.py:538} INFO - Filling up the DagBag from /usr/local/python/3.10.4/lib/python3.10/site-packages/airflow/example_dags/example_external_task_marker_dag.py
[2023-05-07T22:23:38.061+0000] {processor.py:753} INFO - DAG(s) dict_keys(['example_external_task_marker_child', 'example_external_task_marker_parent']) retrieved from /usr/local/python/3.10.4/lib/python3.10/site-packages/airflow/example_dags/example_external_task_marker_dag.py
[2023-05-07T22:23:38.080+0000] {logging_mixin.py:137} INFO - [2023-05-07T22:23:38.080+0000] {dag.py:2690} INFO - Sync 2 DAGs
[2023-05-07T22:23:38.097+0000] {logging_mixin.py:137} INFO - [2023-05-07T22:23:38.097+0000] {dag.py:3437} INFO - Setting next_dagrun for example_external_task_marker_child to None, run_after=None
[2023-05-07T22:23:38.099+0000] {logging_mixin.py:137} INFO - [2023-05-07T22:23:38.099+0000] {dag.py:3437} INFO - Setting next_dagrun for example_external_task_marker_parent to None, run_after=None
[2023-05-07T22:23:38.142+0000] {processor.py:175} INFO - Processing /usr/local/python/3.10.4/lib/python3.10/site-packages/airflow/example_dags/example_external_task_marker_dag.py took 0.099 seconds
[2023-05-07T22:24:16.336+0000] {processor.py:153} INFO - Started process (PID=10825) to work on /usr/local/python/3.10.4/lib/python3.10/site-packages/airflow/example_dags/example_external_task_marker_dag.py
[2023-05-07T22:24:16.336+0000] {processor.py:743} INFO - Processing file /usr/local/python/3.10.4/lib/python3.10/site-packages/airflow/example_dags/example_external_task_marker_dag.py for tasks to queue
[2023-05-07T22:24:16.337+0000] {logging_mixin.py:137} INFO - [2023-05-07T22:24:16.337+0000] {dagbag.py:538} INFO - Filling up the DagBag from /usr/local/python/3.10.4/lib/python3.10/site-packages/airflow/example_dags/example_external_task_marker_dag.py
[2023-05-07T22:24:16.351+0000] {processor.py:753} INFO - DAG(s) dict_keys(['example_external_task_marker_parent', 'example_external_task_marker_child']) retrieved from /usr/local/python/3.10.4/lib/python3.10/site-packages/airflow/example_dags/example_external_task_marker_dag.py
[2023-05-07T22:24:16.369+0000] {logging_mixin.py:137} INFO - [2023-05-07T22:24:16.369+0000] {dag.py:2690} INFO - Sync 2 DAGs
[2023-05-07T22:24:16.385+0000] {logging_mixin.py:137} INFO - [2023-05-07T22:24:16.385+0000] {dag.py:3437} INFO - Setting next_dagrun for example_external_task_marker_child to None, run_after=None
[2023-05-07T22:24:16.388+0000] {logging_mixin.py:137} INFO - [2023-05-07T22:24:16.387+0000] {dag.py:3437} INFO - Setting next_dagrun for example_external_task_marker_parent to None, run_after=None
[2023-05-07T22:24:16.426+0000] {processor.py:175} INFO - Processing /usr/local/python/3.10.4/lib/python3.10/site-packages/airflow/example_dags/example_external_task_marker_dag.py took 0.094 seconds
[2023-05-07T22:25:04.509+0000] {processor.py:153} INFO - Started process (PID=11222) to work on /usr/local/python/3.10.4/lib/python3.10/site-packages/airflow/example_dags/example_external_task_marker_dag.py
[2023-05-07T22:25:04.510+0000] {processor.py:743} INFO - Processing file /usr/local/python/3.10.4/lib/python3.10/site-packages/airflow/example_dags/example_external_task_marker_dag.py for tasks to queue
[2023-05-07T22:25:04.510+0000] {logging_mixin.py:137} INFO - [2023-05-07T22:25:04.510+0000] {dagbag.py:538} INFO - Filling up the DagBag from /usr/local/python/3.10.4/lib/python3.10/site-packages/airflow/example_dags/example_external_task_marker_dag.py
[2023-05-07T22:25:04.524+0000] {processor.py:753} INFO - DAG(s) dict_keys(['example_external_task_marker_parent', 'example_external_task_marker_child']) retrieved from /usr/local/python/3.10.4/lib/python3.10/site-packages/airflow/example_dags/example_external_task_marker_dag.py
[2023-05-07T22:25:04.542+0000] {logging_mixin.py:137} INFO - [2023-05-07T22:25:04.542+0000] {dag.py:2690} INFO - Sync 2 DAGs
[2023-05-07T22:25:04.558+0000] {logging_mixin.py:137} INFO - [2023-05-07T22:25:04.558+0000] {dag.py:3437} INFO - Setting next_dagrun for example_external_task_marker_child to None, run_after=None
[2023-05-07T22:25:04.561+0000] {logging_mixin.py:137} INFO - [2023-05-07T22:25:04.561+0000] {dag.py:3437} INFO - Setting next_dagrun for example_external_task_marker_parent to None, run_after=None
[2023-05-07T22:25:04.603+0000] {processor.py:175} INFO - Processing /usr/local/python/3.10.4/lib/python3.10/site-packages/airflow/example_dags/example_external_task_marker_dag.py took 0.097 seconds
[2023-05-07T22:25:42.425+0000] {processor.py:153} INFO - Started process (PID=11505) to work on /usr/local/python/3.10.4/lib/python3.10/site-packages/airflow/example_dags/example_external_task_marker_dag.py
[2023-05-07T22:25:42.426+0000] {processor.py:743} INFO - Processing file /usr/local/python/3.10.4/lib/python3.10/site-packages/airflow/example_dags/example_external_task_marker_dag.py for tasks to queue
[2023-05-07T22:25:42.427+0000] {logging_mixin.py:137} INFO - [2023-05-07T22:25:42.427+0000] {dagbag.py:538} INFO - Filling up the DagBag from /usr/local/python/3.10.4/lib/python3.10/site-packages/airflow/example_dags/example_external_task_marker_dag.py
[2023-05-07T22:25:42.440+0000] {processor.py:753} INFO - DAG(s) dict_keys(['example_external_task_marker_child', 'example_external_task_marker_parent']) retrieved from /usr/local/python/3.10.4/lib/python3.10/site-packages/airflow/example_dags/example_external_task_marker_dag.py
[2023-05-07T22:25:42.458+0000] {logging_mixin.py:137} INFO - [2023-05-07T22:25:42.458+0000] {dag.py:2690} INFO - Sync 2 DAGs
[2023-05-07T22:25:42.474+0000] {logging_mixin.py:137} INFO - [2023-05-07T22:25:42.474+0000] {dag.py:3437} INFO - Setting next_dagrun for example_external_task_marker_child to None, run_after=None
[2023-05-07T22:25:42.477+0000] {logging_mixin.py:137} INFO - [2023-05-07T22:25:42.477+0000] {dag.py:3437} INFO - Setting next_dagrun for example_external_task_marker_parent to None, run_after=None
[2023-05-07T22:25:42.518+0000] {processor.py:175} INFO - Processing /usr/local/python/3.10.4/lib/python3.10/site-packages/airflow/example_dags/example_external_task_marker_dag.py took 0.096 seconds
[2023-05-07T22:26:17.957+0000] {processor.py:153} INFO - Started process (PID=11753) to work on /usr/local/python/3.10.4/lib/python3.10/site-packages/airflow/example_dags/example_external_task_marker_dag.py
[2023-05-07T22:26:17.958+0000] {processor.py:743} INFO - Processing file /usr/local/python/3.10.4/lib/python3.10/site-packages/airflow/example_dags/example_external_task_marker_dag.py for tasks to queue
[2023-05-07T22:26:17.958+0000] {logging_mixin.py:137} INFO - [2023-05-07T22:26:17.958+0000] {dagbag.py:538} INFO - Filling up the DagBag from /usr/local/python/3.10.4/lib/python3.10/site-packages/airflow/example_dags/example_external_task_marker_dag.py
[2023-05-07T22:26:17.971+0000] {processor.py:753} INFO - DAG(s) dict_keys(['example_external_task_marker_parent', 'example_external_task_marker_child']) retrieved from /usr/local/python/3.10.4/lib/python3.10/site-packages/airflow/example_dags/example_external_task_marker_dag.py
[2023-05-07T22:26:17.990+0000] {logging_mixin.py:137} INFO - [2023-05-07T22:26:17.989+0000] {dag.py:2690} INFO - Sync 2 DAGs
[2023-05-07T22:26:18.007+0000] {logging_mixin.py:137} INFO - [2023-05-07T22:26:18.007+0000] {dag.py:3437} INFO - Setting next_dagrun for example_external_task_marker_child to None, run_after=None
[2023-05-07T22:26:18.010+0000] {logging_mixin.py:137} INFO - [2023-05-07T22:26:18.010+0000] {dag.py:3437} INFO - Setting next_dagrun for example_external_task_marker_parent to None, run_after=None
[2023-05-07T22:26:18.049+0000] {processor.py:175} INFO - Processing /usr/local/python/3.10.4/lib/python3.10/site-packages/airflow/example_dags/example_external_task_marker_dag.py took 0.095 seconds
[2023-05-07T22:26:59.700+0000] {processor.py:153} INFO - Started process (PID=12036) to work on /usr/local/python/3.10.4/lib/python3.10/site-packages/airflow/example_dags/example_external_task_marker_dag.py
[2023-05-07T22:26:59.701+0000] {processor.py:743} INFO - Processing file /usr/local/python/3.10.4/lib/python3.10/site-packages/airflow/example_dags/example_external_task_marker_dag.py for tasks to queue
[2023-05-07T22:26:59.702+0000] {logging_mixin.py:137} INFO - [2023-05-07T22:26:59.702+0000] {dagbag.py:538} INFO - Filling up the DagBag from /usr/local/python/3.10.4/lib/python3.10/site-packages/airflow/example_dags/example_external_task_marker_dag.py
[2023-05-07T22:26:59.715+0000] {processor.py:753} INFO - DAG(s) dict_keys(['example_external_task_marker_parent', 'example_external_task_marker_child']) retrieved from /usr/local/python/3.10.4/lib/python3.10/site-packages/airflow/example_dags/example_external_task_marker_dag.py
[2023-05-07T22:26:59.733+0000] {logging_mixin.py:137} INFO - [2023-05-07T22:26:59.732+0000] {dag.py:2690} INFO - Sync 2 DAGs
[2023-05-07T22:26:59.749+0000] {logging_mixin.py:137} INFO - [2023-05-07T22:26:59.749+0000] {dag.py:3437} INFO - Setting next_dagrun for example_external_task_marker_child to None, run_after=None
[2023-05-07T22:26:59.752+0000] {logging_mixin.py:137} INFO - [2023-05-07T22:26:59.752+0000] {dag.py:3437} INFO - Setting next_dagrun for example_external_task_marker_parent to None, run_after=None
[2023-05-07T22:26:59.791+0000] {processor.py:175} INFO - Processing /usr/local/python/3.10.4/lib/python3.10/site-packages/airflow/example_dags/example_external_task_marker_dag.py took 0.093 seconds
[2023-05-07T22:27:42.648+0000] {processor.py:153} INFO - Started process (PID=12324) to work on /usr/local/python/3.10.4/lib/python3.10/site-packages/airflow/example_dags/example_external_task_marker_dag.py
[2023-05-07T22:27:42.649+0000] {processor.py:743} INFO - Processing file /usr/local/python/3.10.4/lib/python3.10/site-packages/airflow/example_dags/example_external_task_marker_dag.py for tasks to queue
[2023-05-07T22:27:42.650+0000] {logging_mixin.py:137} INFO - [2023-05-07T22:27:42.650+0000] {dagbag.py:538} INFO - Filling up the DagBag from /usr/local/python/3.10.4/lib/python3.10/site-packages/airflow/example_dags/example_external_task_marker_dag.py
[2023-05-07T22:27:42.668+0000] {processor.py:753} INFO - DAG(s) dict_keys(['example_external_task_marker_child', 'example_external_task_marker_parent']) retrieved from /usr/local/python/3.10.4/lib/python3.10/site-packages/airflow/example_dags/example_external_task_marker_dag.py
[2023-05-07T22:27:42.698+0000] {logging_mixin.py:137} INFO - [2023-05-07T22:27:42.698+0000] {dag.py:2690} INFO - Sync 2 DAGs
[2023-05-07T22:27:42.720+0000] {logging_mixin.py:137} INFO - [2023-05-07T22:27:42.719+0000] {dag.py:3437} INFO - Setting next_dagrun for example_external_task_marker_child to None, run_after=None
[2023-05-07T22:27:42.722+0000] {logging_mixin.py:137} INFO - [2023-05-07T22:27:42.722+0000] {dag.py:3437} INFO - Setting next_dagrun for example_external_task_marker_parent to None, run_after=None
[2023-05-07T22:27:42.762+0000] {processor.py:175} INFO - Processing /usr/local/python/3.10.4/lib/python3.10/site-packages/airflow/example_dags/example_external_task_marker_dag.py took 0.118 seconds
[2023-05-07T22:28:25.533+0000] {processor.py:153} INFO - Started process (PID=12650) to work on /usr/local/python/3.10.4/lib/python3.10/site-packages/airflow/example_dags/example_external_task_marker_dag.py
[2023-05-07T22:28:25.533+0000] {processor.py:743} INFO - Processing file /usr/local/python/3.10.4/lib/python3.10/site-packages/airflow/example_dags/example_external_task_marker_dag.py for tasks to queue
[2023-05-07T22:28:25.534+0000] {logging_mixin.py:137} INFO - [2023-05-07T22:28:25.534+0000] {dagbag.py:538} INFO - Filling up the DagBag from /usr/local/python/3.10.4/lib/python3.10/site-packages/airflow/example_dags/example_external_task_marker_dag.py
[2023-05-07T22:28:25.549+0000] {processor.py:753} INFO - DAG(s) dict_keys(['example_external_task_marker_child', 'example_external_task_marker_parent']) retrieved from /usr/local/python/3.10.4/lib/python3.10/site-packages/airflow/example_dags/example_external_task_marker_dag.py
[2023-05-07T22:28:25.567+0000] {logging_mixin.py:137} INFO - [2023-05-07T22:28:25.567+0000] {dag.py:2690} INFO - Sync 2 DAGs
[2023-05-07T22:28:25.584+0000] {logging_mixin.py:137} INFO - [2023-05-07T22:28:25.584+0000] {dag.py:3437} INFO - Setting next_dagrun for example_external_task_marker_child to None, run_after=None
[2023-05-07T22:28:25.586+0000] {logging_mixin.py:137} INFO - [2023-05-07T22:28:25.586+0000] {dag.py:3437} INFO - Setting next_dagrun for example_external_task_marker_parent to None, run_after=None
[2023-05-07T22:28:25.626+0000] {processor.py:175} INFO - Processing /usr/local/python/3.10.4/lib/python3.10/site-packages/airflow/example_dags/example_external_task_marker_dag.py took 0.096 seconds
[2023-05-07T22:29:10.031+0000] {processor.py:153} INFO - Started process (PID=12942) to work on /usr/local/python/3.10.4/lib/python3.10/site-packages/airflow/example_dags/example_external_task_marker_dag.py
[2023-05-07T22:29:10.032+0000] {processor.py:743} INFO - Processing file /usr/local/python/3.10.4/lib/python3.10/site-packages/airflow/example_dags/example_external_task_marker_dag.py for tasks to queue
[2023-05-07T22:29:10.033+0000] {logging_mixin.py:137} INFO - [2023-05-07T22:29:10.032+0000] {dagbag.py:538} INFO - Filling up the DagBag from /usr/local/python/3.10.4/lib/python3.10/site-packages/airflow/example_dags/example_external_task_marker_dag.py
[2023-05-07T22:29:10.051+0000] {processor.py:753} INFO - DAG(s) dict_keys(['example_external_task_marker_parent', 'example_external_task_marker_child']) retrieved from /usr/local/python/3.10.4/lib/python3.10/site-packages/airflow/example_dags/example_external_task_marker_dag.py
[2023-05-07T22:29:10.070+0000] {logging_mixin.py:137} INFO - [2023-05-07T22:29:10.070+0000] {dag.py:2690} INFO - Sync 2 DAGs
[2023-05-07T22:29:10.086+0000] {logging_mixin.py:137} INFO - [2023-05-07T22:29:10.086+0000] {dag.py:3437} INFO - Setting next_dagrun for example_external_task_marker_child to None, run_after=None
[2023-05-07T22:29:10.089+0000] {logging_mixin.py:137} INFO - [2023-05-07T22:29:10.089+0000] {dag.py:3437} INFO - Setting next_dagrun for example_external_task_marker_parent to None, run_after=None
[2023-05-07T22:29:10.141+0000] {processor.py:175} INFO - Processing /usr/local/python/3.10.4/lib/python3.10/site-packages/airflow/example_dags/example_external_task_marker_dag.py took 0.112 seconds
[2023-05-07T22:29:53.264+0000] {processor.py:153} INFO - Started process (PID=13239) to work on /usr/local/python/3.10.4/lib/python3.10/site-packages/airflow/example_dags/example_external_task_marker_dag.py
[2023-05-07T22:29:53.265+0000] {processor.py:743} INFO - Processing file /usr/local/python/3.10.4/lib/python3.10/site-packages/airflow/example_dags/example_external_task_marker_dag.py for tasks to queue
[2023-05-07T22:29:53.266+0000] {logging_mixin.py:137} INFO - [2023-05-07T22:29:53.266+0000] {dagbag.py:538} INFO - Filling up the DagBag from /usr/local/python/3.10.4/lib/python3.10/site-packages/airflow/example_dags/example_external_task_marker_dag.py
[2023-05-07T22:29:53.279+0000] {processor.py:753} INFO - DAG(s) dict_keys(['example_external_task_marker_child', 'example_external_task_marker_parent']) retrieved from /usr/local/python/3.10.4/lib/python3.10/site-packages/airflow/example_dags/example_external_task_marker_dag.py
[2023-05-07T22:29:53.296+0000] {logging_mixin.py:137} INFO - [2023-05-07T22:29:53.296+0000] {dag.py:2690} INFO - Sync 2 DAGs
[2023-05-07T22:29:53.313+0000] {logging_mixin.py:137} INFO - [2023-05-07T22:29:53.313+0000] {dag.py:3437} INFO - Setting next_dagrun for example_external_task_marker_child to None, run_after=None
[2023-05-07T22:29:53.316+0000] {logging_mixin.py:137} INFO - [2023-05-07T22:29:53.315+0000] {dag.py:3437} INFO - Setting next_dagrun for example_external_task_marker_parent to None, run_after=None
[2023-05-07T22:29:53.357+0000] {processor.py:175} INFO - Processing /usr/local/python/3.10.4/lib/python3.10/site-packages/airflow/example_dags/example_external_task_marker_dag.py took 0.096 seconds
[2023-05-07T22:30:33.962+0000] {processor.py:153} INFO - Started process (PID=13519) to work on /usr/local/python/3.10.4/lib/python3.10/site-packages/airflow/example_dags/example_external_task_marker_dag.py
[2023-05-07T22:30:33.963+0000] {processor.py:743} INFO - Processing file /usr/local/python/3.10.4/lib/python3.10/site-packages/airflow/example_dags/example_external_task_marker_dag.py for tasks to queue
[2023-05-07T22:30:33.964+0000] {logging_mixin.py:137} INFO - [2023-05-07T22:30:33.964+0000] {dagbag.py:538} INFO - Filling up the DagBag from /usr/local/python/3.10.4/lib/python3.10/site-packages/airflow/example_dags/example_external_task_marker_dag.py
[2023-05-07T22:30:33.978+0000] {processor.py:753} INFO - DAG(s) dict_keys(['example_external_task_marker_parent', 'example_external_task_marker_child']) retrieved from /usr/local/python/3.10.4/lib/python3.10/site-packages/airflow/example_dags/example_external_task_marker_dag.py
[2023-05-07T22:30:33.996+0000] {logging_mixin.py:137} INFO - [2023-05-07T22:30:33.996+0000] {dag.py:2690} INFO - Sync 2 DAGs
[2023-05-07T22:30:34.020+0000] {logging_mixin.py:137} INFO - [2023-05-07T22:30:34.020+0000] {dag.py:3437} INFO - Setting next_dagrun for example_external_task_marker_child to None, run_after=None
[2023-05-07T22:30:34.134+0000] {logging_mixin.py:137} INFO - [2023-05-07T22:30:34.133+0000] {dag.py:3437} INFO - Setting next_dagrun for example_external_task_marker_parent to None, run_after=None
[2023-05-07T22:30:34.174+0000] {processor.py:175} INFO - Processing /usr/local/python/3.10.4/lib/python3.10/site-packages/airflow/example_dags/example_external_task_marker_dag.py took 0.214 seconds
[2023-05-07T22:31:23.817+0000] {processor.py:153} INFO - Started process (PID=13861) to work on /usr/local/python/3.10.4/lib/python3.10/site-packages/airflow/example_dags/example_external_task_marker_dag.py
[2023-05-07T22:31:23.817+0000] {processor.py:743} INFO - Processing file /usr/local/python/3.10.4/lib/python3.10/site-packages/airflow/example_dags/example_external_task_marker_dag.py for tasks to queue
[2023-05-07T22:31:23.818+0000] {logging_mixin.py:137} INFO - [2023-05-07T22:31:23.818+0000] {dagbag.py:538} INFO - Filling up the DagBag from /usr/local/python/3.10.4/lib/python3.10/site-packages/airflow/example_dags/example_external_task_marker_dag.py
[2023-05-07T22:31:23.831+0000] {processor.py:753} INFO - DAG(s) dict_keys(['example_external_task_marker_parent', 'example_external_task_marker_child']) retrieved from /usr/local/python/3.10.4/lib/python3.10/site-packages/airflow/example_dags/example_external_task_marker_dag.py
[2023-05-07T22:31:23.850+0000] {logging_mixin.py:137} INFO - [2023-05-07T22:31:23.850+0000] {dag.py:2690} INFO - Sync 2 DAGs
[2023-05-07T22:31:23.986+0000] {logging_mixin.py:137} INFO - [2023-05-07T22:31:23.986+0000] {dag.py:3437} INFO - Setting next_dagrun for example_external_task_marker_child to None, run_after=None
[2023-05-07T22:31:23.988+0000] {logging_mixin.py:137} INFO - [2023-05-07T22:31:23.988+0000] {dag.py:3437} INFO - Setting next_dagrun for example_external_task_marker_parent to None, run_after=None
[2023-05-07T22:31:24.028+0000] {processor.py:175} INFO - Processing /usr/local/python/3.10.4/lib/python3.10/site-packages/airflow/example_dags/example_external_task_marker_dag.py took 0.214 seconds
[2023-05-07T22:32:09.301+0000] {processor.py:153} INFO - Started process (PID=14157) to work on /usr/local/python/3.10.4/lib/python3.10/site-packages/airflow/example_dags/example_external_task_marker_dag.py
[2023-05-07T22:32:09.301+0000] {processor.py:743} INFO - Processing file /usr/local/python/3.10.4/lib/python3.10/site-packages/airflow/example_dags/example_external_task_marker_dag.py for tasks to queue
[2023-05-07T22:32:09.302+0000] {logging_mixin.py:137} INFO - [2023-05-07T22:32:09.302+0000] {dagbag.py:538} INFO - Filling up the DagBag from /usr/local/python/3.10.4/lib/python3.10/site-packages/airflow/example_dags/example_external_task_marker_dag.py
[2023-05-07T22:32:09.315+0000] {processor.py:753} INFO - DAG(s) dict_keys(['example_external_task_marker_parent', 'example_external_task_marker_child']) retrieved from /usr/local/python/3.10.4/lib/python3.10/site-packages/airflow/example_dags/example_external_task_marker_dag.py
[2023-05-07T22:32:09.333+0000] {logging_mixin.py:137} INFO - [2023-05-07T22:32:09.333+0000] {dag.py:2690} INFO - Sync 2 DAGs
[2023-05-07T22:32:09.460+0000] {logging_mixin.py:137} INFO - [2023-05-07T22:32:09.460+0000] {dag.py:3437} INFO - Setting next_dagrun for example_external_task_marker_child to None, run_after=None
[2023-05-07T22:32:09.463+0000] {logging_mixin.py:137} INFO - [2023-05-07T22:32:09.462+0000] {dag.py:3437} INFO - Setting next_dagrun for example_external_task_marker_parent to None, run_after=None
[2023-05-07T22:32:09.503+0000] {processor.py:175} INFO - Processing /usr/local/python/3.10.4/lib/python3.10/site-packages/airflow/example_dags/example_external_task_marker_dag.py took 0.205 seconds
[2023-05-07T22:32:56.282+0000] {processor.py:153} INFO - Started process (PID=14500) to work on /usr/local/python/3.10.4/lib/python3.10/site-packages/airflow/example_dags/example_external_task_marker_dag.py
[2023-05-07T22:32:56.282+0000] {processor.py:743} INFO - Processing file /usr/local/python/3.10.4/lib/python3.10/site-packages/airflow/example_dags/example_external_task_marker_dag.py for tasks to queue
[2023-05-07T22:32:56.283+0000] {logging_mixin.py:137} INFO - [2023-05-07T22:32:56.283+0000] {dagbag.py:538} INFO - Filling up the DagBag from /usr/local/python/3.10.4/lib/python3.10/site-packages/airflow/example_dags/example_external_task_marker_dag.py
[2023-05-07T22:32:56.296+0000] {processor.py:753} INFO - DAG(s) dict_keys(['example_external_task_marker_parent', 'example_external_task_marker_child']) retrieved from /usr/local/python/3.10.4/lib/python3.10/site-packages/airflow/example_dags/example_external_task_marker_dag.py
[2023-05-07T22:32:56.424+0000] {logging_mixin.py:137} INFO - [2023-05-07T22:32:56.424+0000] {dag.py:2690} INFO - Sync 2 DAGs
[2023-05-07T22:32:56.440+0000] {logging_mixin.py:137} INFO - [2023-05-07T22:32:56.440+0000] {dag.py:3437} INFO - Setting next_dagrun for example_external_task_marker_child to None, run_after=None
[2023-05-07T22:32:56.443+0000] {logging_mixin.py:137} INFO - [2023-05-07T22:32:56.443+0000] {dag.py:3437} INFO - Setting next_dagrun for example_external_task_marker_parent to None, run_after=None
[2023-05-07T22:32:56.482+0000] {processor.py:175} INFO - Processing /usr/local/python/3.10.4/lib/python3.10/site-packages/airflow/example_dags/example_external_task_marker_dag.py took 0.204 seconds
[2023-05-07T22:33:45.756+0000] {processor.py:153} INFO - Started process (PID=14850) to work on /usr/local/python/3.10.4/lib/python3.10/site-packages/airflow/example_dags/example_external_task_marker_dag.py
[2023-05-07T22:33:45.757+0000] {processor.py:743} INFO - Processing file /usr/local/python/3.10.4/lib/python3.10/site-packages/airflow/example_dags/example_external_task_marker_dag.py for tasks to queue
[2023-05-07T22:33:45.758+0000] {logging_mixin.py:137} INFO - [2023-05-07T22:33:45.757+0000] {dagbag.py:538} INFO - Filling up the DagBag from /usr/local/python/3.10.4/lib/python3.10/site-packages/airflow/example_dags/example_external_task_marker_dag.py
[2023-05-07T22:33:45.881+0000] {processor.py:753} INFO - DAG(s) dict_keys(['example_external_task_marker_child', 'example_external_task_marker_parent']) retrieved from /usr/local/python/3.10.4/lib/python3.10/site-packages/airflow/example_dags/example_external_task_marker_dag.py
[2023-05-07T22:33:45.894+0000] {logging_mixin.py:137} INFO - [2023-05-07T22:33:45.894+0000] {dag.py:2690} INFO - Sync 2 DAGs
[2023-05-07T22:33:45.908+0000] {logging_mixin.py:137} INFO - [2023-05-07T22:33:45.908+0000] {dag.py:3437} INFO - Setting next_dagrun for example_external_task_marker_child to None, run_after=None
[2023-05-07T22:33:45.911+0000] {logging_mixin.py:137} INFO - [2023-05-07T22:33:45.910+0000] {dag.py:3437} INFO - Setting next_dagrun for example_external_task_marker_parent to None, run_after=None
[2023-05-07T22:33:45.949+0000] {processor.py:175} INFO - Processing /usr/local/python/3.10.4/lib/python3.10/site-packages/airflow/example_dags/example_external_task_marker_dag.py took 0.196 seconds
[2023-05-07T22:34:33.827+0000] {processor.py:153} INFO - Started process (PID=15247) to work on /usr/local/python/3.10.4/lib/python3.10/site-packages/airflow/example_dags/example_external_task_marker_dag.py
[2023-05-07T22:34:33.828+0000] {processor.py:743} INFO - Processing file /usr/local/python/3.10.4/lib/python3.10/site-packages/airflow/example_dags/example_external_task_marker_dag.py for tasks to queue
[2023-05-07T22:34:33.829+0000] {logging_mixin.py:137} INFO - [2023-05-07T22:34:33.829+0000] {dagbag.py:538} INFO - Filling up the DagBag from /usr/local/python/3.10.4/lib/python3.10/site-packages/airflow/example_dags/example_external_task_marker_dag.py
[2023-05-07T22:34:33.842+0000] {processor.py:753} INFO - DAG(s) dict_keys(['example_external_task_marker_child', 'example_external_task_marker_parent']) retrieved from /usr/local/python/3.10.4/lib/python3.10/site-packages/airflow/example_dags/example_external_task_marker_dag.py
[2023-05-07T22:34:33.860+0000] {logging_mixin.py:137} INFO - [2023-05-07T22:34:33.859+0000] {dag.py:2690} INFO - Sync 2 DAGs
[2023-05-07T22:34:33.876+0000] {logging_mixin.py:137} INFO - [2023-05-07T22:34:33.876+0000] {dag.py:3437} INFO - Setting next_dagrun for example_external_task_marker_child to None, run_after=None
[2023-05-07T22:34:33.879+0000] {logging_mixin.py:137} INFO - [2023-05-07T22:34:33.878+0000] {dag.py:3437} INFO - Setting next_dagrun for example_external_task_marker_parent to None, run_after=None
[2023-05-07T22:34:33.921+0000] {processor.py:175} INFO - Processing /usr/local/python/3.10.4/lib/python3.10/site-packages/airflow/example_dags/example_external_task_marker_dag.py took 0.097 seconds
[2023-05-07T22:35:10.814+0000] {processor.py:153} INFO - Started process (PID=15494) to work on /usr/local/python/3.10.4/lib/python3.10/site-packages/airflow/example_dags/example_external_task_marker_dag.py
[2023-05-07T22:35:10.815+0000] {processor.py:743} INFO - Processing file /usr/local/python/3.10.4/lib/python3.10/site-packages/airflow/example_dags/example_external_task_marker_dag.py for tasks to queue
[2023-05-07T22:35:10.816+0000] {logging_mixin.py:137} INFO - [2023-05-07T22:35:10.815+0000] {dagbag.py:538} INFO - Filling up the DagBag from /usr/local/python/3.10.4/lib/python3.10/site-packages/airflow/example_dags/example_external_task_marker_dag.py
[2023-05-07T22:35:10.832+0000] {processor.py:753} INFO - DAG(s) dict_keys(['example_external_task_marker_child', 'example_external_task_marker_parent']) retrieved from /usr/local/python/3.10.4/lib/python3.10/site-packages/airflow/example_dags/example_external_task_marker_dag.py
[2023-05-07T22:35:10.849+0000] {logging_mixin.py:137} INFO - [2023-05-07T22:35:10.849+0000] {dag.py:2690} INFO - Sync 2 DAGs
[2023-05-07T22:35:10.867+0000] {logging_mixin.py:137} INFO - [2023-05-07T22:35:10.867+0000] {dag.py:3437} INFO - Setting next_dagrun for example_external_task_marker_child to None, run_after=None
[2023-05-07T22:35:10.870+0000] {logging_mixin.py:137} INFO - [2023-05-07T22:35:10.869+0000] {dag.py:3437} INFO - Setting next_dagrun for example_external_task_marker_parent to None, run_after=None
[2023-05-07T22:35:10.909+0000] {processor.py:175} INFO - Processing /usr/local/python/3.10.4/lib/python3.10/site-packages/airflow/example_dags/example_external_task_marker_dag.py took 0.098 seconds
[2023-05-07T22:35:52.402+0000] {processor.py:153} INFO - Started process (PID=15785) to work on /usr/local/python/3.10.4/lib/python3.10/site-packages/airflow/example_dags/example_external_task_marker_dag.py
[2023-05-07T22:35:52.403+0000] {processor.py:743} INFO - Processing file /usr/local/python/3.10.4/lib/python3.10/site-packages/airflow/example_dags/example_external_task_marker_dag.py for tasks to queue
[2023-05-07T22:35:52.404+0000] {logging_mixin.py:137} INFO - [2023-05-07T22:35:52.403+0000] {dagbag.py:538} INFO - Filling up the DagBag from /usr/local/python/3.10.4/lib/python3.10/site-packages/airflow/example_dags/example_external_task_marker_dag.py
[2023-05-07T22:35:52.417+0000] {processor.py:753} INFO - DAG(s) dict_keys(['example_external_task_marker_child', 'example_external_task_marker_parent']) retrieved from /usr/local/python/3.10.4/lib/python3.10/site-packages/airflow/example_dags/example_external_task_marker_dag.py
[2023-05-07T22:35:52.436+0000] {logging_mixin.py:137} INFO - [2023-05-07T22:35:52.436+0000] {dag.py:2690} INFO - Sync 2 DAGs
[2023-05-07T22:35:52.456+0000] {logging_mixin.py:137} INFO - [2023-05-07T22:35:52.456+0000] {dag.py:3437} INFO - Setting next_dagrun for example_external_task_marker_child to None, run_after=None
[2023-05-07T22:35:52.458+0000] {logging_mixin.py:137} INFO - [2023-05-07T22:35:52.458+0000] {dag.py:3437} INFO - Setting next_dagrun for example_external_task_marker_parent to None, run_after=None
[2023-05-07T22:35:52.498+0000] {processor.py:175} INFO - Processing /usr/local/python/3.10.4/lib/python3.10/site-packages/airflow/example_dags/example_external_task_marker_dag.py took 0.099 seconds
[2023-05-07T22:36:36.756+0000] {processor.py:153} INFO - Started process (PID=16126) to work on /usr/local/python/3.10.4/lib/python3.10/site-packages/airflow/example_dags/example_external_task_marker_dag.py
[2023-05-07T22:36:36.756+0000] {processor.py:743} INFO - Processing file /usr/local/python/3.10.4/lib/python3.10/site-packages/airflow/example_dags/example_external_task_marker_dag.py for tasks to queue
[2023-05-07T22:36:36.757+0000] {logging_mixin.py:137} INFO - [2023-05-07T22:36:36.757+0000] {dagbag.py:538} INFO - Filling up the DagBag from /usr/local/python/3.10.4/lib/python3.10/site-packages/airflow/example_dags/example_external_task_marker_dag.py
[2023-05-07T22:36:36.774+0000] {processor.py:753} INFO - DAG(s) dict_keys(['example_external_task_marker_parent', 'example_external_task_marker_child']) retrieved from /usr/local/python/3.10.4/lib/python3.10/site-packages/airflow/example_dags/example_external_task_marker_dag.py
[2023-05-07T22:36:36.796+0000] {logging_mixin.py:137} INFO - [2023-05-07T22:36:36.796+0000] {dag.py:2690} INFO - Sync 2 DAGs
[2023-05-07T22:36:36.813+0000] {logging_mixin.py:137} INFO - [2023-05-07T22:36:36.813+0000] {dag.py:3437} INFO - Setting next_dagrun for example_external_task_marker_child to None, run_after=None
[2023-05-07T22:36:36.817+0000] {logging_mixin.py:137} INFO - [2023-05-07T22:36:36.817+0000] {dag.py:3437} INFO - Setting next_dagrun for example_external_task_marker_parent to None, run_after=None
[2023-05-07T22:36:36.856+0000] {processor.py:175} INFO - Processing /usr/local/python/3.10.4/lib/python3.10/site-packages/airflow/example_dags/example_external_task_marker_dag.py took 0.103 seconds
[2023-05-07T22:37:18.509+0000] {processor.py:153} INFO - Started process (PID=16415) to work on /usr/local/python/3.10.4/lib/python3.10/site-packages/airflow/example_dags/example_external_task_marker_dag.py
[2023-05-07T22:37:18.510+0000] {processor.py:743} INFO - Processing file /usr/local/python/3.10.4/lib/python3.10/site-packages/airflow/example_dags/example_external_task_marker_dag.py for tasks to queue
[2023-05-07T22:37:18.510+0000] {logging_mixin.py:137} INFO - [2023-05-07T22:37:18.510+0000] {dagbag.py:538} INFO - Filling up the DagBag from /usr/local/python/3.10.4/lib/python3.10/site-packages/airflow/example_dags/example_external_task_marker_dag.py
[2023-05-07T22:37:18.523+0000] {processor.py:753} INFO - DAG(s) dict_keys(['example_external_task_marker_parent', 'example_external_task_marker_child']) retrieved from /usr/local/python/3.10.4/lib/python3.10/site-packages/airflow/example_dags/example_external_task_marker_dag.py
[2023-05-07T22:37:18.542+0000] {logging_mixin.py:137} INFO - [2023-05-07T22:37:18.542+0000] {dag.py:2690} INFO - Sync 2 DAGs
[2023-05-07T22:37:18.559+0000] {logging_mixin.py:137} INFO - [2023-05-07T22:37:18.559+0000] {dag.py:3437} INFO - Setting next_dagrun for example_external_task_marker_child to None, run_after=None
[2023-05-07T22:37:18.562+0000] {logging_mixin.py:137} INFO - [2023-05-07T22:37:18.562+0000] {dag.py:3437} INFO - Setting next_dagrun for example_external_task_marker_parent to None, run_after=None
[2023-05-07T22:37:18.602+0000] {processor.py:175} INFO - Processing /usr/local/python/3.10.4/lib/python3.10/site-packages/airflow/example_dags/example_external_task_marker_dag.py took 0.096 seconds
[2023-05-07T22:37:53.021+0000] {processor.py:153} INFO - Started process (PID=16663) to work on /usr/local/python/3.10.4/lib/python3.10/site-packages/airflow/example_dags/example_external_task_marker_dag.py
[2023-05-07T22:37:53.022+0000] {processor.py:743} INFO - Processing file /usr/local/python/3.10.4/lib/python3.10/site-packages/airflow/example_dags/example_external_task_marker_dag.py for tasks to queue
[2023-05-07T22:37:53.022+0000] {logging_mixin.py:137} INFO - [2023-05-07T22:37:53.022+0000] {dagbag.py:538} INFO - Filling up the DagBag from /usr/local/python/3.10.4/lib/python3.10/site-packages/airflow/example_dags/example_external_task_marker_dag.py
[2023-05-07T22:37:53.036+0000] {processor.py:753} INFO - DAG(s) dict_keys(['example_external_task_marker_child', 'example_external_task_marker_parent']) retrieved from /usr/local/python/3.10.4/lib/python3.10/site-packages/airflow/example_dags/example_external_task_marker_dag.py
[2023-05-07T22:37:53.053+0000] {logging_mixin.py:137} INFO - [2023-05-07T22:37:53.053+0000] {dag.py:2690} INFO - Sync 2 DAGs
[2023-05-07T22:37:53.071+0000] {logging_mixin.py:137} INFO - [2023-05-07T22:37:53.071+0000] {dag.py:3437} INFO - Setting next_dagrun for example_external_task_marker_child to None, run_after=None
[2023-05-07T22:37:53.074+0000] {logging_mixin.py:137} INFO - [2023-05-07T22:37:53.073+0000] {dag.py:3437} INFO - Setting next_dagrun for example_external_task_marker_parent to None, run_after=None
[2023-05-07T22:37:53.113+0000] {processor.py:175} INFO - Processing /usr/local/python/3.10.4/lib/python3.10/site-packages/airflow/example_dags/example_external_task_marker_dag.py took 0.095 seconds
[2023-05-07T22:38:36.198+0000] {processor.py:153} INFO - Started process (PID=16970) to work on /usr/local/python/3.10.4/lib/python3.10/site-packages/airflow/example_dags/example_external_task_marker_dag.py
[2023-05-07T22:38:36.198+0000] {processor.py:743} INFO - Processing file /usr/local/python/3.10.4/lib/python3.10/site-packages/airflow/example_dags/example_external_task_marker_dag.py for tasks to queue
[2023-05-07T22:38:36.199+0000] {logging_mixin.py:137} INFO - [2023-05-07T22:38:36.199+0000] {dagbag.py:538} INFO - Filling up the DagBag from /usr/local/python/3.10.4/lib/python3.10/site-packages/airflow/example_dags/example_external_task_marker_dag.py
[2023-05-07T22:38:36.213+0000] {processor.py:753} INFO - DAG(s) dict_keys(['example_external_task_marker_parent', 'example_external_task_marker_child']) retrieved from /usr/local/python/3.10.4/lib/python3.10/site-packages/airflow/example_dags/example_external_task_marker_dag.py
[2023-05-07T22:38:36.230+0000] {logging_mixin.py:137} INFO - [2023-05-07T22:38:36.230+0000] {dag.py:2690} INFO - Sync 2 DAGs
[2023-05-07T22:38:36.247+0000] {logging_mixin.py:137} INFO - [2023-05-07T22:38:36.246+0000] {dag.py:3437} INFO - Setting next_dagrun for example_external_task_marker_child to None, run_after=None
[2023-05-07T22:38:36.249+0000] {logging_mixin.py:137} INFO - [2023-05-07T22:38:36.249+0000] {dag.py:3437} INFO - Setting next_dagrun for example_external_task_marker_parent to None, run_after=None
[2023-05-07T22:38:36.287+0000] {processor.py:175} INFO - Processing /usr/local/python/3.10.4/lib/python3.10/site-packages/airflow/example_dags/example_external_task_marker_dag.py took 0.093 seconds
[2023-05-07T22:39:09.984+0000] {processor.py:153} INFO - Started process (PID=17220) to work on /usr/local/python/3.10.4/lib/python3.10/site-packages/airflow/example_dags/example_external_task_marker_dag.py
[2023-05-07T22:39:09.985+0000] {processor.py:743} INFO - Processing file /usr/local/python/3.10.4/lib/python3.10/site-packages/airflow/example_dags/example_external_task_marker_dag.py for tasks to queue
[2023-05-07T22:39:09.986+0000] {logging_mixin.py:137} INFO - [2023-05-07T22:39:09.985+0000] {dagbag.py:538} INFO - Filling up the DagBag from /usr/local/python/3.10.4/lib/python3.10/site-packages/airflow/example_dags/example_external_task_marker_dag.py
[2023-05-07T22:39:09.999+0000] {processor.py:753} INFO - DAG(s) dict_keys(['example_external_task_marker_parent', 'example_external_task_marker_child']) retrieved from /usr/local/python/3.10.4/lib/python3.10/site-packages/airflow/example_dags/example_external_task_marker_dag.py
[2023-05-07T22:39:10.016+0000] {logging_mixin.py:137} INFO - [2023-05-07T22:39:10.016+0000] {dag.py:2690} INFO - Sync 2 DAGs
[2023-05-07T22:39:10.033+0000] {logging_mixin.py:137} INFO - [2023-05-07T22:39:10.033+0000] {dag.py:3437} INFO - Setting next_dagrun for example_external_task_marker_child to None, run_after=None
[2023-05-07T22:39:10.035+0000] {logging_mixin.py:137} INFO - [2023-05-07T22:39:10.035+0000] {dag.py:3437} INFO - Setting next_dagrun for example_external_task_marker_parent to None, run_after=None
[2023-05-07T22:39:10.077+0000] {processor.py:175} INFO - Processing /usr/local/python/3.10.4/lib/python3.10/site-packages/airflow/example_dags/example_external_task_marker_dag.py took 0.096 seconds
[2023-05-07T22:39:44.313+0000] {processor.py:153} INFO - Started process (PID=17468) to work on /usr/local/python/3.10.4/lib/python3.10/site-packages/airflow/example_dags/example_external_task_marker_dag.py
[2023-05-07T22:39:44.313+0000] {processor.py:743} INFO - Processing file /usr/local/python/3.10.4/lib/python3.10/site-packages/airflow/example_dags/example_external_task_marker_dag.py for tasks to queue
[2023-05-07T22:39:44.314+0000] {logging_mixin.py:137} INFO - [2023-05-07T22:39:44.314+0000] {dagbag.py:538} INFO - Filling up the DagBag from /usr/local/python/3.10.4/lib/python3.10/site-packages/airflow/example_dags/example_external_task_marker_dag.py
[2023-05-07T22:39:44.327+0000] {processor.py:753} INFO - DAG(s) dict_keys(['example_external_task_marker_parent', 'example_external_task_marker_child']) retrieved from /usr/local/python/3.10.4/lib/python3.10/site-packages/airflow/example_dags/example_external_task_marker_dag.py
[2023-05-07T22:39:44.345+0000] {logging_mixin.py:137} INFO - [2023-05-07T22:39:44.345+0000] {dag.py:2690} INFO - Sync 2 DAGs
[2023-05-07T22:39:44.363+0000] {logging_mixin.py:137} INFO - [2023-05-07T22:39:44.362+0000] {dag.py:3437} INFO - Setting next_dagrun for example_external_task_marker_child to None, run_after=None
[2023-05-07T22:39:44.365+0000] {logging_mixin.py:137} INFO - [2023-05-07T22:39:44.365+0000] {dag.py:3437} INFO - Setting next_dagrun for example_external_task_marker_parent to None, run_after=None
[2023-05-07T22:39:44.407+0000] {processor.py:175} INFO - Processing /usr/local/python/3.10.4/lib/python3.10/site-packages/airflow/example_dags/example_external_task_marker_dag.py took 0.098 seconds
[2023-05-07T22:40:25.074+0000] {processor.py:153} INFO - Started process (PID=17786) to work on /usr/local/python/3.10.4/lib/python3.10/site-packages/airflow/example_dags/example_external_task_marker_dag.py
[2023-05-07T22:40:25.074+0000] {processor.py:743} INFO - Processing file /usr/local/python/3.10.4/lib/python3.10/site-packages/airflow/example_dags/example_external_task_marker_dag.py for tasks to queue
[2023-05-07T22:40:25.075+0000] {logging_mixin.py:137} INFO - [2023-05-07T22:40:25.075+0000] {dagbag.py:538} INFO - Filling up the DagBag from /usr/local/python/3.10.4/lib/python3.10/site-packages/airflow/example_dags/example_external_task_marker_dag.py
[2023-05-07T22:40:25.088+0000] {processor.py:753} INFO - DAG(s) dict_keys(['example_external_task_marker_parent', 'example_external_task_marker_child']) retrieved from /usr/local/python/3.10.4/lib/python3.10/site-packages/airflow/example_dags/example_external_task_marker_dag.py
[2023-05-07T22:40:25.106+0000] {logging_mixin.py:137} INFO - [2023-05-07T22:40:25.106+0000] {dag.py:2690} INFO - Sync 2 DAGs
[2023-05-07T22:40:25.123+0000] {logging_mixin.py:137} INFO - [2023-05-07T22:40:25.123+0000] {dag.py:3437} INFO - Setting next_dagrun for example_external_task_marker_child to None, run_after=None
[2023-05-07T22:40:25.125+0000] {logging_mixin.py:137} INFO - [2023-05-07T22:40:25.125+0000] {dag.py:3437} INFO - Setting next_dagrun for example_external_task_marker_parent to None, run_after=None
[2023-05-07T22:40:25.164+0000] {processor.py:175} INFO - Processing /usr/local/python/3.10.4/lib/python3.10/site-packages/airflow/example_dags/example_external_task_marker_dag.py took 0.094 seconds
[2023-05-07T22:41:06.367+0000] {processor.py:153} INFO - Started process (PID=18083) to work on /usr/local/python/3.10.4/lib/python3.10/site-packages/airflow/example_dags/example_external_task_marker_dag.py
[2023-05-07T22:41:06.368+0000] {processor.py:743} INFO - Processing file /usr/local/python/3.10.4/lib/python3.10/site-packages/airflow/example_dags/example_external_task_marker_dag.py for tasks to queue
[2023-05-07T22:41:06.369+0000] {logging_mixin.py:137} INFO - [2023-05-07T22:41:06.369+0000] {dagbag.py:538} INFO - Filling up the DagBag from /usr/local/python/3.10.4/lib/python3.10/site-packages/airflow/example_dags/example_external_task_marker_dag.py
[2023-05-07T22:41:06.382+0000] {processor.py:753} INFO - DAG(s) dict_keys(['example_external_task_marker_child', 'example_external_task_marker_parent']) retrieved from /usr/local/python/3.10.4/lib/python3.10/site-packages/airflow/example_dags/example_external_task_marker_dag.py
[2023-05-07T22:41:06.400+0000] {logging_mixin.py:137} INFO - [2023-05-07T22:41:06.400+0000] {dag.py:2690} INFO - Sync 2 DAGs
[2023-05-07T22:41:06.417+0000] {logging_mixin.py:137} INFO - [2023-05-07T22:41:06.417+0000] {dag.py:3437} INFO - Setting next_dagrun for example_external_task_marker_child to None, run_after=None
[2023-05-07T22:41:06.420+0000] {logging_mixin.py:137} INFO - [2023-05-07T22:41:06.419+0000] {dag.py:3437} INFO - Setting next_dagrun for example_external_task_marker_parent to None, run_after=None
[2023-05-07T22:41:06.459+0000] {processor.py:175} INFO - Processing /usr/local/python/3.10.4/lib/python3.10/site-packages/airflow/example_dags/example_external_task_marker_dag.py took 0.095 seconds
[2023-05-07T22:41:44.714+0000] {processor.py:153} INFO - Started process (PID=18367) to work on /usr/local/python/3.10.4/lib/python3.10/site-packages/airflow/example_dags/example_external_task_marker_dag.py
[2023-05-07T22:41:44.714+0000] {processor.py:743} INFO - Processing file /usr/local/python/3.10.4/lib/python3.10/site-packages/airflow/example_dags/example_external_task_marker_dag.py for tasks to queue
[2023-05-07T22:41:44.716+0000] {logging_mixin.py:137} INFO - [2023-05-07T22:41:44.716+0000] {dagbag.py:538} INFO - Filling up the DagBag from /usr/local/python/3.10.4/lib/python3.10/site-packages/airflow/example_dags/example_external_task_marker_dag.py
[2023-05-07T22:41:44.729+0000] {processor.py:753} INFO - DAG(s) dict_keys(['example_external_task_marker_child', 'example_external_task_marker_parent']) retrieved from /usr/local/python/3.10.4/lib/python3.10/site-packages/airflow/example_dags/example_external_task_marker_dag.py
[2023-05-07T22:41:44.748+0000] {logging_mixin.py:137} INFO - [2023-05-07T22:41:44.748+0000] {dag.py:2690} INFO - Sync 2 DAGs
[2023-05-07T22:41:44.764+0000] {logging_mixin.py:137} INFO - [2023-05-07T22:41:44.764+0000] {dag.py:3437} INFO - Setting next_dagrun for example_external_task_marker_child to None, run_after=None
[2023-05-07T22:41:44.767+0000] {logging_mixin.py:137} INFO - [2023-05-07T22:41:44.767+0000] {dag.py:3437} INFO - Setting next_dagrun for example_external_task_marker_parent to None, run_after=None
[2023-05-07T22:41:44.806+0000] {processor.py:175} INFO - Processing /usr/local/python/3.10.4/lib/python3.10/site-packages/airflow/example_dags/example_external_task_marker_dag.py took 0.095 seconds
[2023-05-07T22:42:25.400+0000] {processor.py:153} INFO - Started process (PID=18742) to work on /usr/local/python/3.10.4/lib/python3.10/site-packages/airflow/example_dags/example_external_task_marker_dag.py
[2023-05-07T22:42:25.401+0000] {processor.py:743} INFO - Processing file /usr/local/python/3.10.4/lib/python3.10/site-packages/airflow/example_dags/example_external_task_marker_dag.py for tasks to queue
[2023-05-07T22:42:25.401+0000] {logging_mixin.py:137} INFO - [2023-05-07T22:42:25.401+0000] {dagbag.py:538} INFO - Filling up the DagBag from /usr/local/python/3.10.4/lib/python3.10/site-packages/airflow/example_dags/example_external_task_marker_dag.py
[2023-05-07T22:42:25.414+0000] {processor.py:753} INFO - DAG(s) dict_keys(['example_external_task_marker_parent', 'example_external_task_marker_child']) retrieved from /usr/local/python/3.10.4/lib/python3.10/site-packages/airflow/example_dags/example_external_task_marker_dag.py
[2023-05-07T22:42:25.431+0000] {logging_mixin.py:137} INFO - [2023-05-07T22:42:25.431+0000] {dag.py:2690} INFO - Sync 2 DAGs
[2023-05-07T22:42:25.447+0000] {logging_mixin.py:137} INFO - [2023-05-07T22:42:25.447+0000] {dag.py:3437} INFO - Setting next_dagrun for example_external_task_marker_child to None, run_after=None
[2023-05-07T22:42:25.450+0000] {logging_mixin.py:137} INFO - [2023-05-07T22:42:25.450+0000] {dag.py:3437} INFO - Setting next_dagrun for example_external_task_marker_parent to None, run_after=None
[2023-05-07T22:42:25.488+0000] {processor.py:175} INFO - Processing /usr/local/python/3.10.4/lib/python3.10/site-packages/airflow/example_dags/example_external_task_marker_dag.py took 0.092 seconds
[2023-05-07T22:42:59.509+0000] {processor.py:153} INFO - Started process (PID=19029) to work on /usr/local/python/3.10.4/lib/python3.10/site-packages/airflow/example_dags/example_external_task_marker_dag.py
[2023-05-07T22:42:59.509+0000] {processor.py:743} INFO - Processing file /usr/local/python/3.10.4/lib/python3.10/site-packages/airflow/example_dags/example_external_task_marker_dag.py for tasks to queue
[2023-05-07T22:42:59.510+0000] {logging_mixin.py:137} INFO - [2023-05-07T22:42:59.510+0000] {dagbag.py:538} INFO - Filling up the DagBag from /usr/local/python/3.10.4/lib/python3.10/site-packages/airflow/example_dags/example_external_task_marker_dag.py
[2023-05-07T22:42:59.523+0000] {processor.py:753} INFO - DAG(s) dict_keys(['example_external_task_marker_child', 'example_external_task_marker_parent']) retrieved from /usr/local/python/3.10.4/lib/python3.10/site-packages/airflow/example_dags/example_external_task_marker_dag.py
[2023-05-07T22:42:59.540+0000] {logging_mixin.py:137} INFO - [2023-05-07T22:42:59.540+0000] {dag.py:2690} INFO - Sync 2 DAGs
[2023-05-07T22:42:59.557+0000] {logging_mixin.py:137} INFO - [2023-05-07T22:42:59.557+0000] {dag.py:3437} INFO - Setting next_dagrun for example_external_task_marker_child to None, run_after=None
[2023-05-07T22:42:59.559+0000] {logging_mixin.py:137} INFO - [2023-05-07T22:42:59.559+0000] {dag.py:3437} INFO - Setting next_dagrun for example_external_task_marker_parent to None, run_after=None
[2023-05-07T22:42:59.599+0000] {processor.py:175} INFO - Processing /usr/local/python/3.10.4/lib/python3.10/site-packages/airflow/example_dags/example_external_task_marker_dag.py took 0.093 seconds
[2023-05-07T22:43:33.834+0000] {processor.py:153} INFO - Started process (PID=19424) to work on /usr/local/python/3.10.4/lib/python3.10/site-packages/airflow/example_dags/example_external_task_marker_dag.py
[2023-05-07T22:43:33.834+0000] {processor.py:743} INFO - Processing file /usr/local/python/3.10.4/lib/python3.10/site-packages/airflow/example_dags/example_external_task_marker_dag.py for tasks to queue
[2023-05-07T22:43:33.835+0000] {logging_mixin.py:137} INFO - [2023-05-07T22:43:33.835+0000] {dagbag.py:538} INFO - Filling up the DagBag from /usr/local/python/3.10.4/lib/python3.10/site-packages/airflow/example_dags/example_external_task_marker_dag.py
[2023-05-07T22:43:33.848+0000] {processor.py:753} INFO - DAG(s) dict_keys(['example_external_task_marker_parent', 'example_external_task_marker_child']) retrieved from /usr/local/python/3.10.4/lib/python3.10/site-packages/airflow/example_dags/example_external_task_marker_dag.py
[2023-05-07T22:43:33.866+0000] {logging_mixin.py:137} INFO - [2023-05-07T22:43:33.866+0000] {dag.py:2690} INFO - Sync 2 DAGs
[2023-05-07T22:43:33.883+0000] {logging_mixin.py:137} INFO - [2023-05-07T22:43:33.882+0000] {dag.py:3437} INFO - Setting next_dagrun for example_external_task_marker_child to None, run_after=None
[2023-05-07T22:43:33.886+0000] {logging_mixin.py:137} INFO - [2023-05-07T22:43:33.886+0000] {dag.py:3437} INFO - Setting next_dagrun for example_external_task_marker_parent to None, run_after=None
[2023-05-07T22:43:33.926+0000] {processor.py:175} INFO - Processing /usr/local/python/3.10.4/lib/python3.10/site-packages/airflow/example_dags/example_external_task_marker_dag.py took 0.095 seconds
[2023-05-07T22:44:14.495+0000] {processor.py:153} INFO - Started process (PID=19841) to work on /usr/local/python/3.10.4/lib/python3.10/site-packages/airflow/example_dags/example_external_task_marker_dag.py
[2023-05-07T22:44:14.496+0000] {processor.py:743} INFO - Processing file /usr/local/python/3.10.4/lib/python3.10/site-packages/airflow/example_dags/example_external_task_marker_dag.py for tasks to queue
[2023-05-07T22:44:14.496+0000] {logging_mixin.py:137} INFO - [2023-05-07T22:44:14.496+0000] {dagbag.py:538} INFO - Filling up the DagBag from /usr/local/python/3.10.4/lib/python3.10/site-packages/airflow/example_dags/example_external_task_marker_dag.py
[2023-05-07T22:44:14.509+0000] {processor.py:753} INFO - DAG(s) dict_keys(['example_external_task_marker_child', 'example_external_task_marker_parent']) retrieved from /usr/local/python/3.10.4/lib/python3.10/site-packages/airflow/example_dags/example_external_task_marker_dag.py
[2023-05-07T22:44:14.526+0000] {logging_mixin.py:137} INFO - [2023-05-07T22:44:14.526+0000] {dag.py:2690} INFO - Sync 2 DAGs
[2023-05-07T22:44:14.544+0000] {logging_mixin.py:137} INFO - [2023-05-07T22:44:14.544+0000] {dag.py:3437} INFO - Setting next_dagrun for example_external_task_marker_child to None, run_after=None
[2023-05-07T22:44:14.546+0000] {logging_mixin.py:137} INFO - [2023-05-07T22:44:14.546+0000] {dag.py:3437} INFO - Setting next_dagrun for example_external_task_marker_parent to None, run_after=None
[2023-05-07T22:44:14.588+0000] {processor.py:175} INFO - Processing /usr/local/python/3.10.4/lib/python3.10/site-packages/airflow/example_dags/example_external_task_marker_dag.py took 0.097 seconds
[2023-05-07T22:44:58.757+0000] {processor.py:153} INFO - Started process (PID=20256) to work on /usr/local/python/3.10.4/lib/python3.10/site-packages/airflow/example_dags/example_external_task_marker_dag.py
[2023-05-07T22:44:58.758+0000] {processor.py:743} INFO - Processing file /usr/local/python/3.10.4/lib/python3.10/site-packages/airflow/example_dags/example_external_task_marker_dag.py for tasks to queue
[2023-05-07T22:44:58.759+0000] {logging_mixin.py:137} INFO - [2023-05-07T22:44:58.758+0000] {dagbag.py:538} INFO - Filling up the DagBag from /usr/local/python/3.10.4/lib/python3.10/site-packages/airflow/example_dags/example_external_task_marker_dag.py
[2023-05-07T22:44:58.772+0000] {processor.py:753} INFO - DAG(s) dict_keys(['example_external_task_marker_parent', 'example_external_task_marker_child']) retrieved from /usr/local/python/3.10.4/lib/python3.10/site-packages/airflow/example_dags/example_external_task_marker_dag.py
[2023-05-07T22:44:58.790+0000] {logging_mixin.py:137} INFO - [2023-05-07T22:44:58.789+0000] {dag.py:2690} INFO - Sync 2 DAGs
[2023-05-07T22:44:58.806+0000] {logging_mixin.py:137} INFO - [2023-05-07T22:44:58.806+0000] {dag.py:3437} INFO - Setting next_dagrun for example_external_task_marker_child to None, run_after=None
[2023-05-07T22:44:58.809+0000] {logging_mixin.py:137} INFO - [2023-05-07T22:44:58.809+0000] {dag.py:3437} INFO - Setting next_dagrun for example_external_task_marker_parent to None, run_after=None
[2023-05-07T22:44:58.848+0000] {processor.py:175} INFO - Processing /usr/local/python/3.10.4/lib/python3.10/site-packages/airflow/example_dags/example_external_task_marker_dag.py took 0.094 seconds
[2023-05-07T22:45:35.257+0000] {processor.py:153} INFO - Started process (PID=20595) to work on /usr/local/python/3.10.4/lib/python3.10/site-packages/airflow/example_dags/example_external_task_marker_dag.py
[2023-05-07T22:45:35.258+0000] {processor.py:743} INFO - Processing file /usr/local/python/3.10.4/lib/python3.10/site-packages/airflow/example_dags/example_external_task_marker_dag.py for tasks to queue
[2023-05-07T22:45:35.258+0000] {logging_mixin.py:137} INFO - [2023-05-07T22:45:35.258+0000] {dagbag.py:538} INFO - Filling up the DagBag from /usr/local/python/3.10.4/lib/python3.10/site-packages/airflow/example_dags/example_external_task_marker_dag.py
[2023-05-07T22:45:35.271+0000] {processor.py:753} INFO - DAG(s) dict_keys(['example_external_task_marker_child', 'example_external_task_marker_parent']) retrieved from /usr/local/python/3.10.4/lib/python3.10/site-packages/airflow/example_dags/example_external_task_marker_dag.py
[2023-05-07T22:45:35.289+0000] {logging_mixin.py:137} INFO - [2023-05-07T22:45:35.289+0000] {dag.py:2690} INFO - Sync 2 DAGs
[2023-05-07T22:45:35.306+0000] {logging_mixin.py:137} INFO - [2023-05-07T22:45:35.305+0000] {dag.py:3437} INFO - Setting next_dagrun for example_external_task_marker_child to None, run_after=None
[2023-05-07T22:45:35.308+0000] {logging_mixin.py:137} INFO - [2023-05-07T22:45:35.308+0000] {dag.py:3437} INFO - Setting next_dagrun for example_external_task_marker_parent to None, run_after=None
[2023-05-07T22:45:35.349+0000] {processor.py:175} INFO - Processing /usr/local/python/3.10.4/lib/python3.10/site-packages/airflow/example_dags/example_external_task_marker_dag.py took 0.095 seconds
[2023-05-07T22:46:17.848+0000] {processor.py:153} INFO - Started process (PID=21018) to work on /usr/local/python/3.10.4/lib/python3.10/site-packages/airflow/example_dags/example_external_task_marker_dag.py
[2023-05-07T22:46:17.848+0000] {processor.py:743} INFO - Processing file /usr/local/python/3.10.4/lib/python3.10/site-packages/airflow/example_dags/example_external_task_marker_dag.py for tasks to queue
[2023-05-07T22:46:17.849+0000] {logging_mixin.py:137} INFO - [2023-05-07T22:46:17.849+0000] {dagbag.py:538} INFO - Filling up the DagBag from /usr/local/python/3.10.4/lib/python3.10/site-packages/airflow/example_dags/example_external_task_marker_dag.py
[2023-05-07T22:46:17.863+0000] {processor.py:753} INFO - DAG(s) dict_keys(['example_external_task_marker_parent', 'example_external_task_marker_child']) retrieved from /usr/local/python/3.10.4/lib/python3.10/site-packages/airflow/example_dags/example_external_task_marker_dag.py
[2023-05-07T22:46:17.880+0000] {logging_mixin.py:137} INFO - [2023-05-07T22:46:17.880+0000] {dag.py:2690} INFO - Sync 2 DAGs
[2023-05-07T22:46:17.896+0000] {logging_mixin.py:137} INFO - [2023-05-07T22:46:17.896+0000] {dag.py:3437} INFO - Setting next_dagrun for example_external_task_marker_child to None, run_after=None
[2023-05-07T22:46:17.899+0000] {logging_mixin.py:137} INFO - [2023-05-07T22:46:17.899+0000] {dag.py:3437} INFO - Setting next_dagrun for example_external_task_marker_parent to None, run_after=None
[2023-05-07T22:46:17.938+0000] {processor.py:175} INFO - Processing /usr/local/python/3.10.4/lib/python3.10/site-packages/airflow/example_dags/example_external_task_marker_dag.py took 0.093 seconds
[2023-05-07T22:46:59.032+0000] {processor.py:153} INFO - Started process (PID=21438) to work on /usr/local/python/3.10.4/lib/python3.10/site-packages/airflow/example_dags/example_external_task_marker_dag.py
[2023-05-07T22:46:59.033+0000] {processor.py:743} INFO - Processing file /usr/local/python/3.10.4/lib/python3.10/site-packages/airflow/example_dags/example_external_task_marker_dag.py for tasks to queue
[2023-05-07T22:46:59.034+0000] {logging_mixin.py:137} INFO - [2023-05-07T22:46:59.034+0000] {dagbag.py:538} INFO - Filling up the DagBag from /usr/local/python/3.10.4/lib/python3.10/site-packages/airflow/example_dags/example_external_task_marker_dag.py
[2023-05-07T22:46:59.047+0000] {processor.py:753} INFO - DAG(s) dict_keys(['example_external_task_marker_parent', 'example_external_task_marker_child']) retrieved from /usr/local/python/3.10.4/lib/python3.10/site-packages/airflow/example_dags/example_external_task_marker_dag.py
[2023-05-07T22:46:59.065+0000] {logging_mixin.py:137} INFO - [2023-05-07T22:46:59.065+0000] {dag.py:2690} INFO - Sync 2 DAGs
[2023-05-07T22:46:59.081+0000] {logging_mixin.py:137} INFO - [2023-05-07T22:46:59.081+0000] {dag.py:3437} INFO - Setting next_dagrun for example_external_task_marker_child to None, run_after=None
[2023-05-07T22:46:59.084+0000] {logging_mixin.py:137} INFO - [2023-05-07T22:46:59.083+0000] {dag.py:3437} INFO - Setting next_dagrun for example_external_task_marker_parent to None, run_after=None
[2023-05-07T22:46:59.123+0000] {processor.py:175} INFO - Processing /usr/local/python/3.10.4/lib/python3.10/site-packages/airflow/example_dags/example_external_task_marker_dag.py took 0.093 seconds
[2023-05-07T22:47:34.380+0000] {processor.py:153} INFO - Started process (PID=21685) to work on /usr/local/python/3.10.4/lib/python3.10/site-packages/airflow/example_dags/example_external_task_marker_dag.py
[2023-05-07T22:47:34.381+0000] {processor.py:743} INFO - Processing file /usr/local/python/3.10.4/lib/python3.10/site-packages/airflow/example_dags/example_external_task_marker_dag.py for tasks to queue
[2023-05-07T22:47:34.381+0000] {logging_mixin.py:137} INFO - [2023-05-07T22:47:34.381+0000] {dagbag.py:538} INFO - Filling up the DagBag from /usr/local/python/3.10.4/lib/python3.10/site-packages/airflow/example_dags/example_external_task_marker_dag.py
[2023-05-07T22:47:34.394+0000] {processor.py:753} INFO - DAG(s) dict_keys(['example_external_task_marker_child', 'example_external_task_marker_parent']) retrieved from /usr/local/python/3.10.4/lib/python3.10/site-packages/airflow/example_dags/example_external_task_marker_dag.py
[2023-05-07T22:47:34.412+0000] {logging_mixin.py:137} INFO - [2023-05-07T22:47:34.412+0000] {dag.py:2690} INFO - Sync 2 DAGs
[2023-05-07T22:47:34.429+0000] {logging_mixin.py:137} INFO - [2023-05-07T22:47:34.429+0000] {dag.py:3437} INFO - Setting next_dagrun for example_external_task_marker_child to None, run_after=None
[2023-05-07T22:47:34.432+0000] {logging_mixin.py:137} INFO - [2023-05-07T22:47:34.432+0000] {dag.py:3437} INFO - Setting next_dagrun for example_external_task_marker_parent to None, run_after=None
[2023-05-07T22:47:34.471+0000] {processor.py:175} INFO - Processing /usr/local/python/3.10.4/lib/python3.10/site-packages/airflow/example_dags/example_external_task_marker_dag.py took 0.094 seconds
[2023-05-07T22:48:15.715+0000] {processor.py:153} INFO - Started process (PID=22051) to work on /usr/local/python/3.10.4/lib/python3.10/site-packages/airflow/example_dags/example_external_task_marker_dag.py
[2023-05-07T22:48:15.716+0000] {processor.py:743} INFO - Processing file /usr/local/python/3.10.4/lib/python3.10/site-packages/airflow/example_dags/example_external_task_marker_dag.py for tasks to queue
[2023-05-07T22:48:15.716+0000] {logging_mixin.py:137} INFO - [2023-05-07T22:48:15.716+0000] {dagbag.py:538} INFO - Filling up the DagBag from /usr/local/python/3.10.4/lib/python3.10/site-packages/airflow/example_dags/example_external_task_marker_dag.py
[2023-05-07T22:48:15.729+0000] {processor.py:753} INFO - DAG(s) dict_keys(['example_external_task_marker_child', 'example_external_task_marker_parent']) retrieved from /usr/local/python/3.10.4/lib/python3.10/site-packages/airflow/example_dags/example_external_task_marker_dag.py
[2023-05-07T22:48:15.746+0000] {logging_mixin.py:137} INFO - [2023-05-07T22:48:15.746+0000] {dag.py:2690} INFO - Sync 2 DAGs
[2023-05-07T22:48:15.769+0000] {logging_mixin.py:137} INFO - [2023-05-07T22:48:15.769+0000] {dag.py:3437} INFO - Setting next_dagrun for example_external_task_marker_child to None, run_after=None
[2023-05-07T22:48:15.772+0000] {logging_mixin.py:137} INFO - [2023-05-07T22:48:15.772+0000] {dag.py:3437} INFO - Setting next_dagrun for example_external_task_marker_parent to None, run_after=None
[2023-05-07T22:48:15.810+0000] {processor.py:175} INFO - Processing /usr/local/python/3.10.4/lib/python3.10/site-packages/airflow/example_dags/example_external_task_marker_dag.py took 0.098 seconds
[2023-05-07T22:48:57.643+0000] {processor.py:153} INFO - Started process (PID=22461) to work on /usr/local/python/3.10.4/lib/python3.10/site-packages/airflow/example_dags/example_external_task_marker_dag.py
[2023-05-07T22:48:57.644+0000] {processor.py:743} INFO - Processing file /usr/local/python/3.10.4/lib/python3.10/site-packages/airflow/example_dags/example_external_task_marker_dag.py for tasks to queue
[2023-05-07T22:48:57.644+0000] {logging_mixin.py:137} INFO - [2023-05-07T22:48:57.644+0000] {dagbag.py:538} INFO - Filling up the DagBag from /usr/local/python/3.10.4/lib/python3.10/site-packages/airflow/example_dags/example_external_task_marker_dag.py
[2023-05-07T22:48:57.657+0000] {processor.py:753} INFO - DAG(s) dict_keys(['example_external_task_marker_parent', 'example_external_task_marker_child']) retrieved from /usr/local/python/3.10.4/lib/python3.10/site-packages/airflow/example_dags/example_external_task_marker_dag.py
[2023-05-07T22:48:57.677+0000] {logging_mixin.py:137} INFO - [2023-05-07T22:48:57.677+0000] {dag.py:2690} INFO - Sync 2 DAGs
[2023-05-07T22:48:57.694+0000] {logging_mixin.py:137} INFO - [2023-05-07T22:48:57.694+0000] {dag.py:3437} INFO - Setting next_dagrun for example_external_task_marker_child to None, run_after=None
[2023-05-07T22:48:57.697+0000] {logging_mixin.py:137} INFO - [2023-05-07T22:48:57.696+0000] {dag.py:3437} INFO - Setting next_dagrun for example_external_task_marker_parent to None, run_after=None
[2023-05-07T22:48:57.736+0000] {processor.py:175} INFO - Processing /usr/local/python/3.10.4/lib/python3.10/site-packages/airflow/example_dags/example_external_task_marker_dag.py took 0.096 seconds
[2023-05-07T22:49:32.267+0000] {processor.py:153} INFO - Started process (PID=22832) to work on /usr/local/python/3.10.4/lib/python3.10/site-packages/airflow/example_dags/example_external_task_marker_dag.py
[2023-05-07T22:49:32.268+0000] {processor.py:743} INFO - Processing file /usr/local/python/3.10.4/lib/python3.10/site-packages/airflow/example_dags/example_external_task_marker_dag.py for tasks to queue
[2023-05-07T22:49:32.268+0000] {logging_mixin.py:137} INFO - [2023-05-07T22:49:32.268+0000] {dagbag.py:538} INFO - Filling up the DagBag from /usr/local/python/3.10.4/lib/python3.10/site-packages/airflow/example_dags/example_external_task_marker_dag.py
[2023-05-07T22:49:32.281+0000] {processor.py:753} INFO - DAG(s) dict_keys(['example_external_task_marker_parent', 'example_external_task_marker_child']) retrieved from /usr/local/python/3.10.4/lib/python3.10/site-packages/airflow/example_dags/example_external_task_marker_dag.py
[2023-05-07T22:49:32.299+0000] {logging_mixin.py:137} INFO - [2023-05-07T22:49:32.299+0000] {dag.py:2690} INFO - Sync 2 DAGs
[2023-05-07T22:49:32.316+0000] {logging_mixin.py:137} INFO - [2023-05-07T22:49:32.316+0000] {dag.py:3437} INFO - Setting next_dagrun for example_external_task_marker_child to None, run_after=None
[2023-05-07T22:49:32.318+0000] {logging_mixin.py:137} INFO - [2023-05-07T22:49:32.318+0000] {dag.py:3437} INFO - Setting next_dagrun for example_external_task_marker_parent to None, run_after=None
[2023-05-07T22:49:32.356+0000] {processor.py:175} INFO - Processing /usr/local/python/3.10.4/lib/python3.10/site-packages/airflow/example_dags/example_external_task_marker_dag.py took 0.092 seconds
[2023-05-07T22:50:13.509+0000] {processor.py:153} INFO - Started process (PID=23142) to work on /usr/local/python/3.10.4/lib/python3.10/site-packages/airflow/example_dags/example_external_task_marker_dag.py
[2023-05-07T22:50:13.509+0000] {processor.py:743} INFO - Processing file /usr/local/python/3.10.4/lib/python3.10/site-packages/airflow/example_dags/example_external_task_marker_dag.py for tasks to queue
[2023-05-07T22:50:13.510+0000] {logging_mixin.py:137} INFO - [2023-05-07T22:50:13.510+0000] {dagbag.py:538} INFO - Filling up the DagBag from /usr/local/python/3.10.4/lib/python3.10/site-packages/airflow/example_dags/example_external_task_marker_dag.py
[2023-05-07T22:50:13.524+0000] {processor.py:753} INFO - DAG(s) dict_keys(['example_external_task_marker_child', 'example_external_task_marker_parent']) retrieved from /usr/local/python/3.10.4/lib/python3.10/site-packages/airflow/example_dags/example_external_task_marker_dag.py
[2023-05-07T22:50:13.555+0000] {logging_mixin.py:137} INFO - [2023-05-07T22:50:13.554+0000] {dag.py:2690} INFO - Sync 2 DAGs
[2023-05-07T22:50:13.580+0000] {logging_mixin.py:137} INFO - [2023-05-07T22:50:13.580+0000] {dag.py:3437} INFO - Setting next_dagrun for example_external_task_marker_child to None, run_after=None
[2023-05-07T22:50:13.582+0000] {logging_mixin.py:137} INFO - [2023-05-07T22:50:13.582+0000] {dag.py:3437} INFO - Setting next_dagrun for example_external_task_marker_parent to None, run_after=None
[2023-05-07T22:50:13.624+0000] {processor.py:175} INFO - Processing /usr/local/python/3.10.4/lib/python3.10/site-packages/airflow/example_dags/example_external_task_marker_dag.py took 0.118 seconds
[2023-05-07T22:50:57.974+0000] {processor.py:153} INFO - Started process (PID=23499) to work on /usr/local/python/3.10.4/lib/python3.10/site-packages/airflow/example_dags/example_external_task_marker_dag.py
[2023-05-07T22:50:57.975+0000] {processor.py:743} INFO - Processing file /usr/local/python/3.10.4/lib/python3.10/site-packages/airflow/example_dags/example_external_task_marker_dag.py for tasks to queue
[2023-05-07T22:50:57.976+0000] {logging_mixin.py:137} INFO - [2023-05-07T22:50:57.976+0000] {dagbag.py:538} INFO - Filling up the DagBag from /usr/local/python/3.10.4/lib/python3.10/site-packages/airflow/example_dags/example_external_task_marker_dag.py
[2023-05-07T22:50:58.021+0000] {processor.py:753} INFO - DAG(s) dict_keys(['example_external_task_marker_child', 'example_external_task_marker_parent']) retrieved from /usr/local/python/3.10.4/lib/python3.10/site-packages/airflow/example_dags/example_external_task_marker_dag.py
[2023-05-07T22:50:58.087+0000] {logging_mixin.py:137} INFO - [2023-05-07T22:50:58.087+0000] {dag.py:2690} INFO - Sync 2 DAGs
[2023-05-07T22:50:58.126+0000] {logging_mixin.py:137} INFO - [2023-05-07T22:50:58.126+0000] {dag.py:3437} INFO - Setting next_dagrun for example_external_task_marker_child to None, run_after=None
[2023-05-07T22:50:58.128+0000] {logging_mixin.py:137} INFO - [2023-05-07T22:50:58.128+0000] {dag.py:3437} INFO - Setting next_dagrun for example_external_task_marker_parent to None, run_after=None
[2023-05-07T22:50:58.170+0000] {processor.py:175} INFO - Processing /usr/local/python/3.10.4/lib/python3.10/site-packages/airflow/example_dags/example_external_task_marker_dag.py took 0.214 seconds
[2023-05-07T22:51:39.977+0000] {processor.py:153} INFO - Started process (PID=23870) to work on /usr/local/python/3.10.4/lib/python3.10/site-packages/airflow/example_dags/example_external_task_marker_dag.py
[2023-05-07T22:51:39.978+0000] {processor.py:743} INFO - Processing file /usr/local/python/3.10.4/lib/python3.10/site-packages/airflow/example_dags/example_external_task_marker_dag.py for tasks to queue
[2023-05-07T22:51:39.978+0000] {logging_mixin.py:137} INFO - [2023-05-07T22:51:39.978+0000] {dagbag.py:538} INFO - Filling up the DagBag from /usr/local/python/3.10.4/lib/python3.10/site-packages/airflow/example_dags/example_external_task_marker_dag.py
[2023-05-07T22:51:39.991+0000] {processor.py:753} INFO - DAG(s) dict_keys(['example_external_task_marker_parent', 'example_external_task_marker_child']) retrieved from /usr/local/python/3.10.4/lib/python3.10/site-packages/airflow/example_dags/example_external_task_marker_dag.py
[2023-05-07T22:51:40.008+0000] {logging_mixin.py:137} INFO - [2023-05-07T22:51:40.008+0000] {dag.py:2690} INFO - Sync 2 DAGs
[2023-05-07T22:51:40.024+0000] {logging_mixin.py:137} INFO - [2023-05-07T22:51:40.024+0000] {dag.py:3437} INFO - Setting next_dagrun for example_external_task_marker_child to None, run_after=None
[2023-05-07T22:51:40.027+0000] {logging_mixin.py:137} INFO - [2023-05-07T22:51:40.027+0000] {dag.py:3437} INFO - Setting next_dagrun for example_external_task_marker_parent to None, run_after=None
[2023-05-07T22:51:40.066+0000] {processor.py:175} INFO - Processing /usr/local/python/3.10.4/lib/python3.10/site-packages/airflow/example_dags/example_external_task_marker_dag.py took 0.092 seconds
[2023-05-07T22:52:21.936+0000] {processor.py:153} INFO - Started process (PID=24035) to work on /usr/local/python/3.10.4/lib/python3.10/site-packages/airflow/example_dags/example_external_task_marker_dag.py
[2023-05-07T22:52:21.937+0000] {processor.py:743} INFO - Processing file /usr/local/python/3.10.4/lib/python3.10/site-packages/airflow/example_dags/example_external_task_marker_dag.py for tasks to queue
[2023-05-07T22:52:21.938+0000] {logging_mixin.py:137} INFO - [2023-05-07T22:52:21.938+0000] {dagbag.py:538} INFO - Filling up the DagBag from /usr/local/python/3.10.4/lib/python3.10/site-packages/airflow/example_dags/example_external_task_marker_dag.py
[2023-05-07T22:52:21.952+0000] {processor.py:753} INFO - DAG(s) dict_keys(['example_external_task_marker_parent', 'example_external_task_marker_child']) retrieved from /usr/local/python/3.10.4/lib/python3.10/site-packages/airflow/example_dags/example_external_task_marker_dag.py
[2023-05-07T22:52:21.970+0000] {logging_mixin.py:137} INFO - [2023-05-07T22:52:21.970+0000] {dag.py:2690} INFO - Sync 2 DAGs
[2023-05-07T22:52:21.988+0000] {logging_mixin.py:137} INFO - [2023-05-07T22:52:21.987+0000] {dag.py:3437} INFO - Setting next_dagrun for example_external_task_marker_child to None, run_after=None
[2023-05-07T22:52:21.990+0000] {logging_mixin.py:137} INFO - [2023-05-07T22:52:21.990+0000] {dag.py:3437} INFO - Setting next_dagrun for example_external_task_marker_parent to None, run_after=None
[2023-05-07T22:52:22.030+0000] {processor.py:175} INFO - Processing /usr/local/python/3.10.4/lib/python3.10/site-packages/airflow/example_dags/example_external_task_marker_dag.py took 0.097 seconds
[2023-05-07T22:52:54.908+0000] {processor.py:153} INFO - Started process (PID=24131) to work on /usr/local/python/3.10.4/lib/python3.10/site-packages/airflow/example_dags/example_external_task_marker_dag.py
[2023-05-07T22:52:54.908+0000] {processor.py:743} INFO - Processing file /usr/local/python/3.10.4/lib/python3.10/site-packages/airflow/example_dags/example_external_task_marker_dag.py for tasks to queue
[2023-05-07T22:52:54.909+0000] {logging_mixin.py:137} INFO - [2023-05-07T22:52:54.909+0000] {dagbag.py:538} INFO - Filling up the DagBag from /usr/local/python/3.10.4/lib/python3.10/site-packages/airflow/example_dags/example_external_task_marker_dag.py
[2023-05-07T22:52:54.922+0000] {processor.py:753} INFO - DAG(s) dict_keys(['example_external_task_marker_child', 'example_external_task_marker_parent']) retrieved from /usr/local/python/3.10.4/lib/python3.10/site-packages/airflow/example_dags/example_external_task_marker_dag.py
[2023-05-07T22:52:54.940+0000] {logging_mixin.py:137} INFO - [2023-05-07T22:52:54.940+0000] {dag.py:2690} INFO - Sync 2 DAGs
[2023-05-07T22:52:54.957+0000] {logging_mixin.py:137} INFO - [2023-05-07T22:52:54.957+0000] {dag.py:3437} INFO - Setting next_dagrun for example_external_task_marker_child to None, run_after=None
[2023-05-07T22:52:54.960+0000] {logging_mixin.py:137} INFO - [2023-05-07T22:52:54.959+0000] {dag.py:3437} INFO - Setting next_dagrun for example_external_task_marker_parent to None, run_after=None
[2023-05-07T22:52:55.007+0000] {processor.py:175} INFO - Processing /usr/local/python/3.10.4/lib/python3.10/site-packages/airflow/example_dags/example_external_task_marker_dag.py took 0.102 seconds
[2023-05-07T22:53:39.078+0000] {processor.py:153} INFO - Started process (PID=25262) to work on /usr/local/python/3.10.4/lib/python3.10/site-packages/airflow/example_dags/example_external_task_marker_dag.py
[2023-05-07T22:53:39.079+0000] {processor.py:743} INFO - Processing file /usr/local/python/3.10.4/lib/python3.10/site-packages/airflow/example_dags/example_external_task_marker_dag.py for tasks to queue
[2023-05-07T22:53:39.080+0000] {logging_mixin.py:137} INFO - [2023-05-07T22:53:39.080+0000] {dagbag.py:538} INFO - Filling up the DagBag from /usr/local/python/3.10.4/lib/python3.10/site-packages/airflow/example_dags/example_external_task_marker_dag.py
[2023-05-07T22:53:39.093+0000] {processor.py:753} INFO - DAG(s) dict_keys(['example_external_task_marker_child', 'example_external_task_marker_parent']) retrieved from /usr/local/python/3.10.4/lib/python3.10/site-packages/airflow/example_dags/example_external_task_marker_dag.py
[2023-05-07T22:53:39.111+0000] {logging_mixin.py:137} INFO - [2023-05-07T22:53:39.111+0000] {dag.py:2690} INFO - Sync 2 DAGs
[2023-05-07T22:53:39.128+0000] {logging_mixin.py:137} INFO - [2023-05-07T22:53:39.128+0000] {dag.py:3437} INFO - Setting next_dagrun for example_external_task_marker_child to None, run_after=None
[2023-05-07T22:53:39.130+0000] {logging_mixin.py:137} INFO - [2023-05-07T22:53:39.130+0000] {dag.py:3437} INFO - Setting next_dagrun for example_external_task_marker_parent to None, run_after=None
[2023-05-07T22:53:39.169+0000] {processor.py:175} INFO - Processing /usr/local/python/3.10.4/lib/python3.10/site-packages/airflow/example_dags/example_external_task_marker_dag.py took 0.094 seconds
[2023-05-07T22:54:12.759+0000] {processor.py:153} INFO - Started process (PID=25558) to work on /usr/local/python/3.10.4/lib/python3.10/site-packages/airflow/example_dags/example_external_task_marker_dag.py
[2023-05-07T22:54:12.760+0000] {processor.py:743} INFO - Processing file /usr/local/python/3.10.4/lib/python3.10/site-packages/airflow/example_dags/example_external_task_marker_dag.py for tasks to queue
[2023-05-07T22:54:12.761+0000] {logging_mixin.py:137} INFO - [2023-05-07T22:54:12.761+0000] {dagbag.py:538} INFO - Filling up the DagBag from /usr/local/python/3.10.4/lib/python3.10/site-packages/airflow/example_dags/example_external_task_marker_dag.py
[2023-05-07T22:54:12.778+0000] {processor.py:753} INFO - DAG(s) dict_keys(['example_external_task_marker_child', 'example_external_task_marker_parent']) retrieved from /usr/local/python/3.10.4/lib/python3.10/site-packages/airflow/example_dags/example_external_task_marker_dag.py
[2023-05-07T22:54:12.796+0000] {logging_mixin.py:137} INFO - [2023-05-07T22:54:12.796+0000] {dag.py:2690} INFO - Sync 2 DAGs
[2023-05-07T22:54:12.812+0000] {logging_mixin.py:137} INFO - [2023-05-07T22:54:12.812+0000] {dag.py:3437} INFO - Setting next_dagrun for example_external_task_marker_child to None, run_after=None
[2023-05-07T22:54:12.815+0000] {logging_mixin.py:137} INFO - [2023-05-07T22:54:12.815+0000] {dag.py:3437} INFO - Setting next_dagrun for example_external_task_marker_parent to None, run_after=None
[2023-05-07T22:54:12.855+0000] {processor.py:175} INFO - Processing /usr/local/python/3.10.4/lib/python3.10/site-packages/airflow/example_dags/example_external_task_marker_dag.py took 0.099 seconds
[2023-05-07T22:54:54.648+0000] {processor.py:153} INFO - Started process (PID=25870) to work on /usr/local/python/3.10.4/lib/python3.10/site-packages/airflow/example_dags/example_external_task_marker_dag.py
[2023-05-07T22:54:54.649+0000] {processor.py:743} INFO - Processing file /usr/local/python/3.10.4/lib/python3.10/site-packages/airflow/example_dags/example_external_task_marker_dag.py for tasks to queue
[2023-05-07T22:54:54.649+0000] {logging_mixin.py:137} INFO - [2023-05-07T22:54:54.649+0000] {dagbag.py:538} INFO - Filling up the DagBag from /usr/local/python/3.10.4/lib/python3.10/site-packages/airflow/example_dags/example_external_task_marker_dag.py
[2023-05-07T22:54:54.664+0000] {processor.py:753} INFO - DAG(s) dict_keys(['example_external_task_marker_parent', 'example_external_task_marker_child']) retrieved from /usr/local/python/3.10.4/lib/python3.10/site-packages/airflow/example_dags/example_external_task_marker_dag.py
[2023-05-07T22:54:54.681+0000] {logging_mixin.py:137} INFO - [2023-05-07T22:54:54.681+0000] {dag.py:2690} INFO - Sync 2 DAGs
[2023-05-07T22:54:54.698+0000] {logging_mixin.py:137} INFO - [2023-05-07T22:54:54.698+0000] {dag.py:3437} INFO - Setting next_dagrun for example_external_task_marker_child to None, run_after=None
[2023-05-07T22:54:54.700+0000] {logging_mixin.py:137} INFO - [2023-05-07T22:54:54.700+0000] {dag.py:3437} INFO - Setting next_dagrun for example_external_task_marker_parent to None, run_after=None
[2023-05-07T22:54:54.739+0000] {processor.py:175} INFO - Processing /usr/local/python/3.10.4/lib/python3.10/site-packages/airflow/example_dags/example_external_task_marker_dag.py took 0.095 seconds
[2023-05-07T22:55:33.810+0000] {processor.py:153} INFO - Started process (PID=26150) to work on /usr/local/python/3.10.4/lib/python3.10/site-packages/airflow/example_dags/example_external_task_marker_dag.py
[2023-05-07T22:55:33.811+0000] {processor.py:743} INFO - Processing file /usr/local/python/3.10.4/lib/python3.10/site-packages/airflow/example_dags/example_external_task_marker_dag.py for tasks to queue
[2023-05-07T22:55:33.811+0000] {logging_mixin.py:137} INFO - [2023-05-07T22:55:33.811+0000] {dagbag.py:538} INFO - Filling up the DagBag from /usr/local/python/3.10.4/lib/python3.10/site-packages/airflow/example_dags/example_external_task_marker_dag.py
[2023-05-07T22:55:33.825+0000] {processor.py:753} INFO - DAG(s) dict_keys(['example_external_task_marker_parent', 'example_external_task_marker_child']) retrieved from /usr/local/python/3.10.4/lib/python3.10/site-packages/airflow/example_dags/example_external_task_marker_dag.py
[2023-05-07T22:55:33.842+0000] {logging_mixin.py:137} INFO - [2023-05-07T22:55:33.842+0000] {dag.py:2690} INFO - Sync 2 DAGs
[2023-05-07T22:55:33.858+0000] {logging_mixin.py:137} INFO - [2023-05-07T22:55:33.858+0000] {dag.py:3437} INFO - Setting next_dagrun for example_external_task_marker_child to None, run_after=None
[2023-05-07T22:55:33.861+0000] {logging_mixin.py:137} INFO - [2023-05-07T22:55:33.861+0000] {dag.py:3437} INFO - Setting next_dagrun for example_external_task_marker_parent to None, run_after=None
[2023-05-07T22:55:33.899+0000] {processor.py:175} INFO - Processing /usr/local/python/3.10.4/lib/python3.10/site-packages/airflow/example_dags/example_external_task_marker_dag.py took 0.092 seconds
[2023-05-07T22:56:09.389+0000] {processor.py:153} INFO - Started process (PID=26383) to work on /usr/local/python/3.10.4/lib/python3.10/site-packages/airflow/example_dags/example_external_task_marker_dag.py
[2023-05-07T22:56:09.390+0000] {processor.py:743} INFO - Processing file /usr/local/python/3.10.4/lib/python3.10/site-packages/airflow/example_dags/example_external_task_marker_dag.py for tasks to queue
[2023-05-07T22:56:09.391+0000] {logging_mixin.py:137} INFO - [2023-05-07T22:56:09.390+0000] {dagbag.py:538} INFO - Filling up the DagBag from /usr/local/python/3.10.4/lib/python3.10/site-packages/airflow/example_dags/example_external_task_marker_dag.py
[2023-05-07T22:56:09.403+0000] {processor.py:753} INFO - DAG(s) dict_keys(['example_external_task_marker_parent', 'example_external_task_marker_child']) retrieved from /usr/local/python/3.10.4/lib/python3.10/site-packages/airflow/example_dags/example_external_task_marker_dag.py
[2023-05-07T22:56:09.425+0000] {logging_mixin.py:137} INFO - [2023-05-07T22:56:09.424+0000] {dag.py:2690} INFO - Sync 2 DAGs
[2023-05-07T22:56:09.450+0000] {logging_mixin.py:137} INFO - [2023-05-07T22:56:09.450+0000] {dag.py:3437} INFO - Setting next_dagrun for example_external_task_marker_child to None, run_after=None
[2023-05-07T22:56:09.455+0000] {logging_mixin.py:137} INFO - [2023-05-07T22:56:09.455+0000] {dag.py:3437} INFO - Setting next_dagrun for example_external_task_marker_parent to None, run_after=None
[2023-05-07T22:56:09.518+0000] {processor.py:175} INFO - Processing /usr/local/python/3.10.4/lib/python3.10/site-packages/airflow/example_dags/example_external_task_marker_dag.py took 0.133 seconds
[2023-05-07T22:56:52.021+0000] {processor.py:153} INFO - Started process (PID=26679) to work on /usr/local/python/3.10.4/lib/python3.10/site-packages/airflow/example_dags/example_external_task_marker_dag.py
[2023-05-07T22:56:52.021+0000] {processor.py:743} INFO - Processing file /usr/local/python/3.10.4/lib/python3.10/site-packages/airflow/example_dags/example_external_task_marker_dag.py for tasks to queue
[2023-05-07T22:56:52.022+0000] {logging_mixin.py:137} INFO - [2023-05-07T22:56:52.022+0000] {dagbag.py:538} INFO - Filling up the DagBag from /usr/local/python/3.10.4/lib/python3.10/site-packages/airflow/example_dags/example_external_task_marker_dag.py
[2023-05-07T22:56:52.038+0000] {processor.py:753} INFO - DAG(s) dict_keys(['example_external_task_marker_child', 'example_external_task_marker_parent']) retrieved from /usr/local/python/3.10.4/lib/python3.10/site-packages/airflow/example_dags/example_external_task_marker_dag.py
[2023-05-07T22:56:52.055+0000] {logging_mixin.py:137} INFO - [2023-05-07T22:56:52.055+0000] {dag.py:2690} INFO - Sync 2 DAGs
[2023-05-07T22:56:52.072+0000] {logging_mixin.py:137} INFO - [2023-05-07T22:56:52.072+0000] {dag.py:3437} INFO - Setting next_dagrun for example_external_task_marker_child to None, run_after=None
[2023-05-07T22:56:52.075+0000] {logging_mixin.py:137} INFO - [2023-05-07T22:56:52.075+0000] {dag.py:3437} INFO - Setting next_dagrun for example_external_task_marker_parent to None, run_after=None
[2023-05-07T22:56:52.116+0000] {processor.py:175} INFO - Processing /usr/local/python/3.10.4/lib/python3.10/site-packages/airflow/example_dags/example_external_task_marker_dag.py took 0.099 seconds
[2023-05-07T22:57:32.965+0000] {processor.py:153} INFO - Started process (PID=26956) to work on /usr/local/python/3.10.4/lib/python3.10/site-packages/airflow/example_dags/example_external_task_marker_dag.py
[2023-05-07T22:57:32.966+0000] {processor.py:743} INFO - Processing file /usr/local/python/3.10.4/lib/python3.10/site-packages/airflow/example_dags/example_external_task_marker_dag.py for tasks to queue
[2023-05-07T22:57:32.967+0000] {logging_mixin.py:137} INFO - [2023-05-07T22:57:32.967+0000] {dagbag.py:538} INFO - Filling up the DagBag from /usr/local/python/3.10.4/lib/python3.10/site-packages/airflow/example_dags/example_external_task_marker_dag.py
[2023-05-07T22:57:32.980+0000] {processor.py:753} INFO - DAG(s) dict_keys(['example_external_task_marker_parent', 'example_external_task_marker_child']) retrieved from /usr/local/python/3.10.4/lib/python3.10/site-packages/airflow/example_dags/example_external_task_marker_dag.py
[2023-05-07T22:57:32.998+0000] {logging_mixin.py:137} INFO - [2023-05-07T22:57:32.998+0000] {dag.py:2690} INFO - Sync 2 DAGs
[2023-05-07T22:57:33.015+0000] {logging_mixin.py:137} INFO - [2023-05-07T22:57:33.015+0000] {dag.py:3437} INFO - Setting next_dagrun for example_external_task_marker_child to None, run_after=None
[2023-05-07T22:57:33.017+0000] {logging_mixin.py:137} INFO - [2023-05-07T22:57:33.017+0000] {dag.py:3437} INFO - Setting next_dagrun for example_external_task_marker_parent to None, run_after=None
[2023-05-07T22:57:33.059+0000] {processor.py:175} INFO - Processing /usr/local/python/3.10.4/lib/python3.10/site-packages/airflow/example_dags/example_external_task_marker_dag.py took 0.097 seconds
