[2023-05-07T22:22:12.656+0000] {processor.py:153} INFO - Started process (PID=9842) to work on /usr/local/python/3.10.4/lib/python3.10/site-packages/airflow/example_dags/example_branch_operator.py
[2023-05-07T22:22:12.657+0000] {processor.py:743} INFO - Processing file /usr/local/python/3.10.4/lib/python3.10/site-packages/airflow/example_dags/example_branch_operator.py for tasks to queue
[2023-05-07T22:22:12.658+0000] {logging_mixin.py:137} INFO - [2023-05-07T22:22:12.658+0000] {dagbag.py:538} INFO - Filling up the DagBag from /usr/local/python/3.10.4/lib/python3.10/site-packages/airflow/example_dags/example_branch_operator.py
[2023-05-07T22:22:12.673+0000] {processor.py:753} INFO - DAG(s) dict_keys(['example_branch_operator']) retrieved from /usr/local/python/3.10.4/lib/python3.10/site-packages/airflow/example_dags/example_branch_operator.py
[2023-05-07T22:22:12.820+0000] {logging_mixin.py:137} INFO - [2023-05-07T22:22:12.820+0000] {manager.py:504} INFO - Created Permission View: can edit on DAG:example_branch_operator
[2023-05-07T22:22:12.853+0000] {logging_mixin.py:137} INFO - [2023-05-07T22:22:12.853+0000] {manager.py:504} INFO - Created Permission View: can delete on DAG:example_branch_operator
[2023-05-07T22:22:12.888+0000] {logging_mixin.py:137} INFO - [2023-05-07T22:22:12.888+0000] {manager.py:504} INFO - Created Permission View: can read on DAG:example_branch_operator
[2023-05-07T22:22:12.889+0000] {logging_mixin.py:137} INFO - [2023-05-07T22:22:12.889+0000] {dag.py:2690} INFO - Sync 1 DAGs
[2023-05-07T22:22:12.898+0000] {logging_mixin.py:137} INFO - [2023-05-07T22:22:12.898+0000] {dag.py:2711} INFO - Creating ORM DAG for example_branch_operator
[2023-05-07T22:22:12.907+0000] {logging_mixin.py:137} INFO - [2023-05-07T22:22:12.907+0000] {dag.py:3437} INFO - Setting next_dagrun for example_branch_operator to 2023-05-06T00:00:00+00:00, run_after=2023-05-07T00:00:00+00:00
[2023-05-07T22:22:12.958+0000] {processor.py:175} INFO - Processing /usr/local/python/3.10.4/lib/python3.10/site-packages/airflow/example_dags/example_branch_operator.py took 0.304 seconds
[2023-05-07T22:22:58.175+0000] {processor.py:153} INFO - Started process (PID=10171) to work on /usr/local/python/3.10.4/lib/python3.10/site-packages/airflow/example_dags/example_branch_operator.py
[2023-05-07T22:22:58.176+0000] {processor.py:743} INFO - Processing file /usr/local/python/3.10.4/lib/python3.10/site-packages/airflow/example_dags/example_branch_operator.py for tasks to queue
[2023-05-07T22:22:58.176+0000] {logging_mixin.py:137} INFO - [2023-05-07T22:22:58.176+0000] {dagbag.py:538} INFO - Filling up the DagBag from /usr/local/python/3.10.4/lib/python3.10/site-packages/airflow/example_dags/example_branch_operator.py
[2023-05-07T22:22:58.192+0000] {processor.py:753} INFO - DAG(s) dict_keys(['example_branch_operator']) retrieved from /usr/local/python/3.10.4/lib/python3.10/site-packages/airflow/example_dags/example_branch_operator.py
[2023-05-07T22:22:58.212+0000] {logging_mixin.py:137} INFO - [2023-05-07T22:22:58.212+0000] {dag.py:2690} INFO - Sync 1 DAGs
[2023-05-07T22:22:58.231+0000] {logging_mixin.py:137} INFO - [2023-05-07T22:22:58.231+0000] {dag.py:3437} INFO - Setting next_dagrun for example_branch_operator to 2023-05-06T00:00:00+00:00, run_after=2023-05-07T00:00:00+00:00
[2023-05-07T22:22:58.272+0000] {processor.py:175} INFO - Processing /usr/local/python/3.10.4/lib/python3.10/site-packages/airflow/example_dags/example_branch_operator.py took 0.100 seconds
[2023-05-07T22:23:39.200+0000] {processor.py:153} INFO - Started process (PID=10563) to work on /usr/local/python/3.10.4/lib/python3.10/site-packages/airflow/example_dags/example_branch_operator.py
[2023-05-07T22:23:39.201+0000] {processor.py:743} INFO - Processing file /usr/local/python/3.10.4/lib/python3.10/site-packages/airflow/example_dags/example_branch_operator.py for tasks to queue
[2023-05-07T22:23:39.202+0000] {logging_mixin.py:137} INFO - [2023-05-07T22:23:39.202+0000] {dagbag.py:538} INFO - Filling up the DagBag from /usr/local/python/3.10.4/lib/python3.10/site-packages/airflow/example_dags/example_branch_operator.py
[2023-05-07T22:23:39.219+0000] {processor.py:753} INFO - DAG(s) dict_keys(['example_branch_operator']) retrieved from /usr/local/python/3.10.4/lib/python3.10/site-packages/airflow/example_dags/example_branch_operator.py
[2023-05-07T22:23:39.236+0000] {logging_mixin.py:137} INFO - [2023-05-07T22:23:39.236+0000] {dag.py:2690} INFO - Sync 1 DAGs
[2023-05-07T22:23:39.254+0000] {logging_mixin.py:137} INFO - [2023-05-07T22:23:39.254+0000] {dag.py:3437} INFO - Setting next_dagrun for example_branch_operator to 2023-05-06T00:00:00+00:00, run_after=2023-05-07T00:00:00+00:00
[2023-05-07T22:23:39.295+0000] {processor.py:175} INFO - Processing /usr/local/python/3.10.4/lib/python3.10/site-packages/airflow/example_dags/example_branch_operator.py took 0.098 seconds
[2023-05-07T22:24:18.645+0000] {processor.py:153} INFO - Started process (PID=10860) to work on /usr/local/python/3.10.4/lib/python3.10/site-packages/airflow/example_dags/example_branch_operator.py
[2023-05-07T22:24:18.646+0000] {processor.py:743} INFO - Processing file /usr/local/python/3.10.4/lib/python3.10/site-packages/airflow/example_dags/example_branch_operator.py for tasks to queue
[2023-05-07T22:24:18.647+0000] {logging_mixin.py:137} INFO - [2023-05-07T22:24:18.647+0000] {dagbag.py:538} INFO - Filling up the DagBag from /usr/local/python/3.10.4/lib/python3.10/site-packages/airflow/example_dags/example_branch_operator.py
[2023-05-07T22:24:18.665+0000] {processor.py:753} INFO - DAG(s) dict_keys(['example_branch_operator']) retrieved from /usr/local/python/3.10.4/lib/python3.10/site-packages/airflow/example_dags/example_branch_operator.py
[2023-05-07T22:24:18.683+0000] {logging_mixin.py:137} INFO - [2023-05-07T22:24:18.683+0000] {dag.py:2690} INFO - Sync 1 DAGs
[2023-05-07T22:24:18.701+0000] {logging_mixin.py:137} INFO - [2023-05-07T22:24:18.701+0000] {dag.py:3437} INFO - Setting next_dagrun for example_branch_operator to 2023-05-06T00:00:00+00:00, run_after=2023-05-07T00:00:00+00:00
[2023-05-07T22:24:18.743+0000] {processor.py:175} INFO - Processing /usr/local/python/3.10.4/lib/python3.10/site-packages/airflow/example_dags/example_branch_operator.py took 0.100 seconds
[2023-05-07T22:25:05.781+0000] {processor.py:153} INFO - Started process (PID=11229) to work on /usr/local/python/3.10.4/lib/python3.10/site-packages/airflow/example_dags/example_branch_operator.py
[2023-05-07T22:25:05.781+0000] {processor.py:743} INFO - Processing file /usr/local/python/3.10.4/lib/python3.10/site-packages/airflow/example_dags/example_branch_operator.py for tasks to queue
[2023-05-07T22:25:05.782+0000] {logging_mixin.py:137} INFO - [2023-05-07T22:25:05.782+0000] {dagbag.py:538} INFO - Filling up the DagBag from /usr/local/python/3.10.4/lib/python3.10/site-packages/airflow/example_dags/example_branch_operator.py
[2023-05-07T22:25:05.799+0000] {processor.py:753} INFO - DAG(s) dict_keys(['example_branch_operator']) retrieved from /usr/local/python/3.10.4/lib/python3.10/site-packages/airflow/example_dags/example_branch_operator.py
[2023-05-07T22:25:05.817+0000] {logging_mixin.py:137} INFO - [2023-05-07T22:25:05.817+0000] {dag.py:2690} INFO - Sync 1 DAGs
[2023-05-07T22:25:05.835+0000] {logging_mixin.py:137} INFO - [2023-05-07T22:25:05.835+0000] {dag.py:3437} INFO - Setting next_dagrun for example_branch_operator to 2023-05-06T00:00:00+00:00, run_after=2023-05-07T00:00:00+00:00
[2023-05-07T22:25:05.879+0000] {processor.py:175} INFO - Processing /usr/local/python/3.10.4/lib/python3.10/site-packages/airflow/example_dags/example_branch_operator.py took 0.102 seconds
[2023-05-07T22:25:42.759+0000] {processor.py:153} INFO - Started process (PID=11509) to work on /usr/local/python/3.10.4/lib/python3.10/site-packages/airflow/example_dags/example_branch_operator.py
[2023-05-07T22:25:42.760+0000] {processor.py:743} INFO - Processing file /usr/local/python/3.10.4/lib/python3.10/site-packages/airflow/example_dags/example_branch_operator.py for tasks to queue
[2023-05-07T22:25:42.761+0000] {logging_mixin.py:137} INFO - [2023-05-07T22:25:42.761+0000] {dagbag.py:538} INFO - Filling up the DagBag from /usr/local/python/3.10.4/lib/python3.10/site-packages/airflow/example_dags/example_branch_operator.py
[2023-05-07T22:25:42.777+0000] {processor.py:753} INFO - DAG(s) dict_keys(['example_branch_operator']) retrieved from /usr/local/python/3.10.4/lib/python3.10/site-packages/airflow/example_dags/example_branch_operator.py
[2023-05-07T22:25:42.796+0000] {logging_mixin.py:137} INFO - [2023-05-07T22:25:42.796+0000] {dag.py:2690} INFO - Sync 1 DAGs
[2023-05-07T22:25:42.815+0000] {logging_mixin.py:137} INFO - [2023-05-07T22:25:42.815+0000] {dag.py:3437} INFO - Setting next_dagrun for example_branch_operator to 2023-05-06T00:00:00+00:00, run_after=2023-05-07T00:00:00+00:00
[2023-05-07T22:25:42.856+0000] {processor.py:175} INFO - Processing /usr/local/python/3.10.4/lib/python3.10/site-packages/airflow/example_dags/example_branch_operator.py took 0.100 seconds
[2023-05-07T22:26:24.755+0000] {processor.py:153} INFO - Started process (PID=11808) to work on /usr/local/python/3.10.4/lib/python3.10/site-packages/airflow/example_dags/example_branch_operator.py
[2023-05-07T22:26:24.756+0000] {processor.py:743} INFO - Processing file /usr/local/python/3.10.4/lib/python3.10/site-packages/airflow/example_dags/example_branch_operator.py for tasks to queue
[2023-05-07T22:26:24.756+0000] {logging_mixin.py:137} INFO - [2023-05-07T22:26:24.756+0000] {dagbag.py:538} INFO - Filling up the DagBag from /usr/local/python/3.10.4/lib/python3.10/site-packages/airflow/example_dags/example_branch_operator.py
[2023-05-07T22:26:24.773+0000] {processor.py:753} INFO - DAG(s) dict_keys(['example_branch_operator']) retrieved from /usr/local/python/3.10.4/lib/python3.10/site-packages/airflow/example_dags/example_branch_operator.py
[2023-05-07T22:26:24.794+0000] {logging_mixin.py:137} INFO - [2023-05-07T22:26:24.794+0000] {dag.py:2690} INFO - Sync 1 DAGs
[2023-05-07T22:26:24.813+0000] {logging_mixin.py:137} INFO - [2023-05-07T22:26:24.813+0000] {dag.py:3437} INFO - Setting next_dagrun for example_branch_operator to 2023-05-06T00:00:00+00:00, run_after=2023-05-07T00:00:00+00:00
[2023-05-07T22:26:24.855+0000] {processor.py:175} INFO - Processing /usr/local/python/3.10.4/lib/python3.10/site-packages/airflow/example_dags/example_branch_operator.py took 0.103 seconds
[2023-05-07T22:27:07.346+0000] {processor.py:153} INFO - Started process (PID=12097) to work on /usr/local/python/3.10.4/lib/python3.10/site-packages/airflow/example_dags/example_branch_operator.py
[2023-05-07T22:27:07.347+0000] {processor.py:743} INFO - Processing file /usr/local/python/3.10.4/lib/python3.10/site-packages/airflow/example_dags/example_branch_operator.py for tasks to queue
[2023-05-07T22:27:07.348+0000] {logging_mixin.py:137} INFO - [2023-05-07T22:27:07.347+0000] {dagbag.py:538} INFO - Filling up the DagBag from /usr/local/python/3.10.4/lib/python3.10/site-packages/airflow/example_dags/example_branch_operator.py
[2023-05-07T22:27:07.364+0000] {processor.py:753} INFO - DAG(s) dict_keys(['example_branch_operator']) retrieved from /usr/local/python/3.10.4/lib/python3.10/site-packages/airflow/example_dags/example_branch_operator.py
[2023-05-07T22:27:07.382+0000] {logging_mixin.py:137} INFO - [2023-05-07T22:27:07.382+0000] {dag.py:2690} INFO - Sync 1 DAGs
[2023-05-07T22:27:07.400+0000] {logging_mixin.py:137} INFO - [2023-05-07T22:27:07.400+0000] {dag.py:3437} INFO - Setting next_dagrun for example_branch_operator to 2023-05-06T00:00:00+00:00, run_after=2023-05-07T00:00:00+00:00
[2023-05-07T22:27:07.442+0000] {processor.py:175} INFO - Processing /usr/local/python/3.10.4/lib/python3.10/site-packages/airflow/example_dags/example_branch_operator.py took 0.099 seconds
[2023-05-07T22:27:49.898+0000] {processor.py:153} INFO - Started process (PID=12385) to work on /usr/local/python/3.10.4/lib/python3.10/site-packages/airflow/example_dags/example_branch_operator.py
[2023-05-07T22:27:49.899+0000] {processor.py:743} INFO - Processing file /usr/local/python/3.10.4/lib/python3.10/site-packages/airflow/example_dags/example_branch_operator.py for tasks to queue
[2023-05-07T22:27:49.900+0000] {logging_mixin.py:137} INFO - [2023-05-07T22:27:49.899+0000] {dagbag.py:538} INFO - Filling up the DagBag from /usr/local/python/3.10.4/lib/python3.10/site-packages/airflow/example_dags/example_branch_operator.py
[2023-05-07T22:27:49.915+0000] {processor.py:753} INFO - DAG(s) dict_keys(['example_branch_operator']) retrieved from /usr/local/python/3.10.4/lib/python3.10/site-packages/airflow/example_dags/example_branch_operator.py
[2023-05-07T22:27:49.933+0000] {logging_mixin.py:137} INFO - [2023-05-07T22:27:49.933+0000] {dag.py:2690} INFO - Sync 1 DAGs
[2023-05-07T22:27:49.951+0000] {logging_mixin.py:137} INFO - [2023-05-07T22:27:49.951+0000] {dag.py:3437} INFO - Setting next_dagrun for example_branch_operator to 2023-05-06T00:00:00+00:00, run_after=2023-05-07T00:00:00+00:00
[2023-05-07T22:27:49.992+0000] {processor.py:175} INFO - Processing /usr/local/python/3.10.4/lib/python3.10/site-packages/airflow/example_dags/example_branch_operator.py took 0.097 seconds
[2023-05-07T22:28:26.769+0000] {processor.py:153} INFO - Started process (PID=12651) to work on /usr/local/python/3.10.4/lib/python3.10/site-packages/airflow/example_dags/example_branch_operator.py
[2023-05-07T22:28:26.770+0000] {processor.py:743} INFO - Processing file /usr/local/python/3.10.4/lib/python3.10/site-packages/airflow/example_dags/example_branch_operator.py for tasks to queue
[2023-05-07T22:28:26.772+0000] {logging_mixin.py:137} INFO - [2023-05-07T22:28:26.772+0000] {dagbag.py:538} INFO - Filling up the DagBag from /usr/local/python/3.10.4/lib/python3.10/site-packages/airflow/example_dags/example_branch_operator.py
[2023-05-07T22:28:26.788+0000] {processor.py:753} INFO - DAG(s) dict_keys(['example_branch_operator']) retrieved from /usr/local/python/3.10.4/lib/python3.10/site-packages/airflow/example_dags/example_branch_operator.py
[2023-05-07T22:28:26.805+0000] {logging_mixin.py:137} INFO - [2023-05-07T22:28:26.805+0000] {dag.py:2690} INFO - Sync 1 DAGs
[2023-05-07T22:28:26.824+0000] {logging_mixin.py:137} INFO - [2023-05-07T22:28:26.824+0000] {dag.py:3437} INFO - Setting next_dagrun for example_branch_operator to 2023-05-06T00:00:00+00:00, run_after=2023-05-07T00:00:00+00:00
[2023-05-07T22:28:26.865+0000] {processor.py:175} INFO - Processing /usr/local/python/3.10.4/lib/python3.10/site-packages/airflow/example_dags/example_branch_operator.py took 0.100 seconds
[2023-05-07T22:29:11.298+0000] {processor.py:153} INFO - Started process (PID=12949) to work on /usr/local/python/3.10.4/lib/python3.10/site-packages/airflow/example_dags/example_branch_operator.py
[2023-05-07T22:29:11.299+0000] {processor.py:743} INFO - Processing file /usr/local/python/3.10.4/lib/python3.10/site-packages/airflow/example_dags/example_branch_operator.py for tasks to queue
[2023-05-07T22:29:11.300+0000] {logging_mixin.py:137} INFO - [2023-05-07T22:29:11.299+0000] {dagbag.py:538} INFO - Filling up the DagBag from /usr/local/python/3.10.4/lib/python3.10/site-packages/airflow/example_dags/example_branch_operator.py
[2023-05-07T22:29:11.316+0000] {processor.py:753} INFO - DAG(s) dict_keys(['example_branch_operator']) retrieved from /usr/local/python/3.10.4/lib/python3.10/site-packages/airflow/example_dags/example_branch_operator.py
[2023-05-07T22:29:11.333+0000] {logging_mixin.py:137} INFO - [2023-05-07T22:29:11.333+0000] {dag.py:2690} INFO - Sync 1 DAGs
[2023-05-07T22:29:11.352+0000] {logging_mixin.py:137} INFO - [2023-05-07T22:29:11.352+0000] {dag.py:3437} INFO - Setting next_dagrun for example_branch_operator to 2023-05-06T00:00:00+00:00, run_after=2023-05-07T00:00:00+00:00
[2023-05-07T22:29:11.393+0000] {processor.py:175} INFO - Processing /usr/local/python/3.10.4/lib/python3.10/site-packages/airflow/example_dags/example_branch_operator.py took 0.098 seconds
[2023-05-07T22:29:54.403+0000] {processor.py:153} INFO - Started process (PID=13252) to work on /usr/local/python/3.10.4/lib/python3.10/site-packages/airflow/example_dags/example_branch_operator.py
[2023-05-07T22:29:54.404+0000] {processor.py:743} INFO - Processing file /usr/local/python/3.10.4/lib/python3.10/site-packages/airflow/example_dags/example_branch_operator.py for tasks to queue
[2023-05-07T22:29:54.405+0000] {logging_mixin.py:137} INFO - [2023-05-07T22:29:54.404+0000] {dagbag.py:538} INFO - Filling up the DagBag from /usr/local/python/3.10.4/lib/python3.10/site-packages/airflow/example_dags/example_branch_operator.py
[2023-05-07T22:29:54.421+0000] {processor.py:753} INFO - DAG(s) dict_keys(['example_branch_operator']) retrieved from /usr/local/python/3.10.4/lib/python3.10/site-packages/airflow/example_dags/example_branch_operator.py
[2023-05-07T22:29:54.438+0000] {logging_mixin.py:137} INFO - [2023-05-07T22:29:54.438+0000] {dag.py:2690} INFO - Sync 1 DAGs
[2023-05-07T22:29:54.456+0000] {logging_mixin.py:137} INFO - [2023-05-07T22:29:54.456+0000] {dag.py:3437} INFO - Setting next_dagrun for example_branch_operator to 2023-05-06T00:00:00+00:00, run_after=2023-05-07T00:00:00+00:00
[2023-05-07T22:29:54.613+0000] {processor.py:175} INFO - Processing /usr/local/python/3.10.4/lib/python3.10/site-packages/airflow/example_dags/example_branch_operator.py took 0.213 seconds
[2023-05-07T22:30:34.356+0000] {processor.py:153} INFO - Started process (PID=13520) to work on /usr/local/python/3.10.4/lib/python3.10/site-packages/airflow/example_dags/example_branch_operator.py
[2023-05-07T22:30:34.357+0000] {processor.py:743} INFO - Processing file /usr/local/python/3.10.4/lib/python3.10/site-packages/airflow/example_dags/example_branch_operator.py for tasks to queue
[2023-05-07T22:30:34.358+0000] {logging_mixin.py:137} INFO - [2023-05-07T22:30:34.358+0000] {dagbag.py:538} INFO - Filling up the DagBag from /usr/local/python/3.10.4/lib/python3.10/site-packages/airflow/example_dags/example_branch_operator.py
[2023-05-07T22:30:34.375+0000] {processor.py:753} INFO - DAG(s) dict_keys(['example_branch_operator']) retrieved from /usr/local/python/3.10.4/lib/python3.10/site-packages/airflow/example_dags/example_branch_operator.py
[2023-05-07T22:30:34.396+0000] {logging_mixin.py:137} INFO - [2023-05-07T22:30:34.396+0000] {dag.py:2690} INFO - Sync 1 DAGs
[2023-05-07T22:30:34.525+0000] {logging_mixin.py:137} INFO - [2023-05-07T22:30:34.525+0000] {dag.py:3437} INFO - Setting next_dagrun for example_branch_operator to 2023-05-06T00:00:00+00:00, run_after=2023-05-07T00:00:00+00:00
[2023-05-07T22:30:34.565+0000] {processor.py:175} INFO - Processing /usr/local/python/3.10.4/lib/python3.10/site-packages/airflow/example_dags/example_branch_operator.py took 0.213 seconds
[2023-05-07T22:31:25.151+0000] {processor.py:153} INFO - Started process (PID=13868) to work on /usr/local/python/3.10.4/lib/python3.10/site-packages/airflow/example_dags/example_branch_operator.py
[2023-05-07T22:31:25.152+0000] {processor.py:743} INFO - Processing file /usr/local/python/3.10.4/lib/python3.10/site-packages/airflow/example_dags/example_branch_operator.py for tasks to queue
[2023-05-07T22:31:25.152+0000] {logging_mixin.py:137} INFO - [2023-05-07T22:31:25.152+0000] {dagbag.py:538} INFO - Filling up the DagBag from /usr/local/python/3.10.4/lib/python3.10/site-packages/airflow/example_dags/example_branch_operator.py
[2023-05-07T22:31:25.171+0000] {processor.py:753} INFO - DAG(s) dict_keys(['example_branch_operator']) retrieved from /usr/local/python/3.10.4/lib/python3.10/site-packages/airflow/example_dags/example_branch_operator.py
[2023-05-07T22:31:25.189+0000] {logging_mixin.py:137} INFO - [2023-05-07T22:31:25.189+0000] {dag.py:2690} INFO - Sync 1 DAGs
[2023-05-07T22:31:25.342+0000] {logging_mixin.py:137} INFO - [2023-05-07T22:31:25.342+0000] {dag.py:3437} INFO - Setting next_dagrun for example_branch_operator to 2023-05-06T00:00:00+00:00, run_after=2023-05-07T00:00:00+00:00
[2023-05-07T22:31:25.383+0000] {processor.py:175} INFO - Processing /usr/local/python/3.10.4/lib/python3.10/site-packages/airflow/example_dags/example_branch_operator.py took 0.235 seconds
[2023-05-07T22:32:10.233+0000] {processor.py:153} INFO - Started process (PID=14189) to work on /usr/local/python/3.10.4/lib/python3.10/site-packages/airflow/example_dags/example_branch_operator.py
[2023-05-07T22:32:10.234+0000] {processor.py:743} INFO - Processing file /usr/local/python/3.10.4/lib/python3.10/site-packages/airflow/example_dags/example_branch_operator.py for tasks to queue
[2023-05-07T22:32:10.235+0000] {logging_mixin.py:137} INFO - [2023-05-07T22:32:10.235+0000] {dagbag.py:538} INFO - Filling up the DagBag from /usr/local/python/3.10.4/lib/python3.10/site-packages/airflow/example_dags/example_branch_operator.py
[2023-05-07T22:32:10.251+0000] {processor.py:753} INFO - DAG(s) dict_keys(['example_branch_operator']) retrieved from /usr/local/python/3.10.4/lib/python3.10/site-packages/airflow/example_dags/example_branch_operator.py
[2023-05-07T22:32:10.378+0000] {logging_mixin.py:137} INFO - [2023-05-07T22:32:10.378+0000] {dag.py:2690} INFO - Sync 1 DAGs
[2023-05-07T22:32:10.394+0000] {logging_mixin.py:137} INFO - [2023-05-07T22:32:10.394+0000] {dag.py:3437} INFO - Setting next_dagrun for example_branch_operator to 2023-05-06T00:00:00+00:00, run_after=2023-05-07T00:00:00+00:00
[2023-05-07T22:32:10.435+0000] {processor.py:175} INFO - Processing /usr/local/python/3.10.4/lib/python3.10/site-packages/airflow/example_dags/example_branch_operator.py took 0.204 seconds
[2023-05-07T22:32:57.617+0000] {processor.py:153} INFO - Started process (PID=14514) to work on /usr/local/python/3.10.4/lib/python3.10/site-packages/airflow/example_dags/example_branch_operator.py
[2023-05-07T22:32:57.617+0000] {processor.py:743} INFO - Processing file /usr/local/python/3.10.4/lib/python3.10/site-packages/airflow/example_dags/example_branch_operator.py for tasks to queue
[2023-05-07T22:32:57.618+0000] {logging_mixin.py:137} INFO - [2023-05-07T22:32:57.618+0000] {dagbag.py:538} INFO - Filling up the DagBag from /usr/local/python/3.10.4/lib/python3.10/site-packages/airflow/example_dags/example_branch_operator.py
[2023-05-07T22:32:57.634+0000] {processor.py:753} INFO - DAG(s) dict_keys(['example_branch_operator']) retrieved from /usr/local/python/3.10.4/lib/python3.10/site-packages/airflow/example_dags/example_branch_operator.py
[2023-05-07T22:32:57.759+0000] {logging_mixin.py:137} INFO - [2023-05-07T22:32:57.759+0000] {dag.py:2690} INFO - Sync 1 DAGs
[2023-05-07T22:32:57.775+0000] {logging_mixin.py:137} INFO - [2023-05-07T22:32:57.775+0000] {dag.py:3437} INFO - Setting next_dagrun for example_branch_operator to 2023-05-06T00:00:00+00:00, run_after=2023-05-07T00:00:00+00:00
[2023-05-07T22:32:57.816+0000] {processor.py:175} INFO - Processing /usr/local/python/3.10.4/lib/python3.10/site-packages/airflow/example_dags/example_branch_operator.py took 0.202 seconds
[2023-05-07T22:33:47.028+0000] {processor.py:153} INFO - Started process (PID=14857) to work on /usr/local/python/3.10.4/lib/python3.10/site-packages/airflow/example_dags/example_branch_operator.py
[2023-05-07T22:33:47.029+0000] {processor.py:743} INFO - Processing file /usr/local/python/3.10.4/lib/python3.10/site-packages/airflow/example_dags/example_branch_operator.py for tasks to queue
[2023-05-07T22:33:47.030+0000] {logging_mixin.py:137} INFO - [2023-05-07T22:33:47.029+0000] {dagbag.py:538} INFO - Filling up the DagBag from /usr/local/python/3.10.4/lib/python3.10/site-packages/airflow/example_dags/example_branch_operator.py
[2023-05-07T22:33:47.157+0000] {processor.py:753} INFO - DAG(s) dict_keys(['example_branch_operator']) retrieved from /usr/local/python/3.10.4/lib/python3.10/site-packages/airflow/example_dags/example_branch_operator.py
[2023-05-07T22:33:47.171+0000] {logging_mixin.py:137} INFO - [2023-05-07T22:33:47.170+0000] {dag.py:2690} INFO - Sync 1 DAGs
[2023-05-07T22:33:47.187+0000] {logging_mixin.py:137} INFO - [2023-05-07T22:33:47.187+0000] {dag.py:3437} INFO - Setting next_dagrun for example_branch_operator to 2023-05-06T00:00:00+00:00, run_after=2023-05-07T00:00:00+00:00
[2023-05-07T22:33:47.230+0000] {processor.py:175} INFO - Processing /usr/local/python/3.10.4/lib/python3.10/site-packages/airflow/example_dags/example_branch_operator.py took 0.205 seconds
[2023-05-07T22:34:34.761+0000] {processor.py:153} INFO - Started process (PID=15254) to work on /usr/local/python/3.10.4/lib/python3.10/site-packages/airflow/example_dags/example_branch_operator.py
[2023-05-07T22:34:34.762+0000] {processor.py:743} INFO - Processing file /usr/local/python/3.10.4/lib/python3.10/site-packages/airflow/example_dags/example_branch_operator.py for tasks to queue
[2023-05-07T22:34:34.762+0000] {logging_mixin.py:137} INFO - [2023-05-07T22:34:34.762+0000] {dagbag.py:538} INFO - Filling up the DagBag from /usr/local/python/3.10.4/lib/python3.10/site-packages/airflow/example_dags/example_branch_operator.py
[2023-05-07T22:34:34.779+0000] {processor.py:753} INFO - DAG(s) dict_keys(['example_branch_operator']) retrieved from /usr/local/python/3.10.4/lib/python3.10/site-packages/airflow/example_dags/example_branch_operator.py
[2023-05-07T22:34:34.796+0000] {logging_mixin.py:137} INFO - [2023-05-07T22:34:34.796+0000] {dag.py:2690} INFO - Sync 1 DAGs
[2023-05-07T22:34:34.814+0000] {logging_mixin.py:137} INFO - [2023-05-07T22:34:34.814+0000] {dag.py:3437} INFO - Setting next_dagrun for example_branch_operator to 2023-05-06T00:00:00+00:00, run_after=2023-05-07T00:00:00+00:00
[2023-05-07T22:34:34.855+0000] {processor.py:175} INFO - Processing /usr/local/python/3.10.4/lib/python3.10/site-packages/airflow/example_dags/example_branch_operator.py took 0.097 seconds
[2023-05-07T22:35:12.051+0000] {processor.py:153} INFO - Started process (PID=15501) to work on /usr/local/python/3.10.4/lib/python3.10/site-packages/airflow/example_dags/example_branch_operator.py
[2023-05-07T22:35:12.052+0000] {processor.py:743} INFO - Processing file /usr/local/python/3.10.4/lib/python3.10/site-packages/airflow/example_dags/example_branch_operator.py for tasks to queue
[2023-05-07T22:35:12.052+0000] {logging_mixin.py:137} INFO - [2023-05-07T22:35:12.052+0000] {dagbag.py:538} INFO - Filling up the DagBag from /usr/local/python/3.10.4/lib/python3.10/site-packages/airflow/example_dags/example_branch_operator.py
[2023-05-07T22:35:12.069+0000] {processor.py:753} INFO - DAG(s) dict_keys(['example_branch_operator']) retrieved from /usr/local/python/3.10.4/lib/python3.10/site-packages/airflow/example_dags/example_branch_operator.py
[2023-05-07T22:35:12.087+0000] {logging_mixin.py:137} INFO - [2023-05-07T22:35:12.087+0000] {dag.py:2690} INFO - Sync 1 DAGs
[2023-05-07T22:35:12.106+0000] {logging_mixin.py:137} INFO - [2023-05-07T22:35:12.106+0000] {dag.py:3437} INFO - Setting next_dagrun for example_branch_operator to 2023-05-06T00:00:00+00:00, run_after=2023-05-07T00:00:00+00:00
[2023-05-07T22:35:12.148+0000] {processor.py:175} INFO - Processing /usr/local/python/3.10.4/lib/python3.10/site-packages/airflow/example_dags/example_branch_operator.py took 0.100 seconds
[2023-05-07T22:35:53.669+0000] {processor.py:153} INFO - Started process (PID=15792) to work on /usr/local/python/3.10.4/lib/python3.10/site-packages/airflow/example_dags/example_branch_operator.py
[2023-05-07T22:35:53.670+0000] {processor.py:743} INFO - Processing file /usr/local/python/3.10.4/lib/python3.10/site-packages/airflow/example_dags/example_branch_operator.py for tasks to queue
[2023-05-07T22:35:53.671+0000] {logging_mixin.py:137} INFO - [2023-05-07T22:35:53.671+0000] {dagbag.py:538} INFO - Filling up the DagBag from /usr/local/python/3.10.4/lib/python3.10/site-packages/airflow/example_dags/example_branch_operator.py
[2023-05-07T22:35:53.688+0000] {processor.py:753} INFO - DAG(s) dict_keys(['example_branch_operator']) retrieved from /usr/local/python/3.10.4/lib/python3.10/site-packages/airflow/example_dags/example_branch_operator.py
[2023-05-07T22:35:53.706+0000] {logging_mixin.py:137} INFO - [2023-05-07T22:35:53.706+0000] {dag.py:2690} INFO - Sync 1 DAGs
[2023-05-07T22:35:53.726+0000] {logging_mixin.py:137} INFO - [2023-05-07T22:35:53.726+0000] {dag.py:3437} INFO - Setting next_dagrun for example_branch_operator to 2023-05-06T00:00:00+00:00, run_after=2023-05-07T00:00:00+00:00
[2023-05-07T22:35:53.768+0000] {processor.py:175} INFO - Processing /usr/local/python/3.10.4/lib/python3.10/site-packages/airflow/example_dags/example_branch_operator.py took 0.101 seconds
[2023-05-07T22:36:37.992+0000] {processor.py:153} INFO - Started process (PID=16127) to work on /usr/local/python/3.10.4/lib/python3.10/site-packages/airflow/example_dags/example_branch_operator.py
[2023-05-07T22:36:37.993+0000] {processor.py:743} INFO - Processing file /usr/local/python/3.10.4/lib/python3.10/site-packages/airflow/example_dags/example_branch_operator.py for tasks to queue
[2023-05-07T22:36:37.993+0000] {logging_mixin.py:137} INFO - [2023-05-07T22:36:37.993+0000] {dagbag.py:538} INFO - Filling up the DagBag from /usr/local/python/3.10.4/lib/python3.10/site-packages/airflow/example_dags/example_branch_operator.py
[2023-05-07T22:36:38.010+0000] {processor.py:753} INFO - DAG(s) dict_keys(['example_branch_operator']) retrieved from /usr/local/python/3.10.4/lib/python3.10/site-packages/airflow/example_dags/example_branch_operator.py
[2023-05-07T22:36:38.029+0000] {logging_mixin.py:137} INFO - [2023-05-07T22:36:38.028+0000] {dag.py:2690} INFO - Sync 1 DAGs
[2023-05-07T22:36:38.049+0000] {logging_mixin.py:137} INFO - [2023-05-07T22:36:38.048+0000] {dag.py:3437} INFO - Setting next_dagrun for example_branch_operator to 2023-05-06T00:00:00+00:00, run_after=2023-05-07T00:00:00+00:00
[2023-05-07T22:36:38.093+0000] {processor.py:175} INFO - Processing /usr/local/python/3.10.4/lib/python3.10/site-packages/airflow/example_dags/example_branch_operator.py took 0.104 seconds
[2023-05-07T22:37:19.751+0000] {processor.py:153} INFO - Started process (PID=16425) to work on /usr/local/python/3.10.4/lib/python3.10/site-packages/airflow/example_dags/example_branch_operator.py
[2023-05-07T22:37:19.752+0000] {processor.py:743} INFO - Processing file /usr/local/python/3.10.4/lib/python3.10/site-packages/airflow/example_dags/example_branch_operator.py for tasks to queue
[2023-05-07T22:37:19.752+0000] {logging_mixin.py:137} INFO - [2023-05-07T22:37:19.752+0000] {dagbag.py:538} INFO - Filling up the DagBag from /usr/local/python/3.10.4/lib/python3.10/site-packages/airflow/example_dags/example_branch_operator.py
[2023-05-07T22:37:19.768+0000] {processor.py:753} INFO - DAG(s) dict_keys(['example_branch_operator']) retrieved from /usr/local/python/3.10.4/lib/python3.10/site-packages/airflow/example_dags/example_branch_operator.py
[2023-05-07T22:37:19.786+0000] {logging_mixin.py:137} INFO - [2023-05-07T22:37:19.786+0000] {dag.py:2690} INFO - Sync 1 DAGs
[2023-05-07T22:37:19.805+0000] {logging_mixin.py:137} INFO - [2023-05-07T22:37:19.805+0000] {dag.py:3437} INFO - Setting next_dagrun for example_branch_operator to 2023-05-06T00:00:00+00:00, run_after=2023-05-07T00:00:00+00:00
[2023-05-07T22:37:19.845+0000] {processor.py:175} INFO - Processing /usr/local/python/3.10.4/lib/python3.10/site-packages/airflow/example_dags/example_branch_operator.py took 0.098 seconds
[2023-05-07T22:38:02.191+0000] {processor.py:153} INFO - Started process (PID=16732) to work on /usr/local/python/3.10.4/lib/python3.10/site-packages/airflow/example_dags/example_branch_operator.py
[2023-05-07T22:38:02.192+0000] {processor.py:743} INFO - Processing file /usr/local/python/3.10.4/lib/python3.10/site-packages/airflow/example_dags/example_branch_operator.py for tasks to queue
[2023-05-07T22:38:02.192+0000] {logging_mixin.py:137} INFO - [2023-05-07T22:38:02.192+0000] {dagbag.py:538} INFO - Filling up the DagBag from /usr/local/python/3.10.4/lib/python3.10/site-packages/airflow/example_dags/example_branch_operator.py
[2023-05-07T22:38:02.209+0000] {processor.py:753} INFO - DAG(s) dict_keys(['example_branch_operator']) retrieved from /usr/local/python/3.10.4/lib/python3.10/site-packages/airflow/example_dags/example_branch_operator.py
[2023-05-07T22:38:02.226+0000] {logging_mixin.py:137} INFO - [2023-05-07T22:38:02.226+0000] {dag.py:2690} INFO - Sync 1 DAGs
[2023-05-07T22:38:02.244+0000] {logging_mixin.py:137} INFO - [2023-05-07T22:38:02.244+0000] {dag.py:3437} INFO - Setting next_dagrun for example_branch_operator to 2023-05-06T00:00:00+00:00, run_after=2023-05-07T00:00:00+00:00
[2023-05-07T22:38:02.295+0000] {processor.py:175} INFO - Processing /usr/local/python/3.10.4/lib/python3.10/site-packages/airflow/example_dags/example_branch_operator.py took 0.107 seconds
[2023-05-07T22:38:37.333+0000] {processor.py:153} INFO - Started process (PID=16978) to work on /usr/local/python/3.10.4/lib/python3.10/site-packages/airflow/example_dags/example_branch_operator.py
[2023-05-07T22:38:37.334+0000] {processor.py:743} INFO - Processing file /usr/local/python/3.10.4/lib/python3.10/site-packages/airflow/example_dags/example_branch_operator.py for tasks to queue
[2023-05-07T22:38:37.335+0000] {logging_mixin.py:137} INFO - [2023-05-07T22:38:37.335+0000] {dagbag.py:538} INFO - Filling up the DagBag from /usr/local/python/3.10.4/lib/python3.10/site-packages/airflow/example_dags/example_branch_operator.py
[2023-05-07T22:38:37.351+0000] {processor.py:753} INFO - DAG(s) dict_keys(['example_branch_operator']) retrieved from /usr/local/python/3.10.4/lib/python3.10/site-packages/airflow/example_dags/example_branch_operator.py
[2023-05-07T22:38:37.369+0000] {logging_mixin.py:137} INFO - [2023-05-07T22:38:37.369+0000] {dag.py:2690} INFO - Sync 1 DAGs
[2023-05-07T22:38:37.388+0000] {logging_mixin.py:137} INFO - [2023-05-07T22:38:37.388+0000] {dag.py:3437} INFO - Setting next_dagrun for example_branch_operator to 2023-05-06T00:00:00+00:00, run_after=2023-05-07T00:00:00+00:00
[2023-05-07T22:38:37.429+0000] {processor.py:175} INFO - Processing /usr/local/python/3.10.4/lib/python3.10/site-packages/airflow/example_dags/example_branch_operator.py took 0.098 seconds
[2023-05-07T22:39:11.123+0000] {processor.py:153} INFO - Started process (PID=17230) to work on /usr/local/python/3.10.4/lib/python3.10/site-packages/airflow/example_dags/example_branch_operator.py
[2023-05-07T22:39:11.123+0000] {processor.py:743} INFO - Processing file /usr/local/python/3.10.4/lib/python3.10/site-packages/airflow/example_dags/example_branch_operator.py for tasks to queue
[2023-05-07T22:39:11.124+0000] {logging_mixin.py:137} INFO - [2023-05-07T22:39:11.124+0000] {dagbag.py:538} INFO - Filling up the DagBag from /usr/local/python/3.10.4/lib/python3.10/site-packages/airflow/example_dags/example_branch_operator.py
[2023-05-07T22:39:11.141+0000] {processor.py:753} INFO - DAG(s) dict_keys(['example_branch_operator']) retrieved from /usr/local/python/3.10.4/lib/python3.10/site-packages/airflow/example_dags/example_branch_operator.py
[2023-05-07T22:39:11.159+0000] {logging_mixin.py:137} INFO - [2023-05-07T22:39:11.159+0000] {dag.py:2690} INFO - Sync 1 DAGs
[2023-05-07T22:39:11.179+0000] {logging_mixin.py:137} INFO - [2023-05-07T22:39:11.179+0000] {dag.py:3437} INFO - Setting next_dagrun for example_branch_operator to 2023-05-06T00:00:00+00:00, run_after=2023-05-07T00:00:00+00:00
[2023-05-07T22:39:11.219+0000] {processor.py:175} INFO - Processing /usr/local/python/3.10.4/lib/python3.10/site-packages/airflow/example_dags/example_branch_operator.py took 0.099 seconds
[2023-05-07T22:39:54.834+0000] {processor.py:153} INFO - Started process (PID=17547) to work on /usr/local/python/3.10.4/lib/python3.10/site-packages/airflow/example_dags/example_branch_operator.py
[2023-05-07T22:39:54.835+0000] {processor.py:743} INFO - Processing file /usr/local/python/3.10.4/lib/python3.10/site-packages/airflow/example_dags/example_branch_operator.py for tasks to queue
[2023-05-07T22:39:54.835+0000] {logging_mixin.py:137} INFO - [2023-05-07T22:39:54.835+0000] {dagbag.py:538} INFO - Filling up the DagBag from /usr/local/python/3.10.4/lib/python3.10/site-packages/airflow/example_dags/example_branch_operator.py
[2023-05-07T22:39:54.851+0000] {processor.py:753} INFO - DAG(s) dict_keys(['example_branch_operator']) retrieved from /usr/local/python/3.10.4/lib/python3.10/site-packages/airflow/example_dags/example_branch_operator.py
[2023-05-07T22:39:54.869+0000] {logging_mixin.py:137} INFO - [2023-05-07T22:39:54.868+0000] {dag.py:2690} INFO - Sync 1 DAGs
[2023-05-07T22:39:54.887+0000] {logging_mixin.py:137} INFO - [2023-05-07T22:39:54.887+0000] {dag.py:3437} INFO - Setting next_dagrun for example_branch_operator to 2023-05-06T00:00:00+00:00, run_after=2023-05-07T00:00:00+00:00
[2023-05-07T22:39:54.927+0000] {processor.py:175} INFO - Processing /usr/local/python/3.10.4/lib/python3.10/site-packages/airflow/example_dags/example_branch_operator.py took 0.096 seconds
[2023-05-07T22:40:34.961+0000] {processor.py:153} INFO - Started process (PID=17863) to work on /usr/local/python/3.10.4/lib/python3.10/site-packages/airflow/example_dags/example_branch_operator.py
[2023-05-07T22:40:34.962+0000] {processor.py:743} INFO - Processing file /usr/local/python/3.10.4/lib/python3.10/site-packages/airflow/example_dags/example_branch_operator.py for tasks to queue
[2023-05-07T22:40:34.963+0000] {logging_mixin.py:137} INFO - [2023-05-07T22:40:34.962+0000] {dagbag.py:538} INFO - Filling up the DagBag from /usr/local/python/3.10.4/lib/python3.10/site-packages/airflow/example_dags/example_branch_operator.py
[2023-05-07T22:40:34.979+0000] {processor.py:753} INFO - DAG(s) dict_keys(['example_branch_operator']) retrieved from /usr/local/python/3.10.4/lib/python3.10/site-packages/airflow/example_dags/example_branch_operator.py
[2023-05-07T22:40:34.996+0000] {logging_mixin.py:137} INFO - [2023-05-07T22:40:34.996+0000] {dag.py:2690} INFO - Sync 1 DAGs
[2023-05-07T22:40:35.015+0000] {logging_mixin.py:137} INFO - [2023-05-07T22:40:35.015+0000] {dag.py:3437} INFO - Setting next_dagrun for example_branch_operator to 2023-05-06T00:00:00+00:00, run_after=2023-05-07T00:00:00+00:00
[2023-05-07T22:40:35.055+0000] {processor.py:175} INFO - Processing /usr/local/python/3.10.4/lib/python3.10/site-packages/airflow/example_dags/example_branch_operator.py took 0.097 seconds
[2023-05-07T22:41:14.431+0000] {processor.py:153} INFO - Started process (PID=18145) to work on /usr/local/python/3.10.4/lib/python3.10/site-packages/airflow/example_dags/example_branch_operator.py
[2023-05-07T22:41:14.432+0000] {processor.py:743} INFO - Processing file /usr/local/python/3.10.4/lib/python3.10/site-packages/airflow/example_dags/example_branch_operator.py for tasks to queue
[2023-05-07T22:41:14.433+0000] {logging_mixin.py:137} INFO - [2023-05-07T22:41:14.433+0000] {dagbag.py:538} INFO - Filling up the DagBag from /usr/local/python/3.10.4/lib/python3.10/site-packages/airflow/example_dags/example_branch_operator.py
[2023-05-07T22:41:14.449+0000] {processor.py:753} INFO - DAG(s) dict_keys(['example_branch_operator']) retrieved from /usr/local/python/3.10.4/lib/python3.10/site-packages/airflow/example_dags/example_branch_operator.py
[2023-05-07T22:41:14.467+0000] {logging_mixin.py:137} INFO - [2023-05-07T22:41:14.466+0000] {dag.py:2690} INFO - Sync 1 DAGs
[2023-05-07T22:41:14.485+0000] {logging_mixin.py:137} INFO - [2023-05-07T22:41:14.485+0000] {dag.py:3437} INFO - Setting next_dagrun for example_branch_operator to 2023-05-06T00:00:00+00:00, run_after=2023-05-07T00:00:00+00:00
[2023-05-07T22:41:14.524+0000] {processor.py:175} INFO - Processing /usr/local/python/3.10.4/lib/python3.10/site-packages/airflow/example_dags/example_branch_operator.py took 0.095 seconds
[2023-05-07T22:41:55.264+0000] {processor.py:153} INFO - Started process (PID=18442) to work on /usr/local/python/3.10.4/lib/python3.10/site-packages/airflow/example_dags/example_branch_operator.py
[2023-05-07T22:41:55.264+0000] {processor.py:743} INFO - Processing file /usr/local/python/3.10.4/lib/python3.10/site-packages/airflow/example_dags/example_branch_operator.py for tasks to queue
[2023-05-07T22:41:55.265+0000] {logging_mixin.py:137} INFO - [2023-05-07T22:41:55.265+0000] {dagbag.py:538} INFO - Filling up the DagBag from /usr/local/python/3.10.4/lib/python3.10/site-packages/airflow/example_dags/example_branch_operator.py
[2023-05-07T22:41:55.281+0000] {processor.py:753} INFO - DAG(s) dict_keys(['example_branch_operator']) retrieved from /usr/local/python/3.10.4/lib/python3.10/site-packages/airflow/example_dags/example_branch_operator.py
[2023-05-07T22:41:55.301+0000] {logging_mixin.py:137} INFO - [2023-05-07T22:41:55.301+0000] {dag.py:2690} INFO - Sync 1 DAGs
[2023-05-07T22:41:55.328+0000] {logging_mixin.py:137} INFO - [2023-05-07T22:41:55.328+0000] {dag.py:3437} INFO - Setting next_dagrun for example_branch_operator to 2023-05-06T00:00:00+00:00, run_after=2023-05-07T00:00:00+00:00
[2023-05-07T22:41:55.375+0000] {processor.py:175} INFO - Processing /usr/local/python/3.10.4/lib/python3.10/site-packages/airflow/example_dags/example_branch_operator.py took 0.115 seconds
[2023-05-07T22:42:35.834+0000] {processor.py:153} INFO - Started process (PID=18824) to work on /usr/local/python/3.10.4/lib/python3.10/site-packages/airflow/example_dags/example_branch_operator.py
[2023-05-07T22:42:35.836+0000] {processor.py:743} INFO - Processing file /usr/local/python/3.10.4/lib/python3.10/site-packages/airflow/example_dags/example_branch_operator.py for tasks to queue
[2023-05-07T22:42:35.836+0000] {logging_mixin.py:137} INFO - [2023-05-07T22:42:35.836+0000] {dagbag.py:538} INFO - Filling up the DagBag from /usr/local/python/3.10.4/lib/python3.10/site-packages/airflow/example_dags/example_branch_operator.py
[2023-05-07T22:42:35.853+0000] {processor.py:753} INFO - DAG(s) dict_keys(['example_branch_operator']) retrieved from /usr/local/python/3.10.4/lib/python3.10/site-packages/airflow/example_dags/example_branch_operator.py
[2023-05-07T22:42:35.870+0000] {logging_mixin.py:137} INFO - [2023-05-07T22:42:35.870+0000] {dag.py:2690} INFO - Sync 1 DAGs
[2023-05-07T22:42:35.888+0000] {logging_mixin.py:137} INFO - [2023-05-07T22:42:35.887+0000] {dag.py:3437} INFO - Setting next_dagrun for example_branch_operator to 2023-05-06T00:00:00+00:00, run_after=2023-05-07T00:00:00+00:00
[2023-05-07T22:42:35.929+0000] {processor.py:175} INFO - Processing /usr/local/python/3.10.4/lib/python3.10/site-packages/airflow/example_dags/example_branch_operator.py took 0.099 seconds
[2023-05-07T22:43:09.947+0000] {processor.py:153} INFO - Started process (PID=19142) to work on /usr/local/python/3.10.4/lib/python3.10/site-packages/airflow/example_dags/example_branch_operator.py
[2023-05-07T22:43:09.948+0000] {processor.py:743} INFO - Processing file /usr/local/python/3.10.4/lib/python3.10/site-packages/airflow/example_dags/example_branch_operator.py for tasks to queue
[2023-05-07T22:43:09.949+0000] {logging_mixin.py:137} INFO - [2023-05-07T22:43:09.949+0000] {dagbag.py:538} INFO - Filling up the DagBag from /usr/local/python/3.10.4/lib/python3.10/site-packages/airflow/example_dags/example_branch_operator.py
[2023-05-07T22:43:09.968+0000] {processor.py:753} INFO - DAG(s) dict_keys(['example_branch_operator']) retrieved from /usr/local/python/3.10.4/lib/python3.10/site-packages/airflow/example_dags/example_branch_operator.py
[2023-05-07T22:43:09.986+0000] {logging_mixin.py:137} INFO - [2023-05-07T22:43:09.986+0000] {dag.py:2690} INFO - Sync 1 DAGs
[2023-05-07T22:43:10.008+0000] {logging_mixin.py:137} INFO - [2023-05-07T22:43:10.008+0000] {dag.py:3437} INFO - Setting next_dagrun for example_branch_operator to 2023-05-06T00:00:00+00:00, run_after=2023-05-07T00:00:00+00:00
[2023-05-07T22:43:10.049+0000] {processor.py:175} INFO - Processing /usr/local/python/3.10.4/lib/python3.10/site-packages/airflow/example_dags/example_branch_operator.py took 0.107 seconds
[2023-05-07T22:43:42.754+0000] {processor.py:153} INFO - Started process (PID=19517) to work on /usr/local/python/3.10.4/lib/python3.10/site-packages/airflow/example_dags/example_branch_operator.py
[2023-05-07T22:43:42.755+0000] {processor.py:743} INFO - Processing file /usr/local/python/3.10.4/lib/python3.10/site-packages/airflow/example_dags/example_branch_operator.py for tasks to queue
[2023-05-07T22:43:42.755+0000] {logging_mixin.py:137} INFO - [2023-05-07T22:43:42.755+0000] {dagbag.py:538} INFO - Filling up the DagBag from /usr/local/python/3.10.4/lib/python3.10/site-packages/airflow/example_dags/example_branch_operator.py
[2023-05-07T22:43:42.771+0000] {processor.py:753} INFO - DAG(s) dict_keys(['example_branch_operator']) retrieved from /usr/local/python/3.10.4/lib/python3.10/site-packages/airflow/example_dags/example_branch_operator.py
[2023-05-07T22:43:42.789+0000] {logging_mixin.py:137} INFO - [2023-05-07T22:43:42.789+0000] {dag.py:2690} INFO - Sync 1 DAGs
[2023-05-07T22:43:42.808+0000] {logging_mixin.py:137} INFO - [2023-05-07T22:43:42.808+0000] {dag.py:3437} INFO - Setting next_dagrun for example_branch_operator to 2023-05-06T00:00:00+00:00, run_after=2023-05-07T00:00:00+00:00
[2023-05-07T22:43:42.846+0000] {processor.py:175} INFO - Processing /usr/local/python/3.10.4/lib/python3.10/site-packages/airflow/example_dags/example_branch_operator.py took 0.096 seconds
[2023-05-07T22:44:24.597+0000] {processor.py:153} INFO - Started process (PID=19962) to work on /usr/local/python/3.10.4/lib/python3.10/site-packages/airflow/example_dags/example_branch_operator.py
[2023-05-07T22:44:24.598+0000] {processor.py:743} INFO - Processing file /usr/local/python/3.10.4/lib/python3.10/site-packages/airflow/example_dags/example_branch_operator.py for tasks to queue
[2023-05-07T22:44:24.598+0000] {logging_mixin.py:137} INFO - [2023-05-07T22:44:24.598+0000] {dagbag.py:538} INFO - Filling up the DagBag from /usr/local/python/3.10.4/lib/python3.10/site-packages/airflow/example_dags/example_branch_operator.py
[2023-05-07T22:44:24.614+0000] {processor.py:753} INFO - DAG(s) dict_keys(['example_branch_operator']) retrieved from /usr/local/python/3.10.4/lib/python3.10/site-packages/airflow/example_dags/example_branch_operator.py
[2023-05-07T22:44:24.631+0000] {logging_mixin.py:137} INFO - [2023-05-07T22:44:24.631+0000] {dag.py:2690} INFO - Sync 1 DAGs
[2023-05-07T22:44:24.650+0000] {logging_mixin.py:137} INFO - [2023-05-07T22:44:24.649+0000] {dag.py:3437} INFO - Setting next_dagrun for example_branch_operator to 2023-05-06T00:00:00+00:00, run_after=2023-05-07T00:00:00+00:00
[2023-05-07T22:44:24.689+0000] {processor.py:175} INFO - Processing /usr/local/python/3.10.4/lib/python3.10/site-packages/airflow/example_dags/example_branch_operator.py took 0.095 seconds
[2023-05-07T22:44:59.893+0000] {processor.py:153} INFO - Started process (PID=20263) to work on /usr/local/python/3.10.4/lib/python3.10/site-packages/airflow/example_dags/example_branch_operator.py
[2023-05-07T22:44:59.894+0000] {processor.py:743} INFO - Processing file /usr/local/python/3.10.4/lib/python3.10/site-packages/airflow/example_dags/example_branch_operator.py for tasks to queue
[2023-05-07T22:44:59.896+0000] {logging_mixin.py:137} INFO - [2023-05-07T22:44:59.895+0000] {dagbag.py:538} INFO - Filling up the DagBag from /usr/local/python/3.10.4/lib/python3.10/site-packages/airflow/example_dags/example_branch_operator.py
[2023-05-07T22:44:59.911+0000] {processor.py:753} INFO - DAG(s) dict_keys(['example_branch_operator']) retrieved from /usr/local/python/3.10.4/lib/python3.10/site-packages/airflow/example_dags/example_branch_operator.py
[2023-05-07T22:44:59.929+0000] {logging_mixin.py:137} INFO - [2023-05-07T22:44:59.928+0000] {dag.py:2690} INFO - Sync 1 DAGs
[2023-05-07T22:44:59.947+0000] {logging_mixin.py:137} INFO - [2023-05-07T22:44:59.947+0000] {dag.py:3437} INFO - Setting next_dagrun for example_branch_operator to 2023-05-06T00:00:00+00:00, run_after=2023-05-07T00:00:00+00:00
[2023-05-07T22:44:59.990+0000] {processor.py:175} INFO - Processing /usr/local/python/3.10.4/lib/python3.10/site-packages/airflow/example_dags/example_branch_operator.py took 0.099 seconds
[2023-05-07T22:45:35.958+0000] {processor.py:153} INFO - Started process (PID=20599) to work on /usr/local/python/3.10.4/lib/python3.10/site-packages/airflow/example_dags/example_branch_operator.py
[2023-05-07T22:45:35.959+0000] {processor.py:743} INFO - Processing file /usr/local/python/3.10.4/lib/python3.10/site-packages/airflow/example_dags/example_branch_operator.py for tasks to queue
[2023-05-07T22:45:35.960+0000] {logging_mixin.py:137} INFO - [2023-05-07T22:45:35.960+0000] {dagbag.py:538} INFO - Filling up the DagBag from /usr/local/python/3.10.4/lib/python3.10/site-packages/airflow/example_dags/example_branch_operator.py
[2023-05-07T22:45:35.977+0000] {processor.py:753} INFO - DAG(s) dict_keys(['example_branch_operator']) retrieved from /usr/local/python/3.10.4/lib/python3.10/site-packages/airflow/example_dags/example_branch_operator.py
[2023-05-07T22:45:35.996+0000] {logging_mixin.py:137} INFO - [2023-05-07T22:45:35.995+0000] {dag.py:2690} INFO - Sync 1 DAGs
[2023-05-07T22:45:36.018+0000] {logging_mixin.py:137} INFO - [2023-05-07T22:45:36.018+0000] {dag.py:3437} INFO - Setting next_dagrun for example_branch_operator to 2023-05-06T00:00:00+00:00, run_after=2023-05-07T00:00:00+00:00
[2023-05-07T22:45:36.066+0000] {processor.py:175} INFO - Processing /usr/local/python/3.10.4/lib/python3.10/site-packages/airflow/example_dags/example_branch_operator.py took 0.111 seconds
[2023-05-07T22:46:18.904+0000] {processor.py:153} INFO - Started process (PID=21044) to work on /usr/local/python/3.10.4/lib/python3.10/site-packages/airflow/example_dags/example_branch_operator.py
[2023-05-07T22:46:18.905+0000] {processor.py:743} INFO - Processing file /usr/local/python/3.10.4/lib/python3.10/site-packages/airflow/example_dags/example_branch_operator.py for tasks to queue
[2023-05-07T22:46:18.906+0000] {logging_mixin.py:137} INFO - [2023-05-07T22:46:18.905+0000] {dagbag.py:538} INFO - Filling up the DagBag from /usr/local/python/3.10.4/lib/python3.10/site-packages/airflow/example_dags/example_branch_operator.py
[2023-05-07T22:46:18.934+0000] {processor.py:753} INFO - DAG(s) dict_keys(['example_branch_operator']) retrieved from /usr/local/python/3.10.4/lib/python3.10/site-packages/airflow/example_dags/example_branch_operator.py
[2023-05-07T22:46:18.962+0000] {logging_mixin.py:137} INFO - [2023-05-07T22:46:18.962+0000] {dag.py:2690} INFO - Sync 1 DAGs
[2023-05-07T22:46:18.981+0000] {logging_mixin.py:137} INFO - [2023-05-07T22:46:18.980+0000] {dag.py:3437} INFO - Setting next_dagrun for example_branch_operator to 2023-05-06T00:00:00+00:00, run_after=2023-05-07T00:00:00+00:00
[2023-05-07T22:46:19.021+0000] {processor.py:175} INFO - Processing /usr/local/python/3.10.4/lib/python3.10/site-packages/airflow/example_dags/example_branch_operator.py took 0.126 seconds
[2023-05-07T22:47:00.177+0000] {processor.py:153} INFO - Started process (PID=21457) to work on /usr/local/python/3.10.4/lib/python3.10/site-packages/airflow/example_dags/example_branch_operator.py
[2023-05-07T22:47:00.178+0000] {processor.py:743} INFO - Processing file /usr/local/python/3.10.4/lib/python3.10/site-packages/airflow/example_dags/example_branch_operator.py for tasks to queue
[2023-05-07T22:47:00.178+0000] {logging_mixin.py:137} INFO - [2023-05-07T22:47:00.178+0000] {dagbag.py:538} INFO - Filling up the DagBag from /usr/local/python/3.10.4/lib/python3.10/site-packages/airflow/example_dags/example_branch_operator.py
[2023-05-07T22:47:00.195+0000] {processor.py:753} INFO - DAG(s) dict_keys(['example_branch_operator']) retrieved from /usr/local/python/3.10.4/lib/python3.10/site-packages/airflow/example_dags/example_branch_operator.py
[2023-05-07T22:47:00.212+0000] {logging_mixin.py:137} INFO - [2023-05-07T22:47:00.212+0000] {dag.py:2690} INFO - Sync 1 DAGs
[2023-05-07T22:47:00.231+0000] {logging_mixin.py:137} INFO - [2023-05-07T22:47:00.231+0000] {dag.py:3437} INFO - Setting next_dagrun for example_branch_operator to 2023-05-06T00:00:00+00:00, run_after=2023-05-07T00:00:00+00:00
[2023-05-07T22:47:00.278+0000] {processor.py:175} INFO - Processing /usr/local/python/3.10.4/lib/python3.10/site-packages/airflow/example_dags/example_branch_operator.py took 0.104 seconds
[2023-05-07T22:47:40.824+0000] {processor.py:153} INFO - Started process (PID=21743) to work on /usr/local/python/3.10.4/lib/python3.10/site-packages/airflow/example_dags/example_branch_operator.py
[2023-05-07T22:47:40.824+0000] {processor.py:743} INFO - Processing file /usr/local/python/3.10.4/lib/python3.10/site-packages/airflow/example_dags/example_branch_operator.py for tasks to queue
[2023-05-07T22:47:40.825+0000] {logging_mixin.py:137} INFO - [2023-05-07T22:47:40.825+0000] {dagbag.py:538} INFO - Filling up the DagBag from /usr/local/python/3.10.4/lib/python3.10/site-packages/airflow/example_dags/example_branch_operator.py
[2023-05-07T22:47:40.841+0000] {processor.py:753} INFO - DAG(s) dict_keys(['example_branch_operator']) retrieved from /usr/local/python/3.10.4/lib/python3.10/site-packages/airflow/example_dags/example_branch_operator.py
[2023-05-07T22:47:40.859+0000] {logging_mixin.py:137} INFO - [2023-05-07T22:47:40.859+0000] {dag.py:2690} INFO - Sync 1 DAGs
[2023-05-07T22:47:40.878+0000] {logging_mixin.py:137} INFO - [2023-05-07T22:47:40.877+0000] {dag.py:3437} INFO - Setting next_dagrun for example_branch_operator to 2023-05-06T00:00:00+00:00, run_after=2023-05-07T00:00:00+00:00
[2023-05-07T22:47:40.917+0000] {processor.py:175} INFO - Processing /usr/local/python/3.10.4/lib/python3.10/site-packages/airflow/example_dags/example_branch_operator.py took 0.096 seconds
[2023-05-07T22:48:24.056+0000] {processor.py:153} INFO - Started process (PID=22136) to work on /usr/local/python/3.10.4/lib/python3.10/site-packages/airflow/example_dags/example_branch_operator.py
[2023-05-07T22:48:24.057+0000] {processor.py:743} INFO - Processing file /usr/local/python/3.10.4/lib/python3.10/site-packages/airflow/example_dags/example_branch_operator.py for tasks to queue
[2023-05-07T22:48:24.057+0000] {logging_mixin.py:137} INFO - [2023-05-07T22:48:24.057+0000] {dagbag.py:538} INFO - Filling up the DagBag from /usr/local/python/3.10.4/lib/python3.10/site-packages/airflow/example_dags/example_branch_operator.py
[2023-05-07T22:48:24.074+0000] {processor.py:753} INFO - DAG(s) dict_keys(['example_branch_operator']) retrieved from /usr/local/python/3.10.4/lib/python3.10/site-packages/airflow/example_dags/example_branch_operator.py
[2023-05-07T22:48:24.091+0000] {logging_mixin.py:137} INFO - [2023-05-07T22:48:24.091+0000] {dag.py:2690} INFO - Sync 1 DAGs
[2023-05-07T22:48:24.110+0000] {logging_mixin.py:137} INFO - [2023-05-07T22:48:24.110+0000] {dag.py:3437} INFO - Setting next_dagrun for example_branch_operator to 2023-05-06T00:00:00+00:00, run_after=2023-05-07T00:00:00+00:00
[2023-05-07T22:48:24.150+0000] {processor.py:175} INFO - Processing /usr/local/python/3.10.4/lib/python3.10/site-packages/airflow/example_dags/example_branch_operator.py took 0.096 seconds
[2023-05-07T22:48:58.036+0000] {processor.py:153} INFO - Started process (PID=22465) to work on /usr/local/python/3.10.4/lib/python3.10/site-packages/airflow/example_dags/example_branch_operator.py
[2023-05-07T22:48:58.037+0000] {processor.py:743} INFO - Processing file /usr/local/python/3.10.4/lib/python3.10/site-packages/airflow/example_dags/example_branch_operator.py for tasks to queue
[2023-05-07T22:48:58.037+0000] {logging_mixin.py:137} INFO - [2023-05-07T22:48:58.037+0000] {dagbag.py:538} INFO - Filling up the DagBag from /usr/local/python/3.10.4/lib/python3.10/site-packages/airflow/example_dags/example_branch_operator.py
[2023-05-07T22:48:58.053+0000] {processor.py:753} INFO - DAG(s) dict_keys(['example_branch_operator']) retrieved from /usr/local/python/3.10.4/lib/python3.10/site-packages/airflow/example_dags/example_branch_operator.py
[2023-05-07T22:48:58.073+0000] {logging_mixin.py:137} INFO - [2023-05-07T22:48:58.073+0000] {dag.py:2690} INFO - Sync 1 DAGs
[2023-05-07T22:48:58.092+0000] {logging_mixin.py:137} INFO - [2023-05-07T22:48:58.092+0000] {dag.py:3437} INFO - Setting next_dagrun for example_branch_operator to 2023-05-06T00:00:00+00:00, run_after=2023-05-07T00:00:00+00:00
[2023-05-07T22:48:58.131+0000] {processor.py:175} INFO - Processing /usr/local/python/3.10.4/lib/python3.10/site-packages/airflow/example_dags/example_branch_operator.py took 0.098 seconds
[2023-05-07T22:49:33.402+0000] {processor.py:153} INFO - Started process (PID=22855) to work on /usr/local/python/3.10.4/lib/python3.10/site-packages/airflow/example_dags/example_branch_operator.py
[2023-05-07T22:49:33.403+0000] {processor.py:743} INFO - Processing file /usr/local/python/3.10.4/lib/python3.10/site-packages/airflow/example_dags/example_branch_operator.py for tasks to queue
[2023-05-07T22:49:33.404+0000] {logging_mixin.py:137} INFO - [2023-05-07T22:49:33.404+0000] {dagbag.py:538} INFO - Filling up the DagBag from /usr/local/python/3.10.4/lib/python3.10/site-packages/airflow/example_dags/example_branch_operator.py
[2023-05-07T22:49:33.421+0000] {processor.py:753} INFO - DAG(s) dict_keys(['example_branch_operator']) retrieved from /usr/local/python/3.10.4/lib/python3.10/site-packages/airflow/example_dags/example_branch_operator.py
[2023-05-07T22:49:33.440+0000] {logging_mixin.py:137} INFO - [2023-05-07T22:49:33.439+0000] {dag.py:2690} INFO - Sync 1 DAGs
[2023-05-07T22:49:33.457+0000] {logging_mixin.py:137} INFO - [2023-05-07T22:49:33.457+0000] {dag.py:3437} INFO - Setting next_dagrun for example_branch_operator to 2023-05-06T00:00:00+00:00, run_after=2023-05-07T00:00:00+00:00
[2023-05-07T22:49:33.500+0000] {processor.py:175} INFO - Processing /usr/local/python/3.10.4/lib/python3.10/site-packages/airflow/example_dags/example_branch_operator.py took 0.100 seconds
[2023-05-07T22:50:14.750+0000] {processor.py:153} INFO - Started process (PID=23170) to work on /usr/local/python/3.10.4/lib/python3.10/site-packages/airflow/example_dags/example_branch_operator.py
[2023-05-07T22:50:14.751+0000] {processor.py:743} INFO - Processing file /usr/local/python/3.10.4/lib/python3.10/site-packages/airflow/example_dags/example_branch_operator.py for tasks to queue
[2023-05-07T22:50:14.751+0000] {logging_mixin.py:137} INFO - [2023-05-07T22:50:14.751+0000] {dagbag.py:538} INFO - Filling up the DagBag from /usr/local/python/3.10.4/lib/python3.10/site-packages/airflow/example_dags/example_branch_operator.py
[2023-05-07T22:50:14.768+0000] {processor.py:753} INFO - DAG(s) dict_keys(['example_branch_operator']) retrieved from /usr/local/python/3.10.4/lib/python3.10/site-packages/airflow/example_dags/example_branch_operator.py
[2023-05-07T22:50:14.785+0000] {logging_mixin.py:137} INFO - [2023-05-07T22:50:14.785+0000] {dag.py:2690} INFO - Sync 1 DAGs
[2023-05-07T22:50:14.803+0000] {logging_mixin.py:137} INFO - [2023-05-07T22:50:14.803+0000] {dag.py:3437} INFO - Setting next_dagrun for example_branch_operator to 2023-05-06T00:00:00+00:00, run_after=2023-05-07T00:00:00+00:00
[2023-05-07T22:50:14.844+0000] {processor.py:175} INFO - Processing /usr/local/python/3.10.4/lib/python3.10/site-packages/airflow/example_dags/example_branch_operator.py took 0.099 seconds
[2023-05-07T22:50:58.324+0000] {processor.py:153} INFO - Started process (PID=23503) to work on /usr/local/python/3.10.4/lib/python3.10/site-packages/airflow/example_dags/example_branch_operator.py
[2023-05-07T22:50:58.325+0000] {processor.py:743} INFO - Processing file /usr/local/python/3.10.4/lib/python3.10/site-packages/airflow/example_dags/example_branch_operator.py for tasks to queue
[2023-05-07T22:50:58.326+0000] {logging_mixin.py:137} INFO - [2023-05-07T22:50:58.326+0000] {dagbag.py:538} INFO - Filling up the DagBag from /usr/local/python/3.10.4/lib/python3.10/site-packages/airflow/example_dags/example_branch_operator.py
[2023-05-07T22:50:58.343+0000] {processor.py:753} INFO - DAG(s) dict_keys(['example_branch_operator']) retrieved from /usr/local/python/3.10.4/lib/python3.10/site-packages/airflow/example_dags/example_branch_operator.py
[2023-05-07T22:50:58.360+0000] {logging_mixin.py:137} INFO - [2023-05-07T22:50:58.360+0000] {dag.py:2690} INFO - Sync 1 DAGs
[2023-05-07T22:50:58.378+0000] {logging_mixin.py:137} INFO - [2023-05-07T22:50:58.378+0000] {dag.py:3437} INFO - Setting next_dagrun for example_branch_operator to 2023-05-06T00:00:00+00:00, run_after=2023-05-07T00:00:00+00:00
[2023-05-07T22:50:58.419+0000] {processor.py:175} INFO - Processing /usr/local/python/3.10.4/lib/python3.10/site-packages/airflow/example_dags/example_branch_operator.py took 0.098 seconds
[2023-05-07T22:51:40.366+0000] {processor.py:153} INFO - Started process (PID=23871) to work on /usr/local/python/3.10.4/lib/python3.10/site-packages/airflow/example_dags/example_branch_operator.py
[2023-05-07T22:51:40.366+0000] {processor.py:743} INFO - Processing file /usr/local/python/3.10.4/lib/python3.10/site-packages/airflow/example_dags/example_branch_operator.py for tasks to queue
[2023-05-07T22:51:40.367+0000] {logging_mixin.py:137} INFO - [2023-05-07T22:51:40.367+0000] {dagbag.py:538} INFO - Filling up the DagBag from /usr/local/python/3.10.4/lib/python3.10/site-packages/airflow/example_dags/example_branch_operator.py
[2023-05-07T22:51:40.383+0000] {processor.py:753} INFO - DAG(s) dict_keys(['example_branch_operator']) retrieved from /usr/local/python/3.10.4/lib/python3.10/site-packages/airflow/example_dags/example_branch_operator.py
[2023-05-07T22:51:40.401+0000] {logging_mixin.py:137} INFO - [2023-05-07T22:51:40.400+0000] {dag.py:2690} INFO - Sync 1 DAGs
[2023-05-07T22:51:40.418+0000] {logging_mixin.py:137} INFO - [2023-05-07T22:51:40.418+0000] {dag.py:3437} INFO - Setting next_dagrun for example_branch_operator to 2023-05-06T00:00:00+00:00, run_after=2023-05-07T00:00:00+00:00
[2023-05-07T22:51:40.464+0000] {processor.py:175} INFO - Processing /usr/local/python/3.10.4/lib/python3.10/site-packages/airflow/example_dags/example_branch_operator.py took 0.102 seconds
[2023-05-07T22:52:23.021+0000] {processor.py:153} INFO - Started process (PID=24036) to work on /usr/local/python/3.10.4/lib/python3.10/site-packages/airflow/example_dags/example_branch_operator.py
[2023-05-07T22:52:23.022+0000] {processor.py:743} INFO - Processing file /usr/local/python/3.10.4/lib/python3.10/site-packages/airflow/example_dags/example_branch_operator.py for tasks to queue
[2023-05-07T22:52:23.023+0000] {logging_mixin.py:137} INFO - [2023-05-07T22:52:23.023+0000] {dagbag.py:538} INFO - Filling up the DagBag from /usr/local/python/3.10.4/lib/python3.10/site-packages/airflow/example_dags/example_branch_operator.py
[2023-05-07T22:52:23.038+0000] {processor.py:753} INFO - DAG(s) dict_keys(['example_branch_operator']) retrieved from /usr/local/python/3.10.4/lib/python3.10/site-packages/airflow/example_dags/example_branch_operator.py
[2023-05-07T22:52:23.056+0000] {logging_mixin.py:137} INFO - [2023-05-07T22:52:23.056+0000] {dag.py:2690} INFO - Sync 1 DAGs
[2023-05-07T22:52:23.076+0000] {logging_mixin.py:137} INFO - [2023-05-07T22:52:23.076+0000] {dag.py:3437} INFO - Setting next_dagrun for example_branch_operator to 2023-05-06T00:00:00+00:00, run_after=2023-05-07T00:00:00+00:00
[2023-05-07T22:52:23.115+0000] {processor.py:175} INFO - Processing /usr/local/python/3.10.4/lib/python3.10/site-packages/airflow/example_dags/example_branch_operator.py took 0.098 seconds
[2023-05-07T22:53:05.338+0000] {processor.py:153} INFO - Started process (PID=24732) to work on /usr/local/python/3.10.4/lib/python3.10/site-packages/airflow/example_dags/example_branch_operator.py
[2023-05-07T22:53:05.339+0000] {processor.py:743} INFO - Processing file /usr/local/python/3.10.4/lib/python3.10/site-packages/airflow/example_dags/example_branch_operator.py for tasks to queue
[2023-05-07T22:53:05.339+0000] {logging_mixin.py:137} INFO - [2023-05-07T22:53:05.339+0000] {dagbag.py:538} INFO - Filling up the DagBag from /usr/local/python/3.10.4/lib/python3.10/site-packages/airflow/example_dags/example_branch_operator.py
[2023-05-07T22:53:05.360+0000] {processor.py:753} INFO - DAG(s) dict_keys(['example_branch_operator']) retrieved from /usr/local/python/3.10.4/lib/python3.10/site-packages/airflow/example_dags/example_branch_operator.py
[2023-05-07T22:53:05.384+0000] {logging_mixin.py:137} INFO - [2023-05-07T22:53:05.384+0000] {dag.py:2690} INFO - Sync 1 DAGs
[2023-05-07T22:53:05.404+0000] {logging_mixin.py:137} INFO - [2023-05-07T22:53:05.404+0000] {dag.py:3437} INFO - Setting next_dagrun for example_branch_operator to 2023-05-06T00:00:00+00:00, run_after=2023-05-07T00:00:00+00:00
[2023-05-07T22:53:05.444+0000] {processor.py:175} INFO - Processing /usr/local/python/3.10.4/lib/python3.10/site-packages/airflow/example_dags/example_branch_operator.py took 0.109 seconds
[2023-05-07T22:53:40.242+0000] {processor.py:153} INFO - Started process (PID=25285) to work on /usr/local/python/3.10.4/lib/python3.10/site-packages/airflow/example_dags/example_branch_operator.py
[2023-05-07T22:53:40.259+0000] {processor.py:743} INFO - Processing file /usr/local/python/3.10.4/lib/python3.10/site-packages/airflow/example_dags/example_branch_operator.py for tasks to queue
[2023-05-07T22:53:40.260+0000] {logging_mixin.py:137} INFO - [2023-05-07T22:53:40.260+0000] {dagbag.py:538} INFO - Filling up the DagBag from /usr/local/python/3.10.4/lib/python3.10/site-packages/airflow/example_dags/example_branch_operator.py
[2023-05-07T22:53:40.321+0000] {processor.py:753} INFO - DAG(s) dict_keys(['example_branch_operator']) retrieved from /usr/local/python/3.10.4/lib/python3.10/site-packages/airflow/example_dags/example_branch_operator.py
[2023-05-07T22:53:40.348+0000] {logging_mixin.py:137} INFO - [2023-05-07T22:53:40.348+0000] {dag.py:2690} INFO - Sync 1 DAGs
[2023-05-07T22:53:40.374+0000] {logging_mixin.py:137} INFO - [2023-05-07T22:53:40.374+0000] {dag.py:3437} INFO - Setting next_dagrun for example_branch_operator to 2023-05-06T00:00:00+00:00, run_after=2023-05-07T00:00:00+00:00
[2023-05-07T22:53:40.429+0000] {processor.py:175} INFO - Processing /usr/local/python/3.10.4/lib/python3.10/site-packages/airflow/example_dags/example_branch_operator.py took 0.210 seconds
