[2023-05-07T22:22:43.663+0000] {processor.py:153} INFO - Started process (PID=10060) to work on /usr/local/python/3.10.4/lib/python3.10/site-packages/airflow/example_dags/example_branch_datetime_operator.py
[2023-05-07T22:22:43.664+0000] {processor.py:743} INFO - Processing file /usr/local/python/3.10.4/lib/python3.10/site-packages/airflow/example_dags/example_branch_datetime_operator.py for tasks to queue
[2023-05-07T22:22:43.665+0000] {logging_mixin.py:137} INFO - [2023-05-07T22:22:43.665+0000] {dagbag.py:538} INFO - Filling up the DagBag from /usr/local/python/3.10.4/lib/python3.10/site-packages/airflow/example_dags/example_branch_datetime_operator.py
[2023-05-07T22:22:43.681+0000] {processor.py:753} INFO - DAG(s) dict_keys(['example_branch_datetime_operator_2', 'example_branch_datetime_operator_3', 'example_branch_datetime_operator']) retrieved from /usr/local/python/3.10.4/lib/python3.10/site-packages/airflow/example_dags/example_branch_datetime_operator.py
[2023-05-07T22:22:43.817+0000] {logging_mixin.py:137} INFO - [2023-05-07T22:22:43.817+0000] {manager.py:504} INFO - Created Permission View: can edit on DAG:example_branch_datetime_operator_2
[2023-05-07T22:22:43.851+0000] {logging_mixin.py:137} INFO - [2023-05-07T22:22:43.851+0000] {manager.py:504} INFO - Created Permission View: can delete on DAG:example_branch_datetime_operator_2
[2023-05-07T22:22:43.883+0000] {logging_mixin.py:137} INFO - [2023-05-07T22:22:43.883+0000] {manager.py:504} INFO - Created Permission View: can read on DAG:example_branch_datetime_operator_2
[2023-05-07T22:22:43.955+0000] {logging_mixin.py:137} INFO - [2023-05-07T22:22:43.954+0000] {manager.py:504} INFO - Created Permission View: can edit on DAG:example_branch_datetime_operator_3
[2023-05-07T22:22:43.988+0000] {logging_mixin.py:137} INFO - [2023-05-07T22:22:43.987+0000] {manager.py:504} INFO - Created Permission View: can delete on DAG:example_branch_datetime_operator_3
[2023-05-07T22:22:44.019+0000] {logging_mixin.py:137} INFO - [2023-05-07T22:22:44.019+0000] {manager.py:504} INFO - Created Permission View: can read on DAG:example_branch_datetime_operator_3
[2023-05-07T22:22:44.088+0000] {logging_mixin.py:137} INFO - [2023-05-07T22:22:44.088+0000] {manager.py:504} INFO - Created Permission View: can edit on DAG:example_branch_datetime_operator
[2023-05-07T22:22:44.120+0000] {logging_mixin.py:137} INFO - [2023-05-07T22:22:44.119+0000] {manager.py:504} INFO - Created Permission View: can delete on DAG:example_branch_datetime_operator
[2023-05-07T22:22:44.151+0000] {logging_mixin.py:137} INFO - [2023-05-07T22:22:44.151+0000] {manager.py:504} INFO - Created Permission View: can read on DAG:example_branch_datetime_operator
[2023-05-07T22:22:44.152+0000] {logging_mixin.py:137} INFO - [2023-05-07T22:22:44.152+0000] {dag.py:2690} INFO - Sync 3 DAGs
[2023-05-07T22:22:44.169+0000] {logging_mixin.py:137} INFO - [2023-05-07T22:22:44.169+0000] {dag.py:2711} INFO - Creating ORM DAG for example_branch_datetime_operator_2
[2023-05-07T22:22:44.172+0000] {logging_mixin.py:137} INFO - [2023-05-07T22:22:44.171+0000] {dag.py:2711} INFO - Creating ORM DAG for example_branch_datetime_operator
[2023-05-07T22:22:44.172+0000] {logging_mixin.py:137} INFO - [2023-05-07T22:22:44.172+0000] {dag.py:2711} INFO - Creating ORM DAG for example_branch_datetime_operator_3
[2023-05-07T22:22:44.181+0000] {logging_mixin.py:137} INFO - [2023-05-07T22:22:44.181+0000] {dag.py:3437} INFO - Setting next_dagrun for example_branch_datetime_operator to 2023-05-06T00:00:00+00:00, run_after=2023-05-07T00:00:00+00:00
[2023-05-07T22:22:44.183+0000] {logging_mixin.py:137} INFO - [2023-05-07T22:22:44.183+0000] {dag.py:3437} INFO - Setting next_dagrun for example_branch_datetime_operator_2 to 2023-05-06T00:00:00+00:00, run_after=2023-05-07T00:00:00+00:00
[2023-05-07T22:22:44.186+0000] {logging_mixin.py:137} INFO - [2023-05-07T22:22:44.186+0000] {dag.py:3437} INFO - Setting next_dagrun for example_branch_datetime_operator_3 to 2023-05-06T00:00:00+00:00, run_after=2023-05-07T00:00:00+00:00
[2023-05-07T22:22:44.234+0000] {processor.py:175} INFO - Processing /usr/local/python/3.10.4/lib/python3.10/site-packages/airflow/example_dags/example_branch_datetime_operator.py took 0.574 seconds
[2023-05-07T22:23:23.959+0000] {processor.py:153} INFO - Started process (PID=10345) to work on /usr/local/python/3.10.4/lib/python3.10/site-packages/airflow/example_dags/example_branch_datetime_operator.py
[2023-05-07T22:23:23.960+0000] {processor.py:743} INFO - Processing file /usr/local/python/3.10.4/lib/python3.10/site-packages/airflow/example_dags/example_branch_datetime_operator.py for tasks to queue
[2023-05-07T22:23:23.961+0000] {logging_mixin.py:137} INFO - [2023-05-07T22:23:23.961+0000] {dagbag.py:538} INFO - Filling up the DagBag from /usr/local/python/3.10.4/lib/python3.10/site-packages/airflow/example_dags/example_branch_datetime_operator.py
[2023-05-07T22:23:23.979+0000] {processor.py:753} INFO - DAG(s) dict_keys(['example_branch_datetime_operator_3', 'example_branch_datetime_operator', 'example_branch_datetime_operator_2']) retrieved from /usr/local/python/3.10.4/lib/python3.10/site-packages/airflow/example_dags/example_branch_datetime_operator.py
[2023-05-07T22:23:24.001+0000] {logging_mixin.py:137} INFO - [2023-05-07T22:23:24.001+0000] {dag.py:2690} INFO - Sync 3 DAGs
[2023-05-07T22:23:24.020+0000] {logging_mixin.py:137} INFO - [2023-05-07T22:23:24.020+0000] {dag.py:3437} INFO - Setting next_dagrun for example_branch_datetime_operator to 2023-05-06T00:00:00+00:00, run_after=2023-05-07T00:00:00+00:00
[2023-05-07T22:23:24.024+0000] {logging_mixin.py:137} INFO - [2023-05-07T22:23:24.024+0000] {dag.py:3437} INFO - Setting next_dagrun for example_branch_datetime_operator_2 to 2023-05-06T00:00:00+00:00, run_after=2023-05-07T00:00:00+00:00
[2023-05-07T22:23:24.026+0000] {logging_mixin.py:137} INFO - [2023-05-07T22:23:24.026+0000] {dag.py:3437} INFO - Setting next_dagrun for example_branch_datetime_operator_3 to 2023-05-06T00:00:00+00:00, run_after=2023-05-07T00:00:00+00:00
[2023-05-07T22:23:24.068+0000] {processor.py:175} INFO - Processing /usr/local/python/3.10.4/lib/python3.10/site-packages/airflow/example_dags/example_branch_datetime_operator.py took 0.112 seconds
[2023-05-07T22:24:07.064+0000] {processor.py:153} INFO - Started process (PID=10756) to work on /usr/local/python/3.10.4/lib/python3.10/site-packages/airflow/example_dags/example_branch_datetime_operator.py
[2023-05-07T22:24:07.065+0000] {processor.py:743} INFO - Processing file /usr/local/python/3.10.4/lib/python3.10/site-packages/airflow/example_dags/example_branch_datetime_operator.py for tasks to queue
[2023-05-07T22:24:07.065+0000] {logging_mixin.py:137} INFO - [2023-05-07T22:24:07.065+0000] {dagbag.py:538} INFO - Filling up the DagBag from /usr/local/python/3.10.4/lib/python3.10/site-packages/airflow/example_dags/example_branch_datetime_operator.py
[2023-05-07T22:24:07.083+0000] {processor.py:753} INFO - DAG(s) dict_keys(['example_branch_datetime_operator_2', 'example_branch_datetime_operator', 'example_branch_datetime_operator_3']) retrieved from /usr/local/python/3.10.4/lib/python3.10/site-packages/airflow/example_dags/example_branch_datetime_operator.py
[2023-05-07T22:24:07.103+0000] {logging_mixin.py:137} INFO - [2023-05-07T22:24:07.103+0000] {dag.py:2690} INFO - Sync 3 DAGs
[2023-05-07T22:24:07.121+0000] {logging_mixin.py:137} INFO - [2023-05-07T22:24:07.121+0000] {dag.py:3437} INFO - Setting next_dagrun for example_branch_datetime_operator to 2023-05-06T00:00:00+00:00, run_after=2023-05-07T00:00:00+00:00
[2023-05-07T22:24:07.125+0000] {logging_mixin.py:137} INFO - [2023-05-07T22:24:07.125+0000] {dag.py:3437} INFO - Setting next_dagrun for example_branch_datetime_operator_2 to 2023-05-06T00:00:00+00:00, run_after=2023-05-07T00:00:00+00:00
[2023-05-07T22:24:07.127+0000] {logging_mixin.py:137} INFO - [2023-05-07T22:24:07.127+0000] {dag.py:3437} INFO - Setting next_dagrun for example_branch_datetime_operator_3 to 2023-05-06T00:00:00+00:00, run_after=2023-05-07T00:00:00+00:00
[2023-05-07T22:24:07.166+0000] {processor.py:175} INFO - Processing /usr/local/python/3.10.4/lib/python3.10/site-packages/airflow/example_dags/example_branch_datetime_operator.py took 0.104 seconds
[2023-05-07T22:25:01.390+0000] {processor.py:153} INFO - Started process (PID=11203) to work on /usr/local/python/3.10.4/lib/python3.10/site-packages/airflow/example_dags/example_branch_datetime_operator.py
[2023-05-07T22:25:01.394+0000] {processor.py:743} INFO - Processing file /usr/local/python/3.10.4/lib/python3.10/site-packages/airflow/example_dags/example_branch_datetime_operator.py for tasks to queue
[2023-05-07T22:25:01.394+0000] {logging_mixin.py:137} INFO - [2023-05-07T22:25:01.394+0000] {dagbag.py:538} INFO - Filling up the DagBag from /usr/local/python/3.10.4/lib/python3.10/site-packages/airflow/example_dags/example_branch_datetime_operator.py
[2023-05-07T22:25:01.411+0000] {processor.py:753} INFO - DAG(s) dict_keys(['example_branch_datetime_operator', 'example_branch_datetime_operator_3', 'example_branch_datetime_operator_2']) retrieved from /usr/local/python/3.10.4/lib/python3.10/site-packages/airflow/example_dags/example_branch_datetime_operator.py
[2023-05-07T22:25:01.432+0000] {logging_mixin.py:137} INFO - [2023-05-07T22:25:01.432+0000] {dag.py:2690} INFO - Sync 3 DAGs
[2023-05-07T22:25:01.450+0000] {logging_mixin.py:137} INFO - [2023-05-07T22:25:01.450+0000] {dag.py:3437} INFO - Setting next_dagrun for example_branch_datetime_operator to 2023-05-06T00:00:00+00:00, run_after=2023-05-07T00:00:00+00:00
[2023-05-07T22:25:01.454+0000] {logging_mixin.py:137} INFO - [2023-05-07T22:25:01.454+0000] {dag.py:3437} INFO - Setting next_dagrun for example_branch_datetime_operator_2 to 2023-05-06T00:00:00+00:00, run_after=2023-05-07T00:00:00+00:00
[2023-05-07T22:25:01.456+0000] {logging_mixin.py:137} INFO - [2023-05-07T22:25:01.456+0000] {dag.py:3437} INFO - Setting next_dagrun for example_branch_datetime_operator_3 to 2023-05-06T00:00:00+00:00, run_after=2023-05-07T00:00:00+00:00
[2023-05-07T22:25:01.499+0000] {processor.py:175} INFO - Processing /usr/local/python/3.10.4/lib/python3.10/site-packages/airflow/example_dags/example_branch_datetime_operator.py took 0.112 seconds
[2023-05-07T22:25:48.138+0000] {processor.py:153} INFO - Started process (PID=11541) to work on /usr/local/python/3.10.4/lib/python3.10/site-packages/airflow/example_dags/example_branch_datetime_operator.py
[2023-05-07T22:25:48.139+0000] {processor.py:743} INFO - Processing file /usr/local/python/3.10.4/lib/python3.10/site-packages/airflow/example_dags/example_branch_datetime_operator.py for tasks to queue
[2023-05-07T22:25:48.141+0000] {logging_mixin.py:137} INFO - [2023-05-07T22:25:48.141+0000] {dagbag.py:538} INFO - Filling up the DagBag from /usr/local/python/3.10.4/lib/python3.10/site-packages/airflow/example_dags/example_branch_datetime_operator.py
[2023-05-07T22:25:48.157+0000] {processor.py:753} INFO - DAG(s) dict_keys(['example_branch_datetime_operator', 'example_branch_datetime_operator_2', 'example_branch_datetime_operator_3']) retrieved from /usr/local/python/3.10.4/lib/python3.10/site-packages/airflow/example_dags/example_branch_datetime_operator.py
[2023-05-07T22:25:48.179+0000] {logging_mixin.py:137} INFO - [2023-05-07T22:25:48.179+0000] {dag.py:2690} INFO - Sync 3 DAGs
[2023-05-07T22:25:48.198+0000] {logging_mixin.py:137} INFO - [2023-05-07T22:25:48.198+0000] {dag.py:3437} INFO - Setting next_dagrun for example_branch_datetime_operator to 2023-05-06T00:00:00+00:00, run_after=2023-05-07T00:00:00+00:00
[2023-05-07T22:25:48.202+0000] {logging_mixin.py:137} INFO - [2023-05-07T22:25:48.202+0000] {dag.py:3437} INFO - Setting next_dagrun for example_branch_datetime_operator_2 to 2023-05-06T00:00:00+00:00, run_after=2023-05-07T00:00:00+00:00
[2023-05-07T22:25:48.204+0000] {logging_mixin.py:137} INFO - [2023-05-07T22:25:48.204+0000] {dag.py:3437} INFO - Setting next_dagrun for example_branch_datetime_operator_3 to 2023-05-06T00:00:00+00:00, run_after=2023-05-07T00:00:00+00:00
[2023-05-07T22:25:48.245+0000] {processor.py:175} INFO - Processing /usr/local/python/3.10.4/lib/python3.10/site-packages/airflow/example_dags/example_branch_datetime_operator.py took 0.110 seconds
[2023-05-07T22:26:32.552+0000] {processor.py:153} INFO - Started process (PID=11863) to work on /usr/local/python/3.10.4/lib/python3.10/site-packages/airflow/example_dags/example_branch_datetime_operator.py
[2023-05-07T22:26:32.553+0000] {processor.py:743} INFO - Processing file /usr/local/python/3.10.4/lib/python3.10/site-packages/airflow/example_dags/example_branch_datetime_operator.py for tasks to queue
[2023-05-07T22:26:32.554+0000] {logging_mixin.py:137} INFO - [2023-05-07T22:26:32.554+0000] {dagbag.py:538} INFO - Filling up the DagBag from /usr/local/python/3.10.4/lib/python3.10/site-packages/airflow/example_dags/example_branch_datetime_operator.py
[2023-05-07T22:26:32.570+0000] {processor.py:753} INFO - DAG(s) dict_keys(['example_branch_datetime_operator', 'example_branch_datetime_operator_3', 'example_branch_datetime_operator_2']) retrieved from /usr/local/python/3.10.4/lib/python3.10/site-packages/airflow/example_dags/example_branch_datetime_operator.py
[2023-05-07T22:26:32.591+0000] {logging_mixin.py:137} INFO - [2023-05-07T22:26:32.591+0000] {dag.py:2690} INFO - Sync 3 DAGs
[2023-05-07T22:26:32.609+0000] {logging_mixin.py:137} INFO - [2023-05-07T22:26:32.609+0000] {dag.py:3437} INFO - Setting next_dagrun for example_branch_datetime_operator to 2023-05-06T00:00:00+00:00, run_after=2023-05-07T00:00:00+00:00
[2023-05-07T22:26:32.613+0000] {logging_mixin.py:137} INFO - [2023-05-07T22:26:32.613+0000] {dag.py:3437} INFO - Setting next_dagrun for example_branch_datetime_operator_2 to 2023-05-06T00:00:00+00:00, run_after=2023-05-07T00:00:00+00:00
[2023-05-07T22:26:32.615+0000] {logging_mixin.py:137} INFO - [2023-05-07T22:26:32.615+0000] {dag.py:3437} INFO - Setting next_dagrun for example_branch_datetime_operator_3 to 2023-05-06T00:00:00+00:00, run_after=2023-05-07T00:00:00+00:00
[2023-05-07T22:26:32.654+0000] {processor.py:175} INFO - Processing /usr/local/python/3.10.4/lib/python3.10/site-packages/airflow/example_dags/example_branch_datetime_operator.py took 0.104 seconds
[2023-05-07T22:27:14.401+0000] {processor.py:153} INFO - Started process (PID=12147) to work on /usr/local/python/3.10.4/lib/python3.10/site-packages/airflow/example_dags/example_branch_datetime_operator.py
[2023-05-07T22:27:14.402+0000] {processor.py:743} INFO - Processing file /usr/local/python/3.10.4/lib/python3.10/site-packages/airflow/example_dags/example_branch_datetime_operator.py for tasks to queue
[2023-05-07T22:27:14.403+0000] {logging_mixin.py:137} INFO - [2023-05-07T22:27:14.403+0000] {dagbag.py:538} INFO - Filling up the DagBag from /usr/local/python/3.10.4/lib/python3.10/site-packages/airflow/example_dags/example_branch_datetime_operator.py
[2023-05-07T22:27:14.419+0000] {processor.py:753} INFO - DAG(s) dict_keys(['example_branch_datetime_operator_2', 'example_branch_datetime_operator', 'example_branch_datetime_operator_3']) retrieved from /usr/local/python/3.10.4/lib/python3.10/site-packages/airflow/example_dags/example_branch_datetime_operator.py
[2023-05-07T22:27:14.446+0000] {logging_mixin.py:137} INFO - [2023-05-07T22:27:14.445+0000] {dag.py:2690} INFO - Sync 3 DAGs
[2023-05-07T22:27:14.475+0000] {logging_mixin.py:137} INFO - [2023-05-07T22:27:14.474+0000] {dag.py:3437} INFO - Setting next_dagrun for example_branch_datetime_operator to 2023-05-06T00:00:00+00:00, run_after=2023-05-07T00:00:00+00:00
[2023-05-07T22:27:14.480+0000] {logging_mixin.py:137} INFO - [2023-05-07T22:27:14.479+0000] {dag.py:3437} INFO - Setting next_dagrun for example_branch_datetime_operator_2 to 2023-05-06T00:00:00+00:00, run_after=2023-05-07T00:00:00+00:00
[2023-05-07T22:27:14.482+0000] {logging_mixin.py:137} INFO - [2023-05-07T22:27:14.482+0000] {dag.py:3437} INFO - Setting next_dagrun for example_branch_datetime_operator_3 to 2023-05-06T00:00:00+00:00, run_after=2023-05-07T00:00:00+00:00
[2023-05-07T22:27:14.525+0000] {processor.py:175} INFO - Processing /usr/local/python/3.10.4/lib/python3.10/site-packages/airflow/example_dags/example_branch_datetime_operator.py took 0.126 seconds
[2023-05-07T22:27:57.090+0000] {processor.py:153} INFO - Started process (PID=12438) to work on /usr/local/python/3.10.4/lib/python3.10/site-packages/airflow/example_dags/example_branch_datetime_operator.py
[2023-05-07T22:27:57.091+0000] {processor.py:743} INFO - Processing file /usr/local/python/3.10.4/lib/python3.10/site-packages/airflow/example_dags/example_branch_datetime_operator.py for tasks to queue
[2023-05-07T22:27:57.091+0000] {logging_mixin.py:137} INFO - [2023-05-07T22:27:57.091+0000] {dagbag.py:538} INFO - Filling up the DagBag from /usr/local/python/3.10.4/lib/python3.10/site-packages/airflow/example_dags/example_branch_datetime_operator.py
[2023-05-07T22:27:57.108+0000] {processor.py:753} INFO - DAG(s) dict_keys(['example_branch_datetime_operator_2', 'example_branch_datetime_operator_3', 'example_branch_datetime_operator']) retrieved from /usr/local/python/3.10.4/lib/python3.10/site-packages/airflow/example_dags/example_branch_datetime_operator.py
[2023-05-07T22:27:57.128+0000] {logging_mixin.py:137} INFO - [2023-05-07T22:27:57.128+0000] {dag.py:2690} INFO - Sync 3 DAGs
[2023-05-07T22:27:57.147+0000] {logging_mixin.py:137} INFO - [2023-05-07T22:27:57.147+0000] {dag.py:3437} INFO - Setting next_dagrun for example_branch_datetime_operator to 2023-05-06T00:00:00+00:00, run_after=2023-05-07T00:00:00+00:00
[2023-05-07T22:27:57.151+0000] {logging_mixin.py:137} INFO - [2023-05-07T22:27:57.151+0000] {dag.py:3437} INFO - Setting next_dagrun for example_branch_datetime_operator_2 to 2023-05-06T00:00:00+00:00, run_after=2023-05-07T00:00:00+00:00
[2023-05-07T22:27:57.153+0000] {logging_mixin.py:137} INFO - [2023-05-07T22:27:57.153+0000] {dag.py:3437} INFO - Setting next_dagrun for example_branch_datetime_operator_3 to 2023-05-06T00:00:00+00:00, run_after=2023-05-07T00:00:00+00:00
[2023-05-07T22:27:57.193+0000] {processor.py:175} INFO - Processing /usr/local/python/3.10.4/lib/python3.10/site-packages/airflow/example_dags/example_branch_datetime_operator.py took 0.107 seconds
[2023-05-07T22:28:41.350+0000] {processor.py:153} INFO - Started process (PID=12744) to work on /usr/local/python/3.10.4/lib/python3.10/site-packages/airflow/example_dags/example_branch_datetime_operator.py
[2023-05-07T22:28:41.351+0000] {processor.py:743} INFO - Processing file /usr/local/python/3.10.4/lib/python3.10/site-packages/airflow/example_dags/example_branch_datetime_operator.py for tasks to queue
[2023-05-07T22:28:41.351+0000] {logging_mixin.py:137} INFO - [2023-05-07T22:28:41.351+0000] {dagbag.py:538} INFO - Filling up the DagBag from /usr/local/python/3.10.4/lib/python3.10/site-packages/airflow/example_dags/example_branch_datetime_operator.py
[2023-05-07T22:28:41.368+0000] {processor.py:753} INFO - DAG(s) dict_keys(['example_branch_datetime_operator_3', 'example_branch_datetime_operator', 'example_branch_datetime_operator_2']) retrieved from /usr/local/python/3.10.4/lib/python3.10/site-packages/airflow/example_dags/example_branch_datetime_operator.py
[2023-05-07T22:28:41.389+0000] {logging_mixin.py:137} INFO - [2023-05-07T22:28:41.389+0000] {dag.py:2690} INFO - Sync 3 DAGs
[2023-05-07T22:28:41.407+0000] {logging_mixin.py:137} INFO - [2023-05-07T22:28:41.407+0000] {dag.py:3437} INFO - Setting next_dagrun for example_branch_datetime_operator to 2023-05-06T00:00:00+00:00, run_after=2023-05-07T00:00:00+00:00
[2023-05-07T22:28:41.411+0000] {logging_mixin.py:137} INFO - [2023-05-07T22:28:41.411+0000] {dag.py:3437} INFO - Setting next_dagrun for example_branch_datetime_operator_2 to 2023-05-06T00:00:00+00:00, run_after=2023-05-07T00:00:00+00:00
[2023-05-07T22:28:41.413+0000] {logging_mixin.py:137} INFO - [2023-05-07T22:28:41.413+0000] {dag.py:3437} INFO - Setting next_dagrun for example_branch_datetime_operator_3 to 2023-05-06T00:00:00+00:00, run_after=2023-05-07T00:00:00+00:00
[2023-05-07T22:28:41.461+0000] {processor.py:175} INFO - Processing /usr/local/python/3.10.4/lib/python3.10/site-packages/airflow/example_dags/example_branch_datetime_operator.py took 0.115 seconds
[2023-05-07T22:29:33.225+0000] {processor.py:153} INFO - Started process (PID=13097) to work on /usr/local/python/3.10.4/lib/python3.10/site-packages/airflow/example_dags/example_branch_datetime_operator.py
[2023-05-07T22:29:33.226+0000] {processor.py:743} INFO - Processing file /usr/local/python/3.10.4/lib/python3.10/site-packages/airflow/example_dags/example_branch_datetime_operator.py for tasks to queue
[2023-05-07T22:29:33.227+0000] {logging_mixin.py:137} INFO - [2023-05-07T22:29:33.227+0000] {dagbag.py:538} INFO - Filling up the DagBag from /usr/local/python/3.10.4/lib/python3.10/site-packages/airflow/example_dags/example_branch_datetime_operator.py
[2023-05-07T22:29:33.254+0000] {processor.py:753} INFO - DAG(s) dict_keys(['example_branch_datetime_operator_2', 'example_branch_datetime_operator_3', 'example_branch_datetime_operator']) retrieved from /usr/local/python/3.10.4/lib/python3.10/site-packages/airflow/example_dags/example_branch_datetime_operator.py
[2023-05-07T22:29:33.284+0000] {logging_mixin.py:137} INFO - [2023-05-07T22:29:33.284+0000] {dag.py:2690} INFO - Sync 3 DAGs
[2023-05-07T22:29:33.303+0000] {logging_mixin.py:137} INFO - [2023-05-07T22:29:33.303+0000] {dag.py:3437} INFO - Setting next_dagrun for example_branch_datetime_operator to 2023-05-06T00:00:00+00:00, run_after=2023-05-07T00:00:00+00:00
[2023-05-07T22:29:33.307+0000] {logging_mixin.py:137} INFO - [2023-05-07T22:29:33.307+0000] {dag.py:3437} INFO - Setting next_dagrun for example_branch_datetime_operator_2 to 2023-05-06T00:00:00+00:00, run_after=2023-05-07T00:00:00+00:00
[2023-05-07T22:29:33.309+0000] {logging_mixin.py:137} INFO - [2023-05-07T22:29:33.309+0000] {dag.py:3437} INFO - Setting next_dagrun for example_branch_datetime_operator_3 to 2023-05-06T00:00:00+00:00, run_after=2023-05-07T00:00:00+00:00
[2023-05-07T22:29:33.350+0000] {processor.py:175} INFO - Processing /usr/local/python/3.10.4/lib/python3.10/site-packages/airflow/example_dags/example_branch_datetime_operator.py took 0.129 seconds
[2023-05-07T22:30:26.332+0000] {processor.py:153} INFO - Started process (PID=13464) to work on /usr/local/python/3.10.4/lib/python3.10/site-packages/airflow/example_dags/example_branch_datetime_operator.py
[2023-05-07T22:30:26.333+0000] {processor.py:743} INFO - Processing file /usr/local/python/3.10.4/lib/python3.10/site-packages/airflow/example_dags/example_branch_datetime_operator.py for tasks to queue
[2023-05-07T22:30:26.334+0000] {logging_mixin.py:137} INFO - [2023-05-07T22:30:26.334+0000] {dagbag.py:538} INFO - Filling up the DagBag from /usr/local/python/3.10.4/lib/python3.10/site-packages/airflow/example_dags/example_branch_datetime_operator.py
[2023-05-07T22:30:26.352+0000] {processor.py:753} INFO - DAG(s) dict_keys(['example_branch_datetime_operator', 'example_branch_datetime_operator_3', 'example_branch_datetime_operator_2']) retrieved from /usr/local/python/3.10.4/lib/python3.10/site-packages/airflow/example_dags/example_branch_datetime_operator.py
[2023-05-07T22:30:26.373+0000] {logging_mixin.py:137} INFO - [2023-05-07T22:30:26.372+0000] {dag.py:2690} INFO - Sync 3 DAGs
[2023-05-07T22:30:26.392+0000] {logging_mixin.py:137} INFO - [2023-05-07T22:30:26.392+0000] {dag.py:3437} INFO - Setting next_dagrun for example_branch_datetime_operator to 2023-05-06T00:00:00+00:00, run_after=2023-05-07T00:00:00+00:00
[2023-05-07T22:30:26.396+0000] {logging_mixin.py:137} INFO - [2023-05-07T22:30:26.396+0000] {dag.py:3437} INFO - Setting next_dagrun for example_branch_datetime_operator_2 to 2023-05-06T00:00:00+00:00, run_after=2023-05-07T00:00:00+00:00
[2023-05-07T22:30:26.398+0000] {logging_mixin.py:137} INFO - [2023-05-07T22:30:26.398+0000] {dag.py:3437} INFO - Setting next_dagrun for example_branch_datetime_operator_3 to 2023-05-06T00:00:00+00:00, run_after=2023-05-07T00:00:00+00:00
[2023-05-07T22:30:26.548+0000] {processor.py:175} INFO - Processing /usr/local/python/3.10.4/lib/python3.10/site-packages/airflow/example_dags/example_branch_datetime_operator.py took 0.222 seconds
[2023-05-07T22:31:15.732+0000] {processor.py:153} INFO - Started process (PID=13795) to work on /usr/local/python/3.10.4/lib/python3.10/site-packages/airflow/example_dags/example_branch_datetime_operator.py
[2023-05-07T22:31:15.732+0000] {processor.py:743} INFO - Processing file /usr/local/python/3.10.4/lib/python3.10/site-packages/airflow/example_dags/example_branch_datetime_operator.py for tasks to queue
[2023-05-07T22:31:15.733+0000] {logging_mixin.py:137} INFO - [2023-05-07T22:31:15.733+0000] {dagbag.py:538} INFO - Filling up the DagBag from /usr/local/python/3.10.4/lib/python3.10/site-packages/airflow/example_dags/example_branch_datetime_operator.py
[2023-05-07T22:31:15.750+0000] {processor.py:753} INFO - DAG(s) dict_keys(['example_branch_datetime_operator_2', 'example_branch_datetime_operator_3', 'example_branch_datetime_operator']) retrieved from /usr/local/python/3.10.4/lib/python3.10/site-packages/airflow/example_dags/example_branch_datetime_operator.py
[2023-05-07T22:31:15.773+0000] {logging_mixin.py:137} INFO - [2023-05-07T22:31:15.772+0000] {dag.py:2690} INFO - Sync 3 DAGs
[2023-05-07T22:31:15.908+0000] {logging_mixin.py:137} INFO - [2023-05-07T22:31:15.908+0000] {dag.py:3437} INFO - Setting next_dagrun for example_branch_datetime_operator to 2023-05-06T00:00:00+00:00, run_after=2023-05-07T00:00:00+00:00
[2023-05-07T22:31:15.912+0000] {logging_mixin.py:137} INFO - [2023-05-07T22:31:15.912+0000] {dag.py:3437} INFO - Setting next_dagrun for example_branch_datetime_operator_2 to 2023-05-06T00:00:00+00:00, run_after=2023-05-07T00:00:00+00:00
[2023-05-07T22:31:15.914+0000] {logging_mixin.py:137} INFO - [2023-05-07T22:31:15.914+0000] {dag.py:3437} INFO - Setting next_dagrun for example_branch_datetime_operator_3 to 2023-05-06T00:00:00+00:00, run_after=2023-05-07T00:00:00+00:00
[2023-05-07T22:31:15.954+0000] {processor.py:175} INFO - Processing /usr/local/python/3.10.4/lib/python3.10/site-packages/airflow/example_dags/example_branch_datetime_operator.py took 0.226 seconds
[2023-05-07T22:32:03.531+0000] {processor.py:153} INFO - Started process (PID=14128) to work on /usr/local/python/3.10.4/lib/python3.10/site-packages/airflow/example_dags/example_branch_datetime_operator.py
[2023-05-07T22:32:03.532+0000] {processor.py:743} INFO - Processing file /usr/local/python/3.10.4/lib/python3.10/site-packages/airflow/example_dags/example_branch_datetime_operator.py for tasks to queue
[2023-05-07T22:32:03.533+0000] {logging_mixin.py:137} INFO - [2023-05-07T22:32:03.533+0000] {dagbag.py:538} INFO - Filling up the DagBag from /usr/local/python/3.10.4/lib/python3.10/site-packages/airflow/example_dags/example_branch_datetime_operator.py
[2023-05-07T22:32:03.551+0000] {processor.py:753} INFO - DAG(s) dict_keys(['example_branch_datetime_operator_2', 'example_branch_datetime_operator_3', 'example_branch_datetime_operator']) retrieved from /usr/local/python/3.10.4/lib/python3.10/site-packages/airflow/example_dags/example_branch_datetime_operator.py
[2023-05-07T22:32:03.572+0000] {logging_mixin.py:137} INFO - [2023-05-07T22:32:03.572+0000] {dag.py:2690} INFO - Sync 3 DAGs
[2023-05-07T22:32:03.697+0000] {logging_mixin.py:137} INFO - [2023-05-07T22:32:03.696+0000] {dag.py:3437} INFO - Setting next_dagrun for example_branch_datetime_operator to 2023-05-06T00:00:00+00:00, run_after=2023-05-07T00:00:00+00:00
[2023-05-07T22:32:03.700+0000] {logging_mixin.py:137} INFO - [2023-05-07T22:32:03.700+0000] {dag.py:3437} INFO - Setting next_dagrun for example_branch_datetime_operator_2 to 2023-05-06T00:00:00+00:00, run_after=2023-05-07T00:00:00+00:00
[2023-05-07T22:32:03.703+0000] {logging_mixin.py:137} INFO - [2023-05-07T22:32:03.702+0000] {dag.py:3437} INFO - Setting next_dagrun for example_branch_datetime_operator_3 to 2023-05-06T00:00:00+00:00, run_after=2023-05-07T00:00:00+00:00
[2023-05-07T22:32:03.743+0000] {processor.py:175} INFO - Processing /usr/local/python/3.10.4/lib/python3.10/site-packages/airflow/example_dags/example_branch_datetime_operator.py took 0.214 seconds
[2023-05-07T22:32:49.249+0000] {processor.py:153} INFO - Started process (PID=14441) to work on /usr/local/python/3.10.4/lib/python3.10/site-packages/airflow/example_dags/example_branch_datetime_operator.py
[2023-05-07T22:32:49.250+0000] {processor.py:743} INFO - Processing file /usr/local/python/3.10.4/lib/python3.10/site-packages/airflow/example_dags/example_branch_datetime_operator.py for tasks to queue
[2023-05-07T22:32:49.251+0000] {logging_mixin.py:137} INFO - [2023-05-07T22:32:49.251+0000] {dagbag.py:538} INFO - Filling up the DagBag from /usr/local/python/3.10.4/lib/python3.10/site-packages/airflow/example_dags/example_branch_datetime_operator.py
[2023-05-07T22:32:49.267+0000] {processor.py:753} INFO - DAG(s) dict_keys(['example_branch_datetime_operator_3', 'example_branch_datetime_operator_2', 'example_branch_datetime_operator']) retrieved from /usr/local/python/3.10.4/lib/python3.10/site-packages/airflow/example_dags/example_branch_datetime_operator.py
[2023-05-07T22:32:49.416+0000] {logging_mixin.py:137} INFO - [2023-05-07T22:32:49.416+0000] {dag.py:2690} INFO - Sync 3 DAGs
[2023-05-07T22:32:49.432+0000] {logging_mixin.py:137} INFO - [2023-05-07T22:32:49.432+0000] {dag.py:3437} INFO - Setting next_dagrun for example_branch_datetime_operator to 2023-05-06T00:00:00+00:00, run_after=2023-05-07T00:00:00+00:00
[2023-05-07T22:32:49.436+0000] {logging_mixin.py:137} INFO - [2023-05-07T22:32:49.435+0000] {dag.py:3437} INFO - Setting next_dagrun for example_branch_datetime_operator_2 to 2023-05-06T00:00:00+00:00, run_after=2023-05-07T00:00:00+00:00
[2023-05-07T22:32:49.438+0000] {logging_mixin.py:137} INFO - [2023-05-07T22:32:49.438+0000] {dag.py:3437} INFO - Setting next_dagrun for example_branch_datetime_operator_3 to 2023-05-06T00:00:00+00:00, run_after=2023-05-07T00:00:00+00:00
[2023-05-07T22:32:49.476+0000] {processor.py:175} INFO - Processing /usr/local/python/3.10.4/lib/python3.10/site-packages/airflow/example_dags/example_branch_datetime_operator.py took 0.230 seconds
[2023-05-07T22:33:39.143+0000] {processor.py:153} INFO - Started process (PID=14801) to work on /usr/local/python/3.10.4/lib/python3.10/site-packages/airflow/example_dags/example_branch_datetime_operator.py
[2023-05-07T22:33:39.143+0000] {processor.py:743} INFO - Processing file /usr/local/python/3.10.4/lib/python3.10/site-packages/airflow/example_dags/example_branch_datetime_operator.py for tasks to queue
[2023-05-07T22:33:39.144+0000] {logging_mixin.py:137} INFO - [2023-05-07T22:33:39.144+0000] {dagbag.py:538} INFO - Filling up the DagBag from /usr/local/python/3.10.4/lib/python3.10/site-packages/airflow/example_dags/example_branch_datetime_operator.py
[2023-05-07T22:33:39.268+0000] {processor.py:753} INFO - DAG(s) dict_keys(['example_branch_datetime_operator_3', 'example_branch_datetime_operator', 'example_branch_datetime_operator_2']) retrieved from /usr/local/python/3.10.4/lib/python3.10/site-packages/airflow/example_dags/example_branch_datetime_operator.py
[2023-05-07T22:33:39.286+0000] {logging_mixin.py:137} INFO - [2023-05-07T22:33:39.286+0000] {dag.py:2690} INFO - Sync 3 DAGs
[2023-05-07T22:33:39.302+0000] {logging_mixin.py:137} INFO - [2023-05-07T22:33:39.302+0000] {dag.py:3437} INFO - Setting next_dagrun for example_branch_datetime_operator to 2023-05-06T00:00:00+00:00, run_after=2023-05-07T00:00:00+00:00
[2023-05-07T22:33:39.306+0000] {logging_mixin.py:137} INFO - [2023-05-07T22:33:39.305+0000] {dag.py:3437} INFO - Setting next_dagrun for example_branch_datetime_operator_2 to 2023-05-06T00:00:00+00:00, run_after=2023-05-07T00:00:00+00:00
[2023-05-07T22:33:39.308+0000] {logging_mixin.py:137} INFO - [2023-05-07T22:33:39.308+0000] {dag.py:3437} INFO - Setting next_dagrun for example_branch_datetime_operator_3 to 2023-05-06T00:00:00+00:00, run_after=2023-05-07T00:00:00+00:00
[2023-05-07T22:33:39.348+0000] {processor.py:175} INFO - Processing /usr/local/python/3.10.4/lib/python3.10/site-packages/airflow/example_dags/example_branch_datetime_operator.py took 0.209 seconds
[2023-05-07T22:34:27.777+0000] {processor.py:153} INFO - Started process (PID=15199) to work on /usr/local/python/3.10.4/lib/python3.10/site-packages/airflow/example_dags/example_branch_datetime_operator.py
[2023-05-07T22:34:27.777+0000] {processor.py:743} INFO - Processing file /usr/local/python/3.10.4/lib/python3.10/site-packages/airflow/example_dags/example_branch_datetime_operator.py for tasks to queue
[2023-05-07T22:34:27.778+0000] {logging_mixin.py:137} INFO - [2023-05-07T22:34:27.778+0000] {dagbag.py:538} INFO - Filling up the DagBag from /usr/local/python/3.10.4/lib/python3.10/site-packages/airflow/example_dags/example_branch_datetime_operator.py
[2023-05-07T22:34:27.913+0000] {processor.py:753} INFO - DAG(s) dict_keys(['example_branch_datetime_operator', 'example_branch_datetime_operator_2', 'example_branch_datetime_operator_3']) retrieved from /usr/local/python/3.10.4/lib/python3.10/site-packages/airflow/example_dags/example_branch_datetime_operator.py
[2023-05-07T22:34:27.929+0000] {logging_mixin.py:137} INFO - [2023-05-07T22:34:27.929+0000] {dag.py:2690} INFO - Sync 3 DAGs
[2023-05-07T22:34:27.946+0000] {logging_mixin.py:137} INFO - [2023-05-07T22:34:27.946+0000] {dag.py:3437} INFO - Setting next_dagrun for example_branch_datetime_operator to 2023-05-06T00:00:00+00:00, run_after=2023-05-07T00:00:00+00:00
[2023-05-07T22:34:27.950+0000] {logging_mixin.py:137} INFO - [2023-05-07T22:34:27.950+0000] {dag.py:3437} INFO - Setting next_dagrun for example_branch_datetime_operator_2 to 2023-05-06T00:00:00+00:00, run_after=2023-05-07T00:00:00+00:00
[2023-05-07T22:34:27.952+0000] {logging_mixin.py:137} INFO - [2023-05-07T22:34:27.952+0000] {dag.py:3437} INFO - Setting next_dagrun for example_branch_datetime_operator_3 to 2023-05-06T00:00:00+00:00, run_after=2023-05-07T00:00:00+00:00
[2023-05-07T22:34:27.996+0000] {processor.py:175} INFO - Processing /usr/local/python/3.10.4/lib/python3.10/site-packages/airflow/example_dags/example_branch_datetime_operator.py took 0.223 seconds
[2023-05-07T22:35:15.645+0000] {processor.py:153} INFO - Started process (PID=15544) to work on /usr/local/python/3.10.4/lib/python3.10/site-packages/airflow/example_dags/example_branch_datetime_operator.py
[2023-05-07T22:35:15.646+0000] {processor.py:743} INFO - Processing file /usr/local/python/3.10.4/lib/python3.10/site-packages/airflow/example_dags/example_branch_datetime_operator.py for tasks to queue
[2023-05-07T22:35:15.647+0000] {logging_mixin.py:137} INFO - [2023-05-07T22:35:15.647+0000] {dagbag.py:538} INFO - Filling up the DagBag from /usr/local/python/3.10.4/lib/python3.10/site-packages/airflow/example_dags/example_branch_datetime_operator.py
[2023-05-07T22:35:15.663+0000] {processor.py:753} INFO - DAG(s) dict_keys(['example_branch_datetime_operator_2', 'example_branch_datetime_operator', 'example_branch_datetime_operator_3']) retrieved from /usr/local/python/3.10.4/lib/python3.10/site-packages/airflow/example_dags/example_branch_datetime_operator.py
[2023-05-07T22:35:15.684+0000] {logging_mixin.py:137} INFO - [2023-05-07T22:35:15.683+0000] {dag.py:2690} INFO - Sync 3 DAGs
[2023-05-07T22:35:15.703+0000] {logging_mixin.py:137} INFO - [2023-05-07T22:35:15.703+0000] {dag.py:3437} INFO - Setting next_dagrun for example_branch_datetime_operator to 2023-05-06T00:00:00+00:00, run_after=2023-05-07T00:00:00+00:00
[2023-05-07T22:35:15.707+0000] {logging_mixin.py:137} INFO - [2023-05-07T22:35:15.706+0000] {dag.py:3437} INFO - Setting next_dagrun for example_branch_datetime_operator_2 to 2023-05-06T00:00:00+00:00, run_after=2023-05-07T00:00:00+00:00
[2023-05-07T22:35:15.708+0000] {logging_mixin.py:137} INFO - [2023-05-07T22:35:15.708+0000] {dag.py:3437} INFO - Setting next_dagrun for example_branch_datetime_operator_3 to 2023-05-06T00:00:00+00:00, run_after=2023-05-07T00:00:00+00:00
[2023-05-07T22:35:15.749+0000] {processor.py:175} INFO - Processing /usr/local/python/3.10.4/lib/python3.10/site-packages/airflow/example_dags/example_branch_datetime_operator.py took 0.107 seconds
[2023-05-07T22:35:57.669+0000] {processor.py:153} INFO - Started process (PID=15831) to work on /usr/local/python/3.10.4/lib/python3.10/site-packages/airflow/example_dags/example_branch_datetime_operator.py
[2023-05-07T22:35:57.670+0000] {processor.py:743} INFO - Processing file /usr/local/python/3.10.4/lib/python3.10/site-packages/airflow/example_dags/example_branch_datetime_operator.py for tasks to queue
[2023-05-07T22:35:57.671+0000] {logging_mixin.py:137} INFO - [2023-05-07T22:35:57.671+0000] {dagbag.py:538} INFO - Filling up the DagBag from /usr/local/python/3.10.4/lib/python3.10/site-packages/airflow/example_dags/example_branch_datetime_operator.py
[2023-05-07T22:35:57.687+0000] {processor.py:753} INFO - DAG(s) dict_keys(['example_branch_datetime_operator_3', 'example_branch_datetime_operator_2', 'example_branch_datetime_operator']) retrieved from /usr/local/python/3.10.4/lib/python3.10/site-packages/airflow/example_dags/example_branch_datetime_operator.py
[2023-05-07T22:35:57.709+0000] {logging_mixin.py:137} INFO - [2023-05-07T22:35:57.709+0000] {dag.py:2690} INFO - Sync 3 DAGs
[2023-05-07T22:35:57.728+0000] {logging_mixin.py:137} INFO - [2023-05-07T22:35:57.728+0000] {dag.py:3437} INFO - Setting next_dagrun for example_branch_datetime_operator to 2023-05-06T00:00:00+00:00, run_after=2023-05-07T00:00:00+00:00
[2023-05-07T22:35:57.732+0000] {logging_mixin.py:137} INFO - [2023-05-07T22:35:57.731+0000] {dag.py:3437} INFO - Setting next_dagrun for example_branch_datetime_operator_2 to 2023-05-06T00:00:00+00:00, run_after=2023-05-07T00:00:00+00:00
[2023-05-07T22:35:57.734+0000] {logging_mixin.py:137} INFO - [2023-05-07T22:35:57.733+0000] {dag.py:3437} INFO - Setting next_dagrun for example_branch_datetime_operator_3 to 2023-05-06T00:00:00+00:00, run_after=2023-05-07T00:00:00+00:00
[2023-05-07T22:35:57.781+0000] {processor.py:175} INFO - Processing /usr/local/python/3.10.4/lib/python3.10/site-packages/airflow/example_dags/example_branch_datetime_operator.py took 0.114 seconds
[2023-05-07T22:36:44.499+0000] {processor.py:153} INFO - Started process (PID=16157) to work on /usr/local/python/3.10.4/lib/python3.10/site-packages/airflow/example_dags/example_branch_datetime_operator.py
[2023-05-07T22:36:44.500+0000] {processor.py:743} INFO - Processing file /usr/local/python/3.10.4/lib/python3.10/site-packages/airflow/example_dags/example_branch_datetime_operator.py for tasks to queue
[2023-05-07T22:36:44.500+0000] {logging_mixin.py:137} INFO - [2023-05-07T22:36:44.500+0000] {dagbag.py:538} INFO - Filling up the DagBag from /usr/local/python/3.10.4/lib/python3.10/site-packages/airflow/example_dags/example_branch_datetime_operator.py
[2023-05-07T22:36:44.517+0000] {processor.py:753} INFO - DAG(s) dict_keys(['example_branch_datetime_operator_3', 'example_branch_datetime_operator', 'example_branch_datetime_operator_2']) retrieved from /usr/local/python/3.10.4/lib/python3.10/site-packages/airflow/example_dags/example_branch_datetime_operator.py
[2023-05-07T22:36:44.538+0000] {logging_mixin.py:137} INFO - [2023-05-07T22:36:44.538+0000] {dag.py:2690} INFO - Sync 3 DAGs
[2023-05-07T22:36:44.558+0000] {logging_mixin.py:137} INFO - [2023-05-07T22:36:44.558+0000] {dag.py:3437} INFO - Setting next_dagrun for example_branch_datetime_operator to 2023-05-06T00:00:00+00:00, run_after=2023-05-07T00:00:00+00:00
[2023-05-07T22:36:44.561+0000] {logging_mixin.py:137} INFO - [2023-05-07T22:36:44.561+0000] {dag.py:3437} INFO - Setting next_dagrun for example_branch_datetime_operator_2 to 2023-05-06T00:00:00+00:00, run_after=2023-05-07T00:00:00+00:00
[2023-05-07T22:36:44.563+0000] {logging_mixin.py:137} INFO - [2023-05-07T22:36:44.563+0000] {dag.py:3437} INFO - Setting next_dagrun for example_branch_datetime_operator_3 to 2023-05-06T00:00:00+00:00, run_after=2023-05-07T00:00:00+00:00
[2023-05-07T22:36:44.603+0000] {processor.py:175} INFO - Processing /usr/local/python/3.10.4/lib/python3.10/site-packages/airflow/example_dags/example_branch_datetime_operator.py took 0.107 seconds
[2023-05-07T22:37:26.454+0000] {processor.py:153} INFO - Started process (PID=16458) to work on /usr/local/python/3.10.4/lib/python3.10/site-packages/airflow/example_dags/example_branch_datetime_operator.py
[2023-05-07T22:37:26.455+0000] {processor.py:743} INFO - Processing file /usr/local/python/3.10.4/lib/python3.10/site-packages/airflow/example_dags/example_branch_datetime_operator.py for tasks to queue
[2023-05-07T22:37:26.456+0000] {logging_mixin.py:137} INFO - [2023-05-07T22:37:26.456+0000] {dagbag.py:538} INFO - Filling up the DagBag from /usr/local/python/3.10.4/lib/python3.10/site-packages/airflow/example_dags/example_branch_datetime_operator.py
[2023-05-07T22:37:26.473+0000] {processor.py:753} INFO - DAG(s) dict_keys(['example_branch_datetime_operator_3', 'example_branch_datetime_operator_2', 'example_branch_datetime_operator']) retrieved from /usr/local/python/3.10.4/lib/python3.10/site-packages/airflow/example_dags/example_branch_datetime_operator.py
[2023-05-07T22:37:26.493+0000] {logging_mixin.py:137} INFO - [2023-05-07T22:37:26.493+0000] {dag.py:2690} INFO - Sync 3 DAGs
[2023-05-07T22:37:26.512+0000] {logging_mixin.py:137} INFO - [2023-05-07T22:37:26.511+0000] {dag.py:3437} INFO - Setting next_dagrun for example_branch_datetime_operator to 2023-05-06T00:00:00+00:00, run_after=2023-05-07T00:00:00+00:00
[2023-05-07T22:37:26.515+0000] {logging_mixin.py:137} INFO - [2023-05-07T22:37:26.515+0000] {dag.py:3437} INFO - Setting next_dagrun for example_branch_datetime_operator_2 to 2023-05-06T00:00:00+00:00, run_after=2023-05-07T00:00:00+00:00
[2023-05-07T22:37:26.517+0000] {logging_mixin.py:137} INFO - [2023-05-07T22:37:26.517+0000] {dag.py:3437} INFO - Setting next_dagrun for example_branch_datetime_operator_3 to 2023-05-06T00:00:00+00:00, run_after=2023-05-07T00:00:00+00:00
[2023-05-07T22:37:26.557+0000] {processor.py:175} INFO - Processing /usr/local/python/3.10.4/lib/python3.10/site-packages/airflow/example_dags/example_branch_datetime_operator.py took 0.106 seconds
[2023-05-07T22:38:11.108+0000] {processor.py:153} INFO - Started process (PID=16802) to work on /usr/local/python/3.10.4/lib/python3.10/site-packages/airflow/example_dags/example_branch_datetime_operator.py
[2023-05-07T22:38:11.110+0000] {processor.py:743} INFO - Processing file /usr/local/python/3.10.4/lib/python3.10/site-packages/airflow/example_dags/example_branch_datetime_operator.py for tasks to queue
[2023-05-07T22:38:11.111+0000] {logging_mixin.py:137} INFO - [2023-05-07T22:38:11.111+0000] {dagbag.py:538} INFO - Filling up the DagBag from /usr/local/python/3.10.4/lib/python3.10/site-packages/airflow/example_dags/example_branch_datetime_operator.py
[2023-05-07T22:38:11.136+0000] {processor.py:753} INFO - DAG(s) dict_keys(['example_branch_datetime_operator_3', 'example_branch_datetime_operator_2', 'example_branch_datetime_operator']) retrieved from /usr/local/python/3.10.4/lib/python3.10/site-packages/airflow/example_dags/example_branch_datetime_operator.py
[2023-05-07T22:38:11.163+0000] {logging_mixin.py:137} INFO - [2023-05-07T22:38:11.163+0000] {dag.py:2690} INFO - Sync 3 DAGs
[2023-05-07T22:38:11.182+0000] {logging_mixin.py:137} INFO - [2023-05-07T22:38:11.182+0000] {dag.py:3437} INFO - Setting next_dagrun for example_branch_datetime_operator to 2023-05-06T00:00:00+00:00, run_after=2023-05-07T00:00:00+00:00
[2023-05-07T22:38:11.186+0000] {logging_mixin.py:137} INFO - [2023-05-07T22:38:11.186+0000] {dag.py:3437} INFO - Setting next_dagrun for example_branch_datetime_operator_2 to 2023-05-06T00:00:00+00:00, run_after=2023-05-07T00:00:00+00:00
[2023-05-07T22:38:11.188+0000] {logging_mixin.py:137} INFO - [2023-05-07T22:38:11.188+0000] {dag.py:3437} INFO - Setting next_dagrun for example_branch_datetime_operator_3 to 2023-05-06T00:00:00+00:00, run_after=2023-05-07T00:00:00+00:00
[2023-05-07T22:38:11.228+0000] {processor.py:175} INFO - Processing /usr/local/python/3.10.4/lib/python3.10/site-packages/airflow/example_dags/example_branch_datetime_operator.py took 0.123 seconds
[2023-05-07T22:38:55.912+0000] {processor.py:153} INFO - Started process (PID=17105) to work on /usr/local/python/3.10.4/lib/python3.10/site-packages/airflow/example_dags/example_branch_datetime_operator.py
[2023-05-07T22:38:55.913+0000] {processor.py:743} INFO - Processing file /usr/local/python/3.10.4/lib/python3.10/site-packages/airflow/example_dags/example_branch_datetime_operator.py for tasks to queue
[2023-05-07T22:38:55.913+0000] {logging_mixin.py:137} INFO - [2023-05-07T22:38:55.913+0000] {dagbag.py:538} INFO - Filling up the DagBag from /usr/local/python/3.10.4/lib/python3.10/site-packages/airflow/example_dags/example_branch_datetime_operator.py
[2023-05-07T22:38:55.930+0000] {processor.py:753} INFO - DAG(s) dict_keys(['example_branch_datetime_operator', 'example_branch_datetime_operator_3', 'example_branch_datetime_operator_2']) retrieved from /usr/local/python/3.10.4/lib/python3.10/site-packages/airflow/example_dags/example_branch_datetime_operator.py
[2023-05-07T22:38:55.951+0000] {logging_mixin.py:137} INFO - [2023-05-07T22:38:55.951+0000] {dag.py:2690} INFO - Sync 3 DAGs
[2023-05-07T22:38:55.969+0000] {logging_mixin.py:137} INFO - [2023-05-07T22:38:55.969+0000] {dag.py:3437} INFO - Setting next_dagrun for example_branch_datetime_operator to 2023-05-06T00:00:00+00:00, run_after=2023-05-07T00:00:00+00:00
[2023-05-07T22:38:55.973+0000] {logging_mixin.py:137} INFO - [2023-05-07T22:38:55.973+0000] {dag.py:3437} INFO - Setting next_dagrun for example_branch_datetime_operator_2 to 2023-05-06T00:00:00+00:00, run_after=2023-05-07T00:00:00+00:00
[2023-05-07T22:38:55.975+0000] {logging_mixin.py:137} INFO - [2023-05-07T22:38:55.975+0000] {dag.py:3437} INFO - Setting next_dagrun for example_branch_datetime_operator_3 to 2023-05-06T00:00:00+00:00, run_after=2023-05-07T00:00:00+00:00
[2023-05-07T22:38:56.017+0000] {processor.py:175} INFO - Processing /usr/local/python/3.10.4/lib/python3.10/site-packages/airflow/example_dags/example_branch_datetime_operator.py took 0.108 seconds
[2023-05-07T22:39:39.225+0000] {processor.py:153} INFO - Started process (PID=17417) to work on /usr/local/python/3.10.4/lib/python3.10/site-packages/airflow/example_dags/example_branch_datetime_operator.py
[2023-05-07T22:39:39.226+0000] {processor.py:743} INFO - Processing file /usr/local/python/3.10.4/lib/python3.10/site-packages/airflow/example_dags/example_branch_datetime_operator.py for tasks to queue
[2023-05-07T22:39:39.226+0000] {logging_mixin.py:137} INFO - [2023-05-07T22:39:39.226+0000] {dagbag.py:538} INFO - Filling up the DagBag from /usr/local/python/3.10.4/lib/python3.10/site-packages/airflow/example_dags/example_branch_datetime_operator.py
[2023-05-07T22:39:39.242+0000] {processor.py:753} INFO - DAG(s) dict_keys(['example_branch_datetime_operator_2', 'example_branch_datetime_operator', 'example_branch_datetime_operator_3']) retrieved from /usr/local/python/3.10.4/lib/python3.10/site-packages/airflow/example_dags/example_branch_datetime_operator.py
[2023-05-07T22:39:39.267+0000] {logging_mixin.py:137} INFO - [2023-05-07T22:39:39.266+0000] {dag.py:2690} INFO - Sync 3 DAGs
[2023-05-07T22:39:39.296+0000] {logging_mixin.py:137} INFO - [2023-05-07T22:39:39.296+0000] {dag.py:3437} INFO - Setting next_dagrun for example_branch_datetime_operator to 2023-05-06T00:00:00+00:00, run_after=2023-05-07T00:00:00+00:00
[2023-05-07T22:39:39.303+0000] {logging_mixin.py:137} INFO - [2023-05-07T22:39:39.303+0000] {dag.py:3437} INFO - Setting next_dagrun for example_branch_datetime_operator_2 to 2023-05-06T00:00:00+00:00, run_after=2023-05-07T00:00:00+00:00
[2023-05-07T22:39:39.306+0000] {logging_mixin.py:137} INFO - [2023-05-07T22:39:39.306+0000] {dag.py:3437} INFO - Setting next_dagrun for example_branch_datetime_operator_3 to 2023-05-06T00:00:00+00:00, run_after=2023-05-07T00:00:00+00:00
[2023-05-07T22:39:39.354+0000] {processor.py:175} INFO - Processing /usr/local/python/3.10.4/lib/python3.10/site-packages/airflow/example_dags/example_branch_datetime_operator.py took 0.129 seconds
[2023-05-07T22:40:21.091+0000] {processor.py:153} INFO - Started process (PID=17742) to work on /usr/local/python/3.10.4/lib/python3.10/site-packages/airflow/example_dags/example_branch_datetime_operator.py
[2023-05-07T22:40:21.092+0000] {processor.py:743} INFO - Processing file /usr/local/python/3.10.4/lib/python3.10/site-packages/airflow/example_dags/example_branch_datetime_operator.py for tasks to queue
[2023-05-07T22:40:21.092+0000] {logging_mixin.py:137} INFO - [2023-05-07T22:40:21.092+0000] {dagbag.py:538} INFO - Filling up the DagBag from /usr/local/python/3.10.4/lib/python3.10/site-packages/airflow/example_dags/example_branch_datetime_operator.py
[2023-05-07T22:40:21.142+0000] {processor.py:753} INFO - DAG(s) dict_keys(['example_branch_datetime_operator_2', 'example_branch_datetime_operator', 'example_branch_datetime_operator_3']) retrieved from /usr/local/python/3.10.4/lib/python3.10/site-packages/airflow/example_dags/example_branch_datetime_operator.py
[2023-05-07T22:40:21.182+0000] {logging_mixin.py:137} INFO - [2023-05-07T22:40:21.181+0000] {dag.py:2690} INFO - Sync 3 DAGs
[2023-05-07T22:40:21.235+0000] {logging_mixin.py:137} INFO - [2023-05-07T22:40:21.235+0000] {dag.py:3437} INFO - Setting next_dagrun for example_branch_datetime_operator to 2023-05-06T00:00:00+00:00, run_after=2023-05-07T00:00:00+00:00
[2023-05-07T22:40:21.241+0000] {logging_mixin.py:137} INFO - [2023-05-07T22:40:21.241+0000] {dag.py:3437} INFO - Setting next_dagrun for example_branch_datetime_operator_2 to 2023-05-06T00:00:00+00:00, run_after=2023-05-07T00:00:00+00:00
[2023-05-07T22:40:21.251+0000] {logging_mixin.py:137} INFO - [2023-05-07T22:40:21.251+0000] {dag.py:3437} INFO - Setting next_dagrun for example_branch_datetime_operator_3 to 2023-05-06T00:00:00+00:00, run_after=2023-05-07T00:00:00+00:00
[2023-05-07T22:40:21.334+0000] {processor.py:175} INFO - Processing /usr/local/python/3.10.4/lib/python3.10/site-packages/airflow/example_dags/example_branch_datetime_operator.py took 0.245 seconds
[2023-05-07T22:41:02.659+0000] {processor.py:153} INFO - Started process (PID=18068) to work on /usr/local/python/3.10.4/lib/python3.10/site-packages/airflow/example_dags/example_branch_datetime_operator.py
[2023-05-07T22:41:02.660+0000] {processor.py:743} INFO - Processing file /usr/local/python/3.10.4/lib/python3.10/site-packages/airflow/example_dags/example_branch_datetime_operator.py for tasks to queue
[2023-05-07T22:41:02.661+0000] {logging_mixin.py:137} INFO - [2023-05-07T22:41:02.660+0000] {dagbag.py:538} INFO - Filling up the DagBag from /usr/local/python/3.10.4/lib/python3.10/site-packages/airflow/example_dags/example_branch_datetime_operator.py
[2023-05-07T22:41:02.684+0000] {processor.py:753} INFO - DAG(s) dict_keys(['example_branch_datetime_operator', 'example_branch_datetime_operator_2', 'example_branch_datetime_operator_3']) retrieved from /usr/local/python/3.10.4/lib/python3.10/site-packages/airflow/example_dags/example_branch_datetime_operator.py
[2023-05-07T22:41:02.705+0000] {logging_mixin.py:137} INFO - [2023-05-07T22:41:02.705+0000] {dag.py:2690} INFO - Sync 3 DAGs
[2023-05-07T22:41:02.723+0000] {logging_mixin.py:137} INFO - [2023-05-07T22:41:02.723+0000] {dag.py:3437} INFO - Setting next_dagrun for example_branch_datetime_operator to 2023-05-06T00:00:00+00:00, run_after=2023-05-07T00:00:00+00:00
[2023-05-07T22:41:02.727+0000] {logging_mixin.py:137} INFO - [2023-05-07T22:41:02.726+0000] {dag.py:3437} INFO - Setting next_dagrun for example_branch_datetime_operator_2 to 2023-05-06T00:00:00+00:00, run_after=2023-05-07T00:00:00+00:00
[2023-05-07T22:41:02.729+0000] {logging_mixin.py:137} INFO - [2023-05-07T22:41:02.728+0000] {dag.py:3437} INFO - Setting next_dagrun for example_branch_datetime_operator_3 to 2023-05-06T00:00:00+00:00, run_after=2023-05-07T00:00:00+00:00
[2023-05-07T22:41:02.779+0000] {processor.py:175} INFO - Processing /usr/local/python/3.10.4/lib/python3.10/site-packages/airflow/example_dags/example_branch_datetime_operator.py took 0.123 seconds
[2023-05-07T22:41:51.229+0000] {processor.py:153} INFO - Started process (PID=18406) to work on /usr/local/python/3.10.4/lib/python3.10/site-packages/airflow/example_dags/example_branch_datetime_operator.py
[2023-05-07T22:41:51.230+0000] {processor.py:743} INFO - Processing file /usr/local/python/3.10.4/lib/python3.10/site-packages/airflow/example_dags/example_branch_datetime_operator.py for tasks to queue
[2023-05-07T22:41:51.231+0000] {logging_mixin.py:137} INFO - [2023-05-07T22:41:51.231+0000] {dagbag.py:538} INFO - Filling up the DagBag from /usr/local/python/3.10.4/lib/python3.10/site-packages/airflow/example_dags/example_branch_datetime_operator.py
[2023-05-07T22:41:51.247+0000] {processor.py:753} INFO - DAG(s) dict_keys(['example_branch_datetime_operator_3', 'example_branch_datetime_operator_2', 'example_branch_datetime_operator']) retrieved from /usr/local/python/3.10.4/lib/python3.10/site-packages/airflow/example_dags/example_branch_datetime_operator.py
[2023-05-07T22:41:51.268+0000] {logging_mixin.py:137} INFO - [2023-05-07T22:41:51.268+0000] {dag.py:2690} INFO - Sync 3 DAGs
[2023-05-07T22:41:51.287+0000] {logging_mixin.py:137} INFO - [2023-05-07T22:41:51.286+0000] {dag.py:3437} INFO - Setting next_dagrun for example_branch_datetime_operator to 2023-05-06T00:00:00+00:00, run_after=2023-05-07T00:00:00+00:00
[2023-05-07T22:41:51.290+0000] {logging_mixin.py:137} INFO - [2023-05-07T22:41:51.290+0000] {dag.py:3437} INFO - Setting next_dagrun for example_branch_datetime_operator_2 to 2023-05-06T00:00:00+00:00, run_after=2023-05-07T00:00:00+00:00
[2023-05-07T22:41:51.292+0000] {logging_mixin.py:137} INFO - [2023-05-07T22:41:51.292+0000] {dag.py:3437} INFO - Setting next_dagrun for example_branch_datetime_operator_3 to 2023-05-06T00:00:00+00:00, run_after=2023-05-07T00:00:00+00:00
[2023-05-07T22:41:51.331+0000] {processor.py:175} INFO - Processing /usr/local/python/3.10.4/lib/python3.10/site-packages/airflow/example_dags/example_branch_datetime_operator.py took 0.105 seconds
[2023-05-07T22:42:31.370+0000] {processor.py:153} INFO - Started process (PID=18778) to work on /usr/local/python/3.10.4/lib/python3.10/site-packages/airflow/example_dags/example_branch_datetime_operator.py
[2023-05-07T22:42:31.371+0000] {processor.py:743} INFO - Processing file /usr/local/python/3.10.4/lib/python3.10/site-packages/airflow/example_dags/example_branch_datetime_operator.py for tasks to queue
[2023-05-07T22:42:31.372+0000] {logging_mixin.py:137} INFO - [2023-05-07T22:42:31.372+0000] {dagbag.py:538} INFO - Filling up the DagBag from /usr/local/python/3.10.4/lib/python3.10/site-packages/airflow/example_dags/example_branch_datetime_operator.py
[2023-05-07T22:42:31.389+0000] {processor.py:753} INFO - DAG(s) dict_keys(['example_branch_datetime_operator_3', 'example_branch_datetime_operator_2', 'example_branch_datetime_operator']) retrieved from /usr/local/python/3.10.4/lib/python3.10/site-packages/airflow/example_dags/example_branch_datetime_operator.py
[2023-05-07T22:42:31.410+0000] {logging_mixin.py:137} INFO - [2023-05-07T22:42:31.410+0000] {dag.py:2690} INFO - Sync 3 DAGs
[2023-05-07T22:42:31.427+0000] {logging_mixin.py:137} INFO - [2023-05-07T22:42:31.427+0000] {dag.py:3437} INFO - Setting next_dagrun for example_branch_datetime_operator to 2023-05-06T00:00:00+00:00, run_after=2023-05-07T00:00:00+00:00
[2023-05-07T22:42:31.431+0000] {logging_mixin.py:137} INFO - [2023-05-07T22:42:31.431+0000] {dag.py:3437} INFO - Setting next_dagrun for example_branch_datetime_operator_2 to 2023-05-06T00:00:00+00:00, run_after=2023-05-07T00:00:00+00:00
[2023-05-07T22:42:31.433+0000] {logging_mixin.py:137} INFO - [2023-05-07T22:42:31.433+0000] {dag.py:3437} INFO - Setting next_dagrun for example_branch_datetime_operator_3 to 2023-05-06T00:00:00+00:00, run_after=2023-05-07T00:00:00+00:00
[2023-05-07T22:42:31.478+0000] {processor.py:175} INFO - Processing /usr/local/python/3.10.4/lib/python3.10/site-packages/airflow/example_dags/example_branch_datetime_operator.py took 0.111 seconds
[2023-05-07T22:43:16.878+0000] {processor.py:153} INFO - Started process (PID=19215) to work on /usr/local/python/3.10.4/lib/python3.10/site-packages/airflow/example_dags/example_branch_datetime_operator.py
[2023-05-07T22:43:16.879+0000] {processor.py:743} INFO - Processing file /usr/local/python/3.10.4/lib/python3.10/site-packages/airflow/example_dags/example_branch_datetime_operator.py for tasks to queue
[2023-05-07T22:43:16.880+0000] {logging_mixin.py:137} INFO - [2023-05-07T22:43:16.880+0000] {dagbag.py:538} INFO - Filling up the DagBag from /usr/local/python/3.10.4/lib/python3.10/site-packages/airflow/example_dags/example_branch_datetime_operator.py
[2023-05-07T22:43:16.896+0000] {processor.py:753} INFO - DAG(s) dict_keys(['example_branch_datetime_operator', 'example_branch_datetime_operator_3', 'example_branch_datetime_operator_2']) retrieved from /usr/local/python/3.10.4/lib/python3.10/site-packages/airflow/example_dags/example_branch_datetime_operator.py
[2023-05-07T22:43:16.916+0000] {logging_mixin.py:137} INFO - [2023-05-07T22:43:16.916+0000] {dag.py:2690} INFO - Sync 3 DAGs
[2023-05-07T22:43:16.934+0000] {logging_mixin.py:137} INFO - [2023-05-07T22:43:16.934+0000] {dag.py:3437} INFO - Setting next_dagrun for example_branch_datetime_operator to 2023-05-06T00:00:00+00:00, run_after=2023-05-07T00:00:00+00:00
[2023-05-07T22:43:16.938+0000] {logging_mixin.py:137} INFO - [2023-05-07T22:43:16.937+0000] {dag.py:3437} INFO - Setting next_dagrun for example_branch_datetime_operator_2 to 2023-05-06T00:00:00+00:00, run_after=2023-05-07T00:00:00+00:00
[2023-05-07T22:43:16.940+0000] {logging_mixin.py:137} INFO - [2023-05-07T22:43:16.939+0000] {dag.py:3437} INFO - Setting next_dagrun for example_branch_datetime_operator_3 to 2023-05-06T00:00:00+00:00, run_after=2023-05-07T00:00:00+00:00
[2023-05-07T22:43:16.981+0000] {processor.py:175} INFO - Processing /usr/local/python/3.10.4/lib/python3.10/site-packages/airflow/example_dags/example_branch_datetime_operator.py took 0.105 seconds
[2023-05-07T22:43:59.488+0000] {processor.py:153} INFO - Started process (PID=19682) to work on /usr/local/python/3.10.4/lib/python3.10/site-packages/airflow/example_dags/example_branch_datetime_operator.py
[2023-05-07T22:43:59.489+0000] {processor.py:743} INFO - Processing file /usr/local/python/3.10.4/lib/python3.10/site-packages/airflow/example_dags/example_branch_datetime_operator.py for tasks to queue
[2023-05-07T22:43:59.490+0000] {logging_mixin.py:137} INFO - [2023-05-07T22:43:59.490+0000] {dagbag.py:538} INFO - Filling up the DagBag from /usr/local/python/3.10.4/lib/python3.10/site-packages/airflow/example_dags/example_branch_datetime_operator.py
[2023-05-07T22:43:59.506+0000] {processor.py:753} INFO - DAG(s) dict_keys(['example_branch_datetime_operator_3', 'example_branch_datetime_operator', 'example_branch_datetime_operator_2']) retrieved from /usr/local/python/3.10.4/lib/python3.10/site-packages/airflow/example_dags/example_branch_datetime_operator.py
[2023-05-07T22:43:59.527+0000] {logging_mixin.py:137} INFO - [2023-05-07T22:43:59.527+0000] {dag.py:2690} INFO - Sync 3 DAGs
[2023-05-07T22:43:59.546+0000] {logging_mixin.py:137} INFO - [2023-05-07T22:43:59.546+0000] {dag.py:3437} INFO - Setting next_dagrun for example_branch_datetime_operator to 2023-05-06T00:00:00+00:00, run_after=2023-05-07T00:00:00+00:00
[2023-05-07T22:43:59.549+0000] {logging_mixin.py:137} INFO - [2023-05-07T22:43:59.549+0000] {dag.py:3437} INFO - Setting next_dagrun for example_branch_datetime_operator_2 to 2023-05-06T00:00:00+00:00, run_after=2023-05-07T00:00:00+00:00
[2023-05-07T22:43:59.551+0000] {logging_mixin.py:137} INFO - [2023-05-07T22:43:59.551+0000] {dag.py:3437} INFO - Setting next_dagrun for example_branch_datetime_operator_3 to 2023-05-06T00:00:00+00:00, run_after=2023-05-07T00:00:00+00:00
[2023-05-07T22:43:59.590+0000] {processor.py:175} INFO - Processing /usr/local/python/3.10.4/lib/python3.10/site-packages/airflow/example_dags/example_branch_datetime_operator.py took 0.104 seconds
[2023-05-07T22:44:41.459+0000] {processor.py:153} INFO - Started process (PID=20120) to work on /usr/local/python/3.10.4/lib/python3.10/site-packages/airflow/example_dags/example_branch_datetime_operator.py
[2023-05-07T22:44:41.459+0000] {processor.py:743} INFO - Processing file /usr/local/python/3.10.4/lib/python3.10/site-packages/airflow/example_dags/example_branch_datetime_operator.py for tasks to queue
[2023-05-07T22:44:41.460+0000] {logging_mixin.py:137} INFO - [2023-05-07T22:44:41.460+0000] {dagbag.py:538} INFO - Filling up the DagBag from /usr/local/python/3.10.4/lib/python3.10/site-packages/airflow/example_dags/example_branch_datetime_operator.py
[2023-05-07T22:44:41.476+0000] {processor.py:753} INFO - DAG(s) dict_keys(['example_branch_datetime_operator_2', 'example_branch_datetime_operator_3', 'example_branch_datetime_operator']) retrieved from /usr/local/python/3.10.4/lib/python3.10/site-packages/airflow/example_dags/example_branch_datetime_operator.py
[2023-05-07T22:44:41.496+0000] {logging_mixin.py:137} INFO - [2023-05-07T22:44:41.496+0000] {dag.py:2690} INFO - Sync 3 DAGs
[2023-05-07T22:44:41.515+0000] {logging_mixin.py:137} INFO - [2023-05-07T22:44:41.515+0000] {dag.py:3437} INFO - Setting next_dagrun for example_branch_datetime_operator to 2023-05-06T00:00:00+00:00, run_after=2023-05-07T00:00:00+00:00
[2023-05-07T22:44:41.519+0000] {logging_mixin.py:137} INFO - [2023-05-07T22:44:41.518+0000] {dag.py:3437} INFO - Setting next_dagrun for example_branch_datetime_operator_2 to 2023-05-06T00:00:00+00:00, run_after=2023-05-07T00:00:00+00:00
[2023-05-07T22:44:41.521+0000] {logging_mixin.py:137} INFO - [2023-05-07T22:44:41.521+0000] {dag.py:3437} INFO - Setting next_dagrun for example_branch_datetime_operator_3 to 2023-05-06T00:00:00+00:00, run_after=2023-05-07T00:00:00+00:00
[2023-05-07T22:44:41.563+0000] {processor.py:175} INFO - Processing /usr/local/python/3.10.4/lib/python3.10/site-packages/airflow/example_dags/example_branch_datetime_operator.py took 0.107 seconds
[2023-05-07T22:45:19.537+0000] {processor.py:153} INFO - Started process (PID=20443) to work on /usr/local/python/3.10.4/lib/python3.10/site-packages/airflow/example_dags/example_branch_datetime_operator.py
[2023-05-07T22:45:19.538+0000] {processor.py:743} INFO - Processing file /usr/local/python/3.10.4/lib/python3.10/site-packages/airflow/example_dags/example_branch_datetime_operator.py for tasks to queue
[2023-05-07T22:45:19.538+0000] {logging_mixin.py:137} INFO - [2023-05-07T22:45:19.538+0000] {dagbag.py:538} INFO - Filling up the DagBag from /usr/local/python/3.10.4/lib/python3.10/site-packages/airflow/example_dags/example_branch_datetime_operator.py
[2023-05-07T22:45:19.563+0000] {processor.py:753} INFO - DAG(s) dict_keys(['example_branch_datetime_operator_3', 'example_branch_datetime_operator_2', 'example_branch_datetime_operator']) retrieved from /usr/local/python/3.10.4/lib/python3.10/site-packages/airflow/example_dags/example_branch_datetime_operator.py
[2023-05-07T22:45:19.592+0000] {logging_mixin.py:137} INFO - [2023-05-07T22:45:19.592+0000] {dag.py:2690} INFO - Sync 3 DAGs
[2023-05-07T22:45:19.619+0000] {logging_mixin.py:137} INFO - [2023-05-07T22:45:19.619+0000] {dag.py:3437} INFO - Setting next_dagrun for example_branch_datetime_operator to 2023-05-06T00:00:00+00:00, run_after=2023-05-07T00:00:00+00:00
[2023-05-07T22:45:19.623+0000] {logging_mixin.py:137} INFO - [2023-05-07T22:45:19.623+0000] {dag.py:3437} INFO - Setting next_dagrun for example_branch_datetime_operator_2 to 2023-05-06T00:00:00+00:00, run_after=2023-05-07T00:00:00+00:00
[2023-05-07T22:45:19.628+0000] {logging_mixin.py:137} INFO - [2023-05-07T22:45:19.627+0000] {dag.py:3437} INFO - Setting next_dagrun for example_branch_datetime_operator_3 to 2023-05-06T00:00:00+00:00, run_after=2023-05-07T00:00:00+00:00
[2023-05-07T22:45:19.669+0000] {processor.py:175} INFO - Processing /usr/local/python/3.10.4/lib/python3.10/site-packages/airflow/example_dags/example_branch_datetime_operator.py took 0.135 seconds
[2023-05-07T22:46:00.137+0000] {processor.py:153} INFO - Started process (PID=20854) to work on /usr/local/python/3.10.4/lib/python3.10/site-packages/airflow/example_dags/example_branch_datetime_operator.py
[2023-05-07T22:46:00.138+0000] {processor.py:743} INFO - Processing file /usr/local/python/3.10.4/lib/python3.10/site-packages/airflow/example_dags/example_branch_datetime_operator.py for tasks to queue
[2023-05-07T22:46:00.139+0000] {logging_mixin.py:137} INFO - [2023-05-07T22:46:00.139+0000] {dagbag.py:538} INFO - Filling up the DagBag from /usr/local/python/3.10.4/lib/python3.10/site-packages/airflow/example_dags/example_branch_datetime_operator.py
[2023-05-07T22:46:00.156+0000] {processor.py:753} INFO - DAG(s) dict_keys(['example_branch_datetime_operator_3', 'example_branch_datetime_operator', 'example_branch_datetime_operator_2']) retrieved from /usr/local/python/3.10.4/lib/python3.10/site-packages/airflow/example_dags/example_branch_datetime_operator.py
[2023-05-07T22:46:00.178+0000] {logging_mixin.py:137} INFO - [2023-05-07T22:46:00.178+0000] {dag.py:2690} INFO - Sync 3 DAGs
[2023-05-07T22:46:00.196+0000] {logging_mixin.py:137} INFO - [2023-05-07T22:46:00.196+0000] {dag.py:3437} INFO - Setting next_dagrun for example_branch_datetime_operator to 2023-05-06T00:00:00+00:00, run_after=2023-05-07T00:00:00+00:00
[2023-05-07T22:46:00.200+0000] {logging_mixin.py:137} INFO - [2023-05-07T22:46:00.200+0000] {dag.py:3437} INFO - Setting next_dagrun for example_branch_datetime_operator_2 to 2023-05-06T00:00:00+00:00, run_after=2023-05-07T00:00:00+00:00
[2023-05-07T22:46:00.202+0000] {logging_mixin.py:137} INFO - [2023-05-07T22:46:00.202+0000] {dag.py:3437} INFO - Setting next_dagrun for example_branch_datetime_operator_3 to 2023-05-06T00:00:00+00:00, run_after=2023-05-07T00:00:00+00:00
[2023-05-07T22:46:00.242+0000] {processor.py:175} INFO - Processing /usr/local/python/3.10.4/lib/python3.10/site-packages/airflow/example_dags/example_branch_datetime_operator.py took 0.108 seconds
[2023-05-07T22:46:43.355+0000] {processor.py:153} INFO - Started process (PID=21270) to work on /usr/local/python/3.10.4/lib/python3.10/site-packages/airflow/example_dags/example_branch_datetime_operator.py
[2023-05-07T22:46:43.356+0000] {processor.py:743} INFO - Processing file /usr/local/python/3.10.4/lib/python3.10/site-packages/airflow/example_dags/example_branch_datetime_operator.py for tasks to queue
[2023-05-07T22:46:43.356+0000] {logging_mixin.py:137} INFO - [2023-05-07T22:46:43.356+0000] {dagbag.py:538} INFO - Filling up the DagBag from /usr/local/python/3.10.4/lib/python3.10/site-packages/airflow/example_dags/example_branch_datetime_operator.py
[2023-05-07T22:46:43.373+0000] {processor.py:753} INFO - DAG(s) dict_keys(['example_branch_datetime_operator_3', 'example_branch_datetime_operator_2', 'example_branch_datetime_operator']) retrieved from /usr/local/python/3.10.4/lib/python3.10/site-packages/airflow/example_dags/example_branch_datetime_operator.py
[2023-05-07T22:46:43.394+0000] {logging_mixin.py:137} INFO - [2023-05-07T22:46:43.394+0000] {dag.py:2690} INFO - Sync 3 DAGs
[2023-05-07T22:46:43.412+0000] {logging_mixin.py:137} INFO - [2023-05-07T22:46:43.412+0000] {dag.py:3437} INFO - Setting next_dagrun for example_branch_datetime_operator to 2023-05-06T00:00:00+00:00, run_after=2023-05-07T00:00:00+00:00
[2023-05-07T22:46:43.415+0000] {logging_mixin.py:137} INFO - [2023-05-07T22:46:43.415+0000] {dag.py:3437} INFO - Setting next_dagrun for example_branch_datetime_operator_2 to 2023-05-06T00:00:00+00:00, run_after=2023-05-07T00:00:00+00:00
[2023-05-07T22:46:43.417+0000] {logging_mixin.py:137} INFO - [2023-05-07T22:46:43.417+0000] {dag.py:3437} INFO - Setting next_dagrun for example_branch_datetime_operator_3 to 2023-05-06T00:00:00+00:00, run_after=2023-05-07T00:00:00+00:00
[2023-05-07T22:46:43.456+0000] {processor.py:175} INFO - Processing /usr/local/python/3.10.4/lib/python3.10/site-packages/airflow/example_dags/example_branch_datetime_operator.py took 0.104 seconds
[2023-05-07T22:47:28.916+0000] {processor.py:153} INFO - Started process (PID=21636) to work on /usr/local/python/3.10.4/lib/python3.10/site-packages/airflow/example_dags/example_branch_datetime_operator.py
[2023-05-07T22:47:28.917+0000] {processor.py:743} INFO - Processing file /usr/local/python/3.10.4/lib/python3.10/site-packages/airflow/example_dags/example_branch_datetime_operator.py for tasks to queue
[2023-05-07T22:47:28.918+0000] {logging_mixin.py:137} INFO - [2023-05-07T22:47:28.917+0000] {dagbag.py:538} INFO - Filling up the DagBag from /usr/local/python/3.10.4/lib/python3.10/site-packages/airflow/example_dags/example_branch_datetime_operator.py
[2023-05-07T22:47:28.934+0000] {processor.py:753} INFO - DAG(s) dict_keys(['example_branch_datetime_operator_2', 'example_branch_datetime_operator', 'example_branch_datetime_operator_3']) retrieved from /usr/local/python/3.10.4/lib/python3.10/site-packages/airflow/example_dags/example_branch_datetime_operator.py
[2023-05-07T22:47:28.954+0000] {logging_mixin.py:137} INFO - [2023-05-07T22:47:28.954+0000] {dag.py:2690} INFO - Sync 3 DAGs
[2023-05-07T22:47:28.972+0000] {logging_mixin.py:137} INFO - [2023-05-07T22:47:28.972+0000] {dag.py:3437} INFO - Setting next_dagrun for example_branch_datetime_operator to 2023-05-06T00:00:00+00:00, run_after=2023-05-07T00:00:00+00:00
[2023-05-07T22:47:28.976+0000] {logging_mixin.py:137} INFO - [2023-05-07T22:47:28.976+0000] {dag.py:3437} INFO - Setting next_dagrun for example_branch_datetime_operator_2 to 2023-05-06T00:00:00+00:00, run_after=2023-05-07T00:00:00+00:00
[2023-05-07T22:47:28.978+0000] {logging_mixin.py:137} INFO - [2023-05-07T22:47:28.978+0000] {dag.py:3437} INFO - Setting next_dagrun for example_branch_datetime_operator_3 to 2023-05-06T00:00:00+00:00, run_after=2023-05-07T00:00:00+00:00
[2023-05-07T22:47:29.019+0000] {processor.py:175} INFO - Processing /usr/local/python/3.10.4/lib/python3.10/site-packages/airflow/example_dags/example_branch_datetime_operator.py took 0.106 seconds
[2023-05-07T22:48:08.531+0000] {processor.py:153} INFO - Started process (PID=21964) to work on /usr/local/python/3.10.4/lib/python3.10/site-packages/airflow/example_dags/example_branch_datetime_operator.py
[2023-05-07T22:48:08.532+0000] {processor.py:743} INFO - Processing file /usr/local/python/3.10.4/lib/python3.10/site-packages/airflow/example_dags/example_branch_datetime_operator.py for tasks to queue
[2023-05-07T22:48:08.532+0000] {logging_mixin.py:137} INFO - [2023-05-07T22:48:08.532+0000] {dagbag.py:538} INFO - Filling up the DagBag from /usr/local/python/3.10.4/lib/python3.10/site-packages/airflow/example_dags/example_branch_datetime_operator.py
[2023-05-07T22:48:08.549+0000] {processor.py:753} INFO - DAG(s) dict_keys(['example_branch_datetime_operator_3', 'example_branch_datetime_operator', 'example_branch_datetime_operator_2']) retrieved from /usr/local/python/3.10.4/lib/python3.10/site-packages/airflow/example_dags/example_branch_datetime_operator.py
[2023-05-07T22:48:08.570+0000] {logging_mixin.py:137} INFO - [2023-05-07T22:48:08.570+0000] {dag.py:2690} INFO - Sync 3 DAGs
[2023-05-07T22:48:08.591+0000] {logging_mixin.py:137} INFO - [2023-05-07T22:48:08.591+0000] {dag.py:3437} INFO - Setting next_dagrun for example_branch_datetime_operator to 2023-05-06T00:00:00+00:00, run_after=2023-05-07T00:00:00+00:00
[2023-05-07T22:48:08.595+0000] {logging_mixin.py:137} INFO - [2023-05-07T22:48:08.594+0000] {dag.py:3437} INFO - Setting next_dagrun for example_branch_datetime_operator_2 to 2023-05-06T00:00:00+00:00, run_after=2023-05-07T00:00:00+00:00
[2023-05-07T22:48:08.597+0000] {logging_mixin.py:137} INFO - [2023-05-07T22:48:08.596+0000] {dag.py:3437} INFO - Setting next_dagrun for example_branch_datetime_operator_3 to 2023-05-06T00:00:00+00:00, run_after=2023-05-07T00:00:00+00:00
[2023-05-07T22:48:08.635+0000] {processor.py:175} INFO - Processing /usr/local/python/3.10.4/lib/python3.10/site-packages/airflow/example_dags/example_branch_datetime_operator.py took 0.107 seconds
[2023-05-07T22:48:54.038+0000] {processor.py:153} INFO - Started process (PID=22425) to work on /usr/local/python/3.10.4/lib/python3.10/site-packages/airflow/example_dags/example_branch_datetime_operator.py
[2023-05-07T22:48:54.039+0000] {processor.py:743} INFO - Processing file /usr/local/python/3.10.4/lib/python3.10/site-packages/airflow/example_dags/example_branch_datetime_operator.py for tasks to queue
[2023-05-07T22:48:54.040+0000] {logging_mixin.py:137} INFO - [2023-05-07T22:48:54.040+0000] {dagbag.py:538} INFO - Filling up the DagBag from /usr/local/python/3.10.4/lib/python3.10/site-packages/airflow/example_dags/example_branch_datetime_operator.py
[2023-05-07T22:48:54.056+0000] {processor.py:753} INFO - DAG(s) dict_keys(['example_branch_datetime_operator_3', 'example_branch_datetime_operator_2', 'example_branch_datetime_operator']) retrieved from /usr/local/python/3.10.4/lib/python3.10/site-packages/airflow/example_dags/example_branch_datetime_operator.py
[2023-05-07T22:48:54.082+0000] {logging_mixin.py:137} INFO - [2023-05-07T22:48:54.082+0000] {dag.py:2690} INFO - Sync 3 DAGs
[2023-05-07T22:48:54.112+0000] {logging_mixin.py:137} INFO - [2023-05-07T22:48:54.112+0000] {dag.py:3437} INFO - Setting next_dagrun for example_branch_datetime_operator to 2023-05-06T00:00:00+00:00, run_after=2023-05-07T00:00:00+00:00
[2023-05-07T22:48:54.117+0000] {logging_mixin.py:137} INFO - [2023-05-07T22:48:54.117+0000] {dag.py:3437} INFO - Setting next_dagrun for example_branch_datetime_operator_2 to 2023-05-06T00:00:00+00:00, run_after=2023-05-07T00:00:00+00:00
[2023-05-07T22:48:54.120+0000] {logging_mixin.py:137} INFO - [2023-05-07T22:48:54.120+0000] {dag.py:3437} INFO - Setting next_dagrun for example_branch_datetime_operator_3 to 2023-05-06T00:00:00+00:00, run_after=2023-05-07T00:00:00+00:00
[2023-05-07T22:48:54.161+0000] {processor.py:175} INFO - Processing /usr/local/python/3.10.4/lib/python3.10/site-packages/airflow/example_dags/example_branch_datetime_operator.py took 0.126 seconds
[2023-05-07T22:49:39.658+0000] {processor.py:153} INFO - Started process (PID=22890) to work on /usr/local/python/3.10.4/lib/python3.10/site-packages/airflow/example_dags/example_branch_datetime_operator.py
[2023-05-07T22:49:39.658+0000] {processor.py:743} INFO - Processing file /usr/local/python/3.10.4/lib/python3.10/site-packages/airflow/example_dags/example_branch_datetime_operator.py for tasks to queue
[2023-05-07T22:49:39.659+0000] {logging_mixin.py:137} INFO - [2023-05-07T22:49:39.659+0000] {dagbag.py:538} INFO - Filling up the DagBag from /usr/local/python/3.10.4/lib/python3.10/site-packages/airflow/example_dags/example_branch_datetime_operator.py
[2023-05-07T22:49:39.675+0000] {processor.py:753} INFO - DAG(s) dict_keys(['example_branch_datetime_operator_2', 'example_branch_datetime_operator_3', 'example_branch_datetime_operator']) retrieved from /usr/local/python/3.10.4/lib/python3.10/site-packages/airflow/example_dags/example_branch_datetime_operator.py
[2023-05-07T22:49:39.695+0000] {logging_mixin.py:137} INFO - [2023-05-07T22:49:39.695+0000] {dag.py:2690} INFO - Sync 3 DAGs
[2023-05-07T22:49:39.714+0000] {logging_mixin.py:137} INFO - [2023-05-07T22:49:39.714+0000] {dag.py:3437} INFO - Setting next_dagrun for example_branch_datetime_operator to 2023-05-06T00:00:00+00:00, run_after=2023-05-07T00:00:00+00:00
[2023-05-07T22:49:39.718+0000] {logging_mixin.py:137} INFO - [2023-05-07T22:49:39.717+0000] {dag.py:3437} INFO - Setting next_dagrun for example_branch_datetime_operator_2 to 2023-05-06T00:00:00+00:00, run_after=2023-05-07T00:00:00+00:00
[2023-05-07T22:49:39.720+0000] {logging_mixin.py:137} INFO - [2023-05-07T22:49:39.720+0000] {dag.py:3437} INFO - Setting next_dagrun for example_branch_datetime_operator_3 to 2023-05-06T00:00:00+00:00, run_after=2023-05-07T00:00:00+00:00
[2023-05-07T22:49:39.760+0000] {processor.py:175} INFO - Processing /usr/local/python/3.10.4/lib/python3.10/site-packages/airflow/example_dags/example_branch_datetime_operator.py took 0.106 seconds
[2023-05-07T22:50:20.669+0000] {processor.py:153} INFO - Started process (PID=23199) to work on /usr/local/python/3.10.4/lib/python3.10/site-packages/airflow/example_dags/example_branch_datetime_operator.py
[2023-05-07T22:50:20.670+0000] {processor.py:743} INFO - Processing file /usr/local/python/3.10.4/lib/python3.10/site-packages/airflow/example_dags/example_branch_datetime_operator.py for tasks to queue
[2023-05-07T22:50:20.671+0000] {logging_mixin.py:137} INFO - [2023-05-07T22:50:20.671+0000] {dagbag.py:538} INFO - Filling up the DagBag from /usr/local/python/3.10.4/lib/python3.10/site-packages/airflow/example_dags/example_branch_datetime_operator.py
[2023-05-07T22:50:20.687+0000] {processor.py:753} INFO - DAG(s) dict_keys(['example_branch_datetime_operator_2', 'example_branch_datetime_operator', 'example_branch_datetime_operator_3']) retrieved from /usr/local/python/3.10.4/lib/python3.10/site-packages/airflow/example_dags/example_branch_datetime_operator.py
[2023-05-07T22:50:20.709+0000] {logging_mixin.py:137} INFO - [2023-05-07T22:50:20.709+0000] {dag.py:2690} INFO - Sync 3 DAGs
[2023-05-07T22:50:20.727+0000] {logging_mixin.py:137} INFO - [2023-05-07T22:50:20.727+0000] {dag.py:3437} INFO - Setting next_dagrun for example_branch_datetime_operator to 2023-05-06T00:00:00+00:00, run_after=2023-05-07T00:00:00+00:00
[2023-05-07T22:50:20.730+0000] {logging_mixin.py:137} INFO - [2023-05-07T22:50:20.730+0000] {dag.py:3437} INFO - Setting next_dagrun for example_branch_datetime_operator_2 to 2023-05-06T00:00:00+00:00, run_after=2023-05-07T00:00:00+00:00
[2023-05-07T22:50:20.732+0000] {logging_mixin.py:137} INFO - [2023-05-07T22:50:20.732+0000] {dag.py:3437} INFO - Setting next_dagrun for example_branch_datetime_operator_3 to 2023-05-06T00:00:00+00:00, run_after=2023-05-07T00:00:00+00:00
[2023-05-07T22:50:20.773+0000] {processor.py:175} INFO - Processing /usr/local/python/3.10.4/lib/python3.10/site-packages/airflow/example_dags/example_branch_datetime_operator.py took 0.106 seconds
[2023-05-07T22:51:04.869+0000] {processor.py:153} INFO - Started process (PID=23560) to work on /usr/local/python/3.10.4/lib/python3.10/site-packages/airflow/example_dags/example_branch_datetime_operator.py
[2023-05-07T22:51:04.870+0000] {processor.py:743} INFO - Processing file /usr/local/python/3.10.4/lib/python3.10/site-packages/airflow/example_dags/example_branch_datetime_operator.py for tasks to queue
[2023-05-07T22:51:04.871+0000] {logging_mixin.py:137} INFO - [2023-05-07T22:51:04.871+0000] {dagbag.py:538} INFO - Filling up the DagBag from /usr/local/python/3.10.4/lib/python3.10/site-packages/airflow/example_dags/example_branch_datetime_operator.py
[2023-05-07T22:51:04.901+0000] {processor.py:753} INFO - DAG(s) dict_keys(['example_branch_datetime_operator_3', 'example_branch_datetime_operator', 'example_branch_datetime_operator_2']) retrieved from /usr/local/python/3.10.4/lib/python3.10/site-packages/airflow/example_dags/example_branch_datetime_operator.py
[2023-05-07T22:51:04.934+0000] {logging_mixin.py:137} INFO - [2023-05-07T22:51:04.933+0000] {dag.py:2690} INFO - Sync 3 DAGs
[2023-05-07T22:51:04.958+0000] {logging_mixin.py:137} INFO - [2023-05-07T22:51:04.958+0000] {dag.py:3437} INFO - Setting next_dagrun for example_branch_datetime_operator to 2023-05-06T00:00:00+00:00, run_after=2023-05-07T00:00:00+00:00
[2023-05-07T22:51:04.961+0000] {logging_mixin.py:137} INFO - [2023-05-07T22:51:04.961+0000] {dag.py:3437} INFO - Setting next_dagrun for example_branch_datetime_operator_2 to 2023-05-06T00:00:00+00:00, run_after=2023-05-07T00:00:00+00:00
[2023-05-07T22:51:04.964+0000] {logging_mixin.py:137} INFO - [2023-05-07T22:51:04.964+0000] {dag.py:3437} INFO - Setting next_dagrun for example_branch_datetime_operator_3 to 2023-05-06T00:00:00+00:00, run_after=2023-05-07T00:00:00+00:00
[2023-05-07T22:51:05.014+0000] {processor.py:175} INFO - Processing /usr/local/python/3.10.4/lib/python3.10/site-packages/airflow/example_dags/example_branch_datetime_operator.py took 0.150 seconds
[2023-05-07T22:51:46.961+0000] {processor.py:153} INFO - Started process (PID=23908) to work on /usr/local/python/3.10.4/lib/python3.10/site-packages/airflow/example_dags/example_branch_datetime_operator.py
[2023-05-07T22:51:46.962+0000] {processor.py:743} INFO - Processing file /usr/local/python/3.10.4/lib/python3.10/site-packages/airflow/example_dags/example_branch_datetime_operator.py for tasks to queue
[2023-05-07T22:51:46.963+0000] {logging_mixin.py:137} INFO - [2023-05-07T22:51:46.963+0000] {dagbag.py:538} INFO - Filling up the DagBag from /usr/local/python/3.10.4/lib/python3.10/site-packages/airflow/example_dags/example_branch_datetime_operator.py
[2023-05-07T22:51:46.979+0000] {processor.py:753} INFO - DAG(s) dict_keys(['example_branch_datetime_operator_2', 'example_branch_datetime_operator', 'example_branch_datetime_operator_3']) retrieved from /usr/local/python/3.10.4/lib/python3.10/site-packages/airflow/example_dags/example_branch_datetime_operator.py
[2023-05-07T22:51:47.000+0000] {logging_mixin.py:137} INFO - [2023-05-07T22:51:46.999+0000] {dag.py:2690} INFO - Sync 3 DAGs
[2023-05-07T22:51:47.018+0000] {logging_mixin.py:137} INFO - [2023-05-07T22:51:47.017+0000] {dag.py:3437} INFO - Setting next_dagrun for example_branch_datetime_operator to 2023-05-06T00:00:00+00:00, run_after=2023-05-07T00:00:00+00:00
[2023-05-07T22:51:47.021+0000] {logging_mixin.py:137} INFO - [2023-05-07T22:51:47.021+0000] {dag.py:3437} INFO - Setting next_dagrun for example_branch_datetime_operator_2 to 2023-05-06T00:00:00+00:00, run_after=2023-05-07T00:00:00+00:00
[2023-05-07T22:51:47.023+0000] {logging_mixin.py:137} INFO - [2023-05-07T22:51:47.023+0000] {dag.py:3437} INFO - Setting next_dagrun for example_branch_datetime_operator_3 to 2023-05-06T00:00:00+00:00, run_after=2023-05-07T00:00:00+00:00
[2023-05-07T22:51:47.062+0000] {processor.py:175} INFO - Processing /usr/local/python/3.10.4/lib/python3.10/site-packages/airflow/example_dags/example_branch_datetime_operator.py took 0.104 seconds
[2023-05-07T22:52:29.468+0000] {processor.py:153} INFO - Started process (PID=24062) to work on /usr/local/python/3.10.4/lib/python3.10/site-packages/airflow/example_dags/example_branch_datetime_operator.py
[2023-05-07T22:52:29.468+0000] {processor.py:743} INFO - Processing file /usr/local/python/3.10.4/lib/python3.10/site-packages/airflow/example_dags/example_branch_datetime_operator.py for tasks to queue
[2023-05-07T22:52:29.469+0000] {logging_mixin.py:137} INFO - [2023-05-07T22:52:29.469+0000] {dagbag.py:538} INFO - Filling up the DagBag from /usr/local/python/3.10.4/lib/python3.10/site-packages/airflow/example_dags/example_branch_datetime_operator.py
[2023-05-07T22:52:29.485+0000] {processor.py:753} INFO - DAG(s) dict_keys(['example_branch_datetime_operator_3', 'example_branch_datetime_operator', 'example_branch_datetime_operator_2']) retrieved from /usr/local/python/3.10.4/lib/python3.10/site-packages/airflow/example_dags/example_branch_datetime_operator.py
[2023-05-07T22:52:29.506+0000] {logging_mixin.py:137} INFO - [2023-05-07T22:52:29.506+0000] {dag.py:2690} INFO - Sync 3 DAGs
[2023-05-07T22:52:29.525+0000] {logging_mixin.py:137} INFO - [2023-05-07T22:52:29.525+0000] {dag.py:3437} INFO - Setting next_dagrun for example_branch_datetime_operator to 2023-05-06T00:00:00+00:00, run_after=2023-05-07T00:00:00+00:00
[2023-05-07T22:52:29.529+0000] {logging_mixin.py:137} INFO - [2023-05-07T22:52:29.529+0000] {dag.py:3437} INFO - Setting next_dagrun for example_branch_datetime_operator_2 to 2023-05-06T00:00:00+00:00, run_after=2023-05-07T00:00:00+00:00
[2023-05-07T22:52:29.531+0000] {logging_mixin.py:137} INFO - [2023-05-07T22:52:29.531+0000] {dag.py:3437} INFO - Setting next_dagrun for example_branch_datetime_operator_3 to 2023-05-06T00:00:00+00:00, run_after=2023-05-07T00:00:00+00:00
[2023-05-07T22:52:29.569+0000] {processor.py:175} INFO - Processing /usr/local/python/3.10.4/lib/python3.10/site-packages/airflow/example_dags/example_branch_datetime_operator.py took 0.104 seconds
[2023-05-07T22:53:12.469+0000] {processor.py:153} INFO - Started process (PID=25064) to work on /usr/local/python/3.10.4/lib/python3.10/site-packages/airflow/example_dags/example_branch_datetime_operator.py
[2023-05-07T22:53:12.470+0000] {processor.py:743} INFO - Processing file /usr/local/python/3.10.4/lib/python3.10/site-packages/airflow/example_dags/example_branch_datetime_operator.py for tasks to queue
[2023-05-07T22:53:12.470+0000] {logging_mixin.py:137} INFO - [2023-05-07T22:53:12.470+0000] {dagbag.py:538} INFO - Filling up the DagBag from /usr/local/python/3.10.4/lib/python3.10/site-packages/airflow/example_dags/example_branch_datetime_operator.py
[2023-05-07T22:53:12.487+0000] {processor.py:753} INFO - DAG(s) dict_keys(['example_branch_datetime_operator', 'example_branch_datetime_operator_3', 'example_branch_datetime_operator_2']) retrieved from /usr/local/python/3.10.4/lib/python3.10/site-packages/airflow/example_dags/example_branch_datetime_operator.py
[2023-05-07T22:53:12.507+0000] {logging_mixin.py:137} INFO - [2023-05-07T22:53:12.507+0000] {dag.py:2690} INFO - Sync 3 DAGs
[2023-05-07T22:53:12.526+0000] {logging_mixin.py:137} INFO - [2023-05-07T22:53:12.526+0000] {dag.py:3437} INFO - Setting next_dagrun for example_branch_datetime_operator to 2023-05-06T00:00:00+00:00, run_after=2023-05-07T00:00:00+00:00
[2023-05-07T22:53:12.530+0000] {logging_mixin.py:137} INFO - [2023-05-07T22:53:12.530+0000] {dag.py:3437} INFO - Setting next_dagrun for example_branch_datetime_operator_2 to 2023-05-06T00:00:00+00:00, run_after=2023-05-07T00:00:00+00:00
[2023-05-07T22:53:12.532+0000] {logging_mixin.py:137} INFO - [2023-05-07T22:53:12.532+0000] {dag.py:3437} INFO - Setting next_dagrun for example_branch_datetime_operator_3 to 2023-05-06T00:00:00+00:00, run_after=2023-05-07T00:00:00+00:00
[2023-05-07T22:53:12.571+0000] {processor.py:175} INFO - Processing /usr/local/python/3.10.4/lib/python3.10/site-packages/airflow/example_dags/example_branch_datetime_operator.py took 0.105 seconds
[2023-05-07T22:53:58.288+0000] {processor.py:153} INFO - Started process (PID=25435) to work on /usr/local/python/3.10.4/lib/python3.10/site-packages/airflow/example_dags/example_branch_datetime_operator.py
[2023-05-07T22:53:58.289+0000] {processor.py:743} INFO - Processing file /usr/local/python/3.10.4/lib/python3.10/site-packages/airflow/example_dags/example_branch_datetime_operator.py for tasks to queue
[2023-05-07T22:53:58.289+0000] {logging_mixin.py:137} INFO - [2023-05-07T22:53:58.289+0000] {dagbag.py:538} INFO - Filling up the DagBag from /usr/local/python/3.10.4/lib/python3.10/site-packages/airflow/example_dags/example_branch_datetime_operator.py
[2023-05-07T22:53:58.306+0000] {processor.py:753} INFO - DAG(s) dict_keys(['example_branch_datetime_operator', 'example_branch_datetime_operator_2', 'example_branch_datetime_operator_3']) retrieved from /usr/local/python/3.10.4/lib/python3.10/site-packages/airflow/example_dags/example_branch_datetime_operator.py
[2023-05-07T22:53:58.328+0000] {logging_mixin.py:137} INFO - [2023-05-07T22:53:58.327+0000] {dag.py:2690} INFO - Sync 3 DAGs
[2023-05-07T22:53:58.346+0000] {logging_mixin.py:137} INFO - [2023-05-07T22:53:58.345+0000] {dag.py:3437} INFO - Setting next_dagrun for example_branch_datetime_operator to 2023-05-06T00:00:00+00:00, run_after=2023-05-07T00:00:00+00:00
[2023-05-07T22:53:58.349+0000] {logging_mixin.py:137} INFO - [2023-05-07T22:53:58.349+0000] {dag.py:3437} INFO - Setting next_dagrun for example_branch_datetime_operator_2 to 2023-05-06T00:00:00+00:00, run_after=2023-05-07T00:00:00+00:00
[2023-05-07T22:53:58.351+0000] {logging_mixin.py:137} INFO - [2023-05-07T22:53:58.351+0000] {dag.py:3437} INFO - Setting next_dagrun for example_branch_datetime_operator_3 to 2023-05-06T00:00:00+00:00, run_after=2023-05-07T00:00:00+00:00
[2023-05-07T22:53:58.392+0000] {processor.py:175} INFO - Processing /usr/local/python/3.10.4/lib/python3.10/site-packages/airflow/example_dags/example_branch_datetime_operator.py took 0.108 seconds
[2023-05-07T22:54:41.083+0000] {processor.py:153} INFO - Started process (PID=25781) to work on /usr/local/python/3.10.4/lib/python3.10/site-packages/airflow/example_dags/example_branch_datetime_operator.py
[2023-05-07T22:54:41.084+0000] {processor.py:743} INFO - Processing file /usr/local/python/3.10.4/lib/python3.10/site-packages/airflow/example_dags/example_branch_datetime_operator.py for tasks to queue
[2023-05-07T22:54:41.084+0000] {logging_mixin.py:137} INFO - [2023-05-07T22:54:41.084+0000] {dagbag.py:538} INFO - Filling up the DagBag from /usr/local/python/3.10.4/lib/python3.10/site-packages/airflow/example_dags/example_branch_datetime_operator.py
[2023-05-07T22:54:41.101+0000] {processor.py:753} INFO - DAG(s) dict_keys(['example_branch_datetime_operator_3', 'example_branch_datetime_operator_2', 'example_branch_datetime_operator']) retrieved from /usr/local/python/3.10.4/lib/python3.10/site-packages/airflow/example_dags/example_branch_datetime_operator.py
[2023-05-07T22:54:41.123+0000] {logging_mixin.py:137} INFO - [2023-05-07T22:54:41.122+0000] {dag.py:2690} INFO - Sync 3 DAGs
[2023-05-07T22:54:41.140+0000] {logging_mixin.py:137} INFO - [2023-05-07T22:54:41.140+0000] {dag.py:3437} INFO - Setting next_dagrun for example_branch_datetime_operator to 2023-05-06T00:00:00+00:00, run_after=2023-05-07T00:00:00+00:00
[2023-05-07T22:54:41.144+0000] {logging_mixin.py:137} INFO - [2023-05-07T22:54:41.144+0000] {dag.py:3437} INFO - Setting next_dagrun for example_branch_datetime_operator_2 to 2023-05-06T00:00:00+00:00, run_after=2023-05-07T00:00:00+00:00
[2023-05-07T22:54:41.146+0000] {logging_mixin.py:137} INFO - [2023-05-07T22:54:41.146+0000] {dag.py:3437} INFO - Setting next_dagrun for example_branch_datetime_operator_3 to 2023-05-06T00:00:00+00:00, run_after=2023-05-07T00:00:00+00:00
[2023-05-07T22:54:41.186+0000] {processor.py:175} INFO - Processing /usr/local/python/3.10.4/lib/python3.10/site-packages/airflow/example_dags/example_branch_datetime_operator.py took 0.106 seconds
[2023-05-07T22:55:20.799+0000] {processor.py:153} INFO - Started process (PID=26046) to work on /usr/local/python/3.10.4/lib/python3.10/site-packages/airflow/example_dags/example_branch_datetime_operator.py
[2023-05-07T22:55:20.801+0000] {processor.py:743} INFO - Processing file /usr/local/python/3.10.4/lib/python3.10/site-packages/airflow/example_dags/example_branch_datetime_operator.py for tasks to queue
[2023-05-07T22:55:20.802+0000] {logging_mixin.py:137} INFO - [2023-05-07T22:55:20.801+0000] {dagbag.py:538} INFO - Filling up the DagBag from /usr/local/python/3.10.4/lib/python3.10/site-packages/airflow/example_dags/example_branch_datetime_operator.py
[2023-05-07T22:55:20.826+0000] {processor.py:753} INFO - DAG(s) dict_keys(['example_branch_datetime_operator_2', 'example_branch_datetime_operator', 'example_branch_datetime_operator_3']) retrieved from /usr/local/python/3.10.4/lib/python3.10/site-packages/airflow/example_dags/example_branch_datetime_operator.py
[2023-05-07T22:55:20.865+0000] {logging_mixin.py:137} INFO - [2023-05-07T22:55:20.865+0000] {dag.py:2690} INFO - Sync 3 DAGs
[2023-05-07T22:55:20.895+0000] {logging_mixin.py:137} INFO - [2023-05-07T22:55:20.895+0000] {dag.py:3437} INFO - Setting next_dagrun for example_branch_datetime_operator to 2023-05-06T00:00:00+00:00, run_after=2023-05-07T00:00:00+00:00
[2023-05-07T22:55:20.905+0000] {logging_mixin.py:137} INFO - [2023-05-07T22:55:20.905+0000] {dag.py:3437} INFO - Setting next_dagrun for example_branch_datetime_operator_2 to 2023-05-06T00:00:00+00:00, run_after=2023-05-07T00:00:00+00:00
[2023-05-07T22:55:20.908+0000] {logging_mixin.py:137} INFO - [2023-05-07T22:55:20.907+0000] {dag.py:3437} INFO - Setting next_dagrun for example_branch_datetime_operator_3 to 2023-05-06T00:00:00+00:00, run_after=2023-05-07T00:00:00+00:00
[2023-05-07T22:55:20.954+0000] {processor.py:175} INFO - Processing /usr/local/python/3.10.4/lib/python3.10/site-packages/airflow/example_dags/example_branch_datetime_operator.py took 0.159 seconds
[2023-05-07T22:56:03.981+0000] {processor.py:153} INFO - Started process (PID=26359) to work on /usr/local/python/3.10.4/lib/python3.10/site-packages/airflow/example_dags/example_branch_datetime_operator.py
[2023-05-07T22:56:03.982+0000] {processor.py:743} INFO - Processing file /usr/local/python/3.10.4/lib/python3.10/site-packages/airflow/example_dags/example_branch_datetime_operator.py for tasks to queue
[2023-05-07T22:56:03.983+0000] {logging_mixin.py:137} INFO - [2023-05-07T22:56:03.983+0000] {dagbag.py:538} INFO - Filling up the DagBag from /usr/local/python/3.10.4/lib/python3.10/site-packages/airflow/example_dags/example_branch_datetime_operator.py
[2023-05-07T22:56:03.999+0000] {processor.py:753} INFO - DAG(s) dict_keys(['example_branch_datetime_operator_2', 'example_branch_datetime_operator_3', 'example_branch_datetime_operator']) retrieved from /usr/local/python/3.10.4/lib/python3.10/site-packages/airflow/example_dags/example_branch_datetime_operator.py
[2023-05-07T22:56:04.020+0000] {logging_mixin.py:137} INFO - [2023-05-07T22:56:04.020+0000] {dag.py:2690} INFO - Sync 3 DAGs
[2023-05-07T22:56:04.038+0000] {logging_mixin.py:137} INFO - [2023-05-07T22:56:04.038+0000] {dag.py:3437} INFO - Setting next_dagrun for example_branch_datetime_operator to 2023-05-06T00:00:00+00:00, run_after=2023-05-07T00:00:00+00:00
[2023-05-07T22:56:04.042+0000] {logging_mixin.py:137} INFO - [2023-05-07T22:56:04.042+0000] {dag.py:3437} INFO - Setting next_dagrun for example_branch_datetime_operator_2 to 2023-05-06T00:00:00+00:00, run_after=2023-05-07T00:00:00+00:00
[2023-05-07T22:56:04.044+0000] {logging_mixin.py:137} INFO - [2023-05-07T22:56:04.044+0000] {dag.py:3437} INFO - Setting next_dagrun for example_branch_datetime_operator_3 to 2023-05-06T00:00:00+00:00, run_after=2023-05-07T00:00:00+00:00
[2023-05-07T22:56:04.085+0000] {processor.py:175} INFO - Processing /usr/local/python/3.10.4/lib/python3.10/site-packages/airflow/example_dags/example_branch_datetime_operator.py took 0.106 seconds
[2023-05-07T22:56:45.807+0000] {processor.py:153} INFO - Started process (PID=26641) to work on /usr/local/python/3.10.4/lib/python3.10/site-packages/airflow/example_dags/example_branch_datetime_operator.py
[2023-05-07T22:56:45.808+0000] {processor.py:743} INFO - Processing file /usr/local/python/3.10.4/lib/python3.10/site-packages/airflow/example_dags/example_branch_datetime_operator.py for tasks to queue
[2023-05-07T22:56:45.809+0000] {logging_mixin.py:137} INFO - [2023-05-07T22:56:45.809+0000] {dagbag.py:538} INFO - Filling up the DagBag from /usr/local/python/3.10.4/lib/python3.10/site-packages/airflow/example_dags/example_branch_datetime_operator.py
[2023-05-07T22:56:45.826+0000] {processor.py:753} INFO - DAG(s) dict_keys(['example_branch_datetime_operator_3', 'example_branch_datetime_operator_2', 'example_branch_datetime_operator']) retrieved from /usr/local/python/3.10.4/lib/python3.10/site-packages/airflow/example_dags/example_branch_datetime_operator.py
[2023-05-07T22:56:45.846+0000] {logging_mixin.py:137} INFO - [2023-05-07T22:56:45.846+0000] {dag.py:2690} INFO - Sync 3 DAGs
[2023-05-07T22:56:45.865+0000] {logging_mixin.py:137} INFO - [2023-05-07T22:56:45.864+0000] {dag.py:3437} INFO - Setting next_dagrun for example_branch_datetime_operator to 2023-05-06T00:00:00+00:00, run_after=2023-05-07T00:00:00+00:00
[2023-05-07T22:56:45.869+0000] {logging_mixin.py:137} INFO - [2023-05-07T22:56:45.869+0000] {dag.py:3437} INFO - Setting next_dagrun for example_branch_datetime_operator_2 to 2023-05-06T00:00:00+00:00, run_after=2023-05-07T00:00:00+00:00
[2023-05-07T22:56:45.871+0000] {logging_mixin.py:137} INFO - [2023-05-07T22:56:45.871+0000] {dag.py:3437} INFO - Setting next_dagrun for example_branch_datetime_operator_3 to 2023-05-06T00:00:00+00:00, run_after=2023-05-07T00:00:00+00:00
[2023-05-07T22:56:45.911+0000] {processor.py:175} INFO - Processing /usr/local/python/3.10.4/lib/python3.10/site-packages/airflow/example_dags/example_branch_datetime_operator.py took 0.107 seconds
[2023-05-07T22:57:27.015+0000] {processor.py:153} INFO - Started process (PID=26927) to work on /usr/local/python/3.10.4/lib/python3.10/site-packages/airflow/example_dags/example_branch_datetime_operator.py
[2023-05-07T22:57:27.016+0000] {processor.py:743} INFO - Processing file /usr/local/python/3.10.4/lib/python3.10/site-packages/airflow/example_dags/example_branch_datetime_operator.py for tasks to queue
[2023-05-07T22:57:27.017+0000] {logging_mixin.py:137} INFO - [2023-05-07T22:57:27.017+0000] {dagbag.py:538} INFO - Filling up the DagBag from /usr/local/python/3.10.4/lib/python3.10/site-packages/airflow/example_dags/example_branch_datetime_operator.py
[2023-05-07T22:57:27.041+0000] {processor.py:753} INFO - DAG(s) dict_keys(['example_branch_datetime_operator_2', 'example_branch_datetime_operator', 'example_branch_datetime_operator_3']) retrieved from /usr/local/python/3.10.4/lib/python3.10/site-packages/airflow/example_dags/example_branch_datetime_operator.py
[2023-05-07T22:57:27.069+0000] {logging_mixin.py:137} INFO - [2023-05-07T22:57:27.069+0000] {dag.py:2690} INFO - Sync 3 DAGs
[2023-05-07T22:57:27.094+0000] {logging_mixin.py:137} INFO - [2023-05-07T22:57:27.094+0000] {dag.py:3437} INFO - Setting next_dagrun for example_branch_datetime_operator to 2023-05-06T00:00:00+00:00, run_after=2023-05-07T00:00:00+00:00
[2023-05-07T22:57:27.100+0000] {logging_mixin.py:137} INFO - [2023-05-07T22:57:27.100+0000] {dag.py:3437} INFO - Setting next_dagrun for example_branch_datetime_operator_2 to 2023-05-06T00:00:00+00:00, run_after=2023-05-07T00:00:00+00:00
[2023-05-07T22:57:27.103+0000] {logging_mixin.py:137} INFO - [2023-05-07T22:57:27.103+0000] {dag.py:3437} INFO - Setting next_dagrun for example_branch_datetime_operator_3 to 2023-05-06T00:00:00+00:00, run_after=2023-05-07T00:00:00+00:00
[2023-05-07T22:57:27.146+0000] {processor.py:175} INFO - Processing /usr/local/python/3.10.4/lib/python3.10/site-packages/airflow/example_dags/example_branch_datetime_operator.py took 0.137 seconds
