[2023-05-07T22:22:34.497+0000] {processor.py:153} INFO - Started process (PID=10000) to work on /usr/local/python/3.10.4/lib/python3.10/site-packages/airflow/example_dags/example_kubernetes_executor.py
[2023-05-07T22:22:34.497+0000] {processor.py:743} INFO - Processing file /usr/local/python/3.10.4/lib/python3.10/site-packages/airflow/example_dags/example_kubernetes_executor.py for tasks to queue
[2023-05-07T22:22:34.498+0000] {logging_mixin.py:137} INFO - [2023-05-07T22:22:34.498+0000] {dagbag.py:538} INFO - Filling up the DagBag from /usr/local/python/3.10.4/lib/python3.10/site-packages/airflow/example_dags/example_kubernetes_executor.py
[2023-05-07T22:22:34.513+0000] {logging_mixin.py:137} INFO - [2023-05-07T22:22:34.513+0000] {example_kubernetes_executor.py:41} WARNING - The example_kubernetes_executor example DAG requires the kubernetes provider. Please install it with: pip install apache-airflow[cncf.kubernetes]
[2023-05-07T22:22:34.513+0000] {processor.py:755} WARNING - No viable dags retrieved from /usr/local/python/3.10.4/lib/python3.10/site-packages/airflow/example_dags/example_kubernetes_executor.py
[2023-05-07T22:22:34.520+0000] {processor.py:175} INFO - Processing /usr/local/python/3.10.4/lib/python3.10/site-packages/airflow/example_dags/example_kubernetes_executor.py took 0.026 seconds
[2023-05-07T22:23:16.915+0000] {processor.py:153} INFO - Started process (PID=10299) to work on /usr/local/python/3.10.4/lib/python3.10/site-packages/airflow/example_dags/example_kubernetes_executor.py
[2023-05-07T22:23:16.917+0000] {processor.py:743} INFO - Processing file /usr/local/python/3.10.4/lib/python3.10/site-packages/airflow/example_dags/example_kubernetes_executor.py for tasks to queue
[2023-05-07T22:23:16.917+0000] {logging_mixin.py:137} INFO - [2023-05-07T22:23:16.917+0000] {dagbag.py:538} INFO - Filling up the DagBag from /usr/local/python/3.10.4/lib/python3.10/site-packages/airflow/example_dags/example_kubernetes_executor.py
[2023-05-07T22:23:16.943+0000] {logging_mixin.py:137} INFO - [2023-05-07T22:23:16.943+0000] {example_kubernetes_executor.py:41} WARNING - The example_kubernetes_executor example DAG requires the kubernetes provider. Please install it with: pip install apache-airflow[cncf.kubernetes]
[2023-05-07T22:23:16.943+0000] {processor.py:755} WARNING - No viable dags retrieved from /usr/local/python/3.10.4/lib/python3.10/site-packages/airflow/example_dags/example_kubernetes_executor.py
[2023-05-07T22:23:16.953+0000] {processor.py:175} INFO - Processing /usr/local/python/3.10.4/lib/python3.10/site-packages/airflow/example_dags/example_kubernetes_executor.py took 0.042 seconds
[2023-05-07T22:23:57.675+0000] {processor.py:153} INFO - Started process (PID=10688) to work on /usr/local/python/3.10.4/lib/python3.10/site-packages/airflow/example_dags/example_kubernetes_executor.py
[2023-05-07T22:23:57.676+0000] {processor.py:743} INFO - Processing file /usr/local/python/3.10.4/lib/python3.10/site-packages/airflow/example_dags/example_kubernetes_executor.py for tasks to queue
[2023-05-07T22:23:57.677+0000] {logging_mixin.py:137} INFO - [2023-05-07T22:23:57.677+0000] {dagbag.py:538} INFO - Filling up the DagBag from /usr/local/python/3.10.4/lib/python3.10/site-packages/airflow/example_dags/example_kubernetes_executor.py
[2023-05-07T22:23:57.699+0000] {logging_mixin.py:137} INFO - [2023-05-07T22:23:57.698+0000] {example_kubernetes_executor.py:41} WARNING - The example_kubernetes_executor example DAG requires the kubernetes provider. Please install it with: pip install apache-airflow[cncf.kubernetes]
[2023-05-07T22:23:57.699+0000] {processor.py:755} WARNING - No viable dags retrieved from /usr/local/python/3.10.4/lib/python3.10/site-packages/airflow/example_dags/example_kubernetes_executor.py
[2023-05-07T22:23:57.708+0000] {processor.py:175} INFO - Processing /usr/local/python/3.10.4/lib/python3.10/site-packages/airflow/example_dags/example_kubernetes_executor.py took 0.037 seconds
[2023-05-07T22:24:43.309+0000] {processor.py:153} INFO - Started process (PID=11070) to work on /usr/local/python/3.10.4/lib/python3.10/site-packages/airflow/example_dags/example_kubernetes_executor.py
[2023-05-07T22:24:43.318+0000] {processor.py:743} INFO - Processing file /usr/local/python/3.10.4/lib/python3.10/site-packages/airflow/example_dags/example_kubernetes_executor.py for tasks to queue
[2023-05-07T22:24:43.322+0000] {logging_mixin.py:137} INFO - [2023-05-07T22:24:43.322+0000] {dagbag.py:538} INFO - Filling up the DagBag from /usr/local/python/3.10.4/lib/python3.10/site-packages/airflow/example_dags/example_kubernetes_executor.py
[2023-05-07T22:24:43.447+0000] {logging_mixin.py:137} INFO - [2023-05-07T22:24:43.447+0000] {example_kubernetes_executor.py:41} WARNING - The example_kubernetes_executor example DAG requires the kubernetes provider. Please install it with: pip install apache-airflow[cncf.kubernetes]
[2023-05-07T22:24:43.454+0000] {processor.py:755} WARNING - No viable dags retrieved from /usr/local/python/3.10.4/lib/python3.10/site-packages/airflow/example_dags/example_kubernetes_executor.py
[2023-05-07T22:24:43.476+0000] {processor.py:175} INFO - Processing /usr/local/python/3.10.4/lib/python3.10/site-packages/airflow/example_dags/example_kubernetes_executor.py took 0.201 seconds
[2023-05-07T22:25:27.819+0000] {processor.py:153} INFO - Started process (PID=11389) to work on /usr/local/python/3.10.4/lib/python3.10/site-packages/airflow/example_dags/example_kubernetes_executor.py
[2023-05-07T22:25:27.820+0000] {processor.py:743} INFO - Processing file /usr/local/python/3.10.4/lib/python3.10/site-packages/airflow/example_dags/example_kubernetes_executor.py for tasks to queue
[2023-05-07T22:25:27.820+0000] {logging_mixin.py:137} INFO - [2023-05-07T22:25:27.820+0000] {dagbag.py:538} INFO - Filling up the DagBag from /usr/local/python/3.10.4/lib/python3.10/site-packages/airflow/example_dags/example_kubernetes_executor.py
[2023-05-07T22:25:27.835+0000] {logging_mixin.py:137} INFO - [2023-05-07T22:25:27.835+0000] {example_kubernetes_executor.py:41} WARNING - The example_kubernetes_executor example DAG requires the kubernetes provider. Please install it with: pip install apache-airflow[cncf.kubernetes]
[2023-05-07T22:25:27.836+0000] {processor.py:755} WARNING - No viable dags retrieved from /usr/local/python/3.10.4/lib/python3.10/site-packages/airflow/example_dags/example_kubernetes_executor.py
[2023-05-07T22:25:27.843+0000] {processor.py:175} INFO - Processing /usr/local/python/3.10.4/lib/python3.10/site-packages/airflow/example_dags/example_kubernetes_executor.py took 0.027 seconds
[2023-05-07T22:26:12.192+0000] {processor.py:153} INFO - Started process (PID=11718) to work on /usr/local/python/3.10.4/lib/python3.10/site-packages/airflow/example_dags/example_kubernetes_executor.py
[2023-05-07T22:26:12.193+0000] {processor.py:743} INFO - Processing file /usr/local/python/3.10.4/lib/python3.10/site-packages/airflow/example_dags/example_kubernetes_executor.py for tasks to queue
[2023-05-07T22:26:12.193+0000] {logging_mixin.py:137} INFO - [2023-05-07T22:26:12.193+0000] {dagbag.py:538} INFO - Filling up the DagBag from /usr/local/python/3.10.4/lib/python3.10/site-packages/airflow/example_dags/example_kubernetes_executor.py
[2023-05-07T22:26:12.209+0000] {logging_mixin.py:137} INFO - [2023-05-07T22:26:12.208+0000] {example_kubernetes_executor.py:41} WARNING - The example_kubernetes_executor example DAG requires the kubernetes provider. Please install it with: pip install apache-airflow[cncf.kubernetes]
[2023-05-07T22:26:12.209+0000] {processor.py:755} WARNING - No viable dags retrieved from /usr/local/python/3.10.4/lib/python3.10/site-packages/airflow/example_dags/example_kubernetes_executor.py
[2023-05-07T22:26:12.216+0000] {processor.py:175} INFO - Processing /usr/local/python/3.10.4/lib/python3.10/site-packages/airflow/example_dags/example_kubernetes_executor.py took 0.027 seconds
[2023-05-07T22:26:52.902+0000] {processor.py:153} INFO - Started process (PID=12005) to work on /usr/local/python/3.10.4/lib/python3.10/site-packages/airflow/example_dags/example_kubernetes_executor.py
[2023-05-07T22:26:52.903+0000] {processor.py:743} INFO - Processing file /usr/local/python/3.10.4/lib/python3.10/site-packages/airflow/example_dags/example_kubernetes_executor.py for tasks to queue
[2023-05-07T22:26:52.903+0000] {logging_mixin.py:137} INFO - [2023-05-07T22:26:52.903+0000] {dagbag.py:538} INFO - Filling up the DagBag from /usr/local/python/3.10.4/lib/python3.10/site-packages/airflow/example_dags/example_kubernetes_executor.py
[2023-05-07T22:26:52.919+0000] {logging_mixin.py:137} INFO - [2023-05-07T22:26:52.918+0000] {example_kubernetes_executor.py:41} WARNING - The example_kubernetes_executor example DAG requires the kubernetes provider. Please install it with: pip install apache-airflow[cncf.kubernetes]
[2023-05-07T22:26:52.919+0000] {processor.py:755} WARNING - No viable dags retrieved from /usr/local/python/3.10.4/lib/python3.10/site-packages/airflow/example_dags/example_kubernetes_executor.py
[2023-05-07T22:26:52.926+0000] {processor.py:175} INFO - Processing /usr/local/python/3.10.4/lib/python3.10/site-packages/airflow/example_dags/example_kubernetes_executor.py took 0.027 seconds
[2023-05-07T22:27:35.897+0000] {processor.py:153} INFO - Started process (PID=12293) to work on /usr/local/python/3.10.4/lib/python3.10/site-packages/airflow/example_dags/example_kubernetes_executor.py
[2023-05-07T22:27:35.897+0000] {processor.py:743} INFO - Processing file /usr/local/python/3.10.4/lib/python3.10/site-packages/airflow/example_dags/example_kubernetes_executor.py for tasks to queue
[2023-05-07T22:27:35.898+0000] {logging_mixin.py:137} INFO - [2023-05-07T22:27:35.898+0000] {dagbag.py:538} INFO - Filling up the DagBag from /usr/local/python/3.10.4/lib/python3.10/site-packages/airflow/example_dags/example_kubernetes_executor.py
[2023-05-07T22:27:35.913+0000] {logging_mixin.py:137} INFO - [2023-05-07T22:27:35.913+0000] {example_kubernetes_executor.py:41} WARNING - The example_kubernetes_executor example DAG requires the kubernetes provider. Please install it with: pip install apache-airflow[cncf.kubernetes]
[2023-05-07T22:27:35.913+0000] {processor.py:755} WARNING - No viable dags retrieved from /usr/local/python/3.10.4/lib/python3.10/site-packages/airflow/example_dags/example_kubernetes_executor.py
[2023-05-07T22:27:35.920+0000] {processor.py:175} INFO - Processing /usr/local/python/3.10.4/lib/python3.10/site-packages/airflow/example_dags/example_kubernetes_executor.py took 0.027 seconds
[2023-05-07T22:28:19.152+0000] {processor.py:153} INFO - Started process (PID=12595) to work on /usr/local/python/3.10.4/lib/python3.10/site-packages/airflow/example_dags/example_kubernetes_executor.py
[2023-05-07T22:28:19.153+0000] {processor.py:743} INFO - Processing file /usr/local/python/3.10.4/lib/python3.10/site-packages/airflow/example_dags/example_kubernetes_executor.py for tasks to queue
[2023-05-07T22:28:19.154+0000] {logging_mixin.py:137} INFO - [2023-05-07T22:28:19.154+0000] {dagbag.py:538} INFO - Filling up the DagBag from /usr/local/python/3.10.4/lib/python3.10/site-packages/airflow/example_dags/example_kubernetes_executor.py
[2023-05-07T22:28:19.169+0000] {logging_mixin.py:137} INFO - [2023-05-07T22:28:19.169+0000] {example_kubernetes_executor.py:41} WARNING - The example_kubernetes_executor example DAG requires the kubernetes provider. Please install it with: pip install apache-airflow[cncf.kubernetes]
[2023-05-07T22:28:19.169+0000] {processor.py:755} WARNING - No viable dags retrieved from /usr/local/python/3.10.4/lib/python3.10/site-packages/airflow/example_dags/example_kubernetes_executor.py
[2023-05-07T22:28:19.177+0000] {processor.py:175} INFO - Processing /usr/local/python/3.10.4/lib/python3.10/site-packages/airflow/example_dags/example_kubernetes_executor.py took 0.028 seconds
[2023-05-07T22:29:03.271+0000] {processor.py:153} INFO - Started process (PID=12892) to work on /usr/local/python/3.10.4/lib/python3.10/site-packages/airflow/example_dags/example_kubernetes_executor.py
[2023-05-07T22:29:03.271+0000] {processor.py:743} INFO - Processing file /usr/local/python/3.10.4/lib/python3.10/site-packages/airflow/example_dags/example_kubernetes_executor.py for tasks to queue
[2023-05-07T22:29:03.272+0000] {logging_mixin.py:137} INFO - [2023-05-07T22:29:03.272+0000] {dagbag.py:538} INFO - Filling up the DagBag from /usr/local/python/3.10.4/lib/python3.10/site-packages/airflow/example_dags/example_kubernetes_executor.py
[2023-05-07T22:29:03.287+0000] {logging_mixin.py:137} INFO - [2023-05-07T22:29:03.287+0000] {example_kubernetes_executor.py:41} WARNING - The example_kubernetes_executor example DAG requires the kubernetes provider. Please install it with: pip install apache-airflow[cncf.kubernetes]
[2023-05-07T22:29:03.288+0000] {processor.py:755} WARNING - No viable dags retrieved from /usr/local/python/3.10.4/lib/python3.10/site-packages/airflow/example_dags/example_kubernetes_executor.py
[2023-05-07T22:29:03.295+0000] {processor.py:175} INFO - Processing /usr/local/python/3.10.4/lib/python3.10/site-packages/airflow/example_dags/example_kubernetes_executor.py took 0.027 seconds
[2023-05-07T22:29:46.328+0000] {processor.py:153} INFO - Started process (PID=13189) to work on /usr/local/python/3.10.4/lib/python3.10/site-packages/airflow/example_dags/example_kubernetes_executor.py
[2023-05-07T22:29:46.329+0000] {processor.py:743} INFO - Processing file /usr/local/python/3.10.4/lib/python3.10/site-packages/airflow/example_dags/example_kubernetes_executor.py for tasks to queue
[2023-05-07T22:29:46.329+0000] {logging_mixin.py:137} INFO - [2023-05-07T22:29:46.329+0000] {dagbag.py:538} INFO - Filling up the DagBag from /usr/local/python/3.10.4/lib/python3.10/site-packages/airflow/example_dags/example_kubernetes_executor.py
[2023-05-07T22:29:46.345+0000] {logging_mixin.py:137} INFO - [2023-05-07T22:29:46.344+0000] {example_kubernetes_executor.py:41} WARNING - The example_kubernetes_executor example DAG requires the kubernetes provider. Please install it with: pip install apache-airflow[cncf.kubernetes]
[2023-05-07T22:29:46.345+0000] {processor.py:755} WARNING - No viable dags retrieved from /usr/local/python/3.10.4/lib/python3.10/site-packages/airflow/example_dags/example_kubernetes_executor.py
[2023-05-07T22:29:46.352+0000] {processor.py:175} INFO - Processing /usr/local/python/3.10.4/lib/python3.10/site-packages/airflow/example_dags/example_kubernetes_executor.py took 0.027 seconds
[2023-05-07T22:30:38.676+0000] {processor.py:153} INFO - Started process (PID=13560) to work on /usr/local/python/3.10.4/lib/python3.10/site-packages/airflow/example_dags/example_kubernetes_executor.py
[2023-05-07T22:30:38.677+0000] {processor.py:743} INFO - Processing file /usr/local/python/3.10.4/lib/python3.10/site-packages/airflow/example_dags/example_kubernetes_executor.py for tasks to queue
[2023-05-07T22:30:38.677+0000] {logging_mixin.py:137} INFO - [2023-05-07T22:30:38.677+0000] {dagbag.py:538} INFO - Filling up the DagBag from /usr/local/python/3.10.4/lib/python3.10/site-packages/airflow/example_dags/example_kubernetes_executor.py
[2023-05-07T22:30:38.693+0000] {logging_mixin.py:137} INFO - [2023-05-07T22:30:38.692+0000] {example_kubernetes_executor.py:41} WARNING - The example_kubernetes_executor example DAG requires the kubernetes provider. Please install it with: pip install apache-airflow[cncf.kubernetes]
[2023-05-07T22:30:38.693+0000] {processor.py:755} WARNING - No viable dags retrieved from /usr/local/python/3.10.4/lib/python3.10/site-packages/airflow/example_dags/example_kubernetes_executor.py
[2023-05-07T22:30:38.700+0000] {processor.py:175} INFO - Processing /usr/local/python/3.10.4/lib/python3.10/site-packages/airflow/example_dags/example_kubernetes_executor.py took 0.027 seconds
[2023-05-07T22:31:30.115+0000] {processor.py:153} INFO - Started process (PID=13907) to work on /usr/local/python/3.10.4/lib/python3.10/site-packages/airflow/example_dags/example_kubernetes_executor.py
[2023-05-07T22:31:30.115+0000] {processor.py:743} INFO - Processing file /usr/local/python/3.10.4/lib/python3.10/site-packages/airflow/example_dags/example_kubernetes_executor.py for tasks to queue
[2023-05-07T22:31:30.116+0000] {logging_mixin.py:137} INFO - [2023-05-07T22:31:30.116+0000] {dagbag.py:538} INFO - Filling up the DagBag from /usr/local/python/3.10.4/lib/python3.10/site-packages/airflow/example_dags/example_kubernetes_executor.py
[2023-05-07T22:31:30.131+0000] {logging_mixin.py:137} INFO - [2023-05-07T22:31:30.131+0000] {example_kubernetes_executor.py:41} WARNING - The example_kubernetes_executor example DAG requires the kubernetes provider. Please install it with: pip install apache-airflow[cncf.kubernetes]
[2023-05-07T22:31:30.131+0000] {processor.py:755} WARNING - No viable dags retrieved from /usr/local/python/3.10.4/lib/python3.10/site-packages/airflow/example_dags/example_kubernetes_executor.py
[2023-05-07T22:31:30.139+0000] {processor.py:175} INFO - Processing /usr/local/python/3.10.4/lib/python3.10/site-packages/airflow/example_dags/example_kubernetes_executor.py took 0.027 seconds
[2023-05-07T22:32:15.009+0000] {processor.py:153} INFO - Started process (PID=14212) to work on /usr/local/python/3.10.4/lib/python3.10/site-packages/airflow/example_dags/example_kubernetes_executor.py
[2023-05-07T22:32:15.010+0000] {processor.py:743} INFO - Processing file /usr/local/python/3.10.4/lib/python3.10/site-packages/airflow/example_dags/example_kubernetes_executor.py for tasks to queue
[2023-05-07T22:32:15.011+0000] {logging_mixin.py:137} INFO - [2023-05-07T22:32:15.011+0000] {dagbag.py:538} INFO - Filling up the DagBag from /usr/local/python/3.10.4/lib/python3.10/site-packages/airflow/example_dags/example_kubernetes_executor.py
[2023-05-07T22:32:15.026+0000] {logging_mixin.py:137} INFO - [2023-05-07T22:32:15.026+0000] {example_kubernetes_executor.py:41} WARNING - The example_kubernetes_executor example DAG requires the kubernetes provider. Please install it with: pip install apache-airflow[cncf.kubernetes]
[2023-05-07T22:32:15.026+0000] {processor.py:755} WARNING - No viable dags retrieved from /usr/local/python/3.10.4/lib/python3.10/site-packages/airflow/example_dags/example_kubernetes_executor.py
[2023-05-07T22:32:15.039+0000] {processor.py:175} INFO - Processing /usr/local/python/3.10.4/lib/python3.10/site-packages/airflow/example_dags/example_kubernetes_executor.py took 0.033 seconds
[2023-05-07T22:33:02.145+0000] {processor.py:153} INFO - Started process (PID=14559) to work on /usr/local/python/3.10.4/lib/python3.10/site-packages/airflow/example_dags/example_kubernetes_executor.py
[2023-05-07T22:33:02.146+0000] {processor.py:743} INFO - Processing file /usr/local/python/3.10.4/lib/python3.10/site-packages/airflow/example_dags/example_kubernetes_executor.py for tasks to queue
[2023-05-07T22:33:02.146+0000] {logging_mixin.py:137} INFO - [2023-05-07T22:33:02.146+0000] {dagbag.py:538} INFO - Filling up the DagBag from /usr/local/python/3.10.4/lib/python3.10/site-packages/airflow/example_dags/example_kubernetes_executor.py
[2023-05-07T22:33:02.163+0000] {logging_mixin.py:137} INFO - [2023-05-07T22:33:02.162+0000] {example_kubernetes_executor.py:41} WARNING - The example_kubernetes_executor example DAG requires the kubernetes provider. Please install it with: pip install apache-airflow[cncf.kubernetes]
[2023-05-07T22:33:02.163+0000] {processor.py:755} WARNING - No viable dags retrieved from /usr/local/python/3.10.4/lib/python3.10/site-packages/airflow/example_dags/example_kubernetes_executor.py
[2023-05-07T22:33:02.171+0000] {processor.py:175} INFO - Processing /usr/local/python/3.10.4/lib/python3.10/site-packages/airflow/example_dags/example_kubernetes_executor.py took 0.028 seconds
[2023-05-07T22:33:52.307+0000] {processor.py:153} INFO - Started process (PID=14882) to work on /usr/local/python/3.10.4/lib/python3.10/site-packages/airflow/example_dags/example_kubernetes_executor.py
[2023-05-07T22:33:52.308+0000] {processor.py:743} INFO - Processing file /usr/local/python/3.10.4/lib/python3.10/site-packages/airflow/example_dags/example_kubernetes_executor.py for tasks to queue
[2023-05-07T22:33:52.309+0000] {logging_mixin.py:137} INFO - [2023-05-07T22:33:52.308+0000] {dagbag.py:538} INFO - Filling up the DagBag from /usr/local/python/3.10.4/lib/python3.10/site-packages/airflow/example_dags/example_kubernetes_executor.py
[2023-05-07T22:33:52.523+0000] {logging_mixin.py:137} INFO - [2023-05-07T22:33:52.523+0000] {example_kubernetes_executor.py:41} WARNING - The example_kubernetes_executor example DAG requires the kubernetes provider. Please install it with: pip install apache-airflow[cncf.kubernetes]
[2023-05-07T22:33:52.524+0000] {processor.py:755} WARNING - No viable dags retrieved from /usr/local/python/3.10.4/lib/python3.10/site-packages/airflow/example_dags/example_kubernetes_executor.py
[2023-05-07T22:33:52.532+0000] {processor.py:175} INFO - Processing /usr/local/python/3.10.4/lib/python3.10/site-packages/airflow/example_dags/example_kubernetes_executor.py took 0.229 seconds
[2023-05-07T22:34:39.005+0000] {processor.py:153} INFO - Started process (PID=15277) to work on /usr/local/python/3.10.4/lib/python3.10/site-packages/airflow/example_dags/example_kubernetes_executor.py
[2023-05-07T22:34:39.006+0000] {processor.py:743} INFO - Processing file /usr/local/python/3.10.4/lib/python3.10/site-packages/airflow/example_dags/example_kubernetes_executor.py for tasks to queue
[2023-05-07T22:34:39.007+0000] {logging_mixin.py:137} INFO - [2023-05-07T22:34:39.006+0000] {dagbag.py:538} INFO - Filling up the DagBag from /usr/local/python/3.10.4/lib/python3.10/site-packages/airflow/example_dags/example_kubernetes_executor.py
[2023-05-07T22:34:39.022+0000] {logging_mixin.py:137} INFO - [2023-05-07T22:34:39.022+0000] {example_kubernetes_executor.py:41} WARNING - The example_kubernetes_executor example DAG requires the kubernetes provider. Please install it with: pip install apache-airflow[cncf.kubernetes]
[2023-05-07T22:34:39.022+0000] {processor.py:755} WARNING - No viable dags retrieved from /usr/local/python/3.10.4/lib/python3.10/site-packages/airflow/example_dags/example_kubernetes_executor.py
[2023-05-07T22:34:39.029+0000] {processor.py:175} INFO - Processing /usr/local/python/3.10.4/lib/python3.10/site-packages/airflow/example_dags/example_kubernetes_executor.py took 0.027 seconds
[2023-05-07T22:35:22.180+0000] {processor.py:153} INFO - Started process (PID=15574) to work on /usr/local/python/3.10.4/lib/python3.10/site-packages/airflow/example_dags/example_kubernetes_executor.py
[2023-05-07T22:35:22.181+0000] {processor.py:743} INFO - Processing file /usr/local/python/3.10.4/lib/python3.10/site-packages/airflow/example_dags/example_kubernetes_executor.py for tasks to queue
[2023-05-07T22:35:22.182+0000] {logging_mixin.py:137} INFO - [2023-05-07T22:35:22.181+0000] {dagbag.py:538} INFO - Filling up the DagBag from /usr/local/python/3.10.4/lib/python3.10/site-packages/airflow/example_dags/example_kubernetes_executor.py
[2023-05-07T22:35:22.197+0000] {logging_mixin.py:137} INFO - [2023-05-07T22:35:22.197+0000] {example_kubernetes_executor.py:41} WARNING - The example_kubernetes_executor example DAG requires the kubernetes provider. Please install it with: pip install apache-airflow[cncf.kubernetes]
[2023-05-07T22:35:22.197+0000] {processor.py:755} WARNING - No viable dags retrieved from /usr/local/python/3.10.4/lib/python3.10/site-packages/airflow/example_dags/example_kubernetes_executor.py
[2023-05-07T22:35:22.205+0000] {processor.py:175} INFO - Processing /usr/local/python/3.10.4/lib/python3.10/site-packages/airflow/example_dags/example_kubernetes_executor.py took 0.028 seconds
[2023-05-07T22:36:06.236+0000] {processor.py:153} INFO - Started process (PID=15893) to work on /usr/local/python/3.10.4/lib/python3.10/site-packages/airflow/example_dags/example_kubernetes_executor.py
[2023-05-07T22:36:06.236+0000] {processor.py:743} INFO - Processing file /usr/local/python/3.10.4/lib/python3.10/site-packages/airflow/example_dags/example_kubernetes_executor.py for tasks to queue
[2023-05-07T22:36:06.237+0000] {logging_mixin.py:137} INFO - [2023-05-07T22:36:06.237+0000] {dagbag.py:538} INFO - Filling up the DagBag from /usr/local/python/3.10.4/lib/python3.10/site-packages/airflow/example_dags/example_kubernetes_executor.py
[2023-05-07T22:36:06.252+0000] {logging_mixin.py:137} INFO - [2023-05-07T22:36:06.252+0000] {example_kubernetes_executor.py:41} WARNING - The example_kubernetes_executor example DAG requires the kubernetes provider. Please install it with: pip install apache-airflow[cncf.kubernetes]
[2023-05-07T22:36:06.253+0000] {processor.py:755} WARNING - No viable dags retrieved from /usr/local/python/3.10.4/lib/python3.10/site-packages/airflow/example_dags/example_kubernetes_executor.py
[2023-05-07T22:36:06.260+0000] {processor.py:175} INFO - Processing /usr/local/python/3.10.4/lib/python3.10/site-packages/airflow/example_dags/example_kubernetes_executor.py took 0.027 seconds
[2023-05-07T22:36:52.662+0000] {processor.py:153} INFO - Started process (PID=16219) to work on /usr/local/python/3.10.4/lib/python3.10/site-packages/airflow/example_dags/example_kubernetes_executor.py
[2023-05-07T22:36:52.663+0000] {processor.py:743} INFO - Processing file /usr/local/python/3.10.4/lib/python3.10/site-packages/airflow/example_dags/example_kubernetes_executor.py for tasks to queue
[2023-05-07T22:36:52.664+0000] {logging_mixin.py:137} INFO - [2023-05-07T22:36:52.664+0000] {dagbag.py:538} INFO - Filling up the DagBag from /usr/local/python/3.10.4/lib/python3.10/site-packages/airflow/example_dags/example_kubernetes_executor.py
[2023-05-07T22:36:52.679+0000] {logging_mixin.py:137} INFO - [2023-05-07T22:36:52.679+0000] {example_kubernetes_executor.py:41} WARNING - The example_kubernetes_executor example DAG requires the kubernetes provider. Please install it with: pip install apache-airflow[cncf.kubernetes]
[2023-05-07T22:36:52.679+0000] {processor.py:755} WARNING - No viable dags retrieved from /usr/local/python/3.10.4/lib/python3.10/site-packages/airflow/example_dags/example_kubernetes_executor.py
[2023-05-07T22:36:52.688+0000] {processor.py:175} INFO - Processing /usr/local/python/3.10.4/lib/python3.10/site-packages/airflow/example_dags/example_kubernetes_executor.py took 0.028 seconds
[2023-05-07T22:37:33.501+0000] {processor.py:153} INFO - Started process (PID=16510) to work on /usr/local/python/3.10.4/lib/python3.10/site-packages/airflow/example_dags/example_kubernetes_executor.py
[2023-05-07T22:37:33.502+0000] {processor.py:743} INFO - Processing file /usr/local/python/3.10.4/lib/python3.10/site-packages/airflow/example_dags/example_kubernetes_executor.py for tasks to queue
[2023-05-07T22:37:33.502+0000] {logging_mixin.py:137} INFO - [2023-05-07T22:37:33.502+0000] {dagbag.py:538} INFO - Filling up the DagBag from /usr/local/python/3.10.4/lib/python3.10/site-packages/airflow/example_dags/example_kubernetes_executor.py
[2023-05-07T22:37:33.518+0000] {logging_mixin.py:137} INFO - [2023-05-07T22:37:33.518+0000] {example_kubernetes_executor.py:41} WARNING - The example_kubernetes_executor example DAG requires the kubernetes provider. Please install it with: pip install apache-airflow[cncf.kubernetes]
[2023-05-07T22:37:33.518+0000] {processor.py:755} WARNING - No viable dags retrieved from /usr/local/python/3.10.4/lib/python3.10/site-packages/airflow/example_dags/example_kubernetes_executor.py
[2023-05-07T22:37:33.526+0000] {processor.py:175} INFO - Processing /usr/local/python/3.10.4/lib/python3.10/site-packages/airflow/example_dags/example_kubernetes_executor.py took 0.028 seconds
[2023-05-07T22:38:18.204+0000] {processor.py:153} INFO - Started process (PID=16842) to work on /usr/local/python/3.10.4/lib/python3.10/site-packages/airflow/example_dags/example_kubernetes_executor.py
[2023-05-07T22:38:18.205+0000] {processor.py:743} INFO - Processing file /usr/local/python/3.10.4/lib/python3.10/site-packages/airflow/example_dags/example_kubernetes_executor.py for tasks to queue
[2023-05-07T22:38:18.206+0000] {logging_mixin.py:137} INFO - [2023-05-07T22:38:18.206+0000] {dagbag.py:538} INFO - Filling up the DagBag from /usr/local/python/3.10.4/lib/python3.10/site-packages/airflow/example_dags/example_kubernetes_executor.py
[2023-05-07T22:38:18.230+0000] {logging_mixin.py:137} INFO - [2023-05-07T22:38:18.230+0000] {example_kubernetes_executor.py:41} WARNING - The example_kubernetes_executor example DAG requires the kubernetes provider. Please install it with: pip install apache-airflow[cncf.kubernetes]
[2023-05-07T22:38:18.231+0000] {processor.py:755} WARNING - No viable dags retrieved from /usr/local/python/3.10.4/lib/python3.10/site-packages/airflow/example_dags/example_kubernetes_executor.py
[2023-05-07T22:38:18.242+0000] {processor.py:175} INFO - Processing /usr/local/python/3.10.4/lib/python3.10/site-packages/airflow/example_dags/example_kubernetes_executor.py took 0.041 seconds
[2023-05-07T22:39:03.568+0000] {processor.py:153} INFO - Started process (PID=17169) to work on /usr/local/python/3.10.4/lib/python3.10/site-packages/airflow/example_dags/example_kubernetes_executor.py
[2023-05-07T22:39:03.569+0000] {processor.py:743} INFO - Processing file /usr/local/python/3.10.4/lib/python3.10/site-packages/airflow/example_dags/example_kubernetes_executor.py for tasks to queue
[2023-05-07T22:39:03.570+0000] {logging_mixin.py:137} INFO - [2023-05-07T22:39:03.570+0000] {dagbag.py:538} INFO - Filling up the DagBag from /usr/local/python/3.10.4/lib/python3.10/site-packages/airflow/example_dags/example_kubernetes_executor.py
[2023-05-07T22:39:03.586+0000] {logging_mixin.py:137} INFO - [2023-05-07T22:39:03.585+0000] {example_kubernetes_executor.py:41} WARNING - The example_kubernetes_executor example DAG requires the kubernetes provider. Please install it with: pip install apache-airflow[cncf.kubernetes]
[2023-05-07T22:39:03.586+0000] {processor.py:755} WARNING - No viable dags retrieved from /usr/local/python/3.10.4/lib/python3.10/site-packages/airflow/example_dags/example_kubernetes_executor.py
[2023-05-07T22:39:03.593+0000] {processor.py:175} INFO - Processing /usr/local/python/3.10.4/lib/python3.10/site-packages/airflow/example_dags/example_kubernetes_executor.py took 0.027 seconds
[2023-05-07T22:39:48.069+0000] {processor.py:153} INFO - Started process (PID=17492) to work on /usr/local/python/3.10.4/lib/python3.10/site-packages/airflow/example_dags/example_kubernetes_executor.py
[2023-05-07T22:39:48.075+0000] {processor.py:743} INFO - Processing file /usr/local/python/3.10.4/lib/python3.10/site-packages/airflow/example_dags/example_kubernetes_executor.py for tasks to queue
[2023-05-07T22:39:48.075+0000] {logging_mixin.py:137} INFO - [2023-05-07T22:39:48.075+0000] {dagbag.py:538} INFO - Filling up the DagBag from /usr/local/python/3.10.4/lib/python3.10/site-packages/airflow/example_dags/example_kubernetes_executor.py
[2023-05-07T22:39:48.134+0000] {logging_mixin.py:137} INFO - [2023-05-07T22:39:48.134+0000] {example_kubernetes_executor.py:41} WARNING - The example_kubernetes_executor example DAG requires the kubernetes provider. Please install it with: pip install apache-airflow[cncf.kubernetes]
[2023-05-07T22:39:48.134+0000] {processor.py:755} WARNING - No viable dags retrieved from /usr/local/python/3.10.4/lib/python3.10/site-packages/airflow/example_dags/example_kubernetes_executor.py
[2023-05-07T22:39:48.145+0000] {processor.py:175} INFO - Processing /usr/local/python/3.10.4/lib/python3.10/site-packages/airflow/example_dags/example_kubernetes_executor.py took 0.092 seconds
[2023-05-07T22:40:28.622+0000] {processor.py:153} INFO - Started process (PID=17811) to work on /usr/local/python/3.10.4/lib/python3.10/site-packages/airflow/example_dags/example_kubernetes_executor.py
[2023-05-07T22:40:28.623+0000] {processor.py:743} INFO - Processing file /usr/local/python/3.10.4/lib/python3.10/site-packages/airflow/example_dags/example_kubernetes_executor.py for tasks to queue
[2023-05-07T22:40:28.624+0000] {logging_mixin.py:137} INFO - [2023-05-07T22:40:28.624+0000] {dagbag.py:538} INFO - Filling up the DagBag from /usr/local/python/3.10.4/lib/python3.10/site-packages/airflow/example_dags/example_kubernetes_executor.py
[2023-05-07T22:40:28.639+0000] {logging_mixin.py:137} INFO - [2023-05-07T22:40:28.639+0000] {example_kubernetes_executor.py:41} WARNING - The example_kubernetes_executor example DAG requires the kubernetes provider. Please install it with: pip install apache-airflow[cncf.kubernetes]
[2023-05-07T22:40:28.639+0000] {processor.py:755} WARNING - No viable dags retrieved from /usr/local/python/3.10.4/lib/python3.10/site-packages/airflow/example_dags/example_kubernetes_executor.py
[2023-05-07T22:40:28.647+0000] {processor.py:175} INFO - Processing /usr/local/python/3.10.4/lib/python3.10/site-packages/airflow/example_dags/example_kubernetes_executor.py took 0.028 seconds
[2023-05-07T22:41:09.063+0000] {processor.py:153} INFO - Started process (PID=18104) to work on /usr/local/python/3.10.4/lib/python3.10/site-packages/airflow/example_dags/example_kubernetes_executor.py
[2023-05-07T22:41:09.063+0000] {processor.py:743} INFO - Processing file /usr/local/python/3.10.4/lib/python3.10/site-packages/airflow/example_dags/example_kubernetes_executor.py for tasks to queue
[2023-05-07T22:41:09.064+0000] {logging_mixin.py:137} INFO - [2023-05-07T22:41:09.064+0000] {dagbag.py:538} INFO - Filling up the DagBag from /usr/local/python/3.10.4/lib/python3.10/site-packages/airflow/example_dags/example_kubernetes_executor.py
[2023-05-07T22:41:09.079+0000] {logging_mixin.py:137} INFO - [2023-05-07T22:41:09.079+0000] {example_kubernetes_executor.py:41} WARNING - The example_kubernetes_executor example DAG requires the kubernetes provider. Please install it with: pip install apache-airflow[cncf.kubernetes]
[2023-05-07T22:41:09.079+0000] {processor.py:755} WARNING - No viable dags retrieved from /usr/local/python/3.10.4/lib/python3.10/site-packages/airflow/example_dags/example_kubernetes_executor.py
[2023-05-07T22:41:09.086+0000] {processor.py:175} INFO - Processing /usr/local/python/3.10.4/lib/python3.10/site-packages/airflow/example_dags/example_kubernetes_executor.py took 0.027 seconds
[2023-05-07T22:41:48.214+0000] {processor.py:153} INFO - Started process (PID=18388) to work on /usr/local/python/3.10.4/lib/python3.10/site-packages/airflow/example_dags/example_kubernetes_executor.py
[2023-05-07T22:41:48.215+0000] {processor.py:743} INFO - Processing file /usr/local/python/3.10.4/lib/python3.10/site-packages/airflow/example_dags/example_kubernetes_executor.py for tasks to queue
[2023-05-07T22:41:48.215+0000] {logging_mixin.py:137} INFO - [2023-05-07T22:41:48.215+0000] {dagbag.py:538} INFO - Filling up the DagBag from /usr/local/python/3.10.4/lib/python3.10/site-packages/airflow/example_dags/example_kubernetes_executor.py
[2023-05-07T22:41:48.231+0000] {logging_mixin.py:137} INFO - [2023-05-07T22:41:48.230+0000] {example_kubernetes_executor.py:41} WARNING - The example_kubernetes_executor example DAG requires the kubernetes provider. Please install it with: pip install apache-airflow[cncf.kubernetes]
[2023-05-07T22:41:48.231+0000] {processor.py:755} WARNING - No viable dags retrieved from /usr/local/python/3.10.4/lib/python3.10/site-packages/airflow/example_dags/example_kubernetes_executor.py
[2023-05-07T22:41:48.238+0000] {processor.py:175} INFO - Processing /usr/local/python/3.10.4/lib/python3.10/site-packages/airflow/example_dags/example_kubernetes_executor.py took 0.027 seconds
[2023-05-07T22:42:28.945+0000] {processor.py:153} INFO - Started process (PID=18766) to work on /usr/local/python/3.10.4/lib/python3.10/site-packages/airflow/example_dags/example_kubernetes_executor.py
[2023-05-07T22:42:28.945+0000] {processor.py:743} INFO - Processing file /usr/local/python/3.10.4/lib/python3.10/site-packages/airflow/example_dags/example_kubernetes_executor.py for tasks to queue
[2023-05-07T22:42:28.946+0000] {logging_mixin.py:137} INFO - [2023-05-07T22:42:28.946+0000] {dagbag.py:538} INFO - Filling up the DagBag from /usr/local/python/3.10.4/lib/python3.10/site-packages/airflow/example_dags/example_kubernetes_executor.py
[2023-05-07T22:42:28.962+0000] {logging_mixin.py:137} INFO - [2023-05-07T22:42:28.962+0000] {example_kubernetes_executor.py:41} WARNING - The example_kubernetes_executor example DAG requires the kubernetes provider. Please install it with: pip install apache-airflow[cncf.kubernetes]
[2023-05-07T22:42:28.962+0000] {processor.py:755} WARNING - No viable dags retrieved from /usr/local/python/3.10.4/lib/python3.10/site-packages/airflow/example_dags/example_kubernetes_executor.py
[2023-05-07T22:42:28.969+0000] {processor.py:175} INFO - Processing /usr/local/python/3.10.4/lib/python3.10/site-packages/airflow/example_dags/example_kubernetes_executor.py took 0.028 seconds
[2023-05-07T22:43:13.271+0000] {processor.py:153} INFO - Started process (PID=19170) to work on /usr/local/python/3.10.4/lib/python3.10/site-packages/airflow/example_dags/example_kubernetes_executor.py
[2023-05-07T22:43:13.272+0000] {processor.py:743} INFO - Processing file /usr/local/python/3.10.4/lib/python3.10/site-packages/airflow/example_dags/example_kubernetes_executor.py for tasks to queue
[2023-05-07T22:43:13.272+0000] {logging_mixin.py:137} INFO - [2023-05-07T22:43:13.272+0000] {dagbag.py:538} INFO - Filling up the DagBag from /usr/local/python/3.10.4/lib/python3.10/site-packages/airflow/example_dags/example_kubernetes_executor.py
[2023-05-07T22:43:13.287+0000] {logging_mixin.py:137} INFO - [2023-05-07T22:43:13.287+0000] {example_kubernetes_executor.py:41} WARNING - The example_kubernetes_executor example DAG requires the kubernetes provider. Please install it with: pip install apache-airflow[cncf.kubernetes]
[2023-05-07T22:43:13.288+0000] {processor.py:755} WARNING - No viable dags retrieved from /usr/local/python/3.10.4/lib/python3.10/site-packages/airflow/example_dags/example_kubernetes_executor.py
[2023-05-07T22:43:13.295+0000] {processor.py:175} INFO - Processing /usr/local/python/3.10.4/lib/python3.10/site-packages/airflow/example_dags/example_kubernetes_executor.py took 0.027 seconds
[2023-05-07T22:43:55.887+0000] {processor.py:153} INFO - Started process (PID=19655) to work on /usr/local/python/3.10.4/lib/python3.10/site-packages/airflow/example_dags/example_kubernetes_executor.py
[2023-05-07T22:43:55.889+0000] {processor.py:743} INFO - Processing file /usr/local/python/3.10.4/lib/python3.10/site-packages/airflow/example_dags/example_kubernetes_executor.py for tasks to queue
[2023-05-07T22:43:55.889+0000] {logging_mixin.py:137} INFO - [2023-05-07T22:43:55.889+0000] {dagbag.py:538} INFO - Filling up the DagBag from /usr/local/python/3.10.4/lib/python3.10/site-packages/airflow/example_dags/example_kubernetes_executor.py
[2023-05-07T22:43:55.917+0000] {logging_mixin.py:137} INFO - [2023-05-07T22:43:55.917+0000] {example_kubernetes_executor.py:41} WARNING - The example_kubernetes_executor example DAG requires the kubernetes provider. Please install it with: pip install apache-airflow[cncf.kubernetes]
[2023-05-07T22:43:55.917+0000] {processor.py:755} WARNING - No viable dags retrieved from /usr/local/python/3.10.4/lib/python3.10/site-packages/airflow/example_dags/example_kubernetes_executor.py
[2023-05-07T22:43:55.928+0000] {processor.py:175} INFO - Processing /usr/local/python/3.10.4/lib/python3.10/site-packages/airflow/example_dags/example_kubernetes_executor.py took 0.044 seconds
[2023-05-07T22:44:37.854+0000] {processor.py:153} INFO - Started process (PID=20102) to work on /usr/local/python/3.10.4/lib/python3.10/site-packages/airflow/example_dags/example_kubernetes_executor.py
[2023-05-07T22:44:37.855+0000] {processor.py:743} INFO - Processing file /usr/local/python/3.10.4/lib/python3.10/site-packages/airflow/example_dags/example_kubernetes_executor.py for tasks to queue
[2023-05-07T22:44:37.856+0000] {logging_mixin.py:137} INFO - [2023-05-07T22:44:37.856+0000] {dagbag.py:538} INFO - Filling up the DagBag from /usr/local/python/3.10.4/lib/python3.10/site-packages/airflow/example_dags/example_kubernetes_executor.py
[2023-05-07T22:44:37.870+0000] {logging_mixin.py:137} INFO - [2023-05-07T22:44:37.870+0000] {example_kubernetes_executor.py:41} WARNING - The example_kubernetes_executor example DAG requires the kubernetes provider. Please install it with: pip install apache-airflow[cncf.kubernetes]
[2023-05-07T22:44:37.870+0000] {processor.py:755} WARNING - No viable dags retrieved from /usr/local/python/3.10.4/lib/python3.10/site-packages/airflow/example_dags/example_kubernetes_executor.py
[2023-05-07T22:44:37.878+0000] {processor.py:175} INFO - Processing /usr/local/python/3.10.4/lib/python3.10/site-packages/airflow/example_dags/example_kubernetes_executor.py took 0.027 seconds
[2023-05-07T22:45:16.823+0000] {processor.py:153} INFO - Started process (PID=20389) to work on /usr/local/python/3.10.4/lib/python3.10/site-packages/airflow/example_dags/example_kubernetes_executor.py
[2023-05-07T22:45:16.824+0000] {processor.py:743} INFO - Processing file /usr/local/python/3.10.4/lib/python3.10/site-packages/airflow/example_dags/example_kubernetes_executor.py for tasks to queue
[2023-05-07T22:45:16.825+0000] {logging_mixin.py:137} INFO - [2023-05-07T22:45:16.824+0000] {dagbag.py:538} INFO - Filling up the DagBag from /usr/local/python/3.10.4/lib/python3.10/site-packages/airflow/example_dags/example_kubernetes_executor.py
[2023-05-07T22:45:16.841+0000] {logging_mixin.py:137} INFO - [2023-05-07T22:45:16.841+0000] {example_kubernetes_executor.py:41} WARNING - The example_kubernetes_executor example DAG requires the kubernetes provider. Please install it with: pip install apache-airflow[cncf.kubernetes]
[2023-05-07T22:45:16.841+0000] {processor.py:755} WARNING - No viable dags retrieved from /usr/local/python/3.10.4/lib/python3.10/site-packages/airflow/example_dags/example_kubernetes_executor.py
[2023-05-07T22:45:16.848+0000] {processor.py:175} INFO - Processing /usr/local/python/3.10.4/lib/python3.10/site-packages/airflow/example_dags/example_kubernetes_executor.py took 0.028 seconds
[2023-05-07T22:45:54.979+0000] {processor.py:153} INFO - Started process (PID=20768) to work on /usr/local/python/3.10.4/lib/python3.10/site-packages/airflow/example_dags/example_kubernetes_executor.py
[2023-05-07T22:45:54.981+0000] {processor.py:743} INFO - Processing file /usr/local/python/3.10.4/lib/python3.10/site-packages/airflow/example_dags/example_kubernetes_executor.py for tasks to queue
[2023-05-07T22:45:54.981+0000] {logging_mixin.py:137} INFO - [2023-05-07T22:45:54.981+0000] {dagbag.py:538} INFO - Filling up the DagBag from /usr/local/python/3.10.4/lib/python3.10/site-packages/airflow/example_dags/example_kubernetes_executor.py
[2023-05-07T22:45:55.025+0000] {logging_mixin.py:137} INFO - [2023-05-07T22:45:55.025+0000] {example_kubernetes_executor.py:41} WARNING - The example_kubernetes_executor example DAG requires the kubernetes provider. Please install it with: pip install apache-airflow[cncf.kubernetes]
[2023-05-07T22:45:55.026+0000] {processor.py:755} WARNING - No viable dags retrieved from /usr/local/python/3.10.4/lib/python3.10/site-packages/airflow/example_dags/example_kubernetes_executor.py
[2023-05-07T22:45:55.033+0000] {processor.py:175} INFO - Processing /usr/local/python/3.10.4/lib/python3.10/site-packages/airflow/example_dags/example_kubernetes_executor.py took 0.058 seconds
[2023-05-07T22:46:38.097+0000] {processor.py:153} INFO - Started process (PID=21226) to work on /usr/local/python/3.10.4/lib/python3.10/site-packages/airflow/example_dags/example_kubernetes_executor.py
[2023-05-07T22:46:38.098+0000] {processor.py:743} INFO - Processing file /usr/local/python/3.10.4/lib/python3.10/site-packages/airflow/example_dags/example_kubernetes_executor.py for tasks to queue
[2023-05-07T22:46:38.099+0000] {logging_mixin.py:137} INFO - [2023-05-07T22:46:38.099+0000] {dagbag.py:538} INFO - Filling up the DagBag from /usr/local/python/3.10.4/lib/python3.10/site-packages/airflow/example_dags/example_kubernetes_executor.py
[2023-05-07T22:46:38.114+0000] {logging_mixin.py:137} INFO - [2023-05-07T22:46:38.114+0000] {example_kubernetes_executor.py:41} WARNING - The example_kubernetes_executor example DAG requires the kubernetes provider. Please install it with: pip install apache-airflow[cncf.kubernetes]
[2023-05-07T22:46:38.114+0000] {processor.py:755} WARNING - No viable dags retrieved from /usr/local/python/3.10.4/lib/python3.10/site-packages/airflow/example_dags/example_kubernetes_executor.py
[2023-05-07T22:46:38.122+0000] {processor.py:175} INFO - Processing /usr/local/python/3.10.4/lib/python3.10/site-packages/airflow/example_dags/example_kubernetes_executor.py took 0.028 seconds
[2023-05-07T22:47:23.417+0000] {processor.py:153} INFO - Started process (PID=21613) to work on /usr/local/python/3.10.4/lib/python3.10/site-packages/airflow/example_dags/example_kubernetes_executor.py
[2023-05-07T22:47:23.418+0000] {processor.py:743} INFO - Processing file /usr/local/python/3.10.4/lib/python3.10/site-packages/airflow/example_dags/example_kubernetes_executor.py for tasks to queue
[2023-05-07T22:47:23.418+0000] {logging_mixin.py:137} INFO - [2023-05-07T22:47:23.418+0000] {dagbag.py:538} INFO - Filling up the DagBag from /usr/local/python/3.10.4/lib/python3.10/site-packages/airflow/example_dags/example_kubernetes_executor.py
[2023-05-07T22:47:23.433+0000] {logging_mixin.py:137} INFO - [2023-05-07T22:47:23.433+0000] {example_kubernetes_executor.py:41} WARNING - The example_kubernetes_executor example DAG requires the kubernetes provider. Please install it with: pip install apache-airflow[cncf.kubernetes]
[2023-05-07T22:47:23.433+0000] {processor.py:755} WARNING - No viable dags retrieved from /usr/local/python/3.10.4/lib/python3.10/site-packages/airflow/example_dags/example_kubernetes_executor.py
[2023-05-07T22:47:23.440+0000] {processor.py:175} INFO - Processing /usr/local/python/3.10.4/lib/python3.10/site-packages/airflow/example_dags/example_kubernetes_executor.py took 0.027 seconds
[2023-05-07T22:48:04.033+0000] {processor.py:153} INFO - Started process (PID=21916) to work on /usr/local/python/3.10.4/lib/python3.10/site-packages/airflow/example_dags/example_kubernetes_executor.py
[2023-05-07T22:48:04.033+0000] {processor.py:743} INFO - Processing file /usr/local/python/3.10.4/lib/python3.10/site-packages/airflow/example_dags/example_kubernetes_executor.py for tasks to queue
[2023-05-07T22:48:04.034+0000] {logging_mixin.py:137} INFO - [2023-05-07T22:48:04.034+0000] {dagbag.py:538} INFO - Filling up the DagBag from /usr/local/python/3.10.4/lib/python3.10/site-packages/airflow/example_dags/example_kubernetes_executor.py
[2023-05-07T22:48:04.049+0000] {logging_mixin.py:137} INFO - [2023-05-07T22:48:04.049+0000] {example_kubernetes_executor.py:41} WARNING - The example_kubernetes_executor example DAG requires the kubernetes provider. Please install it with: pip install apache-airflow[cncf.kubernetes]
[2023-05-07T22:48:04.050+0000] {processor.py:755} WARNING - No viable dags retrieved from /usr/local/python/3.10.4/lib/python3.10/site-packages/airflow/example_dags/example_kubernetes_executor.py
[2023-05-07T22:48:04.057+0000] {processor.py:175} INFO - Processing /usr/local/python/3.10.4/lib/python3.10/site-packages/airflow/example_dags/example_kubernetes_executor.py took 0.028 seconds
[2023-05-07T22:48:49.377+0000] {processor.py:153} INFO - Started process (PID=22369) to work on /usr/local/python/3.10.4/lib/python3.10/site-packages/airflow/example_dags/example_kubernetes_executor.py
[2023-05-07T22:48:49.378+0000] {processor.py:743} INFO - Processing file /usr/local/python/3.10.4/lib/python3.10/site-packages/airflow/example_dags/example_kubernetes_executor.py for tasks to queue
[2023-05-07T22:48:49.379+0000] {logging_mixin.py:137} INFO - [2023-05-07T22:48:49.379+0000] {dagbag.py:538} INFO - Filling up the DagBag from /usr/local/python/3.10.4/lib/python3.10/site-packages/airflow/example_dags/example_kubernetes_executor.py
[2023-05-07T22:48:49.394+0000] {logging_mixin.py:137} INFO - [2023-05-07T22:48:49.394+0000] {example_kubernetes_executor.py:41} WARNING - The example_kubernetes_executor example DAG requires the kubernetes provider. Please install it with: pip install apache-airflow[cncf.kubernetes]
[2023-05-07T22:48:49.394+0000] {processor.py:755} WARNING - No viable dags retrieved from /usr/local/python/3.10.4/lib/python3.10/site-packages/airflow/example_dags/example_kubernetes_executor.py
[2023-05-07T22:48:49.401+0000] {processor.py:175} INFO - Processing /usr/local/python/3.10.4/lib/python3.10/site-packages/airflow/example_dags/example_kubernetes_executor.py took 0.027 seconds
[2023-05-07T22:49:34.484+0000] {processor.py:153} INFO - Started process (PID=22862) to work on /usr/local/python/3.10.4/lib/python3.10/site-packages/airflow/example_dags/example_kubernetes_executor.py
[2023-05-07T22:49:34.485+0000] {processor.py:743} INFO - Processing file /usr/local/python/3.10.4/lib/python3.10/site-packages/airflow/example_dags/example_kubernetes_executor.py for tasks to queue
[2023-05-07T22:49:34.486+0000] {logging_mixin.py:137} INFO - [2023-05-07T22:49:34.486+0000] {dagbag.py:538} INFO - Filling up the DagBag from /usr/local/python/3.10.4/lib/python3.10/site-packages/airflow/example_dags/example_kubernetes_executor.py
[2023-05-07T22:49:34.502+0000] {logging_mixin.py:137} INFO - [2023-05-07T22:49:34.502+0000] {example_kubernetes_executor.py:41} WARNING - The example_kubernetes_executor example DAG requires the kubernetes provider. Please install it with: pip install apache-airflow[cncf.kubernetes]
[2023-05-07T22:49:34.502+0000] {processor.py:755} WARNING - No viable dags retrieved from /usr/local/python/3.10.4/lib/python3.10/site-packages/airflow/example_dags/example_kubernetes_executor.py
[2023-05-07T22:49:34.509+0000] {processor.py:175} INFO - Processing /usr/local/python/3.10.4/lib/python3.10/site-packages/airflow/example_dags/example_kubernetes_executor.py took 0.028 seconds
[2023-05-07T22:50:15.981+0000] {processor.py:153} INFO - Started process (PID=23173) to work on /usr/local/python/3.10.4/lib/python3.10/site-packages/airflow/example_dags/example_kubernetes_executor.py
[2023-05-07T22:50:15.982+0000] {processor.py:743} INFO - Processing file /usr/local/python/3.10.4/lib/python3.10/site-packages/airflow/example_dags/example_kubernetes_executor.py for tasks to queue
[2023-05-07T22:50:15.983+0000] {logging_mixin.py:137} INFO - [2023-05-07T22:50:15.983+0000] {dagbag.py:538} INFO - Filling up the DagBag from /usr/local/python/3.10.4/lib/python3.10/site-packages/airflow/example_dags/example_kubernetes_executor.py
[2023-05-07T22:50:15.998+0000] {logging_mixin.py:137} INFO - [2023-05-07T22:50:15.998+0000] {example_kubernetes_executor.py:41} WARNING - The example_kubernetes_executor example DAG requires the kubernetes provider. Please install it with: pip install apache-airflow[cncf.kubernetes]
[2023-05-07T22:50:15.998+0000] {processor.py:755} WARNING - No viable dags retrieved from /usr/local/python/3.10.4/lib/python3.10/site-packages/airflow/example_dags/example_kubernetes_executor.py
[2023-05-07T22:50:16.006+0000] {processor.py:175} INFO - Processing /usr/local/python/3.10.4/lib/python3.10/site-packages/airflow/example_dags/example_kubernetes_executor.py took 0.028 seconds
[2023-05-07T22:50:59.591+0000] {processor.py:153} INFO - Started process (PID=23522) to work on /usr/local/python/3.10.4/lib/python3.10/site-packages/airflow/example_dags/example_kubernetes_executor.py
[2023-05-07T22:50:59.591+0000] {processor.py:743} INFO - Processing file /usr/local/python/3.10.4/lib/python3.10/site-packages/airflow/example_dags/example_kubernetes_executor.py for tasks to queue
[2023-05-07T22:50:59.592+0000] {logging_mixin.py:137} INFO - [2023-05-07T22:50:59.592+0000] {dagbag.py:538} INFO - Filling up the DagBag from /usr/local/python/3.10.4/lib/python3.10/site-packages/airflow/example_dags/example_kubernetes_executor.py
[2023-05-07T22:50:59.608+0000] {logging_mixin.py:137} INFO - [2023-05-07T22:50:59.607+0000] {example_kubernetes_executor.py:41} WARNING - The example_kubernetes_executor example DAG requires the kubernetes provider. Please install it with: pip install apache-airflow[cncf.kubernetes]
[2023-05-07T22:50:59.608+0000] {processor.py:755} WARNING - No viable dags retrieved from /usr/local/python/3.10.4/lib/python3.10/site-packages/airflow/example_dags/example_kubernetes_executor.py
[2023-05-07T22:50:59.615+0000] {processor.py:175} INFO - Processing /usr/local/python/3.10.4/lib/python3.10/site-packages/airflow/example_dags/example_kubernetes_executor.py took 0.028 seconds
[2023-05-07T22:51:41.678+0000] {processor.py:153} INFO - Started process (PID=23878) to work on /usr/local/python/3.10.4/lib/python3.10/site-packages/airflow/example_dags/example_kubernetes_executor.py
[2023-05-07T22:51:41.679+0000] {processor.py:743} INFO - Processing file /usr/local/python/3.10.4/lib/python3.10/site-packages/airflow/example_dags/example_kubernetes_executor.py for tasks to queue
[2023-05-07T22:51:41.679+0000] {logging_mixin.py:137} INFO - [2023-05-07T22:51:41.679+0000] {dagbag.py:538} INFO - Filling up the DagBag from /usr/local/python/3.10.4/lib/python3.10/site-packages/airflow/example_dags/example_kubernetes_executor.py
[2023-05-07T22:51:41.694+0000] {logging_mixin.py:137} INFO - [2023-05-07T22:51:41.694+0000] {example_kubernetes_executor.py:41} WARNING - The example_kubernetes_executor example DAG requires the kubernetes provider. Please install it with: pip install apache-airflow[cncf.kubernetes]
[2023-05-07T22:51:41.694+0000] {processor.py:755} WARNING - No viable dags retrieved from /usr/local/python/3.10.4/lib/python3.10/site-packages/airflow/example_dags/example_kubernetes_executor.py
[2023-05-07T22:51:41.702+0000] {processor.py:175} INFO - Processing /usr/local/python/3.10.4/lib/python3.10/site-packages/airflow/example_dags/example_kubernetes_executor.py took 0.027 seconds
[2023-05-07T22:52:23.359+0000] {processor.py:153} INFO - Started process (PID=24037) to work on /usr/local/python/3.10.4/lib/python3.10/site-packages/airflow/example_dags/example_kubernetes_executor.py
[2023-05-07T22:52:23.360+0000] {processor.py:743} INFO - Processing file /usr/local/python/3.10.4/lib/python3.10/site-packages/airflow/example_dags/example_kubernetes_executor.py for tasks to queue
[2023-05-07T22:52:23.361+0000] {logging_mixin.py:137} INFO - [2023-05-07T22:52:23.360+0000] {dagbag.py:538} INFO - Filling up the DagBag from /usr/local/python/3.10.4/lib/python3.10/site-packages/airflow/example_dags/example_kubernetes_executor.py
[2023-05-07T22:52:23.376+0000] {logging_mixin.py:137} INFO - [2023-05-07T22:52:23.376+0000] {example_kubernetes_executor.py:41} WARNING - The example_kubernetes_executor example DAG requires the kubernetes provider. Please install it with: pip install apache-airflow[cncf.kubernetes]
[2023-05-07T22:52:23.376+0000] {processor.py:755} WARNING - No viable dags retrieved from /usr/local/python/3.10.4/lib/python3.10/site-packages/airflow/example_dags/example_kubernetes_executor.py
[2023-05-07T22:52:23.384+0000] {processor.py:175} INFO - Processing /usr/local/python/3.10.4/lib/python3.10/site-packages/airflow/example_dags/example_kubernetes_executor.py took 0.028 seconds
[2023-05-07T22:53:06.638+0000] {processor.py:153} INFO - Started process (PID=24788) to work on /usr/local/python/3.10.4/lib/python3.10/site-packages/airflow/example_dags/example_kubernetes_executor.py
[2023-05-07T22:53:06.640+0000] {processor.py:743} INFO - Processing file /usr/local/python/3.10.4/lib/python3.10/site-packages/airflow/example_dags/example_kubernetes_executor.py for tasks to queue
[2023-05-07T22:53:06.642+0000] {logging_mixin.py:137} INFO - [2023-05-07T22:53:06.642+0000] {dagbag.py:538} INFO - Filling up the DagBag from /usr/local/python/3.10.4/lib/python3.10/site-packages/airflow/example_dags/example_kubernetes_executor.py
[2023-05-07T22:53:06.673+0000] {logging_mixin.py:137} INFO - [2023-05-07T22:53:06.673+0000] {example_kubernetes_executor.py:41} WARNING - The example_kubernetes_executor example DAG requires the kubernetes provider. Please install it with: pip install apache-airflow[cncf.kubernetes]
[2023-05-07T22:53:06.673+0000] {processor.py:755} WARNING - No viable dags retrieved from /usr/local/python/3.10.4/lib/python3.10/site-packages/airflow/example_dags/example_kubernetes_executor.py
[2023-05-07T22:53:06.694+0000] {processor.py:175} INFO - Processing /usr/local/python/3.10.4/lib/python3.10/site-packages/airflow/example_dags/example_kubernetes_executor.py took 0.060 seconds
[2023-05-07T22:53:53.219+0000] {processor.py:153} INFO - Started process (PID=25389) to work on /usr/local/python/3.10.4/lib/python3.10/site-packages/airflow/example_dags/example_kubernetes_executor.py
[2023-05-07T22:53:53.220+0000] {processor.py:743} INFO - Processing file /usr/local/python/3.10.4/lib/python3.10/site-packages/airflow/example_dags/example_kubernetes_executor.py for tasks to queue
[2023-05-07T22:53:53.222+0000] {logging_mixin.py:137} INFO - [2023-05-07T22:53:53.222+0000] {dagbag.py:538} INFO - Filling up the DagBag from /usr/local/python/3.10.4/lib/python3.10/site-packages/airflow/example_dags/example_kubernetes_executor.py
[2023-05-07T22:53:53.237+0000] {logging_mixin.py:137} INFO - [2023-05-07T22:53:53.237+0000] {example_kubernetes_executor.py:41} WARNING - The example_kubernetes_executor example DAG requires the kubernetes provider. Please install it with: pip install apache-airflow[cncf.kubernetes]
[2023-05-07T22:53:53.237+0000] {processor.py:755} WARNING - No viable dags retrieved from /usr/local/python/3.10.4/lib/python3.10/site-packages/airflow/example_dags/example_kubernetes_executor.py
[2023-05-07T22:53:53.244+0000] {processor.py:175} INFO - Processing /usr/local/python/3.10.4/lib/python3.10/site-packages/airflow/example_dags/example_kubernetes_executor.py took 0.028 seconds
