[2023-05-07T22:22:20.683+0000] {processor.py:153} INFO - Started process (PID=9900) to work on /usr/local/python/3.10.4/lib/python3.10/site-packages/airflow/example_dags/example_sensors.py
[2023-05-07T22:22:20.683+0000] {processor.py:743} INFO - Processing file /usr/local/python/3.10.4/lib/python3.10/site-packages/airflow/example_dags/example_sensors.py for tasks to queue
[2023-05-07T22:22:20.684+0000] {logging_mixin.py:137} INFO - [2023-05-07T22:22:20.684+0000] {dagbag.py:538} INFO - Filling up the DagBag from /usr/local/python/3.10.4/lib/python3.10/site-packages/airflow/example_dags/example_sensors.py
[2023-05-07T22:22:20.702+0000] {processor.py:753} INFO - DAG(s) dict_keys(['example_sensors']) retrieved from /usr/local/python/3.10.4/lib/python3.10/site-packages/airflow/example_dags/example_sensors.py
[2023-05-07T22:22:20.853+0000] {logging_mixin.py:137} INFO - [2023-05-07T22:22:20.853+0000] {manager.py:504} INFO - Created Permission View: can edit on DAG:example_sensors
[2023-05-07T22:22:20.887+0000] {logging_mixin.py:137} INFO - [2023-05-07T22:22:20.887+0000] {manager.py:504} INFO - Created Permission View: can delete on DAG:example_sensors
[2023-05-07T22:22:20.919+0000] {logging_mixin.py:137} INFO - [2023-05-07T22:22:20.919+0000] {manager.py:504} INFO - Created Permission View: can read on DAG:example_sensors
[2023-05-07T22:22:20.920+0000] {logging_mixin.py:137} INFO - [2023-05-07T22:22:20.919+0000] {dag.py:2690} INFO - Sync 1 DAGs
[2023-05-07T22:22:20.929+0000] {logging_mixin.py:137} INFO - [2023-05-07T22:22:20.929+0000] {dag.py:2711} INFO - Creating ORM DAG for example_sensors
[2023-05-07T22:22:20.936+0000] {logging_mixin.py:137} INFO - [2023-05-07T22:22:20.936+0000] {dag.py:3437} INFO - Setting next_dagrun for example_sensors to None, run_after=None
[2023-05-07T22:22:20.986+0000] {processor.py:175} INFO - Processing /usr/local/python/3.10.4/lib/python3.10/site-packages/airflow/example_dags/example_sensors.py took 0.306 seconds
[2023-05-07T22:23:05.386+0000] {processor.py:153} INFO - Started process (PID=10214) to work on /usr/local/python/3.10.4/lib/python3.10/site-packages/airflow/example_dags/example_sensors.py
[2023-05-07T22:23:05.387+0000] {processor.py:743} INFO - Processing file /usr/local/python/3.10.4/lib/python3.10/site-packages/airflow/example_dags/example_sensors.py for tasks to queue
[2023-05-07T22:23:05.387+0000] {logging_mixin.py:137} INFO - [2023-05-07T22:23:05.387+0000] {dagbag.py:538} INFO - Filling up the DagBag from /usr/local/python/3.10.4/lib/python3.10/site-packages/airflow/example_dags/example_sensors.py
[2023-05-07T22:23:05.405+0000] {processor.py:753} INFO - DAG(s) dict_keys(['example_sensors']) retrieved from /usr/local/python/3.10.4/lib/python3.10/site-packages/airflow/example_dags/example_sensors.py
[2023-05-07T22:23:05.425+0000] {logging_mixin.py:137} INFO - [2023-05-07T22:23:05.424+0000] {dag.py:2690} INFO - Sync 1 DAGs
[2023-05-07T22:23:05.441+0000] {logging_mixin.py:137} INFO - [2023-05-07T22:23:05.441+0000] {dag.py:3437} INFO - Setting next_dagrun for example_sensors to None, run_after=None
[2023-05-07T22:23:05.482+0000] {processor.py:175} INFO - Processing /usr/local/python/3.10.4/lib/python3.10/site-packages/airflow/example_dags/example_sensors.py took 0.099 seconds
[2023-05-07T22:23:46.082+0000] {processor.py:153} INFO - Started process (PID=10598) to work on /usr/local/python/3.10.4/lib/python3.10/site-packages/airflow/example_dags/example_sensors.py
[2023-05-07T22:23:46.083+0000] {processor.py:743} INFO - Processing file /usr/local/python/3.10.4/lib/python3.10/site-packages/airflow/example_dags/example_sensors.py for tasks to queue
[2023-05-07T22:23:46.083+0000] {logging_mixin.py:137} INFO - [2023-05-07T22:23:46.083+0000] {dagbag.py:538} INFO - Filling up the DagBag from /usr/local/python/3.10.4/lib/python3.10/site-packages/airflow/example_dags/example_sensors.py
[2023-05-07T22:23:46.103+0000] {processor.py:753} INFO - DAG(s) dict_keys(['example_sensors']) retrieved from /usr/local/python/3.10.4/lib/python3.10/site-packages/airflow/example_dags/example_sensors.py
[2023-05-07T22:23:46.121+0000] {logging_mixin.py:137} INFO - [2023-05-07T22:23:46.121+0000] {dag.py:2690} INFO - Sync 1 DAGs
[2023-05-07T22:23:46.137+0000] {logging_mixin.py:137} INFO - [2023-05-07T22:23:46.137+0000] {dag.py:3437} INFO - Setting next_dagrun for example_sensors to None, run_after=None
[2023-05-07T22:23:46.180+0000] {processor.py:175} INFO - Processing /usr/local/python/3.10.4/lib/python3.10/site-packages/airflow/example_dags/example_sensors.py took 0.101 seconds
[2023-05-07T22:24:26.609+0000] {processor.py:153} INFO - Started process (PID=10935) to work on /usr/local/python/3.10.4/lib/python3.10/site-packages/airflow/example_dags/example_sensors.py
[2023-05-07T22:24:26.610+0000] {processor.py:743} INFO - Processing file /usr/local/python/3.10.4/lib/python3.10/site-packages/airflow/example_dags/example_sensors.py for tasks to queue
[2023-05-07T22:24:26.611+0000] {logging_mixin.py:137} INFO - [2023-05-07T22:24:26.611+0000] {dagbag.py:538} INFO - Filling up the DagBag from /usr/local/python/3.10.4/lib/python3.10/site-packages/airflow/example_dags/example_sensors.py
[2023-05-07T22:24:26.630+0000] {processor.py:753} INFO - DAG(s) dict_keys(['example_sensors']) retrieved from /usr/local/python/3.10.4/lib/python3.10/site-packages/airflow/example_dags/example_sensors.py
[2023-05-07T22:24:26.655+0000] {logging_mixin.py:137} INFO - [2023-05-07T22:24:26.655+0000] {dag.py:2690} INFO - Sync 1 DAGs
[2023-05-07T22:24:26.671+0000] {logging_mixin.py:137} INFO - [2023-05-07T22:24:26.671+0000] {dag.py:3437} INFO - Setting next_dagrun for example_sensors to None, run_after=None
[2023-05-07T22:24:26.712+0000] {processor.py:175} INFO - Processing /usr/local/python/3.10.4/lib/python3.10/site-packages/airflow/example_dags/example_sensors.py took 0.106 seconds
[2023-05-07T22:25:13.286+0000] {processor.py:153} INFO - Started process (PID=11292) to work on /usr/local/python/3.10.4/lib/python3.10/site-packages/airflow/example_dags/example_sensors.py
[2023-05-07T22:25:13.287+0000] {processor.py:743} INFO - Processing file /usr/local/python/3.10.4/lib/python3.10/site-packages/airflow/example_dags/example_sensors.py for tasks to queue
[2023-05-07T22:25:13.288+0000] {logging_mixin.py:137} INFO - [2023-05-07T22:25:13.288+0000] {dagbag.py:538} INFO - Filling up the DagBag from /usr/local/python/3.10.4/lib/python3.10/site-packages/airflow/example_dags/example_sensors.py
[2023-05-07T22:25:13.306+0000] {processor.py:753} INFO - DAG(s) dict_keys(['example_sensors']) retrieved from /usr/local/python/3.10.4/lib/python3.10/site-packages/airflow/example_dags/example_sensors.py
[2023-05-07T22:25:13.332+0000] {logging_mixin.py:137} INFO - [2023-05-07T22:25:13.332+0000] {dag.py:2690} INFO - Sync 1 DAGs
[2023-05-07T22:25:13.361+0000] {logging_mixin.py:137} INFO - [2023-05-07T22:25:13.361+0000] {dag.py:3437} INFO - Setting next_dagrun for example_sensors to None, run_after=None
[2023-05-07T22:25:13.408+0000] {processor.py:175} INFO - Processing /usr/local/python/3.10.4/lib/python3.10/site-packages/airflow/example_dags/example_sensors.py took 0.125 seconds
[2023-05-07T22:25:56.616+0000] {processor.py:153} INFO - Started process (PID=11602) to work on /usr/local/python/3.10.4/lib/python3.10/site-packages/airflow/example_dags/example_sensors.py
[2023-05-07T22:25:56.617+0000] {processor.py:743} INFO - Processing file /usr/local/python/3.10.4/lib/python3.10/site-packages/airflow/example_dags/example_sensors.py for tasks to queue
[2023-05-07T22:25:56.618+0000] {logging_mixin.py:137} INFO - [2023-05-07T22:25:56.617+0000] {dagbag.py:538} INFO - Filling up the DagBag from /usr/local/python/3.10.4/lib/python3.10/site-packages/airflow/example_dags/example_sensors.py
[2023-05-07T22:25:56.635+0000] {processor.py:753} INFO - DAG(s) dict_keys(['example_sensors']) retrieved from /usr/local/python/3.10.4/lib/python3.10/site-packages/airflow/example_dags/example_sensors.py
[2023-05-07T22:25:56.654+0000] {logging_mixin.py:137} INFO - [2023-05-07T22:25:56.654+0000] {dag.py:2690} INFO - Sync 1 DAGs
[2023-05-07T22:25:56.671+0000] {logging_mixin.py:137} INFO - [2023-05-07T22:25:56.671+0000] {dag.py:3437} INFO - Setting next_dagrun for example_sensors to None, run_after=None
[2023-05-07T22:25:56.713+0000] {processor.py:175} INFO - Processing /usr/local/python/3.10.4/lib/python3.10/site-packages/airflow/example_dags/example_sensors.py took 0.100 seconds
[2023-05-07T22:26:38.631+0000] {processor.py:153} INFO - Started process (PID=11894) to work on /usr/local/python/3.10.4/lib/python3.10/site-packages/airflow/example_dags/example_sensors.py
[2023-05-07T22:26:38.632+0000] {processor.py:743} INFO - Processing file /usr/local/python/3.10.4/lib/python3.10/site-packages/airflow/example_dags/example_sensors.py for tasks to queue
[2023-05-07T22:26:38.633+0000] {logging_mixin.py:137} INFO - [2023-05-07T22:26:38.632+0000] {dagbag.py:538} INFO - Filling up the DagBag from /usr/local/python/3.10.4/lib/python3.10/site-packages/airflow/example_dags/example_sensors.py
[2023-05-07T22:26:38.650+0000] {processor.py:753} INFO - DAG(s) dict_keys(['example_sensors']) retrieved from /usr/local/python/3.10.4/lib/python3.10/site-packages/airflow/example_dags/example_sensors.py
[2023-05-07T22:26:38.668+0000] {logging_mixin.py:137} INFO - [2023-05-07T22:26:38.668+0000] {dag.py:2690} INFO - Sync 1 DAGs
[2023-05-07T22:26:38.685+0000] {logging_mixin.py:137} INFO - [2023-05-07T22:26:38.685+0000] {dag.py:3437} INFO - Setting next_dagrun for example_sensors to None, run_after=None
[2023-05-07T22:26:38.741+0000] {processor.py:175} INFO - Processing /usr/local/python/3.10.4/lib/python3.10/site-packages/airflow/example_dags/example_sensors.py took 0.113 seconds
[2023-05-07T22:27:19.399+0000] {processor.py:153} INFO - Started process (PID=12176) to work on /usr/local/python/3.10.4/lib/python3.10/site-packages/airflow/example_dags/example_sensors.py
[2023-05-07T22:27:19.400+0000] {processor.py:743} INFO - Processing file /usr/local/python/3.10.4/lib/python3.10/site-packages/airflow/example_dags/example_sensors.py for tasks to queue
[2023-05-07T22:27:19.401+0000] {logging_mixin.py:137} INFO - [2023-05-07T22:27:19.401+0000] {dagbag.py:538} INFO - Filling up the DagBag from /usr/local/python/3.10.4/lib/python3.10/site-packages/airflow/example_dags/example_sensors.py
[2023-05-07T22:27:19.418+0000] {processor.py:753} INFO - DAG(s) dict_keys(['example_sensors']) retrieved from /usr/local/python/3.10.4/lib/python3.10/site-packages/airflow/example_dags/example_sensors.py
[2023-05-07T22:27:19.438+0000] {logging_mixin.py:137} INFO - [2023-05-07T22:27:19.438+0000] {dag.py:2690} INFO - Sync 1 DAGs
[2023-05-07T22:27:19.454+0000] {logging_mixin.py:137} INFO - [2023-05-07T22:27:19.454+0000] {dag.py:3437} INFO - Setting next_dagrun for example_sensors to None, run_after=None
[2023-05-07T22:27:19.496+0000] {processor.py:175} INFO - Processing /usr/local/python/3.10.4/lib/python3.10/site-packages/airflow/example_dags/example_sensors.py took 0.099 seconds
[2023-05-07T22:28:03.651+0000] {processor.py:153} INFO - Started process (PID=12471) to work on /usr/local/python/3.10.4/lib/python3.10/site-packages/airflow/example_dags/example_sensors.py
[2023-05-07T22:28:03.652+0000] {processor.py:743} INFO - Processing file /usr/local/python/3.10.4/lib/python3.10/site-packages/airflow/example_dags/example_sensors.py for tasks to queue
[2023-05-07T22:28:03.655+0000] {logging_mixin.py:137} INFO - [2023-05-07T22:28:03.654+0000] {dagbag.py:538} INFO - Filling up the DagBag from /usr/local/python/3.10.4/lib/python3.10/site-packages/airflow/example_dags/example_sensors.py
[2023-05-07T22:28:03.687+0000] {processor.py:753} INFO - DAG(s) dict_keys(['example_sensors']) retrieved from /usr/local/python/3.10.4/lib/python3.10/site-packages/airflow/example_dags/example_sensors.py
[2023-05-07T22:28:03.717+0000] {logging_mixin.py:137} INFO - [2023-05-07T22:28:03.716+0000] {dag.py:2690} INFO - Sync 1 DAGs
[2023-05-07T22:28:03.733+0000] {logging_mixin.py:137} INFO - [2023-05-07T22:28:03.733+0000] {dag.py:3437} INFO - Setting next_dagrun for example_sensors to None, run_after=None
[2023-05-07T22:28:03.773+0000] {processor.py:175} INFO - Processing /usr/local/python/3.10.4/lib/python3.10/site-packages/airflow/example_dags/example_sensors.py took 0.132 seconds
[2023-05-07T22:28:45.389+0000] {processor.py:153} INFO - Started process (PID=12779) to work on /usr/local/python/3.10.4/lib/python3.10/site-packages/airflow/example_dags/example_sensors.py
[2023-05-07T22:28:45.389+0000] {processor.py:743} INFO - Processing file /usr/local/python/3.10.4/lib/python3.10/site-packages/airflow/example_dags/example_sensors.py for tasks to queue
[2023-05-07T22:28:45.390+0000] {logging_mixin.py:137} INFO - [2023-05-07T22:28:45.390+0000] {dagbag.py:538} INFO - Filling up the DagBag from /usr/local/python/3.10.4/lib/python3.10/site-packages/airflow/example_dags/example_sensors.py
[2023-05-07T22:28:45.408+0000] {processor.py:753} INFO - DAG(s) dict_keys(['example_sensors']) retrieved from /usr/local/python/3.10.4/lib/python3.10/site-packages/airflow/example_dags/example_sensors.py
[2023-05-07T22:28:45.427+0000] {logging_mixin.py:137} INFO - [2023-05-07T22:28:45.426+0000] {dag.py:2690} INFO - Sync 1 DAGs
[2023-05-07T22:28:45.443+0000] {logging_mixin.py:137} INFO - [2023-05-07T22:28:45.443+0000] {dag.py:3437} INFO - Setting next_dagrun for example_sensors to None, run_after=None
[2023-05-07T22:28:45.486+0000] {processor.py:175} INFO - Processing /usr/local/python/3.10.4/lib/python3.10/site-packages/airflow/example_dags/example_sensors.py took 0.100 seconds
[2023-05-07T22:29:26.507+0000] {processor.py:153} INFO - Started process (PID=13060) to work on /usr/local/python/3.10.4/lib/python3.10/site-packages/airflow/example_dags/example_sensors.py
[2023-05-07T22:29:26.508+0000] {processor.py:743} INFO - Processing file /usr/local/python/3.10.4/lib/python3.10/site-packages/airflow/example_dags/example_sensors.py for tasks to queue
[2023-05-07T22:29:26.509+0000] {logging_mixin.py:137} INFO - [2023-05-07T22:29:26.508+0000] {dagbag.py:538} INFO - Filling up the DagBag from /usr/local/python/3.10.4/lib/python3.10/site-packages/airflow/example_dags/example_sensors.py
[2023-05-07T22:29:26.527+0000] {processor.py:753} INFO - DAG(s) dict_keys(['example_sensors']) retrieved from /usr/local/python/3.10.4/lib/python3.10/site-packages/airflow/example_dags/example_sensors.py
[2023-05-07T22:29:26.546+0000] {logging_mixin.py:137} INFO - [2023-05-07T22:29:26.546+0000] {dag.py:2690} INFO - Sync 1 DAGs
[2023-05-07T22:29:26.562+0000] {logging_mixin.py:137} INFO - [2023-05-07T22:29:26.562+0000] {dag.py:3437} INFO - Setting next_dagrun for example_sensors to None, run_after=None
[2023-05-07T22:29:26.710+0000] {processor.py:175} INFO - Processing /usr/local/python/3.10.4/lib/python3.10/site-packages/airflow/example_dags/example_sensors.py took 0.206 seconds
[2023-05-07T22:30:07.633+0000] {processor.py:153} INFO - Started process (PID=13355) to work on /usr/local/python/3.10.4/lib/python3.10/site-packages/airflow/example_dags/example_sensors.py
[2023-05-07T22:30:07.634+0000] {processor.py:743} INFO - Processing file /usr/local/python/3.10.4/lib/python3.10/site-packages/airflow/example_dags/example_sensors.py for tasks to queue
[2023-05-07T22:30:07.635+0000] {logging_mixin.py:137} INFO - [2023-05-07T22:30:07.634+0000] {dagbag.py:538} INFO - Filling up the DagBag from /usr/local/python/3.10.4/lib/python3.10/site-packages/airflow/example_dags/example_sensors.py
[2023-05-07T22:30:07.652+0000] {processor.py:753} INFO - DAG(s) dict_keys(['example_sensors']) retrieved from /usr/local/python/3.10.4/lib/python3.10/site-packages/airflow/example_dags/example_sensors.py
[2023-05-07T22:30:07.671+0000] {logging_mixin.py:137} INFO - [2023-05-07T22:30:07.671+0000] {dag.py:2690} INFO - Sync 1 DAGs
[2023-05-07T22:30:07.796+0000] {logging_mixin.py:137} INFO - [2023-05-07T22:30:07.796+0000] {dag.py:3437} INFO - Setting next_dagrun for example_sensors to None, run_after=None
[2023-05-07T22:30:07.838+0000] {processor.py:175} INFO - Processing /usr/local/python/3.10.4/lib/python3.10/site-packages/airflow/example_dags/example_sensors.py took 0.208 seconds
[2023-05-07T22:30:54.288+0000] {processor.py:153} INFO - Started process (PID=13656) to work on /usr/local/python/3.10.4/lib/python3.10/site-packages/airflow/example_dags/example_sensors.py
[2023-05-07T22:30:54.289+0000] {processor.py:743} INFO - Processing file /usr/local/python/3.10.4/lib/python3.10/site-packages/airflow/example_dags/example_sensors.py for tasks to queue
[2023-05-07T22:30:54.289+0000] {logging_mixin.py:137} INFO - [2023-05-07T22:30:54.289+0000] {dagbag.py:538} INFO - Filling up the DagBag from /usr/local/python/3.10.4/lib/python3.10/site-packages/airflow/example_dags/example_sensors.py
[2023-05-07T22:30:54.307+0000] {processor.py:753} INFO - DAG(s) dict_keys(['example_sensors']) retrieved from /usr/local/python/3.10.4/lib/python3.10/site-packages/airflow/example_dags/example_sensors.py
[2023-05-07T22:30:54.326+0000] {logging_mixin.py:137} INFO - [2023-05-07T22:30:54.326+0000] {dag.py:2690} INFO - Sync 1 DAGs
[2023-05-07T22:30:54.448+0000] {logging_mixin.py:137} INFO - [2023-05-07T22:30:54.448+0000] {dag.py:3437} INFO - Setting next_dagrun for example_sensors to None, run_after=None
[2023-05-07T22:30:54.492+0000] {processor.py:175} INFO - Processing /usr/local/python/3.10.4/lib/python3.10/site-packages/airflow/example_dags/example_sensors.py took 0.207 seconds
[2023-05-07T22:31:43.746+0000] {processor.py:153} INFO - Started process (PID=13999) to work on /usr/local/python/3.10.4/lib/python3.10/site-packages/airflow/example_dags/example_sensors.py
[2023-05-07T22:31:43.747+0000] {processor.py:743} INFO - Processing file /usr/local/python/3.10.4/lib/python3.10/site-packages/airflow/example_dags/example_sensors.py for tasks to queue
[2023-05-07T22:31:43.748+0000] {logging_mixin.py:137} INFO - [2023-05-07T22:31:43.748+0000] {dagbag.py:538} INFO - Filling up the DagBag from /usr/local/python/3.10.4/lib/python3.10/site-packages/airflow/example_dags/example_sensors.py
[2023-05-07T22:31:43.765+0000] {processor.py:753} INFO - DAG(s) dict_keys(['example_sensors']) retrieved from /usr/local/python/3.10.4/lib/python3.10/site-packages/airflow/example_dags/example_sensors.py
[2023-05-07T22:31:43.785+0000] {logging_mixin.py:137} INFO - [2023-05-07T22:31:43.785+0000] {dag.py:2690} INFO - Sync 1 DAGs
[2023-05-07T22:31:43.908+0000] {logging_mixin.py:137} INFO - [2023-05-07T22:31:43.908+0000] {dag.py:3437} INFO - Setting next_dagrun for example_sensors to None, run_after=None
[2023-05-07T22:31:43.949+0000] {processor.py:175} INFO - Processing /usr/local/python/3.10.4/lib/python3.10/site-packages/airflow/example_dags/example_sensors.py took 0.206 seconds
[2023-05-07T22:32:29.066+0000] {processor.py:153} INFO - Started process (PID=14298) to work on /usr/local/python/3.10.4/lib/python3.10/site-packages/airflow/example_dags/example_sensors.py
[2023-05-07T22:32:29.067+0000] {processor.py:743} INFO - Processing file /usr/local/python/3.10.4/lib/python3.10/site-packages/airflow/example_dags/example_sensors.py for tasks to queue
[2023-05-07T22:32:29.068+0000] {logging_mixin.py:137} INFO - [2023-05-07T22:32:29.068+0000] {dagbag.py:538} INFO - Filling up the DagBag from /usr/local/python/3.10.4/lib/python3.10/site-packages/airflow/example_dags/example_sensors.py
[2023-05-07T22:32:29.086+0000] {processor.py:753} INFO - DAG(s) dict_keys(['example_sensors']) retrieved from /usr/local/python/3.10.4/lib/python3.10/site-packages/airflow/example_dags/example_sensors.py
[2023-05-07T22:32:29.216+0000] {logging_mixin.py:137} INFO - [2023-05-07T22:32:29.216+0000] {dag.py:2690} INFO - Sync 1 DAGs
[2023-05-07T22:32:29.231+0000] {logging_mixin.py:137} INFO - [2023-05-07T22:32:29.231+0000] {dag.py:3437} INFO - Setting next_dagrun for example_sensors to None, run_after=None
[2023-05-07T22:32:29.272+0000] {processor.py:175} INFO - Processing /usr/local/python/3.10.4/lib/python3.10/site-packages/airflow/example_dags/example_sensors.py took 0.208 seconds
[2023-05-07T22:33:17.670+0000] {processor.py:153} INFO - Started process (PID=14647) to work on /usr/local/python/3.10.4/lib/python3.10/site-packages/airflow/example_dags/example_sensors.py
[2023-05-07T22:33:17.671+0000] {processor.py:743} INFO - Processing file /usr/local/python/3.10.4/lib/python3.10/site-packages/airflow/example_dags/example_sensors.py for tasks to queue
[2023-05-07T22:33:17.672+0000] {logging_mixin.py:137} INFO - [2023-05-07T22:33:17.672+0000] {dagbag.py:538} INFO - Filling up the DagBag from /usr/local/python/3.10.4/lib/python3.10/site-packages/airflow/example_dags/example_sensors.py
[2023-05-07T22:33:17.829+0000] {processor.py:753} INFO - DAG(s) dict_keys(['example_sensors']) retrieved from /usr/local/python/3.10.4/lib/python3.10/site-packages/airflow/example_dags/example_sensors.py
[2023-05-07T22:33:17.845+0000] {logging_mixin.py:137} INFO - [2023-05-07T22:33:17.845+0000] {dag.py:2690} INFO - Sync 1 DAGs
[2023-05-07T22:33:17.860+0000] {logging_mixin.py:137} INFO - [2023-05-07T22:33:17.859+0000] {dag.py:3437} INFO - Setting next_dagrun for example_sensors to None, run_after=None
[2023-05-07T22:33:17.909+0000] {processor.py:175} INFO - Processing /usr/local/python/3.10.4/lib/python3.10/site-packages/airflow/example_dags/example_sensors.py took 0.242 seconds
[2023-05-07T22:34:06.425+0000] {processor.py:153} INFO - Started process (PID=15052) to work on /usr/local/python/3.10.4/lib/python3.10/site-packages/airflow/example_dags/example_sensors.py
[2023-05-07T22:34:06.426+0000] {processor.py:743} INFO - Processing file /usr/local/python/3.10.4/lib/python3.10/site-packages/airflow/example_dags/example_sensors.py for tasks to queue
[2023-05-07T22:34:06.426+0000] {logging_mixin.py:137} INFO - [2023-05-07T22:34:06.426+0000] {dagbag.py:538} INFO - Filling up the DagBag from /usr/local/python/3.10.4/lib/python3.10/site-packages/airflow/example_dags/example_sensors.py
[2023-05-07T22:34:06.551+0000] {processor.py:753} INFO - DAG(s) dict_keys(['example_sensors']) retrieved from /usr/local/python/3.10.4/lib/python3.10/site-packages/airflow/example_dags/example_sensors.py
[2023-05-07T22:34:06.567+0000] {logging_mixin.py:137} INFO - [2023-05-07T22:34:06.567+0000] {dag.py:2690} INFO - Sync 1 DAGs
[2023-05-07T22:34:06.582+0000] {logging_mixin.py:137} INFO - [2023-05-07T22:34:06.582+0000] {dag.py:3437} INFO - Setting next_dagrun for example_sensors to None, run_after=None
[2023-05-07T22:34:06.627+0000] {processor.py:175} INFO - Processing /usr/local/python/3.10.4/lib/python3.10/site-packages/airflow/example_dags/example_sensors.py took 0.205 seconds
[2023-05-07T22:34:51.827+0000] {processor.py:153} INFO - Started process (PID=15359) to work on /usr/local/python/3.10.4/lib/python3.10/site-packages/airflow/example_dags/example_sensors.py
[2023-05-07T22:34:51.828+0000] {processor.py:743} INFO - Processing file /usr/local/python/3.10.4/lib/python3.10/site-packages/airflow/example_dags/example_sensors.py for tasks to queue
[2023-05-07T22:34:51.829+0000] {logging_mixin.py:137} INFO - [2023-05-07T22:34:51.829+0000] {dagbag.py:538} INFO - Filling up the DagBag from /usr/local/python/3.10.4/lib/python3.10/site-packages/airflow/example_dags/example_sensors.py
[2023-05-07T22:34:51.858+0000] {processor.py:753} INFO - DAG(s) dict_keys(['example_sensors']) retrieved from /usr/local/python/3.10.4/lib/python3.10/site-packages/airflow/example_dags/example_sensors.py
[2023-05-07T22:34:51.880+0000] {logging_mixin.py:137} INFO - [2023-05-07T22:34:51.879+0000] {dag.py:2690} INFO - Sync 1 DAGs
[2023-05-07T22:34:51.902+0000] {logging_mixin.py:137} INFO - [2023-05-07T22:34:51.902+0000] {dag.py:3437} INFO - Setting next_dagrun for example_sensors to None, run_after=None
[2023-05-07T22:34:51.944+0000] {processor.py:175} INFO - Processing /usr/local/python/3.10.4/lib/python3.10/site-packages/airflow/example_dags/example_sensors.py took 0.120 seconds
[2023-05-07T22:35:31.321+0000] {processor.py:153} INFO - Started process (PID=15638) to work on /usr/local/python/3.10.4/lib/python3.10/site-packages/airflow/example_dags/example_sensors.py
[2023-05-07T22:35:31.322+0000] {processor.py:743} INFO - Processing file /usr/local/python/3.10.4/lib/python3.10/site-packages/airflow/example_dags/example_sensors.py for tasks to queue
[2023-05-07T22:35:31.323+0000] {logging_mixin.py:137} INFO - [2023-05-07T22:35:31.323+0000] {dagbag.py:538} INFO - Filling up the DagBag from /usr/local/python/3.10.4/lib/python3.10/site-packages/airflow/example_dags/example_sensors.py
[2023-05-07T22:35:31.341+0000] {processor.py:753} INFO - DAG(s) dict_keys(['example_sensors']) retrieved from /usr/local/python/3.10.4/lib/python3.10/site-packages/airflow/example_dags/example_sensors.py
[2023-05-07T22:35:31.361+0000] {logging_mixin.py:137} INFO - [2023-05-07T22:35:31.361+0000] {dag.py:2690} INFO - Sync 1 DAGs
[2023-05-07T22:35:31.380+0000] {logging_mixin.py:137} INFO - [2023-05-07T22:35:31.380+0000] {dag.py:3437} INFO - Setting next_dagrun for example_sensors to None, run_after=None
[2023-05-07T22:35:31.422+0000] {processor.py:175} INFO - Processing /usr/local/python/3.10.4/lib/python3.10/site-packages/airflow/example_dags/example_sensors.py took 0.103 seconds
[2023-05-07T22:36:15.982+0000] {processor.py:153} INFO - Started process (PID=15965) to work on /usr/local/python/3.10.4/lib/python3.10/site-packages/airflow/example_dags/example_sensors.py
[2023-05-07T22:36:15.983+0000] {processor.py:743} INFO - Processing file /usr/local/python/3.10.4/lib/python3.10/site-packages/airflow/example_dags/example_sensors.py for tasks to queue
[2023-05-07T22:36:15.983+0000] {logging_mixin.py:137} INFO - [2023-05-07T22:36:15.983+0000] {dagbag.py:538} INFO - Filling up the DagBag from /usr/local/python/3.10.4/lib/python3.10/site-packages/airflow/example_dags/example_sensors.py
[2023-05-07T22:36:16.001+0000] {processor.py:753} INFO - DAG(s) dict_keys(['example_sensors']) retrieved from /usr/local/python/3.10.4/lib/python3.10/site-packages/airflow/example_dags/example_sensors.py
[2023-05-07T22:36:16.021+0000] {logging_mixin.py:137} INFO - [2023-05-07T22:36:16.021+0000] {dag.py:2690} INFO - Sync 1 DAGs
[2023-05-07T22:36:16.038+0000] {logging_mixin.py:137} INFO - [2023-05-07T22:36:16.038+0000] {dag.py:3437} INFO - Setting next_dagrun for example_sensors to None, run_after=None
[2023-05-07T22:36:16.079+0000] {processor.py:175} INFO - Processing /usr/local/python/3.10.4/lib/python3.10/site-packages/airflow/example_dags/example_sensors.py took 0.100 seconds
[2023-05-07T22:36:59.812+0000] {processor.py:153} INFO - Started process (PID=16276) to work on /usr/local/python/3.10.4/lib/python3.10/site-packages/airflow/example_dags/example_sensors.py
[2023-05-07T22:36:59.813+0000] {processor.py:743} INFO - Processing file /usr/local/python/3.10.4/lib/python3.10/site-packages/airflow/example_dags/example_sensors.py for tasks to queue
[2023-05-07T22:36:59.813+0000] {logging_mixin.py:137} INFO - [2023-05-07T22:36:59.813+0000] {dagbag.py:538} INFO - Filling up the DagBag from /usr/local/python/3.10.4/lib/python3.10/site-packages/airflow/example_dags/example_sensors.py
[2023-05-07T22:36:59.833+0000] {processor.py:753} INFO - DAG(s) dict_keys(['example_sensors']) retrieved from /usr/local/python/3.10.4/lib/python3.10/site-packages/airflow/example_dags/example_sensors.py
[2023-05-07T22:36:59.852+0000] {logging_mixin.py:137} INFO - [2023-05-07T22:36:59.851+0000] {dag.py:2690} INFO - Sync 1 DAGs
[2023-05-07T22:36:59.903+0000] {logging_mixin.py:137} INFO - [2023-05-07T22:36:59.902+0000] {dag.py:3437} INFO - Setting next_dagrun for example_sensors to None, run_after=None
[2023-05-07T22:36:59.944+0000] {processor.py:175} INFO - Processing /usr/local/python/3.10.4/lib/python3.10/site-packages/airflow/example_dags/example_sensors.py took 0.135 seconds
[2023-05-07T22:37:42.582+0000] {processor.py:153} INFO - Started process (PID=16585) to work on /usr/local/python/3.10.4/lib/python3.10/site-packages/airflow/example_dags/example_sensors.py
[2023-05-07T22:37:42.583+0000] {processor.py:743} INFO - Processing file /usr/local/python/3.10.4/lib/python3.10/site-packages/airflow/example_dags/example_sensors.py for tasks to queue
[2023-05-07T22:37:42.584+0000] {logging_mixin.py:137} INFO - [2023-05-07T22:37:42.583+0000] {dagbag.py:538} INFO - Filling up the DagBag from /usr/local/python/3.10.4/lib/python3.10/site-packages/airflow/example_dags/example_sensors.py
[2023-05-07T22:37:42.601+0000] {processor.py:753} INFO - DAG(s) dict_keys(['example_sensors']) retrieved from /usr/local/python/3.10.4/lib/python3.10/site-packages/airflow/example_dags/example_sensors.py
[2023-05-07T22:37:42.620+0000] {logging_mixin.py:137} INFO - [2023-05-07T22:37:42.620+0000] {dag.py:2690} INFO - Sync 1 DAGs
[2023-05-07T22:37:42.636+0000] {logging_mixin.py:137} INFO - [2023-05-07T22:37:42.636+0000] {dag.py:3437} INFO - Setting next_dagrun for example_sensors to None, run_after=None
[2023-05-07T22:37:42.678+0000] {processor.py:175} INFO - Processing /usr/local/python/3.10.4/lib/python3.10/site-packages/airflow/example_dags/example_sensors.py took 0.100 seconds
[2023-05-07T22:38:28.132+0000] {processor.py:153} INFO - Started process (PID=16912) to work on /usr/local/python/3.10.4/lib/python3.10/site-packages/airflow/example_dags/example_sensors.py
[2023-05-07T22:38:28.133+0000] {processor.py:743} INFO - Processing file /usr/local/python/3.10.4/lib/python3.10/site-packages/airflow/example_dags/example_sensors.py for tasks to queue
[2023-05-07T22:38:28.134+0000] {logging_mixin.py:137} INFO - [2023-05-07T22:38:28.134+0000] {dagbag.py:538} INFO - Filling up the DagBag from /usr/local/python/3.10.4/lib/python3.10/site-packages/airflow/example_dags/example_sensors.py
[2023-05-07T22:38:28.152+0000] {processor.py:753} INFO - DAG(s) dict_keys(['example_sensors']) retrieved from /usr/local/python/3.10.4/lib/python3.10/site-packages/airflow/example_dags/example_sensors.py
[2023-05-07T22:38:28.172+0000] {logging_mixin.py:137} INFO - [2023-05-07T22:38:28.172+0000] {dag.py:2690} INFO - Sync 1 DAGs
[2023-05-07T22:38:28.189+0000] {logging_mixin.py:137} INFO - [2023-05-07T22:38:28.189+0000] {dag.py:3437} INFO - Setting next_dagrun for example_sensors to None, run_after=None
[2023-05-07T22:38:28.231+0000] {processor.py:175} INFO - Processing /usr/local/python/3.10.4/lib/python3.10/site-packages/airflow/example_dags/example_sensors.py took 0.102 seconds
[2023-05-07T22:39:11.729+0000] {processor.py:153} INFO - Started process (PID=17231) to work on /usr/local/python/3.10.4/lib/python3.10/site-packages/airflow/example_dags/example_sensors.py
[2023-05-07T22:39:11.729+0000] {processor.py:743} INFO - Processing file /usr/local/python/3.10.4/lib/python3.10/site-packages/airflow/example_dags/example_sensors.py for tasks to queue
[2023-05-07T22:39:11.730+0000] {logging_mixin.py:137} INFO - [2023-05-07T22:39:11.730+0000] {dagbag.py:538} INFO - Filling up the DagBag from /usr/local/python/3.10.4/lib/python3.10/site-packages/airflow/example_dags/example_sensors.py
[2023-05-07T22:39:11.748+0000] {processor.py:753} INFO - DAG(s) dict_keys(['example_sensors']) retrieved from /usr/local/python/3.10.4/lib/python3.10/site-packages/airflow/example_dags/example_sensors.py
[2023-05-07T22:39:11.767+0000] {logging_mixin.py:137} INFO - [2023-05-07T22:39:11.767+0000] {dag.py:2690} INFO - Sync 1 DAGs
[2023-05-07T22:39:11.785+0000] {logging_mixin.py:137} INFO - [2023-05-07T22:39:11.785+0000] {dag.py:3437} INFO - Setting next_dagrun for example_sensors to None, run_after=None
[2023-05-07T22:39:11.827+0000] {processor.py:175} INFO - Processing /usr/local/python/3.10.4/lib/python3.10/site-packages/airflow/example_dags/example_sensors.py took 0.101 seconds
[2023-05-07T22:39:57.211+0000] {processor.py:153} INFO - Started process (PID=17564) to work on /usr/local/python/3.10.4/lib/python3.10/site-packages/airflow/example_dags/example_sensors.py
[2023-05-07T22:39:57.212+0000] {processor.py:743} INFO - Processing file /usr/local/python/3.10.4/lib/python3.10/site-packages/airflow/example_dags/example_sensors.py for tasks to queue
[2023-05-07T22:39:57.212+0000] {logging_mixin.py:137} INFO - [2023-05-07T22:39:57.212+0000] {dagbag.py:538} INFO - Filling up the DagBag from /usr/local/python/3.10.4/lib/python3.10/site-packages/airflow/example_dags/example_sensors.py
[2023-05-07T22:39:57.230+0000] {processor.py:753} INFO - DAG(s) dict_keys(['example_sensors']) retrieved from /usr/local/python/3.10.4/lib/python3.10/site-packages/airflow/example_dags/example_sensors.py
[2023-05-07T22:39:57.248+0000] {logging_mixin.py:137} INFO - [2023-05-07T22:39:57.248+0000] {dag.py:2690} INFO - Sync 1 DAGs
[2023-05-07T22:39:57.265+0000] {logging_mixin.py:137} INFO - [2023-05-07T22:39:57.265+0000] {dag.py:3437} INFO - Setting next_dagrun for example_sensors to None, run_after=None
[2023-05-07T22:39:57.307+0000] {processor.py:175} INFO - Processing /usr/local/python/3.10.4/lib/python3.10/site-packages/airflow/example_dags/example_sensors.py took 0.099 seconds
[2023-05-07T22:40:36.505+0000] {processor.py:153} INFO - Started process (PID=17874) to work on /usr/local/python/3.10.4/lib/python3.10/site-packages/airflow/example_dags/example_sensors.py
[2023-05-07T22:40:36.506+0000] {processor.py:743} INFO - Processing file /usr/local/python/3.10.4/lib/python3.10/site-packages/airflow/example_dags/example_sensors.py for tasks to queue
[2023-05-07T22:40:36.506+0000] {logging_mixin.py:137} INFO - [2023-05-07T22:40:36.506+0000] {dagbag.py:538} INFO - Filling up the DagBag from /usr/local/python/3.10.4/lib/python3.10/site-packages/airflow/example_dags/example_sensors.py
[2023-05-07T22:40:36.524+0000] {processor.py:753} INFO - DAG(s) dict_keys(['example_sensors']) retrieved from /usr/local/python/3.10.4/lib/python3.10/site-packages/airflow/example_dags/example_sensors.py
[2023-05-07T22:40:36.544+0000] {logging_mixin.py:137} INFO - [2023-05-07T22:40:36.544+0000] {dag.py:2690} INFO - Sync 1 DAGs
[2023-05-07T22:40:36.561+0000] {logging_mixin.py:137} INFO - [2023-05-07T22:40:36.561+0000] {dag.py:3437} INFO - Setting next_dagrun for example_sensors to None, run_after=None
[2023-05-07T22:40:36.603+0000] {processor.py:175} INFO - Processing /usr/local/python/3.10.4/lib/python3.10/site-packages/airflow/example_dags/example_sensors.py took 0.101 seconds
[2023-05-07T22:41:16.606+0000] {processor.py:153} INFO - Started process (PID=18153) to work on /usr/local/python/3.10.4/lib/python3.10/site-packages/airflow/example_dags/example_sensors.py
[2023-05-07T22:41:16.607+0000] {processor.py:743} INFO - Processing file /usr/local/python/3.10.4/lib/python3.10/site-packages/airflow/example_dags/example_sensors.py for tasks to queue
[2023-05-07T22:41:16.608+0000] {logging_mixin.py:137} INFO - [2023-05-07T22:41:16.608+0000] {dagbag.py:538} INFO - Filling up the DagBag from /usr/local/python/3.10.4/lib/python3.10/site-packages/airflow/example_dags/example_sensors.py
[2023-05-07T22:41:16.626+0000] {processor.py:753} INFO - DAG(s) dict_keys(['example_sensors']) retrieved from /usr/local/python/3.10.4/lib/python3.10/site-packages/airflow/example_dags/example_sensors.py
[2023-05-07T22:41:16.645+0000] {logging_mixin.py:137} INFO - [2023-05-07T22:41:16.645+0000] {dag.py:2690} INFO - Sync 1 DAGs
[2023-05-07T22:41:16.662+0000] {logging_mixin.py:137} INFO - [2023-05-07T22:41:16.662+0000] {dag.py:3437} INFO - Setting next_dagrun for example_sensors to None, run_after=None
[2023-05-07T22:41:16.702+0000] {processor.py:175} INFO - Processing /usr/local/python/3.10.4/lib/python3.10/site-packages/airflow/example_dags/example_sensors.py took 0.098 seconds
[2023-05-07T22:41:57.633+0000] {processor.py:153} INFO - Started process (PID=18456) to work on /usr/local/python/3.10.4/lib/python3.10/site-packages/airflow/example_dags/example_sensors.py
[2023-05-07T22:41:57.634+0000] {processor.py:743} INFO - Processing file /usr/local/python/3.10.4/lib/python3.10/site-packages/airflow/example_dags/example_sensors.py for tasks to queue
[2023-05-07T22:41:57.634+0000] {logging_mixin.py:137} INFO - [2023-05-07T22:41:57.634+0000] {dagbag.py:538} INFO - Filling up the DagBag from /usr/local/python/3.10.4/lib/python3.10/site-packages/airflow/example_dags/example_sensors.py
[2023-05-07T22:41:57.652+0000] {processor.py:753} INFO - DAG(s) dict_keys(['example_sensors']) retrieved from /usr/local/python/3.10.4/lib/python3.10/site-packages/airflow/example_dags/example_sensors.py
[2023-05-07T22:41:57.671+0000] {logging_mixin.py:137} INFO - [2023-05-07T22:41:57.671+0000] {dag.py:2690} INFO - Sync 1 DAGs
[2023-05-07T22:41:57.687+0000] {logging_mixin.py:137} INFO - [2023-05-07T22:41:57.687+0000] {dag.py:3437} INFO - Setting next_dagrun for example_sensors to None, run_after=None
[2023-05-07T22:41:57.727+0000] {processor.py:175} INFO - Processing /usr/local/python/3.10.4/lib/python3.10/site-packages/airflow/example_dags/example_sensors.py took 0.098 seconds
[2023-05-07T22:42:38.243+0000] {processor.py:153} INFO - Started process (PID=18838) to work on /usr/local/python/3.10.4/lib/python3.10/site-packages/airflow/example_dags/example_sensors.py
[2023-05-07T22:42:38.244+0000] {processor.py:743} INFO - Processing file /usr/local/python/3.10.4/lib/python3.10/site-packages/airflow/example_dags/example_sensors.py for tasks to queue
[2023-05-07T22:42:38.244+0000] {logging_mixin.py:137} INFO - [2023-05-07T22:42:38.244+0000] {dagbag.py:538} INFO - Filling up the DagBag from /usr/local/python/3.10.4/lib/python3.10/site-packages/airflow/example_dags/example_sensors.py
[2023-05-07T22:42:38.262+0000] {processor.py:753} INFO - DAG(s) dict_keys(['example_sensors']) retrieved from /usr/local/python/3.10.4/lib/python3.10/site-packages/airflow/example_dags/example_sensors.py
[2023-05-07T22:42:38.281+0000] {logging_mixin.py:137} INFO - [2023-05-07T22:42:38.281+0000] {dag.py:2690} INFO - Sync 1 DAGs
[2023-05-07T22:42:38.298+0000] {logging_mixin.py:137} INFO - [2023-05-07T22:42:38.298+0000] {dag.py:3437} INFO - Setting next_dagrun for example_sensors to None, run_after=None
[2023-05-07T22:42:38.345+0000] {processor.py:175} INFO - Processing /usr/local/python/3.10.4/lib/python3.10/site-packages/airflow/example_dags/example_sensors.py took 0.105 seconds
[2023-05-07T22:43:23.047+0000] {processor.py:153} INFO - Started process (PID=19260) to work on /usr/local/python/3.10.4/lib/python3.10/site-packages/airflow/example_dags/example_sensors.py
[2023-05-07T22:43:23.048+0000] {processor.py:743} INFO - Processing file /usr/local/python/3.10.4/lib/python3.10/site-packages/airflow/example_dags/example_sensors.py for tasks to queue
[2023-05-07T22:43:23.048+0000] {logging_mixin.py:137} INFO - [2023-05-07T22:43:23.048+0000] {dagbag.py:538} INFO - Filling up the DagBag from /usr/local/python/3.10.4/lib/python3.10/site-packages/airflow/example_dags/example_sensors.py
[2023-05-07T22:43:23.066+0000] {processor.py:753} INFO - DAG(s) dict_keys(['example_sensors']) retrieved from /usr/local/python/3.10.4/lib/python3.10/site-packages/airflow/example_dags/example_sensors.py
[2023-05-07T22:43:23.091+0000] {logging_mixin.py:137} INFO - [2023-05-07T22:43:23.091+0000] {dag.py:2690} INFO - Sync 1 DAGs
[2023-05-07T22:43:23.108+0000] {logging_mixin.py:137} INFO - [2023-05-07T22:43:23.108+0000] {dag.py:3437} INFO - Setting next_dagrun for example_sensors to None, run_after=None
[2023-05-07T22:43:23.148+0000] {processor.py:175} INFO - Processing /usr/local/python/3.10.4/lib/python3.10/site-packages/airflow/example_dags/example_sensors.py took 0.105 seconds
[2023-05-07T22:44:04.258+0000] {processor.py:153} INFO - Started process (PID=19736) to work on /usr/local/python/3.10.4/lib/python3.10/site-packages/airflow/example_dags/example_sensors.py
[2023-05-07T22:44:04.259+0000] {processor.py:743} INFO - Processing file /usr/local/python/3.10.4/lib/python3.10/site-packages/airflow/example_dags/example_sensors.py for tasks to queue
[2023-05-07T22:44:04.260+0000] {logging_mixin.py:137} INFO - [2023-05-07T22:44:04.259+0000] {dagbag.py:538} INFO - Filling up the DagBag from /usr/local/python/3.10.4/lib/python3.10/site-packages/airflow/example_dags/example_sensors.py
[2023-05-07T22:44:04.277+0000] {processor.py:753} INFO - DAG(s) dict_keys(['example_sensors']) retrieved from /usr/local/python/3.10.4/lib/python3.10/site-packages/airflow/example_dags/example_sensors.py
[2023-05-07T22:44:04.296+0000] {logging_mixin.py:137} INFO - [2023-05-07T22:44:04.296+0000] {dag.py:2690} INFO - Sync 1 DAGs
[2023-05-07T22:44:04.313+0000] {logging_mixin.py:137} INFO - [2023-05-07T22:44:04.313+0000] {dag.py:3437} INFO - Setting next_dagrun for example_sensors to None, run_after=None
[2023-05-07T22:44:04.357+0000] {processor.py:175} INFO - Processing /usr/local/python/3.10.4/lib/python3.10/site-packages/airflow/example_dags/example_sensors.py took 0.102 seconds
[2023-05-07T22:44:47.793+0000] {processor.py:153} INFO - Started process (PID=20172) to work on /usr/local/python/3.10.4/lib/python3.10/site-packages/airflow/example_dags/example_sensors.py
[2023-05-07T22:44:47.794+0000] {processor.py:743} INFO - Processing file /usr/local/python/3.10.4/lib/python3.10/site-packages/airflow/example_dags/example_sensors.py for tasks to queue
[2023-05-07T22:44:47.794+0000] {logging_mixin.py:137} INFO - [2023-05-07T22:44:47.794+0000] {dagbag.py:538} INFO - Filling up the DagBag from /usr/local/python/3.10.4/lib/python3.10/site-packages/airflow/example_dags/example_sensors.py
[2023-05-07T22:44:47.812+0000] {processor.py:753} INFO - DAG(s) dict_keys(['example_sensors']) retrieved from /usr/local/python/3.10.4/lib/python3.10/site-packages/airflow/example_dags/example_sensors.py
[2023-05-07T22:44:47.831+0000] {logging_mixin.py:137} INFO - [2023-05-07T22:44:47.831+0000] {dag.py:2690} INFO - Sync 1 DAGs
[2023-05-07T22:44:47.847+0000] {logging_mixin.py:137} INFO - [2023-05-07T22:44:47.847+0000] {dag.py:3437} INFO - Setting next_dagrun for example_sensors to None, run_after=None
[2023-05-07T22:44:47.889+0000] {processor.py:175} INFO - Processing /usr/local/python/3.10.4/lib/python3.10/site-packages/airflow/example_dags/example_sensors.py took 0.099 seconds
[2023-05-07T22:45:26.958+0000] {processor.py:153} INFO - Started process (PID=20516) to work on /usr/local/python/3.10.4/lib/python3.10/site-packages/airflow/example_dags/example_sensors.py
[2023-05-07T22:45:26.958+0000] {processor.py:743} INFO - Processing file /usr/local/python/3.10.4/lib/python3.10/site-packages/airflow/example_dags/example_sensors.py for tasks to queue
[2023-05-07T22:45:26.959+0000] {logging_mixin.py:137} INFO - [2023-05-07T22:45:26.959+0000] {dagbag.py:538} INFO - Filling up the DagBag from /usr/local/python/3.10.4/lib/python3.10/site-packages/airflow/example_dags/example_sensors.py
[2023-05-07T22:45:26.977+0000] {processor.py:753} INFO - DAG(s) dict_keys(['example_sensors']) retrieved from /usr/local/python/3.10.4/lib/python3.10/site-packages/airflow/example_dags/example_sensors.py
[2023-05-07T22:45:26.997+0000] {logging_mixin.py:137} INFO - [2023-05-07T22:45:26.996+0000] {dag.py:2690} INFO - Sync 1 DAGs
[2023-05-07T22:45:27.013+0000] {logging_mixin.py:137} INFO - [2023-05-07T22:45:27.013+0000] {dag.py:3437} INFO - Setting next_dagrun for example_sensors to None, run_after=None
[2023-05-07T22:45:27.064+0000] {processor.py:175} INFO - Processing /usr/local/python/3.10.4/lib/python3.10/site-packages/airflow/example_dags/example_sensors.py took 0.110 seconds
[2023-05-07T22:46:06.377+0000] {processor.py:153} INFO - Started process (PID=20908) to work on /usr/local/python/3.10.4/lib/python3.10/site-packages/airflow/example_dags/example_sensors.py
[2023-05-07T22:46:06.379+0000] {processor.py:743} INFO - Processing file /usr/local/python/3.10.4/lib/python3.10/site-packages/airflow/example_dags/example_sensors.py for tasks to queue
[2023-05-07T22:46:06.381+0000] {logging_mixin.py:137} INFO - [2023-05-07T22:46:06.381+0000] {dagbag.py:538} INFO - Filling up the DagBag from /usr/local/python/3.10.4/lib/python3.10/site-packages/airflow/example_dags/example_sensors.py
[2023-05-07T22:46:06.400+0000] {processor.py:753} INFO - DAG(s) dict_keys(['example_sensors']) retrieved from /usr/local/python/3.10.4/lib/python3.10/site-packages/airflow/example_dags/example_sensors.py
[2023-05-07T22:46:06.419+0000] {logging_mixin.py:137} INFO - [2023-05-07T22:46:06.418+0000] {dag.py:2690} INFO - Sync 1 DAGs
[2023-05-07T22:46:06.435+0000] {logging_mixin.py:137} INFO - [2023-05-07T22:46:06.435+0000] {dag.py:3437} INFO - Setting next_dagrun for example_sensors to None, run_after=None
[2023-05-07T22:46:06.477+0000] {processor.py:175} INFO - Processing /usr/local/python/3.10.4/lib/python3.10/site-packages/airflow/example_dags/example_sensors.py took 0.105 seconds
[2023-05-07T22:46:50.360+0000] {processor.py:153} INFO - Started process (PID=21368) to work on /usr/local/python/3.10.4/lib/python3.10/site-packages/airflow/example_dags/example_sensors.py
[2023-05-07T22:46:50.361+0000] {processor.py:743} INFO - Processing file /usr/local/python/3.10.4/lib/python3.10/site-packages/airflow/example_dags/example_sensors.py for tasks to queue
[2023-05-07T22:46:50.362+0000] {logging_mixin.py:137} INFO - [2023-05-07T22:46:50.362+0000] {dagbag.py:538} INFO - Filling up the DagBag from /usr/local/python/3.10.4/lib/python3.10/site-packages/airflow/example_dags/example_sensors.py
[2023-05-07T22:46:50.400+0000] {processor.py:753} INFO - DAG(s) dict_keys(['example_sensors']) retrieved from /usr/local/python/3.10.4/lib/python3.10/site-packages/airflow/example_dags/example_sensors.py
[2023-05-07T22:46:50.437+0000] {logging_mixin.py:137} INFO - [2023-05-07T22:46:50.437+0000] {dag.py:2690} INFO - Sync 1 DAGs
[2023-05-07T22:46:50.470+0000] {logging_mixin.py:137} INFO - [2023-05-07T22:46:50.469+0000] {dag.py:3437} INFO - Setting next_dagrun for example_sensors to None, run_after=None
[2023-05-07T22:46:50.524+0000] {processor.py:175} INFO - Processing /usr/local/python/3.10.4/lib/python3.10/site-packages/airflow/example_dags/example_sensors.py took 0.170 seconds
[2023-05-07T22:47:34.818+0000] {processor.py:153} INFO - Started process (PID=21686) to work on /usr/local/python/3.10.4/lib/python3.10/site-packages/airflow/example_dags/example_sensors.py
[2023-05-07T22:47:34.819+0000] {processor.py:743} INFO - Processing file /usr/local/python/3.10.4/lib/python3.10/site-packages/airflow/example_dags/example_sensors.py for tasks to queue
[2023-05-07T22:47:34.819+0000] {logging_mixin.py:137} INFO - [2023-05-07T22:47:34.819+0000] {dagbag.py:538} INFO - Filling up the DagBag from /usr/local/python/3.10.4/lib/python3.10/site-packages/airflow/example_dags/example_sensors.py
[2023-05-07T22:47:34.837+0000] {processor.py:753} INFO - DAG(s) dict_keys(['example_sensors']) retrieved from /usr/local/python/3.10.4/lib/python3.10/site-packages/airflow/example_dags/example_sensors.py
[2023-05-07T22:47:34.856+0000] {logging_mixin.py:137} INFO - [2023-05-07T22:47:34.856+0000] {dag.py:2690} INFO - Sync 1 DAGs
[2023-05-07T22:47:34.873+0000] {logging_mixin.py:137} INFO - [2023-05-07T22:47:34.873+0000] {dag.py:3437} INFO - Setting next_dagrun for example_sensors to None, run_after=None
[2023-05-07T22:47:34.912+0000] {processor.py:175} INFO - Processing /usr/local/python/3.10.4/lib/python3.10/site-packages/airflow/example_dags/example_sensors.py took 0.097 seconds
[2023-05-07T22:48:16.276+0000] {processor.py:153} INFO - Started process (PID=22061) to work on /usr/local/python/3.10.4/lib/python3.10/site-packages/airflow/example_dags/example_sensors.py
[2023-05-07T22:48:16.277+0000] {processor.py:743} INFO - Processing file /usr/local/python/3.10.4/lib/python3.10/site-packages/airflow/example_dags/example_sensors.py for tasks to queue
[2023-05-07T22:48:16.277+0000] {logging_mixin.py:137} INFO - [2023-05-07T22:48:16.277+0000] {dagbag.py:538} INFO - Filling up the DagBag from /usr/local/python/3.10.4/lib/python3.10/site-packages/airflow/example_dags/example_sensors.py
[2023-05-07T22:48:16.296+0000] {processor.py:753} INFO - DAG(s) dict_keys(['example_sensors']) retrieved from /usr/local/python/3.10.4/lib/python3.10/site-packages/airflow/example_dags/example_sensors.py
[2023-05-07T22:48:16.316+0000] {logging_mixin.py:137} INFO - [2023-05-07T22:48:16.316+0000] {dag.py:2690} INFO - Sync 1 DAGs
[2023-05-07T22:48:16.333+0000] {logging_mixin.py:137} INFO - [2023-05-07T22:48:16.333+0000] {dag.py:3437} INFO - Setting next_dagrun for example_sensors to None, run_after=None
[2023-05-07T22:48:16.373+0000] {processor.py:175} INFO - Processing /usr/local/python/3.10.4/lib/python3.10/site-packages/airflow/example_dags/example_sensors.py took 0.100 seconds
[2023-05-07T22:48:59.332+0000] {processor.py:153} INFO - Started process (PID=22490) to work on /usr/local/python/3.10.4/lib/python3.10/site-packages/airflow/example_dags/example_sensors.py
[2023-05-07T22:48:59.333+0000] {processor.py:743} INFO - Processing file /usr/local/python/3.10.4/lib/python3.10/site-packages/airflow/example_dags/example_sensors.py for tasks to queue
[2023-05-07T22:48:59.333+0000] {logging_mixin.py:137} INFO - [2023-05-07T22:48:59.333+0000] {dagbag.py:538} INFO - Filling up the DagBag from /usr/local/python/3.10.4/lib/python3.10/site-packages/airflow/example_dags/example_sensors.py
[2023-05-07T22:48:59.351+0000] {processor.py:753} INFO - DAG(s) dict_keys(['example_sensors']) retrieved from /usr/local/python/3.10.4/lib/python3.10/site-packages/airflow/example_dags/example_sensors.py
[2023-05-07T22:48:59.370+0000] {logging_mixin.py:137} INFO - [2023-05-07T22:48:59.370+0000] {dag.py:2690} INFO - Sync 1 DAGs
[2023-05-07T22:48:59.386+0000] {logging_mixin.py:137} INFO - [2023-05-07T22:48:59.386+0000] {dag.py:3437} INFO - Setting next_dagrun for example_sensors to None, run_after=None
[2023-05-07T22:48:59.428+0000] {processor.py:175} INFO - Processing /usr/local/python/3.10.4/lib/python3.10/site-packages/airflow/example_dags/example_sensors.py took 0.099 seconds
[2023-05-07T22:49:44.768+0000] {processor.py:153} INFO - Started process (PID=22941) to work on /usr/local/python/3.10.4/lib/python3.10/site-packages/airflow/example_dags/example_sensors.py
[2023-05-07T22:49:44.769+0000] {processor.py:743} INFO - Processing file /usr/local/python/3.10.4/lib/python3.10/site-packages/airflow/example_dags/example_sensors.py for tasks to queue
[2023-05-07T22:49:44.770+0000] {logging_mixin.py:137} INFO - [2023-05-07T22:49:44.769+0000] {dagbag.py:538} INFO - Filling up the DagBag from /usr/local/python/3.10.4/lib/python3.10/site-packages/airflow/example_dags/example_sensors.py
[2023-05-07T22:49:44.787+0000] {processor.py:753} INFO - DAG(s) dict_keys(['example_sensors']) retrieved from /usr/local/python/3.10.4/lib/python3.10/site-packages/airflow/example_dags/example_sensors.py
[2023-05-07T22:49:44.806+0000] {logging_mixin.py:137} INFO - [2023-05-07T22:49:44.806+0000] {dag.py:2690} INFO - Sync 1 DAGs
[2023-05-07T22:49:44.822+0000] {logging_mixin.py:137} INFO - [2023-05-07T22:49:44.822+0000] {dag.py:3437} INFO - Setting next_dagrun for example_sensors to None, run_after=None
[2023-05-07T22:49:44.864+0000] {processor.py:175} INFO - Processing /usr/local/python/3.10.4/lib/python3.10/site-packages/airflow/example_dags/example_sensors.py took 0.098 seconds
[2023-05-07T22:50:26.810+0000] {processor.py:153} INFO - Started process (PID=23250) to work on /usr/local/python/3.10.4/lib/python3.10/site-packages/airflow/example_dags/example_sensors.py
[2023-05-07T22:50:26.811+0000] {processor.py:743} INFO - Processing file /usr/local/python/3.10.4/lib/python3.10/site-packages/airflow/example_dags/example_sensors.py for tasks to queue
[2023-05-07T22:50:26.812+0000] {logging_mixin.py:137} INFO - [2023-05-07T22:50:26.812+0000] {dagbag.py:538} INFO - Filling up the DagBag from /usr/local/python/3.10.4/lib/python3.10/site-packages/airflow/example_dags/example_sensors.py
[2023-05-07T22:50:26.829+0000] {processor.py:753} INFO - DAG(s) dict_keys(['example_sensors']) retrieved from /usr/local/python/3.10.4/lib/python3.10/site-packages/airflow/example_dags/example_sensors.py
[2023-05-07T22:50:26.848+0000] {logging_mixin.py:137} INFO - [2023-05-07T22:50:26.848+0000] {dag.py:2690} INFO - Sync 1 DAGs
[2023-05-07T22:50:26.866+0000] {logging_mixin.py:137} INFO - [2023-05-07T22:50:26.866+0000] {dag.py:3437} INFO - Setting next_dagrun for example_sensors to None, run_after=None
[2023-05-07T22:50:26.906+0000] {processor.py:175} INFO - Processing /usr/local/python/3.10.4/lib/python3.10/site-packages/airflow/example_dags/example_sensors.py took 0.099 seconds
[2023-05-07T22:51:11.801+0000] {processor.py:153} INFO - Started process (PID=23650) to work on /usr/local/python/3.10.4/lib/python3.10/site-packages/airflow/example_dags/example_sensors.py
[2023-05-07T22:51:11.802+0000] {processor.py:743} INFO - Processing file /usr/local/python/3.10.4/lib/python3.10/site-packages/airflow/example_dags/example_sensors.py for tasks to queue
[2023-05-07T22:51:11.802+0000] {logging_mixin.py:137} INFO - [2023-05-07T22:51:11.802+0000] {dagbag.py:538} INFO - Filling up the DagBag from /usr/local/python/3.10.4/lib/python3.10/site-packages/airflow/example_dags/example_sensors.py
[2023-05-07T22:51:11.820+0000] {processor.py:753} INFO - DAG(s) dict_keys(['example_sensors']) retrieved from /usr/local/python/3.10.4/lib/python3.10/site-packages/airflow/example_dags/example_sensors.py
[2023-05-07T22:51:11.839+0000] {logging_mixin.py:137} INFO - [2023-05-07T22:51:11.839+0000] {dag.py:2690} INFO - Sync 1 DAGs
[2023-05-07T22:51:11.856+0000] {logging_mixin.py:137} INFO - [2023-05-07T22:51:11.856+0000] {dag.py:3437} INFO - Setting next_dagrun for example_sensors to None, run_after=None
[2023-05-07T22:51:11.897+0000] {processor.py:175} INFO - Processing /usr/local/python/3.10.4/lib/python3.10/site-packages/airflow/example_dags/example_sensors.py took 0.099 seconds
[2023-05-07T22:51:52.647+0000] {processor.py:153} INFO - Started process (PID=23921) to work on /usr/local/python/3.10.4/lib/python3.10/site-packages/airflow/example_dags/example_sensors.py
[2023-05-07T22:51:52.648+0000] {processor.py:743} INFO - Processing file /usr/local/python/3.10.4/lib/python3.10/site-packages/airflow/example_dags/example_sensors.py for tasks to queue
[2023-05-07T22:51:52.648+0000] {logging_mixin.py:137} INFO - [2023-05-07T22:51:52.648+0000] {dagbag.py:538} INFO - Filling up the DagBag from /usr/local/python/3.10.4/lib/python3.10/site-packages/airflow/example_dags/example_sensors.py
[2023-05-07T22:51:52.667+0000] {processor.py:753} INFO - DAG(s) dict_keys(['example_sensors']) retrieved from /usr/local/python/3.10.4/lib/python3.10/site-packages/airflow/example_dags/example_sensors.py
[2023-05-07T22:51:52.685+0000] {logging_mixin.py:137} INFO - [2023-05-07T22:51:52.685+0000] {dag.py:2690} INFO - Sync 1 DAGs
[2023-05-07T22:51:52.703+0000] {logging_mixin.py:137} INFO - [2023-05-07T22:51:52.702+0000] {dag.py:3437} INFO - Setting next_dagrun for example_sensors to None, run_after=None
[2023-05-07T22:51:52.743+0000] {processor.py:175} INFO - Processing /usr/local/python/3.10.4/lib/python3.10/site-packages/airflow/example_dags/example_sensors.py took 0.099 seconds
[2023-05-07T22:52:36.909+0000] {processor.py:153} INFO - Started process (PID=24069) to work on /usr/local/python/3.10.4/lib/python3.10/site-packages/airflow/example_dags/example_sensors.py
[2023-05-07T22:52:36.910+0000] {processor.py:743} INFO - Processing file /usr/local/python/3.10.4/lib/python3.10/site-packages/airflow/example_dags/example_sensors.py for tasks to queue
[2023-05-07T22:52:36.910+0000] {logging_mixin.py:137} INFO - [2023-05-07T22:52:36.910+0000] {dagbag.py:538} INFO - Filling up the DagBag from /usr/local/python/3.10.4/lib/python3.10/site-packages/airflow/example_dags/example_sensors.py
[2023-05-07T22:52:36.928+0000] {processor.py:753} INFO - DAG(s) dict_keys(['example_sensors']) retrieved from /usr/local/python/3.10.4/lib/python3.10/site-packages/airflow/example_dags/example_sensors.py
[2023-05-07T22:52:36.953+0000] {logging_mixin.py:137} INFO - [2023-05-07T22:52:36.953+0000] {dag.py:2690} INFO - Sync 1 DAGs
[2023-05-07T22:52:36.980+0000] {logging_mixin.py:137} INFO - [2023-05-07T22:52:36.980+0000] {dag.py:3437} INFO - Setting next_dagrun for example_sensors to None, run_after=None
[2023-05-07T22:52:37.034+0000] {processor.py:175} INFO - Processing /usr/local/python/3.10.4/lib/python3.10/site-packages/airflow/example_dags/example_sensors.py took 0.128 seconds
[2023-05-07T22:53:18.789+0000] {processor.py:153} INFO - Started process (PID=25126) to work on /usr/local/python/3.10.4/lib/python3.10/site-packages/airflow/example_dags/example_sensors.py
[2023-05-07T22:53:18.790+0000] {processor.py:743} INFO - Processing file /usr/local/python/3.10.4/lib/python3.10/site-packages/airflow/example_dags/example_sensors.py for tasks to queue
[2023-05-07T22:53:18.790+0000] {logging_mixin.py:137} INFO - [2023-05-07T22:53:18.790+0000] {dagbag.py:538} INFO - Filling up the DagBag from /usr/local/python/3.10.4/lib/python3.10/site-packages/airflow/example_dags/example_sensors.py
[2023-05-07T22:53:18.808+0000] {processor.py:753} INFO - DAG(s) dict_keys(['example_sensors']) retrieved from /usr/local/python/3.10.4/lib/python3.10/site-packages/airflow/example_dags/example_sensors.py
[2023-05-07T22:53:18.827+0000] {logging_mixin.py:137} INFO - [2023-05-07T22:53:18.827+0000] {dag.py:2690} INFO - Sync 1 DAGs
[2023-05-07T22:53:18.843+0000] {logging_mixin.py:137} INFO - [2023-05-07T22:53:18.843+0000] {dag.py:3437} INFO - Setting next_dagrun for example_sensors to None, run_after=None
[2023-05-07T22:53:18.883+0000] {processor.py:175} INFO - Processing /usr/local/python/3.10.4/lib/python3.10/site-packages/airflow/example_dags/example_sensors.py took 0.098 seconds
