[2023-05-07T22:22:24.683+0000] {processor.py:153} INFO - Started process (PID=9924) to work on /usr/local/python/3.10.4/lib/python3.10/site-packages/airflow/example_dags/example_dag_decorator.py
[2023-05-07T22:22:24.683+0000] {processor.py:743} INFO - Processing file /usr/local/python/3.10.4/lib/python3.10/site-packages/airflow/example_dags/example_dag_decorator.py for tasks to queue
[2023-05-07T22:22:24.684+0000] {logging_mixin.py:137} INFO - [2023-05-07T22:22:24.684+0000] {dagbag.py:538} INFO - Filling up the DagBag from /usr/local/python/3.10.4/lib/python3.10/site-packages/airflow/example_dags/example_dag_decorator.py
[2023-05-07T22:22:24.701+0000] {logging_mixin.py:137} INFO - [2023-05-07T22:22:24.701+0000] {taskmixin.py:205} WARNING - Dependency <Task(_PythonDecoratedOperator): prepare_email>, send_email already registered for DAG: example_dag_decorator
[2023-05-07T22:22:24.701+0000] {logging_mixin.py:137} INFO - [2023-05-07T22:22:24.701+0000] {taskmixin.py:205} WARNING - Dependency <Task(EmailOperator): send_email>, prepare_email already registered for DAG: example_dag_decorator
[2023-05-07T22:22:24.712+0000] {processor.py:753} INFO - DAG(s) dict_keys(['example_dag_decorator']) retrieved from /usr/local/python/3.10.4/lib/python3.10/site-packages/airflow/example_dags/example_dag_decorator.py
[2023-05-07T22:22:24.859+0000] {logging_mixin.py:137} INFO - [2023-05-07T22:22:24.859+0000] {manager.py:504} INFO - Created Permission View: can edit on DAG:example_dag_decorator
[2023-05-07T22:22:24.891+0000] {logging_mixin.py:137} INFO - [2023-05-07T22:22:24.891+0000] {manager.py:504} INFO - Created Permission View: can delete on DAG:example_dag_decorator
[2023-05-07T22:22:24.924+0000] {logging_mixin.py:137} INFO - [2023-05-07T22:22:24.923+0000] {manager.py:504} INFO - Created Permission View: can read on DAG:example_dag_decorator
[2023-05-07T22:22:24.924+0000] {logging_mixin.py:137} INFO - [2023-05-07T22:22:24.924+0000] {dag.py:2690} INFO - Sync 1 DAGs
[2023-05-07T22:22:24.933+0000] {logging_mixin.py:137} INFO - [2023-05-07T22:22:24.932+0000] {dag.py:2711} INFO - Creating ORM DAG for example_dag_decorator
[2023-05-07T22:22:24.940+0000] {logging_mixin.py:137} INFO - [2023-05-07T22:22:24.940+0000] {dag.py:3437} INFO - Setting next_dagrun for example_dag_decorator to None, run_after=None
[2023-05-07T22:22:24.987+0000] {processor.py:175} INFO - Processing /usr/local/python/3.10.4/lib/python3.10/site-packages/airflow/example_dags/example_dag_decorator.py took 0.308 seconds
[2023-05-07T22:23:08.151+0000] {processor.py:153} INFO - Started process (PID=10241) to work on /usr/local/python/3.10.4/lib/python3.10/site-packages/airflow/example_dags/example_dag_decorator.py
[2023-05-07T22:23:08.152+0000] {processor.py:743} INFO - Processing file /usr/local/python/3.10.4/lib/python3.10/site-packages/airflow/example_dags/example_dag_decorator.py for tasks to queue
[2023-05-07T22:23:08.152+0000] {logging_mixin.py:137} INFO - [2023-05-07T22:23:08.152+0000] {dagbag.py:538} INFO - Filling up the DagBag from /usr/local/python/3.10.4/lib/python3.10/site-packages/airflow/example_dags/example_dag_decorator.py
[2023-05-07T22:23:08.169+0000] {logging_mixin.py:137} INFO - [2023-05-07T22:23:08.169+0000] {taskmixin.py:205} WARNING - Dependency <Task(_PythonDecoratedOperator): prepare_email>, send_email already registered for DAG: example_dag_decorator
[2023-05-07T22:23:08.170+0000] {logging_mixin.py:137} INFO - [2023-05-07T22:23:08.170+0000] {taskmixin.py:205} WARNING - Dependency <Task(EmailOperator): send_email>, prepare_email already registered for DAG: example_dag_decorator
[2023-05-07T22:23:08.181+0000] {processor.py:753} INFO - DAG(s) dict_keys(['example_dag_decorator']) retrieved from /usr/local/python/3.10.4/lib/python3.10/site-packages/airflow/example_dags/example_dag_decorator.py
[2023-05-07T22:23:08.223+0000] {logging_mixin.py:137} INFO - [2023-05-07T22:23:08.223+0000] {dag.py:2690} INFO - Sync 1 DAGs
[2023-05-07T22:23:08.239+0000] {logging_mixin.py:137} INFO - [2023-05-07T22:23:08.239+0000] {dag.py:3437} INFO - Setting next_dagrun for example_dag_decorator to None, run_after=None
[2023-05-07T22:23:08.280+0000] {processor.py:175} INFO - Processing /usr/local/python/3.10.4/lib/python3.10/site-packages/airflow/example_dags/example_dag_decorator.py took 0.132 seconds
[2023-05-07T22:23:49.815+0000] {processor.py:153} INFO - Started process (PID=10641) to work on /usr/local/python/3.10.4/lib/python3.10/site-packages/airflow/example_dags/example_dag_decorator.py
[2023-05-07T22:23:49.816+0000] {processor.py:743} INFO - Processing file /usr/local/python/3.10.4/lib/python3.10/site-packages/airflow/example_dags/example_dag_decorator.py for tasks to queue
[2023-05-07T22:23:49.816+0000] {logging_mixin.py:137} INFO - [2023-05-07T22:23:49.816+0000] {dagbag.py:538} INFO - Filling up the DagBag from /usr/local/python/3.10.4/lib/python3.10/site-packages/airflow/example_dags/example_dag_decorator.py
[2023-05-07T22:23:49.834+0000] {logging_mixin.py:137} INFO - [2023-05-07T22:23:49.834+0000] {taskmixin.py:205} WARNING - Dependency <Task(_PythonDecoratedOperator): prepare_email>, send_email already registered for DAG: example_dag_decorator
[2023-05-07T22:23:49.835+0000] {logging_mixin.py:137} INFO - [2023-05-07T22:23:49.835+0000] {taskmixin.py:205} WARNING - Dependency <Task(EmailOperator): send_email>, prepare_email already registered for DAG: example_dag_decorator
[2023-05-07T22:23:49.845+0000] {processor.py:753} INFO - DAG(s) dict_keys(['example_dag_decorator']) retrieved from /usr/local/python/3.10.4/lib/python3.10/site-packages/airflow/example_dags/example_dag_decorator.py
[2023-05-07T22:23:49.886+0000] {logging_mixin.py:137} INFO - [2023-05-07T22:23:49.886+0000] {dag.py:2690} INFO - Sync 1 DAGs
[2023-05-07T22:23:49.902+0000] {logging_mixin.py:137} INFO - [2023-05-07T22:23:49.902+0000] {dag.py:3437} INFO - Setting next_dagrun for example_dag_decorator to None, run_after=None
[2023-05-07T22:23:49.945+0000] {processor.py:175} INFO - Processing /usr/local/python/3.10.4/lib/python3.10/site-packages/airflow/example_dags/example_dag_decorator.py took 0.133 seconds
[2023-05-07T22:24:31.959+0000] {processor.py:153} INFO - Started process (PID=10993) to work on /usr/local/python/3.10.4/lib/python3.10/site-packages/airflow/example_dags/example_dag_decorator.py
[2023-05-07T22:24:31.961+0000] {processor.py:743} INFO - Processing file /usr/local/python/3.10.4/lib/python3.10/site-packages/airflow/example_dags/example_dag_decorator.py for tasks to queue
[2023-05-07T22:24:31.964+0000] {logging_mixin.py:137} INFO - [2023-05-07T22:24:31.963+0000] {dagbag.py:538} INFO - Filling up the DagBag from /usr/local/python/3.10.4/lib/python3.10/site-packages/airflow/example_dags/example_dag_decorator.py
[2023-05-07T22:24:32.059+0000] {logging_mixin.py:137} INFO - [2023-05-07T22:24:32.059+0000] {taskmixin.py:205} WARNING - Dependency <Task(_PythonDecoratedOperator): prepare_email>, send_email already registered for DAG: example_dag_decorator
[2023-05-07T22:24:32.061+0000] {logging_mixin.py:137} INFO - [2023-05-07T22:24:32.061+0000] {taskmixin.py:205} WARNING - Dependency <Task(EmailOperator): send_email>, prepare_email already registered for DAG: example_dag_decorator
[2023-05-07T22:24:32.093+0000] {processor.py:753} INFO - DAG(s) dict_keys(['example_dag_decorator']) retrieved from /usr/local/python/3.10.4/lib/python3.10/site-packages/airflow/example_dags/example_dag_decorator.py
[2023-05-07T22:24:32.232+0000] {logging_mixin.py:137} INFO - [2023-05-07T22:24:32.232+0000] {dag.py:2690} INFO - Sync 1 DAGs
[2023-05-07T22:24:32.254+0000] {logging_mixin.py:137} INFO - [2023-05-07T22:24:32.254+0000] {dag.py:3437} INFO - Setting next_dagrun for example_dag_decorator to None, run_after=None
[2023-05-07T22:24:32.321+0000] {processor.py:175} INFO - Processing /usr/local/python/3.10.4/lib/python3.10/site-packages/airflow/example_dags/example_dag_decorator.py took 0.371 seconds
[2023-05-07T22:25:18.999+0000] {processor.py:153} INFO - Started process (PID=11324) to work on /usr/local/python/3.10.4/lib/python3.10/site-packages/airflow/example_dags/example_dag_decorator.py
[2023-05-07T22:25:19.000+0000] {processor.py:743} INFO - Processing file /usr/local/python/3.10.4/lib/python3.10/site-packages/airflow/example_dags/example_dag_decorator.py for tasks to queue
[2023-05-07T22:25:19.000+0000] {logging_mixin.py:137} INFO - [2023-05-07T22:25:19.000+0000] {dagbag.py:538} INFO - Filling up the DagBag from /usr/local/python/3.10.4/lib/python3.10/site-packages/airflow/example_dags/example_dag_decorator.py
[2023-05-07T22:25:19.017+0000] {logging_mixin.py:137} INFO - [2023-05-07T22:25:19.017+0000] {taskmixin.py:205} WARNING - Dependency <Task(_PythonDecoratedOperator): prepare_email>, send_email already registered for DAG: example_dag_decorator
[2023-05-07T22:25:19.018+0000] {logging_mixin.py:137} INFO - [2023-05-07T22:25:19.018+0000] {taskmixin.py:205} WARNING - Dependency <Task(EmailOperator): send_email>, prepare_email already registered for DAG: example_dag_decorator
[2023-05-07T22:25:19.028+0000] {processor.py:753} INFO - DAG(s) dict_keys(['example_dag_decorator']) retrieved from /usr/local/python/3.10.4/lib/python3.10/site-packages/airflow/example_dags/example_dag_decorator.py
[2023-05-07T22:25:19.071+0000] {logging_mixin.py:137} INFO - [2023-05-07T22:25:19.071+0000] {dag.py:2690} INFO - Sync 1 DAGs
[2023-05-07T22:25:19.086+0000] {logging_mixin.py:137} INFO - [2023-05-07T22:25:19.086+0000] {dag.py:3437} INFO - Setting next_dagrun for example_dag_decorator to None, run_after=None
[2023-05-07T22:25:19.128+0000] {processor.py:175} INFO - Processing /usr/local/python/3.10.4/lib/python3.10/site-packages/airflow/example_dags/example_dag_decorator.py took 0.132 seconds
[2023-05-07T22:25:58.791+0000] {processor.py:153} INFO - Started process (PID=11621) to work on /usr/local/python/3.10.4/lib/python3.10/site-packages/airflow/example_dags/example_dag_decorator.py
[2023-05-07T22:25:58.792+0000] {processor.py:743} INFO - Processing file /usr/local/python/3.10.4/lib/python3.10/site-packages/airflow/example_dags/example_dag_decorator.py for tasks to queue
[2023-05-07T22:25:58.792+0000] {logging_mixin.py:137} INFO - [2023-05-07T22:25:58.792+0000] {dagbag.py:538} INFO - Filling up the DagBag from /usr/local/python/3.10.4/lib/python3.10/site-packages/airflow/example_dags/example_dag_decorator.py
[2023-05-07T22:25:58.809+0000] {logging_mixin.py:137} INFO - [2023-05-07T22:25:58.809+0000] {taskmixin.py:205} WARNING - Dependency <Task(_PythonDecoratedOperator): prepare_email>, send_email already registered for DAG: example_dag_decorator
[2023-05-07T22:25:58.810+0000] {logging_mixin.py:137} INFO - [2023-05-07T22:25:58.810+0000] {taskmixin.py:205} WARNING - Dependency <Task(EmailOperator): send_email>, prepare_email already registered for DAG: example_dag_decorator
[2023-05-07T22:25:58.821+0000] {processor.py:753} INFO - DAG(s) dict_keys(['example_dag_decorator']) retrieved from /usr/local/python/3.10.4/lib/python3.10/site-packages/airflow/example_dags/example_dag_decorator.py
[2023-05-07T22:25:58.865+0000] {logging_mixin.py:137} INFO - [2023-05-07T22:25:58.865+0000] {dag.py:2690} INFO - Sync 1 DAGs
[2023-05-07T22:25:58.880+0000] {logging_mixin.py:137} INFO - [2023-05-07T22:25:58.880+0000] {dag.py:3437} INFO - Setting next_dagrun for example_dag_decorator to None, run_after=None
[2023-05-07T22:25:58.920+0000] {processor.py:175} INFO - Processing /usr/local/python/3.10.4/lib/python3.10/site-packages/airflow/example_dags/example_dag_decorator.py took 0.132 seconds
[2023-05-07T22:26:42.379+0000] {processor.py:153} INFO - Started process (PID=11927) to work on /usr/local/python/3.10.4/lib/python3.10/site-packages/airflow/example_dags/example_dag_decorator.py
[2023-05-07T22:26:42.381+0000] {processor.py:743} INFO - Processing file /usr/local/python/3.10.4/lib/python3.10/site-packages/airflow/example_dags/example_dag_decorator.py for tasks to queue
[2023-05-07T22:26:42.381+0000] {logging_mixin.py:137} INFO - [2023-05-07T22:26:42.381+0000] {dagbag.py:538} INFO - Filling up the DagBag from /usr/local/python/3.10.4/lib/python3.10/site-packages/airflow/example_dags/example_dag_decorator.py
[2023-05-07T22:26:42.406+0000] {logging_mixin.py:137} INFO - [2023-05-07T22:26:42.406+0000] {taskmixin.py:205} WARNING - Dependency <Task(_PythonDecoratedOperator): prepare_email>, send_email already registered for DAG: example_dag_decorator
[2023-05-07T22:26:42.406+0000] {logging_mixin.py:137} INFO - [2023-05-07T22:26:42.406+0000] {taskmixin.py:205} WARNING - Dependency <Task(EmailOperator): send_email>, prepare_email already registered for DAG: example_dag_decorator
[2023-05-07T22:26:42.423+0000] {processor.py:753} INFO - DAG(s) dict_keys(['example_dag_decorator']) retrieved from /usr/local/python/3.10.4/lib/python3.10/site-packages/airflow/example_dags/example_dag_decorator.py
[2023-05-07T22:26:42.485+0000] {logging_mixin.py:137} INFO - [2023-05-07T22:26:42.485+0000] {dag.py:2690} INFO - Sync 1 DAGs
[2023-05-07T22:26:42.500+0000] {logging_mixin.py:137} INFO - [2023-05-07T22:26:42.500+0000] {dag.py:3437} INFO - Setting next_dagrun for example_dag_decorator to None, run_after=None
[2023-05-07T22:26:42.544+0000] {processor.py:175} INFO - Processing /usr/local/python/3.10.4/lib/python3.10/site-packages/airflow/example_dags/example_dag_decorator.py took 0.172 seconds
[2023-05-07T22:27:23.000+0000] {processor.py:153} INFO - Started process (PID=12197) to work on /usr/local/python/3.10.4/lib/python3.10/site-packages/airflow/example_dags/example_dag_decorator.py
[2023-05-07T22:27:23.001+0000] {processor.py:743} INFO - Processing file /usr/local/python/3.10.4/lib/python3.10/site-packages/airflow/example_dags/example_dag_decorator.py for tasks to queue
[2023-05-07T22:27:23.002+0000] {logging_mixin.py:137} INFO - [2023-05-07T22:27:23.002+0000] {dagbag.py:538} INFO - Filling up the DagBag from /usr/local/python/3.10.4/lib/python3.10/site-packages/airflow/example_dags/example_dag_decorator.py
[2023-05-07T22:27:23.019+0000] {logging_mixin.py:137} INFO - [2023-05-07T22:27:23.019+0000] {taskmixin.py:205} WARNING - Dependency <Task(_PythonDecoratedOperator): prepare_email>, send_email already registered for DAG: example_dag_decorator
[2023-05-07T22:27:23.019+0000] {logging_mixin.py:137} INFO - [2023-05-07T22:27:23.019+0000] {taskmixin.py:205} WARNING - Dependency <Task(EmailOperator): send_email>, prepare_email already registered for DAG: example_dag_decorator
[2023-05-07T22:27:23.030+0000] {processor.py:753} INFO - DAG(s) dict_keys(['example_dag_decorator']) retrieved from /usr/local/python/3.10.4/lib/python3.10/site-packages/airflow/example_dags/example_dag_decorator.py
[2023-05-07T22:27:23.080+0000] {logging_mixin.py:137} INFO - [2023-05-07T22:27:23.080+0000] {dag.py:2690} INFO - Sync 1 DAGs
[2023-05-07T22:27:23.259+0000] {logging_mixin.py:137} INFO - [2023-05-07T22:27:23.259+0000] {dag.py:3437} INFO - Setting next_dagrun for example_dag_decorator to None, run_after=None
[2023-05-07T22:27:23.309+0000] {processor.py:175} INFO - Processing /usr/local/python/3.10.4/lib/python3.10/site-packages/airflow/example_dags/example_dag_decorator.py took 0.312 seconds
[2023-05-07T22:28:06.390+0000] {processor.py:153} INFO - Started process (PID=12512) to work on /usr/local/python/3.10.4/lib/python3.10/site-packages/airflow/example_dags/example_dag_decorator.py
[2023-05-07T22:28:06.391+0000] {processor.py:743} INFO - Processing file /usr/local/python/3.10.4/lib/python3.10/site-packages/airflow/example_dags/example_dag_decorator.py for tasks to queue
[2023-05-07T22:28:06.392+0000] {logging_mixin.py:137} INFO - [2023-05-07T22:28:06.392+0000] {dagbag.py:538} INFO - Filling up the DagBag from /usr/local/python/3.10.4/lib/python3.10/site-packages/airflow/example_dags/example_dag_decorator.py
[2023-05-07T22:28:06.409+0000] {logging_mixin.py:137} INFO - [2023-05-07T22:28:06.409+0000] {taskmixin.py:205} WARNING - Dependency <Task(_PythonDecoratedOperator): prepare_email>, send_email already registered for DAG: example_dag_decorator
[2023-05-07T22:28:06.409+0000] {logging_mixin.py:137} INFO - [2023-05-07T22:28:06.409+0000] {taskmixin.py:205} WARNING - Dependency <Task(EmailOperator): send_email>, prepare_email already registered for DAG: example_dag_decorator
[2023-05-07T22:28:06.419+0000] {processor.py:753} INFO - DAG(s) dict_keys(['example_dag_decorator']) retrieved from /usr/local/python/3.10.4/lib/python3.10/site-packages/airflow/example_dags/example_dag_decorator.py
[2023-05-07T22:28:06.462+0000] {logging_mixin.py:137} INFO - [2023-05-07T22:28:06.461+0000] {dag.py:2690} INFO - Sync 1 DAGs
[2023-05-07T22:28:06.586+0000] {logging_mixin.py:137} INFO - [2023-05-07T22:28:06.585+0000] {dag.py:3437} INFO - Setting next_dagrun for example_dag_decorator to None, run_after=None
[2023-05-07T22:28:06.626+0000] {processor.py:175} INFO - Processing /usr/local/python/3.10.4/lib/python3.10/site-packages/airflow/example_dags/example_dag_decorator.py took 0.239 seconds
[2023-05-07T22:28:48.379+0000] {processor.py:153} INFO - Started process (PID=12801) to work on /usr/local/python/3.10.4/lib/python3.10/site-packages/airflow/example_dags/example_dag_decorator.py
[2023-05-07T22:28:48.379+0000] {processor.py:743} INFO - Processing file /usr/local/python/3.10.4/lib/python3.10/site-packages/airflow/example_dags/example_dag_decorator.py for tasks to queue
[2023-05-07T22:28:48.381+0000] {logging_mixin.py:137} INFO - [2023-05-07T22:28:48.380+0000] {dagbag.py:538} INFO - Filling up the DagBag from /usr/local/python/3.10.4/lib/python3.10/site-packages/airflow/example_dags/example_dag_decorator.py
[2023-05-07T22:28:48.397+0000] {logging_mixin.py:137} INFO - [2023-05-07T22:28:48.397+0000] {taskmixin.py:205} WARNING - Dependency <Task(_PythonDecoratedOperator): prepare_email>, send_email already registered for DAG: example_dag_decorator
[2023-05-07T22:28:48.397+0000] {logging_mixin.py:137} INFO - [2023-05-07T22:28:48.397+0000] {taskmixin.py:205} WARNING - Dependency <Task(EmailOperator): send_email>, prepare_email already registered for DAG: example_dag_decorator
[2023-05-07T22:28:48.408+0000] {processor.py:753} INFO - DAG(s) dict_keys(['example_dag_decorator']) retrieved from /usr/local/python/3.10.4/lib/python3.10/site-packages/airflow/example_dags/example_dag_decorator.py
[2023-05-07T22:28:48.451+0000] {logging_mixin.py:137} INFO - [2023-05-07T22:28:48.451+0000] {dag.py:2690} INFO - Sync 1 DAGs
[2023-05-07T22:28:48.572+0000] {logging_mixin.py:137} INFO - [2023-05-07T22:28:48.572+0000] {dag.py:3437} INFO - Setting next_dagrun for example_dag_decorator to None, run_after=None
[2023-05-07T22:28:48.615+0000] {processor.py:175} INFO - Processing /usr/local/python/3.10.4/lib/python3.10/site-packages/airflow/example_dags/example_dag_decorator.py took 0.239 seconds
[2023-05-07T22:29:36.843+0000] {processor.py:153} INFO - Started process (PID=13132) to work on /usr/local/python/3.10.4/lib/python3.10/site-packages/airflow/example_dags/example_dag_decorator.py
[2023-05-07T22:29:36.844+0000] {processor.py:743} INFO - Processing file /usr/local/python/3.10.4/lib/python3.10/site-packages/airflow/example_dags/example_dag_decorator.py for tasks to queue
[2023-05-07T22:29:36.845+0000] {logging_mixin.py:137} INFO - [2023-05-07T22:29:36.845+0000] {dagbag.py:538} INFO - Filling up the DagBag from /usr/local/python/3.10.4/lib/python3.10/site-packages/airflow/example_dags/example_dag_decorator.py
[2023-05-07T22:29:36.862+0000] {logging_mixin.py:137} INFO - [2023-05-07T22:29:36.862+0000] {taskmixin.py:205} WARNING - Dependency <Task(_PythonDecoratedOperator): prepare_email>, send_email already registered for DAG: example_dag_decorator
[2023-05-07T22:29:36.862+0000] {logging_mixin.py:137} INFO - [2023-05-07T22:29:36.862+0000] {taskmixin.py:205} WARNING - Dependency <Task(EmailOperator): send_email>, prepare_email already registered for DAG: example_dag_decorator
[2023-05-07T22:29:36.872+0000] {processor.py:753} INFO - DAG(s) dict_keys(['example_dag_decorator']) retrieved from /usr/local/python/3.10.4/lib/python3.10/site-packages/airflow/example_dags/example_dag_decorator.py
[2023-05-07T22:29:37.026+0000] {logging_mixin.py:137} INFO - [2023-05-07T22:29:37.026+0000] {dag.py:2690} INFO - Sync 1 DAGs
[2023-05-07T22:29:37.040+0000] {logging_mixin.py:137} INFO - [2023-05-07T22:29:37.040+0000] {dag.py:3437} INFO - Setting next_dagrun for example_dag_decorator to None, run_after=None
[2023-05-07T22:29:37.081+0000] {processor.py:175} INFO - Processing /usr/local/python/3.10.4/lib/python3.10/site-packages/airflow/example_dags/example_dag_decorator.py took 0.240 seconds
[2023-05-07T22:30:17.050+0000] {processor.py:153} INFO - Started process (PID=13404) to work on /usr/local/python/3.10.4/lib/python3.10/site-packages/airflow/example_dags/example_dag_decorator.py
[2023-05-07T22:30:17.051+0000] {processor.py:743} INFO - Processing file /usr/local/python/3.10.4/lib/python3.10/site-packages/airflow/example_dags/example_dag_decorator.py for tasks to queue
[2023-05-07T22:30:17.051+0000] {logging_mixin.py:137} INFO - [2023-05-07T22:30:17.051+0000] {dagbag.py:538} INFO - Filling up the DagBag from /usr/local/python/3.10.4/lib/python3.10/site-packages/airflow/example_dags/example_dag_decorator.py
[2023-05-07T22:30:17.068+0000] {logging_mixin.py:137} INFO - [2023-05-07T22:30:17.068+0000] {taskmixin.py:205} WARNING - Dependency <Task(_PythonDecoratedOperator): prepare_email>, send_email already registered for DAG: example_dag_decorator
[2023-05-07T22:30:17.069+0000] {logging_mixin.py:137} INFO - [2023-05-07T22:30:17.068+0000] {taskmixin.py:205} WARNING - Dependency <Task(EmailOperator): send_email>, prepare_email already registered for DAG: example_dag_decorator
[2023-05-07T22:30:17.079+0000] {processor.py:753} INFO - DAG(s) dict_keys(['example_dag_decorator']) retrieved from /usr/local/python/3.10.4/lib/python3.10/site-packages/airflow/example_dags/example_dag_decorator.py
[2023-05-07T22:30:17.272+0000] {logging_mixin.py:137} INFO - [2023-05-07T22:30:17.272+0000] {dag.py:2690} INFO - Sync 1 DAGs
[2023-05-07T22:30:17.297+0000] {logging_mixin.py:137} INFO - [2023-05-07T22:30:17.297+0000] {dag.py:3437} INFO - Setting next_dagrun for example_dag_decorator to None, run_after=None
[2023-05-07T22:30:17.352+0000] {processor.py:175} INFO - Processing /usr/local/python/3.10.4/lib/python3.10/site-packages/airflow/example_dags/example_dag_decorator.py took 0.305 seconds
[2023-05-07T22:31:06.307+0000] {processor.py:153} INFO - Started process (PID=13732) to work on /usr/local/python/3.10.4/lib/python3.10/site-packages/airflow/example_dags/example_dag_decorator.py
[2023-05-07T22:31:06.308+0000] {processor.py:743} INFO - Processing file /usr/local/python/3.10.4/lib/python3.10/site-packages/airflow/example_dags/example_dag_decorator.py for tasks to queue
[2023-05-07T22:31:06.308+0000] {logging_mixin.py:137} INFO - [2023-05-07T22:31:06.308+0000] {dagbag.py:538} INFO - Filling up the DagBag from /usr/local/python/3.10.4/lib/python3.10/site-packages/airflow/example_dags/example_dag_decorator.py
[2023-05-07T22:31:06.325+0000] {logging_mixin.py:137} INFO - [2023-05-07T22:31:06.325+0000] {taskmixin.py:205} WARNING - Dependency <Task(_PythonDecoratedOperator): prepare_email>, send_email already registered for DAG: example_dag_decorator
[2023-05-07T22:31:06.325+0000] {logging_mixin.py:137} INFO - [2023-05-07T22:31:06.325+0000] {taskmixin.py:205} WARNING - Dependency <Task(EmailOperator): send_email>, prepare_email already registered for DAG: example_dag_decorator
[2023-05-07T22:31:06.335+0000] {processor.py:753} INFO - DAG(s) dict_keys(['example_dag_decorator']) retrieved from /usr/local/python/3.10.4/lib/python3.10/site-packages/airflow/example_dags/example_dag_decorator.py
[2023-05-07T22:31:06.486+0000] {logging_mixin.py:137} INFO - [2023-05-07T22:31:06.486+0000] {dag.py:2690} INFO - Sync 1 DAGs
[2023-05-07T22:31:06.500+0000] {logging_mixin.py:137} INFO - [2023-05-07T22:31:06.500+0000] {dag.py:3437} INFO - Setting next_dagrun for example_dag_decorator to None, run_after=None
[2023-05-07T22:31:06.555+0000] {processor.py:175} INFO - Processing /usr/local/python/3.10.4/lib/python3.10/site-packages/airflow/example_dags/example_dag_decorator.py took 0.251 seconds
[2023-05-07T22:31:54.523+0000] {processor.py:153} INFO - Started process (PID=14069) to work on /usr/local/python/3.10.4/lib/python3.10/site-packages/airflow/example_dags/example_dag_decorator.py
[2023-05-07T22:31:54.523+0000] {processor.py:743} INFO - Processing file /usr/local/python/3.10.4/lib/python3.10/site-packages/airflow/example_dags/example_dag_decorator.py for tasks to queue
[2023-05-07T22:31:54.524+0000] {logging_mixin.py:137} INFO - [2023-05-07T22:31:54.524+0000] {dagbag.py:538} INFO - Filling up the DagBag from /usr/local/python/3.10.4/lib/python3.10/site-packages/airflow/example_dags/example_dag_decorator.py
[2023-05-07T22:31:54.542+0000] {logging_mixin.py:137} INFO - [2023-05-07T22:31:54.542+0000] {taskmixin.py:205} WARNING - Dependency <Task(_PythonDecoratedOperator): prepare_email>, send_email already registered for DAG: example_dag_decorator
[2023-05-07T22:31:54.542+0000] {logging_mixin.py:137} INFO - [2023-05-07T22:31:54.542+0000] {taskmixin.py:205} WARNING - Dependency <Task(EmailOperator): send_email>, prepare_email already registered for DAG: example_dag_decorator
[2023-05-07T22:31:54.553+0000] {processor.py:753} INFO - DAG(s) dict_keys(['example_dag_decorator']) retrieved from /usr/local/python/3.10.4/lib/python3.10/site-packages/airflow/example_dags/example_dag_decorator.py
[2023-05-07T22:31:54.704+0000] {logging_mixin.py:137} INFO - [2023-05-07T22:31:54.703+0000] {dag.py:2690} INFO - Sync 1 DAGs
[2023-05-07T22:31:54.719+0000] {logging_mixin.py:137} INFO - [2023-05-07T22:31:54.719+0000] {dag.py:3437} INFO - Setting next_dagrun for example_dag_decorator to None, run_after=None
[2023-05-07T22:31:54.759+0000] {processor.py:175} INFO - Processing /usr/local/python/3.10.4/lib/python3.10/site-packages/airflow/example_dags/example_dag_decorator.py took 0.239 seconds
[2023-05-07T22:32:39.809+0000] {processor.py:153} INFO - Started process (PID=14373) to work on /usr/local/python/3.10.4/lib/python3.10/site-packages/airflow/example_dags/example_dag_decorator.py
[2023-05-07T22:32:39.810+0000] {processor.py:743} INFO - Processing file /usr/local/python/3.10.4/lib/python3.10/site-packages/airflow/example_dags/example_dag_decorator.py for tasks to queue
[2023-05-07T22:32:39.811+0000] {logging_mixin.py:137} INFO - [2023-05-07T22:32:39.810+0000] {dagbag.py:538} INFO - Filling up the DagBag from /usr/local/python/3.10.4/lib/python3.10/site-packages/airflow/example_dags/example_dag_decorator.py
[2023-05-07T22:32:39.827+0000] {logging_mixin.py:137} INFO - [2023-05-07T22:32:39.827+0000] {taskmixin.py:205} WARNING - Dependency <Task(_PythonDecoratedOperator): prepare_email>, send_email already registered for DAG: example_dag_decorator
[2023-05-07T22:32:39.827+0000] {logging_mixin.py:137} INFO - [2023-05-07T22:32:39.827+0000] {taskmixin.py:205} WARNING - Dependency <Task(EmailOperator): send_email>, prepare_email already registered for DAG: example_dag_decorator
[2023-05-07T22:32:39.947+0000] {processor.py:753} INFO - DAG(s) dict_keys(['example_dag_decorator']) retrieved from /usr/local/python/3.10.4/lib/python3.10/site-packages/airflow/example_dags/example_dag_decorator.py
[2023-05-07T22:32:39.986+0000] {logging_mixin.py:137} INFO - [2023-05-07T22:32:39.986+0000] {dag.py:2690} INFO - Sync 1 DAGs
[2023-05-07T22:32:40.001+0000] {logging_mixin.py:137} INFO - [2023-05-07T22:32:40.001+0000] {dag.py:3437} INFO - Setting next_dagrun for example_dag_decorator to None, run_after=None
[2023-05-07T22:32:40.043+0000] {processor.py:175} INFO - Processing /usr/local/python/3.10.4/lib/python3.10/site-packages/airflow/example_dags/example_dag_decorator.py took 0.237 seconds
[2023-05-07T22:33:29.736+0000] {processor.py:153} INFO - Started process (PID=14730) to work on /usr/local/python/3.10.4/lib/python3.10/site-packages/airflow/example_dags/example_dag_decorator.py
[2023-05-07T22:33:29.737+0000] {processor.py:743} INFO - Processing file /usr/local/python/3.10.4/lib/python3.10/site-packages/airflow/example_dags/example_dag_decorator.py for tasks to queue
[2023-05-07T22:33:29.738+0000] {logging_mixin.py:137} INFO - [2023-05-07T22:33:29.737+0000] {dagbag.py:538} INFO - Filling up the DagBag from /usr/local/python/3.10.4/lib/python3.10/site-packages/airflow/example_dags/example_dag_decorator.py
[2023-05-07T22:33:29.866+0000] {logging_mixin.py:137} INFO - [2023-05-07T22:33:29.866+0000] {taskmixin.py:205} WARNING - Dependency <Task(_PythonDecoratedOperator): prepare_email>, send_email already registered for DAG: example_dag_decorator
[2023-05-07T22:33:29.866+0000] {logging_mixin.py:137} INFO - [2023-05-07T22:33:29.866+0000] {taskmixin.py:205} WARNING - Dependency <Task(EmailOperator): send_email>, prepare_email already registered for DAG: example_dag_decorator
[2023-05-07T22:33:29.874+0000] {processor.py:753} INFO - DAG(s) dict_keys(['example_dag_decorator']) retrieved from /usr/local/python/3.10.4/lib/python3.10/site-packages/airflow/example_dags/example_dag_decorator.py
[2023-05-07T22:33:29.913+0000] {logging_mixin.py:137} INFO - [2023-05-07T22:33:29.913+0000] {dag.py:2690} INFO - Sync 1 DAGs
[2023-05-07T22:33:29.927+0000] {logging_mixin.py:137} INFO - [2023-05-07T22:33:29.927+0000] {dag.py:3437} INFO - Setting next_dagrun for example_dag_decorator to None, run_after=None
[2023-05-07T22:33:29.969+0000] {processor.py:175} INFO - Processing /usr/local/python/3.10.4/lib/python3.10/site-packages/airflow/example_dags/example_dag_decorator.py took 0.236 seconds
[2023-05-07T22:34:17.715+0000] {processor.py:153} INFO - Started process (PID=15128) to work on /usr/local/python/3.10.4/lib/python3.10/site-packages/airflow/example_dags/example_dag_decorator.py
[2023-05-07T22:34:17.716+0000] {processor.py:743} INFO - Processing file /usr/local/python/3.10.4/lib/python3.10/site-packages/airflow/example_dags/example_dag_decorator.py for tasks to queue
[2023-05-07T22:34:17.716+0000] {logging_mixin.py:137} INFO - [2023-05-07T22:34:17.716+0000] {dagbag.py:538} INFO - Filling up the DagBag from /usr/local/python/3.10.4/lib/python3.10/site-packages/airflow/example_dags/example_dag_decorator.py
[2023-05-07T22:34:17.844+0000] {logging_mixin.py:137} INFO - [2023-05-07T22:34:17.844+0000] {taskmixin.py:205} WARNING - Dependency <Task(_PythonDecoratedOperator): prepare_email>, send_email already registered for DAG: example_dag_decorator
[2023-05-07T22:34:17.845+0000] {logging_mixin.py:137} INFO - [2023-05-07T22:34:17.845+0000] {taskmixin.py:205} WARNING - Dependency <Task(EmailOperator): send_email>, prepare_email already registered for DAG: example_dag_decorator
[2023-05-07T22:34:17.853+0000] {processor.py:753} INFO - DAG(s) dict_keys(['example_dag_decorator']) retrieved from /usr/local/python/3.10.4/lib/python3.10/site-packages/airflow/example_dags/example_dag_decorator.py
[2023-05-07T22:34:17.907+0000] {logging_mixin.py:137} INFO - [2023-05-07T22:34:17.907+0000] {dag.py:2690} INFO - Sync 1 DAGs
[2023-05-07T22:34:17.926+0000] {logging_mixin.py:137} INFO - [2023-05-07T22:34:17.926+0000] {dag.py:3437} INFO - Setting next_dagrun for example_dag_decorator to None, run_after=None
[2023-05-07T22:34:17.967+0000] {processor.py:175} INFO - Processing /usr/local/python/3.10.4/lib/python3.10/site-packages/airflow/example_dags/example_dag_decorator.py took 0.255 seconds
[2023-05-07T22:34:59.857+0000] {processor.py:153} INFO - Started process (PID=15422) to work on /usr/local/python/3.10.4/lib/python3.10/site-packages/airflow/example_dags/example_dag_decorator.py
[2023-05-07T22:34:59.858+0000] {processor.py:743} INFO - Processing file /usr/local/python/3.10.4/lib/python3.10/site-packages/airflow/example_dags/example_dag_decorator.py for tasks to queue
[2023-05-07T22:34:59.859+0000] {logging_mixin.py:137} INFO - [2023-05-07T22:34:59.859+0000] {dagbag.py:538} INFO - Filling up the DagBag from /usr/local/python/3.10.4/lib/python3.10/site-packages/airflow/example_dags/example_dag_decorator.py
[2023-05-07T22:34:59.877+0000] {logging_mixin.py:137} INFO - [2023-05-07T22:34:59.877+0000] {taskmixin.py:205} WARNING - Dependency <Task(_PythonDecoratedOperator): prepare_email>, send_email already registered for DAG: example_dag_decorator
[2023-05-07T22:34:59.877+0000] {logging_mixin.py:137} INFO - [2023-05-07T22:34:59.877+0000] {taskmixin.py:205} WARNING - Dependency <Task(EmailOperator): send_email>, prepare_email already registered for DAG: example_dag_decorator
[2023-05-07T22:34:59.888+0000] {processor.py:753} INFO - DAG(s) dict_keys(['example_dag_decorator']) retrieved from /usr/local/python/3.10.4/lib/python3.10/site-packages/airflow/example_dags/example_dag_decorator.py
[2023-05-07T22:34:59.937+0000] {logging_mixin.py:137} INFO - [2023-05-07T22:34:59.937+0000] {dag.py:2690} INFO - Sync 1 DAGs
[2023-05-07T22:34:59.953+0000] {logging_mixin.py:137} INFO - [2023-05-07T22:34:59.952+0000] {dag.py:3437} INFO - Setting next_dagrun for example_dag_decorator to None, run_after=None
[2023-05-07T22:34:59.997+0000] {processor.py:175} INFO - Processing /usr/local/python/3.10.4/lib/python3.10/site-packages/airflow/example_dags/example_dag_decorator.py took 0.143 seconds
[2023-05-07T22:35:40.131+0000] {processor.py:153} INFO - Started process (PID=15700) to work on /usr/local/python/3.10.4/lib/python3.10/site-packages/airflow/example_dags/example_dag_decorator.py
[2023-05-07T22:35:40.131+0000] {processor.py:743} INFO - Processing file /usr/local/python/3.10.4/lib/python3.10/site-packages/airflow/example_dags/example_dag_decorator.py for tasks to queue
[2023-05-07T22:35:40.132+0000] {logging_mixin.py:137} INFO - [2023-05-07T22:35:40.132+0000] {dagbag.py:538} INFO - Filling up the DagBag from /usr/local/python/3.10.4/lib/python3.10/site-packages/airflow/example_dags/example_dag_decorator.py
[2023-05-07T22:35:40.150+0000] {logging_mixin.py:137} INFO - [2023-05-07T22:35:40.150+0000] {taskmixin.py:205} WARNING - Dependency <Task(_PythonDecoratedOperator): prepare_email>, send_email already registered for DAG: example_dag_decorator
[2023-05-07T22:35:40.150+0000] {logging_mixin.py:137} INFO - [2023-05-07T22:35:40.150+0000] {taskmixin.py:205} WARNING - Dependency <Task(EmailOperator): send_email>, prepare_email already registered for DAG: example_dag_decorator
[2023-05-07T22:35:40.161+0000] {processor.py:753} INFO - DAG(s) dict_keys(['example_dag_decorator']) retrieved from /usr/local/python/3.10.4/lib/python3.10/site-packages/airflow/example_dags/example_dag_decorator.py
[2023-05-07T22:35:40.205+0000] {logging_mixin.py:137} INFO - [2023-05-07T22:35:40.205+0000] {dag.py:2690} INFO - Sync 1 DAGs
[2023-05-07T22:35:40.220+0000] {logging_mixin.py:137} INFO - [2023-05-07T22:35:40.220+0000] {dag.py:3437} INFO - Setting next_dagrun for example_dag_decorator to None, run_after=None
[2023-05-07T22:35:40.264+0000] {processor.py:175} INFO - Processing /usr/local/python/3.10.4/lib/python3.10/site-packages/airflow/example_dags/example_dag_decorator.py took 0.137 seconds
[2023-05-07T22:36:18.746+0000] {processor.py:153} INFO - Started process (PID=15978) to work on /usr/local/python/3.10.4/lib/python3.10/site-packages/airflow/example_dags/example_dag_decorator.py
[2023-05-07T22:36:18.747+0000] {processor.py:743} INFO - Processing file /usr/local/python/3.10.4/lib/python3.10/site-packages/airflow/example_dags/example_dag_decorator.py for tasks to queue
[2023-05-07T22:36:18.748+0000] {logging_mixin.py:137} INFO - [2023-05-07T22:36:18.747+0000] {dagbag.py:538} INFO - Filling up the DagBag from /usr/local/python/3.10.4/lib/python3.10/site-packages/airflow/example_dags/example_dag_decorator.py
[2023-05-07T22:36:18.766+0000] {logging_mixin.py:137} INFO - [2023-05-07T22:36:18.765+0000] {taskmixin.py:205} WARNING - Dependency <Task(_PythonDecoratedOperator): prepare_email>, send_email already registered for DAG: example_dag_decorator
[2023-05-07T22:36:18.766+0000] {logging_mixin.py:137} INFO - [2023-05-07T22:36:18.766+0000] {taskmixin.py:205} WARNING - Dependency <Task(EmailOperator): send_email>, prepare_email already registered for DAG: example_dag_decorator
[2023-05-07T22:36:18.776+0000] {processor.py:753} INFO - DAG(s) dict_keys(['example_dag_decorator']) retrieved from /usr/local/python/3.10.4/lib/python3.10/site-packages/airflow/example_dags/example_dag_decorator.py
[2023-05-07T22:36:18.820+0000] {logging_mixin.py:137} INFO - [2023-05-07T22:36:18.820+0000] {dag.py:2690} INFO - Sync 1 DAGs
[2023-05-07T22:36:18.835+0000] {logging_mixin.py:137} INFO - [2023-05-07T22:36:18.835+0000] {dag.py:3437} INFO - Setting next_dagrun for example_dag_decorator to None, run_after=None
[2023-05-07T22:36:18.876+0000] {processor.py:175} INFO - Processing /usr/local/python/3.10.4/lib/python3.10/site-packages/airflow/example_dags/example_dag_decorator.py took 0.133 seconds
[2023-05-07T22:37:03.193+0000] {processor.py:153} INFO - Started process (PID=16290) to work on /usr/local/python/3.10.4/lib/python3.10/site-packages/airflow/example_dags/example_dag_decorator.py
[2023-05-07T22:37:03.194+0000] {processor.py:743} INFO - Processing file /usr/local/python/3.10.4/lib/python3.10/site-packages/airflow/example_dags/example_dag_decorator.py for tasks to queue
[2023-05-07T22:37:03.195+0000] {logging_mixin.py:137} INFO - [2023-05-07T22:37:03.194+0000] {dagbag.py:538} INFO - Filling up the DagBag from /usr/local/python/3.10.4/lib/python3.10/site-packages/airflow/example_dags/example_dag_decorator.py
[2023-05-07T22:37:03.214+0000] {logging_mixin.py:137} INFO - [2023-05-07T22:37:03.214+0000] {taskmixin.py:205} WARNING - Dependency <Task(_PythonDecoratedOperator): prepare_email>, send_email already registered for DAG: example_dag_decorator
[2023-05-07T22:37:03.214+0000] {logging_mixin.py:137} INFO - [2023-05-07T22:37:03.214+0000] {taskmixin.py:205} WARNING - Dependency <Task(EmailOperator): send_email>, prepare_email already registered for DAG: example_dag_decorator
[2023-05-07T22:37:03.231+0000] {processor.py:753} INFO - DAG(s) dict_keys(['example_dag_decorator']) retrieved from /usr/local/python/3.10.4/lib/python3.10/site-packages/airflow/example_dags/example_dag_decorator.py
[2023-05-07T22:37:03.288+0000] {logging_mixin.py:137} INFO - [2023-05-07T22:37:03.287+0000] {dag.py:2690} INFO - Sync 1 DAGs
[2023-05-07T22:37:03.304+0000] {logging_mixin.py:137} INFO - [2023-05-07T22:37:03.304+0000] {dag.py:3437} INFO - Setting next_dagrun for example_dag_decorator to None, run_after=None
[2023-05-07T22:37:03.346+0000] {processor.py:175} INFO - Processing /usr/local/python/3.10.4/lib/python3.10/site-packages/airflow/example_dags/example_dag_decorator.py took 0.156 seconds
[2023-05-07T22:37:46.322+0000] {processor.py:153} INFO - Started process (PID=16604) to work on /usr/local/python/3.10.4/lib/python3.10/site-packages/airflow/example_dags/example_dag_decorator.py
[2023-05-07T22:37:46.323+0000] {processor.py:743} INFO - Processing file /usr/local/python/3.10.4/lib/python3.10/site-packages/airflow/example_dags/example_dag_decorator.py for tasks to queue
[2023-05-07T22:37:46.324+0000] {logging_mixin.py:137} INFO - [2023-05-07T22:37:46.324+0000] {dagbag.py:538} INFO - Filling up the DagBag from /usr/local/python/3.10.4/lib/python3.10/site-packages/airflow/example_dags/example_dag_decorator.py
[2023-05-07T22:37:46.342+0000] {logging_mixin.py:137} INFO - [2023-05-07T22:37:46.342+0000] {taskmixin.py:205} WARNING - Dependency <Task(_PythonDecoratedOperator): prepare_email>, send_email already registered for DAG: example_dag_decorator
[2023-05-07T22:37:46.342+0000] {logging_mixin.py:137} INFO - [2023-05-07T22:37:46.342+0000] {taskmixin.py:205} WARNING - Dependency <Task(EmailOperator): send_email>, prepare_email already registered for DAG: example_dag_decorator
[2023-05-07T22:37:46.353+0000] {processor.py:753} INFO - DAG(s) dict_keys(['example_dag_decorator']) retrieved from /usr/local/python/3.10.4/lib/python3.10/site-packages/airflow/example_dags/example_dag_decorator.py
[2023-05-07T22:37:46.397+0000] {logging_mixin.py:137} INFO - [2023-05-07T22:37:46.397+0000] {dag.py:2690} INFO - Sync 1 DAGs
[2023-05-07T22:37:46.415+0000] {logging_mixin.py:137} INFO - [2023-05-07T22:37:46.415+0000] {dag.py:3437} INFO - Setting next_dagrun for example_dag_decorator to None, run_after=None
[2023-05-07T22:37:46.461+0000] {processor.py:175} INFO - Processing /usr/local/python/3.10.4/lib/python3.10/site-packages/airflow/example_dags/example_dag_decorator.py took 0.141 seconds
[2023-05-07T22:38:31.028+0000] {processor.py:153} INFO - Started process (PID=16941) to work on /usr/local/python/3.10.4/lib/python3.10/site-packages/airflow/example_dags/example_dag_decorator.py
[2023-05-07T22:38:31.029+0000] {processor.py:743} INFO - Processing file /usr/local/python/3.10.4/lib/python3.10/site-packages/airflow/example_dags/example_dag_decorator.py for tasks to queue
[2023-05-07T22:38:31.030+0000] {logging_mixin.py:137} INFO - [2023-05-07T22:38:31.030+0000] {dagbag.py:538} INFO - Filling up the DagBag from /usr/local/python/3.10.4/lib/python3.10/site-packages/airflow/example_dags/example_dag_decorator.py
[2023-05-07T22:38:31.047+0000] {logging_mixin.py:137} INFO - [2023-05-07T22:38:31.047+0000] {taskmixin.py:205} WARNING - Dependency <Task(_PythonDecoratedOperator): prepare_email>, send_email already registered for DAG: example_dag_decorator
[2023-05-07T22:38:31.047+0000] {logging_mixin.py:137} INFO - [2023-05-07T22:38:31.047+0000] {taskmixin.py:205} WARNING - Dependency <Task(EmailOperator): send_email>, prepare_email already registered for DAG: example_dag_decorator
[2023-05-07T22:38:31.057+0000] {processor.py:753} INFO - DAG(s) dict_keys(['example_dag_decorator']) retrieved from /usr/local/python/3.10.4/lib/python3.10/site-packages/airflow/example_dags/example_dag_decorator.py
[2023-05-07T22:38:31.101+0000] {logging_mixin.py:137} INFO - [2023-05-07T22:38:31.101+0000] {dag.py:2690} INFO - Sync 1 DAGs
[2023-05-07T22:38:31.116+0000] {logging_mixin.py:137} INFO - [2023-05-07T22:38:31.116+0000] {dag.py:3437} INFO - Setting next_dagrun for example_dag_decorator to None, run_after=None
[2023-05-07T22:38:31.158+0000] {processor.py:175} INFO - Processing /usr/local/python/3.10.4/lib/python3.10/site-packages/airflow/example_dags/example_dag_decorator.py took 0.133 seconds
[2023-05-07T22:39:15.077+0000] {processor.py:153} INFO - Started process (PID=17252) to work on /usr/local/python/3.10.4/lib/python3.10/site-packages/airflow/example_dags/example_dag_decorator.py
[2023-05-07T22:39:15.078+0000] {processor.py:743} INFO - Processing file /usr/local/python/3.10.4/lib/python3.10/site-packages/airflow/example_dags/example_dag_decorator.py for tasks to queue
[2023-05-07T22:39:15.079+0000] {logging_mixin.py:137} INFO - [2023-05-07T22:39:15.079+0000] {dagbag.py:538} INFO - Filling up the DagBag from /usr/local/python/3.10.4/lib/python3.10/site-packages/airflow/example_dags/example_dag_decorator.py
[2023-05-07T22:39:15.095+0000] {logging_mixin.py:137} INFO - [2023-05-07T22:39:15.095+0000] {taskmixin.py:205} WARNING - Dependency <Task(_PythonDecoratedOperator): prepare_email>, send_email already registered for DAG: example_dag_decorator
[2023-05-07T22:39:15.095+0000] {logging_mixin.py:137} INFO - [2023-05-07T22:39:15.095+0000] {taskmixin.py:205} WARNING - Dependency <Task(EmailOperator): send_email>, prepare_email already registered for DAG: example_dag_decorator
[2023-05-07T22:39:15.105+0000] {processor.py:753} INFO - DAG(s) dict_keys(['example_dag_decorator']) retrieved from /usr/local/python/3.10.4/lib/python3.10/site-packages/airflow/example_dags/example_dag_decorator.py
[2023-05-07T22:39:15.149+0000] {logging_mixin.py:137} INFO - [2023-05-07T22:39:15.149+0000] {dag.py:2690} INFO - Sync 1 DAGs
[2023-05-07T22:39:15.164+0000] {logging_mixin.py:137} INFO - [2023-05-07T22:39:15.164+0000] {dag.py:3437} INFO - Setting next_dagrun for example_dag_decorator to None, run_after=None
[2023-05-07T22:39:15.208+0000] {processor.py:175} INFO - Processing /usr/local/python/3.10.4/lib/python3.10/site-packages/airflow/example_dags/example_dag_decorator.py took 0.134 seconds
[2023-05-07T22:39:59.562+0000] {processor.py:153} INFO - Started process (PID=17573) to work on /usr/local/python/3.10.4/lib/python3.10/site-packages/airflow/example_dags/example_dag_decorator.py
[2023-05-07T22:39:59.563+0000] {processor.py:743} INFO - Processing file /usr/local/python/3.10.4/lib/python3.10/site-packages/airflow/example_dags/example_dag_decorator.py for tasks to queue
[2023-05-07T22:39:59.563+0000] {logging_mixin.py:137} INFO - [2023-05-07T22:39:59.563+0000] {dagbag.py:538} INFO - Filling up the DagBag from /usr/local/python/3.10.4/lib/python3.10/site-packages/airflow/example_dags/example_dag_decorator.py
[2023-05-07T22:39:59.582+0000] {logging_mixin.py:137} INFO - [2023-05-07T22:39:59.582+0000] {taskmixin.py:205} WARNING - Dependency <Task(_PythonDecoratedOperator): prepare_email>, send_email already registered for DAG: example_dag_decorator
[2023-05-07T22:39:59.582+0000] {logging_mixin.py:137} INFO - [2023-05-07T22:39:59.582+0000] {taskmixin.py:205} WARNING - Dependency <Task(EmailOperator): send_email>, prepare_email already registered for DAG: example_dag_decorator
[2023-05-07T22:39:59.592+0000] {processor.py:753} INFO - DAG(s) dict_keys(['example_dag_decorator']) retrieved from /usr/local/python/3.10.4/lib/python3.10/site-packages/airflow/example_dags/example_dag_decorator.py
[2023-05-07T22:39:59.636+0000] {logging_mixin.py:137} INFO - [2023-05-07T22:39:59.636+0000] {dag.py:2690} INFO - Sync 1 DAGs
[2023-05-07T22:39:59.650+0000] {logging_mixin.py:137} INFO - [2023-05-07T22:39:59.650+0000] {dag.py:3437} INFO - Setting next_dagrun for example_dag_decorator to None, run_after=None
[2023-05-07T22:39:59.692+0000] {processor.py:175} INFO - Processing /usr/local/python/3.10.4/lib/python3.10/site-packages/airflow/example_dags/example_dag_decorator.py took 0.133 seconds
[2023-05-07T22:40:40.210+0000] {processor.py:153} INFO - Started process (PID=17896) to work on /usr/local/python/3.10.4/lib/python3.10/site-packages/airflow/example_dags/example_dag_decorator.py
[2023-05-07T22:40:40.210+0000] {processor.py:743} INFO - Processing file /usr/local/python/3.10.4/lib/python3.10/site-packages/airflow/example_dags/example_dag_decorator.py for tasks to queue
[2023-05-07T22:40:40.211+0000] {logging_mixin.py:137} INFO - [2023-05-07T22:40:40.211+0000] {dagbag.py:538} INFO - Filling up the DagBag from /usr/local/python/3.10.4/lib/python3.10/site-packages/airflow/example_dags/example_dag_decorator.py
[2023-05-07T22:40:40.230+0000] {logging_mixin.py:137} INFO - [2023-05-07T22:40:40.230+0000] {taskmixin.py:205} WARNING - Dependency <Task(_PythonDecoratedOperator): prepare_email>, send_email already registered for DAG: example_dag_decorator
[2023-05-07T22:40:40.230+0000] {logging_mixin.py:137} INFO - [2023-05-07T22:40:40.230+0000] {taskmixin.py:205} WARNING - Dependency <Task(EmailOperator): send_email>, prepare_email already registered for DAG: example_dag_decorator
[2023-05-07T22:40:40.241+0000] {processor.py:753} INFO - DAG(s) dict_keys(['example_dag_decorator']) retrieved from /usr/local/python/3.10.4/lib/python3.10/site-packages/airflow/example_dags/example_dag_decorator.py
[2023-05-07T22:40:40.284+0000] {logging_mixin.py:137} INFO - [2023-05-07T22:40:40.284+0000] {dag.py:2690} INFO - Sync 1 DAGs
[2023-05-07T22:40:40.299+0000] {logging_mixin.py:137} INFO - [2023-05-07T22:40:40.299+0000] {dag.py:3437} INFO - Setting next_dagrun for example_dag_decorator to None, run_after=None
[2023-05-07T22:40:40.342+0000] {processor.py:175} INFO - Processing /usr/local/python/3.10.4/lib/python3.10/site-packages/airflow/example_dags/example_dag_decorator.py took 0.135 seconds
[2023-05-07T22:41:19.699+0000] {processor.py:153} INFO - Started process (PID=18178) to work on /usr/local/python/3.10.4/lib/python3.10/site-packages/airflow/example_dags/example_dag_decorator.py
[2023-05-07T22:41:19.700+0000] {processor.py:743} INFO - Processing file /usr/local/python/3.10.4/lib/python3.10/site-packages/airflow/example_dags/example_dag_decorator.py for tasks to queue
[2023-05-07T22:41:19.700+0000] {logging_mixin.py:137} INFO - [2023-05-07T22:41:19.700+0000] {dagbag.py:538} INFO - Filling up the DagBag from /usr/local/python/3.10.4/lib/python3.10/site-packages/airflow/example_dags/example_dag_decorator.py
[2023-05-07T22:41:19.717+0000] {logging_mixin.py:137} INFO - [2023-05-07T22:41:19.717+0000] {taskmixin.py:205} WARNING - Dependency <Task(_PythonDecoratedOperator): prepare_email>, send_email already registered for DAG: example_dag_decorator
[2023-05-07T22:41:19.717+0000] {logging_mixin.py:137} INFO - [2023-05-07T22:41:19.717+0000] {taskmixin.py:205} WARNING - Dependency <Task(EmailOperator): send_email>, prepare_email already registered for DAG: example_dag_decorator
[2023-05-07T22:41:19.729+0000] {processor.py:753} INFO - DAG(s) dict_keys(['example_dag_decorator']) retrieved from /usr/local/python/3.10.4/lib/python3.10/site-packages/airflow/example_dags/example_dag_decorator.py
[2023-05-07T22:41:19.772+0000] {logging_mixin.py:137} INFO - [2023-05-07T22:41:19.772+0000] {dag.py:2690} INFO - Sync 1 DAGs
[2023-05-07T22:41:19.789+0000] {logging_mixin.py:137} INFO - [2023-05-07T22:41:19.789+0000] {dag.py:3437} INFO - Setting next_dagrun for example_dag_decorator to None, run_after=None
[2023-05-07T22:41:19.830+0000] {processor.py:175} INFO - Processing /usr/local/python/3.10.4/lib/python3.10/site-packages/airflow/example_dags/example_dag_decorator.py took 0.134 seconds
[2023-05-07T22:42:00.551+0000] {processor.py:153} INFO - Started process (PID=18474) to work on /usr/local/python/3.10.4/lib/python3.10/site-packages/airflow/example_dags/example_dag_decorator.py
[2023-05-07T22:42:00.552+0000] {processor.py:743} INFO - Processing file /usr/local/python/3.10.4/lib/python3.10/site-packages/airflow/example_dags/example_dag_decorator.py for tasks to queue
[2023-05-07T22:42:00.553+0000] {logging_mixin.py:137} INFO - [2023-05-07T22:42:00.553+0000] {dagbag.py:538} INFO - Filling up the DagBag from /usr/local/python/3.10.4/lib/python3.10/site-packages/airflow/example_dags/example_dag_decorator.py
[2023-05-07T22:42:00.580+0000] {logging_mixin.py:137} INFO - [2023-05-07T22:42:00.580+0000] {taskmixin.py:205} WARNING - Dependency <Task(_PythonDecoratedOperator): prepare_email>, send_email already registered for DAG: example_dag_decorator
[2023-05-07T22:42:00.580+0000] {logging_mixin.py:137} INFO - [2023-05-07T22:42:00.580+0000] {taskmixin.py:205} WARNING - Dependency <Task(EmailOperator): send_email>, prepare_email already registered for DAG: example_dag_decorator
[2023-05-07T22:42:00.599+0000] {processor.py:753} INFO - DAG(s) dict_keys(['example_dag_decorator']) retrieved from /usr/local/python/3.10.4/lib/python3.10/site-packages/airflow/example_dags/example_dag_decorator.py
[2023-05-07T22:42:00.655+0000] {logging_mixin.py:137} INFO - [2023-05-07T22:42:00.655+0000] {dag.py:2690} INFO - Sync 1 DAGs
[2023-05-07T22:42:00.670+0000] {logging_mixin.py:137} INFO - [2023-05-07T22:42:00.670+0000] {dag.py:3437} INFO - Setting next_dagrun for example_dag_decorator to None, run_after=None
[2023-05-07T22:42:00.710+0000] {processor.py:175} INFO - Processing /usr/local/python/3.10.4/lib/python3.10/site-packages/airflow/example_dags/example_dag_decorator.py took 0.163 seconds
[2023-05-07T22:42:41.108+0000] {processor.py:153} INFO - Started process (PID=18853) to work on /usr/local/python/3.10.4/lib/python3.10/site-packages/airflow/example_dags/example_dag_decorator.py
[2023-05-07T22:42:41.109+0000] {processor.py:743} INFO - Processing file /usr/local/python/3.10.4/lib/python3.10/site-packages/airflow/example_dags/example_dag_decorator.py for tasks to queue
[2023-05-07T22:42:41.109+0000] {logging_mixin.py:137} INFO - [2023-05-07T22:42:41.109+0000] {dagbag.py:538} INFO - Filling up the DagBag from /usr/local/python/3.10.4/lib/python3.10/site-packages/airflow/example_dags/example_dag_decorator.py
[2023-05-07T22:42:41.194+0000] {logging_mixin.py:137} INFO - [2023-05-07T22:42:41.194+0000] {taskmixin.py:205} WARNING - Dependency <Task(_PythonDecoratedOperator): prepare_email>, send_email already registered for DAG: example_dag_decorator
[2023-05-07T22:42:41.202+0000] {logging_mixin.py:137} INFO - [2023-05-07T22:42:41.202+0000] {taskmixin.py:205} WARNING - Dependency <Task(EmailOperator): send_email>, prepare_email already registered for DAG: example_dag_decorator
[2023-05-07T22:42:41.240+0000] {processor.py:753} INFO - DAG(s) dict_keys(['example_dag_decorator']) retrieved from /usr/local/python/3.10.4/lib/python3.10/site-packages/airflow/example_dags/example_dag_decorator.py
[2023-05-07T22:42:41.355+0000] {logging_mixin.py:137} INFO - [2023-05-07T22:42:41.355+0000] {dag.py:2690} INFO - Sync 1 DAGs
[2023-05-07T22:42:41.369+0000] {logging_mixin.py:137} INFO - [2023-05-07T22:42:41.369+0000] {dag.py:3437} INFO - Setting next_dagrun for example_dag_decorator to None, run_after=None
[2023-05-07T22:42:41.413+0000] {processor.py:175} INFO - Processing /usr/local/python/3.10.4/lib/python3.10/site-packages/airflow/example_dags/example_dag_decorator.py took 0.310 seconds
[2023-05-07T22:43:25.882+0000] {processor.py:153} INFO - Started process (PID=19318) to work on /usr/local/python/3.10.4/lib/python3.10/site-packages/airflow/example_dags/example_dag_decorator.py
[2023-05-07T22:43:25.883+0000] {processor.py:743} INFO - Processing file /usr/local/python/3.10.4/lib/python3.10/site-packages/airflow/example_dags/example_dag_decorator.py for tasks to queue
[2023-05-07T22:43:25.884+0000] {logging_mixin.py:137} INFO - [2023-05-07T22:43:25.884+0000] {dagbag.py:538} INFO - Filling up the DagBag from /usr/local/python/3.10.4/lib/python3.10/site-packages/airflow/example_dags/example_dag_decorator.py
[2023-05-07T22:43:25.901+0000] {logging_mixin.py:137} INFO - [2023-05-07T22:43:25.901+0000] {taskmixin.py:205} WARNING - Dependency <Task(_PythonDecoratedOperator): prepare_email>, send_email already registered for DAG: example_dag_decorator
[2023-05-07T22:43:25.901+0000] {logging_mixin.py:137} INFO - [2023-05-07T22:43:25.901+0000] {taskmixin.py:205} WARNING - Dependency <Task(EmailOperator): send_email>, prepare_email already registered for DAG: example_dag_decorator
[2023-05-07T22:43:25.911+0000] {processor.py:753} INFO - DAG(s) dict_keys(['example_dag_decorator']) retrieved from /usr/local/python/3.10.4/lib/python3.10/site-packages/airflow/example_dags/example_dag_decorator.py
[2023-05-07T22:43:25.956+0000] {logging_mixin.py:137} INFO - [2023-05-07T22:43:25.955+0000] {dag.py:2690} INFO - Sync 1 DAGs
[2023-05-07T22:43:25.970+0000] {logging_mixin.py:137} INFO - [2023-05-07T22:43:25.970+0000] {dag.py:3437} INFO - Setting next_dagrun for example_dag_decorator to None, run_after=None
[2023-05-07T22:43:26.011+0000] {processor.py:175} INFO - Processing /usr/local/python/3.10.4/lib/python3.10/site-packages/airflow/example_dags/example_dag_decorator.py took 0.131 seconds
[2023-05-07T22:44:07.650+0000] {processor.py:153} INFO - Started process (PID=19776) to work on /usr/local/python/3.10.4/lib/python3.10/site-packages/airflow/example_dags/example_dag_decorator.py
[2023-05-07T22:44:07.651+0000] {processor.py:743} INFO - Processing file /usr/local/python/3.10.4/lib/python3.10/site-packages/airflow/example_dags/example_dag_decorator.py for tasks to queue
[2023-05-07T22:44:07.651+0000] {logging_mixin.py:137} INFO - [2023-05-07T22:44:07.651+0000] {dagbag.py:538} INFO - Filling up the DagBag from /usr/local/python/3.10.4/lib/python3.10/site-packages/airflow/example_dags/example_dag_decorator.py
[2023-05-07T22:44:07.669+0000] {logging_mixin.py:137} INFO - [2023-05-07T22:44:07.668+0000] {taskmixin.py:205} WARNING - Dependency <Task(_PythonDecoratedOperator): prepare_email>, send_email already registered for DAG: example_dag_decorator
[2023-05-07T22:44:07.669+0000] {logging_mixin.py:137} INFO - [2023-05-07T22:44:07.669+0000] {taskmixin.py:205} WARNING - Dependency <Task(EmailOperator): send_email>, prepare_email already registered for DAG: example_dag_decorator
[2023-05-07T22:44:07.679+0000] {processor.py:753} INFO - DAG(s) dict_keys(['example_dag_decorator']) retrieved from /usr/local/python/3.10.4/lib/python3.10/site-packages/airflow/example_dags/example_dag_decorator.py
[2023-05-07T22:44:07.722+0000] {logging_mixin.py:137} INFO - [2023-05-07T22:44:07.722+0000] {dag.py:2690} INFO - Sync 1 DAGs
[2023-05-07T22:44:07.736+0000] {logging_mixin.py:137} INFO - [2023-05-07T22:44:07.736+0000] {dag.py:3437} INFO - Setting next_dagrun for example_dag_decorator to None, run_after=None
[2023-05-07T22:44:07.779+0000] {processor.py:175} INFO - Processing /usr/local/python/3.10.4/lib/python3.10/site-packages/airflow/example_dags/example_dag_decorator.py took 0.132 seconds
[2023-05-07T22:44:51.499+0000] {processor.py:153} INFO - Started process (PID=20196) to work on /usr/local/python/3.10.4/lib/python3.10/site-packages/airflow/example_dags/example_dag_decorator.py
[2023-05-07T22:44:51.499+0000] {processor.py:743} INFO - Processing file /usr/local/python/3.10.4/lib/python3.10/site-packages/airflow/example_dags/example_dag_decorator.py for tasks to queue
[2023-05-07T22:44:51.500+0000] {logging_mixin.py:137} INFO - [2023-05-07T22:44:51.500+0000] {dagbag.py:538} INFO - Filling up the DagBag from /usr/local/python/3.10.4/lib/python3.10/site-packages/airflow/example_dags/example_dag_decorator.py
[2023-05-07T22:44:51.517+0000] {logging_mixin.py:137} INFO - [2023-05-07T22:44:51.517+0000] {taskmixin.py:205} WARNING - Dependency <Task(_PythonDecoratedOperator): prepare_email>, send_email already registered for DAG: example_dag_decorator
[2023-05-07T22:44:51.517+0000] {logging_mixin.py:137} INFO - [2023-05-07T22:44:51.517+0000] {taskmixin.py:205} WARNING - Dependency <Task(EmailOperator): send_email>, prepare_email already registered for DAG: example_dag_decorator
[2023-05-07T22:44:51.528+0000] {processor.py:753} INFO - DAG(s) dict_keys(['example_dag_decorator']) retrieved from /usr/local/python/3.10.4/lib/python3.10/site-packages/airflow/example_dags/example_dag_decorator.py
[2023-05-07T22:44:51.573+0000] {logging_mixin.py:137} INFO - [2023-05-07T22:44:51.573+0000] {dag.py:2690} INFO - Sync 1 DAGs
[2023-05-07T22:44:51.590+0000] {logging_mixin.py:137} INFO - [2023-05-07T22:44:51.590+0000] {dag.py:3437} INFO - Setting next_dagrun for example_dag_decorator to None, run_after=None
[2023-05-07T22:44:51.634+0000] {processor.py:175} INFO - Processing /usr/local/python/3.10.4/lib/python3.10/site-packages/airflow/example_dags/example_dag_decorator.py took 0.138 seconds
[2023-05-07T22:45:30.088+0000] {processor.py:153} INFO - Started process (PID=20557) to work on /usr/local/python/3.10.4/lib/python3.10/site-packages/airflow/example_dags/example_dag_decorator.py
[2023-05-07T22:45:30.088+0000] {processor.py:743} INFO - Processing file /usr/local/python/3.10.4/lib/python3.10/site-packages/airflow/example_dags/example_dag_decorator.py for tasks to queue
[2023-05-07T22:45:30.089+0000] {logging_mixin.py:137} INFO - [2023-05-07T22:45:30.089+0000] {dagbag.py:538} INFO - Filling up the DagBag from /usr/local/python/3.10.4/lib/python3.10/site-packages/airflow/example_dags/example_dag_decorator.py
[2023-05-07T22:45:30.106+0000] {logging_mixin.py:137} INFO - [2023-05-07T22:45:30.106+0000] {taskmixin.py:205} WARNING - Dependency <Task(_PythonDecoratedOperator): prepare_email>, send_email already registered for DAG: example_dag_decorator
[2023-05-07T22:45:30.106+0000] {logging_mixin.py:137} INFO - [2023-05-07T22:45:30.106+0000] {taskmixin.py:205} WARNING - Dependency <Task(EmailOperator): send_email>, prepare_email already registered for DAG: example_dag_decorator
[2023-05-07T22:45:30.117+0000] {processor.py:753} INFO - DAG(s) dict_keys(['example_dag_decorator']) retrieved from /usr/local/python/3.10.4/lib/python3.10/site-packages/airflow/example_dags/example_dag_decorator.py
[2023-05-07T22:45:30.162+0000] {logging_mixin.py:137} INFO - [2023-05-07T22:45:30.162+0000] {dag.py:2690} INFO - Sync 1 DAGs
[2023-05-07T22:45:30.179+0000] {logging_mixin.py:137} INFO - [2023-05-07T22:45:30.179+0000] {dag.py:3437} INFO - Setting next_dagrun for example_dag_decorator to None, run_after=None
[2023-05-07T22:45:30.221+0000] {processor.py:175} INFO - Processing /usr/local/python/3.10.4/lib/python3.10/site-packages/airflow/example_dags/example_dag_decorator.py took 0.136 seconds
[2023-05-07T22:46:10.083+0000] {processor.py:153} INFO - Started process (PID=20941) to work on /usr/local/python/3.10.4/lib/python3.10/site-packages/airflow/example_dags/example_dag_decorator.py
[2023-05-07T22:46:10.084+0000] {processor.py:743} INFO - Processing file /usr/local/python/3.10.4/lib/python3.10/site-packages/airflow/example_dags/example_dag_decorator.py for tasks to queue
[2023-05-07T22:46:10.084+0000] {logging_mixin.py:137} INFO - [2023-05-07T22:46:10.084+0000] {dagbag.py:538} INFO - Filling up the DagBag from /usr/local/python/3.10.4/lib/python3.10/site-packages/airflow/example_dags/example_dag_decorator.py
[2023-05-07T22:46:10.102+0000] {logging_mixin.py:137} INFO - [2023-05-07T22:46:10.101+0000] {taskmixin.py:205} WARNING - Dependency <Task(_PythonDecoratedOperator): prepare_email>, send_email already registered for DAG: example_dag_decorator
[2023-05-07T22:46:10.102+0000] {logging_mixin.py:137} INFO - [2023-05-07T22:46:10.102+0000] {taskmixin.py:205} WARNING - Dependency <Task(EmailOperator): send_email>, prepare_email already registered for DAG: example_dag_decorator
[2023-05-07T22:46:10.112+0000] {processor.py:753} INFO - DAG(s) dict_keys(['example_dag_decorator']) retrieved from /usr/local/python/3.10.4/lib/python3.10/site-packages/airflow/example_dags/example_dag_decorator.py
[2023-05-07T22:46:10.155+0000] {logging_mixin.py:137} INFO - [2023-05-07T22:46:10.154+0000] {dag.py:2690} INFO - Sync 1 DAGs
[2023-05-07T22:46:10.171+0000] {logging_mixin.py:137} INFO - [2023-05-07T22:46:10.171+0000] {dag.py:3437} INFO - Setting next_dagrun for example_dag_decorator to None, run_after=None
[2023-05-07T22:46:10.213+0000] {processor.py:175} INFO - Processing /usr/local/python/3.10.4/lib/python3.10/site-packages/airflow/example_dags/example_dag_decorator.py took 0.133 seconds
[2023-05-07T22:46:53.920+0000] {processor.py:153} INFO - Started process (PID=21402) to work on /usr/local/python/3.10.4/lib/python3.10/site-packages/airflow/example_dags/example_dag_decorator.py
[2023-05-07T22:46:53.921+0000] {processor.py:743} INFO - Processing file /usr/local/python/3.10.4/lib/python3.10/site-packages/airflow/example_dags/example_dag_decorator.py for tasks to queue
[2023-05-07T22:46:53.922+0000] {logging_mixin.py:137} INFO - [2023-05-07T22:46:53.921+0000] {dagbag.py:538} INFO - Filling up the DagBag from /usr/local/python/3.10.4/lib/python3.10/site-packages/airflow/example_dags/example_dag_decorator.py
[2023-05-07T22:46:53.947+0000] {logging_mixin.py:137} INFO - [2023-05-07T22:46:53.947+0000] {taskmixin.py:205} WARNING - Dependency <Task(_PythonDecoratedOperator): prepare_email>, send_email already registered for DAG: example_dag_decorator
[2023-05-07T22:46:53.947+0000] {logging_mixin.py:137} INFO - [2023-05-07T22:46:53.947+0000] {taskmixin.py:205} WARNING - Dependency <Task(EmailOperator): send_email>, prepare_email already registered for DAG: example_dag_decorator
[2023-05-07T22:46:53.963+0000] {processor.py:753} INFO - DAG(s) dict_keys(['example_dag_decorator']) retrieved from /usr/local/python/3.10.4/lib/python3.10/site-packages/airflow/example_dags/example_dag_decorator.py
[2023-05-07T22:46:54.056+0000] {logging_mixin.py:137} INFO - [2023-05-07T22:46:54.056+0000] {dag.py:2690} INFO - Sync 1 DAGs
[2023-05-07T22:46:54.084+0000] {logging_mixin.py:137} INFO - [2023-05-07T22:46:54.084+0000] {dag.py:3437} INFO - Setting next_dagrun for example_dag_decorator to None, run_after=None
[2023-05-07T22:46:54.132+0000] {processor.py:175} INFO - Processing /usr/local/python/3.10.4/lib/python3.10/site-packages/airflow/example_dags/example_dag_decorator.py took 0.217 seconds
[2023-05-07T22:47:37.916+0000] {processor.py:153} INFO - Started process (PID=21708) to work on /usr/local/python/3.10.4/lib/python3.10/site-packages/airflow/example_dags/example_dag_decorator.py
[2023-05-07T22:47:37.917+0000] {processor.py:743} INFO - Processing file /usr/local/python/3.10.4/lib/python3.10/site-packages/airflow/example_dags/example_dag_decorator.py for tasks to queue
[2023-05-07T22:47:37.917+0000] {logging_mixin.py:137} INFO - [2023-05-07T22:47:37.917+0000] {dagbag.py:538} INFO - Filling up the DagBag from /usr/local/python/3.10.4/lib/python3.10/site-packages/airflow/example_dags/example_dag_decorator.py
[2023-05-07T22:47:37.935+0000] {logging_mixin.py:137} INFO - [2023-05-07T22:47:37.934+0000] {taskmixin.py:205} WARNING - Dependency <Task(_PythonDecoratedOperator): prepare_email>, send_email already registered for DAG: example_dag_decorator
[2023-05-07T22:47:37.935+0000] {logging_mixin.py:137} INFO - [2023-05-07T22:47:37.935+0000] {taskmixin.py:205} WARNING - Dependency <Task(EmailOperator): send_email>, prepare_email already registered for DAG: example_dag_decorator
[2023-05-07T22:47:37.945+0000] {processor.py:753} INFO - DAG(s) dict_keys(['example_dag_decorator']) retrieved from /usr/local/python/3.10.4/lib/python3.10/site-packages/airflow/example_dags/example_dag_decorator.py
[2023-05-07T22:47:37.989+0000] {logging_mixin.py:137} INFO - [2023-05-07T22:47:37.988+0000] {dag.py:2690} INFO - Sync 1 DAGs
[2023-05-07T22:47:38.003+0000] {logging_mixin.py:137} INFO - [2023-05-07T22:47:38.003+0000] {dag.py:3437} INFO - Setting next_dagrun for example_dag_decorator to None, run_after=None
[2023-05-07T22:47:38.044+0000] {processor.py:175} INFO - Processing /usr/local/python/3.10.4/lib/python3.10/site-packages/airflow/example_dags/example_dag_decorator.py took 0.131 seconds
[2023-05-07T22:48:20.004+0000] {processor.py:153} INFO - Started process (PID=22091) to work on /usr/local/python/3.10.4/lib/python3.10/site-packages/airflow/example_dags/example_dag_decorator.py
[2023-05-07T22:48:20.005+0000] {processor.py:743} INFO - Processing file /usr/local/python/3.10.4/lib/python3.10/site-packages/airflow/example_dags/example_dag_decorator.py for tasks to queue
[2023-05-07T22:48:20.006+0000] {logging_mixin.py:137} INFO - [2023-05-07T22:48:20.006+0000] {dagbag.py:538} INFO - Filling up the DagBag from /usr/local/python/3.10.4/lib/python3.10/site-packages/airflow/example_dags/example_dag_decorator.py
[2023-05-07T22:48:20.023+0000] {logging_mixin.py:137} INFO - [2023-05-07T22:48:20.023+0000] {taskmixin.py:205} WARNING - Dependency <Task(_PythonDecoratedOperator): prepare_email>, send_email already registered for DAG: example_dag_decorator
[2023-05-07T22:48:20.023+0000] {logging_mixin.py:137} INFO - [2023-05-07T22:48:20.023+0000] {taskmixin.py:205} WARNING - Dependency <Task(EmailOperator): send_email>, prepare_email already registered for DAG: example_dag_decorator
[2023-05-07T22:48:20.033+0000] {processor.py:753} INFO - DAG(s) dict_keys(['example_dag_decorator']) retrieved from /usr/local/python/3.10.4/lib/python3.10/site-packages/airflow/example_dags/example_dag_decorator.py
[2023-05-07T22:48:20.077+0000] {logging_mixin.py:137} INFO - [2023-05-07T22:48:20.077+0000] {dag.py:2690} INFO - Sync 1 DAGs
[2023-05-07T22:48:20.093+0000] {logging_mixin.py:137} INFO - [2023-05-07T22:48:20.093+0000] {dag.py:3437} INFO - Setting next_dagrun for example_dag_decorator to None, run_after=None
[2023-05-07T22:48:20.154+0000] {processor.py:175} INFO - Processing /usr/local/python/3.10.4/lib/python3.10/site-packages/airflow/example_dags/example_dag_decorator.py took 0.153 seconds
[2023-05-07T22:49:03.045+0000] {processor.py:153} INFO - Started process (PID=22530) to work on /usr/local/python/3.10.4/lib/python3.10/site-packages/airflow/example_dags/example_dag_decorator.py
[2023-05-07T22:49:03.046+0000] {processor.py:743} INFO - Processing file /usr/local/python/3.10.4/lib/python3.10/site-packages/airflow/example_dags/example_dag_decorator.py for tasks to queue
[2023-05-07T22:49:03.046+0000] {logging_mixin.py:137} INFO - [2023-05-07T22:49:03.046+0000] {dagbag.py:538} INFO - Filling up the DagBag from /usr/local/python/3.10.4/lib/python3.10/site-packages/airflow/example_dags/example_dag_decorator.py
[2023-05-07T22:49:03.069+0000] {logging_mixin.py:137} INFO - [2023-05-07T22:49:03.068+0000] {taskmixin.py:205} WARNING - Dependency <Task(_PythonDecoratedOperator): prepare_email>, send_email already registered for DAG: example_dag_decorator
[2023-05-07T22:49:03.069+0000] {logging_mixin.py:137} INFO - [2023-05-07T22:49:03.069+0000] {taskmixin.py:205} WARNING - Dependency <Task(EmailOperator): send_email>, prepare_email already registered for DAG: example_dag_decorator
[2023-05-07T22:49:03.079+0000] {processor.py:753} INFO - DAG(s) dict_keys(['example_dag_decorator']) retrieved from /usr/local/python/3.10.4/lib/python3.10/site-packages/airflow/example_dags/example_dag_decorator.py
[2023-05-07T22:49:03.125+0000] {logging_mixin.py:137} INFO - [2023-05-07T22:49:03.125+0000] {dag.py:2690} INFO - Sync 1 DAGs
[2023-05-07T22:49:03.140+0000] {logging_mixin.py:137} INFO - [2023-05-07T22:49:03.140+0000] {dag.py:3437} INFO - Setting next_dagrun for example_dag_decorator to None, run_after=None
[2023-05-07T22:49:03.183+0000] {processor.py:175} INFO - Processing /usr/local/python/3.10.4/lib/python3.10/site-packages/airflow/example_dags/example_dag_decorator.py took 0.141 seconds
[2023-05-07T22:49:48.508+0000] {processor.py:153} INFO - Started process (PID=22965) to work on /usr/local/python/3.10.4/lib/python3.10/site-packages/airflow/example_dags/example_dag_decorator.py
[2023-05-07T22:49:48.509+0000] {processor.py:743} INFO - Processing file /usr/local/python/3.10.4/lib/python3.10/site-packages/airflow/example_dags/example_dag_decorator.py for tasks to queue
[2023-05-07T22:49:48.510+0000] {logging_mixin.py:137} INFO - [2023-05-07T22:49:48.510+0000] {dagbag.py:538} INFO - Filling up the DagBag from /usr/local/python/3.10.4/lib/python3.10/site-packages/airflow/example_dags/example_dag_decorator.py
[2023-05-07T22:49:48.527+0000] {logging_mixin.py:137} INFO - [2023-05-07T22:49:48.526+0000] {taskmixin.py:205} WARNING - Dependency <Task(_PythonDecoratedOperator): prepare_email>, send_email already registered for DAG: example_dag_decorator
[2023-05-07T22:49:48.527+0000] {logging_mixin.py:137} INFO - [2023-05-07T22:49:48.527+0000] {taskmixin.py:205} WARNING - Dependency <Task(EmailOperator): send_email>, prepare_email already registered for DAG: example_dag_decorator
[2023-05-07T22:49:48.537+0000] {processor.py:753} INFO - DAG(s) dict_keys(['example_dag_decorator']) retrieved from /usr/local/python/3.10.4/lib/python3.10/site-packages/airflow/example_dags/example_dag_decorator.py
[2023-05-07T22:49:48.580+0000] {logging_mixin.py:137} INFO - [2023-05-07T22:49:48.580+0000] {dag.py:2690} INFO - Sync 1 DAGs
[2023-05-07T22:49:48.595+0000] {logging_mixin.py:137} INFO - [2023-05-07T22:49:48.595+0000] {dag.py:3437} INFO - Setting next_dagrun for example_dag_decorator to None, run_after=None
[2023-05-07T22:49:48.636+0000] {processor.py:175} INFO - Processing /usr/local/python/3.10.4/lib/python3.10/site-packages/airflow/example_dags/example_dag_decorator.py took 0.130 seconds
[2023-05-07T22:50:30.548+0000] {processor.py:153} INFO - Started process (PID=23274) to work on /usr/local/python/3.10.4/lib/python3.10/site-packages/airflow/example_dags/example_dag_decorator.py
[2023-05-07T22:50:30.549+0000] {processor.py:743} INFO - Processing file /usr/local/python/3.10.4/lib/python3.10/site-packages/airflow/example_dags/example_dag_decorator.py for tasks to queue
[2023-05-07T22:50:30.550+0000] {logging_mixin.py:137} INFO - [2023-05-07T22:50:30.550+0000] {dagbag.py:538} INFO - Filling up the DagBag from /usr/local/python/3.10.4/lib/python3.10/site-packages/airflow/example_dags/example_dag_decorator.py
[2023-05-07T22:50:30.569+0000] {logging_mixin.py:137} INFO - [2023-05-07T22:50:30.568+0000] {taskmixin.py:205} WARNING - Dependency <Task(_PythonDecoratedOperator): prepare_email>, send_email already registered for DAG: example_dag_decorator
[2023-05-07T22:50:30.569+0000] {logging_mixin.py:137} INFO - [2023-05-07T22:50:30.569+0000] {taskmixin.py:205} WARNING - Dependency <Task(EmailOperator): send_email>, prepare_email already registered for DAG: example_dag_decorator
[2023-05-07T22:50:30.581+0000] {processor.py:753} INFO - DAG(s) dict_keys(['example_dag_decorator']) retrieved from /usr/local/python/3.10.4/lib/python3.10/site-packages/airflow/example_dags/example_dag_decorator.py
[2023-05-07T22:50:30.623+0000] {logging_mixin.py:137} INFO - [2023-05-07T22:50:30.623+0000] {dag.py:2690} INFO - Sync 1 DAGs
[2023-05-07T22:50:30.639+0000] {logging_mixin.py:137} INFO - [2023-05-07T22:50:30.639+0000] {dag.py:3437} INFO - Setting next_dagrun for example_dag_decorator to None, run_after=None
[2023-05-07T22:50:30.680+0000] {processor.py:175} INFO - Processing /usr/local/python/3.10.4/lib/python3.10/site-packages/airflow/example_dags/example_dag_decorator.py took 0.134 seconds
[2023-05-07T22:51:15.394+0000] {processor.py:153} INFO - Started process (PID=23692) to work on /usr/local/python/3.10.4/lib/python3.10/site-packages/airflow/example_dags/example_dag_decorator.py
[2023-05-07T22:51:15.395+0000] {processor.py:743} INFO - Processing file /usr/local/python/3.10.4/lib/python3.10/site-packages/airflow/example_dags/example_dag_decorator.py for tasks to queue
[2023-05-07T22:51:15.395+0000] {logging_mixin.py:137} INFO - [2023-05-07T22:51:15.395+0000] {dagbag.py:538} INFO - Filling up the DagBag from /usr/local/python/3.10.4/lib/python3.10/site-packages/airflow/example_dags/example_dag_decorator.py
[2023-05-07T22:51:15.413+0000] {logging_mixin.py:137} INFO - [2023-05-07T22:51:15.413+0000] {taskmixin.py:205} WARNING - Dependency <Task(_PythonDecoratedOperator): prepare_email>, send_email already registered for DAG: example_dag_decorator
[2023-05-07T22:51:15.413+0000] {logging_mixin.py:137} INFO - [2023-05-07T22:51:15.413+0000] {taskmixin.py:205} WARNING - Dependency <Task(EmailOperator): send_email>, prepare_email already registered for DAG: example_dag_decorator
[2023-05-07T22:51:15.423+0000] {processor.py:753} INFO - DAG(s) dict_keys(['example_dag_decorator']) retrieved from /usr/local/python/3.10.4/lib/python3.10/site-packages/airflow/example_dags/example_dag_decorator.py
[2023-05-07T22:51:15.467+0000] {logging_mixin.py:137} INFO - [2023-05-07T22:51:15.467+0000] {dag.py:2690} INFO - Sync 1 DAGs
[2023-05-07T22:51:15.482+0000] {logging_mixin.py:137} INFO - [2023-05-07T22:51:15.481+0000] {dag.py:3437} INFO - Setting next_dagrun for example_dag_decorator to None, run_after=None
[2023-05-07T22:51:15.522+0000] {processor.py:175} INFO - Processing /usr/local/python/3.10.4/lib/python3.10/site-packages/airflow/example_dags/example_dag_decorator.py took 0.131 seconds
[2023-05-07T22:51:56.136+0000] {processor.py:153} INFO - Started process (PID=23936) to work on /usr/local/python/3.10.4/lib/python3.10/site-packages/airflow/example_dags/example_dag_decorator.py
[2023-05-07T22:51:56.137+0000] {processor.py:743} INFO - Processing file /usr/local/python/3.10.4/lib/python3.10/site-packages/airflow/example_dags/example_dag_decorator.py for tasks to queue
[2023-05-07T22:51:56.138+0000] {logging_mixin.py:137} INFO - [2023-05-07T22:51:56.138+0000] {dagbag.py:538} INFO - Filling up the DagBag from /usr/local/python/3.10.4/lib/python3.10/site-packages/airflow/example_dags/example_dag_decorator.py
[2023-05-07T22:51:56.165+0000] {logging_mixin.py:137} INFO - [2023-05-07T22:51:56.165+0000] {taskmixin.py:205} WARNING - Dependency <Task(_PythonDecoratedOperator): prepare_email>, send_email already registered for DAG: example_dag_decorator
[2023-05-07T22:51:56.165+0000] {logging_mixin.py:137} INFO - [2023-05-07T22:51:56.165+0000] {taskmixin.py:205} WARNING - Dependency <Task(EmailOperator): send_email>, prepare_email already registered for DAG: example_dag_decorator
[2023-05-07T22:51:56.179+0000] {processor.py:753} INFO - DAG(s) dict_keys(['example_dag_decorator']) retrieved from /usr/local/python/3.10.4/lib/python3.10/site-packages/airflow/example_dags/example_dag_decorator.py
[2023-05-07T22:51:56.242+0000] {logging_mixin.py:137} INFO - [2023-05-07T22:51:56.242+0000] {dag.py:2690} INFO - Sync 1 DAGs
[2023-05-07T22:51:56.258+0000] {logging_mixin.py:137} INFO - [2023-05-07T22:51:56.258+0000] {dag.py:3437} INFO - Setting next_dagrun for example_dag_decorator to None, run_after=None
[2023-05-07T22:51:56.300+0000] {processor.py:175} INFO - Processing /usr/local/python/3.10.4/lib/python3.10/site-packages/airflow/example_dags/example_dag_decorator.py took 0.168 seconds
[2023-05-07T22:52:39.494+0000] {processor.py:153} INFO - Started process (PID=24091) to work on /usr/local/python/3.10.4/lib/python3.10/site-packages/airflow/example_dags/example_dag_decorator.py
[2023-05-07T22:52:39.494+0000] {processor.py:743} INFO - Processing file /usr/local/python/3.10.4/lib/python3.10/site-packages/airflow/example_dags/example_dag_decorator.py for tasks to queue
[2023-05-07T22:52:39.495+0000] {logging_mixin.py:137} INFO - [2023-05-07T22:52:39.495+0000] {dagbag.py:538} INFO - Filling up the DagBag from /usr/local/python/3.10.4/lib/python3.10/site-packages/airflow/example_dags/example_dag_decorator.py
[2023-05-07T22:52:39.512+0000] {logging_mixin.py:137} INFO - [2023-05-07T22:52:39.512+0000] {taskmixin.py:205} WARNING - Dependency <Task(_PythonDecoratedOperator): prepare_email>, send_email already registered for DAG: example_dag_decorator
[2023-05-07T22:52:39.513+0000] {logging_mixin.py:137} INFO - [2023-05-07T22:52:39.513+0000] {taskmixin.py:205} WARNING - Dependency <Task(EmailOperator): send_email>, prepare_email already registered for DAG: example_dag_decorator
[2023-05-07T22:52:39.523+0000] {processor.py:753} INFO - DAG(s) dict_keys(['example_dag_decorator']) retrieved from /usr/local/python/3.10.4/lib/python3.10/site-packages/airflow/example_dags/example_dag_decorator.py
[2023-05-07T22:52:39.566+0000] {logging_mixin.py:137} INFO - [2023-05-07T22:52:39.566+0000] {dag.py:2690} INFO - Sync 1 DAGs
[2023-05-07T22:52:39.581+0000] {logging_mixin.py:137} INFO - [2023-05-07T22:52:39.581+0000] {dag.py:3437} INFO - Setting next_dagrun for example_dag_decorator to None, run_after=None
[2023-05-07T22:52:39.621+0000] {processor.py:175} INFO - Processing /usr/local/python/3.10.4/lib/python3.10/site-packages/airflow/example_dags/example_dag_decorator.py took 0.130 seconds
[2023-05-07T22:53:21.783+0000] {processor.py:153} INFO - Started process (PID=25135) to work on /usr/local/python/3.10.4/lib/python3.10/site-packages/airflow/example_dags/example_dag_decorator.py
[2023-05-07T22:53:21.784+0000] {processor.py:743} INFO - Processing file /usr/local/python/3.10.4/lib/python3.10/site-packages/airflow/example_dags/example_dag_decorator.py for tasks to queue
[2023-05-07T22:53:21.785+0000] {logging_mixin.py:137} INFO - [2023-05-07T22:53:21.785+0000] {dagbag.py:538} INFO - Filling up the DagBag from /usr/local/python/3.10.4/lib/python3.10/site-packages/airflow/example_dags/example_dag_decorator.py
[2023-05-07T22:53:21.802+0000] {logging_mixin.py:137} INFO - [2023-05-07T22:53:21.802+0000] {taskmixin.py:205} WARNING - Dependency <Task(_PythonDecoratedOperator): prepare_email>, send_email already registered for DAG: example_dag_decorator
[2023-05-07T22:53:21.802+0000] {logging_mixin.py:137} INFO - [2023-05-07T22:53:21.802+0000] {taskmixin.py:205} WARNING - Dependency <Task(EmailOperator): send_email>, prepare_email already registered for DAG: example_dag_decorator
[2023-05-07T22:53:21.812+0000] {processor.py:753} INFO - DAG(s) dict_keys(['example_dag_decorator']) retrieved from /usr/local/python/3.10.4/lib/python3.10/site-packages/airflow/example_dags/example_dag_decorator.py
[2023-05-07T22:53:21.855+0000] {logging_mixin.py:137} INFO - [2023-05-07T22:53:21.854+0000] {dag.py:2690} INFO - Sync 1 DAGs
[2023-05-07T22:53:21.870+0000] {logging_mixin.py:137} INFO - [2023-05-07T22:53:21.870+0000] {dag.py:3437} INFO - Setting next_dagrun for example_dag_decorator to None, run_after=None
[2023-05-07T22:53:21.912+0000] {processor.py:175} INFO - Processing /usr/local/python/3.10.4/lib/python3.10/site-packages/airflow/example_dags/example_dag_decorator.py took 0.131 seconds
[2023-05-07T22:54:07.588+0000] {processor.py:153} INFO - Started process (PID=25508) to work on /usr/local/python/3.10.4/lib/python3.10/site-packages/airflow/example_dags/example_dag_decorator.py
[2023-05-07T22:54:07.589+0000] {processor.py:743} INFO - Processing file /usr/local/python/3.10.4/lib/python3.10/site-packages/airflow/example_dags/example_dag_decorator.py for tasks to queue
[2023-05-07T22:54:07.589+0000] {logging_mixin.py:137} INFO - [2023-05-07T22:54:07.589+0000] {dagbag.py:538} INFO - Filling up the DagBag from /usr/local/python/3.10.4/lib/python3.10/site-packages/airflow/example_dags/example_dag_decorator.py
[2023-05-07T22:54:07.606+0000] {logging_mixin.py:137} INFO - [2023-05-07T22:54:07.606+0000] {taskmixin.py:205} WARNING - Dependency <Task(_PythonDecoratedOperator): prepare_email>, send_email already registered for DAG: example_dag_decorator
[2023-05-07T22:54:07.607+0000] {logging_mixin.py:137} INFO - [2023-05-07T22:54:07.606+0000] {taskmixin.py:205} WARNING - Dependency <Task(EmailOperator): send_email>, prepare_email already registered for DAG: example_dag_decorator
[2023-05-07T22:54:07.618+0000] {processor.py:753} INFO - DAG(s) dict_keys(['example_dag_decorator']) retrieved from /usr/local/python/3.10.4/lib/python3.10/site-packages/airflow/example_dags/example_dag_decorator.py
[2023-05-07T22:54:07.660+0000] {logging_mixin.py:137} INFO - [2023-05-07T22:54:07.660+0000] {dag.py:2690} INFO - Sync 1 DAGs
[2023-05-07T22:54:07.678+0000] {logging_mixin.py:137} INFO - [2023-05-07T22:54:07.678+0000] {dag.py:3437} INFO - Setting next_dagrun for example_dag_decorator to None, run_after=None
[2023-05-07T22:54:07.721+0000] {processor.py:175} INFO - Processing /usr/local/python/3.10.4/lib/python3.10/site-packages/airflow/example_dags/example_dag_decorator.py took 0.136 seconds
[2023-05-07T22:54:50.712+0000] {processor.py:153} INFO - Started process (PID=25844) to work on /usr/local/python/3.10.4/lib/python3.10/site-packages/airflow/example_dags/example_dag_decorator.py
[2023-05-07T22:54:50.713+0000] {processor.py:743} INFO - Processing file /usr/local/python/3.10.4/lib/python3.10/site-packages/airflow/example_dags/example_dag_decorator.py for tasks to queue
[2023-05-07T22:54:50.714+0000] {logging_mixin.py:137} INFO - [2023-05-07T22:54:50.714+0000] {dagbag.py:538} INFO - Filling up the DagBag from /usr/local/python/3.10.4/lib/python3.10/site-packages/airflow/example_dags/example_dag_decorator.py
[2023-05-07T22:54:50.732+0000] {logging_mixin.py:137} INFO - [2023-05-07T22:54:50.731+0000] {taskmixin.py:205} WARNING - Dependency <Task(_PythonDecoratedOperator): prepare_email>, send_email already registered for DAG: example_dag_decorator
[2023-05-07T22:54:50.732+0000] {logging_mixin.py:137} INFO - [2023-05-07T22:54:50.732+0000] {taskmixin.py:205} WARNING - Dependency <Task(EmailOperator): send_email>, prepare_email already registered for DAG: example_dag_decorator
[2023-05-07T22:54:50.743+0000] {processor.py:753} INFO - DAG(s) dict_keys(['example_dag_decorator']) retrieved from /usr/local/python/3.10.4/lib/python3.10/site-packages/airflow/example_dags/example_dag_decorator.py
[2023-05-07T22:54:50.786+0000] {logging_mixin.py:137} INFO - [2023-05-07T22:54:50.786+0000] {dag.py:2690} INFO - Sync 1 DAGs
[2023-05-07T22:54:50.803+0000] {logging_mixin.py:137} INFO - [2023-05-07T22:54:50.803+0000] {dag.py:3437} INFO - Setting next_dagrun for example_dag_decorator to None, run_after=None
[2023-05-07T22:54:50.844+0000] {processor.py:175} INFO - Processing /usr/local/python/3.10.4/lib/python3.10/site-packages/airflow/example_dags/example_dag_decorator.py took 0.135 seconds
[2023-05-07T22:55:29.959+0000] {processor.py:153} INFO - Started process (PID=26110) to work on /usr/local/python/3.10.4/lib/python3.10/site-packages/airflow/example_dags/example_dag_decorator.py
[2023-05-07T22:55:29.960+0000] {processor.py:743} INFO - Processing file /usr/local/python/3.10.4/lib/python3.10/site-packages/airflow/example_dags/example_dag_decorator.py for tasks to queue
[2023-05-07T22:55:29.961+0000] {logging_mixin.py:137} INFO - [2023-05-07T22:55:29.961+0000] {dagbag.py:538} INFO - Filling up the DagBag from /usr/local/python/3.10.4/lib/python3.10/site-packages/airflow/example_dags/example_dag_decorator.py
[2023-05-07T22:55:29.979+0000] {logging_mixin.py:137} INFO - [2023-05-07T22:55:29.978+0000] {taskmixin.py:205} WARNING - Dependency <Task(_PythonDecoratedOperator): prepare_email>, send_email already registered for DAG: example_dag_decorator
[2023-05-07T22:55:29.979+0000] {logging_mixin.py:137} INFO - [2023-05-07T22:55:29.979+0000] {taskmixin.py:205} WARNING - Dependency <Task(EmailOperator): send_email>, prepare_email already registered for DAG: example_dag_decorator
[2023-05-07T22:55:29.989+0000] {processor.py:753} INFO - DAG(s) dict_keys(['example_dag_decorator']) retrieved from /usr/local/python/3.10.4/lib/python3.10/site-packages/airflow/example_dags/example_dag_decorator.py
[2023-05-07T22:55:30.033+0000] {logging_mixin.py:137} INFO - [2023-05-07T22:55:30.033+0000] {dag.py:2690} INFO - Sync 1 DAGs
[2023-05-07T22:55:30.048+0000] {logging_mixin.py:137} INFO - [2023-05-07T22:55:30.048+0000] {dag.py:3437} INFO - Setting next_dagrun for example_dag_decorator to None, run_after=None
[2023-05-07T22:55:30.092+0000] {processor.py:175} INFO - Processing /usr/local/python/3.10.4/lib/python3.10/site-packages/airflow/example_dags/example_dag_decorator.py took 0.136 seconds
[2023-05-07T22:56:14.521+0000] {processor.py:153} INFO - Started process (PID=26431) to work on /usr/local/python/3.10.4/lib/python3.10/site-packages/airflow/example_dags/example_dag_decorator.py
[2023-05-07T22:56:14.522+0000] {processor.py:743} INFO - Processing file /usr/local/python/3.10.4/lib/python3.10/site-packages/airflow/example_dags/example_dag_decorator.py for tasks to queue
[2023-05-07T22:56:14.522+0000] {logging_mixin.py:137} INFO - [2023-05-07T22:56:14.522+0000] {dagbag.py:538} INFO - Filling up the DagBag from /usr/local/python/3.10.4/lib/python3.10/site-packages/airflow/example_dags/example_dag_decorator.py
[2023-05-07T22:56:14.540+0000] {logging_mixin.py:137} INFO - [2023-05-07T22:56:14.539+0000] {taskmixin.py:205} WARNING - Dependency <Task(_PythonDecoratedOperator): prepare_email>, send_email already registered for DAG: example_dag_decorator
[2023-05-07T22:56:14.540+0000] {logging_mixin.py:137} INFO - [2023-05-07T22:56:14.540+0000] {taskmixin.py:205} WARNING - Dependency <Task(EmailOperator): send_email>, prepare_email already registered for DAG: example_dag_decorator
[2023-05-07T22:56:14.550+0000] {processor.py:753} INFO - DAG(s) dict_keys(['example_dag_decorator']) retrieved from /usr/local/python/3.10.4/lib/python3.10/site-packages/airflow/example_dags/example_dag_decorator.py
[2023-05-07T22:56:14.593+0000] {logging_mixin.py:137} INFO - [2023-05-07T22:56:14.593+0000] {dag.py:2690} INFO - Sync 1 DAGs
[2023-05-07T22:56:14.613+0000] {logging_mixin.py:137} INFO - [2023-05-07T22:56:14.613+0000] {dag.py:3437} INFO - Setting next_dagrun for example_dag_decorator to None, run_after=None
[2023-05-07T22:56:14.661+0000] {processor.py:175} INFO - Processing /usr/local/python/3.10.4/lib/python3.10/site-packages/airflow/example_dags/example_dag_decorator.py took 0.143 seconds
[2023-05-07T22:56:56.536+0000] {processor.py:153} INFO - Started process (PID=26721) to work on /usr/local/python/3.10.4/lib/python3.10/site-packages/airflow/example_dags/example_dag_decorator.py
[2023-05-07T22:56:56.537+0000] {processor.py:743} INFO - Processing file /usr/local/python/3.10.4/lib/python3.10/site-packages/airflow/example_dags/example_dag_decorator.py for tasks to queue
[2023-05-07T22:56:56.538+0000] {logging_mixin.py:137} INFO - [2023-05-07T22:56:56.538+0000] {dagbag.py:538} INFO - Filling up the DagBag from /usr/local/python/3.10.4/lib/python3.10/site-packages/airflow/example_dags/example_dag_decorator.py
[2023-05-07T22:56:56.555+0000] {logging_mixin.py:137} INFO - [2023-05-07T22:56:56.554+0000] {taskmixin.py:205} WARNING - Dependency <Task(_PythonDecoratedOperator): prepare_email>, send_email already registered for DAG: example_dag_decorator
[2023-05-07T22:56:56.555+0000] {logging_mixin.py:137} INFO - [2023-05-07T22:56:56.555+0000] {taskmixin.py:205} WARNING - Dependency <Task(EmailOperator): send_email>, prepare_email already registered for DAG: example_dag_decorator
[2023-05-07T22:56:56.565+0000] {processor.py:753} INFO - DAG(s) dict_keys(['example_dag_decorator']) retrieved from /usr/local/python/3.10.4/lib/python3.10/site-packages/airflow/example_dags/example_dag_decorator.py
[2023-05-07T22:56:56.611+0000] {logging_mixin.py:137} INFO - [2023-05-07T22:56:56.611+0000] {dag.py:2690} INFO - Sync 1 DAGs
[2023-05-07T22:56:56.626+0000] {logging_mixin.py:137} INFO - [2023-05-07T22:56:56.626+0000] {dag.py:3437} INFO - Setting next_dagrun for example_dag_decorator to None, run_after=None
[2023-05-07T22:56:56.668+0000] {processor.py:175} INFO - Processing /usr/local/python/3.10.4/lib/python3.10/site-packages/airflow/example_dags/example_dag_decorator.py took 0.135 seconds
[2023-05-07T22:57:38.235+0000] {processor.py:153} INFO - Started process (PID=27007) to work on /usr/local/python/3.10.4/lib/python3.10/site-packages/airflow/example_dags/example_dag_decorator.py
[2023-05-07T22:57:38.236+0000] {processor.py:743} INFO - Processing file /usr/local/python/3.10.4/lib/python3.10/site-packages/airflow/example_dags/example_dag_decorator.py for tasks to queue
[2023-05-07T22:57:38.237+0000] {logging_mixin.py:137} INFO - [2023-05-07T22:57:38.237+0000] {dagbag.py:538} INFO - Filling up the DagBag from /usr/local/python/3.10.4/lib/python3.10/site-packages/airflow/example_dags/example_dag_decorator.py
[2023-05-07T22:57:38.254+0000] {logging_mixin.py:137} INFO - [2023-05-07T22:57:38.254+0000] {taskmixin.py:205} WARNING - Dependency <Task(_PythonDecoratedOperator): prepare_email>, send_email already registered for DAG: example_dag_decorator
[2023-05-07T22:57:38.254+0000] {logging_mixin.py:137} INFO - [2023-05-07T22:57:38.254+0000] {taskmixin.py:205} WARNING - Dependency <Task(EmailOperator): send_email>, prepare_email already registered for DAG: example_dag_decorator
[2023-05-07T22:57:38.266+0000] {processor.py:753} INFO - DAG(s) dict_keys(['example_dag_decorator']) retrieved from /usr/local/python/3.10.4/lib/python3.10/site-packages/airflow/example_dags/example_dag_decorator.py
[2023-05-07T22:57:38.333+0000] {logging_mixin.py:137} INFO - [2023-05-07T22:57:38.333+0000] {dag.py:2690} INFO - Sync 1 DAGs
[2023-05-07T22:57:38.352+0000] {logging_mixin.py:137} INFO - [2023-05-07T22:57:38.352+0000] {dag.py:3437} INFO - Setting next_dagrun for example_dag_decorator to None, run_after=None
[2023-05-07T22:57:38.395+0000] {processor.py:175} INFO - Processing /usr/local/python/3.10.4/lib/python3.10/site-packages/airflow/example_dags/example_dag_decorator.py took 0.163 seconds
