[2023-05-07T22:22:26.153+0000] {processor.py:153} INFO - Started process (PID=9950) to work on /usr/local/python/3.10.4/lib/python3.10/site-packages/airflow/example_dags/example_skip_dag.py
[2023-05-07T22:22:26.154+0000] {processor.py:743} INFO - Processing file /usr/local/python/3.10.4/lib/python3.10/site-packages/airflow/example_dags/example_skip_dag.py for tasks to queue
[2023-05-07T22:22:26.154+0000] {logging_mixin.py:137} INFO - [2023-05-07T22:22:26.154+0000] {dagbag.py:538} INFO - Filling up the DagBag from /usr/local/python/3.10.4/lib/python3.10/site-packages/airflow/example_dags/example_skip_dag.py
[2023-05-07T22:22:26.167+0000] {processor.py:753} INFO - DAG(s) dict_keys(['example_skip_dag']) retrieved from /usr/local/python/3.10.4/lib/python3.10/site-packages/airflow/example_dags/example_skip_dag.py
[2023-05-07T22:22:26.310+0000] {logging_mixin.py:137} INFO - [2023-05-07T22:22:26.310+0000] {manager.py:504} INFO - Created Permission View: can edit on DAG:example_skip_dag
[2023-05-07T22:22:26.355+0000] {logging_mixin.py:137} INFO - [2023-05-07T22:22:26.355+0000] {manager.py:504} INFO - Created Permission View: can delete on DAG:example_skip_dag
[2023-05-07T22:22:26.387+0000] {logging_mixin.py:137} INFO - [2023-05-07T22:22:26.387+0000] {manager.py:504} INFO - Created Permission View: can read on DAG:example_skip_dag
[2023-05-07T22:22:26.388+0000] {logging_mixin.py:137} INFO - [2023-05-07T22:22:26.387+0000] {dag.py:2690} INFO - Sync 1 DAGs
[2023-05-07T22:22:26.396+0000] {logging_mixin.py:137} INFO - [2023-05-07T22:22:26.396+0000] {dag.py:2711} INFO - Creating ORM DAG for example_skip_dag
[2023-05-07T22:22:26.405+0000] {logging_mixin.py:137} INFO - [2023-05-07T22:22:26.405+0000] {dag.py:3437} INFO - Setting next_dagrun for example_skip_dag to 2023-05-06T22:22:26.404804+00:00, run_after=2023-05-07T22:22:26.404804+00:00
[2023-05-07T22:22:26.453+0000] {processor.py:175} INFO - Processing /usr/local/python/3.10.4/lib/python3.10/site-packages/airflow/example_dags/example_skip_dag.py took 0.303 seconds
[2023-05-07T22:23:09.264+0000] {processor.py:153} INFO - Started process (PID=10245) to work on /usr/local/python/3.10.4/lib/python3.10/site-packages/airflow/example_dags/example_skip_dag.py
[2023-05-07T22:23:09.265+0000] {processor.py:743} INFO - Processing file /usr/local/python/3.10.4/lib/python3.10/site-packages/airflow/example_dags/example_skip_dag.py for tasks to queue
[2023-05-07T22:23:09.266+0000] {logging_mixin.py:137} INFO - [2023-05-07T22:23:09.266+0000] {dagbag.py:538} INFO - Filling up the DagBag from /usr/local/python/3.10.4/lib/python3.10/site-packages/airflow/example_dags/example_skip_dag.py
[2023-05-07T22:23:09.282+0000] {processor.py:753} INFO - DAG(s) dict_keys(['example_skip_dag']) retrieved from /usr/local/python/3.10.4/lib/python3.10/site-packages/airflow/example_dags/example_skip_dag.py
[2023-05-07T22:23:09.300+0000] {logging_mixin.py:137} INFO - [2023-05-07T22:23:09.300+0000] {dag.py:2690} INFO - Sync 1 DAGs
[2023-05-07T22:23:09.316+0000] {logging_mixin.py:137} INFO - [2023-05-07T22:23:09.316+0000] {dag.py:3437} INFO - Setting next_dagrun for example_skip_dag to 2023-05-06T22:23:09.316322+00:00, run_after=2023-05-07T22:23:09.316322+00:00
[2023-05-07T22:23:09.368+0000] {processor.py:175} INFO - Processing /usr/local/python/3.10.4/lib/python3.10/site-packages/airflow/example_dags/example_skip_dag.py took 0.108 seconds
[2023-05-07T22:23:50.080+0000] {processor.py:153} INFO - Started process (PID=10642) to work on /usr/local/python/3.10.4/lib/python3.10/site-packages/airflow/example_dags/example_skip_dag.py
[2023-05-07T22:23:50.080+0000] {processor.py:743} INFO - Processing file /usr/local/python/3.10.4/lib/python3.10/site-packages/airflow/example_dags/example_skip_dag.py for tasks to queue
[2023-05-07T22:23:50.081+0000] {logging_mixin.py:137} INFO - [2023-05-07T22:23:50.081+0000] {dagbag.py:538} INFO - Filling up the DagBag from /usr/local/python/3.10.4/lib/python3.10/site-packages/airflow/example_dags/example_skip_dag.py
[2023-05-07T22:23:50.095+0000] {processor.py:753} INFO - DAG(s) dict_keys(['example_skip_dag']) retrieved from /usr/local/python/3.10.4/lib/python3.10/site-packages/airflow/example_dags/example_skip_dag.py
[2023-05-07T22:23:50.112+0000] {logging_mixin.py:137} INFO - [2023-05-07T22:23:50.111+0000] {dag.py:2690} INFO - Sync 1 DAGs
[2023-05-07T22:23:50.128+0000] {logging_mixin.py:137} INFO - [2023-05-07T22:23:50.128+0000] {dag.py:3437} INFO - Setting next_dagrun for example_skip_dag to 2023-05-06T22:23:50.128543+00:00, run_after=2023-05-07T22:23:50.128543+00:00
[2023-05-07T22:23:50.170+0000] {processor.py:175} INFO - Processing /usr/local/python/3.10.4/lib/python3.10/site-packages/airflow/example_dags/example_skip_dag.py took 0.093 seconds
[2023-05-07T22:24:33.609+0000] {processor.py:153} INFO - Started process (PID=11000) to work on /usr/local/python/3.10.4/lib/python3.10/site-packages/airflow/example_dags/example_skip_dag.py
[2023-05-07T22:24:33.613+0000] {processor.py:743} INFO - Processing file /usr/local/python/3.10.4/lib/python3.10/site-packages/airflow/example_dags/example_skip_dag.py for tasks to queue
[2023-05-07T22:24:33.614+0000] {logging_mixin.py:137} INFO - [2023-05-07T22:24:33.613+0000] {dagbag.py:538} INFO - Filling up the DagBag from /usr/local/python/3.10.4/lib/python3.10/site-packages/airflow/example_dags/example_skip_dag.py
[2023-05-07T22:24:33.666+0000] {processor.py:753} INFO - DAG(s) dict_keys(['example_skip_dag']) retrieved from /usr/local/python/3.10.4/lib/python3.10/site-packages/airflow/example_dags/example_skip_dag.py
[2023-05-07T22:24:33.742+0000] {logging_mixin.py:137} INFO - [2023-05-07T22:24:33.742+0000] {dag.py:2690} INFO - Sync 1 DAGs
[2023-05-07T22:24:33.939+0000] {logging_mixin.py:137} INFO - [2023-05-07T22:24:33.939+0000] {dag.py:3437} INFO - Setting next_dagrun for example_skip_dag to 2023-05-06T22:24:33.938788+00:00, run_after=2023-05-07T22:24:33.938788+00:00
[2023-05-07T22:24:34.046+0000] {processor.py:175} INFO - Processing /usr/local/python/3.10.4/lib/python3.10/site-packages/airflow/example_dags/example_skip_dag.py took 0.462 seconds
[2023-05-07T22:25:20.242+0000] {processor.py:153} INFO - Started process (PID=11325) to work on /usr/local/python/3.10.4/lib/python3.10/site-packages/airflow/example_dags/example_skip_dag.py
[2023-05-07T22:25:20.243+0000] {processor.py:743} INFO - Processing file /usr/local/python/3.10.4/lib/python3.10/site-packages/airflow/example_dags/example_skip_dag.py for tasks to queue
[2023-05-07T22:25:20.243+0000] {logging_mixin.py:137} INFO - [2023-05-07T22:25:20.243+0000] {dagbag.py:538} INFO - Filling up the DagBag from /usr/local/python/3.10.4/lib/python3.10/site-packages/airflow/example_dags/example_skip_dag.py
[2023-05-07T22:25:20.256+0000] {processor.py:753} INFO - DAG(s) dict_keys(['example_skip_dag']) retrieved from /usr/local/python/3.10.4/lib/python3.10/site-packages/airflow/example_dags/example_skip_dag.py
[2023-05-07T22:25:20.273+0000] {logging_mixin.py:137} INFO - [2023-05-07T22:25:20.273+0000] {dag.py:2690} INFO - Sync 1 DAGs
[2023-05-07T22:25:20.289+0000] {logging_mixin.py:137} INFO - [2023-05-07T22:25:20.289+0000] {dag.py:3437} INFO - Setting next_dagrun for example_skip_dag to 2023-05-06T22:25:20.289509+00:00, run_after=2023-05-07T22:25:20.289509+00:00
[2023-05-07T22:25:20.332+0000] {processor.py:175} INFO - Processing /usr/local/python/3.10.4/lib/python3.10/site-packages/airflow/example_dags/example_skip_dag.py took 0.093 seconds
[2023-05-07T22:26:04.382+0000] {processor.py:153} INFO - Started process (PID=11665) to work on /usr/local/python/3.10.4/lib/python3.10/site-packages/airflow/example_dags/example_skip_dag.py
[2023-05-07T22:26:04.383+0000] {processor.py:743} INFO - Processing file /usr/local/python/3.10.4/lib/python3.10/site-packages/airflow/example_dags/example_skip_dag.py for tasks to queue
[2023-05-07T22:26:04.384+0000] {logging_mixin.py:137} INFO - [2023-05-07T22:26:04.384+0000] {dagbag.py:538} INFO - Filling up the DagBag from /usr/local/python/3.10.4/lib/python3.10/site-packages/airflow/example_dags/example_skip_dag.py
[2023-05-07T22:26:04.405+0000] {processor.py:753} INFO - DAG(s) dict_keys(['example_skip_dag']) retrieved from /usr/local/python/3.10.4/lib/python3.10/site-packages/airflow/example_dags/example_skip_dag.py
[2023-05-07T22:26:04.422+0000] {logging_mixin.py:137} INFO - [2023-05-07T22:26:04.422+0000] {dag.py:2690} INFO - Sync 1 DAGs
[2023-05-07T22:26:04.440+0000] {logging_mixin.py:137} INFO - [2023-05-07T22:26:04.440+0000] {dag.py:3437} INFO - Setting next_dagrun for example_skip_dag to 2023-05-06T22:26:04.440194+00:00, run_after=2023-05-07T22:26:04.440194+00:00
[2023-05-07T22:26:04.482+0000] {processor.py:175} INFO - Processing /usr/local/python/3.10.4/lib/python3.10/site-packages/airflow/example_dags/example_skip_dag.py took 0.103 seconds
[2023-05-07T22:26:46.304+0000] {processor.py:153} INFO - Started process (PID=11955) to work on /usr/local/python/3.10.4/lib/python3.10/site-packages/airflow/example_dags/example_skip_dag.py
[2023-05-07T22:26:46.305+0000] {processor.py:743} INFO - Processing file /usr/local/python/3.10.4/lib/python3.10/site-packages/airflow/example_dags/example_skip_dag.py for tasks to queue
[2023-05-07T22:26:46.306+0000] {logging_mixin.py:137} INFO - [2023-05-07T22:26:46.306+0000] {dagbag.py:538} INFO - Filling up the DagBag from /usr/local/python/3.10.4/lib/python3.10/site-packages/airflow/example_dags/example_skip_dag.py
[2023-05-07T22:26:46.318+0000] {processor.py:753} INFO - DAG(s) dict_keys(['example_skip_dag']) retrieved from /usr/local/python/3.10.4/lib/python3.10/site-packages/airflow/example_dags/example_skip_dag.py
[2023-05-07T22:26:46.334+0000] {logging_mixin.py:137} INFO - [2023-05-07T22:26:46.334+0000] {dag.py:2690} INFO - Sync 1 DAGs
[2023-05-07T22:26:46.352+0000] {logging_mixin.py:137} INFO - [2023-05-07T22:26:46.352+0000] {dag.py:3437} INFO - Setting next_dagrun for example_skip_dag to 2023-05-06T22:26:46.352208+00:00, run_after=2023-05-07T22:26:46.352208+00:00
[2023-05-07T22:26:46.394+0000] {processor.py:175} INFO - Processing /usr/local/python/3.10.4/lib/python3.10/site-packages/airflow/example_dags/example_skip_dag.py took 0.094 seconds
[2023-05-07T22:27:28.174+0000] {processor.py:153} INFO - Started process (PID=12238) to work on /usr/local/python/3.10.4/lib/python3.10/site-packages/airflow/example_dags/example_skip_dag.py
[2023-05-07T22:27:28.176+0000] {processor.py:743} INFO - Processing file /usr/local/python/3.10.4/lib/python3.10/site-packages/airflow/example_dags/example_skip_dag.py for tasks to queue
[2023-05-07T22:27:28.176+0000] {logging_mixin.py:137} INFO - [2023-05-07T22:27:28.176+0000] {dagbag.py:538} INFO - Filling up the DagBag from /usr/local/python/3.10.4/lib/python3.10/site-packages/airflow/example_dags/example_skip_dag.py
[2023-05-07T22:27:28.193+0000] {processor.py:753} INFO - DAG(s) dict_keys(['example_skip_dag']) retrieved from /usr/local/python/3.10.4/lib/python3.10/site-packages/airflow/example_dags/example_skip_dag.py
[2023-05-07T22:27:28.209+0000] {logging_mixin.py:137} INFO - [2023-05-07T22:27:28.209+0000] {dag.py:2690} INFO - Sync 1 DAGs
[2023-05-07T22:27:28.226+0000] {logging_mixin.py:137} INFO - [2023-05-07T22:27:28.225+0000] {dag.py:3437} INFO - Setting next_dagrun for example_skip_dag to 2023-05-06T22:27:28.225723+00:00, run_after=2023-05-07T22:27:28.225723+00:00
[2023-05-07T22:27:28.266+0000] {processor.py:175} INFO - Processing /usr/local/python/3.10.4/lib/python3.10/site-packages/airflow/example_dags/example_skip_dag.py took 0.095 seconds
[2023-05-07T22:28:07.628+0000] {processor.py:153} INFO - Started process (PID=12513) to work on /usr/local/python/3.10.4/lib/python3.10/site-packages/airflow/example_dags/example_skip_dag.py
[2023-05-07T22:28:07.628+0000] {processor.py:743} INFO - Processing file /usr/local/python/3.10.4/lib/python3.10/site-packages/airflow/example_dags/example_skip_dag.py for tasks to queue
[2023-05-07T22:28:07.629+0000] {logging_mixin.py:137} INFO - [2023-05-07T22:28:07.629+0000] {dagbag.py:538} INFO - Filling up the DagBag from /usr/local/python/3.10.4/lib/python3.10/site-packages/airflow/example_dags/example_skip_dag.py
[2023-05-07T22:28:07.641+0000] {processor.py:753} INFO - DAG(s) dict_keys(['example_skip_dag']) retrieved from /usr/local/python/3.10.4/lib/python3.10/site-packages/airflow/example_dags/example_skip_dag.py
[2023-05-07T22:28:07.658+0000] {logging_mixin.py:137} INFO - [2023-05-07T22:28:07.658+0000] {dag.py:2690} INFO - Sync 1 DAGs
[2023-05-07T22:28:07.675+0000] {logging_mixin.py:137} INFO - [2023-05-07T22:28:07.674+0000] {dag.py:3437} INFO - Setting next_dagrun for example_skip_dag to 2023-05-06T22:28:07.674776+00:00, run_after=2023-05-07T22:28:07.674776+00:00
[2023-05-07T22:28:07.715+0000] {processor.py:175} INFO - Processing /usr/local/python/3.10.4/lib/python3.10/site-packages/airflow/example_dags/example_skip_dag.py took 0.091 seconds
[2023-05-07T22:28:49.391+0000] {processor.py:153} INFO - Started process (PID=12802) to work on /usr/local/python/3.10.4/lib/python3.10/site-packages/airflow/example_dags/example_skip_dag.py
[2023-05-07T22:28:49.392+0000] {processor.py:743} INFO - Processing file /usr/local/python/3.10.4/lib/python3.10/site-packages/airflow/example_dags/example_skip_dag.py for tasks to queue
[2023-05-07T22:28:49.393+0000] {logging_mixin.py:137} INFO - [2023-05-07T22:28:49.393+0000] {dagbag.py:538} INFO - Filling up the DagBag from /usr/local/python/3.10.4/lib/python3.10/site-packages/airflow/example_dags/example_skip_dag.py
[2023-05-07T22:28:49.406+0000] {processor.py:753} INFO - DAG(s) dict_keys(['example_skip_dag']) retrieved from /usr/local/python/3.10.4/lib/python3.10/site-packages/airflow/example_dags/example_skip_dag.py
[2023-05-07T22:28:49.422+0000] {logging_mixin.py:137} INFO - [2023-05-07T22:28:49.422+0000] {dag.py:2690} INFO - Sync 1 DAGs
[2023-05-07T22:28:49.439+0000] {logging_mixin.py:137} INFO - [2023-05-07T22:28:49.439+0000] {dag.py:3437} INFO - Setting next_dagrun for example_skip_dag to 2023-05-06T22:28:49.439102+00:00, run_after=2023-05-07T22:28:49.439102+00:00
[2023-05-07T22:28:49.480+0000] {processor.py:175} INFO - Processing /usr/local/python/3.10.4/lib/python3.10/site-packages/airflow/example_dags/example_skip_dag.py took 0.094 seconds
[2023-05-07T22:29:38.182+0000] {processor.py:153} INFO - Started process (PID=13146) to work on /usr/local/python/3.10.4/lib/python3.10/site-packages/airflow/example_dags/example_skip_dag.py
[2023-05-07T22:29:38.182+0000] {processor.py:743} INFO - Processing file /usr/local/python/3.10.4/lib/python3.10/site-packages/airflow/example_dags/example_skip_dag.py for tasks to queue
[2023-05-07T22:29:38.183+0000] {logging_mixin.py:137} INFO - [2023-05-07T22:29:38.183+0000] {dagbag.py:538} INFO - Filling up the DagBag from /usr/local/python/3.10.4/lib/python3.10/site-packages/airflow/example_dags/example_skip_dag.py
[2023-05-07T22:29:38.196+0000] {processor.py:753} INFO - DAG(s) dict_keys(['example_skip_dag']) retrieved from /usr/local/python/3.10.4/lib/python3.10/site-packages/airflow/example_dags/example_skip_dag.py
[2023-05-07T22:29:38.212+0000] {logging_mixin.py:137} INFO - [2023-05-07T22:29:38.212+0000] {dag.py:2690} INFO - Sync 1 DAGs
[2023-05-07T22:29:38.229+0000] {logging_mixin.py:137} INFO - [2023-05-07T22:29:38.229+0000] {dag.py:3437} INFO - Setting next_dagrun for example_skip_dag to 2023-05-06T22:29:38.229093+00:00, run_after=2023-05-07T22:29:38.229093+00:00
[2023-05-07T22:29:38.271+0000] {processor.py:175} INFO - Processing /usr/local/python/3.10.4/lib/python3.10/site-packages/airflow/example_dags/example_skip_dag.py took 0.092 seconds
[2023-05-07T22:30:18.001+0000] {processor.py:153} INFO - Started process (PID=13422) to work on /usr/local/python/3.10.4/lib/python3.10/site-packages/airflow/example_dags/example_skip_dag.py
[2023-05-07T22:30:18.002+0000] {processor.py:743} INFO - Processing file /usr/local/python/3.10.4/lib/python3.10/site-packages/airflow/example_dags/example_skip_dag.py for tasks to queue
[2023-05-07T22:30:18.002+0000] {logging_mixin.py:137} INFO - [2023-05-07T22:30:18.002+0000] {dagbag.py:538} INFO - Filling up the DagBag from /usr/local/python/3.10.4/lib/python3.10/site-packages/airflow/example_dags/example_skip_dag.py
[2023-05-07T22:30:18.015+0000] {processor.py:753} INFO - DAG(s) dict_keys(['example_skip_dag']) retrieved from /usr/local/python/3.10.4/lib/python3.10/site-packages/airflow/example_dags/example_skip_dag.py
[2023-05-07T22:30:18.031+0000] {logging_mixin.py:137} INFO - [2023-05-07T22:30:18.031+0000] {dag.py:2690} INFO - Sync 1 DAGs
[2023-05-07T22:30:18.048+0000] {logging_mixin.py:137} INFO - [2023-05-07T22:30:18.048+0000] {dag.py:3437} INFO - Setting next_dagrun for example_skip_dag to 2023-05-06T22:30:18.048621+00:00, run_after=2023-05-07T22:30:18.048621+00:00
[2023-05-07T22:30:18.203+0000] {processor.py:175} INFO - Processing /usr/local/python/3.10.4/lib/python3.10/site-packages/airflow/example_dags/example_skip_dag.py took 0.205 seconds
[2023-05-07T22:31:06.957+0000] {processor.py:153} INFO - Started process (PID=13740) to work on /usr/local/python/3.10.4/lib/python3.10/site-packages/airflow/example_dags/example_skip_dag.py
[2023-05-07T22:31:06.958+0000] {processor.py:743} INFO - Processing file /usr/local/python/3.10.4/lib/python3.10/site-packages/airflow/example_dags/example_skip_dag.py for tasks to queue
[2023-05-07T22:31:06.958+0000] {logging_mixin.py:137} INFO - [2023-05-07T22:31:06.958+0000] {dagbag.py:538} INFO - Filling up the DagBag from /usr/local/python/3.10.4/lib/python3.10/site-packages/airflow/example_dags/example_skip_dag.py
[2023-05-07T22:31:06.971+0000] {processor.py:753} INFO - DAG(s) dict_keys(['example_skip_dag']) retrieved from /usr/local/python/3.10.4/lib/python3.10/site-packages/airflow/example_dags/example_skip_dag.py
[2023-05-07T22:31:06.988+0000] {logging_mixin.py:137} INFO - [2023-05-07T22:31:06.988+0000] {dag.py:2690} INFO - Sync 1 DAGs
[2023-05-07T22:31:07.113+0000] {logging_mixin.py:137} INFO - [2023-05-07T22:31:07.113+0000] {dag.py:3437} INFO - Setting next_dagrun for example_skip_dag to 2023-05-06T22:31:07.113546+00:00, run_after=2023-05-07T22:31:07.113546+00:00
[2023-05-07T22:31:07.156+0000] {processor.py:175} INFO - Processing /usr/local/python/3.10.4/lib/python3.10/site-packages/airflow/example_dags/example_skip_dag.py took 0.202 seconds
[2023-05-07T22:31:55.894+0000] {processor.py:153} INFO - Started process (PID=14076) to work on /usr/local/python/3.10.4/lib/python3.10/site-packages/airflow/example_dags/example_skip_dag.py
[2023-05-07T22:31:55.895+0000] {processor.py:743} INFO - Processing file /usr/local/python/3.10.4/lib/python3.10/site-packages/airflow/example_dags/example_skip_dag.py for tasks to queue
[2023-05-07T22:31:55.896+0000] {logging_mixin.py:137} INFO - [2023-05-07T22:31:55.896+0000] {dagbag.py:538} INFO - Filling up the DagBag from /usr/local/python/3.10.4/lib/python3.10/site-packages/airflow/example_dags/example_skip_dag.py
[2023-05-07T22:31:55.912+0000] {processor.py:753} INFO - DAG(s) dict_keys(['example_skip_dag']) retrieved from /usr/local/python/3.10.4/lib/python3.10/site-packages/airflow/example_dags/example_skip_dag.py
[2023-05-07T22:31:55.929+0000] {logging_mixin.py:137} INFO - [2023-05-07T22:31:55.929+0000] {dag.py:2690} INFO - Sync 1 DAGs
[2023-05-07T22:31:56.053+0000] {logging_mixin.py:137} INFO - [2023-05-07T22:31:56.052+0000] {dag.py:3437} INFO - Setting next_dagrun for example_skip_dag to 2023-05-06T22:31:56.052714+00:00, run_after=2023-05-07T22:31:56.052714+00:00
[2023-05-07T22:31:56.093+0000] {processor.py:175} INFO - Processing /usr/local/python/3.10.4/lib/python3.10/site-packages/airflow/example_dags/example_skip_dag.py took 0.202 seconds
[2023-05-07T22:32:41.152+0000] {processor.py:153} INFO - Started process (PID=14401) to work on /usr/local/python/3.10.4/lib/python3.10/site-packages/airflow/example_dags/example_skip_dag.py
[2023-05-07T22:32:41.153+0000] {processor.py:743} INFO - Processing file /usr/local/python/3.10.4/lib/python3.10/site-packages/airflow/example_dags/example_skip_dag.py for tasks to queue
[2023-05-07T22:32:41.153+0000] {logging_mixin.py:137} INFO - [2023-05-07T22:32:41.153+0000] {dagbag.py:538} INFO - Filling up the DagBag from /usr/local/python/3.10.4/lib/python3.10/site-packages/airflow/example_dags/example_skip_dag.py
[2023-05-07T22:32:41.175+0000] {processor.py:753} INFO - DAG(s) dict_keys(['example_skip_dag']) retrieved from /usr/local/python/3.10.4/lib/python3.10/site-packages/airflow/example_dags/example_skip_dag.py
[2023-05-07T22:32:41.315+0000] {logging_mixin.py:137} INFO - [2023-05-07T22:32:41.315+0000] {dag.py:2690} INFO - Sync 1 DAGs
[2023-05-07T22:32:41.330+0000] {logging_mixin.py:137} INFO - [2023-05-07T22:32:41.330+0000] {dag.py:3437} INFO - Setting next_dagrun for example_skip_dag to 2023-05-06T22:32:41.329904+00:00, run_after=2023-05-07T22:32:41.329904+00:00
[2023-05-07T22:32:41.374+0000] {processor.py:175} INFO - Processing /usr/local/python/3.10.4/lib/python3.10/site-packages/airflow/example_dags/example_skip_dag.py took 0.226 seconds
[2023-05-07T22:33:31.106+0000] {processor.py:153} INFO - Started process (PID=14737) to work on /usr/local/python/3.10.4/lib/python3.10/site-packages/airflow/example_dags/example_skip_dag.py
[2023-05-07T22:33:31.107+0000] {processor.py:743} INFO - Processing file /usr/local/python/3.10.4/lib/python3.10/site-packages/airflow/example_dags/example_skip_dag.py for tasks to queue
[2023-05-07T22:33:31.108+0000] {logging_mixin.py:137} INFO - [2023-05-07T22:33:31.108+0000] {dagbag.py:538} INFO - Filling up the DagBag from /usr/local/python/3.10.4/lib/python3.10/site-packages/airflow/example_dags/example_skip_dag.py
[2023-05-07T22:33:31.260+0000] {processor.py:753} INFO - DAG(s) dict_keys(['example_skip_dag']) retrieved from /usr/local/python/3.10.4/lib/python3.10/site-packages/airflow/example_dags/example_skip_dag.py
[2023-05-07T22:33:31.273+0000] {logging_mixin.py:137} INFO - [2023-05-07T22:33:31.273+0000] {dag.py:2690} INFO - Sync 1 DAGs
[2023-05-07T22:33:31.288+0000] {logging_mixin.py:137} INFO - [2023-05-07T22:33:31.287+0000] {dag.py:3437} INFO - Setting next_dagrun for example_skip_dag to 2023-05-06T22:33:31.287773+00:00, run_after=2023-05-07T22:33:31.287773+00:00
[2023-05-07T22:33:31.328+0000] {processor.py:175} INFO - Processing /usr/local/python/3.10.4/lib/python3.10/site-packages/airflow/example_dags/example_skip_dag.py took 0.226 seconds
[2023-05-07T22:34:19.083+0000] {processor.py:153} INFO - Started process (PID=15135) to work on /usr/local/python/3.10.4/lib/python3.10/site-packages/airflow/example_dags/example_skip_dag.py
[2023-05-07T22:34:19.084+0000] {processor.py:743} INFO - Processing file /usr/local/python/3.10.4/lib/python3.10/site-packages/airflow/example_dags/example_skip_dag.py for tasks to queue
[2023-05-07T22:34:19.084+0000] {logging_mixin.py:137} INFO - [2023-05-07T22:34:19.084+0000] {dagbag.py:538} INFO - Filling up the DagBag from /usr/local/python/3.10.4/lib/python3.10/site-packages/airflow/example_dags/example_skip_dag.py
[2023-05-07T22:34:19.205+0000] {processor.py:753} INFO - DAG(s) dict_keys(['example_skip_dag']) retrieved from /usr/local/python/3.10.4/lib/python3.10/site-packages/airflow/example_dags/example_skip_dag.py
[2023-05-07T22:34:19.217+0000] {logging_mixin.py:137} INFO - [2023-05-07T22:34:19.217+0000] {dag.py:2690} INFO - Sync 1 DAGs
[2023-05-07T22:34:19.232+0000] {logging_mixin.py:137} INFO - [2023-05-07T22:34:19.232+0000] {dag.py:3437} INFO - Setting next_dagrun for example_skip_dag to 2023-05-06T22:34:19.232109+00:00, run_after=2023-05-07T22:34:19.232109+00:00
[2023-05-07T22:34:19.273+0000] {processor.py:175} INFO - Processing /usr/local/python/3.10.4/lib/python3.10/site-packages/airflow/example_dags/example_skip_dag.py took 0.193 seconds
[2023-05-07T22:35:01.141+0000] {processor.py:153} INFO - Started process (PID=15423) to work on /usr/local/python/3.10.4/lib/python3.10/site-packages/airflow/example_dags/example_skip_dag.py
[2023-05-07T22:35:01.143+0000] {processor.py:743} INFO - Processing file /usr/local/python/3.10.4/lib/python3.10/site-packages/airflow/example_dags/example_skip_dag.py for tasks to queue
[2023-05-07T22:35:01.144+0000] {logging_mixin.py:137} INFO - [2023-05-07T22:35:01.143+0000] {dagbag.py:538} INFO - Filling up the DagBag from /usr/local/python/3.10.4/lib/python3.10/site-packages/airflow/example_dags/example_skip_dag.py
[2023-05-07T22:35:01.161+0000] {processor.py:753} INFO - DAG(s) dict_keys(['example_skip_dag']) retrieved from /usr/local/python/3.10.4/lib/python3.10/site-packages/airflow/example_dags/example_skip_dag.py
[2023-05-07T22:35:01.181+0000] {logging_mixin.py:137} INFO - [2023-05-07T22:35:01.181+0000] {dag.py:2690} INFO - Sync 1 DAGs
[2023-05-07T22:35:01.199+0000] {logging_mixin.py:137} INFO - [2023-05-07T22:35:01.199+0000] {dag.py:3437} INFO - Setting next_dagrun for example_skip_dag to 2023-05-06T22:35:01.199385+00:00, run_after=2023-05-07T22:35:01.199385+00:00
[2023-05-07T22:35:01.245+0000] {processor.py:175} INFO - Processing /usr/local/python/3.10.4/lib/python3.10/site-packages/airflow/example_dags/example_skip_dag.py took 0.110 seconds
[2023-05-07T22:35:41.322+0000] {processor.py:153} INFO - Started process (PID=15707) to work on /usr/local/python/3.10.4/lib/python3.10/site-packages/airflow/example_dags/example_skip_dag.py
[2023-05-07T22:35:41.323+0000] {processor.py:743} INFO - Processing file /usr/local/python/3.10.4/lib/python3.10/site-packages/airflow/example_dags/example_skip_dag.py for tasks to queue
[2023-05-07T22:35:41.323+0000] {logging_mixin.py:137} INFO - [2023-05-07T22:35:41.323+0000] {dagbag.py:538} INFO - Filling up the DagBag from /usr/local/python/3.10.4/lib/python3.10/site-packages/airflow/example_dags/example_skip_dag.py
[2023-05-07T22:35:41.336+0000] {processor.py:753} INFO - DAG(s) dict_keys(['example_skip_dag']) retrieved from /usr/local/python/3.10.4/lib/python3.10/site-packages/airflow/example_dags/example_skip_dag.py
[2023-05-07T22:35:41.357+0000] {logging_mixin.py:137} INFO - [2023-05-07T22:35:41.356+0000] {dag.py:2690} INFO - Sync 1 DAGs
[2023-05-07T22:35:41.376+0000] {logging_mixin.py:137} INFO - [2023-05-07T22:35:41.376+0000] {dag.py:3437} INFO - Setting next_dagrun for example_skip_dag to 2023-05-06T22:35:41.376580+00:00, run_after=2023-05-07T22:35:41.376580+00:00
[2023-05-07T22:35:41.419+0000] {processor.py:175} INFO - Processing /usr/local/python/3.10.4/lib/python3.10/site-packages/airflow/example_dags/example_skip_dag.py took 0.101 seconds
[2023-05-07T22:36:26.939+0000] {processor.py:153} INFO - Started process (PID=16047) to work on /usr/local/python/3.10.4/lib/python3.10/site-packages/airflow/example_dags/example_skip_dag.py
[2023-05-07T22:36:26.940+0000] {processor.py:743} INFO - Processing file /usr/local/python/3.10.4/lib/python3.10/site-packages/airflow/example_dags/example_skip_dag.py for tasks to queue
[2023-05-07T22:36:26.940+0000] {logging_mixin.py:137} INFO - [2023-05-07T22:36:26.940+0000] {dagbag.py:538} INFO - Filling up the DagBag from /usr/local/python/3.10.4/lib/python3.10/site-packages/airflow/example_dags/example_skip_dag.py
[2023-05-07T22:36:26.960+0000] {processor.py:753} INFO - DAG(s) dict_keys(['example_skip_dag']) retrieved from /usr/local/python/3.10.4/lib/python3.10/site-packages/airflow/example_dags/example_skip_dag.py
[2023-05-07T22:36:26.980+0000] {logging_mixin.py:137} INFO - [2023-05-07T22:36:26.980+0000] {dag.py:2690} INFO - Sync 1 DAGs
[2023-05-07T22:36:26.998+0000] {logging_mixin.py:137} INFO - [2023-05-07T22:36:26.998+0000] {dag.py:3437} INFO - Setting next_dagrun for example_skip_dag to 2023-05-06T22:36:26.998099+00:00, run_after=2023-05-07T22:36:26.998099+00:00
[2023-05-07T22:36:27.039+0000] {processor.py:175} INFO - Processing /usr/local/python/3.10.4/lib/python3.10/site-packages/airflow/example_dags/example_skip_dag.py took 0.105 seconds
[2023-05-07T22:37:10.746+0000] {processor.py:153} INFO - Started process (PID=16349) to work on /usr/local/python/3.10.4/lib/python3.10/site-packages/airflow/example_dags/example_skip_dag.py
[2023-05-07T22:37:10.747+0000] {processor.py:743} INFO - Processing file /usr/local/python/3.10.4/lib/python3.10/site-packages/airflow/example_dags/example_skip_dag.py for tasks to queue
[2023-05-07T22:37:10.747+0000] {logging_mixin.py:137} INFO - [2023-05-07T22:37:10.747+0000] {dagbag.py:538} INFO - Filling up the DagBag from /usr/local/python/3.10.4/lib/python3.10/site-packages/airflow/example_dags/example_skip_dag.py
[2023-05-07T22:37:10.761+0000] {processor.py:753} INFO - DAG(s) dict_keys(['example_skip_dag']) retrieved from /usr/local/python/3.10.4/lib/python3.10/site-packages/airflow/example_dags/example_skip_dag.py
[2023-05-07T22:37:10.778+0000] {logging_mixin.py:137} INFO - [2023-05-07T22:37:10.778+0000] {dag.py:2690} INFO - Sync 1 DAGs
[2023-05-07T22:37:10.796+0000] {logging_mixin.py:137} INFO - [2023-05-07T22:37:10.796+0000] {dag.py:3437} INFO - Setting next_dagrun for example_skip_dag to 2023-05-06T22:37:10.795801+00:00, run_after=2023-05-07T22:37:10.795801+00:00
[2023-05-07T22:37:10.837+0000] {processor.py:175} INFO - Processing /usr/local/python/3.10.4/lib/python3.10/site-packages/airflow/example_dags/example_skip_dag.py took 0.094 seconds
[2023-05-07T22:37:54.191+0000] {processor.py:153} INFO - Started process (PID=16664) to work on /usr/local/python/3.10.4/lib/python3.10/site-packages/airflow/example_dags/example_skip_dag.py
[2023-05-07T22:37:54.192+0000] {processor.py:743} INFO - Processing file /usr/local/python/3.10.4/lib/python3.10/site-packages/airflow/example_dags/example_skip_dag.py for tasks to queue
[2023-05-07T22:37:54.192+0000] {logging_mixin.py:137} INFO - [2023-05-07T22:37:54.192+0000] {dagbag.py:538} INFO - Filling up the DagBag from /usr/local/python/3.10.4/lib/python3.10/site-packages/airflow/example_dags/example_skip_dag.py
[2023-05-07T22:37:54.206+0000] {processor.py:753} INFO - DAG(s) dict_keys(['example_skip_dag']) retrieved from /usr/local/python/3.10.4/lib/python3.10/site-packages/airflow/example_dags/example_skip_dag.py
[2023-05-07T22:37:54.225+0000] {logging_mixin.py:137} INFO - [2023-05-07T22:37:54.225+0000] {dag.py:2690} INFO - Sync 1 DAGs
[2023-05-07T22:37:54.242+0000] {logging_mixin.py:137} INFO - [2023-05-07T22:37:54.242+0000] {dag.py:3437} INFO - Setting next_dagrun for example_skip_dag to 2023-05-06T22:37:54.241981+00:00, run_after=2023-05-07T22:37:54.241981+00:00
[2023-05-07T22:37:54.282+0000] {processor.py:175} INFO - Processing /usr/local/python/3.10.4/lib/python3.10/site-packages/airflow/example_dags/example_skip_dag.py took 0.094 seconds
[2023-05-07T22:38:39.505+0000] {processor.py:153} INFO - Started process (PID=17004) to work on /usr/local/python/3.10.4/lib/python3.10/site-packages/airflow/example_dags/example_skip_dag.py
[2023-05-07T22:38:39.506+0000] {processor.py:743} INFO - Processing file /usr/local/python/3.10.4/lib/python3.10/site-packages/airflow/example_dags/example_skip_dag.py for tasks to queue
[2023-05-07T22:38:39.507+0000] {logging_mixin.py:137} INFO - [2023-05-07T22:38:39.507+0000] {dagbag.py:538} INFO - Filling up the DagBag from /usr/local/python/3.10.4/lib/python3.10/site-packages/airflow/example_dags/example_skip_dag.py
[2023-05-07T22:38:39.520+0000] {processor.py:753} INFO - DAG(s) dict_keys(['example_skip_dag']) retrieved from /usr/local/python/3.10.4/lib/python3.10/site-packages/airflow/example_dags/example_skip_dag.py
[2023-05-07T22:38:39.536+0000] {logging_mixin.py:137} INFO - [2023-05-07T22:38:39.536+0000] {dag.py:2690} INFO - Sync 1 DAGs
[2023-05-07T22:38:39.553+0000] {logging_mixin.py:137} INFO - [2023-05-07T22:38:39.553+0000] {dag.py:3437} INFO - Setting next_dagrun for example_skip_dag to 2023-05-06T22:38:39.553654+00:00, run_after=2023-05-07T22:38:39.553654+00:00
[2023-05-07T22:38:39.595+0000] {processor.py:175} INFO - Processing /usr/local/python/3.10.4/lib/python3.10/site-packages/airflow/example_dags/example_skip_dag.py took 0.092 seconds
[2023-05-07T22:39:22.268+0000] {processor.py:153} INFO - Started process (PID=17308) to work on /usr/local/python/3.10.4/lib/python3.10/site-packages/airflow/example_dags/example_skip_dag.py
[2023-05-07T22:39:22.269+0000] {processor.py:743} INFO - Processing file /usr/local/python/3.10.4/lib/python3.10/site-packages/airflow/example_dags/example_skip_dag.py for tasks to queue
[2023-05-07T22:39:22.270+0000] {logging_mixin.py:137} INFO - [2023-05-07T22:39:22.269+0000] {dagbag.py:538} INFO - Filling up the DagBag from /usr/local/python/3.10.4/lib/python3.10/site-packages/airflow/example_dags/example_skip_dag.py
[2023-05-07T22:39:22.282+0000] {processor.py:753} INFO - DAG(s) dict_keys(['example_skip_dag']) retrieved from /usr/local/python/3.10.4/lib/python3.10/site-packages/airflow/example_dags/example_skip_dag.py
[2023-05-07T22:39:22.298+0000] {logging_mixin.py:137} INFO - [2023-05-07T22:39:22.298+0000] {dag.py:2690} INFO - Sync 1 DAGs
[2023-05-07T22:39:22.315+0000] {logging_mixin.py:137} INFO - [2023-05-07T22:39:22.315+0000] {dag.py:3437} INFO - Setting next_dagrun for example_skip_dag to 2023-05-06T22:39:22.315403+00:00, run_after=2023-05-07T22:39:22.315403+00:00
[2023-05-07T22:39:22.362+0000] {processor.py:175} INFO - Processing /usr/local/python/3.10.4/lib/python3.10/site-packages/airflow/example_dags/example_skip_dag.py took 0.097 seconds
[2023-05-07T22:40:06.502+0000] {processor.py:153} INFO - Started process (PID=17633) to work on /usr/local/python/3.10.4/lib/python3.10/site-packages/airflow/example_dags/example_skip_dag.py
[2023-05-07T22:40:06.502+0000] {processor.py:743} INFO - Processing file /usr/local/python/3.10.4/lib/python3.10/site-packages/airflow/example_dags/example_skip_dag.py for tasks to queue
[2023-05-07T22:40:06.503+0000] {logging_mixin.py:137} INFO - [2023-05-07T22:40:06.503+0000] {dagbag.py:538} INFO - Filling up the DagBag from /usr/local/python/3.10.4/lib/python3.10/site-packages/airflow/example_dags/example_skip_dag.py
[2023-05-07T22:40:06.516+0000] {processor.py:753} INFO - DAG(s) dict_keys(['example_skip_dag']) retrieved from /usr/local/python/3.10.4/lib/python3.10/site-packages/airflow/example_dags/example_skip_dag.py
[2023-05-07T22:40:06.533+0000] {logging_mixin.py:137} INFO - [2023-05-07T22:40:06.532+0000] {dag.py:2690} INFO - Sync 1 DAGs
[2023-05-07T22:40:06.551+0000] {logging_mixin.py:137} INFO - [2023-05-07T22:40:06.551+0000] {dag.py:3437} INFO - Setting next_dagrun for example_skip_dag to 2023-05-06T22:40:06.550899+00:00, run_after=2023-05-07T22:40:06.550899+00:00
[2023-05-07T22:40:06.594+0000] {processor.py:175} INFO - Processing /usr/local/python/3.10.4/lib/python3.10/site-packages/airflow/example_dags/example_skip_dag.py took 0.095 seconds
[2023-05-07T22:40:48.188+0000] {processor.py:153} INFO - Started process (PID=17963) to work on /usr/local/python/3.10.4/lib/python3.10/site-packages/airflow/example_dags/example_skip_dag.py
[2023-05-07T22:40:48.189+0000] {processor.py:743} INFO - Processing file /usr/local/python/3.10.4/lib/python3.10/site-packages/airflow/example_dags/example_skip_dag.py for tasks to queue
[2023-05-07T22:40:48.189+0000] {logging_mixin.py:137} INFO - [2023-05-07T22:40:48.189+0000] {dagbag.py:538} INFO - Filling up the DagBag from /usr/local/python/3.10.4/lib/python3.10/site-packages/airflow/example_dags/example_skip_dag.py
[2023-05-07T22:40:48.202+0000] {processor.py:753} INFO - DAG(s) dict_keys(['example_skip_dag']) retrieved from /usr/local/python/3.10.4/lib/python3.10/site-packages/airflow/example_dags/example_skip_dag.py
[2023-05-07T22:40:48.222+0000] {logging_mixin.py:137} INFO - [2023-05-07T22:40:48.221+0000] {dag.py:2690} INFO - Sync 1 DAGs
[2023-05-07T22:40:48.239+0000] {logging_mixin.py:137} INFO - [2023-05-07T22:40:48.238+0000] {dag.py:3437} INFO - Setting next_dagrun for example_skip_dag to 2023-05-06T22:40:48.238780+00:00, run_after=2023-05-07T22:40:48.238780+00:00
[2023-05-07T22:40:48.279+0000] {processor.py:175} INFO - Processing /usr/local/python/3.10.4/lib/python3.10/site-packages/airflow/example_dags/example_skip_dag.py took 0.094 seconds
[2023-05-07T22:41:27.742+0000] {processor.py:153} INFO - Started process (PID=18236) to work on /usr/local/python/3.10.4/lib/python3.10/site-packages/airflow/example_dags/example_skip_dag.py
[2023-05-07T22:41:27.742+0000] {processor.py:743} INFO - Processing file /usr/local/python/3.10.4/lib/python3.10/site-packages/airflow/example_dags/example_skip_dag.py for tasks to queue
[2023-05-07T22:41:27.743+0000] {logging_mixin.py:137} INFO - [2023-05-07T22:41:27.743+0000] {dagbag.py:538} INFO - Filling up the DagBag from /usr/local/python/3.10.4/lib/python3.10/site-packages/airflow/example_dags/example_skip_dag.py
[2023-05-07T22:41:27.756+0000] {processor.py:753} INFO - DAG(s) dict_keys(['example_skip_dag']) retrieved from /usr/local/python/3.10.4/lib/python3.10/site-packages/airflow/example_dags/example_skip_dag.py
[2023-05-07T22:41:27.780+0000] {logging_mixin.py:137} INFO - [2023-05-07T22:41:27.780+0000] {dag.py:2690} INFO - Sync 1 DAGs
[2023-05-07T22:41:27.806+0000] {logging_mixin.py:137} INFO - [2023-05-07T22:41:27.806+0000] {dag.py:3437} INFO - Setting next_dagrun for example_skip_dag to 2023-05-06T22:41:27.805829+00:00, run_after=2023-05-07T22:41:27.805829+00:00
[2023-05-07T22:41:27.851+0000] {processor.py:175} INFO - Processing /usr/local/python/3.10.4/lib/python3.10/site-packages/airflow/example_dags/example_skip_dag.py took 0.112 seconds
[2023-05-07T22:42:08.270+0000] {processor.py:153} INFO - Started process (PID=18562) to work on /usr/local/python/3.10.4/lib/python3.10/site-packages/airflow/example_dags/example_skip_dag.py
[2023-05-07T22:42:08.271+0000] {processor.py:743} INFO - Processing file /usr/local/python/3.10.4/lib/python3.10/site-packages/airflow/example_dags/example_skip_dag.py for tasks to queue
[2023-05-07T22:42:08.271+0000] {logging_mixin.py:137} INFO - [2023-05-07T22:42:08.271+0000] {dagbag.py:538} INFO - Filling up the DagBag from /usr/local/python/3.10.4/lib/python3.10/site-packages/airflow/example_dags/example_skip_dag.py
[2023-05-07T22:42:08.285+0000] {processor.py:753} INFO - DAG(s) dict_keys(['example_skip_dag']) retrieved from /usr/local/python/3.10.4/lib/python3.10/site-packages/airflow/example_dags/example_skip_dag.py
[2023-05-07T22:42:08.301+0000] {logging_mixin.py:137} INFO - [2023-05-07T22:42:08.301+0000] {dag.py:2690} INFO - Sync 1 DAGs
[2023-05-07T22:42:08.319+0000] {logging_mixin.py:137} INFO - [2023-05-07T22:42:08.319+0000] {dag.py:3437} INFO - Setting next_dagrun for example_skip_dag to 2023-05-06T22:42:08.319010+00:00, run_after=2023-05-07T22:42:08.319010+00:00
[2023-05-07T22:42:08.359+0000] {processor.py:175} INFO - Processing /usr/local/python/3.10.4/lib/python3.10/site-packages/airflow/example_dags/example_skip_dag.py took 0.093 seconds
[2023-05-07T22:42:51.348+0000] {processor.py:153} INFO - Started process (PID=18939) to work on /usr/local/python/3.10.4/lib/python3.10/site-packages/airflow/example_dags/example_skip_dag.py
[2023-05-07T22:42:51.349+0000] {processor.py:743} INFO - Processing file /usr/local/python/3.10.4/lib/python3.10/site-packages/airflow/example_dags/example_skip_dag.py for tasks to queue
[2023-05-07T22:42:51.349+0000] {logging_mixin.py:137} INFO - [2023-05-07T22:42:51.349+0000] {dagbag.py:538} INFO - Filling up the DagBag from /usr/local/python/3.10.4/lib/python3.10/site-packages/airflow/example_dags/example_skip_dag.py
[2023-05-07T22:42:51.364+0000] {processor.py:753} INFO - DAG(s) dict_keys(['example_skip_dag']) retrieved from /usr/local/python/3.10.4/lib/python3.10/site-packages/airflow/example_dags/example_skip_dag.py
[2023-05-07T22:42:51.384+0000] {logging_mixin.py:137} INFO - [2023-05-07T22:42:51.384+0000] {dag.py:2690} INFO - Sync 1 DAGs
[2023-05-07T22:42:51.411+0000] {logging_mixin.py:137} INFO - [2023-05-07T22:42:51.410+0000] {dag.py:3437} INFO - Setting next_dagrun for example_skip_dag to 2023-05-06T22:42:51.410545+00:00, run_after=2023-05-07T22:42:51.410545+00:00
[2023-05-07T22:42:51.471+0000] {processor.py:175} INFO - Processing /usr/local/python/3.10.4/lib/python3.10/site-packages/airflow/example_dags/example_skip_dag.py took 0.126 seconds
[2023-05-07T22:43:35.009+0000] {processor.py:153} INFO - Started process (PID=19438) to work on /usr/local/python/3.10.4/lib/python3.10/site-packages/airflow/example_dags/example_skip_dag.py
[2023-05-07T22:43:35.010+0000] {processor.py:743} INFO - Processing file /usr/local/python/3.10.4/lib/python3.10/site-packages/airflow/example_dags/example_skip_dag.py for tasks to queue
[2023-05-07T22:43:35.011+0000] {logging_mixin.py:137} INFO - [2023-05-07T22:43:35.011+0000] {dagbag.py:538} INFO - Filling up the DagBag from /usr/local/python/3.10.4/lib/python3.10/site-packages/airflow/example_dags/example_skip_dag.py
[2023-05-07T22:43:35.033+0000] {processor.py:753} INFO - DAG(s) dict_keys(['example_skip_dag']) retrieved from /usr/local/python/3.10.4/lib/python3.10/site-packages/airflow/example_dags/example_skip_dag.py
[2023-05-07T22:43:35.052+0000] {logging_mixin.py:137} INFO - [2023-05-07T22:43:35.052+0000] {dag.py:2690} INFO - Sync 1 DAGs
[2023-05-07T22:43:35.075+0000] {logging_mixin.py:137} INFO - [2023-05-07T22:43:35.075+0000] {dag.py:3437} INFO - Setting next_dagrun for example_skip_dag to 2023-05-06T22:43:35.074776+00:00, run_after=2023-05-07T22:43:35.074776+00:00
[2023-05-07T22:43:35.116+0000] {processor.py:175} INFO - Processing /usr/local/python/3.10.4/lib/python3.10/site-packages/airflow/example_dags/example_skip_dag.py took 0.112 seconds
[2023-05-07T22:44:15.682+0000] {processor.py:153} INFO - Started process (PID=19854) to work on /usr/local/python/3.10.4/lib/python3.10/site-packages/airflow/example_dags/example_skip_dag.py
[2023-05-07T22:44:15.682+0000] {processor.py:743} INFO - Processing file /usr/local/python/3.10.4/lib/python3.10/site-packages/airflow/example_dags/example_skip_dag.py for tasks to queue
[2023-05-07T22:44:15.683+0000] {logging_mixin.py:137} INFO - [2023-05-07T22:44:15.683+0000] {dagbag.py:538} INFO - Filling up the DagBag from /usr/local/python/3.10.4/lib/python3.10/site-packages/airflow/example_dags/example_skip_dag.py
[2023-05-07T22:44:15.696+0000] {processor.py:753} INFO - DAG(s) dict_keys(['example_skip_dag']) retrieved from /usr/local/python/3.10.4/lib/python3.10/site-packages/airflow/example_dags/example_skip_dag.py
[2023-05-07T22:44:15.712+0000] {logging_mixin.py:137} INFO - [2023-05-07T22:44:15.712+0000] {dag.py:2690} INFO - Sync 1 DAGs
[2023-05-07T22:44:15.730+0000] {logging_mixin.py:137} INFO - [2023-05-07T22:44:15.730+0000] {dag.py:3437} INFO - Setting next_dagrun for example_skip_dag to 2023-05-06T22:44:15.729798+00:00, run_after=2023-05-07T22:44:15.729798+00:00
[2023-05-07T22:44:15.777+0000] {processor.py:175} INFO - Processing /usr/local/python/3.10.4/lib/python3.10/site-packages/airflow/example_dags/example_skip_dag.py took 0.098 seconds
[2023-05-07T22:45:01.212+0000] {processor.py:153} INFO - Started process (PID=20273) to work on /usr/local/python/3.10.4/lib/python3.10/site-packages/airflow/example_dags/example_skip_dag.py
[2023-05-07T22:45:01.213+0000] {processor.py:743} INFO - Processing file /usr/local/python/3.10.4/lib/python3.10/site-packages/airflow/example_dags/example_skip_dag.py for tasks to queue
[2023-05-07T22:45:01.213+0000] {logging_mixin.py:137} INFO - [2023-05-07T22:45:01.213+0000] {dagbag.py:538} INFO - Filling up the DagBag from /usr/local/python/3.10.4/lib/python3.10/site-packages/airflow/example_dags/example_skip_dag.py
[2023-05-07T22:45:01.262+0000] {processor.py:753} INFO - DAG(s) dict_keys(['example_skip_dag']) retrieved from /usr/local/python/3.10.4/lib/python3.10/site-packages/airflow/example_dags/example_skip_dag.py
[2023-05-07T22:45:01.286+0000] {logging_mixin.py:137} INFO - [2023-05-07T22:45:01.286+0000] {dag.py:2690} INFO - Sync 1 DAGs
[2023-05-07T22:45:01.328+0000] {logging_mixin.py:137} INFO - [2023-05-07T22:45:01.328+0000] {dag.py:3437} INFO - Setting next_dagrun for example_skip_dag to 2023-05-06T22:45:01.327822+00:00, run_after=2023-05-07T22:45:01.327822+00:00
[2023-05-07T22:45:01.372+0000] {processor.py:175} INFO - Processing /usr/local/python/3.10.4/lib/python3.10/site-packages/airflow/example_dags/example_skip_dag.py took 0.180 seconds
[2023-05-07T22:45:44.526+0000] {processor.py:153} INFO - Started process (PID=20690) to work on /usr/local/python/3.10.4/lib/python3.10/site-packages/airflow/example_dags/example_skip_dag.py
[2023-05-07T22:45:44.527+0000] {processor.py:743} INFO - Processing file /usr/local/python/3.10.4/lib/python3.10/site-packages/airflow/example_dags/example_skip_dag.py for tasks to queue
[2023-05-07T22:45:44.527+0000] {logging_mixin.py:137} INFO - [2023-05-07T22:45:44.527+0000] {dagbag.py:538} INFO - Filling up the DagBag from /usr/local/python/3.10.4/lib/python3.10/site-packages/airflow/example_dags/example_skip_dag.py
[2023-05-07T22:45:44.540+0000] {processor.py:753} INFO - DAG(s) dict_keys(['example_skip_dag']) retrieved from /usr/local/python/3.10.4/lib/python3.10/site-packages/airflow/example_dags/example_skip_dag.py
[2023-05-07T22:45:44.557+0000] {logging_mixin.py:137} INFO - [2023-05-07T22:45:44.557+0000] {dag.py:2690} INFO - Sync 1 DAGs
[2023-05-07T22:45:44.579+0000] {logging_mixin.py:137} INFO - [2023-05-07T22:45:44.578+0000] {dag.py:3437} INFO - Setting next_dagrun for example_skip_dag to 2023-05-06T22:45:44.578565+00:00, run_after=2023-05-07T22:45:44.578565+00:00
[2023-05-07T22:45:44.625+0000] {processor.py:175} INFO - Processing /usr/local/python/3.10.4/lib/python3.10/site-packages/airflow/example_dags/example_skip_dag.py took 0.103 seconds
[2023-05-07T22:46:26.847+0000] {processor.py:153} INFO - Started process (PID=21136) to work on /usr/local/python/3.10.4/lib/python3.10/site-packages/airflow/example_dags/example_skip_dag.py
[2023-05-07T22:46:26.848+0000] {processor.py:743} INFO - Processing file /usr/local/python/3.10.4/lib/python3.10/site-packages/airflow/example_dags/example_skip_dag.py for tasks to queue
[2023-05-07T22:46:26.849+0000] {logging_mixin.py:137} INFO - [2023-05-07T22:46:26.848+0000] {dagbag.py:538} INFO - Filling up the DagBag from /usr/local/python/3.10.4/lib/python3.10/site-packages/airflow/example_dags/example_skip_dag.py
[2023-05-07T22:46:26.862+0000] {processor.py:753} INFO - DAG(s) dict_keys(['example_skip_dag']) retrieved from /usr/local/python/3.10.4/lib/python3.10/site-packages/airflow/example_dags/example_skip_dag.py
[2023-05-07T22:46:26.878+0000] {logging_mixin.py:137} INFO - [2023-05-07T22:46:26.878+0000] {dag.py:2690} INFO - Sync 1 DAGs
[2023-05-07T22:46:26.894+0000] {logging_mixin.py:137} INFO - [2023-05-07T22:46:26.894+0000] {dag.py:3437} INFO - Setting next_dagrun for example_skip_dag to 2023-05-06T22:46:26.894397+00:00, run_after=2023-05-07T22:46:26.894397+00:00
[2023-05-07T22:46:26.935+0000] {processor.py:175} INFO - Processing /usr/local/python/3.10.4/lib/python3.10/site-packages/airflow/example_dags/example_skip_dag.py took 0.091 seconds
[2023-05-07T22:47:11.825+0000] {processor.py:153} INFO - Started process (PID=21536) to work on /usr/local/python/3.10.4/lib/python3.10/site-packages/airflow/example_dags/example_skip_dag.py
[2023-05-07T22:47:11.826+0000] {processor.py:743} INFO - Processing file /usr/local/python/3.10.4/lib/python3.10/site-packages/airflow/example_dags/example_skip_dag.py for tasks to queue
[2023-05-07T22:47:11.826+0000] {logging_mixin.py:137} INFO - [2023-05-07T22:47:11.826+0000] {dagbag.py:538} INFO - Filling up the DagBag from /usr/local/python/3.10.4/lib/python3.10/site-packages/airflow/example_dags/example_skip_dag.py
[2023-05-07T22:47:11.840+0000] {processor.py:753} INFO - DAG(s) dict_keys(['example_skip_dag']) retrieved from /usr/local/python/3.10.4/lib/python3.10/site-packages/airflow/example_dags/example_skip_dag.py
[2023-05-07T22:47:11.858+0000] {logging_mixin.py:137} INFO - [2023-05-07T22:47:11.858+0000] {dag.py:2690} INFO - Sync 1 DAGs
[2023-05-07T22:47:11.875+0000] {logging_mixin.py:137} INFO - [2023-05-07T22:47:11.875+0000] {dag.py:3437} INFO - Setting next_dagrun for example_skip_dag to 2023-05-06T22:47:11.875519+00:00, run_after=2023-05-07T22:47:11.875519+00:00
[2023-05-07T22:47:11.917+0000] {processor.py:175} INFO - Processing /usr/local/python/3.10.4/lib/python3.10/site-packages/airflow/example_dags/example_skip_dag.py took 0.095 seconds
[2023-05-07T22:47:52.483+0000] {processor.py:153} INFO - Started process (PID=21823) to work on /usr/local/python/3.10.4/lib/python3.10/site-packages/airflow/example_dags/example_skip_dag.py
[2023-05-07T22:47:52.484+0000] {processor.py:743} INFO - Processing file /usr/local/python/3.10.4/lib/python3.10/site-packages/airflow/example_dags/example_skip_dag.py for tasks to queue
[2023-05-07T22:47:52.485+0000] {logging_mixin.py:137} INFO - [2023-05-07T22:47:52.484+0000] {dagbag.py:538} INFO - Filling up the DagBag from /usr/local/python/3.10.4/lib/python3.10/site-packages/airflow/example_dags/example_skip_dag.py
[2023-05-07T22:47:52.503+0000] {processor.py:753} INFO - DAG(s) dict_keys(['example_skip_dag']) retrieved from /usr/local/python/3.10.4/lib/python3.10/site-packages/airflow/example_dags/example_skip_dag.py
[2023-05-07T22:47:52.520+0000] {logging_mixin.py:137} INFO - [2023-05-07T22:47:52.519+0000] {dag.py:2690} INFO - Sync 1 DAGs
[2023-05-07T22:47:52.537+0000] {logging_mixin.py:137} INFO - [2023-05-07T22:47:52.537+0000] {dag.py:3437} INFO - Setting next_dagrun for example_skip_dag to 2023-05-06T22:47:52.536833+00:00, run_after=2023-05-07T22:47:52.536833+00:00
[2023-05-07T22:47:52.578+0000] {processor.py:175} INFO - Processing /usr/local/python/3.10.4/lib/python3.10/site-packages/airflow/example_dags/example_skip_dag.py took 0.101 seconds
[2023-05-07T22:48:37.258+0000] {processor.py:153} INFO - Started process (PID=22236) to work on /usr/local/python/3.10.4/lib/python3.10/site-packages/airflow/example_dags/example_skip_dag.py
[2023-05-07T22:48:37.258+0000] {processor.py:743} INFO - Processing file /usr/local/python/3.10.4/lib/python3.10/site-packages/airflow/example_dags/example_skip_dag.py for tasks to queue
[2023-05-07T22:48:37.259+0000] {logging_mixin.py:137} INFO - [2023-05-07T22:48:37.259+0000] {dagbag.py:538} INFO - Filling up the DagBag from /usr/local/python/3.10.4/lib/python3.10/site-packages/airflow/example_dags/example_skip_dag.py
[2023-05-07T22:48:37.272+0000] {processor.py:753} INFO - DAG(s) dict_keys(['example_skip_dag']) retrieved from /usr/local/python/3.10.4/lib/python3.10/site-packages/airflow/example_dags/example_skip_dag.py
[2023-05-07T22:48:37.288+0000] {logging_mixin.py:137} INFO - [2023-05-07T22:48:37.288+0000] {dag.py:2690} INFO - Sync 1 DAGs
[2023-05-07T22:48:37.306+0000] {logging_mixin.py:137} INFO - [2023-05-07T22:48:37.306+0000] {dag.py:3437} INFO - Setting next_dagrun for example_skip_dag to 2023-05-06T22:48:37.305912+00:00, run_after=2023-05-07T22:48:37.305912+00:00
[2023-05-07T22:48:37.349+0000] {processor.py:175} INFO - Processing /usr/local/python/3.10.4/lib/python3.10/site-packages/airflow/example_dags/example_skip_dag.py took 0.094 seconds
[2023-05-07T22:49:22.242+0000] {processor.py:153} INFO - Started process (PID=22704) to work on /usr/local/python/3.10.4/lib/python3.10/site-packages/airflow/example_dags/example_skip_dag.py
[2023-05-07T22:49:22.243+0000] {processor.py:743} INFO - Processing file /usr/local/python/3.10.4/lib/python3.10/site-packages/airflow/example_dags/example_skip_dag.py for tasks to queue
[2023-05-07T22:49:22.244+0000] {logging_mixin.py:137} INFO - [2023-05-07T22:49:22.244+0000] {dagbag.py:538} INFO - Filling up the DagBag from /usr/local/python/3.10.4/lib/python3.10/site-packages/airflow/example_dags/example_skip_dag.py
[2023-05-07T22:49:22.257+0000] {processor.py:753} INFO - DAG(s) dict_keys(['example_skip_dag']) retrieved from /usr/local/python/3.10.4/lib/python3.10/site-packages/airflow/example_dags/example_skip_dag.py
[2023-05-07T22:49:22.274+0000] {logging_mixin.py:137} INFO - [2023-05-07T22:49:22.274+0000] {dag.py:2690} INFO - Sync 1 DAGs
[2023-05-07T22:49:22.291+0000] {logging_mixin.py:137} INFO - [2023-05-07T22:49:22.291+0000] {dag.py:3437} INFO - Setting next_dagrun for example_skip_dag to 2023-05-06T22:49:22.291485+00:00, run_after=2023-05-07T22:49:22.291485+00:00
[2023-05-07T22:49:22.333+0000] {processor.py:175} INFO - Processing /usr/local/python/3.10.4/lib/python3.10/site-packages/airflow/example_dags/example_skip_dag.py took 0.093 seconds
[2023-05-07T22:50:04.836+0000] {processor.py:153} INFO - Started process (PID=23094) to work on /usr/local/python/3.10.4/lib/python3.10/site-packages/airflow/example_dags/example_skip_dag.py
[2023-05-07T22:50:04.837+0000] {processor.py:743} INFO - Processing file /usr/local/python/3.10.4/lib/python3.10/site-packages/airflow/example_dags/example_skip_dag.py for tasks to queue
[2023-05-07T22:50:04.838+0000] {logging_mixin.py:137} INFO - [2023-05-07T22:50:04.838+0000] {dagbag.py:538} INFO - Filling up the DagBag from /usr/local/python/3.10.4/lib/python3.10/site-packages/airflow/example_dags/example_skip_dag.py
[2023-05-07T22:50:04.850+0000] {processor.py:753} INFO - DAG(s) dict_keys(['example_skip_dag']) retrieved from /usr/local/python/3.10.4/lib/python3.10/site-packages/airflow/example_dags/example_skip_dag.py
[2023-05-07T22:50:04.868+0000] {logging_mixin.py:137} INFO - [2023-05-07T22:50:04.867+0000] {dag.py:2690} INFO - Sync 1 DAGs
[2023-05-07T22:50:04.884+0000] {logging_mixin.py:137} INFO - [2023-05-07T22:50:04.884+0000] {dag.py:3437} INFO - Setting next_dagrun for example_skip_dag to 2023-05-06T22:50:04.884191+00:00, run_after=2023-05-07T22:50:04.884191+00:00
[2023-05-07T22:50:04.925+0000] {processor.py:175} INFO - Processing /usr/local/python/3.10.4/lib/python3.10/site-packages/airflow/example_dags/example_skip_dag.py took 0.092 seconds
[2023-05-07T22:50:47.300+0000] {processor.py:153} INFO - Started process (PID=23407) to work on /usr/local/python/3.10.4/lib/python3.10/site-packages/airflow/example_dags/example_skip_dag.py
[2023-05-07T22:50:47.300+0000] {processor.py:743} INFO - Processing file /usr/local/python/3.10.4/lib/python3.10/site-packages/airflow/example_dags/example_skip_dag.py for tasks to queue
[2023-05-07T22:50:47.302+0000] {logging_mixin.py:137} INFO - [2023-05-07T22:50:47.302+0000] {dagbag.py:538} INFO - Filling up the DagBag from /usr/local/python/3.10.4/lib/python3.10/site-packages/airflow/example_dags/example_skip_dag.py
[2023-05-07T22:50:47.316+0000] {processor.py:753} INFO - DAG(s) dict_keys(['example_skip_dag']) retrieved from /usr/local/python/3.10.4/lib/python3.10/site-packages/airflow/example_dags/example_skip_dag.py
[2023-05-07T22:50:47.332+0000] {logging_mixin.py:137} INFO - [2023-05-07T22:50:47.332+0000] {dag.py:2690} INFO - Sync 1 DAGs
[2023-05-07T22:50:47.349+0000] {logging_mixin.py:137} INFO - [2023-05-07T22:50:47.349+0000] {dag.py:3437} INFO - Setting next_dagrun for example_skip_dag to 2023-05-06T22:50:47.349469+00:00, run_after=2023-05-07T22:50:47.349469+00:00
[2023-05-07T22:50:47.390+0000] {processor.py:175} INFO - Processing /usr/local/python/3.10.4/lib/python3.10/site-packages/airflow/example_dags/example_skip_dag.py took 0.094 seconds
[2023-05-07T22:51:24.562+0000] {processor.py:153} INFO - Started process (PID=23742) to work on /usr/local/python/3.10.4/lib/python3.10/site-packages/airflow/example_dags/example_skip_dag.py
[2023-05-07T22:51:24.562+0000] {processor.py:743} INFO - Processing file /usr/local/python/3.10.4/lib/python3.10/site-packages/airflow/example_dags/example_skip_dag.py for tasks to queue
[2023-05-07T22:51:24.563+0000] {logging_mixin.py:137} INFO - [2023-05-07T22:51:24.563+0000] {dagbag.py:538} INFO - Filling up the DagBag from /usr/local/python/3.10.4/lib/python3.10/site-packages/airflow/example_dags/example_skip_dag.py
[2023-05-07T22:51:24.576+0000] {processor.py:753} INFO - DAG(s) dict_keys(['example_skip_dag']) retrieved from /usr/local/python/3.10.4/lib/python3.10/site-packages/airflow/example_dags/example_skip_dag.py
[2023-05-07T22:51:24.592+0000] {logging_mixin.py:137} INFO - [2023-05-07T22:51:24.592+0000] {dag.py:2690} INFO - Sync 1 DAGs
[2023-05-07T22:51:24.609+0000] {logging_mixin.py:137} INFO - [2023-05-07T22:51:24.609+0000] {dag.py:3437} INFO - Setting next_dagrun for example_skip_dag to 2023-05-06T22:51:24.609060+00:00, run_after=2023-05-07T22:51:24.609060+00:00
[2023-05-07T22:51:24.661+0000] {processor.py:175} INFO - Processing /usr/local/python/3.10.4/lib/python3.10/site-packages/airflow/example_dags/example_skip_dag.py took 0.102 seconds
[2023-05-07T22:52:06.342+0000] {processor.py:153} INFO - Started process (PID=23970) to work on /usr/local/python/3.10.4/lib/python3.10/site-packages/airflow/example_dags/example_skip_dag.py
[2023-05-07T22:52:06.343+0000] {processor.py:743} INFO - Processing file /usr/local/python/3.10.4/lib/python3.10/site-packages/airflow/example_dags/example_skip_dag.py for tasks to queue
[2023-05-07T22:52:06.344+0000] {logging_mixin.py:137} INFO - [2023-05-07T22:52:06.344+0000] {dagbag.py:538} INFO - Filling up the DagBag from /usr/local/python/3.10.4/lib/python3.10/site-packages/airflow/example_dags/example_skip_dag.py
[2023-05-07T22:52:06.364+0000] {processor.py:753} INFO - DAG(s) dict_keys(['example_skip_dag']) retrieved from /usr/local/python/3.10.4/lib/python3.10/site-packages/airflow/example_dags/example_skip_dag.py
[2023-05-07T22:52:06.391+0000] {logging_mixin.py:137} INFO - [2023-05-07T22:52:06.391+0000] {dag.py:2690} INFO - Sync 1 DAGs
[2023-05-07T22:52:06.421+0000] {logging_mixin.py:137} INFO - [2023-05-07T22:52:06.421+0000] {dag.py:3437} INFO - Setting next_dagrun for example_skip_dag to 2023-05-06T22:52:06.420613+00:00, run_after=2023-05-07T22:52:06.420613+00:00
[2023-05-07T22:52:06.470+0000] {processor.py:175} INFO - Processing /usr/local/python/3.10.4/lib/python3.10/site-packages/airflow/example_dags/example_skip_dag.py took 0.131 seconds
[2023-05-07T22:52:50.432+0000] {processor.py:153} INFO - Started process (PID=24125) to work on /usr/local/python/3.10.4/lib/python3.10/site-packages/airflow/example_dags/example_skip_dag.py
[2023-05-07T22:52:50.433+0000] {processor.py:743} INFO - Processing file /usr/local/python/3.10.4/lib/python3.10/site-packages/airflow/example_dags/example_skip_dag.py for tasks to queue
[2023-05-07T22:52:50.433+0000] {logging_mixin.py:137} INFO - [2023-05-07T22:52:50.433+0000] {dagbag.py:538} INFO - Filling up the DagBag from /usr/local/python/3.10.4/lib/python3.10/site-packages/airflow/example_dags/example_skip_dag.py
[2023-05-07T22:52:50.446+0000] {processor.py:753} INFO - DAG(s) dict_keys(['example_skip_dag']) retrieved from /usr/local/python/3.10.4/lib/python3.10/site-packages/airflow/example_dags/example_skip_dag.py
[2023-05-07T22:52:50.463+0000] {logging_mixin.py:137} INFO - [2023-05-07T22:52:50.463+0000] {dag.py:2690} INFO - Sync 1 DAGs
[2023-05-07T22:52:50.480+0000] {logging_mixin.py:137} INFO - [2023-05-07T22:52:50.480+0000] {dag.py:3437} INFO - Setting next_dagrun for example_skip_dag to 2023-05-06T22:52:50.480386+00:00, run_after=2023-05-07T22:52:50.480386+00:00
[2023-05-07T22:52:50.522+0000] {processor.py:175} INFO - Processing /usr/local/python/3.10.4/lib/python3.10/site-packages/airflow/example_dags/example_skip_dag.py took 0.093 seconds
[2023-05-07T22:53:33.621+0000] {processor.py:153} INFO - Started process (PID=25205) to work on /usr/local/python/3.10.4/lib/python3.10/site-packages/airflow/example_dags/example_skip_dag.py
[2023-05-07T22:53:33.622+0000] {processor.py:743} INFO - Processing file /usr/local/python/3.10.4/lib/python3.10/site-packages/airflow/example_dags/example_skip_dag.py for tasks to queue
[2023-05-07T22:53:33.623+0000] {logging_mixin.py:137} INFO - [2023-05-07T22:53:33.623+0000] {dagbag.py:538} INFO - Filling up the DagBag from /usr/local/python/3.10.4/lib/python3.10/site-packages/airflow/example_dags/example_skip_dag.py
[2023-05-07T22:53:33.635+0000] {processor.py:753} INFO - DAG(s) dict_keys(['example_skip_dag']) retrieved from /usr/local/python/3.10.4/lib/python3.10/site-packages/airflow/example_dags/example_skip_dag.py
[2023-05-07T22:53:33.652+0000] {logging_mixin.py:137} INFO - [2023-05-07T22:53:33.651+0000] {dag.py:2690} INFO - Sync 1 DAGs
[2023-05-07T22:53:33.669+0000] {logging_mixin.py:137} INFO - [2023-05-07T22:53:33.668+0000] {dag.py:3437} INFO - Setting next_dagrun for example_skip_dag to 2023-05-06T22:53:33.668743+00:00, run_after=2023-05-07T22:53:33.668743+00:00
[2023-05-07T22:53:33.710+0000] {processor.py:175} INFO - Processing /usr/local/python/3.10.4/lib/python3.10/site-packages/airflow/example_dags/example_skip_dag.py took 0.092 seconds
