[2023-05-07T22:22:35.622+0000] {processor.py:153} INFO - Started process (PID=10001) to work on /usr/local/python/3.10.4/lib/python3.10/site-packages/airflow/example_dags/example_branch_python_dop_operator_3.py
[2023-05-07T22:22:35.622+0000] {processor.py:743} INFO - Processing file /usr/local/python/3.10.4/lib/python3.10/site-packages/airflow/example_dags/example_branch_python_dop_operator_3.py for tasks to queue
[2023-05-07T22:22:35.623+0000] {logging_mixin.py:137} INFO - [2023-05-07T22:22:35.623+0000] {dagbag.py:538} INFO - Filling up the DagBag from /usr/local/python/3.10.4/lib/python3.10/site-packages/airflow/example_dags/example_branch_python_dop_operator_3.py
[2023-05-07T22:22:35.646+0000] {processor.py:753} INFO - DAG(s) dict_keys(['example_branch_dop_operator_v3']) retrieved from /usr/local/python/3.10.4/lib/python3.10/site-packages/airflow/example_dags/example_branch_python_dop_operator_3.py
[2023-05-07T22:22:35.787+0000] {logging_mixin.py:137} INFO - [2023-05-07T22:22:35.787+0000] {manager.py:504} INFO - Created Permission View: can edit on DAG:example_branch_dop_operator_v3
[2023-05-07T22:22:35.821+0000] {logging_mixin.py:137} INFO - [2023-05-07T22:22:35.821+0000] {manager.py:504} INFO - Created Permission View: can delete on DAG:example_branch_dop_operator_v3
[2023-05-07T22:22:35.851+0000] {logging_mixin.py:137} INFO - [2023-05-07T22:22:35.851+0000] {manager.py:504} INFO - Created Permission View: can read on DAG:example_branch_dop_operator_v3
[2023-05-07T22:22:35.851+0000] {logging_mixin.py:137} INFO - [2023-05-07T22:22:35.851+0000] {dag.py:2690} INFO - Sync 1 DAGs
[2023-05-07T22:22:35.860+0000] {logging_mixin.py:137} INFO - [2023-05-07T22:22:35.860+0000] {dag.py:2711} INFO - Creating ORM DAG for example_branch_dop_operator_v3
[2023-05-07T22:22:35.873+0000] {logging_mixin.py:137} INFO - [2023-05-07T22:22:35.872+0000] {dag.py:3437} INFO - Setting next_dagrun for example_branch_dop_operator_v3 to 2023-05-07T22:21:00+00:00, run_after=2023-05-07T22:22:00+00:00
[2023-05-07T22:22:35.917+0000] {processor.py:175} INFO - Processing /usr/local/python/3.10.4/lib/python3.10/site-packages/airflow/example_dags/example_branch_python_dop_operator_3.py took 0.299 seconds
[2023-05-07T22:23:18.048+0000] {processor.py:153} INFO - Started process (PID=10312) to work on /usr/local/python/3.10.4/lib/python3.10/site-packages/airflow/example_dags/example_branch_python_dop_operator_3.py
[2023-05-07T22:23:18.049+0000] {processor.py:743} INFO - Processing file /usr/local/python/3.10.4/lib/python3.10/site-packages/airflow/example_dags/example_branch_python_dop_operator_3.py for tasks to queue
[2023-05-07T22:23:18.049+0000] {logging_mixin.py:137} INFO - [2023-05-07T22:23:18.049+0000] {dagbag.py:538} INFO - Filling up the DagBag from /usr/local/python/3.10.4/lib/python3.10/site-packages/airflow/example_dags/example_branch_python_dop_operator_3.py
[2023-05-07T22:23:18.074+0000] {processor.py:753} INFO - DAG(s) dict_keys(['example_branch_dop_operator_v3']) retrieved from /usr/local/python/3.10.4/lib/python3.10/site-packages/airflow/example_dags/example_branch_python_dop_operator_3.py
[2023-05-07T22:23:18.090+0000] {logging_mixin.py:137} INFO - [2023-05-07T22:23:18.090+0000] {dag.py:2690} INFO - Sync 1 DAGs
[2023-05-07T22:23:18.111+0000] {logging_mixin.py:137} INFO - [2023-05-07T22:23:18.111+0000] {dag.py:3437} INFO - Setting next_dagrun for example_branch_dop_operator_v3 to 2023-05-07T22:22:00+00:00, run_after=2023-05-07T22:23:00+00:00
[2023-05-07T22:23:18.155+0000] {processor.py:175} INFO - Processing /usr/local/python/3.10.4/lib/python3.10/site-packages/airflow/example_dags/example_branch_python_dop_operator_3.py took 0.110 seconds
[2023-05-07T22:24:00.516+0000] {processor.py:153} INFO - Started process (PID=10717) to work on /usr/local/python/3.10.4/lib/python3.10/site-packages/airflow/example_dags/example_branch_python_dop_operator_3.py
[2023-05-07T22:24:00.517+0000] {processor.py:743} INFO - Processing file /usr/local/python/3.10.4/lib/python3.10/site-packages/airflow/example_dags/example_branch_python_dop_operator_3.py for tasks to queue
[2023-05-07T22:24:00.517+0000] {logging_mixin.py:137} INFO - [2023-05-07T22:24:00.517+0000] {dagbag.py:538} INFO - Filling up the DagBag from /usr/local/python/3.10.4/lib/python3.10/site-packages/airflow/example_dags/example_branch_python_dop_operator_3.py
[2023-05-07T22:24:00.542+0000] {processor.py:753} INFO - DAG(s) dict_keys(['example_branch_dop_operator_v3']) retrieved from /usr/local/python/3.10.4/lib/python3.10/site-packages/airflow/example_dags/example_branch_python_dop_operator_3.py
[2023-05-07T22:24:00.557+0000] {logging_mixin.py:137} INFO - [2023-05-07T22:24:00.557+0000] {dag.py:2690} INFO - Sync 1 DAGs
[2023-05-07T22:24:00.579+0000] {logging_mixin.py:137} INFO - [2023-05-07T22:24:00.579+0000] {dag.py:3437} INFO - Setting next_dagrun for example_branch_dop_operator_v3 to 2023-05-07T22:23:00+00:00, run_after=2023-05-07T22:24:00+00:00
[2023-05-07T22:24:00.619+0000] {processor.py:175} INFO - Processing /usr/local/python/3.10.4/lib/python3.10/site-packages/airflow/example_dags/example_branch_python_dop_operator_3.py took 0.107 seconds
[2023-05-07T22:24:55.233+0000] {processor.py:153} INFO - Started process (PID=11145) to work on /usr/local/python/3.10.4/lib/python3.10/site-packages/airflow/example_dags/example_branch_python_dop_operator_3.py
[2023-05-07T22:24:55.238+0000] {processor.py:743} INFO - Processing file /usr/local/python/3.10.4/lib/python3.10/site-packages/airflow/example_dags/example_branch_python_dop_operator_3.py for tasks to queue
[2023-05-07T22:24:55.238+0000] {logging_mixin.py:137} INFO - [2023-05-07T22:24:55.238+0000] {dagbag.py:538} INFO - Filling up the DagBag from /usr/local/python/3.10.4/lib/python3.10/site-packages/airflow/example_dags/example_branch_python_dop_operator_3.py
[2023-05-07T22:24:55.270+0000] {processor.py:753} INFO - DAG(s) dict_keys(['example_branch_dop_operator_v3']) retrieved from /usr/local/python/3.10.4/lib/python3.10/site-packages/airflow/example_dags/example_branch_python_dop_operator_3.py
[2023-05-07T22:24:55.288+0000] {logging_mixin.py:137} INFO - [2023-05-07T22:24:55.288+0000] {dag.py:2690} INFO - Sync 1 DAGs
[2023-05-07T22:24:55.309+0000] {logging_mixin.py:137} INFO - [2023-05-07T22:24:55.309+0000] {dag.py:3437} INFO - Setting next_dagrun for example_branch_dop_operator_v3 to 2023-05-07T22:23:00+00:00, run_after=2023-05-07T22:24:00+00:00
[2023-05-07T22:24:55.352+0000] {processor.py:175} INFO - Processing /usr/local/python/3.10.4/lib/python3.10/site-packages/airflow/example_dags/example_branch_python_dop_operator_3.py took 0.126 seconds
[2023-05-07T22:25:34.899+0000] {processor.py:153} INFO - Started process (PID=11444) to work on /usr/local/python/3.10.4/lib/python3.10/site-packages/airflow/example_dags/example_branch_python_dop_operator_3.py
[2023-05-07T22:25:34.900+0000] {processor.py:743} INFO - Processing file /usr/local/python/3.10.4/lib/python3.10/site-packages/airflow/example_dags/example_branch_python_dop_operator_3.py for tasks to queue
[2023-05-07T22:25:34.901+0000] {logging_mixin.py:137} INFO - [2023-05-07T22:25:34.901+0000] {dagbag.py:538} INFO - Filling up the DagBag from /usr/local/python/3.10.4/lib/python3.10/site-packages/airflow/example_dags/example_branch_python_dop_operator_3.py
[2023-05-07T22:25:34.924+0000] {processor.py:753} INFO - DAG(s) dict_keys(['example_branch_dop_operator_v3']) retrieved from /usr/local/python/3.10.4/lib/python3.10/site-packages/airflow/example_dags/example_branch_python_dop_operator_3.py
[2023-05-07T22:25:34.941+0000] {logging_mixin.py:137} INFO - [2023-05-07T22:25:34.941+0000] {dag.py:2690} INFO - Sync 1 DAGs
[2023-05-07T22:25:34.963+0000] {logging_mixin.py:137} INFO - [2023-05-07T22:25:34.963+0000] {dag.py:3437} INFO - Setting next_dagrun for example_branch_dop_operator_v3 to 2023-05-07T22:24:00+00:00, run_after=2023-05-07T22:25:00+00:00
[2023-05-07T22:25:35.007+0000] {processor.py:175} INFO - Processing /usr/local/python/3.10.4/lib/python3.10/site-packages/airflow/example_dags/example_branch_python_dop_operator_3.py took 0.111 seconds
[2023-05-07T22:26:19.129+0000] {processor.py:153} INFO - Started process (PID=11766) to work on /usr/local/python/3.10.4/lib/python3.10/site-packages/airflow/example_dags/example_branch_python_dop_operator_3.py
[2023-05-07T22:26:19.130+0000] {processor.py:743} INFO - Processing file /usr/local/python/3.10.4/lib/python3.10/site-packages/airflow/example_dags/example_branch_python_dop_operator_3.py for tasks to queue
[2023-05-07T22:26:19.131+0000] {logging_mixin.py:137} INFO - [2023-05-07T22:26:19.131+0000] {dagbag.py:538} INFO - Filling up the DagBag from /usr/local/python/3.10.4/lib/python3.10/site-packages/airflow/example_dags/example_branch_python_dop_operator_3.py
[2023-05-07T22:26:19.155+0000] {processor.py:753} INFO - DAG(s) dict_keys(['example_branch_dop_operator_v3']) retrieved from /usr/local/python/3.10.4/lib/python3.10/site-packages/airflow/example_dags/example_branch_python_dop_operator_3.py
[2023-05-07T22:26:19.175+0000] {logging_mixin.py:137} INFO - [2023-05-07T22:26:19.175+0000] {dag.py:2690} INFO - Sync 1 DAGs
[2023-05-07T22:26:19.198+0000] {logging_mixin.py:137} INFO - [2023-05-07T22:26:19.197+0000] {dag.py:3437} INFO - Setting next_dagrun for example_branch_dop_operator_v3 to 2023-05-07T22:25:00+00:00, run_after=2023-05-07T22:26:00+00:00
[2023-05-07T22:26:19.241+0000] {processor.py:175} INFO - Processing /usr/local/python/3.10.4/lib/python3.10/site-packages/airflow/example_dags/example_branch_python_dop_operator_3.py took 0.114 seconds
[2023-05-07T22:27:00.868+0000] {processor.py:153} INFO - Started process (PID=12049) to work on /usr/local/python/3.10.4/lib/python3.10/site-packages/airflow/example_dags/example_branch_python_dop_operator_3.py
[2023-05-07T22:27:00.869+0000] {processor.py:743} INFO - Processing file /usr/local/python/3.10.4/lib/python3.10/site-packages/airflow/example_dags/example_branch_python_dop_operator_3.py for tasks to queue
[2023-05-07T22:27:00.870+0000] {logging_mixin.py:137} INFO - [2023-05-07T22:27:00.870+0000] {dagbag.py:538} INFO - Filling up the DagBag from /usr/local/python/3.10.4/lib/python3.10/site-packages/airflow/example_dags/example_branch_python_dop_operator_3.py
[2023-05-07T22:27:00.893+0000] {processor.py:753} INFO - DAG(s) dict_keys(['example_branch_dop_operator_v3']) retrieved from /usr/local/python/3.10.4/lib/python3.10/site-packages/airflow/example_dags/example_branch_python_dop_operator_3.py
[2023-05-07T22:27:00.910+0000] {logging_mixin.py:137} INFO - [2023-05-07T22:27:00.910+0000] {dag.py:2690} INFO - Sync 1 DAGs
[2023-05-07T22:27:00.931+0000] {logging_mixin.py:137} INFO - [2023-05-07T22:27:00.931+0000] {dag.py:3437} INFO - Setting next_dagrun for example_branch_dop_operator_v3 to 2023-05-07T22:26:00+00:00, run_after=2023-05-07T22:27:00+00:00
[2023-05-07T22:27:00.974+0000] {processor.py:175} INFO - Processing /usr/local/python/3.10.4/lib/python3.10/site-packages/airflow/example_dags/example_branch_python_dop_operator_3.py took 0.108 seconds
[2023-05-07T22:27:43.881+0000] {processor.py:153} INFO - Started process (PID=12355) to work on /usr/local/python/3.10.4/lib/python3.10/site-packages/airflow/example_dags/example_branch_python_dop_operator_3.py
[2023-05-07T22:27:43.882+0000] {processor.py:743} INFO - Processing file /usr/local/python/3.10.4/lib/python3.10/site-packages/airflow/example_dags/example_branch_python_dop_operator_3.py for tasks to queue
[2023-05-07T22:27:43.882+0000] {logging_mixin.py:137} INFO - [2023-05-07T22:27:43.882+0000] {dagbag.py:538} INFO - Filling up the DagBag from /usr/local/python/3.10.4/lib/python3.10/site-packages/airflow/example_dags/example_branch_python_dop_operator_3.py
[2023-05-07T22:27:43.906+0000] {processor.py:753} INFO - DAG(s) dict_keys(['example_branch_dop_operator_v3']) retrieved from /usr/local/python/3.10.4/lib/python3.10/site-packages/airflow/example_dags/example_branch_python_dop_operator_3.py
[2023-05-07T22:27:43.922+0000] {logging_mixin.py:137} INFO - [2023-05-07T22:27:43.921+0000] {dag.py:2690} INFO - Sync 1 DAGs
[2023-05-07T22:27:43.943+0000] {logging_mixin.py:137} INFO - [2023-05-07T22:27:43.943+0000] {dag.py:3437} INFO - Setting next_dagrun for example_branch_dop_operator_v3 to 2023-05-07T22:26:00+00:00, run_after=2023-05-07T22:27:00+00:00
[2023-05-07T22:27:43.984+0000] {processor.py:175} INFO - Processing /usr/local/python/3.10.4/lib/python3.10/site-packages/airflow/example_dags/example_branch_python_dop_operator_3.py took 0.106 seconds
[2023-05-07T22:28:28.005+0000] {processor.py:153} INFO - Started process (PID=12658) to work on /usr/local/python/3.10.4/lib/python3.10/site-packages/airflow/example_dags/example_branch_python_dop_operator_3.py
[2023-05-07T22:28:28.005+0000] {processor.py:743} INFO - Processing file /usr/local/python/3.10.4/lib/python3.10/site-packages/airflow/example_dags/example_branch_python_dop_operator_3.py for tasks to queue
[2023-05-07T22:28:28.006+0000] {logging_mixin.py:137} INFO - [2023-05-07T22:28:28.006+0000] {dagbag.py:538} INFO - Filling up the DagBag from /usr/local/python/3.10.4/lib/python3.10/site-packages/airflow/example_dags/example_branch_python_dop_operator_3.py
[2023-05-07T22:28:28.029+0000] {processor.py:753} INFO - DAG(s) dict_keys(['example_branch_dop_operator_v3']) retrieved from /usr/local/python/3.10.4/lib/python3.10/site-packages/airflow/example_dags/example_branch_python_dop_operator_3.py
[2023-05-07T22:28:28.045+0000] {logging_mixin.py:137} INFO - [2023-05-07T22:28:28.045+0000] {dag.py:2690} INFO - Sync 1 DAGs
[2023-05-07T22:28:28.066+0000] {logging_mixin.py:137} INFO - [2023-05-07T22:28:28.066+0000] {dag.py:3437} INFO - Setting next_dagrun for example_branch_dop_operator_v3 to 2023-05-07T22:27:00+00:00, run_after=2023-05-07T22:28:00+00:00
[2023-05-07T22:28:28.112+0000] {processor.py:175} INFO - Processing /usr/local/python/3.10.4/lib/python3.10/site-packages/airflow/example_dags/example_branch_python_dop_operator_3.py took 0.111 seconds
[2023-05-07T22:29:13.667+0000] {processor.py:153} INFO - Started process (PID=12963) to work on /usr/local/python/3.10.4/lib/python3.10/site-packages/airflow/example_dags/example_branch_python_dop_operator_3.py
[2023-05-07T22:29:13.668+0000] {processor.py:743} INFO - Processing file /usr/local/python/3.10.4/lib/python3.10/site-packages/airflow/example_dags/example_branch_python_dop_operator_3.py for tasks to queue
[2023-05-07T22:29:13.669+0000] {logging_mixin.py:137} INFO - [2023-05-07T22:29:13.669+0000] {dagbag.py:538} INFO - Filling up the DagBag from /usr/local/python/3.10.4/lib/python3.10/site-packages/airflow/example_dags/example_branch_python_dop_operator_3.py
[2023-05-07T22:29:13.694+0000] {processor.py:753} INFO - DAG(s) dict_keys(['example_branch_dop_operator_v3']) retrieved from /usr/local/python/3.10.4/lib/python3.10/site-packages/airflow/example_dags/example_branch_python_dop_operator_3.py
[2023-05-07T22:29:13.711+0000] {logging_mixin.py:137} INFO - [2023-05-07T22:29:13.710+0000] {dag.py:2690} INFO - Sync 1 DAGs
[2023-05-07T22:29:13.731+0000] {logging_mixin.py:137} INFO - [2023-05-07T22:29:13.731+0000] {dag.py:3437} INFO - Setting next_dagrun for example_branch_dop_operator_v3 to 2023-05-07T22:28:00+00:00, run_after=2023-05-07T22:29:00+00:00
[2023-05-07T22:29:13.886+0000] {processor.py:175} INFO - Processing /usr/local/python/3.10.4/lib/python3.10/site-packages/airflow/example_dags/example_branch_python_dop_operator_3.py took 0.222 seconds
[2023-05-07T22:29:56.885+0000] {processor.py:153} INFO - Started process (PID=13275) to work on /usr/local/python/3.10.4/lib/python3.10/site-packages/airflow/example_dags/example_branch_python_dop_operator_3.py
[2023-05-07T22:29:56.885+0000] {processor.py:743} INFO - Processing file /usr/local/python/3.10.4/lib/python3.10/site-packages/airflow/example_dags/example_branch_python_dop_operator_3.py for tasks to queue
[2023-05-07T22:29:56.886+0000] {logging_mixin.py:137} INFO - [2023-05-07T22:29:56.886+0000] {dagbag.py:538} INFO - Filling up the DagBag from /usr/local/python/3.10.4/lib/python3.10/site-packages/airflow/example_dags/example_branch_python_dop_operator_3.py
[2023-05-07T22:29:56.918+0000] {processor.py:753} INFO - DAG(s) dict_keys(['example_branch_dop_operator_v3']) retrieved from /usr/local/python/3.10.4/lib/python3.10/site-packages/airflow/example_dags/example_branch_python_dop_operator_3.py
[2023-05-07T22:29:56.941+0000] {logging_mixin.py:137} INFO - [2023-05-07T22:29:56.941+0000] {dag.py:2690} INFO - Sync 1 DAGs
[2023-05-07T22:29:57.087+0000] {logging_mixin.py:137} INFO - [2023-05-07T22:29:57.087+0000] {dag.py:3437} INFO - Setting next_dagrun for example_branch_dop_operator_v3 to 2023-05-07T22:28:00+00:00, run_after=2023-05-07T22:29:00+00:00
[2023-05-07T22:29:57.130+0000] {processor.py:175} INFO - Processing /usr/local/python/3.10.4/lib/python3.10/site-packages/airflow/example_dags/example_branch_python_dop_operator_3.py took 0.254 seconds
[2023-05-07T22:30:39.723+0000] {processor.py:153} INFO - Started process (PID=13567) to work on /usr/local/python/3.10.4/lib/python3.10/site-packages/airflow/example_dags/example_branch_python_dop_operator_3.py
[2023-05-07T22:30:39.724+0000] {processor.py:743} INFO - Processing file /usr/local/python/3.10.4/lib/python3.10/site-packages/airflow/example_dags/example_branch_python_dop_operator_3.py for tasks to queue
[2023-05-07T22:30:39.724+0000] {logging_mixin.py:137} INFO - [2023-05-07T22:30:39.724+0000] {dagbag.py:538} INFO - Filling up the DagBag from /usr/local/python/3.10.4/lib/python3.10/site-packages/airflow/example_dags/example_branch_python_dop_operator_3.py
[2023-05-07T22:30:39.749+0000] {processor.py:753} INFO - DAG(s) dict_keys(['example_branch_dop_operator_v3']) retrieved from /usr/local/python/3.10.4/lib/python3.10/site-packages/airflow/example_dags/example_branch_python_dop_operator_3.py
[2023-05-07T22:30:39.766+0000] {logging_mixin.py:137} INFO - [2023-05-07T22:30:39.766+0000] {dag.py:2690} INFO - Sync 1 DAGs
[2023-05-07T22:30:39.899+0000] {logging_mixin.py:137} INFO - [2023-05-07T22:30:39.899+0000] {dag.py:3437} INFO - Setting next_dagrun for example_branch_dop_operator_v3 to 2023-05-07T22:29:00+00:00, run_after=2023-05-07T22:30:00+00:00
[2023-05-07T22:30:39.940+0000] {processor.py:175} INFO - Processing /usr/local/python/3.10.4/lib/python3.10/site-packages/airflow/example_dags/example_branch_python_dop_operator_3.py took 0.220 seconds
[2023-05-07T22:31:31.252+0000] {processor.py:153} INFO - Started process (PID=13914) to work on /usr/local/python/3.10.4/lib/python3.10/site-packages/airflow/example_dags/example_branch_python_dop_operator_3.py
[2023-05-07T22:31:31.253+0000] {processor.py:743} INFO - Processing file /usr/local/python/3.10.4/lib/python3.10/site-packages/airflow/example_dags/example_branch_python_dop_operator_3.py for tasks to queue
[2023-05-07T22:31:31.254+0000] {logging_mixin.py:137} INFO - [2023-05-07T22:31:31.253+0000] {dagbag.py:538} INFO - Filling up the DagBag from /usr/local/python/3.10.4/lib/python3.10/site-packages/airflow/example_dags/example_branch_python_dop_operator_3.py
[2023-05-07T22:31:31.277+0000] {processor.py:753} INFO - DAG(s) dict_keys(['example_branch_dop_operator_v3']) retrieved from /usr/local/python/3.10.4/lib/python3.10/site-packages/airflow/example_dags/example_branch_python_dop_operator_3.py
[2023-05-07T22:31:31.294+0000] {logging_mixin.py:137} INFO - [2023-05-07T22:31:31.294+0000] {dag.py:2690} INFO - Sync 1 DAGs
[2023-05-07T22:31:31.423+0000] {logging_mixin.py:137} INFO - [2023-05-07T22:31:31.423+0000] {dag.py:3437} INFO - Setting next_dagrun for example_branch_dop_operator_v3 to 2023-05-07T22:30:00+00:00, run_after=2023-05-07T22:31:00+00:00
[2023-05-07T22:31:31.464+0000] {processor.py:175} INFO - Processing /usr/local/python/3.10.4/lib/python3.10/site-packages/airflow/example_dags/example_branch_python_dop_operator_3.py took 0.215 seconds
[2023-05-07T22:32:15.608+0000] {processor.py:153} INFO - Started process (PID=14213) to work on /usr/local/python/3.10.4/lib/python3.10/site-packages/airflow/example_dags/example_branch_python_dop_operator_3.py
[2023-05-07T22:32:15.608+0000] {processor.py:743} INFO - Processing file /usr/local/python/3.10.4/lib/python3.10/site-packages/airflow/example_dags/example_branch_python_dop_operator_3.py for tasks to queue
[2023-05-07T22:32:15.609+0000] {logging_mixin.py:137} INFO - [2023-05-07T22:32:15.609+0000] {dagbag.py:538} INFO - Filling up the DagBag from /usr/local/python/3.10.4/lib/python3.10/site-packages/airflow/example_dags/example_branch_python_dop_operator_3.py
[2023-05-07T22:32:15.639+0000] {processor.py:753} INFO - DAG(s) dict_keys(['example_branch_dop_operator_v3']) retrieved from /usr/local/python/3.10.4/lib/python3.10/site-packages/airflow/example_dags/example_branch_python_dop_operator_3.py
[2023-05-07T22:32:15.791+0000] {logging_mixin.py:137} INFO - [2023-05-07T22:32:15.791+0000] {dag.py:2690} INFO - Sync 1 DAGs
[2023-05-07T22:32:15.810+0000] {logging_mixin.py:137} INFO - [2023-05-07T22:32:15.810+0000] {dag.py:3437} INFO - Setting next_dagrun for example_branch_dop_operator_v3 to 2023-05-07T22:31:00+00:00, run_after=2023-05-07T22:32:00+00:00
[2023-05-07T22:32:15.874+0000] {processor.py:175} INFO - Processing /usr/local/python/3.10.4/lib/python3.10/site-packages/airflow/example_dags/example_branch_python_dop_operator_3.py took 0.269 seconds
[2023-05-07T22:33:03.283+0000] {processor.py:153} INFO - Started process (PID=14560) to work on /usr/local/python/3.10.4/lib/python3.10/site-packages/airflow/example_dags/example_branch_python_dop_operator_3.py
[2023-05-07T22:33:03.284+0000] {processor.py:743} INFO - Processing file /usr/local/python/3.10.4/lib/python3.10/site-packages/airflow/example_dags/example_branch_python_dop_operator_3.py for tasks to queue
[2023-05-07T22:33:03.284+0000] {logging_mixin.py:137} INFO - [2023-05-07T22:33:03.284+0000] {dagbag.py:538} INFO - Filling up the DagBag from /usr/local/python/3.10.4/lib/python3.10/site-packages/airflow/example_dags/example_branch_python_dop_operator_3.py
[2023-05-07T22:33:03.422+0000] {processor.py:753} INFO - DAG(s) dict_keys(['example_branch_dop_operator_v3']) retrieved from /usr/local/python/3.10.4/lib/python3.10/site-packages/airflow/example_dags/example_branch_python_dop_operator_3.py
[2023-05-07T22:33:03.435+0000] {logging_mixin.py:137} INFO - [2023-05-07T22:33:03.435+0000] {dag.py:2690} INFO - Sync 1 DAGs
[2023-05-07T22:33:03.454+0000] {logging_mixin.py:137} INFO - [2023-05-07T22:33:03.454+0000] {dag.py:3437} INFO - Setting next_dagrun for example_branch_dop_operator_v3 to 2023-05-07T22:32:00+00:00, run_after=2023-05-07T22:33:00+00:00
[2023-05-07T22:33:03.495+0000] {processor.py:175} INFO - Processing /usr/local/python/3.10.4/lib/python3.10/site-packages/airflow/example_dags/example_branch_python_dop_operator_3.py took 0.215 seconds
[2023-05-07T22:33:53.416+0000] {processor.py:153} INFO - Started process (PID=14910) to work on /usr/local/python/3.10.4/lib/python3.10/site-packages/airflow/example_dags/example_branch_python_dop_operator_3.py
[2023-05-07T22:33:53.417+0000] {processor.py:743} INFO - Processing file /usr/local/python/3.10.4/lib/python3.10/site-packages/airflow/example_dags/example_branch_python_dop_operator_3.py for tasks to queue
[2023-05-07T22:33:53.418+0000] {logging_mixin.py:137} INFO - [2023-05-07T22:33:53.417+0000] {dagbag.py:538} INFO - Filling up the DagBag from /usr/local/python/3.10.4/lib/python3.10/site-packages/airflow/example_dags/example_branch_python_dop_operator_3.py
[2023-05-07T22:33:53.553+0000] {processor.py:753} INFO - DAG(s) dict_keys(['example_branch_dop_operator_v3']) retrieved from /usr/local/python/3.10.4/lib/python3.10/site-packages/airflow/example_dags/example_branch_python_dop_operator_3.py
[2023-05-07T22:33:53.565+0000] {logging_mixin.py:137} INFO - [2023-05-07T22:33:53.565+0000] {dag.py:2690} INFO - Sync 1 DAGs
[2023-05-07T22:33:53.586+0000] {logging_mixin.py:137} INFO - [2023-05-07T22:33:53.586+0000] {dag.py:3437} INFO - Setting next_dagrun for example_branch_dop_operator_v3 to 2023-05-07T22:32:00+00:00, run_after=2023-05-07T22:33:00+00:00
[2023-05-07T22:33:53.634+0000] {processor.py:175} INFO - Processing /usr/local/python/3.10.4/lib/python3.10/site-packages/airflow/example_dags/example_branch_python_dop_operator_3.py took 0.221 seconds
[2023-05-07T22:34:40.171+0000] {processor.py:153} INFO - Started process (PID=15278) to work on /usr/local/python/3.10.4/lib/python3.10/site-packages/airflow/example_dags/example_branch_python_dop_operator_3.py
[2023-05-07T22:34:40.172+0000] {processor.py:743} INFO - Processing file /usr/local/python/3.10.4/lib/python3.10/site-packages/airflow/example_dags/example_branch_python_dop_operator_3.py for tasks to queue
[2023-05-07T22:34:40.172+0000] {logging_mixin.py:137} INFO - [2023-05-07T22:34:40.172+0000] {dagbag.py:538} INFO - Filling up the DagBag from /usr/local/python/3.10.4/lib/python3.10/site-packages/airflow/example_dags/example_branch_python_dop_operator_3.py
[2023-05-07T22:34:40.196+0000] {processor.py:753} INFO - DAG(s) dict_keys(['example_branch_dop_operator_v3']) retrieved from /usr/local/python/3.10.4/lib/python3.10/site-packages/airflow/example_dags/example_branch_python_dop_operator_3.py
[2023-05-07T22:34:40.212+0000] {logging_mixin.py:137} INFO - [2023-05-07T22:34:40.212+0000] {dag.py:2690} INFO - Sync 1 DAGs
[2023-05-07T22:34:40.234+0000] {logging_mixin.py:137} INFO - [2023-05-07T22:34:40.234+0000] {dag.py:3437} INFO - Setting next_dagrun for example_branch_dop_operator_v3 to 2023-05-07T22:33:00+00:00, run_after=2023-05-07T22:34:00+00:00
[2023-05-07T22:34:40.276+0000] {processor.py:175} INFO - Processing /usr/local/python/3.10.4/lib/python3.10/site-packages/airflow/example_dags/example_branch_python_dop_operator_3.py took 0.108 seconds
[2023-05-07T22:35:23.315+0000] {processor.py:153} INFO - Started process (PID=15581) to work on /usr/local/python/3.10.4/lib/python3.10/site-packages/airflow/example_dags/example_branch_python_dop_operator_3.py
[2023-05-07T22:35:23.316+0000] {processor.py:743} INFO - Processing file /usr/local/python/3.10.4/lib/python3.10/site-packages/airflow/example_dags/example_branch_python_dop_operator_3.py for tasks to queue
[2023-05-07T22:35:23.317+0000] {logging_mixin.py:137} INFO - [2023-05-07T22:35:23.317+0000] {dagbag.py:538} INFO - Filling up the DagBag from /usr/local/python/3.10.4/lib/python3.10/site-packages/airflow/example_dags/example_branch_python_dop_operator_3.py
[2023-05-07T22:35:23.340+0000] {processor.py:753} INFO - DAG(s) dict_keys(['example_branch_dop_operator_v3']) retrieved from /usr/local/python/3.10.4/lib/python3.10/site-packages/airflow/example_dags/example_branch_python_dop_operator_3.py
[2023-05-07T22:35:23.357+0000] {logging_mixin.py:137} INFO - [2023-05-07T22:35:23.357+0000] {dag.py:2690} INFO - Sync 1 DAGs
[2023-05-07T22:35:23.380+0000] {logging_mixin.py:137} INFO - [2023-05-07T22:35:23.380+0000] {dag.py:3437} INFO - Setting next_dagrun for example_branch_dop_operator_v3 to 2023-05-07T22:34:00+00:00, run_after=2023-05-07T22:35:00+00:00
[2023-05-07T22:35:23.424+0000] {processor.py:175} INFO - Processing /usr/local/python/3.10.4/lib/python3.10/site-packages/airflow/example_dags/example_branch_python_dop_operator_3.py took 0.112 seconds
[2023-05-07T22:36:07.378+0000] {processor.py:153} INFO - Started process (PID=15894) to work on /usr/local/python/3.10.4/lib/python3.10/site-packages/airflow/example_dags/example_branch_python_dop_operator_3.py
[2023-05-07T22:36:07.379+0000] {processor.py:743} INFO - Processing file /usr/local/python/3.10.4/lib/python3.10/site-packages/airflow/example_dags/example_branch_python_dop_operator_3.py for tasks to queue
[2023-05-07T22:36:07.380+0000] {logging_mixin.py:137} INFO - [2023-05-07T22:36:07.380+0000] {dagbag.py:538} INFO - Filling up the DagBag from /usr/local/python/3.10.4/lib/python3.10/site-packages/airflow/example_dags/example_branch_python_dop_operator_3.py
[2023-05-07T22:36:07.416+0000] {processor.py:753} INFO - DAG(s) dict_keys(['example_branch_dop_operator_v3']) retrieved from /usr/local/python/3.10.4/lib/python3.10/site-packages/airflow/example_dags/example_branch_python_dop_operator_3.py
[2023-05-07T22:36:07.440+0000] {logging_mixin.py:137} INFO - [2023-05-07T22:36:07.440+0000] {dag.py:2690} INFO - Sync 1 DAGs
[2023-05-07T22:36:07.461+0000] {logging_mixin.py:137} INFO - [2023-05-07T22:36:07.461+0000] {dag.py:3437} INFO - Setting next_dagrun for example_branch_dop_operator_v3 to 2023-05-07T22:35:00+00:00, run_after=2023-05-07T22:36:00+00:00
[2023-05-07T22:36:07.502+0000] {processor.py:175} INFO - Processing /usr/local/python/3.10.4/lib/python3.10/site-packages/airflow/example_dags/example_branch_python_dop_operator_3.py took 0.128 seconds
[2023-05-07T22:36:53.837+0000] {processor.py:153} INFO - Started process (PID=16226) to work on /usr/local/python/3.10.4/lib/python3.10/site-packages/airflow/example_dags/example_branch_python_dop_operator_3.py
[2023-05-07T22:36:53.837+0000] {processor.py:743} INFO - Processing file /usr/local/python/3.10.4/lib/python3.10/site-packages/airflow/example_dags/example_branch_python_dop_operator_3.py for tasks to queue
[2023-05-07T22:36:53.838+0000] {logging_mixin.py:137} INFO - [2023-05-07T22:36:53.838+0000] {dagbag.py:538} INFO - Filling up the DagBag from /usr/local/python/3.10.4/lib/python3.10/site-packages/airflow/example_dags/example_branch_python_dop_operator_3.py
[2023-05-07T22:36:53.861+0000] {processor.py:753} INFO - DAG(s) dict_keys(['example_branch_dop_operator_v3']) retrieved from /usr/local/python/3.10.4/lib/python3.10/site-packages/airflow/example_dags/example_branch_python_dop_operator_3.py
[2023-05-07T22:36:53.879+0000] {logging_mixin.py:137} INFO - [2023-05-07T22:36:53.879+0000] {dag.py:2690} INFO - Sync 1 DAGs
[2023-05-07T22:36:53.900+0000] {logging_mixin.py:137} INFO - [2023-05-07T22:36:53.900+0000] {dag.py:3437} INFO - Setting next_dagrun for example_branch_dop_operator_v3 to 2023-05-07T22:35:00+00:00, run_after=2023-05-07T22:36:00+00:00
[2023-05-07T22:36:53.942+0000] {processor.py:175} INFO - Processing /usr/local/python/3.10.4/lib/python3.10/site-packages/airflow/example_dags/example_branch_python_dop_operator_3.py took 0.109 seconds
[2023-05-07T22:37:34.635+0000] {processor.py:153} INFO - Started process (PID=16526) to work on /usr/local/python/3.10.4/lib/python3.10/site-packages/airflow/example_dags/example_branch_python_dop_operator_3.py
[2023-05-07T22:37:34.636+0000] {processor.py:743} INFO - Processing file /usr/local/python/3.10.4/lib/python3.10/site-packages/airflow/example_dags/example_branch_python_dop_operator_3.py for tasks to queue
[2023-05-07T22:37:34.637+0000] {logging_mixin.py:137} INFO - [2023-05-07T22:37:34.637+0000] {dagbag.py:538} INFO - Filling up the DagBag from /usr/local/python/3.10.4/lib/python3.10/site-packages/airflow/example_dags/example_branch_python_dop_operator_3.py
[2023-05-07T22:37:34.661+0000] {processor.py:753} INFO - DAG(s) dict_keys(['example_branch_dop_operator_v3']) retrieved from /usr/local/python/3.10.4/lib/python3.10/site-packages/airflow/example_dags/example_branch_python_dop_operator_3.py
[2023-05-07T22:37:34.678+0000] {logging_mixin.py:137} INFO - [2023-05-07T22:37:34.677+0000] {dag.py:2690} INFO - Sync 1 DAGs
[2023-05-07T22:37:34.699+0000] {logging_mixin.py:137} INFO - [2023-05-07T22:37:34.699+0000] {dag.py:3437} INFO - Setting next_dagrun for example_branch_dop_operator_v3 to 2023-05-07T22:36:00+00:00, run_after=2023-05-07T22:37:00+00:00
[2023-05-07T22:37:34.744+0000] {processor.py:175} INFO - Processing /usr/local/python/3.10.4/lib/python3.10/site-packages/airflow/example_dags/example_branch_python_dop_operator_3.py took 0.112 seconds
[2023-05-07T22:38:19.218+0000] {processor.py:153} INFO - Started process (PID=16861) to work on /usr/local/python/3.10.4/lib/python3.10/site-packages/airflow/example_dags/example_branch_python_dop_operator_3.py
[2023-05-07T22:38:19.218+0000] {processor.py:743} INFO - Processing file /usr/local/python/3.10.4/lib/python3.10/site-packages/airflow/example_dags/example_branch_python_dop_operator_3.py for tasks to queue
[2023-05-07T22:38:19.219+0000] {logging_mixin.py:137} INFO - [2023-05-07T22:38:19.219+0000] {dagbag.py:538} INFO - Filling up the DagBag from /usr/local/python/3.10.4/lib/python3.10/site-packages/airflow/example_dags/example_branch_python_dop_operator_3.py
[2023-05-07T22:38:19.243+0000] {processor.py:753} INFO - DAG(s) dict_keys(['example_branch_dop_operator_v3']) retrieved from /usr/local/python/3.10.4/lib/python3.10/site-packages/airflow/example_dags/example_branch_python_dop_operator_3.py
[2023-05-07T22:38:19.260+0000] {logging_mixin.py:137} INFO - [2023-05-07T22:38:19.259+0000] {dag.py:2690} INFO - Sync 1 DAGs
[2023-05-07T22:38:19.281+0000] {logging_mixin.py:137} INFO - [2023-05-07T22:38:19.281+0000] {dag.py:3437} INFO - Setting next_dagrun for example_branch_dop_operator_v3 to 2023-05-07T22:37:00+00:00, run_after=2023-05-07T22:38:00+00:00
[2023-05-07T22:38:19.325+0000] {processor.py:175} INFO - Processing /usr/local/python/3.10.4/lib/python3.10/site-packages/airflow/example_dags/example_branch_python_dop_operator_3.py took 0.110 seconds
[2023-05-07T22:39:04.703+0000] {processor.py:153} INFO - Started process (PID=17170) to work on /usr/local/python/3.10.4/lib/python3.10/site-packages/airflow/example_dags/example_branch_python_dop_operator_3.py
[2023-05-07T22:39:04.704+0000] {processor.py:743} INFO - Processing file /usr/local/python/3.10.4/lib/python3.10/site-packages/airflow/example_dags/example_branch_python_dop_operator_3.py for tasks to queue
[2023-05-07T22:39:04.704+0000] {logging_mixin.py:137} INFO - [2023-05-07T22:39:04.704+0000] {dagbag.py:538} INFO - Filling up the DagBag from /usr/local/python/3.10.4/lib/python3.10/site-packages/airflow/example_dags/example_branch_python_dop_operator_3.py
[2023-05-07T22:39:04.732+0000] {processor.py:753} INFO - DAG(s) dict_keys(['example_branch_dop_operator_v3']) retrieved from /usr/local/python/3.10.4/lib/python3.10/site-packages/airflow/example_dags/example_branch_python_dop_operator_3.py
[2023-05-07T22:39:04.756+0000] {logging_mixin.py:137} INFO - [2023-05-07T22:39:04.756+0000] {dag.py:2690} INFO - Sync 1 DAGs
[2023-05-07T22:39:04.788+0000] {logging_mixin.py:137} INFO - [2023-05-07T22:39:04.788+0000] {dag.py:3437} INFO - Setting next_dagrun for example_branch_dop_operator_v3 to 2023-05-07T22:38:00+00:00, run_after=2023-05-07T22:39:00+00:00
[2023-05-07T22:39:04.828+0000] {processor.py:175} INFO - Processing /usr/local/python/3.10.4/lib/python3.10/site-packages/airflow/example_dags/example_branch_python_dop_operator_3.py took 0.128 seconds
[2023-05-07T22:39:48.397+0000] {processor.py:153} INFO - Started process (PID=17493) to work on /usr/local/python/3.10.4/lib/python3.10/site-packages/airflow/example_dags/example_branch_python_dop_operator_3.py
[2023-05-07T22:39:48.398+0000] {processor.py:743} INFO - Processing file /usr/local/python/3.10.4/lib/python3.10/site-packages/airflow/example_dags/example_branch_python_dop_operator_3.py for tasks to queue
[2023-05-07T22:39:48.398+0000] {logging_mixin.py:137} INFO - [2023-05-07T22:39:48.398+0000] {dagbag.py:538} INFO - Filling up the DagBag from /usr/local/python/3.10.4/lib/python3.10/site-packages/airflow/example_dags/example_branch_python_dop_operator_3.py
[2023-05-07T22:39:48.423+0000] {processor.py:753} INFO - DAG(s) dict_keys(['example_branch_dop_operator_v3']) retrieved from /usr/local/python/3.10.4/lib/python3.10/site-packages/airflow/example_dags/example_branch_python_dop_operator_3.py
[2023-05-07T22:39:48.440+0000] {logging_mixin.py:137} INFO - [2023-05-07T22:39:48.440+0000] {dag.py:2690} INFO - Sync 1 DAGs
[2023-05-07T22:39:48.462+0000] {logging_mixin.py:137} INFO - [2023-05-07T22:39:48.462+0000] {dag.py:3437} INFO - Setting next_dagrun for example_branch_dop_operator_v3 to 2023-05-07T22:38:00+00:00, run_after=2023-05-07T22:39:00+00:00
[2023-05-07T22:39:48.503+0000] {processor.py:175} INFO - Processing /usr/local/python/3.10.4/lib/python3.10/site-packages/airflow/example_dags/example_branch_python_dop_operator_3.py took 0.110 seconds
[2023-05-07T22:40:29.757+0000] {processor.py:153} INFO - Started process (PID=17818) to work on /usr/local/python/3.10.4/lib/python3.10/site-packages/airflow/example_dags/example_branch_python_dop_operator_3.py
[2023-05-07T22:40:29.758+0000] {processor.py:743} INFO - Processing file /usr/local/python/3.10.4/lib/python3.10/site-packages/airflow/example_dags/example_branch_python_dop_operator_3.py for tasks to queue
[2023-05-07T22:40:29.759+0000] {logging_mixin.py:137} INFO - [2023-05-07T22:40:29.758+0000] {dagbag.py:538} INFO - Filling up the DagBag from /usr/local/python/3.10.4/lib/python3.10/site-packages/airflow/example_dags/example_branch_python_dop_operator_3.py
[2023-05-07T22:40:29.783+0000] {processor.py:753} INFO - DAG(s) dict_keys(['example_branch_dop_operator_v3']) retrieved from /usr/local/python/3.10.4/lib/python3.10/site-packages/airflow/example_dags/example_branch_python_dop_operator_3.py
[2023-05-07T22:40:29.799+0000] {logging_mixin.py:137} INFO - [2023-05-07T22:40:29.799+0000] {dag.py:2690} INFO - Sync 1 DAGs
[2023-05-07T22:40:29.820+0000] {logging_mixin.py:137} INFO - [2023-05-07T22:40:29.820+0000] {dag.py:3437} INFO - Setting next_dagrun for example_branch_dop_operator_v3 to 2023-05-07T22:39:00+00:00, run_after=2023-05-07T22:40:00+00:00
[2023-05-07T22:40:29.863+0000] {processor.py:175} INFO - Processing /usr/local/python/3.10.4/lib/python3.10/site-packages/airflow/example_dags/example_branch_python_dop_operator_3.py took 0.109 seconds
[2023-05-07T22:41:10.196+0000] {processor.py:153} INFO - Started process (PID=18105) to work on /usr/local/python/3.10.4/lib/python3.10/site-packages/airflow/example_dags/example_branch_python_dop_operator_3.py
[2023-05-07T22:41:10.197+0000] {processor.py:743} INFO - Processing file /usr/local/python/3.10.4/lib/python3.10/site-packages/airflow/example_dags/example_branch_python_dop_operator_3.py for tasks to queue
[2023-05-07T22:41:10.198+0000] {logging_mixin.py:137} INFO - [2023-05-07T22:41:10.197+0000] {dagbag.py:538} INFO - Filling up the DagBag from /usr/local/python/3.10.4/lib/python3.10/site-packages/airflow/example_dags/example_branch_python_dop_operator_3.py
[2023-05-07T22:41:10.221+0000] {processor.py:753} INFO - DAG(s) dict_keys(['example_branch_dop_operator_v3']) retrieved from /usr/local/python/3.10.4/lib/python3.10/site-packages/airflow/example_dags/example_branch_python_dop_operator_3.py
[2023-05-07T22:41:10.238+0000] {logging_mixin.py:137} INFO - [2023-05-07T22:41:10.238+0000] {dag.py:2690} INFO - Sync 1 DAGs
[2023-05-07T22:41:10.259+0000] {logging_mixin.py:137} INFO - [2023-05-07T22:41:10.259+0000] {dag.py:3437} INFO - Setting next_dagrun for example_branch_dop_operator_v3 to 2023-05-07T22:40:00+00:00, run_after=2023-05-07T22:41:00+00:00
[2023-05-07T22:41:10.300+0000] {processor.py:175} INFO - Processing /usr/local/python/3.10.4/lib/python3.10/site-packages/airflow/example_dags/example_branch_python_dop_operator_3.py took 0.106 seconds
[2023-05-07T22:41:48.713+0000] {processor.py:153} INFO - Started process (PID=18389) to work on /usr/local/python/3.10.4/lib/python3.10/site-packages/airflow/example_dags/example_branch_python_dop_operator_3.py
[2023-05-07T22:41:48.714+0000] {processor.py:743} INFO - Processing file /usr/local/python/3.10.4/lib/python3.10/site-packages/airflow/example_dags/example_branch_python_dop_operator_3.py for tasks to queue
[2023-05-07T22:41:48.715+0000] {logging_mixin.py:137} INFO - [2023-05-07T22:41:48.714+0000] {dagbag.py:538} INFO - Filling up the DagBag from /usr/local/python/3.10.4/lib/python3.10/site-packages/airflow/example_dags/example_branch_python_dop_operator_3.py
[2023-05-07T22:41:48.738+0000] {processor.py:753} INFO - DAG(s) dict_keys(['example_branch_dop_operator_v3']) retrieved from /usr/local/python/3.10.4/lib/python3.10/site-packages/airflow/example_dags/example_branch_python_dop_operator_3.py
[2023-05-07T22:41:48.755+0000] {logging_mixin.py:137} INFO - [2023-05-07T22:41:48.755+0000] {dag.py:2690} INFO - Sync 1 DAGs
[2023-05-07T22:41:48.777+0000] {logging_mixin.py:137} INFO - [2023-05-07T22:41:48.777+0000] {dag.py:3437} INFO - Setting next_dagrun for example_branch_dop_operator_v3 to 2023-05-07T22:40:00+00:00, run_after=2023-05-07T22:41:00+00:00
[2023-05-07T22:41:48.817+0000] {processor.py:175} INFO - Processing /usr/local/python/3.10.4/lib/python3.10/site-packages/airflow/example_dags/example_branch_python_dop_operator_3.py took 0.107 seconds
[2023-05-07T22:42:30.078+0000] {processor.py:153} INFO - Started process (PID=18770) to work on /usr/local/python/3.10.4/lib/python3.10/site-packages/airflow/example_dags/example_branch_python_dop_operator_3.py
[2023-05-07T22:42:30.078+0000] {processor.py:743} INFO - Processing file /usr/local/python/3.10.4/lib/python3.10/site-packages/airflow/example_dags/example_branch_python_dop_operator_3.py for tasks to queue
[2023-05-07T22:42:30.079+0000] {logging_mixin.py:137} INFO - [2023-05-07T22:42:30.079+0000] {dagbag.py:538} INFO - Filling up the DagBag from /usr/local/python/3.10.4/lib/python3.10/site-packages/airflow/example_dags/example_branch_python_dop_operator_3.py
[2023-05-07T22:42:30.103+0000] {processor.py:753} INFO - DAG(s) dict_keys(['example_branch_dop_operator_v3']) retrieved from /usr/local/python/3.10.4/lib/python3.10/site-packages/airflow/example_dags/example_branch_python_dop_operator_3.py
[2023-05-07T22:42:30.119+0000] {logging_mixin.py:137} INFO - [2023-05-07T22:42:30.118+0000] {dag.py:2690} INFO - Sync 1 DAGs
[2023-05-07T22:42:30.139+0000] {logging_mixin.py:137} INFO - [2023-05-07T22:42:30.139+0000] {dag.py:3437} INFO - Setting next_dagrun for example_branch_dop_operator_v3 to 2023-05-07T22:41:00+00:00, run_after=2023-05-07T22:42:00+00:00
[2023-05-07T22:42:30.181+0000] {processor.py:175} INFO - Processing /usr/local/python/3.10.4/lib/python3.10/site-packages/airflow/example_dags/example_branch_python_dop_operator_3.py took 0.107 seconds
[2023-05-07T22:43:14.408+0000] {processor.py:153} INFO - Started process (PID=19186) to work on /usr/local/python/3.10.4/lib/python3.10/site-packages/airflow/example_dags/example_branch_python_dop_operator_3.py
[2023-05-07T22:43:14.409+0000] {processor.py:743} INFO - Processing file /usr/local/python/3.10.4/lib/python3.10/site-packages/airflow/example_dags/example_branch_python_dop_operator_3.py for tasks to queue
[2023-05-07T22:43:14.410+0000] {logging_mixin.py:137} INFO - [2023-05-07T22:43:14.410+0000] {dagbag.py:538} INFO - Filling up the DagBag from /usr/local/python/3.10.4/lib/python3.10/site-packages/airflow/example_dags/example_branch_python_dop_operator_3.py
[2023-05-07T22:43:14.433+0000] {processor.py:753} INFO - DAG(s) dict_keys(['example_branch_dop_operator_v3']) retrieved from /usr/local/python/3.10.4/lib/python3.10/site-packages/airflow/example_dags/example_branch_python_dop_operator_3.py
[2023-05-07T22:43:14.449+0000] {logging_mixin.py:137} INFO - [2023-05-07T22:43:14.449+0000] {dag.py:2690} INFO - Sync 1 DAGs
[2023-05-07T22:43:14.471+0000] {logging_mixin.py:137} INFO - [2023-05-07T22:43:14.471+0000] {dag.py:3437} INFO - Setting next_dagrun for example_branch_dop_operator_v3 to 2023-05-07T22:42:00+00:00, run_after=2023-05-07T22:43:00+00:00
[2023-05-07T22:43:14.513+0000] {processor.py:175} INFO - Processing /usr/local/python/3.10.4/lib/python3.10/site-packages/airflow/example_dags/example_branch_python_dop_operator_3.py took 0.108 seconds
[2023-05-07T22:43:57.019+0000] {processor.py:153} INFO - Started process (PID=19671) to work on /usr/local/python/3.10.4/lib/python3.10/site-packages/airflow/example_dags/example_branch_python_dop_operator_3.py
[2023-05-07T22:43:57.020+0000] {processor.py:743} INFO - Processing file /usr/local/python/3.10.4/lib/python3.10/site-packages/airflow/example_dags/example_branch_python_dop_operator_3.py for tasks to queue
[2023-05-07T22:43:57.021+0000] {logging_mixin.py:137} INFO - [2023-05-07T22:43:57.021+0000] {dagbag.py:538} INFO - Filling up the DagBag from /usr/local/python/3.10.4/lib/python3.10/site-packages/airflow/example_dags/example_branch_python_dop_operator_3.py
[2023-05-07T22:43:57.045+0000] {processor.py:753} INFO - DAG(s) dict_keys(['example_branch_dop_operator_v3']) retrieved from /usr/local/python/3.10.4/lib/python3.10/site-packages/airflow/example_dags/example_branch_python_dop_operator_3.py
[2023-05-07T22:43:57.061+0000] {logging_mixin.py:137} INFO - [2023-05-07T22:43:57.061+0000] {dag.py:2690} INFO - Sync 1 DAGs
[2023-05-07T22:43:57.083+0000] {logging_mixin.py:137} INFO - [2023-05-07T22:43:57.083+0000] {dag.py:3437} INFO - Setting next_dagrun for example_branch_dop_operator_v3 to 2023-05-07T22:42:00+00:00, run_after=2023-05-07T22:43:00+00:00
[2023-05-07T22:43:57.123+0000] {processor.py:175} INFO - Processing /usr/local/python/3.10.4/lib/python3.10/site-packages/airflow/example_dags/example_branch_python_dop_operator_3.py took 0.107 seconds
[2023-05-07T22:44:38.989+0000] {processor.py:153} INFO - Started process (PID=20109) to work on /usr/local/python/3.10.4/lib/python3.10/site-packages/airflow/example_dags/example_branch_python_dop_operator_3.py
[2023-05-07T22:44:38.990+0000] {processor.py:743} INFO - Processing file /usr/local/python/3.10.4/lib/python3.10/site-packages/airflow/example_dags/example_branch_python_dop_operator_3.py for tasks to queue
[2023-05-07T22:44:38.990+0000] {logging_mixin.py:137} INFO - [2023-05-07T22:44:38.990+0000] {dagbag.py:538} INFO - Filling up the DagBag from /usr/local/python/3.10.4/lib/python3.10/site-packages/airflow/example_dags/example_branch_python_dop_operator_3.py
[2023-05-07T22:44:39.013+0000] {processor.py:753} INFO - DAG(s) dict_keys(['example_branch_dop_operator_v3']) retrieved from /usr/local/python/3.10.4/lib/python3.10/site-packages/airflow/example_dags/example_branch_python_dop_operator_3.py
[2023-05-07T22:44:39.030+0000] {logging_mixin.py:137} INFO - [2023-05-07T22:44:39.030+0000] {dag.py:2690} INFO - Sync 1 DAGs
[2023-05-07T22:44:39.050+0000] {logging_mixin.py:137} INFO - [2023-05-07T22:44:39.050+0000] {dag.py:3437} INFO - Setting next_dagrun for example_branch_dop_operator_v3 to 2023-05-07T22:43:00+00:00, run_after=2023-05-07T22:44:00+00:00
[2023-05-07T22:44:39.090+0000] {processor.py:175} INFO - Processing /usr/local/python/3.10.4/lib/python3.10/site-packages/airflow/example_dags/example_branch_python_dop_operator_3.py took 0.104 seconds
[2023-05-07T22:45:17.957+0000] {processor.py:153} INFO - Started process (PID=20423) to work on /usr/local/python/3.10.4/lib/python3.10/site-packages/airflow/example_dags/example_branch_python_dop_operator_3.py
[2023-05-07T22:45:17.958+0000] {processor.py:743} INFO - Processing file /usr/local/python/3.10.4/lib/python3.10/site-packages/airflow/example_dags/example_branch_python_dop_operator_3.py for tasks to queue
[2023-05-07T22:45:17.959+0000] {logging_mixin.py:137} INFO - [2023-05-07T22:45:17.959+0000] {dagbag.py:538} INFO - Filling up the DagBag from /usr/local/python/3.10.4/lib/python3.10/site-packages/airflow/example_dags/example_branch_python_dop_operator_3.py
[2023-05-07T22:45:17.984+0000] {processor.py:753} INFO - DAG(s) dict_keys(['example_branch_dop_operator_v3']) retrieved from /usr/local/python/3.10.4/lib/python3.10/site-packages/airflow/example_dags/example_branch_python_dop_operator_3.py
[2023-05-07T22:45:18.002+0000] {logging_mixin.py:137} INFO - [2023-05-07T22:45:18.002+0000] {dag.py:2690} INFO - Sync 1 DAGs
[2023-05-07T22:45:18.027+0000] {logging_mixin.py:137} INFO - [2023-05-07T22:45:18.027+0000] {dag.py:3437} INFO - Setting next_dagrun for example_branch_dop_operator_v3 to 2023-05-07T22:44:00+00:00, run_after=2023-05-07T22:45:00+00:00
[2023-05-07T22:45:18.068+0000] {processor.py:175} INFO - Processing /usr/local/python/3.10.4/lib/python3.10/site-packages/airflow/example_dags/example_branch_python_dop_operator_3.py took 0.114 seconds
[2023-05-07T22:45:56.137+0000] {processor.py:153} INFO - Started process (PID=20787) to work on /usr/local/python/3.10.4/lib/python3.10/site-packages/airflow/example_dags/example_branch_python_dop_operator_3.py
[2023-05-07T22:45:56.138+0000] {processor.py:743} INFO - Processing file /usr/local/python/3.10.4/lib/python3.10/site-packages/airflow/example_dags/example_branch_python_dop_operator_3.py for tasks to queue
[2023-05-07T22:45:56.139+0000] {logging_mixin.py:137} INFO - [2023-05-07T22:45:56.139+0000] {dagbag.py:538} INFO - Filling up the DagBag from /usr/local/python/3.10.4/lib/python3.10/site-packages/airflow/example_dags/example_branch_python_dop_operator_3.py
[2023-05-07T22:45:56.163+0000] {processor.py:753} INFO - DAG(s) dict_keys(['example_branch_dop_operator_v3']) retrieved from /usr/local/python/3.10.4/lib/python3.10/site-packages/airflow/example_dags/example_branch_python_dop_operator_3.py
[2023-05-07T22:45:56.180+0000] {logging_mixin.py:137} INFO - [2023-05-07T22:45:56.180+0000] {dag.py:2690} INFO - Sync 1 DAGs
[2023-05-07T22:45:56.202+0000] {logging_mixin.py:137} INFO - [2023-05-07T22:45:56.202+0000] {dag.py:3437} INFO - Setting next_dagrun for example_branch_dop_operator_v3 to 2023-05-07T22:44:00+00:00, run_after=2023-05-07T22:45:00+00:00
[2023-05-07T22:45:56.247+0000] {processor.py:175} INFO - Processing /usr/local/python/3.10.4/lib/python3.10/site-packages/airflow/example_dags/example_branch_python_dop_operator_3.py took 0.112 seconds
[2023-05-07T22:46:39.238+0000] {processor.py:153} INFO - Started process (PID=21233) to work on /usr/local/python/3.10.4/lib/python3.10/site-packages/airflow/example_dags/example_branch_python_dop_operator_3.py
[2023-05-07T22:46:39.239+0000] {processor.py:743} INFO - Processing file /usr/local/python/3.10.4/lib/python3.10/site-packages/airflow/example_dags/example_branch_python_dop_operator_3.py for tasks to queue
[2023-05-07T22:46:39.240+0000] {logging_mixin.py:137} INFO - [2023-05-07T22:46:39.240+0000] {dagbag.py:538} INFO - Filling up the DagBag from /usr/local/python/3.10.4/lib/python3.10/site-packages/airflow/example_dags/example_branch_python_dop_operator_3.py
[2023-05-07T22:46:39.276+0000] {processor.py:753} INFO - DAG(s) dict_keys(['example_branch_dop_operator_v3']) retrieved from /usr/local/python/3.10.4/lib/python3.10/site-packages/airflow/example_dags/example_branch_python_dop_operator_3.py
[2023-05-07T22:46:39.306+0000] {logging_mixin.py:137} INFO - [2023-05-07T22:46:39.306+0000] {dag.py:2690} INFO - Sync 1 DAGs
[2023-05-07T22:46:39.347+0000] {logging_mixin.py:137} INFO - [2023-05-07T22:46:39.347+0000] {dag.py:3437} INFO - Setting next_dagrun for example_branch_dop_operator_v3 to 2023-05-07T22:45:00+00:00, run_after=2023-05-07T22:46:00+00:00
[2023-05-07T22:46:39.397+0000] {processor.py:175} INFO - Processing /usr/local/python/3.10.4/lib/python3.10/site-packages/airflow/example_dags/example_branch_python_dop_operator_3.py took 0.163 seconds
[2023-05-07T22:47:23.936+0000] {processor.py:153} INFO - Started process (PID=21614) to work on /usr/local/python/3.10.4/lib/python3.10/site-packages/airflow/example_dags/example_branch_python_dop_operator_3.py
[2023-05-07T22:47:23.937+0000] {processor.py:743} INFO - Processing file /usr/local/python/3.10.4/lib/python3.10/site-packages/airflow/example_dags/example_branch_python_dop_operator_3.py for tasks to queue
[2023-05-07T22:47:23.938+0000] {logging_mixin.py:137} INFO - [2023-05-07T22:47:23.938+0000] {dagbag.py:538} INFO - Filling up the DagBag from /usr/local/python/3.10.4/lib/python3.10/site-packages/airflow/example_dags/example_branch_python_dop_operator_3.py
[2023-05-07T22:47:23.961+0000] {processor.py:753} INFO - DAG(s) dict_keys(['example_branch_dop_operator_v3']) retrieved from /usr/local/python/3.10.4/lib/python3.10/site-packages/airflow/example_dags/example_branch_python_dop_operator_3.py
[2023-05-07T22:47:23.977+0000] {logging_mixin.py:137} INFO - [2023-05-07T22:47:23.977+0000] {dag.py:2690} INFO - Sync 1 DAGs
[2023-05-07T22:47:23.999+0000] {logging_mixin.py:137} INFO - [2023-05-07T22:47:23.999+0000] {dag.py:3437} INFO - Setting next_dagrun for example_branch_dop_operator_v3 to 2023-05-07T22:46:00+00:00, run_after=2023-05-07T22:47:00+00:00
[2023-05-07T22:47:24.039+0000] {processor.py:175} INFO - Processing /usr/local/python/3.10.4/lib/python3.10/site-packages/airflow/example_dags/example_branch_python_dop_operator_3.py took 0.106 seconds
[2023-05-07T22:48:05.173+0000] {processor.py:153} INFO - Started process (PID=21923) to work on /usr/local/python/3.10.4/lib/python3.10/site-packages/airflow/example_dags/example_branch_python_dop_operator_3.py
[2023-05-07T22:48:05.174+0000] {processor.py:743} INFO - Processing file /usr/local/python/3.10.4/lib/python3.10/site-packages/airflow/example_dags/example_branch_python_dop_operator_3.py for tasks to queue
[2023-05-07T22:48:05.175+0000] {logging_mixin.py:137} INFO - [2023-05-07T22:48:05.174+0000] {dagbag.py:538} INFO - Filling up the DagBag from /usr/local/python/3.10.4/lib/python3.10/site-packages/airflow/example_dags/example_branch_python_dop_operator_3.py
[2023-05-07T22:48:05.198+0000] {processor.py:753} INFO - DAG(s) dict_keys(['example_branch_dop_operator_v3']) retrieved from /usr/local/python/3.10.4/lib/python3.10/site-packages/airflow/example_dags/example_branch_python_dop_operator_3.py
[2023-05-07T22:48:05.214+0000] {logging_mixin.py:137} INFO - [2023-05-07T22:48:05.214+0000] {dag.py:2690} INFO - Sync 1 DAGs
[2023-05-07T22:48:05.235+0000] {logging_mixin.py:137} INFO - [2023-05-07T22:48:05.235+0000] {dag.py:3437} INFO - Setting next_dagrun for example_branch_dop_operator_v3 to 2023-05-07T22:47:00+00:00, run_after=2023-05-07T22:48:00+00:00
[2023-05-07T22:48:05.281+0000] {processor.py:175} INFO - Processing /usr/local/python/3.10.4/lib/python3.10/site-packages/airflow/example_dags/example_branch_python_dop_operator_3.py took 0.111 seconds
[2023-05-07T22:48:50.515+0000] {processor.py:153} INFO - Started process (PID=22376) to work on /usr/local/python/3.10.4/lib/python3.10/site-packages/airflow/example_dags/example_branch_python_dop_operator_3.py
[2023-05-07T22:48:50.516+0000] {processor.py:743} INFO - Processing file /usr/local/python/3.10.4/lib/python3.10/site-packages/airflow/example_dags/example_branch_python_dop_operator_3.py for tasks to queue
[2023-05-07T22:48:50.516+0000] {logging_mixin.py:137} INFO - [2023-05-07T22:48:50.516+0000] {dagbag.py:538} INFO - Filling up the DagBag from /usr/local/python/3.10.4/lib/python3.10/site-packages/airflow/example_dags/example_branch_python_dop_operator_3.py
[2023-05-07T22:48:50.539+0000] {processor.py:753} INFO - DAG(s) dict_keys(['example_branch_dop_operator_v3']) retrieved from /usr/local/python/3.10.4/lib/python3.10/site-packages/airflow/example_dags/example_branch_python_dop_operator_3.py
[2023-05-07T22:48:50.556+0000] {logging_mixin.py:137} INFO - [2023-05-07T22:48:50.556+0000] {dag.py:2690} INFO - Sync 1 DAGs
[2023-05-07T22:48:50.577+0000] {logging_mixin.py:137} INFO - [2023-05-07T22:48:50.577+0000] {dag.py:3437} INFO - Setting next_dagrun for example_branch_dop_operator_v3 to 2023-05-07T22:47:00+00:00, run_after=2023-05-07T22:48:00+00:00
[2023-05-07T22:48:50.617+0000] {processor.py:175} INFO - Processing /usr/local/python/3.10.4/lib/python3.10/site-packages/airflow/example_dags/example_branch_python_dop_operator_3.py took 0.104 seconds
[2023-05-07T22:49:35.657+0000] {processor.py:153} INFO - Started process (PID=22871) to work on /usr/local/python/3.10.4/lib/python3.10/site-packages/airflow/example_dags/example_branch_python_dop_operator_3.py
[2023-05-07T22:49:35.658+0000] {processor.py:743} INFO - Processing file /usr/local/python/3.10.4/lib/python3.10/site-packages/airflow/example_dags/example_branch_python_dop_operator_3.py for tasks to queue
[2023-05-07T22:49:35.659+0000] {logging_mixin.py:137} INFO - [2023-05-07T22:49:35.659+0000] {dagbag.py:538} INFO - Filling up the DagBag from /usr/local/python/3.10.4/lib/python3.10/site-packages/airflow/example_dags/example_branch_python_dop_operator_3.py
[2023-05-07T22:49:35.687+0000] {processor.py:753} INFO - DAG(s) dict_keys(['example_branch_dop_operator_v3']) retrieved from /usr/local/python/3.10.4/lib/python3.10/site-packages/airflow/example_dags/example_branch_python_dop_operator_3.py
[2023-05-07T22:49:35.707+0000] {logging_mixin.py:137} INFO - [2023-05-07T22:49:35.706+0000] {dag.py:2690} INFO - Sync 1 DAGs
[2023-05-07T22:49:35.742+0000] {logging_mixin.py:137} INFO - [2023-05-07T22:49:35.742+0000] {dag.py:3437} INFO - Setting next_dagrun for example_branch_dop_operator_v3 to 2023-05-07T22:48:00+00:00, run_after=2023-05-07T22:49:00+00:00
[2023-05-07T22:49:35.786+0000] {processor.py:175} INFO - Processing /usr/local/python/3.10.4/lib/python3.10/site-packages/airflow/example_dags/example_branch_python_dop_operator_3.py took 0.131 seconds
[2023-05-07T22:50:16.276+0000] {processor.py:153} INFO - Started process (PID=23174) to work on /usr/local/python/3.10.4/lib/python3.10/site-packages/airflow/example_dags/example_branch_python_dop_operator_3.py
[2023-05-07T22:50:16.276+0000] {processor.py:743} INFO - Processing file /usr/local/python/3.10.4/lib/python3.10/site-packages/airflow/example_dags/example_branch_python_dop_operator_3.py for tasks to queue
[2023-05-07T22:50:16.277+0000] {logging_mixin.py:137} INFO - [2023-05-07T22:50:16.277+0000] {dagbag.py:538} INFO - Filling up the DagBag from /usr/local/python/3.10.4/lib/python3.10/site-packages/airflow/example_dags/example_branch_python_dop_operator_3.py
[2023-05-07T22:50:16.303+0000] {processor.py:753} INFO - DAG(s) dict_keys(['example_branch_dop_operator_v3']) retrieved from /usr/local/python/3.10.4/lib/python3.10/site-packages/airflow/example_dags/example_branch_python_dop_operator_3.py
[2023-05-07T22:50:16.319+0000] {logging_mixin.py:137} INFO - [2023-05-07T22:50:16.319+0000] {dag.py:2690} INFO - Sync 1 DAGs
[2023-05-07T22:50:16.339+0000] {logging_mixin.py:137} INFO - [2023-05-07T22:50:16.339+0000] {dag.py:3437} INFO - Setting next_dagrun for example_branch_dop_operator_v3 to 2023-05-07T22:49:00+00:00, run_after=2023-05-07T22:50:00+00:00
[2023-05-07T22:50:16.379+0000] {processor.py:175} INFO - Processing /usr/local/python/3.10.4/lib/python3.10/site-packages/airflow/example_dags/example_branch_python_dop_operator_3.py took 0.107 seconds
[2023-05-07T22:51:00.729+0000] {processor.py:153} INFO - Started process (PID=23532) to work on /usr/local/python/3.10.4/lib/python3.10/site-packages/airflow/example_dags/example_branch_python_dop_operator_3.py
[2023-05-07T22:51:00.730+0000] {processor.py:743} INFO - Processing file /usr/local/python/3.10.4/lib/python3.10/site-packages/airflow/example_dags/example_branch_python_dop_operator_3.py for tasks to queue
[2023-05-07T22:51:00.730+0000] {logging_mixin.py:137} INFO - [2023-05-07T22:51:00.730+0000] {dagbag.py:538} INFO - Filling up the DagBag from /usr/local/python/3.10.4/lib/python3.10/site-packages/airflow/example_dags/example_branch_python_dop_operator_3.py
[2023-05-07T22:51:00.754+0000] {processor.py:753} INFO - DAG(s) dict_keys(['example_branch_dop_operator_v3']) retrieved from /usr/local/python/3.10.4/lib/python3.10/site-packages/airflow/example_dags/example_branch_python_dop_operator_3.py
[2023-05-07T22:51:00.770+0000] {logging_mixin.py:137} INFO - [2023-05-07T22:51:00.769+0000] {dag.py:2690} INFO - Sync 1 DAGs
[2023-05-07T22:51:00.791+0000] {logging_mixin.py:137} INFO - [2023-05-07T22:51:00.790+0000] {dag.py:3437} INFO - Setting next_dagrun for example_branch_dop_operator_v3 to 2023-05-07T22:50:00+00:00, run_after=2023-05-07T22:51:00+00:00
[2023-05-07T22:51:00.832+0000] {processor.py:175} INFO - Processing /usr/local/python/3.10.4/lib/python3.10/site-packages/airflow/example_dags/example_branch_python_dop_operator_3.py took 0.106 seconds
[2023-05-07T22:51:42.411+0000] {processor.py:153} INFO - Started process (PID=23879) to work on /usr/local/python/3.10.4/lib/python3.10/site-packages/airflow/example_dags/example_branch_python_dop_operator_3.py
[2023-05-07T22:51:42.412+0000] {processor.py:743} INFO - Processing file /usr/local/python/3.10.4/lib/python3.10/site-packages/airflow/example_dags/example_branch_python_dop_operator_3.py for tasks to queue
[2023-05-07T22:51:42.412+0000] {logging_mixin.py:137} INFO - [2023-05-07T22:51:42.412+0000] {dagbag.py:538} INFO - Filling up the DagBag from /usr/local/python/3.10.4/lib/python3.10/site-packages/airflow/example_dags/example_branch_python_dop_operator_3.py
[2023-05-07T22:51:42.435+0000] {processor.py:753} INFO - DAG(s) dict_keys(['example_branch_dop_operator_v3']) retrieved from /usr/local/python/3.10.4/lib/python3.10/site-packages/airflow/example_dags/example_branch_python_dop_operator_3.py
[2023-05-07T22:51:42.452+0000] {logging_mixin.py:137} INFO - [2023-05-07T22:51:42.451+0000] {dag.py:2690} INFO - Sync 1 DAGs
[2023-05-07T22:51:42.474+0000] {logging_mixin.py:137} INFO - [2023-05-07T22:51:42.474+0000] {dag.py:3437} INFO - Setting next_dagrun for example_branch_dop_operator_v3 to 2023-05-07T22:50:00+00:00, run_after=2023-05-07T22:51:00+00:00
[2023-05-07T22:51:42.513+0000] {processor.py:175} INFO - Processing /usr/local/python/3.10.4/lib/python3.10/site-packages/airflow/example_dags/example_branch_python_dop_operator_3.py took 0.105 seconds
[2023-05-07T22:52:24.496+0000] {processor.py:153} INFO - Started process (PID=24038) to work on /usr/local/python/3.10.4/lib/python3.10/site-packages/airflow/example_dags/example_branch_python_dop_operator_3.py
[2023-05-07T22:52:24.497+0000] {processor.py:743} INFO - Processing file /usr/local/python/3.10.4/lib/python3.10/site-packages/airflow/example_dags/example_branch_python_dop_operator_3.py for tasks to queue
[2023-05-07T22:52:24.498+0000] {logging_mixin.py:137} INFO - [2023-05-07T22:52:24.498+0000] {dagbag.py:538} INFO - Filling up the DagBag from /usr/local/python/3.10.4/lib/python3.10/site-packages/airflow/example_dags/example_branch_python_dop_operator_3.py
[2023-05-07T22:52:24.524+0000] {processor.py:753} INFO - DAG(s) dict_keys(['example_branch_dop_operator_v3']) retrieved from /usr/local/python/3.10.4/lib/python3.10/site-packages/airflow/example_dags/example_branch_python_dop_operator_3.py
[2023-05-07T22:52:24.541+0000] {logging_mixin.py:137} INFO - [2023-05-07T22:52:24.540+0000] {dag.py:2690} INFO - Sync 1 DAGs
[2023-05-07T22:52:24.564+0000] {logging_mixin.py:137} INFO - [2023-05-07T22:52:24.564+0000] {dag.py:3437} INFO - Setting next_dagrun for example_branch_dop_operator_v3 to 2023-05-07T22:51:00+00:00, run_after=2023-05-07T22:52:00+00:00
[2023-05-07T22:52:24.604+0000] {processor.py:175} INFO - Processing /usr/local/python/3.10.4/lib/python3.10/site-packages/airflow/example_dags/example_branch_python_dop_operator_3.py took 0.111 seconds
[2023-05-07T22:53:07.768+0000] {processor.py:153} INFO - Started process (PID=25020) to work on /usr/local/python/3.10.4/lib/python3.10/site-packages/airflow/example_dags/example_branch_python_dop_operator_3.py
[2023-05-07T22:53:07.769+0000] {processor.py:743} INFO - Processing file /usr/local/python/3.10.4/lib/python3.10/site-packages/airflow/example_dags/example_branch_python_dop_operator_3.py for tasks to queue
[2023-05-07T22:53:07.770+0000] {logging_mixin.py:137} INFO - [2023-05-07T22:53:07.770+0000] {dagbag.py:538} INFO - Filling up the DagBag from /usr/local/python/3.10.4/lib/python3.10/site-packages/airflow/example_dags/example_branch_python_dop_operator_3.py
[2023-05-07T22:53:07.792+0000] {processor.py:753} INFO - DAG(s) dict_keys(['example_branch_dop_operator_v3']) retrieved from /usr/local/python/3.10.4/lib/python3.10/site-packages/airflow/example_dags/example_branch_python_dop_operator_3.py
[2023-05-07T22:53:07.809+0000] {logging_mixin.py:137} INFO - [2023-05-07T22:53:07.809+0000] {dag.py:2690} INFO - Sync 1 DAGs
[2023-05-07T22:53:07.830+0000] {logging_mixin.py:137} INFO - [2023-05-07T22:53:07.829+0000] {dag.py:3437} INFO - Setting next_dagrun for example_branch_dop_operator_v3 to 2023-05-07T22:52:00+00:00, run_after=2023-05-07T22:53:00+00:00
[2023-05-07T22:53:07.870+0000] {processor.py:175} INFO - Processing /usr/local/python/3.10.4/lib/python3.10/site-packages/airflow/example_dags/example_branch_python_dop_operator_3.py took 0.106 seconds
[2023-05-07T22:53:54.217+0000] {processor.py:153} INFO - Started process (PID=25403) to work on /usr/local/python/3.10.4/lib/python3.10/site-packages/airflow/example_dags/example_branch_python_dop_operator_3.py
[2023-05-07T22:53:54.218+0000] {processor.py:743} INFO - Processing file /usr/local/python/3.10.4/lib/python3.10/site-packages/airflow/example_dags/example_branch_python_dop_operator_3.py for tasks to queue
[2023-05-07T22:53:54.219+0000] {logging_mixin.py:137} INFO - [2023-05-07T22:53:54.219+0000] {dagbag.py:538} INFO - Filling up the DagBag from /usr/local/python/3.10.4/lib/python3.10/site-packages/airflow/example_dags/example_branch_python_dop_operator_3.py
[2023-05-07T22:53:54.241+0000] {processor.py:753} INFO - DAG(s) dict_keys(['example_branch_dop_operator_v3']) retrieved from /usr/local/python/3.10.4/lib/python3.10/site-packages/airflow/example_dags/example_branch_python_dop_operator_3.py
[2023-05-07T22:53:54.258+0000] {logging_mixin.py:137} INFO - [2023-05-07T22:53:54.258+0000] {dag.py:2690} INFO - Sync 1 DAGs
[2023-05-07T22:53:54.279+0000] {logging_mixin.py:137} INFO - [2023-05-07T22:53:54.279+0000] {dag.py:3437} INFO - Setting next_dagrun for example_branch_dop_operator_v3 to 2023-05-07T22:52:00+00:00, run_after=2023-05-07T22:53:00+00:00
[2023-05-07T22:53:54.320+0000] {processor.py:175} INFO - Processing /usr/local/python/3.10.4/lib/python3.10/site-packages/airflow/example_dags/example_branch_python_dop_operator_3.py took 0.107 seconds
