[2023-05-07T22:22:39.980+0000] {processor.py:153} INFO - Started process (PID=10044) to work on /usr/local/python/3.10.4/lib/python3.10/site-packages/airflow/example_dags/example_time_delta_sensor_async.py
[2023-05-07T22:22:39.981+0000] {processor.py:743} INFO - Processing file /usr/local/python/3.10.4/lib/python3.10/site-packages/airflow/example_dags/example_time_delta_sensor_async.py for tasks to queue
[2023-05-07T22:22:39.981+0000] {logging_mixin.py:137} INFO - [2023-05-07T22:22:39.981+0000] {dagbag.py:538} INFO - Filling up the DagBag from /usr/local/python/3.10.4/lib/python3.10/site-packages/airflow/example_dags/example_time_delta_sensor_async.py
[2023-05-07T22:22:39.993+0000] {processor.py:753} INFO - DAG(s) dict_keys(['example_time_delta_sensor_async']) retrieved from /usr/local/python/3.10.4/lib/python3.10/site-packages/airflow/example_dags/example_time_delta_sensor_async.py
[2023-05-07T22:22:40.131+0000] {logging_mixin.py:137} INFO - [2023-05-07T22:22:40.131+0000] {manager.py:504} INFO - Created Permission View: can edit on DAG:example_time_delta_sensor_async
[2023-05-07T22:22:40.164+0000] {logging_mixin.py:137} INFO - [2023-05-07T22:22:40.164+0000] {manager.py:504} INFO - Created Permission View: can delete on DAG:example_time_delta_sensor_async
[2023-05-07T22:22:40.200+0000] {logging_mixin.py:137} INFO - [2023-05-07T22:22:40.200+0000] {manager.py:504} INFO - Created Permission View: can read on DAG:example_time_delta_sensor_async
[2023-05-07T22:22:40.200+0000] {logging_mixin.py:137} INFO - [2023-05-07T22:22:40.200+0000] {dag.py:2690} INFO - Sync 1 DAGs
[2023-05-07T22:22:40.210+0000] {logging_mixin.py:137} INFO - [2023-05-07T22:22:40.209+0000] {dag.py:2711} INFO - Creating ORM DAG for example_time_delta_sensor_async
[2023-05-07T22:22:40.217+0000] {logging_mixin.py:137} INFO - [2023-05-07T22:22:40.217+0000] {dag.py:3437} INFO - Setting next_dagrun for example_time_delta_sensor_async to None, run_after=None
[2023-05-07T22:22:40.263+0000] {processor.py:175} INFO - Processing /usr/local/python/3.10.4/lib/python3.10/site-packages/airflow/example_dags/example_time_delta_sensor_async.py took 0.287 seconds
[2023-05-07T22:23:20.731+0000] {processor.py:153} INFO - Started process (PID=10327) to work on /usr/local/python/3.10.4/lib/python3.10/site-packages/airflow/example_dags/example_time_delta_sensor_async.py
[2023-05-07T22:23:20.732+0000] {processor.py:743} INFO - Processing file /usr/local/python/3.10.4/lib/python3.10/site-packages/airflow/example_dags/example_time_delta_sensor_async.py for tasks to queue
[2023-05-07T22:23:20.732+0000] {logging_mixin.py:137} INFO - [2023-05-07T22:23:20.732+0000] {dagbag.py:538} INFO - Filling up the DagBag from /usr/local/python/3.10.4/lib/python3.10/site-packages/airflow/example_dags/example_time_delta_sensor_async.py
[2023-05-07T22:23:20.744+0000] {processor.py:753} INFO - DAG(s) dict_keys(['example_time_delta_sensor_async']) retrieved from /usr/local/python/3.10.4/lib/python3.10/site-packages/airflow/example_dags/example_time_delta_sensor_async.py
[2023-05-07T22:23:20.762+0000] {logging_mixin.py:137} INFO - [2023-05-07T22:23:20.761+0000] {dag.py:2690} INFO - Sync 1 DAGs
[2023-05-07T22:23:20.779+0000] {logging_mixin.py:137} INFO - [2023-05-07T22:23:20.779+0000] {dag.py:3437} INFO - Setting next_dagrun for example_time_delta_sensor_async to None, run_after=None
[2023-05-07T22:23:20.828+0000] {processor.py:175} INFO - Processing /usr/local/python/3.10.4/lib/python3.10/site-packages/airflow/example_dags/example_time_delta_sensor_async.py took 0.100 seconds
[2023-05-07T22:24:04.270+0000] {processor.py:153} INFO - Started process (PID=10738) to work on /usr/local/python/3.10.4/lib/python3.10/site-packages/airflow/example_dags/example_time_delta_sensor_async.py
[2023-05-07T22:24:04.271+0000] {processor.py:743} INFO - Processing file /usr/local/python/3.10.4/lib/python3.10/site-packages/airflow/example_dags/example_time_delta_sensor_async.py for tasks to queue
[2023-05-07T22:24:04.272+0000] {logging_mixin.py:137} INFO - [2023-05-07T22:24:04.272+0000] {dagbag.py:538} INFO - Filling up the DagBag from /usr/local/python/3.10.4/lib/python3.10/site-packages/airflow/example_dags/example_time_delta_sensor_async.py
[2023-05-07T22:24:04.284+0000] {processor.py:753} INFO - DAG(s) dict_keys(['example_time_delta_sensor_async']) retrieved from /usr/local/python/3.10.4/lib/python3.10/site-packages/airflow/example_dags/example_time_delta_sensor_async.py
[2023-05-07T22:24:04.302+0000] {logging_mixin.py:137} INFO - [2023-05-07T22:24:04.302+0000] {dag.py:2690} INFO - Sync 1 DAGs
[2023-05-07T22:24:04.318+0000] {logging_mixin.py:137} INFO - [2023-05-07T22:24:04.318+0000] {dag.py:3437} INFO - Setting next_dagrun for example_time_delta_sensor_async to None, run_after=None
[2023-05-07T22:24:04.361+0000] {processor.py:175} INFO - Processing /usr/local/python/3.10.4/lib/python3.10/site-packages/airflow/example_dags/example_time_delta_sensor_async.py took 0.093 seconds
[2023-05-07T22:24:58.651+0000] {processor.py:153} INFO - Started process (PID=11169) to work on /usr/local/python/3.10.4/lib/python3.10/site-packages/airflow/example_dags/example_time_delta_sensor_async.py
[2023-05-07T22:24:58.654+0000] {processor.py:743} INFO - Processing file /usr/local/python/3.10.4/lib/python3.10/site-packages/airflow/example_dags/example_time_delta_sensor_async.py for tasks to queue
[2023-05-07T22:24:58.655+0000] {logging_mixin.py:137} INFO - [2023-05-07T22:24:58.655+0000] {dagbag.py:538} INFO - Filling up the DagBag from /usr/local/python/3.10.4/lib/python3.10/site-packages/airflow/example_dags/example_time_delta_sensor_async.py
[2023-05-07T22:24:58.667+0000] {processor.py:753} INFO - DAG(s) dict_keys(['example_time_delta_sensor_async']) retrieved from /usr/local/python/3.10.4/lib/python3.10/site-packages/airflow/example_dags/example_time_delta_sensor_async.py
[2023-05-07T22:24:58.683+0000] {logging_mixin.py:137} INFO - [2023-05-07T22:24:58.683+0000] {dag.py:2690} INFO - Sync 1 DAGs
[2023-05-07T22:24:58.700+0000] {logging_mixin.py:137} INFO - [2023-05-07T22:24:58.700+0000] {dag.py:3437} INFO - Setting next_dagrun for example_time_delta_sensor_async to None, run_after=None
[2023-05-07T22:24:58.742+0000] {processor.py:175} INFO - Processing /usr/local/python/3.10.4/lib/python3.10/site-packages/airflow/example_dags/example_time_delta_sensor_async.py took 0.094 seconds
[2023-05-07T22:25:38.388+0000] {processor.py:153} INFO - Started process (PID=11468) to work on /usr/local/python/3.10.4/lib/python3.10/site-packages/airflow/example_dags/example_time_delta_sensor_async.py
[2023-05-07T22:25:38.389+0000] {processor.py:743} INFO - Processing file /usr/local/python/3.10.4/lib/python3.10/site-packages/airflow/example_dags/example_time_delta_sensor_async.py for tasks to queue
[2023-05-07T22:25:38.389+0000] {logging_mixin.py:137} INFO - [2023-05-07T22:25:38.389+0000] {dagbag.py:538} INFO - Filling up the DagBag from /usr/local/python/3.10.4/lib/python3.10/site-packages/airflow/example_dags/example_time_delta_sensor_async.py
[2023-05-07T22:25:38.400+0000] {processor.py:753} INFO - DAG(s) dict_keys(['example_time_delta_sensor_async']) retrieved from /usr/local/python/3.10.4/lib/python3.10/site-packages/airflow/example_dags/example_time_delta_sensor_async.py
[2023-05-07T22:25:38.416+0000] {logging_mixin.py:137} INFO - [2023-05-07T22:25:38.416+0000] {dag.py:2690} INFO - Sync 1 DAGs
[2023-05-07T22:25:38.433+0000] {logging_mixin.py:137} INFO - [2023-05-07T22:25:38.433+0000] {dag.py:3437} INFO - Setting next_dagrun for example_time_delta_sensor_async to None, run_after=None
[2023-05-07T22:25:38.476+0000] {processor.py:175} INFO - Processing /usr/local/python/3.10.4/lib/python3.10/site-packages/airflow/example_dags/example_time_delta_sensor_async.py took 0.092 seconds
[2023-05-07T22:26:22.835+0000] {processor.py:153} INFO - Started process (PID=11793) to work on /usr/local/python/3.10.4/lib/python3.10/site-packages/airflow/example_dags/example_time_delta_sensor_async.py
[2023-05-07T22:26:22.836+0000] {processor.py:743} INFO - Processing file /usr/local/python/3.10.4/lib/python3.10/site-packages/airflow/example_dags/example_time_delta_sensor_async.py for tasks to queue
[2023-05-07T22:26:22.838+0000] {logging_mixin.py:137} INFO - [2023-05-07T22:26:22.837+0000] {dagbag.py:538} INFO - Filling up the DagBag from /usr/local/python/3.10.4/lib/python3.10/site-packages/airflow/example_dags/example_time_delta_sensor_async.py
[2023-05-07T22:26:22.849+0000] {processor.py:753} INFO - DAG(s) dict_keys(['example_time_delta_sensor_async']) retrieved from /usr/local/python/3.10.4/lib/python3.10/site-packages/airflow/example_dags/example_time_delta_sensor_async.py
[2023-05-07T22:26:22.865+0000] {logging_mixin.py:137} INFO - [2023-05-07T22:26:22.865+0000] {dag.py:2690} INFO - Sync 1 DAGs
[2023-05-07T22:26:22.882+0000] {logging_mixin.py:137} INFO - [2023-05-07T22:26:22.882+0000] {dag.py:3437} INFO - Setting next_dagrun for example_time_delta_sensor_async to None, run_after=None
[2023-05-07T22:26:22.924+0000] {processor.py:175} INFO - Processing /usr/local/python/3.10.4/lib/python3.10/site-packages/airflow/example_dags/example_time_delta_sensor_async.py took 0.092 seconds
[2023-05-07T22:27:04.169+0000] {processor.py:153} INFO - Started process (PID=12080) to work on /usr/local/python/3.10.4/lib/python3.10/site-packages/airflow/example_dags/example_time_delta_sensor_async.py
[2023-05-07T22:27:04.170+0000] {processor.py:743} INFO - Processing file /usr/local/python/3.10.4/lib/python3.10/site-packages/airflow/example_dags/example_time_delta_sensor_async.py for tasks to queue
[2023-05-07T22:27:04.170+0000] {logging_mixin.py:137} INFO - [2023-05-07T22:27:04.170+0000] {dagbag.py:538} INFO - Filling up the DagBag from /usr/local/python/3.10.4/lib/python3.10/site-packages/airflow/example_dags/example_time_delta_sensor_async.py
[2023-05-07T22:27:04.187+0000] {processor.py:753} INFO - DAG(s) dict_keys(['example_time_delta_sensor_async']) retrieved from /usr/local/python/3.10.4/lib/python3.10/site-packages/airflow/example_dags/example_time_delta_sensor_async.py
[2023-05-07T22:27:04.204+0000] {logging_mixin.py:137} INFO - [2023-05-07T22:27:04.204+0000] {dag.py:2690} INFO - Sync 1 DAGs
[2023-05-07T22:27:04.221+0000] {logging_mixin.py:137} INFO - [2023-05-07T22:27:04.221+0000] {dag.py:3437} INFO - Setting next_dagrun for example_time_delta_sensor_async to None, run_after=None
[2023-05-07T22:27:04.263+0000] {processor.py:175} INFO - Processing /usr/local/python/3.10.4/lib/python3.10/site-packages/airflow/example_dags/example_time_delta_sensor_async.py took 0.098 seconds
[2023-05-07T22:27:46.645+0000] {processor.py:153} INFO - Started process (PID=12364) to work on /usr/local/python/3.10.4/lib/python3.10/site-packages/airflow/example_dags/example_time_delta_sensor_async.py
[2023-05-07T22:27:46.646+0000] {processor.py:743} INFO - Processing file /usr/local/python/3.10.4/lib/python3.10/site-packages/airflow/example_dags/example_time_delta_sensor_async.py for tasks to queue
[2023-05-07T22:27:46.646+0000] {logging_mixin.py:137} INFO - [2023-05-07T22:27:46.646+0000] {dagbag.py:538} INFO - Filling up the DagBag from /usr/local/python/3.10.4/lib/python3.10/site-packages/airflow/example_dags/example_time_delta_sensor_async.py
[2023-05-07T22:27:46.659+0000] {processor.py:753} INFO - DAG(s) dict_keys(['example_time_delta_sensor_async']) retrieved from /usr/local/python/3.10.4/lib/python3.10/site-packages/airflow/example_dags/example_time_delta_sensor_async.py
[2023-05-07T22:27:46.675+0000] {logging_mixin.py:137} INFO - [2023-05-07T22:27:46.675+0000] {dag.py:2690} INFO - Sync 1 DAGs
[2023-05-07T22:27:46.692+0000] {logging_mixin.py:137} INFO - [2023-05-07T22:27:46.691+0000] {dag.py:3437} INFO - Setting next_dagrun for example_time_delta_sensor_async to None, run_after=None
[2023-05-07T22:27:46.732+0000] {processor.py:175} INFO - Processing /usr/local/python/3.10.4/lib/python3.10/site-packages/airflow/example_dags/example_time_delta_sensor_async.py took 0.090 seconds
[2023-05-07T22:28:30.918+0000] {processor.py:153} INFO - Started process (PID=12673) to work on /usr/local/python/3.10.4/lib/python3.10/site-packages/airflow/example_dags/example_time_delta_sensor_async.py
[2023-05-07T22:28:30.919+0000] {processor.py:743} INFO - Processing file /usr/local/python/3.10.4/lib/python3.10/site-packages/airflow/example_dags/example_time_delta_sensor_async.py for tasks to queue
[2023-05-07T22:28:30.920+0000] {logging_mixin.py:137} INFO - [2023-05-07T22:28:30.920+0000] {dagbag.py:538} INFO - Filling up the DagBag from /usr/local/python/3.10.4/lib/python3.10/site-packages/airflow/example_dags/example_time_delta_sensor_async.py
[2023-05-07T22:28:30.932+0000] {processor.py:753} INFO - DAG(s) dict_keys(['example_time_delta_sensor_async']) retrieved from /usr/local/python/3.10.4/lib/python3.10/site-packages/airflow/example_dags/example_time_delta_sensor_async.py
[2023-05-07T22:28:30.949+0000] {logging_mixin.py:137} INFO - [2023-05-07T22:28:30.949+0000] {dag.py:2690} INFO - Sync 1 DAGs
[2023-05-07T22:28:30.966+0000] {logging_mixin.py:137} INFO - [2023-05-07T22:28:30.966+0000] {dag.py:3437} INFO - Setting next_dagrun for example_time_delta_sensor_async to None, run_after=None
[2023-05-07T22:28:31.008+0000] {processor.py:175} INFO - Processing /usr/local/python/3.10.4/lib/python3.10/site-packages/airflow/example_dags/example_time_delta_sensor_async.py took 0.092 seconds
[2023-05-07T22:29:17.508+0000] {processor.py:153} INFO - Started process (PID=13002) to work on /usr/local/python/3.10.4/lib/python3.10/site-packages/airflow/example_dags/example_time_delta_sensor_async.py
[2023-05-07T22:29:17.509+0000] {processor.py:743} INFO - Processing file /usr/local/python/3.10.4/lib/python3.10/site-packages/airflow/example_dags/example_time_delta_sensor_async.py for tasks to queue
[2023-05-07T22:29:17.509+0000] {logging_mixin.py:137} INFO - [2023-05-07T22:29:17.509+0000] {dagbag.py:538} INFO - Filling up the DagBag from /usr/local/python/3.10.4/lib/python3.10/site-packages/airflow/example_dags/example_time_delta_sensor_async.py
[2023-05-07T22:29:17.521+0000] {processor.py:753} INFO - DAG(s) dict_keys(['example_time_delta_sensor_async']) retrieved from /usr/local/python/3.10.4/lib/python3.10/site-packages/airflow/example_dags/example_time_delta_sensor_async.py
[2023-05-07T22:29:17.537+0000] {logging_mixin.py:137} INFO - [2023-05-07T22:29:17.537+0000] {dag.py:2690} INFO - Sync 1 DAGs
[2023-05-07T22:29:17.554+0000] {logging_mixin.py:137} INFO - [2023-05-07T22:29:17.554+0000] {dag.py:3437} INFO - Setting next_dagrun for example_time_delta_sensor_async to None, run_after=None
[2023-05-07T22:29:17.596+0000] {processor.py:175} INFO - Processing /usr/local/python/3.10.4/lib/python3.10/site-packages/airflow/example_dags/example_time_delta_sensor_async.py took 0.092 seconds
[2023-05-07T22:30:11.679+0000] {processor.py:153} INFO - Started process (PID=13376) to work on /usr/local/python/3.10.4/lib/python3.10/site-packages/airflow/example_dags/example_time_delta_sensor_async.py
[2023-05-07T22:30:11.680+0000] {processor.py:743} INFO - Processing file /usr/local/python/3.10.4/lib/python3.10/site-packages/airflow/example_dags/example_time_delta_sensor_async.py for tasks to queue
[2023-05-07T22:30:11.681+0000] {logging_mixin.py:137} INFO - [2023-05-07T22:30:11.680+0000] {dagbag.py:538} INFO - Filling up the DagBag from /usr/local/python/3.10.4/lib/python3.10/site-packages/airflow/example_dags/example_time_delta_sensor_async.py
[2023-05-07T22:30:11.693+0000] {processor.py:753} INFO - DAG(s) dict_keys(['example_time_delta_sensor_async']) retrieved from /usr/local/python/3.10.4/lib/python3.10/site-packages/airflow/example_dags/example_time_delta_sensor_async.py
[2023-05-07T22:30:11.709+0000] {logging_mixin.py:137} INFO - [2023-05-07T22:30:11.709+0000] {dag.py:2690} INFO - Sync 1 DAGs
[2023-05-07T22:30:11.725+0000] {logging_mixin.py:137} INFO - [2023-05-07T22:30:11.725+0000] {dag.py:3437} INFO - Setting next_dagrun for example_time_delta_sensor_async to None, run_after=None
[2023-05-07T22:30:11.878+0000] {processor.py:175} INFO - Processing /usr/local/python/3.10.4/lib/python3.10/site-packages/airflow/example_dags/example_time_delta_sensor_async.py took 0.202 seconds
[2023-05-07T22:30:59.256+0000] {processor.py:153} INFO - Started process (PID=13696) to work on /usr/local/python/3.10.4/lib/python3.10/site-packages/airflow/example_dags/example_time_delta_sensor_async.py
[2023-05-07T22:30:59.257+0000] {processor.py:743} INFO - Processing file /usr/local/python/3.10.4/lib/python3.10/site-packages/airflow/example_dags/example_time_delta_sensor_async.py for tasks to queue
[2023-05-07T22:30:59.257+0000] {logging_mixin.py:137} INFO - [2023-05-07T22:30:59.257+0000] {dagbag.py:538} INFO - Filling up the DagBag from /usr/local/python/3.10.4/lib/python3.10/site-packages/airflow/example_dags/example_time_delta_sensor_async.py
[2023-05-07T22:30:59.269+0000] {processor.py:753} INFO - DAG(s) dict_keys(['example_time_delta_sensor_async']) retrieved from /usr/local/python/3.10.4/lib/python3.10/site-packages/airflow/example_dags/example_time_delta_sensor_async.py
[2023-05-07T22:30:59.285+0000] {logging_mixin.py:137} INFO - [2023-05-07T22:30:59.285+0000] {dag.py:2690} INFO - Sync 1 DAGs
[2023-05-07T22:30:59.412+0000] {logging_mixin.py:137} INFO - [2023-05-07T22:30:59.411+0000] {dag.py:3437} INFO - Setting next_dagrun for example_time_delta_sensor_async to None, run_after=None
[2023-05-07T22:30:59.452+0000] {processor.py:175} INFO - Processing /usr/local/python/3.10.4/lib/python3.10/site-packages/airflow/example_dags/example_time_delta_sensor_async.py took 0.199 seconds
[2023-05-07T22:31:49.115+0000] {processor.py:153} INFO - Started process (PID=14021) to work on /usr/local/python/3.10.4/lib/python3.10/site-packages/airflow/example_dags/example_time_delta_sensor_async.py
[2023-05-07T22:31:49.116+0000] {processor.py:743} INFO - Processing file /usr/local/python/3.10.4/lib/python3.10/site-packages/airflow/example_dags/example_time_delta_sensor_async.py for tasks to queue
[2023-05-07T22:31:49.117+0000] {logging_mixin.py:137} INFO - [2023-05-07T22:31:49.117+0000] {dagbag.py:538} INFO - Filling up the DagBag from /usr/local/python/3.10.4/lib/python3.10/site-packages/airflow/example_dags/example_time_delta_sensor_async.py
[2023-05-07T22:31:49.128+0000] {processor.py:753} INFO - DAG(s) dict_keys(['example_time_delta_sensor_async']) retrieved from /usr/local/python/3.10.4/lib/python3.10/site-packages/airflow/example_dags/example_time_delta_sensor_async.py
[2023-05-07T22:31:49.145+0000] {logging_mixin.py:137} INFO - [2023-05-07T22:31:49.145+0000] {dag.py:2690} INFO - Sync 1 DAGs
[2023-05-07T22:31:49.270+0000] {logging_mixin.py:137} INFO - [2023-05-07T22:31:49.270+0000] {dag.py:3437} INFO - Setting next_dagrun for example_time_delta_sensor_async to None, run_after=None
[2023-05-07T22:31:49.310+0000] {processor.py:175} INFO - Processing /usr/local/python/3.10.4/lib/python3.10/site-packages/airflow/example_dags/example_time_delta_sensor_async.py took 0.198 seconds
[2023-05-07T22:32:33.099+0000] {processor.py:153} INFO - Started process (PID=14341) to work on /usr/local/python/3.10.4/lib/python3.10/site-packages/airflow/example_dags/example_time_delta_sensor_async.py
[2023-05-07T22:32:33.100+0000] {processor.py:743} INFO - Processing file /usr/local/python/3.10.4/lib/python3.10/site-packages/airflow/example_dags/example_time_delta_sensor_async.py for tasks to queue
[2023-05-07T22:32:33.100+0000] {logging_mixin.py:137} INFO - [2023-05-07T22:32:33.100+0000] {dagbag.py:538} INFO - Filling up the DagBag from /usr/local/python/3.10.4/lib/python3.10/site-packages/airflow/example_dags/example_time_delta_sensor_async.py
[2023-05-07T22:32:33.112+0000] {processor.py:753} INFO - DAG(s) dict_keys(['example_time_delta_sensor_async']) retrieved from /usr/local/python/3.10.4/lib/python3.10/site-packages/airflow/example_dags/example_time_delta_sensor_async.py
[2023-05-07T22:32:33.242+0000] {logging_mixin.py:137} INFO - [2023-05-07T22:32:33.241+0000] {dag.py:2690} INFO - Sync 1 DAGs
[2023-05-07T22:32:33.256+0000] {logging_mixin.py:137} INFO - [2023-05-07T22:32:33.256+0000] {dag.py:3437} INFO - Setting next_dagrun for example_time_delta_sensor_async to None, run_after=None
[2023-05-07T22:32:33.296+0000] {processor.py:175} INFO - Processing /usr/local/python/3.10.4/lib/python3.10/site-packages/airflow/example_dags/example_time_delta_sensor_async.py took 0.201 seconds
[2023-05-07T22:33:22.620+0000] {processor.py:153} INFO - Started process (PID=14692) to work on /usr/local/python/3.10.4/lib/python3.10/site-packages/airflow/example_dags/example_time_delta_sensor_async.py
[2023-05-07T22:33:22.621+0000] {processor.py:743} INFO - Processing file /usr/local/python/3.10.4/lib/python3.10/site-packages/airflow/example_dags/example_time_delta_sensor_async.py for tasks to queue
[2023-05-07T22:33:22.621+0000] {logging_mixin.py:137} INFO - [2023-05-07T22:33:22.621+0000] {dagbag.py:538} INFO - Filling up the DagBag from /usr/local/python/3.10.4/lib/python3.10/site-packages/airflow/example_dags/example_time_delta_sensor_async.py
[2023-05-07T22:33:22.633+0000] {processor.py:753} INFO - DAG(s) dict_keys(['example_time_delta_sensor_async']) retrieved from /usr/local/python/3.10.4/lib/python3.10/site-packages/airflow/example_dags/example_time_delta_sensor_async.py
[2023-05-07T22:33:22.759+0000] {logging_mixin.py:137} INFO - [2023-05-07T22:33:22.759+0000] {dag.py:2690} INFO - Sync 1 DAGs
[2023-05-07T22:33:22.773+0000] {logging_mixin.py:137} INFO - [2023-05-07T22:33:22.773+0000] {dag.py:3437} INFO - Setting next_dagrun for example_time_delta_sensor_async to None, run_after=None
[2023-05-07T22:33:22.815+0000] {processor.py:175} INFO - Processing /usr/local/python/3.10.4/lib/python3.10/site-packages/airflow/example_dags/example_time_delta_sensor_async.py took 0.198 seconds
[2023-05-07T22:34:11.103+0000] {processor.py:153} INFO - Started process (PID=15074) to work on /usr/local/python/3.10.4/lib/python3.10/site-packages/airflow/example_dags/example_time_delta_sensor_async.py
[2023-05-07T22:34:11.104+0000] {processor.py:743} INFO - Processing file /usr/local/python/3.10.4/lib/python3.10/site-packages/airflow/example_dags/example_time_delta_sensor_async.py for tasks to queue
[2023-05-07T22:34:11.105+0000] {logging_mixin.py:137} INFO - [2023-05-07T22:34:11.105+0000] {dagbag.py:538} INFO - Filling up the DagBag from /usr/local/python/3.10.4/lib/python3.10/site-packages/airflow/example_dags/example_time_delta_sensor_async.py
[2023-05-07T22:34:11.226+0000] {processor.py:753} INFO - DAG(s) dict_keys(['example_time_delta_sensor_async']) retrieved from /usr/local/python/3.10.4/lib/python3.10/site-packages/airflow/example_dags/example_time_delta_sensor_async.py
[2023-05-07T22:34:11.238+0000] {logging_mixin.py:137} INFO - [2023-05-07T22:34:11.238+0000] {dag.py:2690} INFO - Sync 1 DAGs
[2023-05-07T22:34:11.252+0000] {logging_mixin.py:137} INFO - [2023-05-07T22:34:11.252+0000] {dag.py:3437} INFO - Setting next_dagrun for example_time_delta_sensor_async to None, run_after=None
[2023-05-07T22:34:11.293+0000] {processor.py:175} INFO - Processing /usr/local/python/3.10.4/lib/python3.10/site-packages/airflow/example_dags/example_time_delta_sensor_async.py took 0.193 seconds
[2023-05-07T22:34:55.139+0000] {processor.py:153} INFO - Started process (PID=15399) to work on /usr/local/python/3.10.4/lib/python3.10/site-packages/airflow/example_dags/example_time_delta_sensor_async.py
[2023-05-07T22:34:55.140+0000] {processor.py:743} INFO - Processing file /usr/local/python/3.10.4/lib/python3.10/site-packages/airflow/example_dags/example_time_delta_sensor_async.py for tasks to queue
[2023-05-07T22:34:55.140+0000] {logging_mixin.py:137} INFO - [2023-05-07T22:34:55.140+0000] {dagbag.py:538} INFO - Filling up the DagBag from /usr/local/python/3.10.4/lib/python3.10/site-packages/airflow/example_dags/example_time_delta_sensor_async.py
[2023-05-07T22:34:55.153+0000] {processor.py:753} INFO - DAG(s) dict_keys(['example_time_delta_sensor_async']) retrieved from /usr/local/python/3.10.4/lib/python3.10/site-packages/airflow/example_dags/example_time_delta_sensor_async.py
[2023-05-07T22:34:55.169+0000] {logging_mixin.py:137} INFO - [2023-05-07T22:34:55.169+0000] {dag.py:2690} INFO - Sync 1 DAGs
[2023-05-07T22:34:55.187+0000] {logging_mixin.py:137} INFO - [2023-05-07T22:34:55.186+0000] {dag.py:3437} INFO - Setting next_dagrun for example_time_delta_sensor_async to None, run_after=None
[2023-05-07T22:34:55.229+0000] {processor.py:175} INFO - Processing /usr/local/python/3.10.4/lib/python3.10/site-packages/airflow/example_dags/example_time_delta_sensor_async.py took 0.094 seconds
[2023-05-07T22:35:35.751+0000] {processor.py:153} INFO - Started process (PID=15678) to work on /usr/local/python/3.10.4/lib/python3.10/site-packages/airflow/example_dags/example_time_delta_sensor_async.py
[2023-05-07T22:35:35.751+0000] {processor.py:743} INFO - Processing file /usr/local/python/3.10.4/lib/python3.10/site-packages/airflow/example_dags/example_time_delta_sensor_async.py for tasks to queue
[2023-05-07T22:35:35.752+0000] {logging_mixin.py:137} INFO - [2023-05-07T22:35:35.752+0000] {dagbag.py:538} INFO - Filling up the DagBag from /usr/local/python/3.10.4/lib/python3.10/site-packages/airflow/example_dags/example_time_delta_sensor_async.py
[2023-05-07T22:35:35.764+0000] {processor.py:753} INFO - DAG(s) dict_keys(['example_time_delta_sensor_async']) retrieved from /usr/local/python/3.10.4/lib/python3.10/site-packages/airflow/example_dags/example_time_delta_sensor_async.py
[2023-05-07T22:35:35.781+0000] {logging_mixin.py:137} INFO - [2023-05-07T22:35:35.781+0000] {dag.py:2690} INFO - Sync 1 DAGs
[2023-05-07T22:35:35.799+0000] {logging_mixin.py:137} INFO - [2023-05-07T22:35:35.799+0000] {dag.py:3437} INFO - Setting next_dagrun for example_time_delta_sensor_async to None, run_after=None
[2023-05-07T22:35:35.844+0000] {processor.py:175} INFO - Processing /usr/local/python/3.10.4/lib/python3.10/site-packages/airflow/example_dags/example_time_delta_sensor_async.py took 0.096 seconds
[2023-05-07T22:36:21.252+0000] {processor.py:153} INFO - Started process (PID=15995) to work on /usr/local/python/3.10.4/lib/python3.10/site-packages/airflow/example_dags/example_time_delta_sensor_async.py
[2023-05-07T22:36:21.253+0000] {processor.py:743} INFO - Processing file /usr/local/python/3.10.4/lib/python3.10/site-packages/airflow/example_dags/example_time_delta_sensor_async.py for tasks to queue
[2023-05-07T22:36:21.253+0000] {logging_mixin.py:137} INFO - [2023-05-07T22:36:21.253+0000] {dagbag.py:538} INFO - Filling up the DagBag from /usr/local/python/3.10.4/lib/python3.10/site-packages/airflow/example_dags/example_time_delta_sensor_async.py
[2023-05-07T22:36:21.265+0000] {processor.py:753} INFO - DAG(s) dict_keys(['example_time_delta_sensor_async']) retrieved from /usr/local/python/3.10.4/lib/python3.10/site-packages/airflow/example_dags/example_time_delta_sensor_async.py
[2023-05-07T22:36:21.281+0000] {logging_mixin.py:137} INFO - [2023-05-07T22:36:21.281+0000] {dag.py:2690} INFO - Sync 1 DAGs
[2023-05-07T22:36:21.298+0000] {logging_mixin.py:137} INFO - [2023-05-07T22:36:21.298+0000] {dag.py:3437} INFO - Setting next_dagrun for example_time_delta_sensor_async to None, run_after=None
[2023-05-07T22:36:21.339+0000] {processor.py:175} INFO - Processing /usr/local/python/3.10.4/lib/python3.10/site-packages/airflow/example_dags/example_time_delta_sensor_async.py took 0.090 seconds
[2023-05-07T22:37:05.663+0000] {processor.py:153} INFO - Started process (PID=16304) to work on /usr/local/python/3.10.4/lib/python3.10/site-packages/airflow/example_dags/example_time_delta_sensor_async.py
[2023-05-07T22:37:05.664+0000] {processor.py:743} INFO - Processing file /usr/local/python/3.10.4/lib/python3.10/site-packages/airflow/example_dags/example_time_delta_sensor_async.py for tasks to queue
[2023-05-07T22:37:05.664+0000] {logging_mixin.py:137} INFO - [2023-05-07T22:37:05.664+0000] {dagbag.py:538} INFO - Filling up the DagBag from /usr/local/python/3.10.4/lib/python3.10/site-packages/airflow/example_dags/example_time_delta_sensor_async.py
[2023-05-07T22:37:05.676+0000] {processor.py:753} INFO - DAG(s) dict_keys(['example_time_delta_sensor_async']) retrieved from /usr/local/python/3.10.4/lib/python3.10/site-packages/airflow/example_dags/example_time_delta_sensor_async.py
[2023-05-07T22:37:05.693+0000] {logging_mixin.py:137} INFO - [2023-05-07T22:37:05.693+0000] {dag.py:2690} INFO - Sync 1 DAGs
[2023-05-07T22:37:05.710+0000] {logging_mixin.py:137} INFO - [2023-05-07T22:37:05.710+0000] {dag.py:3437} INFO - Setting next_dagrun for example_time_delta_sensor_async to None, run_after=None
[2023-05-07T22:37:05.750+0000] {processor.py:175} INFO - Processing /usr/local/python/3.10.4/lib/python3.10/site-packages/airflow/example_dags/example_time_delta_sensor_async.py took 0.090 seconds
[2023-05-07T22:37:47.853+0000] {processor.py:153} INFO - Started process (PID=16630) to work on /usr/local/python/3.10.4/lib/python3.10/site-packages/airflow/example_dags/example_time_delta_sensor_async.py
[2023-05-07T22:37:47.853+0000] {processor.py:743} INFO - Processing file /usr/local/python/3.10.4/lib/python3.10/site-packages/airflow/example_dags/example_time_delta_sensor_async.py for tasks to queue
[2023-05-07T22:37:47.854+0000] {logging_mixin.py:137} INFO - [2023-05-07T22:37:47.854+0000] {dagbag.py:538} INFO - Filling up the DagBag from /usr/local/python/3.10.4/lib/python3.10/site-packages/airflow/example_dags/example_time_delta_sensor_async.py
[2023-05-07T22:37:47.866+0000] {processor.py:753} INFO - DAG(s) dict_keys(['example_time_delta_sensor_async']) retrieved from /usr/local/python/3.10.4/lib/python3.10/site-packages/airflow/example_dags/example_time_delta_sensor_async.py
[2023-05-07T22:37:47.884+0000] {logging_mixin.py:137} INFO - [2023-05-07T22:37:47.883+0000] {dag.py:2690} INFO - Sync 1 DAGs
[2023-05-07T22:37:47.900+0000] {logging_mixin.py:137} INFO - [2023-05-07T22:37:47.900+0000] {dag.py:3437} INFO - Setting next_dagrun for example_time_delta_sensor_async to None, run_after=None
[2023-05-07T22:37:47.941+0000] {processor.py:175} INFO - Processing /usr/local/python/3.10.4/lib/python3.10/site-packages/airflow/example_dags/example_time_delta_sensor_async.py took 0.092 seconds
[2023-05-07T22:38:33.498+0000] {processor.py:153} INFO - Started process (PID=16955) to work on /usr/local/python/3.10.4/lib/python3.10/site-packages/airflow/example_dags/example_time_delta_sensor_async.py
[2023-05-07T22:38:33.499+0000] {processor.py:743} INFO - Processing file /usr/local/python/3.10.4/lib/python3.10/site-packages/airflow/example_dags/example_time_delta_sensor_async.py for tasks to queue
[2023-05-07T22:38:33.499+0000] {logging_mixin.py:137} INFO - [2023-05-07T22:38:33.499+0000] {dagbag.py:538} INFO - Filling up the DagBag from /usr/local/python/3.10.4/lib/python3.10/site-packages/airflow/example_dags/example_time_delta_sensor_async.py
[2023-05-07T22:38:33.511+0000] {processor.py:753} INFO - DAG(s) dict_keys(['example_time_delta_sensor_async']) retrieved from /usr/local/python/3.10.4/lib/python3.10/site-packages/airflow/example_dags/example_time_delta_sensor_async.py
[2023-05-07T22:38:33.527+0000] {logging_mixin.py:137} INFO - [2023-05-07T22:38:33.527+0000] {dag.py:2690} INFO - Sync 1 DAGs
[2023-05-07T22:38:33.545+0000] {logging_mixin.py:137} INFO - [2023-05-07T22:38:33.545+0000] {dag.py:3437} INFO - Setting next_dagrun for example_time_delta_sensor_async to None, run_after=None
[2023-05-07T22:38:33.585+0000] {processor.py:175} INFO - Processing /usr/local/python/3.10.4/lib/python3.10/site-packages/airflow/example_dags/example_time_delta_sensor_async.py took 0.090 seconds
[2023-05-07T22:39:17.000+0000] {processor.py:153} INFO - Started process (PID=17257) to work on /usr/local/python/3.10.4/lib/python3.10/site-packages/airflow/example_dags/example_time_delta_sensor_async.py
[2023-05-07T22:39:17.001+0000] {processor.py:743} INFO - Processing file /usr/local/python/3.10.4/lib/python3.10/site-packages/airflow/example_dags/example_time_delta_sensor_async.py for tasks to queue
[2023-05-07T22:39:17.001+0000] {logging_mixin.py:137} INFO - [2023-05-07T22:39:17.001+0000] {dagbag.py:538} INFO - Filling up the DagBag from /usr/local/python/3.10.4/lib/python3.10/site-packages/airflow/example_dags/example_time_delta_sensor_async.py
[2023-05-07T22:39:17.013+0000] {processor.py:753} INFO - DAG(s) dict_keys(['example_time_delta_sensor_async']) retrieved from /usr/local/python/3.10.4/lib/python3.10/site-packages/airflow/example_dags/example_time_delta_sensor_async.py
[2023-05-07T22:39:17.029+0000] {logging_mixin.py:137} INFO - [2023-05-07T22:39:17.029+0000] {dag.py:2690} INFO - Sync 1 DAGs
[2023-05-07T22:39:17.048+0000] {logging_mixin.py:137} INFO - [2023-05-07T22:39:17.048+0000] {dag.py:3437} INFO - Setting next_dagrun for example_time_delta_sensor_async to None, run_after=None
[2023-05-07T22:39:17.101+0000] {processor.py:175} INFO - Processing /usr/local/python/3.10.4/lib/python3.10/site-packages/airflow/example_dags/example_time_delta_sensor_async.py took 0.104 seconds
[2023-05-07T22:40:02.038+0000] {processor.py:153} INFO - Started process (PID=17607) to work on /usr/local/python/3.10.4/lib/python3.10/site-packages/airflow/example_dags/example_time_delta_sensor_async.py
[2023-05-07T22:40:02.039+0000] {processor.py:743} INFO - Processing file /usr/local/python/3.10.4/lib/python3.10/site-packages/airflow/example_dags/example_time_delta_sensor_async.py for tasks to queue
[2023-05-07T22:40:02.040+0000] {logging_mixin.py:137} INFO - [2023-05-07T22:40:02.040+0000] {dagbag.py:538} INFO - Filling up the DagBag from /usr/local/python/3.10.4/lib/python3.10/site-packages/airflow/example_dags/example_time_delta_sensor_async.py
[2023-05-07T22:40:02.051+0000] {processor.py:753} INFO - DAG(s) dict_keys(['example_time_delta_sensor_async']) retrieved from /usr/local/python/3.10.4/lib/python3.10/site-packages/airflow/example_dags/example_time_delta_sensor_async.py
[2023-05-07T22:40:02.067+0000] {logging_mixin.py:137} INFO - [2023-05-07T22:40:02.067+0000] {dag.py:2690} INFO - Sync 1 DAGs
[2023-05-07T22:40:02.085+0000] {logging_mixin.py:137} INFO - [2023-05-07T22:40:02.085+0000] {dag.py:3437} INFO - Setting next_dagrun for example_time_delta_sensor_async to None, run_after=None
[2023-05-07T22:40:02.125+0000] {processor.py:175} INFO - Processing /usr/local/python/3.10.4/lib/python3.10/site-packages/airflow/example_dags/example_time_delta_sensor_async.py took 0.090 seconds
[2023-05-07T22:40:41.794+0000] {processor.py:153} INFO - Started process (PID=17910) to work on /usr/local/python/3.10.4/lib/python3.10/site-packages/airflow/example_dags/example_time_delta_sensor_async.py
[2023-05-07T22:40:41.795+0000] {processor.py:743} INFO - Processing file /usr/local/python/3.10.4/lib/python3.10/site-packages/airflow/example_dags/example_time_delta_sensor_async.py for tasks to queue
[2023-05-07T22:40:41.796+0000] {logging_mixin.py:137} INFO - [2023-05-07T22:40:41.796+0000] {dagbag.py:538} INFO - Filling up the DagBag from /usr/local/python/3.10.4/lib/python3.10/site-packages/airflow/example_dags/example_time_delta_sensor_async.py
[2023-05-07T22:40:41.824+0000] {processor.py:753} INFO - DAG(s) dict_keys(['example_time_delta_sensor_async']) retrieved from /usr/local/python/3.10.4/lib/python3.10/site-packages/airflow/example_dags/example_time_delta_sensor_async.py
[2023-05-07T22:40:41.847+0000] {logging_mixin.py:137} INFO - [2023-05-07T22:40:41.847+0000] {dag.py:2690} INFO - Sync 1 DAGs
[2023-05-07T22:40:41.876+0000] {logging_mixin.py:137} INFO - [2023-05-07T22:40:41.876+0000] {dag.py:3437} INFO - Setting next_dagrun for example_time_delta_sensor_async to None, run_after=None
[2023-05-07T22:40:41.922+0000] {processor.py:175} INFO - Processing /usr/local/python/3.10.4/lib/python3.10/site-packages/airflow/example_dags/example_time_delta_sensor_async.py took 0.137 seconds
[2023-05-07T22:41:22.175+0000] {processor.py:153} INFO - Started process (PID=18186) to work on /usr/local/python/3.10.4/lib/python3.10/site-packages/airflow/example_dags/example_time_delta_sensor_async.py
[2023-05-07T22:41:22.175+0000] {processor.py:743} INFO - Processing file /usr/local/python/3.10.4/lib/python3.10/site-packages/airflow/example_dags/example_time_delta_sensor_async.py for tasks to queue
[2023-05-07T22:41:22.176+0000] {logging_mixin.py:137} INFO - [2023-05-07T22:41:22.176+0000] {dagbag.py:538} INFO - Filling up the DagBag from /usr/local/python/3.10.4/lib/python3.10/site-packages/airflow/example_dags/example_time_delta_sensor_async.py
[2023-05-07T22:41:22.189+0000] {processor.py:753} INFO - DAG(s) dict_keys(['example_time_delta_sensor_async']) retrieved from /usr/local/python/3.10.4/lib/python3.10/site-packages/airflow/example_dags/example_time_delta_sensor_async.py
[2023-05-07T22:41:22.205+0000] {logging_mixin.py:137} INFO - [2023-05-07T22:41:22.205+0000] {dag.py:2690} INFO - Sync 1 DAGs
[2023-05-07T22:41:22.222+0000] {logging_mixin.py:137} INFO - [2023-05-07T22:41:22.221+0000] {dag.py:3437} INFO - Setting next_dagrun for example_time_delta_sensor_async to None, run_after=None
[2023-05-07T22:41:22.262+0000] {processor.py:175} INFO - Processing /usr/local/python/3.10.4/lib/python3.10/site-packages/airflow/example_dags/example_time_delta_sensor_async.py took 0.091 seconds
[2023-05-07T22:42:01.886+0000] {processor.py:153} INFO - Started process (PID=18490) to work on /usr/local/python/3.10.4/lib/python3.10/site-packages/airflow/example_dags/example_time_delta_sensor_async.py
[2023-05-07T22:42:01.886+0000] {processor.py:743} INFO - Processing file /usr/local/python/3.10.4/lib/python3.10/site-packages/airflow/example_dags/example_time_delta_sensor_async.py for tasks to queue
[2023-05-07T22:42:01.887+0000] {logging_mixin.py:137} INFO - [2023-05-07T22:42:01.887+0000] {dagbag.py:538} INFO - Filling up the DagBag from /usr/local/python/3.10.4/lib/python3.10/site-packages/airflow/example_dags/example_time_delta_sensor_async.py
[2023-05-07T22:42:01.899+0000] {processor.py:753} INFO - DAG(s) dict_keys(['example_time_delta_sensor_async']) retrieved from /usr/local/python/3.10.4/lib/python3.10/site-packages/airflow/example_dags/example_time_delta_sensor_async.py
[2023-05-07T22:42:01.915+0000] {logging_mixin.py:137} INFO - [2023-05-07T22:42:01.915+0000] {dag.py:2690} INFO - Sync 1 DAGs
[2023-05-07T22:42:01.931+0000] {logging_mixin.py:137} INFO - [2023-05-07T22:42:01.931+0000] {dag.py:3437} INFO - Setting next_dagrun for example_time_delta_sensor_async to None, run_after=None
[2023-05-07T22:42:01.972+0000] {processor.py:175} INFO - Processing /usr/local/python/3.10.4/lib/python3.10/site-packages/airflow/example_dags/example_time_delta_sensor_async.py took 0.089 seconds
[2023-05-07T22:42:43.810+0000] {processor.py:153} INFO - Started process (PID=18880) to work on /usr/local/python/3.10.4/lib/python3.10/site-packages/airflow/example_dags/example_time_delta_sensor_async.py
[2023-05-07T22:42:43.811+0000] {processor.py:743} INFO - Processing file /usr/local/python/3.10.4/lib/python3.10/site-packages/airflow/example_dags/example_time_delta_sensor_async.py for tasks to queue
[2023-05-07T22:42:43.811+0000] {logging_mixin.py:137} INFO - [2023-05-07T22:42:43.811+0000] {dagbag.py:538} INFO - Filling up the DagBag from /usr/local/python/3.10.4/lib/python3.10/site-packages/airflow/example_dags/example_time_delta_sensor_async.py
[2023-05-07T22:42:43.823+0000] {processor.py:753} INFO - DAG(s) dict_keys(['example_time_delta_sensor_async']) retrieved from /usr/local/python/3.10.4/lib/python3.10/site-packages/airflow/example_dags/example_time_delta_sensor_async.py
[2023-05-07T22:42:43.839+0000] {logging_mixin.py:137} INFO - [2023-05-07T22:42:43.839+0000] {dag.py:2690} INFO - Sync 1 DAGs
[2023-05-07T22:42:43.860+0000] {logging_mixin.py:137} INFO - [2023-05-07T22:42:43.860+0000] {dag.py:3437} INFO - Setting next_dagrun for example_time_delta_sensor_async to None, run_after=None
[2023-05-07T22:42:43.902+0000] {processor.py:175} INFO - Processing /usr/local/python/3.10.4/lib/python3.10/site-packages/airflow/example_dags/example_time_delta_sensor_async.py took 0.095 seconds
[2023-05-07T22:43:28.338+0000] {processor.py:153} INFO - Started process (PID=19334) to work on /usr/local/python/3.10.4/lib/python3.10/site-packages/airflow/example_dags/example_time_delta_sensor_async.py
[2023-05-07T22:43:28.343+0000] {processor.py:743} INFO - Processing file /usr/local/python/3.10.4/lib/python3.10/site-packages/airflow/example_dags/example_time_delta_sensor_async.py for tasks to queue
[2023-05-07T22:43:28.344+0000] {logging_mixin.py:137} INFO - [2023-05-07T22:43:28.343+0000] {dagbag.py:538} INFO - Filling up the DagBag from /usr/local/python/3.10.4/lib/python3.10/site-packages/airflow/example_dags/example_time_delta_sensor_async.py
[2023-05-07T22:43:28.387+0000] {processor.py:753} INFO - DAG(s) dict_keys(['example_time_delta_sensor_async']) retrieved from /usr/local/python/3.10.4/lib/python3.10/site-packages/airflow/example_dags/example_time_delta_sensor_async.py
[2023-05-07T22:43:28.488+0000] {logging_mixin.py:137} INFO - [2023-05-07T22:43:28.488+0000] {dag.py:2690} INFO - Sync 1 DAGs
[2023-05-07T22:43:28.537+0000] {logging_mixin.py:137} INFO - [2023-05-07T22:43:28.537+0000] {dag.py:3437} INFO - Setting next_dagrun for example_time_delta_sensor_async to None, run_after=None
[2023-05-07T22:43:28.623+0000] {processor.py:175} INFO - Processing /usr/local/python/3.10.4/lib/python3.10/site-packages/airflow/example_dags/example_time_delta_sensor_async.py took 0.292 seconds
[2023-05-07T22:44:10.119+0000] {processor.py:153} INFO - Started process (PID=19802) to work on /usr/local/python/3.10.4/lib/python3.10/site-packages/airflow/example_dags/example_time_delta_sensor_async.py
[2023-05-07T22:44:10.120+0000] {processor.py:743} INFO - Processing file /usr/local/python/3.10.4/lib/python3.10/site-packages/airflow/example_dags/example_time_delta_sensor_async.py for tasks to queue
[2023-05-07T22:44:10.121+0000] {logging_mixin.py:137} INFO - [2023-05-07T22:44:10.121+0000] {dagbag.py:538} INFO - Filling up the DagBag from /usr/local/python/3.10.4/lib/python3.10/site-packages/airflow/example_dags/example_time_delta_sensor_async.py
[2023-05-07T22:44:10.133+0000] {processor.py:753} INFO - DAG(s) dict_keys(['example_time_delta_sensor_async']) retrieved from /usr/local/python/3.10.4/lib/python3.10/site-packages/airflow/example_dags/example_time_delta_sensor_async.py
[2023-05-07T22:44:10.150+0000] {logging_mixin.py:137} INFO - [2023-05-07T22:44:10.149+0000] {dag.py:2690} INFO - Sync 1 DAGs
[2023-05-07T22:44:10.167+0000] {logging_mixin.py:137} INFO - [2023-05-07T22:44:10.167+0000] {dag.py:3437} INFO - Setting next_dagrun for example_time_delta_sensor_async to None, run_after=None
[2023-05-07T22:44:10.215+0000] {processor.py:175} INFO - Processing /usr/local/python/3.10.4/lib/python3.10/site-packages/airflow/example_dags/example_time_delta_sensor_async.py took 0.098 seconds
[2023-05-07T22:44:53.553+0000] {processor.py:153} INFO - Started process (PID=20211) to work on /usr/local/python/3.10.4/lib/python3.10/site-packages/airflow/example_dags/example_time_delta_sensor_async.py
[2023-05-07T22:44:53.554+0000] {processor.py:743} INFO - Processing file /usr/local/python/3.10.4/lib/python3.10/site-packages/airflow/example_dags/example_time_delta_sensor_async.py for tasks to queue
[2023-05-07T22:44:53.554+0000] {logging_mixin.py:137} INFO - [2023-05-07T22:44:53.554+0000] {dagbag.py:538} INFO - Filling up the DagBag from /usr/local/python/3.10.4/lib/python3.10/site-packages/airflow/example_dags/example_time_delta_sensor_async.py
[2023-05-07T22:44:53.566+0000] {processor.py:753} INFO - DAG(s) dict_keys(['example_time_delta_sensor_async']) retrieved from /usr/local/python/3.10.4/lib/python3.10/site-packages/airflow/example_dags/example_time_delta_sensor_async.py
[2023-05-07T22:44:53.583+0000] {logging_mixin.py:137} INFO - [2023-05-07T22:44:53.583+0000] {dag.py:2690} INFO - Sync 1 DAGs
[2023-05-07T22:44:53.606+0000] {logging_mixin.py:137} INFO - [2023-05-07T22:44:53.605+0000] {dag.py:3437} INFO - Setting next_dagrun for example_time_delta_sensor_async to None, run_after=None
[2023-05-07T22:44:53.647+0000] {processor.py:175} INFO - Processing /usr/local/python/3.10.4/lib/python3.10/site-packages/airflow/example_dags/example_time_delta_sensor_async.py took 0.097 seconds
[2023-05-07T22:45:38.429+0000] {processor.py:153} INFO - Started process (PID=20643) to work on /usr/local/python/3.10.4/lib/python3.10/site-packages/airflow/example_dags/example_time_delta_sensor_async.py
[2023-05-07T22:45:38.430+0000] {processor.py:743} INFO - Processing file /usr/local/python/3.10.4/lib/python3.10/site-packages/airflow/example_dags/example_time_delta_sensor_async.py for tasks to queue
[2023-05-07T22:45:38.431+0000] {logging_mixin.py:137} INFO - [2023-05-07T22:45:38.431+0000] {dagbag.py:538} INFO - Filling up the DagBag from /usr/local/python/3.10.4/lib/python3.10/site-packages/airflow/example_dags/example_time_delta_sensor_async.py
[2023-05-07T22:45:38.443+0000] {processor.py:753} INFO - DAG(s) dict_keys(['example_time_delta_sensor_async']) retrieved from /usr/local/python/3.10.4/lib/python3.10/site-packages/airflow/example_dags/example_time_delta_sensor_async.py
[2023-05-07T22:45:38.459+0000] {logging_mixin.py:137} INFO - [2023-05-07T22:45:38.459+0000] {dag.py:2690} INFO - Sync 1 DAGs
[2023-05-07T22:45:38.476+0000] {logging_mixin.py:137} INFO - [2023-05-07T22:45:38.475+0000] {dag.py:3437} INFO - Setting next_dagrun for example_time_delta_sensor_async to None, run_after=None
[2023-05-07T22:45:38.516+0000] {processor.py:175} INFO - Processing /usr/local/python/3.10.4/lib/python3.10/site-packages/airflow/example_dags/example_time_delta_sensor_async.py took 0.089 seconds
[2023-05-07T22:46:21.007+0000] {processor.py:153} INFO - Started process (PID=21076) to work on /usr/local/python/3.10.4/lib/python3.10/site-packages/airflow/example_dags/example_time_delta_sensor_async.py
[2023-05-07T22:46:21.008+0000] {processor.py:743} INFO - Processing file /usr/local/python/3.10.4/lib/python3.10/site-packages/airflow/example_dags/example_time_delta_sensor_async.py for tasks to queue
[2023-05-07T22:46:21.009+0000] {logging_mixin.py:137} INFO - [2023-05-07T22:46:21.009+0000] {dagbag.py:538} INFO - Filling up the DagBag from /usr/local/python/3.10.4/lib/python3.10/site-packages/airflow/example_dags/example_time_delta_sensor_async.py
[2023-05-07T22:46:21.023+0000] {processor.py:753} INFO - DAG(s) dict_keys(['example_time_delta_sensor_async']) retrieved from /usr/local/python/3.10.4/lib/python3.10/site-packages/airflow/example_dags/example_time_delta_sensor_async.py
[2023-05-07T22:46:21.045+0000] {logging_mixin.py:137} INFO - [2023-05-07T22:46:21.044+0000] {dag.py:2690} INFO - Sync 1 DAGs
[2023-05-07T22:46:21.061+0000] {logging_mixin.py:137} INFO - [2023-05-07T22:46:21.061+0000] {dag.py:3437} INFO - Setting next_dagrun for example_time_delta_sensor_async to None, run_after=None
[2023-05-07T22:46:21.101+0000] {processor.py:175} INFO - Processing /usr/local/python/3.10.4/lib/python3.10/site-packages/airflow/example_dags/example_time_delta_sensor_async.py took 0.096 seconds
[2023-05-07T22:47:07.558+0000] {processor.py:153} INFO - Started process (PID=21494) to work on /usr/local/python/3.10.4/lib/python3.10/site-packages/airflow/example_dags/example_time_delta_sensor_async.py
[2023-05-07T22:47:07.559+0000] {processor.py:743} INFO - Processing file /usr/local/python/3.10.4/lib/python3.10/site-packages/airflow/example_dags/example_time_delta_sensor_async.py for tasks to queue
[2023-05-07T22:47:07.559+0000] {logging_mixin.py:137} INFO - [2023-05-07T22:47:07.559+0000] {dagbag.py:538} INFO - Filling up the DagBag from /usr/local/python/3.10.4/lib/python3.10/site-packages/airflow/example_dags/example_time_delta_sensor_async.py
[2023-05-07T22:47:07.571+0000] {processor.py:753} INFO - DAG(s) dict_keys(['example_time_delta_sensor_async']) retrieved from /usr/local/python/3.10.4/lib/python3.10/site-packages/airflow/example_dags/example_time_delta_sensor_async.py
[2023-05-07T22:47:07.587+0000] {logging_mixin.py:137} INFO - [2023-05-07T22:47:07.587+0000] {dag.py:2690} INFO - Sync 1 DAGs
[2023-05-07T22:47:07.603+0000] {logging_mixin.py:137} INFO - [2023-05-07T22:47:07.603+0000] {dag.py:3437} INFO - Setting next_dagrun for example_time_delta_sensor_async to None, run_after=None
[2023-05-07T22:47:07.643+0000] {processor.py:175} INFO - Processing /usr/local/python/3.10.4/lib/python3.10/site-packages/airflow/example_dags/example_time_delta_sensor_async.py took 0.088 seconds
[2023-05-07T22:47:48.153+0000] {processor.py:153} INFO - Started process (PID=21780) to work on /usr/local/python/3.10.4/lib/python3.10/site-packages/airflow/example_dags/example_time_delta_sensor_async.py
[2023-05-07T22:47:48.153+0000] {processor.py:743} INFO - Processing file /usr/local/python/3.10.4/lib/python3.10/site-packages/airflow/example_dags/example_time_delta_sensor_async.py for tasks to queue
[2023-05-07T22:47:48.154+0000] {logging_mixin.py:137} INFO - [2023-05-07T22:47:48.154+0000] {dagbag.py:538} INFO - Filling up the DagBag from /usr/local/python/3.10.4/lib/python3.10/site-packages/airflow/example_dags/example_time_delta_sensor_async.py
[2023-05-07T22:47:48.166+0000] {processor.py:753} INFO - DAG(s) dict_keys(['example_time_delta_sensor_async']) retrieved from /usr/local/python/3.10.4/lib/python3.10/site-packages/airflow/example_dags/example_time_delta_sensor_async.py
[2023-05-07T22:47:48.182+0000] {logging_mixin.py:137} INFO - [2023-05-07T22:47:48.182+0000] {dag.py:2690} INFO - Sync 1 DAGs
[2023-05-07T22:47:48.198+0000] {logging_mixin.py:137} INFO - [2023-05-07T22:47:48.198+0000] {dag.py:3437} INFO - Setting next_dagrun for example_time_delta_sensor_async to None, run_after=None
[2023-05-07T22:47:48.238+0000] {processor.py:175} INFO - Processing /usr/local/python/3.10.4/lib/python3.10/site-packages/airflow/example_dags/example_time_delta_sensor_async.py took 0.089 seconds
[2023-05-07T22:48:32.090+0000] {processor.py:153} INFO - Started process (PID=22201) to work on /usr/local/python/3.10.4/lib/python3.10/site-packages/airflow/example_dags/example_time_delta_sensor_async.py
[2023-05-07T22:48:32.091+0000] {processor.py:743} INFO - Processing file /usr/local/python/3.10.4/lib/python3.10/site-packages/airflow/example_dags/example_time_delta_sensor_async.py for tasks to queue
[2023-05-07T22:48:32.092+0000] {logging_mixin.py:137} INFO - [2023-05-07T22:48:32.092+0000] {dagbag.py:538} INFO - Filling up the DagBag from /usr/local/python/3.10.4/lib/python3.10/site-packages/airflow/example_dags/example_time_delta_sensor_async.py
[2023-05-07T22:48:32.104+0000] {processor.py:753} INFO - DAG(s) dict_keys(['example_time_delta_sensor_async']) retrieved from /usr/local/python/3.10.4/lib/python3.10/site-packages/airflow/example_dags/example_time_delta_sensor_async.py
[2023-05-07T22:48:32.120+0000] {logging_mixin.py:137} INFO - [2023-05-07T22:48:32.120+0000] {dag.py:2690} INFO - Sync 1 DAGs
[2023-05-07T22:48:32.138+0000] {logging_mixin.py:137} INFO - [2023-05-07T22:48:32.137+0000] {dag.py:3437} INFO - Setting next_dagrun for example_time_delta_sensor_async to None, run_after=None
[2023-05-07T22:48:32.178+0000] {processor.py:175} INFO - Processing /usr/local/python/3.10.4/lib/python3.10/site-packages/airflow/example_dags/example_time_delta_sensor_async.py took 0.091 seconds
[2023-05-07T22:49:17.251+0000] {processor.py:153} INFO - Started process (PID=22671) to work on /usr/local/python/3.10.4/lib/python3.10/site-packages/airflow/example_dags/example_time_delta_sensor_async.py
[2023-05-07T22:49:17.252+0000] {processor.py:743} INFO - Processing file /usr/local/python/3.10.4/lib/python3.10/site-packages/airflow/example_dags/example_time_delta_sensor_async.py for tasks to queue
[2023-05-07T22:49:17.253+0000] {logging_mixin.py:137} INFO - [2023-05-07T22:49:17.253+0000] {dagbag.py:538} INFO - Filling up the DagBag from /usr/local/python/3.10.4/lib/python3.10/site-packages/airflow/example_dags/example_time_delta_sensor_async.py
[2023-05-07T22:49:17.268+0000] {processor.py:753} INFO - DAG(s) dict_keys(['example_time_delta_sensor_async']) retrieved from /usr/local/python/3.10.4/lib/python3.10/site-packages/airflow/example_dags/example_time_delta_sensor_async.py
[2023-05-07T22:49:17.292+0000] {logging_mixin.py:137} INFO - [2023-05-07T22:49:17.292+0000] {dag.py:2690} INFO - Sync 1 DAGs
[2023-05-07T22:49:17.318+0000] {logging_mixin.py:137} INFO - [2023-05-07T22:49:17.318+0000] {dag.py:3437} INFO - Setting next_dagrun for example_time_delta_sensor_async to None, run_after=None
[2023-05-07T22:49:17.360+0000] {processor.py:175} INFO - Processing /usr/local/python/3.10.4/lib/python3.10/site-packages/airflow/example_dags/example_time_delta_sensor_async.py took 0.112 seconds
[2023-05-07T22:50:00.274+0000] {processor.py:153} INFO - Started process (PID=23044) to work on /usr/local/python/3.10.4/lib/python3.10/site-packages/airflow/example_dags/example_time_delta_sensor_async.py
[2023-05-07T22:50:00.275+0000] {processor.py:743} INFO - Processing file /usr/local/python/3.10.4/lib/python3.10/site-packages/airflow/example_dags/example_time_delta_sensor_async.py for tasks to queue
[2023-05-07T22:50:00.276+0000] {logging_mixin.py:137} INFO - [2023-05-07T22:50:00.276+0000] {dagbag.py:538} INFO - Filling up the DagBag from /usr/local/python/3.10.4/lib/python3.10/site-packages/airflow/example_dags/example_time_delta_sensor_async.py
[2023-05-07T22:50:00.288+0000] {processor.py:753} INFO - DAG(s) dict_keys(['example_time_delta_sensor_async']) retrieved from /usr/local/python/3.10.4/lib/python3.10/site-packages/airflow/example_dags/example_time_delta_sensor_async.py
[2023-05-07T22:50:00.305+0000] {logging_mixin.py:137} INFO - [2023-05-07T22:50:00.304+0000] {dag.py:2690} INFO - Sync 1 DAGs
[2023-05-07T22:50:00.321+0000] {logging_mixin.py:137} INFO - [2023-05-07T22:50:00.321+0000] {dag.py:3437} INFO - Setting next_dagrun for example_time_delta_sensor_async to None, run_after=None
[2023-05-07T22:50:00.363+0000] {processor.py:175} INFO - Processing /usr/local/python/3.10.4/lib/python3.10/site-packages/airflow/example_dags/example_time_delta_sensor_async.py took 0.091 seconds
[2023-05-07T22:50:42.328+0000] {processor.py:153} INFO - Started process (PID=23358) to work on /usr/local/python/3.10.4/lib/python3.10/site-packages/airflow/example_dags/example_time_delta_sensor_async.py
[2023-05-07T22:50:42.328+0000] {processor.py:743} INFO - Processing file /usr/local/python/3.10.4/lib/python3.10/site-packages/airflow/example_dags/example_time_delta_sensor_async.py for tasks to queue
[2023-05-07T22:50:42.329+0000] {logging_mixin.py:137} INFO - [2023-05-07T22:50:42.329+0000] {dagbag.py:538} INFO - Filling up the DagBag from /usr/local/python/3.10.4/lib/python3.10/site-packages/airflow/example_dags/example_time_delta_sensor_async.py
[2023-05-07T22:50:42.341+0000] {processor.py:753} INFO - DAG(s) dict_keys(['example_time_delta_sensor_async']) retrieved from /usr/local/python/3.10.4/lib/python3.10/site-packages/airflow/example_dags/example_time_delta_sensor_async.py
[2023-05-07T22:50:42.357+0000] {logging_mixin.py:137} INFO - [2023-05-07T22:50:42.357+0000] {dag.py:2690} INFO - Sync 1 DAGs
[2023-05-07T22:50:42.375+0000] {logging_mixin.py:137} INFO - [2023-05-07T22:50:42.374+0000] {dag.py:3437} INFO - Setting next_dagrun for example_time_delta_sensor_async to None, run_after=None
[2023-05-07T22:50:42.418+0000] {processor.py:175} INFO - Processing /usr/local/python/3.10.4/lib/python3.10/site-packages/airflow/example_dags/example_time_delta_sensor_async.py took 0.093 seconds
[2023-05-07T22:51:27.068+0000] {processor.py:153} INFO - Started process (PID=23782) to work on /usr/local/python/3.10.4/lib/python3.10/site-packages/airflow/example_dags/example_time_delta_sensor_async.py
[2023-05-07T22:51:27.069+0000] {processor.py:743} INFO - Processing file /usr/local/python/3.10.4/lib/python3.10/site-packages/airflow/example_dags/example_time_delta_sensor_async.py for tasks to queue
[2023-05-07T22:51:27.070+0000] {logging_mixin.py:137} INFO - [2023-05-07T22:51:27.070+0000] {dagbag.py:538} INFO - Filling up the DagBag from /usr/local/python/3.10.4/lib/python3.10/site-packages/airflow/example_dags/example_time_delta_sensor_async.py
[2023-05-07T22:51:27.082+0000] {processor.py:753} INFO - DAG(s) dict_keys(['example_time_delta_sensor_async']) retrieved from /usr/local/python/3.10.4/lib/python3.10/site-packages/airflow/example_dags/example_time_delta_sensor_async.py
[2023-05-07T22:51:27.099+0000] {logging_mixin.py:137} INFO - [2023-05-07T22:51:27.099+0000] {dag.py:2690} INFO - Sync 1 DAGs
[2023-05-07T22:51:27.115+0000] {logging_mixin.py:137} INFO - [2023-05-07T22:51:27.115+0000] {dag.py:3437} INFO - Setting next_dagrun for example_time_delta_sensor_async to None, run_after=None
[2023-05-07T22:51:27.155+0000] {processor.py:175} INFO - Processing /usr/local/python/3.10.4/lib/python3.10/site-packages/airflow/example_dags/example_time_delta_sensor_async.py took 0.090 seconds
[2023-05-07T22:52:07.885+0000] {processor.py:153} INFO - Started process (PID=23991) to work on /usr/local/python/3.10.4/lib/python3.10/site-packages/airflow/example_dags/example_time_delta_sensor_async.py
[2023-05-07T22:52:07.886+0000] {processor.py:743} INFO - Processing file /usr/local/python/3.10.4/lib/python3.10/site-packages/airflow/example_dags/example_time_delta_sensor_async.py for tasks to queue
[2023-05-07T22:52:07.886+0000] {logging_mixin.py:137} INFO - [2023-05-07T22:52:07.886+0000] {dagbag.py:538} INFO - Filling up the DagBag from /usr/local/python/3.10.4/lib/python3.10/site-packages/airflow/example_dags/example_time_delta_sensor_async.py
[2023-05-07T22:52:07.899+0000] {processor.py:753} INFO - DAG(s) dict_keys(['example_time_delta_sensor_async']) retrieved from /usr/local/python/3.10.4/lib/python3.10/site-packages/airflow/example_dags/example_time_delta_sensor_async.py
[2023-05-07T22:52:07.915+0000] {logging_mixin.py:137} INFO - [2023-05-07T22:52:07.915+0000] {dag.py:2690} INFO - Sync 1 DAGs
[2023-05-07T22:52:07.931+0000] {logging_mixin.py:137} INFO - [2023-05-07T22:52:07.931+0000] {dag.py:3437} INFO - Setting next_dagrun for example_time_delta_sensor_async to None, run_after=None
[2023-05-07T22:52:07.972+0000] {processor.py:175} INFO - Processing /usr/local/python/3.10.4/lib/python3.10/site-packages/airflow/example_dags/example_time_delta_sensor_async.py took 0.090 seconds
[2023-05-07T22:52:52.803+0000] {processor.py:153} INFO - Started process (PID=24127) to work on /usr/local/python/3.10.4/lib/python3.10/site-packages/airflow/example_dags/example_time_delta_sensor_async.py
[2023-05-07T22:52:52.804+0000] {processor.py:743} INFO - Processing file /usr/local/python/3.10.4/lib/python3.10/site-packages/airflow/example_dags/example_time_delta_sensor_async.py for tasks to queue
[2023-05-07T22:52:52.804+0000] {logging_mixin.py:137} INFO - [2023-05-07T22:52:52.804+0000] {dagbag.py:538} INFO - Filling up the DagBag from /usr/local/python/3.10.4/lib/python3.10/site-packages/airflow/example_dags/example_time_delta_sensor_async.py
[2023-05-07T22:52:52.816+0000] {processor.py:753} INFO - DAG(s) dict_keys(['example_time_delta_sensor_async']) retrieved from /usr/local/python/3.10.4/lib/python3.10/site-packages/airflow/example_dags/example_time_delta_sensor_async.py
[2023-05-07T22:52:52.832+0000] {logging_mixin.py:137} INFO - [2023-05-07T22:52:52.832+0000] {dag.py:2690} INFO - Sync 1 DAGs
[2023-05-07T22:52:52.849+0000] {logging_mixin.py:137} INFO - [2023-05-07T22:52:52.849+0000] {dag.py:3437} INFO - Setting next_dagrun for example_time_delta_sensor_async to None, run_after=None
[2023-05-07T22:52:52.888+0000] {processor.py:175} INFO - Processing /usr/local/python/3.10.4/lib/python3.10/site-packages/airflow/example_dags/example_time_delta_sensor_async.py took 0.088 seconds
