[2023-05-07T22:22:01.277+0000] {processor.py:153} INFO - Started process (PID=9759) to work on /usr/local/python/3.10.4/lib/python3.10/site-packages/airflow/example_dags/example_xcom.py
[2023-05-07T22:22:01.278+0000] {processor.py:743} INFO - Processing file /usr/local/python/3.10.4/lib/python3.10/site-packages/airflow/example_dags/example_xcom.py for tasks to queue
[2023-05-07T22:22:01.278+0000] {logging_mixin.py:137} INFO - [2023-05-07T22:22:01.278+0000] {dagbag.py:538} INFO - Filling up the DagBag from /usr/local/python/3.10.4/lib/python3.10/site-packages/airflow/example_dags/example_xcom.py
[2023-05-07T22:22:01.301+0000] {processor.py:753} INFO - DAG(s) dict_keys(['example_xcom']) retrieved from /usr/local/python/3.10.4/lib/python3.10/site-packages/airflow/example_dags/example_xcom.py
[2023-05-07T22:22:01.482+0000] {logging_mixin.py:137} INFO - [2023-05-07T22:22:01.481+0000] {manager.py:504} INFO - Created Permission View: can edit on DAG:example_xcom
[2023-05-07T22:22:01.514+0000] {logging_mixin.py:137} INFO - [2023-05-07T22:22:01.514+0000] {manager.py:504} INFO - Created Permission View: can delete on DAG:example_xcom
[2023-05-07T22:22:01.547+0000] {logging_mixin.py:137} INFO - [2023-05-07T22:22:01.546+0000] {manager.py:504} INFO - Created Permission View: can read on DAG:example_xcom
[2023-05-07T22:22:01.547+0000] {logging_mixin.py:137} INFO - [2023-05-07T22:22:01.547+0000] {dag.py:2690} INFO - Sync 1 DAGs
[2023-05-07T22:22:01.559+0000] {logging_mixin.py:137} INFO - [2023-05-07T22:22:01.558+0000] {dag.py:2711} INFO - Creating ORM DAG for example_xcom
[2023-05-07T22:22:01.566+0000] {logging_mixin.py:137} INFO - [2023-05-07T22:22:01.566+0000] {dag.py:3437} INFO - Setting next_dagrun for example_xcom to 2021-01-01T00:00:00+00:00, run_after=2021-01-01T00:00:00+00:00
[2023-05-07T22:22:01.614+0000] {processor.py:175} INFO - Processing /usr/local/python/3.10.4/lib/python3.10/site-packages/airflow/example_dags/example_xcom.py took 0.340 seconds
[2023-05-07T22:22:48.443+0000] {processor.py:153} INFO - Started process (PID=10100) to work on /usr/local/python/3.10.4/lib/python3.10/site-packages/airflow/example_dags/example_xcom.py
[2023-05-07T22:22:48.444+0000] {processor.py:743} INFO - Processing file /usr/local/python/3.10.4/lib/python3.10/site-packages/airflow/example_dags/example_xcom.py for tasks to queue
[2023-05-07T22:22:48.444+0000] {logging_mixin.py:137} INFO - [2023-05-07T22:22:48.444+0000] {dagbag.py:538} INFO - Filling up the DagBag from /usr/local/python/3.10.4/lib/python3.10/site-packages/airflow/example_dags/example_xcom.py
[2023-05-07T22:22:48.467+0000] {processor.py:753} INFO - DAG(s) dict_keys(['example_xcom']) retrieved from /usr/local/python/3.10.4/lib/python3.10/site-packages/airflow/example_dags/example_xcom.py
[2023-05-07T22:22:48.486+0000] {logging_mixin.py:137} INFO - [2023-05-07T22:22:48.485+0000] {dag.py:2690} INFO - Sync 1 DAGs
[2023-05-07T22:22:48.502+0000] {logging_mixin.py:137} INFO - [2023-05-07T22:22:48.502+0000] {dag.py:3437} INFO - Setting next_dagrun for example_xcom to 2021-01-01T00:00:00+00:00, run_after=2021-01-01T00:00:00+00:00
[2023-05-07T22:22:48.546+0000] {processor.py:175} INFO - Processing /usr/local/python/3.10.4/lib/python3.10/site-packages/airflow/example_dags/example_xcom.py took 0.106 seconds
[2023-05-07T22:23:27.604+0000] {processor.py:153} INFO - Started process (PID=10415) to work on /usr/local/python/3.10.4/lib/python3.10/site-packages/airflow/example_dags/example_xcom.py
[2023-05-07T22:23:27.605+0000] {processor.py:743} INFO - Processing file /usr/local/python/3.10.4/lib/python3.10/site-packages/airflow/example_dags/example_xcom.py for tasks to queue
[2023-05-07T22:23:27.606+0000] {logging_mixin.py:137} INFO - [2023-05-07T22:23:27.606+0000] {dagbag.py:538} INFO - Filling up the DagBag from /usr/local/python/3.10.4/lib/python3.10/site-packages/airflow/example_dags/example_xcom.py
[2023-05-07T22:23:27.630+0000] {processor.py:753} INFO - DAG(s) dict_keys(['example_xcom']) retrieved from /usr/local/python/3.10.4/lib/python3.10/site-packages/airflow/example_dags/example_xcom.py
[2023-05-07T22:23:27.648+0000] {logging_mixin.py:137} INFO - [2023-05-07T22:23:27.647+0000] {dag.py:2690} INFO - Sync 1 DAGs
[2023-05-07T22:23:27.664+0000] {logging_mixin.py:137} INFO - [2023-05-07T22:23:27.664+0000] {dag.py:3437} INFO - Setting next_dagrun for example_xcom to 2021-01-01T00:00:00+00:00, run_after=2021-01-01T00:00:00+00:00
[2023-05-07T22:23:27.705+0000] {processor.py:175} INFO - Processing /usr/local/python/3.10.4/lib/python3.10/site-packages/airflow/example_dags/example_xcom.py took 0.104 seconds
[2023-05-07T22:24:00.082+0000] {processor.py:153} INFO - Started process (PID=10716) to work on /usr/local/python/3.10.4/lib/python3.10/site-packages/airflow/example_dags/example_xcom.py
[2023-05-07T22:24:00.082+0000] {processor.py:743} INFO - Processing file /usr/local/python/3.10.4/lib/python3.10/site-packages/airflow/example_dags/example_xcom.py for tasks to queue
[2023-05-07T22:24:00.083+0000] {logging_mixin.py:137} INFO - [2023-05-07T22:24:00.083+0000] {dagbag.py:538} INFO - Filling up the DagBag from /usr/local/python/3.10.4/lib/python3.10/site-packages/airflow/example_dags/example_xcom.py
[2023-05-07T22:24:00.107+0000] {processor.py:753} INFO - DAG(s) dict_keys(['example_xcom']) retrieved from /usr/local/python/3.10.4/lib/python3.10/site-packages/airflow/example_dags/example_xcom.py
[2023-05-07T22:24:00.125+0000] {logging_mixin.py:137} INFO - [2023-05-07T22:24:00.124+0000] {dag.py:2690} INFO - Sync 1 DAGs
[2023-05-07T22:24:00.141+0000] {logging_mixin.py:137} INFO - [2023-05-07T22:24:00.141+0000] {dag.py:3437} INFO - Setting next_dagrun for example_xcom to 2021-01-01T00:00:00+00:00, run_after=2021-01-01T00:00:00+00:00
[2023-05-07T22:24:00.184+0000] {processor.py:175} INFO - Processing /usr/local/python/3.10.4/lib/python3.10/site-packages/airflow/example_dags/example_xcom.py took 0.105 seconds
[2023-05-07T22:24:45.937+0000] {processor.py:153} INFO - Started process (PID=11087) to work on /usr/local/python/3.10.4/lib/python3.10/site-packages/airflow/example_dags/example_xcom.py
[2023-05-07T22:24:45.946+0000] {processor.py:743} INFO - Processing file /usr/local/python/3.10.4/lib/python3.10/site-packages/airflow/example_dags/example_xcom.py for tasks to queue
[2023-05-07T22:24:45.950+0000] {logging_mixin.py:137} INFO - [2023-05-07T22:24:45.950+0000] {dagbag.py:538} INFO - Filling up the DagBag from /usr/local/python/3.10.4/lib/python3.10/site-packages/airflow/example_dags/example_xcom.py
[2023-05-07T22:24:46.027+0000] {processor.py:753} INFO - DAG(s) dict_keys(['example_xcom']) retrieved from /usr/local/python/3.10.4/lib/python3.10/site-packages/airflow/example_dags/example_xcom.py
[2023-05-07T22:24:46.093+0000] {logging_mixin.py:137} INFO - [2023-05-07T22:24:46.093+0000] {dag.py:2690} INFO - Sync 1 DAGs
[2023-05-07T22:24:46.166+0000] {logging_mixin.py:137} INFO - [2023-05-07T22:24:46.166+0000] {dag.py:3437} INFO - Setting next_dagrun for example_xcom to 2021-01-01T00:00:00+00:00, run_after=2021-01-01T00:00:00+00:00
[2023-05-07T22:24:46.250+0000] {processor.py:175} INFO - Processing /usr/local/python/3.10.4/lib/python3.10/site-packages/airflow/example_dags/example_xcom.py took 0.321 seconds
[2023-05-07T22:25:17.764+0000] {processor.py:153} INFO - Started process (PID=11314) to work on /usr/local/python/3.10.4/lib/python3.10/site-packages/airflow/example_dags/example_xcom.py
[2023-05-07T22:25:17.765+0000] {processor.py:743} INFO - Processing file /usr/local/python/3.10.4/lib/python3.10/site-packages/airflow/example_dags/example_xcom.py for tasks to queue
[2023-05-07T22:25:17.765+0000] {logging_mixin.py:137} INFO - [2023-05-07T22:25:17.765+0000] {dagbag.py:538} INFO - Filling up the DagBag from /usr/local/python/3.10.4/lib/python3.10/site-packages/airflow/example_dags/example_xcom.py
[2023-05-07T22:25:17.788+0000] {processor.py:753} INFO - DAG(s) dict_keys(['example_xcom']) retrieved from /usr/local/python/3.10.4/lib/python3.10/site-packages/airflow/example_dags/example_xcom.py
[2023-05-07T22:25:17.806+0000] {logging_mixin.py:137} INFO - [2023-05-07T22:25:17.806+0000] {dag.py:2690} INFO - Sync 1 DAGs
[2023-05-07T22:25:17.823+0000] {logging_mixin.py:137} INFO - [2023-05-07T22:25:17.823+0000] {dag.py:3437} INFO - Setting next_dagrun for example_xcom to 2021-01-01T00:00:00+00:00, run_after=2021-01-01T00:00:00+00:00
[2023-05-07T22:25:17.865+0000] {processor.py:175} INFO - Processing /usr/local/python/3.10.4/lib/python3.10/site-packages/airflow/example_dags/example_xcom.py took 0.104 seconds
[2023-05-07T22:25:50.510+0000] {processor.py:153} INFO - Started process (PID=11552) to work on /usr/local/python/3.10.4/lib/python3.10/site-packages/airflow/example_dags/example_xcom.py
[2023-05-07T22:25:50.511+0000] {processor.py:743} INFO - Processing file /usr/local/python/3.10.4/lib/python3.10/site-packages/airflow/example_dags/example_xcom.py for tasks to queue
[2023-05-07T22:25:50.511+0000] {logging_mixin.py:137} INFO - [2023-05-07T22:25:50.511+0000] {dagbag.py:538} INFO - Filling up the DagBag from /usr/local/python/3.10.4/lib/python3.10/site-packages/airflow/example_dags/example_xcom.py
[2023-05-07T22:25:50.534+0000] {processor.py:753} INFO - DAG(s) dict_keys(['example_xcom']) retrieved from /usr/local/python/3.10.4/lib/python3.10/site-packages/airflow/example_dags/example_xcom.py
[2023-05-07T22:25:50.553+0000] {logging_mixin.py:137} INFO - [2023-05-07T22:25:50.553+0000] {dag.py:2690} INFO - Sync 1 DAGs
[2023-05-07T22:25:50.572+0000] {logging_mixin.py:137} INFO - [2023-05-07T22:25:50.572+0000] {dag.py:3437} INFO - Setting next_dagrun for example_xcom to 2021-01-01T00:00:00+00:00, run_after=2021-01-01T00:00:00+00:00
[2023-05-07T22:25:50.613+0000] {processor.py:175} INFO - Processing /usr/local/python/3.10.4/lib/python3.10/site-packages/airflow/example_dags/example_xcom.py took 0.106 seconds
[2023-05-07T22:26:23.517+0000] {processor.py:153} INFO - Started process (PID=11801) to work on /usr/local/python/3.10.4/lib/python3.10/site-packages/airflow/example_dags/example_xcom.py
[2023-05-07T22:26:23.517+0000] {processor.py:743} INFO - Processing file /usr/local/python/3.10.4/lib/python3.10/site-packages/airflow/example_dags/example_xcom.py for tasks to queue
[2023-05-07T22:26:23.518+0000] {logging_mixin.py:137} INFO - [2023-05-07T22:26:23.518+0000] {dagbag.py:538} INFO - Filling up the DagBag from /usr/local/python/3.10.4/lib/python3.10/site-packages/airflow/example_dags/example_xcom.py
[2023-05-07T22:26:23.540+0000] {processor.py:753} INFO - DAG(s) dict_keys(['example_xcom']) retrieved from /usr/local/python/3.10.4/lib/python3.10/site-packages/airflow/example_dags/example_xcom.py
[2023-05-07T22:26:23.558+0000] {logging_mixin.py:137} INFO - [2023-05-07T22:26:23.558+0000] {dag.py:2690} INFO - Sync 1 DAGs
[2023-05-07T22:26:23.574+0000] {logging_mixin.py:137} INFO - [2023-05-07T22:26:23.574+0000] {dag.py:3437} INFO - Setting next_dagrun for example_xcom to 2021-01-01T00:00:00+00:00, run_after=2021-01-01T00:00:00+00:00
[2023-05-07T22:26:23.617+0000] {processor.py:175} INFO - Processing /usr/local/python/3.10.4/lib/python3.10/site-packages/airflow/example_dags/example_xcom.py took 0.103 seconds
[2023-05-07T22:26:54.433+0000] {processor.py:153} INFO - Started process (PID=12013) to work on /usr/local/python/3.10.4/lib/python3.10/site-packages/airflow/example_dags/example_xcom.py
[2023-05-07T22:26:54.434+0000] {processor.py:743} INFO - Processing file /usr/local/python/3.10.4/lib/python3.10/site-packages/airflow/example_dags/example_xcom.py for tasks to queue
[2023-05-07T22:26:54.434+0000] {logging_mixin.py:137} INFO - [2023-05-07T22:26:54.434+0000] {dagbag.py:538} INFO - Filling up the DagBag from /usr/local/python/3.10.4/lib/python3.10/site-packages/airflow/example_dags/example_xcom.py
[2023-05-07T22:26:54.470+0000] {processor.py:753} INFO - DAG(s) dict_keys(['example_xcom']) retrieved from /usr/local/python/3.10.4/lib/python3.10/site-packages/airflow/example_dags/example_xcom.py
[2023-05-07T22:26:54.497+0000] {logging_mixin.py:137} INFO - [2023-05-07T22:26:54.496+0000] {dag.py:2690} INFO - Sync 1 DAGs
[2023-05-07T22:26:54.522+0000] {logging_mixin.py:137} INFO - [2023-05-07T22:26:54.522+0000] {dag.py:3437} INFO - Setting next_dagrun for example_xcom to 2021-01-01T00:00:00+00:00, run_after=2021-01-01T00:00:00+00:00
[2023-05-07T22:26:54.566+0000] {processor.py:175} INFO - Processing /usr/local/python/3.10.4/lib/python3.10/site-packages/airflow/example_dags/example_xcom.py took 0.136 seconds
[2023-05-07T22:27:25.767+0000] {processor.py:153} INFO - Started process (PID=12224) to work on /usr/local/python/3.10.4/lib/python3.10/site-packages/airflow/example_dags/example_xcom.py
[2023-05-07T22:27:25.768+0000] {processor.py:743} INFO - Processing file /usr/local/python/3.10.4/lib/python3.10/site-packages/airflow/example_dags/example_xcom.py for tasks to queue
[2023-05-07T22:27:25.768+0000] {logging_mixin.py:137} INFO - [2023-05-07T22:27:25.768+0000] {dagbag.py:538} INFO - Filling up the DagBag from /usr/local/python/3.10.4/lib/python3.10/site-packages/airflow/example_dags/example_xcom.py
[2023-05-07T22:27:25.792+0000] {processor.py:753} INFO - DAG(s) dict_keys(['example_xcom']) retrieved from /usr/local/python/3.10.4/lib/python3.10/site-packages/airflow/example_dags/example_xcom.py
[2023-05-07T22:27:25.810+0000] {logging_mixin.py:137} INFO - [2023-05-07T22:27:25.810+0000] {dag.py:2690} INFO - Sync 1 DAGs
[2023-05-07T22:27:25.826+0000] {logging_mixin.py:137} INFO - [2023-05-07T22:27:25.826+0000] {dag.py:3437} INFO - Setting next_dagrun for example_xcom to 2021-01-01T00:00:00+00:00, run_after=2021-01-01T00:00:00+00:00
[2023-05-07T22:27:25.867+0000] {processor.py:175} INFO - Processing /usr/local/python/3.10.4/lib/python3.10/site-packages/airflow/example_dags/example_xcom.py took 0.103 seconds
[2023-05-07T22:27:59.187+0000] {processor.py:153} INFO - Started process (PID=12454) to work on /usr/local/python/3.10.4/lib/python3.10/site-packages/airflow/example_dags/example_xcom.py
[2023-05-07T22:27:59.188+0000] {processor.py:743} INFO - Processing file /usr/local/python/3.10.4/lib/python3.10/site-packages/airflow/example_dags/example_xcom.py for tasks to queue
[2023-05-07T22:27:59.188+0000] {logging_mixin.py:137} INFO - [2023-05-07T22:27:59.188+0000] {dagbag.py:538} INFO - Filling up the DagBag from /usr/local/python/3.10.4/lib/python3.10/site-packages/airflow/example_dags/example_xcom.py
[2023-05-07T22:27:59.211+0000] {processor.py:753} INFO - DAG(s) dict_keys(['example_xcom']) retrieved from /usr/local/python/3.10.4/lib/python3.10/site-packages/airflow/example_dags/example_xcom.py
[2023-05-07T22:27:59.229+0000] {logging_mixin.py:137} INFO - [2023-05-07T22:27:59.229+0000] {dag.py:2690} INFO - Sync 1 DAGs
[2023-05-07T22:27:59.245+0000] {logging_mixin.py:137} INFO - [2023-05-07T22:27:59.245+0000] {dag.py:3437} INFO - Setting next_dagrun for example_xcom to 2021-01-01T00:00:00+00:00, run_after=2021-01-01T00:00:00+00:00
[2023-05-07T22:27:59.286+0000] {processor.py:175} INFO - Processing /usr/local/python/3.10.4/lib/python3.10/site-packages/airflow/example_dags/example_xcom.py took 0.102 seconds
[2023-05-07T22:28:33.190+0000] {processor.py:153} INFO - Started process (PID=12681) to work on /usr/local/python/3.10.4/lib/python3.10/site-packages/airflow/example_dags/example_xcom.py
[2023-05-07T22:28:33.191+0000] {processor.py:743} INFO - Processing file /usr/local/python/3.10.4/lib/python3.10/site-packages/airflow/example_dags/example_xcom.py for tasks to queue
[2023-05-07T22:28:33.192+0000] {logging_mixin.py:137} INFO - [2023-05-07T22:28:33.191+0000] {dagbag.py:538} INFO - Filling up the DagBag from /usr/local/python/3.10.4/lib/python3.10/site-packages/airflow/example_dags/example_xcom.py
[2023-05-07T22:28:33.217+0000] {processor.py:753} INFO - DAG(s) dict_keys(['example_xcom']) retrieved from /usr/local/python/3.10.4/lib/python3.10/site-packages/airflow/example_dags/example_xcom.py
[2023-05-07T22:28:33.241+0000] {logging_mixin.py:137} INFO - [2023-05-07T22:28:33.241+0000] {dag.py:2690} INFO - Sync 1 DAGs
[2023-05-07T22:28:33.265+0000] {logging_mixin.py:137} INFO - [2023-05-07T22:28:33.265+0000] {dag.py:3437} INFO - Setting next_dagrun for example_xcom to 2021-01-01T00:00:00+00:00, run_after=2021-01-01T00:00:00+00:00
[2023-05-07T22:28:33.310+0000] {processor.py:175} INFO - Processing /usr/local/python/3.10.4/lib/python3.10/site-packages/airflow/example_dags/example_xcom.py took 0.123 seconds
[2023-05-07T22:29:04.663+0000] {processor.py:153} INFO - Started process (PID=12900) to work on /usr/local/python/3.10.4/lib/python3.10/site-packages/airflow/example_dags/example_xcom.py
[2023-05-07T22:29:04.663+0000] {processor.py:743} INFO - Processing file /usr/local/python/3.10.4/lib/python3.10/site-packages/airflow/example_dags/example_xcom.py for tasks to queue
[2023-05-07T22:29:04.664+0000] {logging_mixin.py:137} INFO - [2023-05-07T22:29:04.664+0000] {dagbag.py:538} INFO - Filling up the DagBag from /usr/local/python/3.10.4/lib/python3.10/site-packages/airflow/example_dags/example_xcom.py
[2023-05-07T22:29:04.689+0000] {processor.py:753} INFO - DAG(s) dict_keys(['example_xcom']) retrieved from /usr/local/python/3.10.4/lib/python3.10/site-packages/airflow/example_dags/example_xcom.py
[2023-05-07T22:29:04.707+0000] {logging_mixin.py:137} INFO - [2023-05-07T22:29:04.706+0000] {dag.py:2690} INFO - Sync 1 DAGs
[2023-05-07T22:29:04.723+0000] {logging_mixin.py:137} INFO - [2023-05-07T22:29:04.723+0000] {dag.py:3437} INFO - Setting next_dagrun for example_xcom to 2021-01-01T00:00:00+00:00, run_after=2021-01-01T00:00:00+00:00
[2023-05-07T22:29:04.884+0000] {processor.py:175} INFO - Processing /usr/local/python/3.10.4/lib/python3.10/site-packages/airflow/example_dags/example_xcom.py took 0.226 seconds
[2023-05-07T22:29:48.321+0000] {processor.py:153} INFO - Started process (PID=13222) to work on /usr/local/python/3.10.4/lib/python3.10/site-packages/airflow/example_dags/example_xcom.py
[2023-05-07T22:29:48.322+0000] {processor.py:743} INFO - Processing file /usr/local/python/3.10.4/lib/python3.10/site-packages/airflow/example_dags/example_xcom.py for tasks to queue
[2023-05-07T22:29:48.322+0000] {logging_mixin.py:137} INFO - [2023-05-07T22:29:48.322+0000] {dagbag.py:538} INFO - Filling up the DagBag from /usr/local/python/3.10.4/lib/python3.10/site-packages/airflow/example_dags/example_xcom.py
[2023-05-07T22:29:48.345+0000] {processor.py:753} INFO - DAG(s) dict_keys(['example_xcom']) retrieved from /usr/local/python/3.10.4/lib/python3.10/site-packages/airflow/example_dags/example_xcom.py
[2023-05-07T22:29:48.362+0000] {logging_mixin.py:137} INFO - [2023-05-07T22:29:48.362+0000] {dag.py:2690} INFO - Sync 1 DAGs
[2023-05-07T22:29:48.491+0000] {logging_mixin.py:137} INFO - [2023-05-07T22:29:48.491+0000] {dag.py:3437} INFO - Setting next_dagrun for example_xcom to 2021-01-01T00:00:00+00:00, run_after=2021-01-01T00:00:00+00:00
[2023-05-07T22:29:48.532+0000] {processor.py:175} INFO - Processing /usr/local/python/3.10.4/lib/python3.10/site-packages/airflow/example_dags/example_xcom.py took 0.214 seconds
[2023-05-07T22:30:28.338+0000] {processor.py:153} INFO - Started process (PID=13490) to work on /usr/local/python/3.10.4/lib/python3.10/site-packages/airflow/example_dags/example_xcom.py
[2023-05-07T22:30:28.339+0000] {processor.py:743} INFO - Processing file /usr/local/python/3.10.4/lib/python3.10/site-packages/airflow/example_dags/example_xcom.py for tasks to queue
[2023-05-07T22:30:28.340+0000] {logging_mixin.py:137} INFO - [2023-05-07T22:30:28.340+0000] {dagbag.py:538} INFO - Filling up the DagBag from /usr/local/python/3.10.4/lib/python3.10/site-packages/airflow/example_dags/example_xcom.py
[2023-05-07T22:30:28.370+0000] {processor.py:753} INFO - DAG(s) dict_keys(['example_xcom']) retrieved from /usr/local/python/3.10.4/lib/python3.10/site-packages/airflow/example_dags/example_xcom.py
[2023-05-07T22:30:28.388+0000] {logging_mixin.py:137} INFO - [2023-05-07T22:30:28.387+0000] {dag.py:2690} INFO - Sync 1 DAGs
[2023-05-07T22:30:28.516+0000] {logging_mixin.py:137} INFO - [2023-05-07T22:30:28.516+0000] {dag.py:3437} INFO - Setting next_dagrun for example_xcom to 2021-01-01T00:00:00+00:00, run_after=2021-01-01T00:00:00+00:00
[2023-05-07T22:30:28.556+0000] {processor.py:175} INFO - Processing /usr/local/python/3.10.4/lib/python3.10/site-packages/airflow/example_dags/example_xcom.py took 0.221 seconds
[2023-05-07T22:31:00.990+0000] {processor.py:153} INFO - Started process (PID=13704) to work on /usr/local/python/3.10.4/lib/python3.10/site-packages/airflow/example_dags/example_xcom.py
[2023-05-07T22:31:00.991+0000] {processor.py:743} INFO - Processing file /usr/local/python/3.10.4/lib/python3.10/site-packages/airflow/example_dags/example_xcom.py for tasks to queue
[2023-05-07T22:31:00.991+0000] {logging_mixin.py:137} INFO - [2023-05-07T22:31:00.991+0000] {dagbag.py:538} INFO - Filling up the DagBag from /usr/local/python/3.10.4/lib/python3.10/site-packages/airflow/example_dags/example_xcom.py
[2023-05-07T22:31:01.014+0000] {processor.py:753} INFO - DAG(s) dict_keys(['example_xcom']) retrieved from /usr/local/python/3.10.4/lib/python3.10/site-packages/airflow/example_dags/example_xcom.py
[2023-05-07T22:31:01.031+0000] {logging_mixin.py:137} INFO - [2023-05-07T22:31:01.031+0000] {dag.py:2690} INFO - Sync 1 DAGs
[2023-05-07T22:31:01.158+0000] {logging_mixin.py:137} INFO - [2023-05-07T22:31:01.158+0000] {dag.py:3437} INFO - Setting next_dagrun for example_xcom to 2021-01-01T00:00:00+00:00, run_after=2021-01-01T00:00:00+00:00
[2023-05-07T22:31:01.199+0000] {processor.py:175} INFO - Processing /usr/local/python/3.10.4/lib/python3.10/site-packages/airflow/example_dags/example_xcom.py took 0.212 seconds
[2023-05-07T22:31:35.714+0000] {processor.py:153} INFO - Started process (PID=13936) to work on /usr/local/python/3.10.4/lib/python3.10/site-packages/airflow/example_dags/example_xcom.py
[2023-05-07T22:31:35.715+0000] {processor.py:743} INFO - Processing file /usr/local/python/3.10.4/lib/python3.10/site-packages/airflow/example_dags/example_xcom.py for tasks to queue
[2023-05-07T22:31:35.716+0000] {logging_mixin.py:137} INFO - [2023-05-07T22:31:35.716+0000] {dagbag.py:538} INFO - Filling up the DagBag from /usr/local/python/3.10.4/lib/python3.10/site-packages/airflow/example_dags/example_xcom.py
[2023-05-07T22:31:35.738+0000] {processor.py:753} INFO - DAG(s) dict_keys(['example_xcom']) retrieved from /usr/local/python/3.10.4/lib/python3.10/site-packages/airflow/example_dags/example_xcom.py
[2023-05-07T22:31:35.868+0000] {logging_mixin.py:137} INFO - [2023-05-07T22:31:35.868+0000] {dag.py:2690} INFO - Sync 1 DAGs
[2023-05-07T22:31:35.882+0000] {logging_mixin.py:137} INFO - [2023-05-07T22:31:35.882+0000] {dag.py:3437} INFO - Setting next_dagrun for example_xcom to 2021-01-01T00:00:00+00:00, run_after=2021-01-01T00:00:00+00:00
[2023-05-07T22:31:35.922+0000] {processor.py:175} INFO - Processing /usr/local/python/3.10.4/lib/python3.10/site-packages/airflow/example_dags/example_xcom.py took 0.211 seconds
[2023-05-07T22:32:19.747+0000] {processor.py:153} INFO - Started process (PID=14228) to work on /usr/local/python/3.10.4/lib/python3.10/site-packages/airflow/example_dags/example_xcom.py
[2023-05-07T22:32:19.748+0000] {processor.py:743} INFO - Processing file /usr/local/python/3.10.4/lib/python3.10/site-packages/airflow/example_dags/example_xcom.py for tasks to queue
[2023-05-07T22:32:19.749+0000] {logging_mixin.py:137} INFO - [2023-05-07T22:32:19.748+0000] {dagbag.py:538} INFO - Filling up the DagBag from /usr/local/python/3.10.4/lib/python3.10/site-packages/airflow/example_dags/example_xcom.py
[2023-05-07T22:32:19.772+0000] {processor.py:753} INFO - DAG(s) dict_keys(['example_xcom']) retrieved from /usr/local/python/3.10.4/lib/python3.10/site-packages/airflow/example_dags/example_xcom.py
[2023-05-07T22:32:19.898+0000] {logging_mixin.py:137} INFO - [2023-05-07T22:32:19.898+0000] {dag.py:2690} INFO - Sync 1 DAGs
[2023-05-07T22:32:19.913+0000] {logging_mixin.py:137} INFO - [2023-05-07T22:32:19.913+0000] {dag.py:3437} INFO - Setting next_dagrun for example_xcom to 2021-01-01T00:00:00+00:00, run_after=2021-01-01T00:00:00+00:00
[2023-05-07T22:32:19.954+0000] {processor.py:175} INFO - Processing /usr/local/python/3.10.4/lib/python3.10/site-packages/airflow/example_dags/example_xcom.py took 0.209 seconds
[2023-05-07T22:32:51.929+0000] {processor.py:153} INFO - Started process (PID=14481) to work on /usr/local/python/3.10.4/lib/python3.10/site-packages/airflow/example_dags/example_xcom.py
[2023-05-07T22:32:51.930+0000] {processor.py:743} INFO - Processing file /usr/local/python/3.10.4/lib/python3.10/site-packages/airflow/example_dags/example_xcom.py for tasks to queue
[2023-05-07T22:32:51.930+0000] {logging_mixin.py:137} INFO - [2023-05-07T22:32:51.930+0000] {dagbag.py:538} INFO - Filling up the DagBag from /usr/local/python/3.10.4/lib/python3.10/site-packages/airflow/example_dags/example_xcom.py
[2023-05-07T22:32:52.061+0000] {processor.py:753} INFO - DAG(s) dict_keys(['example_xcom']) retrieved from /usr/local/python/3.10.4/lib/python3.10/site-packages/airflow/example_dags/example_xcom.py
[2023-05-07T22:32:52.074+0000] {logging_mixin.py:137} INFO - [2023-05-07T22:32:52.074+0000] {dag.py:2690} INFO - Sync 1 DAGs
[2023-05-07T22:32:52.089+0000] {logging_mixin.py:137} INFO - [2023-05-07T22:32:52.089+0000] {dag.py:3437} INFO - Setting next_dagrun for example_xcom to 2021-01-01T00:00:00+00:00, run_after=2021-01-01T00:00:00+00:00
[2023-05-07T22:32:52.135+0000] {processor.py:175} INFO - Processing /usr/local/python/3.10.4/lib/python3.10/site-packages/airflow/example_dags/example_xcom.py took 0.209 seconds
[2023-05-07T22:33:24.367+0000] {processor.py:153} INFO - Started process (PID=14707) to work on /usr/local/python/3.10.4/lib/python3.10/site-packages/airflow/example_dags/example_xcom.py
[2023-05-07T22:33:24.368+0000] {processor.py:743} INFO - Processing file /usr/local/python/3.10.4/lib/python3.10/site-packages/airflow/example_dags/example_xcom.py for tasks to queue
[2023-05-07T22:33:24.369+0000] {logging_mixin.py:137} INFO - [2023-05-07T22:33:24.369+0000] {dagbag.py:538} INFO - Filling up the DagBag from /usr/local/python/3.10.4/lib/python3.10/site-packages/airflow/example_dags/example_xcom.py
[2023-05-07T22:33:24.507+0000] {processor.py:753} INFO - DAG(s) dict_keys(['example_xcom']) retrieved from /usr/local/python/3.10.4/lib/python3.10/site-packages/airflow/example_dags/example_xcom.py
[2023-05-07T22:33:24.521+0000] {logging_mixin.py:137} INFO - [2023-05-07T22:33:24.521+0000] {dag.py:2690} INFO - Sync 1 DAGs
[2023-05-07T22:33:24.545+0000] {logging_mixin.py:137} INFO - [2023-05-07T22:33:24.544+0000] {dag.py:3437} INFO - Setting next_dagrun for example_xcom to 2021-01-01T00:00:00+00:00, run_after=2021-01-01T00:00:00+00:00
[2023-05-07T22:33:24.587+0000] {processor.py:175} INFO - Processing /usr/local/python/3.10.4/lib/python3.10/site-packages/airflow/example_dags/example_xcom.py took 0.222 seconds
[2023-05-07T22:33:57.700+0000] {processor.py:153} INFO - Started process (PID=14976) to work on /usr/local/python/3.10.4/lib/python3.10/site-packages/airflow/example_dags/example_xcom.py
[2023-05-07T22:33:57.701+0000] {processor.py:743} INFO - Processing file /usr/local/python/3.10.4/lib/python3.10/site-packages/airflow/example_dags/example_xcom.py for tasks to queue
[2023-05-07T22:33:57.701+0000] {logging_mixin.py:137} INFO - [2023-05-07T22:33:57.701+0000] {dagbag.py:538} INFO - Filling up the DagBag from /usr/local/python/3.10.4/lib/python3.10/site-packages/airflow/example_dags/example_xcom.py
[2023-05-07T22:33:57.836+0000] {processor.py:753} INFO - DAG(s) dict_keys(['example_xcom']) retrieved from /usr/local/python/3.10.4/lib/python3.10/site-packages/airflow/example_dags/example_xcom.py
[2023-05-07T22:33:57.849+0000] {logging_mixin.py:137} INFO - [2023-05-07T22:33:57.849+0000] {dag.py:2690} INFO - Sync 1 DAGs
[2023-05-07T22:33:57.864+0000] {logging_mixin.py:137} INFO - [2023-05-07T22:33:57.864+0000] {dag.py:3437} INFO - Setting next_dagrun for example_xcom to 2021-01-01T00:00:00+00:00, run_after=2021-01-01T00:00:00+00:00
[2023-05-07T22:33:57.905+0000] {processor.py:175} INFO - Processing /usr/local/python/3.10.4/lib/python3.10/site-packages/airflow/example_dags/example_xcom.py took 0.209 seconds
[2023-05-07T22:34:29.827+0000] {processor.py:153} INFO - Started process (PID=15207) to work on /usr/local/python/3.10.4/lib/python3.10/site-packages/airflow/example_dags/example_xcom.py
[2023-05-07T22:34:29.828+0000] {processor.py:743} INFO - Processing file /usr/local/python/3.10.4/lib/python3.10/site-packages/airflow/example_dags/example_xcom.py for tasks to queue
[2023-05-07T22:34:29.942+0000] {logging_mixin.py:137} INFO - [2023-05-07T22:34:29.942+0000] {dagbag.py:538} INFO - Filling up the DagBag from /usr/local/python/3.10.4/lib/python3.10/site-packages/airflow/example_dags/example_xcom.py
[2023-05-07T22:34:29.960+0000] {processor.py:753} INFO - DAG(s) dict_keys(['example_xcom']) retrieved from /usr/local/python/3.10.4/lib/python3.10/site-packages/airflow/example_dags/example_xcom.py
[2023-05-07T22:34:29.974+0000] {logging_mixin.py:137} INFO - [2023-05-07T22:34:29.973+0000] {dag.py:2690} INFO - Sync 1 DAGs
[2023-05-07T22:34:29.989+0000] {logging_mixin.py:137} INFO - [2023-05-07T22:34:29.989+0000] {dag.py:3437} INFO - Setting next_dagrun for example_xcom to 2021-01-01T00:00:00+00:00, run_after=2021-01-01T00:00:00+00:00
[2023-05-07T22:34:30.030+0000] {processor.py:175} INFO - Processing /usr/local/python/3.10.4/lib/python3.10/site-packages/airflow/example_dags/example_xcom.py took 0.206 seconds
[2023-05-07T22:35:08.839+0000] {processor.py:153} INFO - Started process (PID=15485) to work on /usr/local/python/3.10.4/lib/python3.10/site-packages/airflow/example_dags/example_xcom.py
[2023-05-07T22:35:08.840+0000] {processor.py:743} INFO - Processing file /usr/local/python/3.10.4/lib/python3.10/site-packages/airflow/example_dags/example_xcom.py for tasks to queue
[2023-05-07T22:35:08.841+0000] {logging_mixin.py:137} INFO - [2023-05-07T22:35:08.841+0000] {dagbag.py:538} INFO - Filling up the DagBag from /usr/local/python/3.10.4/lib/python3.10/site-packages/airflow/example_dags/example_xcom.py
[2023-05-07T22:35:08.864+0000] {processor.py:753} INFO - DAG(s) dict_keys(['example_xcom']) retrieved from /usr/local/python/3.10.4/lib/python3.10/site-packages/airflow/example_dags/example_xcom.py
[2023-05-07T22:35:08.881+0000] {logging_mixin.py:137} INFO - [2023-05-07T22:35:08.881+0000] {dag.py:2690} INFO - Sync 1 DAGs
[2023-05-07T22:35:08.899+0000] {logging_mixin.py:137} INFO - [2023-05-07T22:35:08.899+0000] {dag.py:3437} INFO - Setting next_dagrun for example_xcom to 2021-01-01T00:00:00+00:00, run_after=2021-01-01T00:00:00+00:00
[2023-05-07T22:35:08.941+0000] {processor.py:175} INFO - Processing /usr/local/python/3.10.4/lib/python3.10/site-packages/airflow/example_dags/example_xcom.py took 0.104 seconds
[2023-05-07T22:35:49.639+0000] {processor.py:153} INFO - Started process (PID=15773) to work on /usr/local/python/3.10.4/lib/python3.10/site-packages/airflow/example_dags/example_xcom.py
[2023-05-07T22:35:49.639+0000] {processor.py:743} INFO - Processing file /usr/local/python/3.10.4/lib/python3.10/site-packages/airflow/example_dags/example_xcom.py for tasks to queue
[2023-05-07T22:35:49.640+0000] {logging_mixin.py:137} INFO - [2023-05-07T22:35:49.640+0000] {dagbag.py:538} INFO - Filling up the DagBag from /usr/local/python/3.10.4/lib/python3.10/site-packages/airflow/example_dags/example_xcom.py
[2023-05-07T22:35:49.662+0000] {processor.py:753} INFO - DAG(s) dict_keys(['example_xcom']) retrieved from /usr/local/python/3.10.4/lib/python3.10/site-packages/airflow/example_dags/example_xcom.py
[2023-05-07T22:35:49.681+0000] {logging_mixin.py:137} INFO - [2023-05-07T22:35:49.681+0000] {dag.py:2690} INFO - Sync 1 DAGs
[2023-05-07T22:35:49.698+0000] {logging_mixin.py:137} INFO - [2023-05-07T22:35:49.698+0000] {dag.py:3437} INFO - Setting next_dagrun for example_xcom to 2021-01-01T00:00:00+00:00, run_after=2021-01-01T00:00:00+00:00
[2023-05-07T22:35:49.738+0000] {processor.py:175} INFO - Processing /usr/local/python/3.10.4/lib/python3.10/site-packages/airflow/example_dags/example_xcom.py took 0.102 seconds
[2023-05-07T22:36:24.013+0000] {processor.py:153} INFO - Started process (PID=16004) to work on /usr/local/python/3.10.4/lib/python3.10/site-packages/airflow/example_dags/example_xcom.py
[2023-05-07T22:36:24.014+0000] {processor.py:743} INFO - Processing file /usr/local/python/3.10.4/lib/python3.10/site-packages/airflow/example_dags/example_xcom.py for tasks to queue
[2023-05-07T22:36:24.014+0000] {logging_mixin.py:137} INFO - [2023-05-07T22:36:24.014+0000] {dagbag.py:538} INFO - Filling up the DagBag from /usr/local/python/3.10.4/lib/python3.10/site-packages/airflow/example_dags/example_xcom.py
[2023-05-07T22:36:24.037+0000] {processor.py:753} INFO - DAG(s) dict_keys(['example_xcom']) retrieved from /usr/local/python/3.10.4/lib/python3.10/site-packages/airflow/example_dags/example_xcom.py
[2023-05-07T22:36:24.054+0000] {logging_mixin.py:137} INFO - [2023-05-07T22:36:24.054+0000] {dag.py:2690} INFO - Sync 1 DAGs
[2023-05-07T22:36:24.076+0000] {logging_mixin.py:137} INFO - [2023-05-07T22:36:24.075+0000] {dag.py:3437} INFO - Setting next_dagrun for example_xcom to 2021-01-01T00:00:00+00:00, run_after=2021-01-01T00:00:00+00:00
[2023-05-07T22:36:24.123+0000] {processor.py:175} INFO - Processing /usr/local/python/3.10.4/lib/python3.10/site-packages/airflow/example_dags/example_xcom.py took 0.113 seconds
[2023-05-07T22:36:58.295+0000] {processor.py:153} INFO - Started process (PID=16268) to work on /usr/local/python/3.10.4/lib/python3.10/site-packages/airflow/example_dags/example_xcom.py
[2023-05-07T22:36:58.296+0000] {processor.py:743} INFO - Processing file /usr/local/python/3.10.4/lib/python3.10/site-packages/airflow/example_dags/example_xcom.py for tasks to queue
[2023-05-07T22:36:58.297+0000] {logging_mixin.py:137} INFO - [2023-05-07T22:36:58.297+0000] {dagbag.py:538} INFO - Filling up the DagBag from /usr/local/python/3.10.4/lib/python3.10/site-packages/airflow/example_dags/example_xcom.py
[2023-05-07T22:36:58.321+0000] {processor.py:753} INFO - DAG(s) dict_keys(['example_xcom']) retrieved from /usr/local/python/3.10.4/lib/python3.10/site-packages/airflow/example_dags/example_xcom.py
[2023-05-07T22:36:58.338+0000] {logging_mixin.py:137} INFO - [2023-05-07T22:36:58.338+0000] {dag.py:2690} INFO - Sync 1 DAGs
[2023-05-07T22:36:58.356+0000] {logging_mixin.py:137} INFO - [2023-05-07T22:36:58.356+0000] {dag.py:3437} INFO - Setting next_dagrun for example_xcom to 2021-01-01T00:00:00+00:00, run_after=2021-01-01T00:00:00+00:00
[2023-05-07T22:36:58.399+0000] {processor.py:175} INFO - Processing /usr/local/python/3.10.4/lib/python3.10/site-packages/airflow/example_dags/example_xcom.py took 0.107 seconds
[2023-05-07T22:37:38.669+0000] {processor.py:153} INFO - Started process (PID=16560) to work on /usr/local/python/3.10.4/lib/python3.10/site-packages/airflow/example_dags/example_xcom.py
[2023-05-07T22:37:38.670+0000] {processor.py:743} INFO - Processing file /usr/local/python/3.10.4/lib/python3.10/site-packages/airflow/example_dags/example_xcom.py for tasks to queue
[2023-05-07T22:37:38.670+0000] {logging_mixin.py:137} INFO - [2023-05-07T22:37:38.670+0000] {dagbag.py:538} INFO - Filling up the DagBag from /usr/local/python/3.10.4/lib/python3.10/site-packages/airflow/example_dags/example_xcom.py
[2023-05-07T22:37:38.693+0000] {processor.py:753} INFO - DAG(s) dict_keys(['example_xcom']) retrieved from /usr/local/python/3.10.4/lib/python3.10/site-packages/airflow/example_dags/example_xcom.py
[2023-05-07T22:37:38.710+0000] {logging_mixin.py:137} INFO - [2023-05-07T22:37:38.710+0000] {dag.py:2690} INFO - Sync 1 DAGs
[2023-05-07T22:37:38.727+0000] {logging_mixin.py:137} INFO - [2023-05-07T22:37:38.726+0000] {dag.py:3437} INFO - Setting next_dagrun for example_xcom to 2021-01-01T00:00:00+00:00, run_after=2021-01-01T00:00:00+00:00
[2023-05-07T22:37:38.769+0000] {processor.py:175} INFO - Processing /usr/local/python/3.10.4/lib/python3.10/site-packages/airflow/example_dags/example_xcom.py took 0.104 seconds
[2023-05-07T22:38:12.955+0000] {processor.py:153} INFO - Started process (PID=16809) to work on /usr/local/python/3.10.4/lib/python3.10/site-packages/airflow/example_dags/example_xcom.py
[2023-05-07T22:38:12.956+0000] {processor.py:743} INFO - Processing file /usr/local/python/3.10.4/lib/python3.10/site-packages/airflow/example_dags/example_xcom.py for tasks to queue
[2023-05-07T22:38:12.956+0000] {logging_mixin.py:137} INFO - [2023-05-07T22:38:12.956+0000] {dagbag.py:538} INFO - Filling up the DagBag from /usr/local/python/3.10.4/lib/python3.10/site-packages/airflow/example_dags/example_xcom.py
[2023-05-07T22:38:12.980+0000] {processor.py:753} INFO - DAG(s) dict_keys(['example_xcom']) retrieved from /usr/local/python/3.10.4/lib/python3.10/site-packages/airflow/example_dags/example_xcom.py
[2023-05-07T22:38:12.997+0000] {logging_mixin.py:137} INFO - [2023-05-07T22:38:12.997+0000] {dag.py:2690} INFO - Sync 1 DAGs
[2023-05-07T22:38:13.013+0000] {logging_mixin.py:137} INFO - [2023-05-07T22:38:13.013+0000] {dag.py:3437} INFO - Setting next_dagrun for example_xcom to 2021-01-01T00:00:00+00:00, run_after=2021-01-01T00:00:00+00:00
[2023-05-07T22:38:13.062+0000] {processor.py:175} INFO - Processing /usr/local/python/3.10.4/lib/python3.10/site-packages/airflow/example_dags/example_xcom.py took 0.110 seconds
[2023-05-07T22:38:46.730+0000] {processor.py:153} INFO - Started process (PID=17042) to work on /usr/local/python/3.10.4/lib/python3.10/site-packages/airflow/example_dags/example_xcom.py
[2023-05-07T22:38:46.731+0000] {processor.py:743} INFO - Processing file /usr/local/python/3.10.4/lib/python3.10/site-packages/airflow/example_dags/example_xcom.py for tasks to queue
[2023-05-07T22:38:46.732+0000] {logging_mixin.py:137} INFO - [2023-05-07T22:38:46.732+0000] {dagbag.py:538} INFO - Filling up the DagBag from /usr/local/python/3.10.4/lib/python3.10/site-packages/airflow/example_dags/example_xcom.py
[2023-05-07T22:38:46.757+0000] {processor.py:753} INFO - DAG(s) dict_keys(['example_xcom']) retrieved from /usr/local/python/3.10.4/lib/python3.10/site-packages/airflow/example_dags/example_xcom.py
[2023-05-07T22:38:46.774+0000] {logging_mixin.py:137} INFO - [2023-05-07T22:38:46.774+0000] {dag.py:2690} INFO - Sync 1 DAGs
[2023-05-07T22:38:46.794+0000] {logging_mixin.py:137} INFO - [2023-05-07T22:38:46.793+0000] {dag.py:3437} INFO - Setting next_dagrun for example_xcom to 2021-01-01T00:00:00+00:00, run_after=2021-01-01T00:00:00+00:00
[2023-05-07T22:38:46.836+0000] {processor.py:175} INFO - Processing /usr/local/python/3.10.4/lib/python3.10/site-packages/airflow/example_dags/example_xcom.py took 0.108 seconds
[2023-05-07T22:39:18.983+0000] {processor.py:153} INFO - Started process (PID=17271) to work on /usr/local/python/3.10.4/lib/python3.10/site-packages/airflow/example_dags/example_xcom.py
[2023-05-07T22:39:18.983+0000] {processor.py:743} INFO - Processing file /usr/local/python/3.10.4/lib/python3.10/site-packages/airflow/example_dags/example_xcom.py for tasks to queue
[2023-05-07T22:39:18.984+0000] {logging_mixin.py:137} INFO - [2023-05-07T22:39:18.984+0000] {dagbag.py:538} INFO - Filling up the DagBag from /usr/local/python/3.10.4/lib/python3.10/site-packages/airflow/example_dags/example_xcom.py
[2023-05-07T22:39:19.007+0000] {processor.py:753} INFO - DAG(s) dict_keys(['example_xcom']) retrieved from /usr/local/python/3.10.4/lib/python3.10/site-packages/airflow/example_dags/example_xcom.py
[2023-05-07T22:39:19.024+0000] {logging_mixin.py:137} INFO - [2023-05-07T22:39:19.024+0000] {dag.py:2690} INFO - Sync 1 DAGs
[2023-05-07T22:39:19.041+0000] {logging_mixin.py:137} INFO - [2023-05-07T22:39:19.041+0000] {dag.py:3437} INFO - Setting next_dagrun for example_xcom to 2021-01-01T00:00:00+00:00, run_after=2021-01-01T00:00:00+00:00
[2023-05-07T22:39:19.084+0000] {processor.py:175} INFO - Processing /usr/local/python/3.10.4/lib/python3.10/site-packages/airflow/example_dags/example_xcom.py took 0.104 seconds
[2023-05-07T22:39:53.075+0000] {processor.py:153} INFO - Started process (PID=17539) to work on /usr/local/python/3.10.4/lib/python3.10/site-packages/airflow/example_dags/example_xcom.py
[2023-05-07T22:39:53.076+0000] {processor.py:743} INFO - Processing file /usr/local/python/3.10.4/lib/python3.10/site-packages/airflow/example_dags/example_xcom.py for tasks to queue
[2023-05-07T22:39:53.076+0000] {logging_mixin.py:137} INFO - [2023-05-07T22:39:53.076+0000] {dagbag.py:538} INFO - Filling up the DagBag from /usr/local/python/3.10.4/lib/python3.10/site-packages/airflow/example_dags/example_xcom.py
[2023-05-07T22:39:53.099+0000] {processor.py:753} INFO - DAG(s) dict_keys(['example_xcom']) retrieved from /usr/local/python/3.10.4/lib/python3.10/site-packages/airflow/example_dags/example_xcom.py
[2023-05-07T22:39:53.116+0000] {logging_mixin.py:137} INFO - [2023-05-07T22:39:53.116+0000] {dag.py:2690} INFO - Sync 1 DAGs
[2023-05-07T22:39:53.133+0000] {logging_mixin.py:137} INFO - [2023-05-07T22:39:53.133+0000] {dag.py:3437} INFO - Setting next_dagrun for example_xcom to 2021-01-01T00:00:00+00:00, run_after=2021-01-01T00:00:00+00:00
[2023-05-07T22:39:53.175+0000] {processor.py:175} INFO - Processing /usr/local/python/3.10.4/lib/python3.10/site-packages/airflow/example_dags/example_xcom.py took 0.103 seconds
[2023-05-07T22:40:32.593+0000] {processor.py:153} INFO - Started process (PID=17855) to work on /usr/local/python/3.10.4/lib/python3.10/site-packages/airflow/example_dags/example_xcom.py
[2023-05-07T22:40:32.593+0000] {processor.py:743} INFO - Processing file /usr/local/python/3.10.4/lib/python3.10/site-packages/airflow/example_dags/example_xcom.py for tasks to queue
[2023-05-07T22:40:32.594+0000] {logging_mixin.py:137} INFO - [2023-05-07T22:40:32.594+0000] {dagbag.py:538} INFO - Filling up the DagBag from /usr/local/python/3.10.4/lib/python3.10/site-packages/airflow/example_dags/example_xcom.py
[2023-05-07T22:40:32.617+0000] {processor.py:753} INFO - DAG(s) dict_keys(['example_xcom']) retrieved from /usr/local/python/3.10.4/lib/python3.10/site-packages/airflow/example_dags/example_xcom.py
[2023-05-07T22:40:32.635+0000] {logging_mixin.py:137} INFO - [2023-05-07T22:40:32.635+0000] {dag.py:2690} INFO - Sync 1 DAGs
[2023-05-07T22:40:32.652+0000] {logging_mixin.py:137} INFO - [2023-05-07T22:40:32.652+0000] {dag.py:3437} INFO - Setting next_dagrun for example_xcom to 2021-01-01T00:00:00+00:00, run_after=2021-01-01T00:00:00+00:00
[2023-05-07T22:40:32.692+0000] {processor.py:175} INFO - Processing /usr/local/python/3.10.4/lib/python3.10/site-packages/airflow/example_dags/example_xcom.py took 0.102 seconds
[2023-05-07T22:41:03.896+0000] {processor.py:153} INFO - Started process (PID=18075) to work on /usr/local/python/3.10.4/lib/python3.10/site-packages/airflow/example_dags/example_xcom.py
[2023-05-07T22:41:03.897+0000] {processor.py:743} INFO - Processing file /usr/local/python/3.10.4/lib/python3.10/site-packages/airflow/example_dags/example_xcom.py for tasks to queue
[2023-05-07T22:41:03.898+0000] {logging_mixin.py:137} INFO - [2023-05-07T22:41:03.897+0000] {dagbag.py:538} INFO - Filling up the DagBag from /usr/local/python/3.10.4/lib/python3.10/site-packages/airflow/example_dags/example_xcom.py
[2023-05-07T22:41:03.921+0000] {processor.py:753} INFO - DAG(s) dict_keys(['example_xcom']) retrieved from /usr/local/python/3.10.4/lib/python3.10/site-packages/airflow/example_dags/example_xcom.py
[2023-05-07T22:41:03.940+0000] {logging_mixin.py:137} INFO - [2023-05-07T22:41:03.940+0000] {dag.py:2690} INFO - Sync 1 DAGs
[2023-05-07T22:41:03.956+0000] {logging_mixin.py:137} INFO - [2023-05-07T22:41:03.956+0000] {dag.py:3437} INFO - Setting next_dagrun for example_xcom to 2021-01-01T00:00:00+00:00, run_after=2021-01-01T00:00:00+00:00
[2023-05-07T22:41:03.998+0000] {processor.py:175} INFO - Processing /usr/local/python/3.10.4/lib/python3.10/site-packages/airflow/example_dags/example_xcom.py took 0.105 seconds
[2023-05-07T22:41:42.650+0000] {processor.py:153} INFO - Started process (PID=18338) to work on /usr/local/python/3.10.4/lib/python3.10/site-packages/airflow/example_dags/example_xcom.py
[2023-05-07T22:41:42.651+0000] {processor.py:743} INFO - Processing file /usr/local/python/3.10.4/lib/python3.10/site-packages/airflow/example_dags/example_xcom.py for tasks to queue
[2023-05-07T22:41:42.651+0000] {logging_mixin.py:137} INFO - [2023-05-07T22:41:42.651+0000] {dagbag.py:538} INFO - Filling up the DagBag from /usr/local/python/3.10.4/lib/python3.10/site-packages/airflow/example_dags/example_xcom.py
[2023-05-07T22:41:42.674+0000] {processor.py:753} INFO - DAG(s) dict_keys(['example_xcom']) retrieved from /usr/local/python/3.10.4/lib/python3.10/site-packages/airflow/example_dags/example_xcom.py
[2023-05-07T22:41:42.692+0000] {logging_mixin.py:137} INFO - [2023-05-07T22:41:42.692+0000] {dag.py:2690} INFO - Sync 1 DAGs
[2023-05-07T22:41:42.709+0000] {logging_mixin.py:137} INFO - [2023-05-07T22:41:42.709+0000] {dag.py:3437} INFO - Setting next_dagrun for example_xcom to 2021-01-01T00:00:00+00:00, run_after=2021-01-01T00:00:00+00:00
[2023-05-07T22:41:42.749+0000] {processor.py:175} INFO - Processing /usr/local/python/3.10.4/lib/python3.10/site-packages/airflow/example_dags/example_xcom.py took 0.102 seconds
[2023-05-07T22:42:13.261+0000] {processor.py:153} INFO - Started process (PID=18600) to work on /usr/local/python/3.10.4/lib/python3.10/site-packages/airflow/example_dags/example_xcom.py
[2023-05-07T22:42:13.261+0000] {processor.py:743} INFO - Processing file /usr/local/python/3.10.4/lib/python3.10/site-packages/airflow/example_dags/example_xcom.py for tasks to queue
[2023-05-07T22:42:13.262+0000] {logging_mixin.py:137} INFO - [2023-05-07T22:42:13.262+0000] {dagbag.py:538} INFO - Filling up the DagBag from /usr/local/python/3.10.4/lib/python3.10/site-packages/airflow/example_dags/example_xcom.py
[2023-05-07T22:42:13.285+0000] {processor.py:753} INFO - DAG(s) dict_keys(['example_xcom']) retrieved from /usr/local/python/3.10.4/lib/python3.10/site-packages/airflow/example_dags/example_xcom.py
[2023-05-07T22:42:13.303+0000] {logging_mixin.py:137} INFO - [2023-05-07T22:42:13.303+0000] {dag.py:2690} INFO - Sync 1 DAGs
[2023-05-07T22:42:13.319+0000] {logging_mixin.py:137} INFO - [2023-05-07T22:42:13.319+0000] {dag.py:3437} INFO - Setting next_dagrun for example_xcom to 2021-01-01T00:00:00+00:00, run_after=2021-01-01T00:00:00+00:00
[2023-05-07T22:42:13.361+0000] {processor.py:175} INFO - Processing /usr/local/python/3.10.4/lib/python3.10/site-packages/airflow/example_dags/example_xcom.py took 0.103 seconds
[2023-05-07T22:42:44.950+0000] {processor.py:153} INFO - Started process (PID=18906) to work on /usr/local/python/3.10.4/lib/python3.10/site-packages/airflow/example_dags/example_xcom.py
[2023-05-07T22:42:44.951+0000] {processor.py:743} INFO - Processing file /usr/local/python/3.10.4/lib/python3.10/site-packages/airflow/example_dags/example_xcom.py for tasks to queue
[2023-05-07T22:42:44.955+0000] {logging_mixin.py:137} INFO - [2023-05-07T22:42:44.955+0000] {dagbag.py:538} INFO - Filling up the DagBag from /usr/local/python/3.10.4/lib/python3.10/site-packages/airflow/example_dags/example_xcom.py
[2023-05-07T22:42:44.982+0000] {processor.py:753} INFO - DAG(s) dict_keys(['example_xcom']) retrieved from /usr/local/python/3.10.4/lib/python3.10/site-packages/airflow/example_dags/example_xcom.py
[2023-05-07T22:42:45.000+0000] {logging_mixin.py:137} INFO - [2023-05-07T22:42:45.000+0000] {dag.py:2690} INFO - Sync 1 DAGs
[2023-05-07T22:42:45.017+0000] {logging_mixin.py:137} INFO - [2023-05-07T22:42:45.017+0000] {dag.py:3437} INFO - Setting next_dagrun for example_xcom to 2021-01-01T00:00:00+00:00, run_after=2021-01-01T00:00:00+00:00
[2023-05-07T22:42:45.057+0000] {processor.py:175} INFO - Processing /usr/local/python/3.10.4/lib/python3.10/site-packages/airflow/example_dags/example_xcom.py took 0.111 seconds
[2023-05-07T22:43:19.060+0000] {processor.py:153} INFO - Started process (PID=19227) to work on /usr/local/python/3.10.4/lib/python3.10/site-packages/airflow/example_dags/example_xcom.py
[2023-05-07T22:43:19.061+0000] {processor.py:743} INFO - Processing file /usr/local/python/3.10.4/lib/python3.10/site-packages/airflow/example_dags/example_xcom.py for tasks to queue
[2023-05-07T22:43:19.062+0000] {logging_mixin.py:137} INFO - [2023-05-07T22:43:19.062+0000] {dagbag.py:538} INFO - Filling up the DagBag from /usr/local/python/3.10.4/lib/python3.10/site-packages/airflow/example_dags/example_xcom.py
[2023-05-07T22:43:19.084+0000] {processor.py:753} INFO - DAG(s) dict_keys(['example_xcom']) retrieved from /usr/local/python/3.10.4/lib/python3.10/site-packages/airflow/example_dags/example_xcom.py
[2023-05-07T22:43:19.102+0000] {logging_mixin.py:137} INFO - [2023-05-07T22:43:19.102+0000] {dag.py:2690} INFO - Sync 1 DAGs
[2023-05-07T22:43:19.120+0000] {logging_mixin.py:137} INFO - [2023-05-07T22:43:19.120+0000] {dag.py:3437} INFO - Setting next_dagrun for example_xcom to 2021-01-01T00:00:00+00:00, run_after=2021-01-01T00:00:00+00:00
[2023-05-07T22:43:19.160+0000] {processor.py:175} INFO - Processing /usr/local/python/3.10.4/lib/python3.10/site-packages/airflow/example_dags/example_xcom.py took 0.103 seconds
[2023-05-07T22:43:50.708+0000] {processor.py:153} INFO - Started process (PID=19598) to work on /usr/local/python/3.10.4/lib/python3.10/site-packages/airflow/example_dags/example_xcom.py
[2023-05-07T22:43:50.709+0000] {processor.py:743} INFO - Processing file /usr/local/python/3.10.4/lib/python3.10/site-packages/airflow/example_dags/example_xcom.py for tasks to queue
[2023-05-07T22:43:50.710+0000] {logging_mixin.py:137} INFO - [2023-05-07T22:43:50.710+0000] {dagbag.py:538} INFO - Filling up the DagBag from /usr/local/python/3.10.4/lib/python3.10/site-packages/airflow/example_dags/example_xcom.py
[2023-05-07T22:43:50.732+0000] {processor.py:753} INFO - DAG(s) dict_keys(['example_xcom']) retrieved from /usr/local/python/3.10.4/lib/python3.10/site-packages/airflow/example_dags/example_xcom.py
[2023-05-07T22:43:50.750+0000] {logging_mixin.py:137} INFO - [2023-05-07T22:43:50.750+0000] {dag.py:2690} INFO - Sync 1 DAGs
[2023-05-07T22:43:50.768+0000] {logging_mixin.py:137} INFO - [2023-05-07T22:43:50.767+0000] {dag.py:3437} INFO - Setting next_dagrun for example_xcom to 2021-01-01T00:00:00+00:00, run_after=2021-01-01T00:00:00+00:00
[2023-05-07T22:43:50.818+0000] {processor.py:175} INFO - Processing /usr/local/python/3.10.4/lib/python3.10/site-packages/airflow/example_dags/example_xcom.py took 0.113 seconds
[2023-05-07T22:44:22.119+0000] {processor.py:153} INFO - Started process (PID=19927) to work on /usr/local/python/3.10.4/lib/python3.10/site-packages/airflow/example_dags/example_xcom.py
[2023-05-07T22:44:22.120+0000] {processor.py:743} INFO - Processing file /usr/local/python/3.10.4/lib/python3.10/site-packages/airflow/example_dags/example_xcom.py for tasks to queue
[2023-05-07T22:44:22.120+0000] {logging_mixin.py:137} INFO - [2023-05-07T22:44:22.120+0000] {dagbag.py:538} INFO - Filling up the DagBag from /usr/local/python/3.10.4/lib/python3.10/site-packages/airflow/example_dags/example_xcom.py
[2023-05-07T22:44:22.153+0000] {processor.py:753} INFO - DAG(s) dict_keys(['example_xcom']) retrieved from /usr/local/python/3.10.4/lib/python3.10/site-packages/airflow/example_dags/example_xcom.py
[2023-05-07T22:44:22.177+0000] {logging_mixin.py:137} INFO - [2023-05-07T22:44:22.177+0000] {dag.py:2690} INFO - Sync 1 DAGs
[2023-05-07T22:44:22.197+0000] {logging_mixin.py:137} INFO - [2023-05-07T22:44:22.197+0000] {dag.py:3437} INFO - Setting next_dagrun for example_xcom to 2021-01-01T00:00:00+00:00, run_after=2021-01-01T00:00:00+00:00
[2023-05-07T22:44:22.237+0000] {processor.py:175} INFO - Processing /usr/local/python/3.10.4/lib/python3.10/site-packages/airflow/example_dags/example_xcom.py took 0.121 seconds
[2023-05-07T22:44:55.110+0000] {processor.py:153} INFO - Started process (PID=20219) to work on /usr/local/python/3.10.4/lib/python3.10/site-packages/airflow/example_dags/example_xcom.py
[2023-05-07T22:44:55.111+0000] {processor.py:743} INFO - Processing file /usr/local/python/3.10.4/lib/python3.10/site-packages/airflow/example_dags/example_xcom.py for tasks to queue
[2023-05-07T22:44:55.112+0000] {logging_mixin.py:137} INFO - [2023-05-07T22:44:55.111+0000] {dagbag.py:538} INFO - Filling up the DagBag from /usr/local/python/3.10.4/lib/python3.10/site-packages/airflow/example_dags/example_xcom.py
[2023-05-07T22:44:55.138+0000] {processor.py:753} INFO - DAG(s) dict_keys(['example_xcom']) retrieved from /usr/local/python/3.10.4/lib/python3.10/site-packages/airflow/example_dags/example_xcom.py
[2023-05-07T22:44:55.161+0000] {logging_mixin.py:137} INFO - [2023-05-07T22:44:55.161+0000] {dag.py:2690} INFO - Sync 1 DAGs
[2023-05-07T22:44:55.179+0000] {logging_mixin.py:137} INFO - [2023-05-07T22:44:55.179+0000] {dag.py:3437} INFO - Setting next_dagrun for example_xcom to 2021-01-01T00:00:00+00:00, run_after=2021-01-01T00:00:00+00:00
[2023-05-07T22:44:55.218+0000] {processor.py:175} INFO - Processing /usr/local/python/3.10.4/lib/python3.10/site-packages/airflow/example_dags/example_xcom.py took 0.111 seconds
[2023-05-07T22:45:32.459+0000] {processor.py:153} INFO - Started process (PID=20580) to work on /usr/local/python/3.10.4/lib/python3.10/site-packages/airflow/example_dags/example_xcom.py
[2023-05-07T22:45:32.460+0000] {processor.py:743} INFO - Processing file /usr/local/python/3.10.4/lib/python3.10/site-packages/airflow/example_dags/example_xcom.py for tasks to queue
[2023-05-07T22:45:32.461+0000] {logging_mixin.py:137} INFO - [2023-05-07T22:45:32.461+0000] {dagbag.py:538} INFO - Filling up the DagBag from /usr/local/python/3.10.4/lib/python3.10/site-packages/airflow/example_dags/example_xcom.py
[2023-05-07T22:45:32.485+0000] {processor.py:753} INFO - DAG(s) dict_keys(['example_xcom']) retrieved from /usr/local/python/3.10.4/lib/python3.10/site-packages/airflow/example_dags/example_xcom.py
[2023-05-07T22:45:32.502+0000] {logging_mixin.py:137} INFO - [2023-05-07T22:45:32.502+0000] {dag.py:2690} INFO - Sync 1 DAGs
[2023-05-07T22:45:32.519+0000] {logging_mixin.py:137} INFO - [2023-05-07T22:45:32.519+0000] {dag.py:3437} INFO - Setting next_dagrun for example_xcom to 2021-01-01T00:00:00+00:00, run_after=2021-01-01T00:00:00+00:00
[2023-05-07T22:45:32.577+0000] {processor.py:175} INFO - Processing /usr/local/python/3.10.4/lib/python3.10/site-packages/airflow/example_dags/example_xcom.py took 0.120 seconds
[2023-05-07T22:46:14.114+0000] {processor.py:153} INFO - Started process (PID=20966) to work on /usr/local/python/3.10.4/lib/python3.10/site-packages/airflow/example_dags/example_xcom.py
[2023-05-07T22:46:14.115+0000] {processor.py:743} INFO - Processing file /usr/local/python/3.10.4/lib/python3.10/site-packages/airflow/example_dags/example_xcom.py for tasks to queue
[2023-05-07T22:46:14.115+0000] {logging_mixin.py:137} INFO - [2023-05-07T22:46:14.115+0000] {dagbag.py:538} INFO - Filling up the DagBag from /usr/local/python/3.10.4/lib/python3.10/site-packages/airflow/example_dags/example_xcom.py
[2023-05-07T22:46:14.138+0000] {processor.py:753} INFO - DAG(s) dict_keys(['example_xcom']) retrieved from /usr/local/python/3.10.4/lib/python3.10/site-packages/airflow/example_dags/example_xcom.py
[2023-05-07T22:46:14.155+0000] {logging_mixin.py:137} INFO - [2023-05-07T22:46:14.155+0000] {dag.py:2690} INFO - Sync 1 DAGs
[2023-05-07T22:46:14.172+0000] {logging_mixin.py:137} INFO - [2023-05-07T22:46:14.171+0000] {dag.py:3437} INFO - Setting next_dagrun for example_xcom to 2021-01-01T00:00:00+00:00, run_after=2021-01-01T00:00:00+00:00
[2023-05-07T22:46:14.213+0000] {processor.py:175} INFO - Processing /usr/local/python/3.10.4/lib/python3.10/site-packages/airflow/example_dags/example_xcom.py took 0.102 seconds
[2023-05-07T22:46:47.076+0000] {processor.py:153} INFO - Started process (PID=21303) to work on /usr/local/python/3.10.4/lib/python3.10/site-packages/airflow/example_dags/example_xcom.py
[2023-05-07T22:46:47.077+0000] {processor.py:743} INFO - Processing file /usr/local/python/3.10.4/lib/python3.10/site-packages/airflow/example_dags/example_xcom.py for tasks to queue
[2023-05-07T22:46:47.078+0000] {logging_mixin.py:137} INFO - [2023-05-07T22:46:47.077+0000] {dagbag.py:538} INFO - Filling up the DagBag from /usr/local/python/3.10.4/lib/python3.10/site-packages/airflow/example_dags/example_xcom.py
[2023-05-07T22:46:47.114+0000] {processor.py:753} INFO - DAG(s) dict_keys(['example_xcom']) retrieved from /usr/local/python/3.10.4/lib/python3.10/site-packages/airflow/example_dags/example_xcom.py
[2023-05-07T22:46:47.140+0000] {logging_mixin.py:137} INFO - [2023-05-07T22:46:47.140+0000] {dag.py:2690} INFO - Sync 1 DAGs
[2023-05-07T22:46:47.166+0000] {logging_mixin.py:137} INFO - [2023-05-07T22:46:47.165+0000] {dag.py:3437} INFO - Setting next_dagrun for example_xcom to 2021-01-01T00:00:00+00:00, run_after=2021-01-01T00:00:00+00:00
[2023-05-07T22:46:47.215+0000] {processor.py:175} INFO - Processing /usr/local/python/3.10.4/lib/python3.10/site-packages/airflow/example_dags/example_xcom.py took 0.143 seconds
[2023-05-07T22:47:20.824+0000] {processor.py:153} INFO - Started process (PID=21599) to work on /usr/local/python/3.10.4/lib/python3.10/site-packages/airflow/example_dags/example_xcom.py
[2023-05-07T22:47:20.825+0000] {processor.py:743} INFO - Processing file /usr/local/python/3.10.4/lib/python3.10/site-packages/airflow/example_dags/example_xcom.py for tasks to queue
[2023-05-07T22:47:20.826+0000] {logging_mixin.py:137} INFO - [2023-05-07T22:47:20.826+0000] {dagbag.py:538} INFO - Filling up the DagBag from /usr/local/python/3.10.4/lib/python3.10/site-packages/airflow/example_dags/example_xcom.py
[2023-05-07T22:47:20.851+0000] {processor.py:753} INFO - DAG(s) dict_keys(['example_xcom']) retrieved from /usr/local/python/3.10.4/lib/python3.10/site-packages/airflow/example_dags/example_xcom.py
[2023-05-07T22:47:20.873+0000] {logging_mixin.py:137} INFO - [2023-05-07T22:47:20.873+0000] {dag.py:2690} INFO - Sync 1 DAGs
[2023-05-07T22:47:20.891+0000] {logging_mixin.py:137} INFO - [2023-05-07T22:47:20.891+0000] {dag.py:3437} INFO - Setting next_dagrun for example_xcom to 2021-01-01T00:00:00+00:00, run_after=2021-01-01T00:00:00+00:00
[2023-05-07T22:47:20.931+0000] {processor.py:175} INFO - Processing /usr/local/python/3.10.4/lib/python3.10/site-packages/airflow/example_dags/example_xcom.py took 0.111 seconds
[2023-05-07T22:48:00.510+0000] {processor.py:153} INFO - Started process (PID=21865) to work on /usr/local/python/3.10.4/lib/python3.10/site-packages/airflow/example_dags/example_xcom.py
[2023-05-07T22:48:00.511+0000] {processor.py:743} INFO - Processing file /usr/local/python/3.10.4/lib/python3.10/site-packages/airflow/example_dags/example_xcom.py for tasks to queue
[2023-05-07T22:48:00.512+0000] {logging_mixin.py:137} INFO - [2023-05-07T22:48:00.512+0000] {dagbag.py:538} INFO - Filling up the DagBag from /usr/local/python/3.10.4/lib/python3.10/site-packages/airflow/example_dags/example_xcom.py
[2023-05-07T22:48:00.534+0000] {processor.py:753} INFO - DAG(s) dict_keys(['example_xcom']) retrieved from /usr/local/python/3.10.4/lib/python3.10/site-packages/airflow/example_dags/example_xcom.py
[2023-05-07T22:48:00.551+0000] {logging_mixin.py:137} INFO - [2023-05-07T22:48:00.551+0000] {dag.py:2690} INFO - Sync 1 DAGs
[2023-05-07T22:48:00.569+0000] {logging_mixin.py:137} INFO - [2023-05-07T22:48:00.569+0000] {dag.py:3437} INFO - Setting next_dagrun for example_xcom to 2021-01-01T00:00:00+00:00, run_after=2021-01-01T00:00:00+00:00
[2023-05-07T22:48:00.609+0000] {processor.py:175} INFO - Processing /usr/local/python/3.10.4/lib/python3.10/site-packages/airflow/example_dags/example_xcom.py took 0.102 seconds
[2023-05-07T22:48:34.395+0000] {processor.py:153} INFO - Started process (PID=22218) to work on /usr/local/python/3.10.4/lib/python3.10/site-packages/airflow/example_dags/example_xcom.py
[2023-05-07T22:48:34.396+0000] {processor.py:743} INFO - Processing file /usr/local/python/3.10.4/lib/python3.10/site-packages/airflow/example_dags/example_xcom.py for tasks to queue
[2023-05-07T22:48:34.396+0000] {logging_mixin.py:137} INFO - [2023-05-07T22:48:34.396+0000] {dagbag.py:538} INFO - Filling up the DagBag from /usr/local/python/3.10.4/lib/python3.10/site-packages/airflow/example_dags/example_xcom.py
[2023-05-07T22:48:34.419+0000] {processor.py:753} INFO - DAG(s) dict_keys(['example_xcom']) retrieved from /usr/local/python/3.10.4/lib/python3.10/site-packages/airflow/example_dags/example_xcom.py
[2023-05-07T22:48:34.445+0000] {logging_mixin.py:137} INFO - [2023-05-07T22:48:34.445+0000] {dag.py:2690} INFO - Sync 1 DAGs
[2023-05-07T22:48:34.471+0000] {logging_mixin.py:137} INFO - [2023-05-07T22:48:34.471+0000] {dag.py:3437} INFO - Setting next_dagrun for example_xcom to 2021-01-01T00:00:00+00:00, run_after=2021-01-01T00:00:00+00:00
[2023-05-07T22:48:34.515+0000] {processor.py:175} INFO - Processing /usr/local/python/3.10.4/lib/python3.10/site-packages/airflow/example_dags/example_xcom.py took 0.122 seconds
[2023-05-07T22:49:07.106+0000] {processor.py:153} INFO - Started process (PID=22587) to work on /usr/local/python/3.10.4/lib/python3.10/site-packages/airflow/example_dags/example_xcom.py
[2023-05-07T22:49:07.107+0000] {processor.py:743} INFO - Processing file /usr/local/python/3.10.4/lib/python3.10/site-packages/airflow/example_dags/example_xcom.py for tasks to queue
[2023-05-07T22:49:07.107+0000] {logging_mixin.py:137} INFO - [2023-05-07T22:49:07.107+0000] {dagbag.py:538} INFO - Filling up the DagBag from /usr/local/python/3.10.4/lib/python3.10/site-packages/airflow/example_dags/example_xcom.py
[2023-05-07T22:49:07.130+0000] {processor.py:753} INFO - DAG(s) dict_keys(['example_xcom']) retrieved from /usr/local/python/3.10.4/lib/python3.10/site-packages/airflow/example_dags/example_xcom.py
[2023-05-07T22:49:07.147+0000] {logging_mixin.py:137} INFO - [2023-05-07T22:49:07.146+0000] {dag.py:2690} INFO - Sync 1 DAGs
[2023-05-07T22:49:07.163+0000] {logging_mixin.py:137} INFO - [2023-05-07T22:49:07.163+0000] {dag.py:3437} INFO - Setting next_dagrun for example_xcom to 2021-01-01T00:00:00+00:00, run_after=2021-01-01T00:00:00+00:00
[2023-05-07T22:49:07.202+0000] {processor.py:175} INFO - Processing /usr/local/python/3.10.4/lib/python3.10/site-packages/airflow/example_dags/example_xcom.py took 0.099 seconds
[2023-05-07T22:49:41.269+0000] {processor.py:153} INFO - Started process (PID=22904) to work on /usr/local/python/3.10.4/lib/python3.10/site-packages/airflow/example_dags/example_xcom.py
[2023-05-07T22:49:41.270+0000] {processor.py:743} INFO - Processing file /usr/local/python/3.10.4/lib/python3.10/site-packages/airflow/example_dags/example_xcom.py for tasks to queue
[2023-05-07T22:49:41.271+0000] {logging_mixin.py:137} INFO - [2023-05-07T22:49:41.271+0000] {dagbag.py:538} INFO - Filling up the DagBag from /usr/local/python/3.10.4/lib/python3.10/site-packages/airflow/example_dags/example_xcom.py
[2023-05-07T22:49:41.297+0000] {processor.py:753} INFO - DAG(s) dict_keys(['example_xcom']) retrieved from /usr/local/python/3.10.4/lib/python3.10/site-packages/airflow/example_dags/example_xcom.py
[2023-05-07T22:49:41.314+0000] {logging_mixin.py:137} INFO - [2023-05-07T22:49:41.314+0000] {dag.py:2690} INFO - Sync 1 DAGs
[2023-05-07T22:49:41.330+0000] {logging_mixin.py:137} INFO - [2023-05-07T22:49:41.330+0000] {dag.py:3437} INFO - Setting next_dagrun for example_xcom to 2021-01-01T00:00:00+00:00, run_after=2021-01-01T00:00:00+00:00
[2023-05-07T22:49:41.370+0000] {processor.py:175} INFO - Processing /usr/local/python/3.10.4/lib/python3.10/site-packages/airflow/example_dags/example_xcom.py took 0.109 seconds
[2023-05-07T22:50:21.544+0000] {processor.py:153} INFO - Started process (PID=23206) to work on /usr/local/python/3.10.4/lib/python3.10/site-packages/airflow/example_dags/example_xcom.py
[2023-05-07T22:50:21.545+0000] {processor.py:743} INFO - Processing file /usr/local/python/3.10.4/lib/python3.10/site-packages/airflow/example_dags/example_xcom.py for tasks to queue
[2023-05-07T22:50:21.545+0000] {logging_mixin.py:137} INFO - [2023-05-07T22:50:21.545+0000] {dagbag.py:538} INFO - Filling up the DagBag from /usr/local/python/3.10.4/lib/python3.10/site-packages/airflow/example_dags/example_xcom.py
[2023-05-07T22:50:21.568+0000] {processor.py:753} INFO - DAG(s) dict_keys(['example_xcom']) retrieved from /usr/local/python/3.10.4/lib/python3.10/site-packages/airflow/example_dags/example_xcom.py
[2023-05-07T22:50:21.586+0000] {logging_mixin.py:137} INFO - [2023-05-07T22:50:21.586+0000] {dag.py:2690} INFO - Sync 1 DAGs
[2023-05-07T22:50:21.602+0000] {logging_mixin.py:137} INFO - [2023-05-07T22:50:21.602+0000] {dag.py:3437} INFO - Setting next_dagrun for example_xcom to 2021-01-01T00:00:00+00:00, run_after=2021-01-01T00:00:00+00:00
[2023-05-07T22:50:21.649+0000] {processor.py:175} INFO - Processing /usr/local/python/3.10.4/lib/python3.10/site-packages/airflow/example_dags/example_xcom.py took 0.108 seconds
[2023-05-07T22:50:54.324+0000] {processor.py:153} INFO - Started process (PID=23465) to work on /usr/local/python/3.10.4/lib/python3.10/site-packages/airflow/example_dags/example_xcom.py
[2023-05-07T22:50:54.325+0000] {processor.py:743} INFO - Processing file /usr/local/python/3.10.4/lib/python3.10/site-packages/airflow/example_dags/example_xcom.py for tasks to queue
[2023-05-07T22:50:54.326+0000] {logging_mixin.py:137} INFO - [2023-05-07T22:50:54.326+0000] {dagbag.py:538} INFO - Filling up the DagBag from /usr/local/python/3.10.4/lib/python3.10/site-packages/airflow/example_dags/example_xcom.py
[2023-05-07T22:50:54.349+0000] {processor.py:753} INFO - DAG(s) dict_keys(['example_xcom']) retrieved from /usr/local/python/3.10.4/lib/python3.10/site-packages/airflow/example_dags/example_xcom.py
[2023-05-07T22:50:54.367+0000] {logging_mixin.py:137} INFO - [2023-05-07T22:50:54.366+0000] {dag.py:2690} INFO - Sync 1 DAGs
[2023-05-07T22:50:54.383+0000] {logging_mixin.py:137} INFO - [2023-05-07T22:50:54.383+0000] {dag.py:3437} INFO - Setting next_dagrun for example_xcom to 2021-01-01T00:00:00+00:00, run_after=2021-01-01T00:00:00+00:00
[2023-05-07T22:50:54.425+0000] {processor.py:175} INFO - Processing /usr/local/python/3.10.4/lib/python3.10/site-packages/airflow/example_dags/example_xcom.py took 0.104 seconds
[2023-05-07T22:51:28.201+0000] {processor.py:153} INFO - Started process (PID=23783) to work on /usr/local/python/3.10.4/lib/python3.10/site-packages/airflow/example_dags/example_xcom.py
[2023-05-07T22:51:28.202+0000] {processor.py:743} INFO - Processing file /usr/local/python/3.10.4/lib/python3.10/site-packages/airflow/example_dags/example_xcom.py for tasks to queue
[2023-05-07T22:51:28.202+0000] {logging_mixin.py:137} INFO - [2023-05-07T22:51:28.202+0000] {dagbag.py:538} INFO - Filling up the DagBag from /usr/local/python/3.10.4/lib/python3.10/site-packages/airflow/example_dags/example_xcom.py
[2023-05-07T22:51:28.225+0000] {processor.py:753} INFO - DAG(s) dict_keys(['example_xcom']) retrieved from /usr/local/python/3.10.4/lib/python3.10/site-packages/airflow/example_dags/example_xcom.py
[2023-05-07T22:51:28.243+0000] {logging_mixin.py:137} INFO - [2023-05-07T22:51:28.243+0000] {dag.py:2690} INFO - Sync 1 DAGs
[2023-05-07T22:51:28.261+0000] {logging_mixin.py:137} INFO - [2023-05-07T22:51:28.261+0000] {dag.py:3437} INFO - Setting next_dagrun for example_xcom to 2021-01-01T00:00:00+00:00, run_after=2021-01-01T00:00:00+00:00
[2023-05-07T22:51:28.302+0000] {processor.py:175} INFO - Processing /usr/local/python/3.10.4/lib/python3.10/site-packages/airflow/example_dags/example_xcom.py took 0.104 seconds
[2023-05-07T22:51:58.538+0000] {processor.py:153} INFO - Started process (PID=23950) to work on /usr/local/python/3.10.4/lib/python3.10/site-packages/airflow/example_dags/example_xcom.py
[2023-05-07T22:51:58.539+0000] {processor.py:743} INFO - Processing file /usr/local/python/3.10.4/lib/python3.10/site-packages/airflow/example_dags/example_xcom.py for tasks to queue
[2023-05-07T22:51:58.539+0000] {logging_mixin.py:137} INFO - [2023-05-07T22:51:58.539+0000] {dagbag.py:538} INFO - Filling up the DagBag from /usr/local/python/3.10.4/lib/python3.10/site-packages/airflow/example_dags/example_xcom.py
[2023-05-07T22:51:58.562+0000] {processor.py:753} INFO - DAG(s) dict_keys(['example_xcom']) retrieved from /usr/local/python/3.10.4/lib/python3.10/site-packages/airflow/example_dags/example_xcom.py
[2023-05-07T22:51:58.580+0000] {logging_mixin.py:137} INFO - [2023-05-07T22:51:58.580+0000] {dag.py:2690} INFO - Sync 1 DAGs
[2023-05-07T22:51:58.598+0000] {logging_mixin.py:137} INFO - [2023-05-07T22:51:58.598+0000] {dag.py:3437} INFO - Setting next_dagrun for example_xcom to 2021-01-01T00:00:00+00:00, run_after=2021-01-01T00:00:00+00:00
[2023-05-07T22:51:58.638+0000] {processor.py:175} INFO - Processing /usr/local/python/3.10.4/lib/python3.10/site-packages/airflow/example_dags/example_xcom.py took 0.103 seconds
[2023-05-07T22:52:30.701+0000] {processor.py:153} INFO - Started process (PID=24063) to work on /usr/local/python/3.10.4/lib/python3.10/site-packages/airflow/example_dags/example_xcom.py
[2023-05-07T22:52:30.702+0000] {processor.py:743} INFO - Processing file /usr/local/python/3.10.4/lib/python3.10/site-packages/airflow/example_dags/example_xcom.py for tasks to queue
[2023-05-07T22:52:30.703+0000] {logging_mixin.py:137} INFO - [2023-05-07T22:52:30.702+0000] {dagbag.py:538} INFO - Filling up the DagBag from /usr/local/python/3.10.4/lib/python3.10/site-packages/airflow/example_dags/example_xcom.py
[2023-05-07T22:52:30.725+0000] {processor.py:753} INFO - DAG(s) dict_keys(['example_xcom']) retrieved from /usr/local/python/3.10.4/lib/python3.10/site-packages/airflow/example_dags/example_xcom.py
[2023-05-07T22:52:30.743+0000] {logging_mixin.py:137} INFO - [2023-05-07T22:52:30.743+0000] {dag.py:2690} INFO - Sync 1 DAGs
[2023-05-07T22:52:30.760+0000] {logging_mixin.py:137} INFO - [2023-05-07T22:52:30.760+0000] {dag.py:3437} INFO - Setting next_dagrun for example_xcom to 2021-01-01T00:00:00+00:00, run_after=2021-01-01T00:00:00+00:00
[2023-05-07T22:52:30.800+0000] {processor.py:175} INFO - Processing /usr/local/python/3.10.4/lib/python3.10/site-packages/airflow/example_dags/example_xcom.py took 0.102 seconds
[2023-05-07T22:53:03.375+0000] {processor.py:153} INFO - Started process (PID=24705) to work on /usr/local/python/3.10.4/lib/python3.10/site-packages/airflow/example_dags/example_xcom.py
[2023-05-07T22:53:03.376+0000] {processor.py:743} INFO - Processing file /usr/local/python/3.10.4/lib/python3.10/site-packages/airflow/example_dags/example_xcom.py for tasks to queue
[2023-05-07T22:53:03.377+0000] {logging_mixin.py:137} INFO - [2023-05-07T22:53:03.377+0000] {dagbag.py:538} INFO - Filling up the DagBag from /usr/local/python/3.10.4/lib/python3.10/site-packages/airflow/example_dags/example_xcom.py
[2023-05-07T22:53:03.410+0000] {processor.py:753} INFO - DAG(s) dict_keys(['example_xcom']) retrieved from /usr/local/python/3.10.4/lib/python3.10/site-packages/airflow/example_dags/example_xcom.py
[2023-05-07T22:53:03.437+0000] {logging_mixin.py:137} INFO - [2023-05-07T22:53:03.437+0000] {dag.py:2690} INFO - Sync 1 DAGs
[2023-05-07T22:53:03.464+0000] {logging_mixin.py:137} INFO - [2023-05-07T22:53:03.464+0000] {dag.py:3437} INFO - Setting next_dagrun for example_xcom to 2021-01-01T00:00:00+00:00, run_after=2021-01-01T00:00:00+00:00
[2023-05-07T22:53:03.513+0000] {processor.py:175} INFO - Processing /usr/local/python/3.10.4/lib/python3.10/site-packages/airflow/example_dags/example_xcom.py took 0.142 seconds
[2023-05-07T22:53:36.320+0000] {processor.py:153} INFO - Started process (PID=25214) to work on /usr/local/python/3.10.4/lib/python3.10/site-packages/airflow/example_dags/example_xcom.py
[2023-05-07T22:53:36.321+0000] {processor.py:743} INFO - Processing file /usr/local/python/3.10.4/lib/python3.10/site-packages/airflow/example_dags/example_xcom.py for tasks to queue
[2023-05-07T22:53:36.322+0000] {logging_mixin.py:137} INFO - [2023-05-07T22:53:36.322+0000] {dagbag.py:538} INFO - Filling up the DagBag from /usr/local/python/3.10.4/lib/python3.10/site-packages/airflow/example_dags/example_xcom.py
[2023-05-07T22:53:36.346+0000] {processor.py:753} INFO - DAG(s) dict_keys(['example_xcom']) retrieved from /usr/local/python/3.10.4/lib/python3.10/site-packages/airflow/example_dags/example_xcom.py
[2023-05-07T22:53:36.365+0000] {logging_mixin.py:137} INFO - [2023-05-07T22:53:36.365+0000] {dag.py:2690} INFO - Sync 1 DAGs
[2023-05-07T22:53:36.382+0000] {logging_mixin.py:137} INFO - [2023-05-07T22:53:36.382+0000] {dag.py:3437} INFO - Setting next_dagrun for example_xcom to 2021-01-01T00:00:00+00:00, run_after=2021-01-01T00:00:00+00:00
[2023-05-07T22:53:36.422+0000] {processor.py:175} INFO - Processing /usr/local/python/3.10.4/lib/python3.10/site-packages/airflow/example_dags/example_xcom.py took 0.105 seconds
[2023-05-07T22:54:09.463+0000] {processor.py:153} INFO - Started process (PID=25534) to work on /usr/local/python/3.10.4/lib/python3.10/site-packages/airflow/example_dags/example_xcom.py
[2023-05-07T22:54:09.464+0000] {processor.py:743} INFO - Processing file /usr/local/python/3.10.4/lib/python3.10/site-packages/airflow/example_dags/example_xcom.py for tasks to queue
[2023-05-07T22:54:09.465+0000] {logging_mixin.py:137} INFO - [2023-05-07T22:54:09.464+0000] {dagbag.py:538} INFO - Filling up the DagBag from /usr/local/python/3.10.4/lib/python3.10/site-packages/airflow/example_dags/example_xcom.py
[2023-05-07T22:54:09.499+0000] {processor.py:753} INFO - DAG(s) dict_keys(['example_xcom']) retrieved from /usr/local/python/3.10.4/lib/python3.10/site-packages/airflow/example_dags/example_xcom.py
[2023-05-07T22:54:09.524+0000] {logging_mixin.py:137} INFO - [2023-05-07T22:54:09.524+0000] {dag.py:2690} INFO - Sync 1 DAGs
[2023-05-07T22:54:09.548+0000] {logging_mixin.py:137} INFO - [2023-05-07T22:54:09.548+0000] {dag.py:3437} INFO - Setting next_dagrun for example_xcom to 2021-01-01T00:00:00+00:00, run_after=2021-01-01T00:00:00+00:00
[2023-05-07T22:54:09.593+0000] {processor.py:175} INFO - Processing /usr/local/python/3.10.4/lib/python3.10/site-packages/airflow/example_dags/example_xcom.py took 0.133 seconds
[2023-05-07T22:54:42.324+0000] {processor.py:153} INFO - Started process (PID=25782) to work on /usr/local/python/3.10.4/lib/python3.10/site-packages/airflow/example_dags/example_xcom.py
[2023-05-07T22:54:42.325+0000] {processor.py:743} INFO - Processing file /usr/local/python/3.10.4/lib/python3.10/site-packages/airflow/example_dags/example_xcom.py for tasks to queue
[2023-05-07T22:54:42.327+0000] {logging_mixin.py:137} INFO - [2023-05-07T22:54:42.326+0000] {dagbag.py:538} INFO - Filling up the DagBag from /usr/local/python/3.10.4/lib/python3.10/site-packages/airflow/example_dags/example_xcom.py
[2023-05-07T22:54:42.361+0000] {processor.py:753} INFO - DAG(s) dict_keys(['example_xcom']) retrieved from /usr/local/python/3.10.4/lib/python3.10/site-packages/airflow/example_dags/example_xcom.py
[2023-05-07T22:54:42.383+0000] {logging_mixin.py:137} INFO - [2023-05-07T22:54:42.383+0000] {dag.py:2690} INFO - Sync 1 DAGs
[2023-05-07T22:54:42.400+0000] {logging_mixin.py:137} INFO - [2023-05-07T22:54:42.399+0000] {dag.py:3437} INFO - Setting next_dagrun for example_xcom to 2021-01-01T00:00:00+00:00, run_after=2021-01-01T00:00:00+00:00
[2023-05-07T22:54:42.440+0000] {processor.py:175} INFO - Processing /usr/local/python/3.10.4/lib/python3.10/site-packages/airflow/example_dags/example_xcom.py took 0.119 seconds
[2023-05-07T22:55:22.036+0000] {processor.py:153} INFO - Started process (PID=26065) to work on /usr/local/python/3.10.4/lib/python3.10/site-packages/airflow/example_dags/example_xcom.py
[2023-05-07T22:55:22.037+0000] {processor.py:743} INFO - Processing file /usr/local/python/3.10.4/lib/python3.10/site-packages/airflow/example_dags/example_xcom.py for tasks to queue
[2023-05-07T22:55:22.040+0000] {logging_mixin.py:137} INFO - [2023-05-07T22:55:22.039+0000] {dagbag.py:538} INFO - Filling up the DagBag from /usr/local/python/3.10.4/lib/python3.10/site-packages/airflow/example_dags/example_xcom.py
[2023-05-07T22:55:22.063+0000] {processor.py:753} INFO - DAG(s) dict_keys(['example_xcom']) retrieved from /usr/local/python/3.10.4/lib/python3.10/site-packages/airflow/example_dags/example_xcom.py
[2023-05-07T22:55:22.080+0000] {logging_mixin.py:137} INFO - [2023-05-07T22:55:22.080+0000] {dag.py:2690} INFO - Sync 1 DAGs
[2023-05-07T22:55:22.097+0000] {logging_mixin.py:137} INFO - [2023-05-07T22:55:22.097+0000] {dag.py:3437} INFO - Setting next_dagrun for example_xcom to 2021-01-01T00:00:00+00:00, run_after=2021-01-01T00:00:00+00:00
[2023-05-07T22:55:22.137+0000] {processor.py:175} INFO - Processing /usr/local/python/3.10.4/lib/python3.10/site-packages/airflow/example_dags/example_xcom.py took 0.104 seconds
[2023-05-07T22:55:53.441+0000] {processor.py:153} INFO - Started process (PID=26286) to work on /usr/local/python/3.10.4/lib/python3.10/site-packages/airflow/example_dags/example_xcom.py
[2023-05-07T22:55:53.442+0000] {processor.py:743} INFO - Processing file /usr/local/python/3.10.4/lib/python3.10/site-packages/airflow/example_dags/example_xcom.py for tasks to queue
[2023-05-07T22:55:53.443+0000] {logging_mixin.py:137} INFO - [2023-05-07T22:55:53.443+0000] {dagbag.py:538} INFO - Filling up the DagBag from /usr/local/python/3.10.4/lib/python3.10/site-packages/airflow/example_dags/example_xcom.py
[2023-05-07T22:55:53.467+0000] {processor.py:753} INFO - DAG(s) dict_keys(['example_xcom']) retrieved from /usr/local/python/3.10.4/lib/python3.10/site-packages/airflow/example_dags/example_xcom.py
[2023-05-07T22:55:53.485+0000] {logging_mixin.py:137} INFO - [2023-05-07T22:55:53.485+0000] {dag.py:2690} INFO - Sync 1 DAGs
[2023-05-07T22:55:53.503+0000] {logging_mixin.py:137} INFO - [2023-05-07T22:55:53.503+0000] {dag.py:3437} INFO - Setting next_dagrun for example_xcom to 2021-01-01T00:00:00+00:00, run_after=2021-01-01T00:00:00+00:00
[2023-05-07T22:55:53.544+0000] {processor.py:175} INFO - Processing /usr/local/python/3.10.4/lib/python3.10/site-packages/airflow/example_dags/example_xcom.py took 0.107 seconds
[2023-05-07T22:56:26.063+0000] {processor.py:153} INFO - Started process (PID=26514) to work on /usr/local/python/3.10.4/lib/python3.10/site-packages/airflow/example_dags/example_xcom.py
[2023-05-07T22:56:26.064+0000] {processor.py:743} INFO - Processing file /usr/local/python/3.10.4/lib/python3.10/site-packages/airflow/example_dags/example_xcom.py for tasks to queue
[2023-05-07T22:56:26.065+0000] {logging_mixin.py:137} INFO - [2023-05-07T22:56:26.065+0000] {dagbag.py:538} INFO - Filling up the DagBag from /usr/local/python/3.10.4/lib/python3.10/site-packages/airflow/example_dags/example_xcom.py
[2023-05-07T22:56:26.088+0000] {processor.py:753} INFO - DAG(s) dict_keys(['example_xcom']) retrieved from /usr/local/python/3.10.4/lib/python3.10/site-packages/airflow/example_dags/example_xcom.py
[2023-05-07T22:56:26.106+0000] {logging_mixin.py:137} INFO - [2023-05-07T22:56:26.105+0000] {dag.py:2690} INFO - Sync 1 DAGs
[2023-05-07T22:56:26.125+0000] {logging_mixin.py:137} INFO - [2023-05-07T22:56:26.125+0000] {dag.py:3437} INFO - Setting next_dagrun for example_xcom to 2021-01-01T00:00:00+00:00, run_after=2021-01-01T00:00:00+00:00
[2023-05-07T22:56:26.172+0000] {processor.py:175} INFO - Processing /usr/local/python/3.10.4/lib/python3.10/site-packages/airflow/example_dags/example_xcom.py took 0.112 seconds
[2023-05-07T22:56:57.776+0000] {processor.py:153} INFO - Started process (PID=26728) to work on /usr/local/python/3.10.4/lib/python3.10/site-packages/airflow/example_dags/example_xcom.py
[2023-05-07T22:56:57.777+0000] {processor.py:743} INFO - Processing file /usr/local/python/3.10.4/lib/python3.10/site-packages/airflow/example_dags/example_xcom.py for tasks to queue
[2023-05-07T22:56:57.777+0000] {logging_mixin.py:137} INFO - [2023-05-07T22:56:57.777+0000] {dagbag.py:538} INFO - Filling up the DagBag from /usr/local/python/3.10.4/lib/python3.10/site-packages/airflow/example_dags/example_xcom.py
[2023-05-07T22:56:57.800+0000] {processor.py:753} INFO - DAG(s) dict_keys(['example_xcom']) retrieved from /usr/local/python/3.10.4/lib/python3.10/site-packages/airflow/example_dags/example_xcom.py
[2023-05-07T22:56:57.820+0000] {logging_mixin.py:137} INFO - [2023-05-07T22:56:57.819+0000] {dag.py:2690} INFO - Sync 1 DAGs
[2023-05-07T22:56:57.837+0000] {logging_mixin.py:137} INFO - [2023-05-07T22:56:57.837+0000] {dag.py:3437} INFO - Setting next_dagrun for example_xcom to 2021-01-01T00:00:00+00:00, run_after=2021-01-01T00:00:00+00:00
[2023-05-07T22:56:57.877+0000] {processor.py:175} INFO - Processing /usr/local/python/3.10.4/lib/python3.10/site-packages/airflow/example_dags/example_xcom.py took 0.104 seconds
[2023-05-07T22:57:28.248+0000] {processor.py:153} INFO - Started process (PID=26940) to work on /usr/local/python/3.10.4/lib/python3.10/site-packages/airflow/example_dags/example_xcom.py
[2023-05-07T22:57:28.249+0000] {processor.py:743} INFO - Processing file /usr/local/python/3.10.4/lib/python3.10/site-packages/airflow/example_dags/example_xcom.py for tasks to queue
[2023-05-07T22:57:28.249+0000] {logging_mixin.py:137} INFO - [2023-05-07T22:57:28.249+0000] {dagbag.py:538} INFO - Filling up the DagBag from /usr/local/python/3.10.4/lib/python3.10/site-packages/airflow/example_dags/example_xcom.py
[2023-05-07T22:57:28.272+0000] {processor.py:753} INFO - DAG(s) dict_keys(['example_xcom']) retrieved from /usr/local/python/3.10.4/lib/python3.10/site-packages/airflow/example_dags/example_xcom.py
[2023-05-07T22:57:28.290+0000] {logging_mixin.py:137} INFO - [2023-05-07T22:57:28.290+0000] {dag.py:2690} INFO - Sync 1 DAGs
[2023-05-07T22:57:28.306+0000] {logging_mixin.py:137} INFO - [2023-05-07T22:57:28.306+0000] {dag.py:3437} INFO - Setting next_dagrun for example_xcom to 2021-01-01T00:00:00+00:00, run_after=2021-01-01T00:00:00+00:00
[2023-05-07T22:57:28.346+0000] {processor.py:175} INFO - Processing /usr/local/python/3.10.4/lib/python3.10/site-packages/airflow/example_dags/example_xcom.py took 0.101 seconds
[2023-05-07T22:58:00.203+0000] {processor.py:153} INFO - Started process (PID=27190) to work on /usr/local/python/3.10.4/lib/python3.10/site-packages/airflow/example_dags/example_xcom.py
[2023-05-07T22:58:00.203+0000] {processor.py:743} INFO - Processing file /usr/local/python/3.10.4/lib/python3.10/site-packages/airflow/example_dags/example_xcom.py for tasks to queue
[2023-05-07T22:58:00.204+0000] {logging_mixin.py:137} INFO - [2023-05-07T22:58:00.204+0000] {dagbag.py:538} INFO - Filling up the DagBag from /usr/local/python/3.10.4/lib/python3.10/site-packages/airflow/example_dags/example_xcom.py
[2023-05-07T22:58:00.227+0000] {processor.py:753} INFO - DAG(s) dict_keys(['example_xcom']) retrieved from /usr/local/python/3.10.4/lib/python3.10/site-packages/airflow/example_dags/example_xcom.py
[2023-05-07T22:58:00.245+0000] {logging_mixin.py:137} INFO - [2023-05-07T22:58:00.245+0000] {dag.py:2690} INFO - Sync 1 DAGs
[2023-05-07T22:58:00.262+0000] {logging_mixin.py:137} INFO - [2023-05-07T22:58:00.261+0000] {dag.py:3437} INFO - Setting next_dagrun for example_xcom to 2021-01-01T00:00:00+00:00, run_after=2021-01-01T00:00:00+00:00
[2023-05-07T22:58:00.302+0000] {processor.py:175} INFO - Processing /usr/local/python/3.10.4/lib/python3.10/site-packages/airflow/example_dags/example_xcom.py took 0.102 seconds
