[2023-05-07T22:22:23.553+0000] {processor.py:153} INFO - Started process (PID=9917) to work on /usr/local/python/3.10.4/lib/python3.10/site-packages/airflow/example_dags/example_dynamic_task_mapping.py
[2023-05-07T22:22:23.553+0000] {processor.py:743} INFO - Processing file /usr/local/python/3.10.4/lib/python3.10/site-packages/airflow/example_dags/example_dynamic_task_mapping.py for tasks to queue
[2023-05-07T22:22:23.554+0000] {logging_mixin.py:137} INFO - [2023-05-07T22:22:23.554+0000] {dagbag.py:538} INFO - Filling up the DagBag from /usr/local/python/3.10.4/lib/python3.10/site-packages/airflow/example_dags/example_dynamic_task_mapping.py
[2023-05-07T22:22:23.575+0000] {processor.py:753} INFO - DAG(s) dict_keys(['example_dynamic_task_mapping']) retrieved from /usr/local/python/3.10.4/lib/python3.10/site-packages/airflow/example_dags/example_dynamic_task_mapping.py
[2023-05-07T22:22:23.718+0000] {logging_mixin.py:137} INFO - [2023-05-07T22:22:23.718+0000] {manager.py:504} INFO - Created Permission View: can edit on DAG:example_dynamic_task_mapping
[2023-05-07T22:22:23.753+0000] {logging_mixin.py:137} INFO - [2023-05-07T22:22:23.753+0000] {manager.py:504} INFO - Created Permission View: can delete on DAG:example_dynamic_task_mapping
[2023-05-07T22:22:23.784+0000] {logging_mixin.py:137} INFO - [2023-05-07T22:22:23.784+0000] {manager.py:504} INFO - Created Permission View: can read on DAG:example_dynamic_task_mapping
[2023-05-07T22:22:23.784+0000] {logging_mixin.py:137} INFO - [2023-05-07T22:22:23.784+0000] {dag.py:2690} INFO - Sync 1 DAGs
[2023-05-07T22:22:23.793+0000] {logging_mixin.py:137} INFO - [2023-05-07T22:22:23.793+0000] {dag.py:2711} INFO - Creating ORM DAG for example_dynamic_task_mapping
[2023-05-07T22:22:23.801+0000] {logging_mixin.py:137} INFO - [2023-05-07T22:22:23.800+0000] {dag.py:3437} INFO - Setting next_dagrun for example_dynamic_task_mapping to 2022-03-04T00:00:00+00:00, run_after=2022-03-05T00:00:00+00:00
[2023-05-07T22:22:23.842+0000] {processor.py:175} INFO - Processing /usr/local/python/3.10.4/lib/python3.10/site-packages/airflow/example_dags/example_dynamic_task_mapping.py took 0.293 seconds
[2023-05-07T22:23:07.858+0000] {processor.py:153} INFO - Started process (PID=10240) to work on /usr/local/python/3.10.4/lib/python3.10/site-packages/airflow/example_dags/example_dynamic_task_mapping.py
[2023-05-07T22:23:07.859+0000] {processor.py:743} INFO - Processing file /usr/local/python/3.10.4/lib/python3.10/site-packages/airflow/example_dags/example_dynamic_task_mapping.py for tasks to queue
[2023-05-07T22:23:07.860+0000] {logging_mixin.py:137} INFO - [2023-05-07T22:23:07.859+0000] {dagbag.py:538} INFO - Filling up the DagBag from /usr/local/python/3.10.4/lib/python3.10/site-packages/airflow/example_dags/example_dynamic_task_mapping.py
[2023-05-07T22:23:07.882+0000] {processor.py:753} INFO - DAG(s) dict_keys(['example_dynamic_task_mapping']) retrieved from /usr/local/python/3.10.4/lib/python3.10/site-packages/airflow/example_dags/example_dynamic_task_mapping.py
[2023-05-07T22:23:07.897+0000] {logging_mixin.py:137} INFO - [2023-05-07T22:23:07.897+0000] {dag.py:2690} INFO - Sync 1 DAGs
[2023-05-07T22:23:07.914+0000] {logging_mixin.py:137} INFO - [2023-05-07T22:23:07.914+0000] {dag.py:3437} INFO - Setting next_dagrun for example_dynamic_task_mapping to 2022-03-04T00:00:00+00:00, run_after=2022-03-05T00:00:00+00:00
[2023-05-07T22:23:07.956+0000] {processor.py:175} INFO - Processing /usr/local/python/3.10.4/lib/python3.10/site-packages/airflow/example_dags/example_dynamic_task_mapping.py took 0.101 seconds
[2023-05-07T22:23:48.580+0000] {processor.py:153} INFO - Started process (PID=10640) to work on /usr/local/python/3.10.4/lib/python3.10/site-packages/airflow/example_dags/example_dynamic_task_mapping.py
[2023-05-07T22:23:48.580+0000] {processor.py:743} INFO - Processing file /usr/local/python/3.10.4/lib/python3.10/site-packages/airflow/example_dags/example_dynamic_task_mapping.py for tasks to queue
[2023-05-07T22:23:48.581+0000] {logging_mixin.py:137} INFO - [2023-05-07T22:23:48.581+0000] {dagbag.py:538} INFO - Filling up the DagBag from /usr/local/python/3.10.4/lib/python3.10/site-packages/airflow/example_dags/example_dynamic_task_mapping.py
[2023-05-07T22:23:48.608+0000] {processor.py:753} INFO - DAG(s) dict_keys(['example_dynamic_task_mapping']) retrieved from /usr/local/python/3.10.4/lib/python3.10/site-packages/airflow/example_dags/example_dynamic_task_mapping.py
[2023-05-07T22:23:48.626+0000] {logging_mixin.py:137} INFO - [2023-05-07T22:23:48.626+0000] {dag.py:2690} INFO - Sync 1 DAGs
[2023-05-07T22:23:48.643+0000] {logging_mixin.py:137} INFO - [2023-05-07T22:23:48.643+0000] {dag.py:3437} INFO - Setting next_dagrun for example_dynamic_task_mapping to 2022-03-04T00:00:00+00:00, run_after=2022-03-05T00:00:00+00:00
[2023-05-07T22:23:48.685+0000] {processor.py:175} INFO - Processing /usr/local/python/3.10.4/lib/python3.10/site-packages/airflow/example_dags/example_dynamic_task_mapping.py took 0.108 seconds
[2023-05-07T22:24:30.584+0000] {processor.py:153} INFO - Started process (PID=10989) to work on /usr/local/python/3.10.4/lib/python3.10/site-packages/airflow/example_dags/example_dynamic_task_mapping.py
[2023-05-07T22:24:30.586+0000] {processor.py:743} INFO - Processing file /usr/local/python/3.10.4/lib/python3.10/site-packages/airflow/example_dags/example_dynamic_task_mapping.py for tasks to queue
[2023-05-07T22:24:30.587+0000] {logging_mixin.py:137} INFO - [2023-05-07T22:24:30.587+0000] {dagbag.py:538} INFO - Filling up the DagBag from /usr/local/python/3.10.4/lib/python3.10/site-packages/airflow/example_dags/example_dynamic_task_mapping.py
[2023-05-07T22:24:30.659+0000] {processor.py:753} INFO - DAG(s) dict_keys(['example_dynamic_task_mapping']) retrieved from /usr/local/python/3.10.4/lib/python3.10/site-packages/airflow/example_dags/example_dynamic_task_mapping.py
[2023-05-07T22:24:30.693+0000] {logging_mixin.py:137} INFO - [2023-05-07T22:24:30.692+0000] {dag.py:2690} INFO - Sync 1 DAGs
[2023-05-07T22:24:30.714+0000] {logging_mixin.py:137} INFO - [2023-05-07T22:24:30.714+0000] {dag.py:3437} INFO - Setting next_dagrun for example_dynamic_task_mapping to 2022-03-04T00:00:00+00:00, run_after=2022-03-05T00:00:00+00:00
[2023-05-07T22:24:30.805+0000] {processor.py:175} INFO - Processing /usr/local/python/3.10.4/lib/python3.10/site-packages/airflow/example_dags/example_dynamic_task_mapping.py took 0.230 seconds
[2023-05-07T22:25:15.047+0000] {processor.py:153} INFO - Started process (PID=11300) to work on /usr/local/python/3.10.4/lib/python3.10/site-packages/airflow/example_dags/example_dynamic_task_mapping.py
[2023-05-07T22:25:15.048+0000] {processor.py:743} INFO - Processing file /usr/local/python/3.10.4/lib/python3.10/site-packages/airflow/example_dags/example_dynamic_task_mapping.py for tasks to queue
[2023-05-07T22:25:15.048+0000] {logging_mixin.py:137} INFO - [2023-05-07T22:25:15.048+0000] {dagbag.py:538} INFO - Filling up the DagBag from /usr/local/python/3.10.4/lib/python3.10/site-packages/airflow/example_dags/example_dynamic_task_mapping.py
[2023-05-07T22:25:15.069+0000] {processor.py:753} INFO - DAG(s) dict_keys(['example_dynamic_task_mapping']) retrieved from /usr/local/python/3.10.4/lib/python3.10/site-packages/airflow/example_dags/example_dynamic_task_mapping.py
[2023-05-07T22:25:15.084+0000] {logging_mixin.py:137} INFO - [2023-05-07T22:25:15.084+0000] {dag.py:2690} INFO - Sync 1 DAGs
[2023-05-07T22:25:15.102+0000] {logging_mixin.py:137} INFO - [2023-05-07T22:25:15.102+0000] {dag.py:3437} INFO - Setting next_dagrun for example_dynamic_task_mapping to 2022-03-04T00:00:00+00:00, run_after=2022-03-05T00:00:00+00:00
[2023-05-07T22:25:15.143+0000] {processor.py:175} INFO - Processing /usr/local/python/3.10.4/lib/python3.10/site-packages/airflow/example_dags/example_dynamic_task_mapping.py took 0.099 seconds
[2023-05-07T22:25:58.179+0000] {processor.py:153} INFO - Started process (PID=11617) to work on /usr/local/python/3.10.4/lib/python3.10/site-packages/airflow/example_dags/example_dynamic_task_mapping.py
[2023-05-07T22:25:58.180+0000] {processor.py:743} INFO - Processing file /usr/local/python/3.10.4/lib/python3.10/site-packages/airflow/example_dags/example_dynamic_task_mapping.py for tasks to queue
[2023-05-07T22:25:58.181+0000] {logging_mixin.py:137} INFO - [2023-05-07T22:25:58.180+0000] {dagbag.py:538} INFO - Filling up the DagBag from /usr/local/python/3.10.4/lib/python3.10/site-packages/airflow/example_dags/example_dynamic_task_mapping.py
[2023-05-07T22:25:58.203+0000] {processor.py:753} INFO - DAG(s) dict_keys(['example_dynamic_task_mapping']) retrieved from /usr/local/python/3.10.4/lib/python3.10/site-packages/airflow/example_dags/example_dynamic_task_mapping.py
[2023-05-07T22:25:58.220+0000] {logging_mixin.py:137} INFO - [2023-05-07T22:25:58.220+0000] {dag.py:2690} INFO - Sync 1 DAGs
[2023-05-07T22:25:58.240+0000] {logging_mixin.py:137} INFO - [2023-05-07T22:25:58.240+0000] {dag.py:3437} INFO - Setting next_dagrun for example_dynamic_task_mapping to 2022-03-04T00:00:00+00:00, run_after=2022-03-05T00:00:00+00:00
[2023-05-07T22:25:58.284+0000] {processor.py:175} INFO - Processing /usr/local/python/3.10.4/lib/python3.10/site-packages/airflow/example_dags/example_dynamic_task_mapping.py took 0.109 seconds
[2023-05-07T22:26:41.133+0000] {processor.py:153} INFO - Started process (PID=11908) to work on /usr/local/python/3.10.4/lib/python3.10/site-packages/airflow/example_dags/example_dynamic_task_mapping.py
[2023-05-07T22:26:41.134+0000] {processor.py:743} INFO - Processing file /usr/local/python/3.10.4/lib/python3.10/site-packages/airflow/example_dags/example_dynamic_task_mapping.py for tasks to queue
[2023-05-07T22:26:41.135+0000] {logging_mixin.py:137} INFO - [2023-05-07T22:26:41.134+0000] {dagbag.py:538} INFO - Filling up the DagBag from /usr/local/python/3.10.4/lib/python3.10/site-packages/airflow/example_dags/example_dynamic_task_mapping.py
[2023-05-07T22:26:41.157+0000] {processor.py:753} INFO - DAG(s) dict_keys(['example_dynamic_task_mapping']) retrieved from /usr/local/python/3.10.4/lib/python3.10/site-packages/airflow/example_dags/example_dynamic_task_mapping.py
[2023-05-07T22:26:41.174+0000] {logging_mixin.py:137} INFO - [2023-05-07T22:26:41.174+0000] {dag.py:2690} INFO - Sync 1 DAGs
[2023-05-07T22:26:41.191+0000] {logging_mixin.py:137} INFO - [2023-05-07T22:26:41.191+0000] {dag.py:3437} INFO - Setting next_dagrun for example_dynamic_task_mapping to 2022-03-04T00:00:00+00:00, run_after=2022-03-05T00:00:00+00:00
[2023-05-07T22:26:41.233+0000] {processor.py:175} INFO - Processing /usr/local/python/3.10.4/lib/python3.10/site-packages/airflow/example_dags/example_dynamic_task_mapping.py took 0.102 seconds
[2023-05-07T22:27:21.773+0000] {processor.py:153} INFO - Started process (PID=12184) to work on /usr/local/python/3.10.4/lib/python3.10/site-packages/airflow/example_dags/example_dynamic_task_mapping.py
[2023-05-07T22:27:21.774+0000] {processor.py:743} INFO - Processing file /usr/local/python/3.10.4/lib/python3.10/site-packages/airflow/example_dags/example_dynamic_task_mapping.py for tasks to queue
[2023-05-07T22:27:21.774+0000] {logging_mixin.py:137} INFO - [2023-05-07T22:27:21.774+0000] {dagbag.py:538} INFO - Filling up the DagBag from /usr/local/python/3.10.4/lib/python3.10/site-packages/airflow/example_dags/example_dynamic_task_mapping.py
[2023-05-07T22:27:21.801+0000] {processor.py:753} INFO - DAG(s) dict_keys(['example_dynamic_task_mapping']) retrieved from /usr/local/python/3.10.4/lib/python3.10/site-packages/airflow/example_dags/example_dynamic_task_mapping.py
[2023-05-07T22:27:21.817+0000] {logging_mixin.py:137} INFO - [2023-05-07T22:27:21.817+0000] {dag.py:2690} INFO - Sync 1 DAGs
[2023-05-07T22:27:21.834+0000] {logging_mixin.py:137} INFO - [2023-05-07T22:27:21.834+0000] {dag.py:3437} INFO - Setting next_dagrun for example_dynamic_task_mapping to 2022-03-04T00:00:00+00:00, run_after=2022-03-05T00:00:00+00:00
[2023-05-07T22:27:21.879+0000] {processor.py:175} INFO - Processing /usr/local/python/3.10.4/lib/python3.10/site-packages/airflow/example_dags/example_dynamic_task_mapping.py took 0.114 seconds
[2023-05-07T22:28:05.153+0000] {processor.py:153} INFO - Started process (PID=12505) to work on /usr/local/python/3.10.4/lib/python3.10/site-packages/airflow/example_dags/example_dynamic_task_mapping.py
[2023-05-07T22:28:05.154+0000] {processor.py:743} INFO - Processing file /usr/local/python/3.10.4/lib/python3.10/site-packages/airflow/example_dags/example_dynamic_task_mapping.py for tasks to queue
[2023-05-07T22:28:05.155+0000] {logging_mixin.py:137} INFO - [2023-05-07T22:28:05.155+0000] {dagbag.py:538} INFO - Filling up the DagBag from /usr/local/python/3.10.4/lib/python3.10/site-packages/airflow/example_dags/example_dynamic_task_mapping.py
[2023-05-07T22:28:05.177+0000] {processor.py:753} INFO - DAG(s) dict_keys(['example_dynamic_task_mapping']) retrieved from /usr/local/python/3.10.4/lib/python3.10/site-packages/airflow/example_dags/example_dynamic_task_mapping.py
[2023-05-07T22:28:05.193+0000] {logging_mixin.py:137} INFO - [2023-05-07T22:28:05.193+0000] {dag.py:2690} INFO - Sync 1 DAGs
[2023-05-07T22:28:05.210+0000] {logging_mixin.py:137} INFO - [2023-05-07T22:28:05.210+0000] {dag.py:3437} INFO - Setting next_dagrun for example_dynamic_task_mapping to 2022-03-04T00:00:00+00:00, run_after=2022-03-05T00:00:00+00:00
[2023-05-07T22:28:05.250+0000] {processor.py:175} INFO - Processing /usr/local/python/3.10.4/lib/python3.10/site-packages/airflow/example_dags/example_dynamic_task_mapping.py took 0.100 seconds
[2023-05-07T22:28:47.141+0000] {processor.py:153} INFO - Started process (PID=12794) to work on /usr/local/python/3.10.4/lib/python3.10/site-packages/airflow/example_dags/example_dynamic_task_mapping.py
[2023-05-07T22:28:47.142+0000] {processor.py:743} INFO - Processing file /usr/local/python/3.10.4/lib/python3.10/site-packages/airflow/example_dags/example_dynamic_task_mapping.py for tasks to queue
[2023-05-07T22:28:47.143+0000] {logging_mixin.py:137} INFO - [2023-05-07T22:28:47.143+0000] {dagbag.py:538} INFO - Filling up the DagBag from /usr/local/python/3.10.4/lib/python3.10/site-packages/airflow/example_dags/example_dynamic_task_mapping.py
[2023-05-07T22:28:47.164+0000] {processor.py:753} INFO - DAG(s) dict_keys(['example_dynamic_task_mapping']) retrieved from /usr/local/python/3.10.4/lib/python3.10/site-packages/airflow/example_dags/example_dynamic_task_mapping.py
[2023-05-07T22:28:47.180+0000] {logging_mixin.py:137} INFO - [2023-05-07T22:28:47.180+0000] {dag.py:2690} INFO - Sync 1 DAGs
[2023-05-07T22:28:47.197+0000] {logging_mixin.py:137} INFO - [2023-05-07T22:28:47.197+0000] {dag.py:3437} INFO - Setting next_dagrun for example_dynamic_task_mapping to 2022-03-04T00:00:00+00:00, run_after=2022-03-05T00:00:00+00:00
[2023-05-07T22:28:47.239+0000] {processor.py:175} INFO - Processing /usr/local/python/3.10.4/lib/python3.10/site-packages/airflow/example_dags/example_dynamic_task_mapping.py took 0.101 seconds
[2023-05-07T22:29:29.180+0000] {processor.py:153} INFO - Started process (PID=13081) to work on /usr/local/python/3.10.4/lib/python3.10/site-packages/airflow/example_dags/example_dynamic_task_mapping.py
[2023-05-07T22:29:29.181+0000] {processor.py:743} INFO - Processing file /usr/local/python/3.10.4/lib/python3.10/site-packages/airflow/example_dags/example_dynamic_task_mapping.py for tasks to queue
[2023-05-07T22:29:29.182+0000] {logging_mixin.py:137} INFO - [2023-05-07T22:29:29.182+0000] {dagbag.py:538} INFO - Filling up the DagBag from /usr/local/python/3.10.4/lib/python3.10/site-packages/airflow/example_dags/example_dynamic_task_mapping.py
[2023-05-07T22:29:29.203+0000] {processor.py:753} INFO - DAG(s) dict_keys(['example_dynamic_task_mapping']) retrieved from /usr/local/python/3.10.4/lib/python3.10/site-packages/airflow/example_dags/example_dynamic_task_mapping.py
[2023-05-07T22:29:29.219+0000] {logging_mixin.py:137} INFO - [2023-05-07T22:29:29.219+0000] {dag.py:2690} INFO - Sync 1 DAGs
[2023-05-07T22:29:29.236+0000] {logging_mixin.py:137} INFO - [2023-05-07T22:29:29.236+0000] {dag.py:3437} INFO - Setting next_dagrun for example_dynamic_task_mapping to 2022-03-04T00:00:00+00:00, run_after=2022-03-05T00:00:00+00:00
[2023-05-07T22:29:29.383+0000] {processor.py:175} INFO - Processing /usr/local/python/3.10.4/lib/python3.10/site-packages/airflow/example_dags/example_dynamic_task_mapping.py took 0.205 seconds
[2023-05-07T22:30:10.348+0000] {processor.py:153} INFO - Started process (PID=13372) to work on /usr/local/python/3.10.4/lib/python3.10/site-packages/airflow/example_dags/example_dynamic_task_mapping.py
[2023-05-07T22:30:10.349+0000] {processor.py:743} INFO - Processing file /usr/local/python/3.10.4/lib/python3.10/site-packages/airflow/example_dags/example_dynamic_task_mapping.py for tasks to queue
[2023-05-07T22:30:10.349+0000] {logging_mixin.py:137} INFO - [2023-05-07T22:30:10.349+0000] {dagbag.py:538} INFO - Filling up the DagBag from /usr/local/python/3.10.4/lib/python3.10/site-packages/airflow/example_dags/example_dynamic_task_mapping.py
[2023-05-07T22:30:10.377+0000] {processor.py:753} INFO - DAG(s) dict_keys(['example_dynamic_task_mapping']) retrieved from /usr/local/python/3.10.4/lib/python3.10/site-packages/airflow/example_dags/example_dynamic_task_mapping.py
[2023-05-07T22:30:10.394+0000] {logging_mixin.py:137} INFO - [2023-05-07T22:30:10.394+0000] {dag.py:2690} INFO - Sync 1 DAGs
[2023-05-07T22:30:10.515+0000] {logging_mixin.py:137} INFO - [2023-05-07T22:30:10.515+0000] {dag.py:3437} INFO - Setting next_dagrun for example_dynamic_task_mapping to 2022-03-04T00:00:00+00:00, run_after=2022-03-05T00:00:00+00:00
[2023-05-07T22:30:10.555+0000] {processor.py:175} INFO - Processing /usr/local/python/3.10.4/lib/python3.10/site-packages/airflow/example_dags/example_dynamic_task_mapping.py took 0.211 seconds
[2023-05-07T22:30:56.991+0000] {processor.py:153} INFO - Started process (PID=13670) to work on /usr/local/python/3.10.4/lib/python3.10/site-packages/airflow/example_dags/example_dynamic_task_mapping.py
[2023-05-07T22:30:56.991+0000] {processor.py:743} INFO - Processing file /usr/local/python/3.10.4/lib/python3.10/site-packages/airflow/example_dags/example_dynamic_task_mapping.py for tasks to queue
[2023-05-07T22:30:56.992+0000] {logging_mixin.py:137} INFO - [2023-05-07T22:30:56.992+0000] {dagbag.py:538} INFO - Filling up the DagBag from /usr/local/python/3.10.4/lib/python3.10/site-packages/airflow/example_dags/example_dynamic_task_mapping.py
[2023-05-07T22:30:57.013+0000] {processor.py:753} INFO - DAG(s) dict_keys(['example_dynamic_task_mapping']) retrieved from /usr/local/python/3.10.4/lib/python3.10/site-packages/airflow/example_dags/example_dynamic_task_mapping.py
[2023-05-07T22:30:57.029+0000] {logging_mixin.py:137} INFO - [2023-05-07T22:30:57.029+0000] {dag.py:2690} INFO - Sync 1 DAGs
[2023-05-07T22:30:57.153+0000] {logging_mixin.py:137} INFO - [2023-05-07T22:30:57.153+0000] {dag.py:3437} INFO - Setting next_dagrun for example_dynamic_task_mapping to 2022-03-04T00:00:00+00:00, run_after=2022-03-05T00:00:00+00:00
[2023-05-07T22:30:57.194+0000] {processor.py:175} INFO - Processing /usr/local/python/3.10.4/lib/python3.10/site-packages/airflow/example_dags/example_dynamic_task_mapping.py took 0.207 seconds
[2023-05-07T22:31:46.456+0000] {processor.py:153} INFO - Started process (PID=14007) to work on /usr/local/python/3.10.4/lib/python3.10/site-packages/airflow/example_dags/example_dynamic_task_mapping.py
[2023-05-07T22:31:46.457+0000] {processor.py:743} INFO - Processing file /usr/local/python/3.10.4/lib/python3.10/site-packages/airflow/example_dags/example_dynamic_task_mapping.py for tasks to queue
[2023-05-07T22:31:46.458+0000] {logging_mixin.py:137} INFO - [2023-05-07T22:31:46.458+0000] {dagbag.py:538} INFO - Filling up the DagBag from /usr/local/python/3.10.4/lib/python3.10/site-packages/airflow/example_dags/example_dynamic_task_mapping.py
[2023-05-07T22:31:46.478+0000] {processor.py:753} INFO - DAG(s) dict_keys(['example_dynamic_task_mapping']) retrieved from /usr/local/python/3.10.4/lib/python3.10/site-packages/airflow/example_dags/example_dynamic_task_mapping.py
[2023-05-07T22:31:46.605+0000] {logging_mixin.py:137} INFO - [2023-05-07T22:31:46.604+0000] {dag.py:2690} INFO - Sync 1 DAGs
[2023-05-07T22:31:46.620+0000] {logging_mixin.py:137} INFO - [2023-05-07T22:31:46.620+0000] {dag.py:3437} INFO - Setting next_dagrun for example_dynamic_task_mapping to 2022-03-04T00:00:00+00:00, run_after=2022-03-05T00:00:00+00:00
[2023-05-07T22:31:46.660+0000] {processor.py:175} INFO - Processing /usr/local/python/3.10.4/lib/python3.10/site-packages/airflow/example_dags/example_dynamic_task_mapping.py took 0.206 seconds
[2023-05-07T22:32:31.356+0000] {processor.py:153} INFO - Started process (PID=14333) to work on /usr/local/python/3.10.4/lib/python3.10/site-packages/airflow/example_dags/example_dynamic_task_mapping.py
[2023-05-07T22:32:31.357+0000] {processor.py:743} INFO - Processing file /usr/local/python/3.10.4/lib/python3.10/site-packages/airflow/example_dags/example_dynamic_task_mapping.py for tasks to queue
[2023-05-07T22:32:31.357+0000] {logging_mixin.py:137} INFO - [2023-05-07T22:32:31.357+0000] {dagbag.py:538} INFO - Filling up the DagBag from /usr/local/python/3.10.4/lib/python3.10/site-packages/airflow/example_dags/example_dynamic_task_mapping.py
[2023-05-07T22:32:31.380+0000] {processor.py:753} INFO - DAG(s) dict_keys(['example_dynamic_task_mapping']) retrieved from /usr/local/python/3.10.4/lib/python3.10/site-packages/airflow/example_dags/example_dynamic_task_mapping.py
[2023-05-07T22:32:31.504+0000] {logging_mixin.py:137} INFO - [2023-05-07T22:32:31.504+0000] {dag.py:2690} INFO - Sync 1 DAGs
[2023-05-07T22:32:31.518+0000] {logging_mixin.py:137} INFO - [2023-05-07T22:32:31.518+0000] {dag.py:3437} INFO - Setting next_dagrun for example_dynamic_task_mapping to 2022-03-04T00:00:00+00:00, run_after=2022-03-05T00:00:00+00:00
[2023-05-07T22:32:31.559+0000] {processor.py:175} INFO - Processing /usr/local/python/3.10.4/lib/python3.10/site-packages/airflow/example_dags/example_dynamic_task_mapping.py took 0.207 seconds
[2023-05-07T22:33:20.368+0000] {processor.py:153} INFO - Started process (PID=14666) to work on /usr/local/python/3.10.4/lib/python3.10/site-packages/airflow/example_dags/example_dynamic_task_mapping.py
[2023-05-07T22:33:20.369+0000] {processor.py:743} INFO - Processing file /usr/local/python/3.10.4/lib/python3.10/site-packages/airflow/example_dags/example_dynamic_task_mapping.py for tasks to queue
[2023-05-07T22:33:20.369+0000] {logging_mixin.py:137} INFO - [2023-05-07T22:33:20.369+0000] {dagbag.py:538} INFO - Filling up the DagBag from /usr/local/python/3.10.4/lib/python3.10/site-packages/airflow/example_dags/example_dynamic_task_mapping.py
[2023-05-07T22:33:20.501+0000] {processor.py:753} INFO - DAG(s) dict_keys(['example_dynamic_task_mapping']) retrieved from /usr/local/python/3.10.4/lib/python3.10/site-packages/airflow/example_dags/example_dynamic_task_mapping.py
[2023-05-07T22:33:20.515+0000] {logging_mixin.py:137} INFO - [2023-05-07T22:33:20.515+0000] {dag.py:2690} INFO - Sync 1 DAGs
[2023-05-07T22:33:20.531+0000] {logging_mixin.py:137} INFO - [2023-05-07T22:33:20.531+0000] {dag.py:3437} INFO - Setting next_dagrun for example_dynamic_task_mapping to 2022-03-04T00:00:00+00:00, run_after=2022-03-05T00:00:00+00:00
[2023-05-07T22:33:20.587+0000] {processor.py:175} INFO - Processing /usr/local/python/3.10.4/lib/python3.10/site-packages/airflow/example_dags/example_dynamic_task_mapping.py took 0.222 seconds
[2023-05-07T22:34:08.432+0000] {processor.py:153} INFO - Started process (PID=15060) to work on /usr/local/python/3.10.4/lib/python3.10/site-packages/airflow/example_dags/example_dynamic_task_mapping.py
[2023-05-07T22:34:08.432+0000] {processor.py:743} INFO - Processing file /usr/local/python/3.10.4/lib/python3.10/site-packages/airflow/example_dags/example_dynamic_task_mapping.py for tasks to queue
[2023-05-07T22:34:08.433+0000] {logging_mixin.py:137} INFO - [2023-05-07T22:34:08.433+0000] {dagbag.py:538} INFO - Filling up the DagBag from /usr/local/python/3.10.4/lib/python3.10/site-packages/airflow/example_dags/example_dynamic_task_mapping.py
[2023-05-07T22:34:08.560+0000] {processor.py:753} INFO - DAG(s) dict_keys(['example_dynamic_task_mapping']) retrieved from /usr/local/python/3.10.4/lib/python3.10/site-packages/airflow/example_dags/example_dynamic_task_mapping.py
[2023-05-07T22:34:08.572+0000] {logging_mixin.py:137} INFO - [2023-05-07T22:34:08.572+0000] {dag.py:2690} INFO - Sync 1 DAGs
[2023-05-07T22:34:08.589+0000] {logging_mixin.py:137} INFO - [2023-05-07T22:34:08.589+0000] {dag.py:3437} INFO - Setting next_dagrun for example_dynamic_task_mapping to 2022-03-04T00:00:00+00:00, run_after=2022-03-05T00:00:00+00:00
[2023-05-07T22:34:08.629+0000] {processor.py:175} INFO - Processing /usr/local/python/3.10.4/lib/python3.10/site-packages/airflow/example_dags/example_dynamic_task_mapping.py took 0.201 seconds
[2023-05-07T22:34:54.309+0000] {processor.py:153} INFO - Started process (PID=15391) to work on /usr/local/python/3.10.4/lib/python3.10/site-packages/airflow/example_dags/example_dynamic_task_mapping.py
[2023-05-07T22:34:54.313+0000] {processor.py:743} INFO - Processing file /usr/local/python/3.10.4/lib/python3.10/site-packages/airflow/example_dags/example_dynamic_task_mapping.py for tasks to queue
[2023-05-07T22:34:54.315+0000] {logging_mixin.py:137} INFO - [2023-05-07T22:34:54.314+0000] {dagbag.py:538} INFO - Filling up the DagBag from /usr/local/python/3.10.4/lib/python3.10/site-packages/airflow/example_dags/example_dynamic_task_mapping.py
[2023-05-07T22:34:54.342+0000] {processor.py:753} INFO - DAG(s) dict_keys(['example_dynamic_task_mapping']) retrieved from /usr/local/python/3.10.4/lib/python3.10/site-packages/airflow/example_dags/example_dynamic_task_mapping.py
[2023-05-07T22:34:54.361+0000] {logging_mixin.py:137} INFO - [2023-05-07T22:34:54.361+0000] {dag.py:2690} INFO - Sync 1 DAGs
[2023-05-07T22:34:54.380+0000] {logging_mixin.py:137} INFO - [2023-05-07T22:34:54.380+0000] {dag.py:3437} INFO - Setting next_dagrun for example_dynamic_task_mapping to 2022-03-04T00:00:00+00:00, run_after=2022-03-05T00:00:00+00:00
[2023-05-07T22:34:54.421+0000] {processor.py:175} INFO - Processing /usr/local/python/3.10.4/lib/python3.10/site-packages/airflow/example_dags/example_dynamic_task_mapping.py took 0.117 seconds
[2023-05-07T22:35:33.828+0000] {processor.py:153} INFO - Started process (PID=15652) to work on /usr/local/python/3.10.4/lib/python3.10/site-packages/airflow/example_dags/example_dynamic_task_mapping.py
[2023-05-07T22:35:33.829+0000] {processor.py:743} INFO - Processing file /usr/local/python/3.10.4/lib/python3.10/site-packages/airflow/example_dags/example_dynamic_task_mapping.py for tasks to queue
[2023-05-07T22:35:33.830+0000] {logging_mixin.py:137} INFO - [2023-05-07T22:35:33.829+0000] {dagbag.py:538} INFO - Filling up the DagBag from /usr/local/python/3.10.4/lib/python3.10/site-packages/airflow/example_dags/example_dynamic_task_mapping.py
[2023-05-07T22:35:33.856+0000] {processor.py:753} INFO - DAG(s) dict_keys(['example_dynamic_task_mapping']) retrieved from /usr/local/python/3.10.4/lib/python3.10/site-packages/airflow/example_dags/example_dynamic_task_mapping.py
[2023-05-07T22:35:33.873+0000] {logging_mixin.py:137} INFO - [2023-05-07T22:35:33.873+0000] {dag.py:2690} INFO - Sync 1 DAGs
[2023-05-07T22:35:33.891+0000] {logging_mixin.py:137} INFO - [2023-05-07T22:35:33.891+0000] {dag.py:3437} INFO - Setting next_dagrun for example_dynamic_task_mapping to 2022-03-04T00:00:00+00:00, run_after=2022-03-05T00:00:00+00:00
[2023-05-07T22:35:33.962+0000] {processor.py:175} INFO - Processing /usr/local/python/3.10.4/lib/python3.10/site-packages/airflow/example_dags/example_dynamic_task_mapping.py took 0.137 seconds
[2023-05-07T22:36:17.612+0000] {processor.py:153} INFO - Started process (PID=15967) to work on /usr/local/python/3.10.4/lib/python3.10/site-packages/airflow/example_dags/example_dynamic_task_mapping.py
[2023-05-07T22:36:17.613+0000] {processor.py:743} INFO - Processing file /usr/local/python/3.10.4/lib/python3.10/site-packages/airflow/example_dags/example_dynamic_task_mapping.py for tasks to queue
[2023-05-07T22:36:17.614+0000] {logging_mixin.py:137} INFO - [2023-05-07T22:36:17.614+0000] {dagbag.py:538} INFO - Filling up the DagBag from /usr/local/python/3.10.4/lib/python3.10/site-packages/airflow/example_dags/example_dynamic_task_mapping.py
[2023-05-07T22:36:17.635+0000] {processor.py:753} INFO - DAG(s) dict_keys(['example_dynamic_task_mapping']) retrieved from /usr/local/python/3.10.4/lib/python3.10/site-packages/airflow/example_dags/example_dynamic_task_mapping.py
[2023-05-07T22:36:17.652+0000] {logging_mixin.py:137} INFO - [2023-05-07T22:36:17.652+0000] {dag.py:2690} INFO - Sync 1 DAGs
[2023-05-07T22:36:17.668+0000] {logging_mixin.py:137} INFO - [2023-05-07T22:36:17.668+0000] {dag.py:3437} INFO - Setting next_dagrun for example_dynamic_task_mapping to 2022-03-04T00:00:00+00:00, run_after=2022-03-05T00:00:00+00:00
[2023-05-07T22:36:17.708+0000] {processor.py:175} INFO - Processing /usr/local/python/3.10.4/lib/python3.10/site-packages/airflow/example_dags/example_dynamic_task_mapping.py took 0.100 seconds
[2023-05-07T22:37:01.955+0000] {processor.py:153} INFO - Started process (PID=16284) to work on /usr/local/python/3.10.4/lib/python3.10/site-packages/airflow/example_dags/example_dynamic_task_mapping.py
[2023-05-07T22:37:01.955+0000] {processor.py:743} INFO - Processing file /usr/local/python/3.10.4/lib/python3.10/site-packages/airflow/example_dags/example_dynamic_task_mapping.py for tasks to queue
[2023-05-07T22:37:01.956+0000] {logging_mixin.py:137} INFO - [2023-05-07T22:37:01.956+0000] {dagbag.py:538} INFO - Filling up the DagBag from /usr/local/python/3.10.4/lib/python3.10/site-packages/airflow/example_dags/example_dynamic_task_mapping.py
[2023-05-07T22:37:01.978+0000] {processor.py:753} INFO - DAG(s) dict_keys(['example_dynamic_task_mapping']) retrieved from /usr/local/python/3.10.4/lib/python3.10/site-packages/airflow/example_dags/example_dynamic_task_mapping.py
[2023-05-07T22:37:01.994+0000] {logging_mixin.py:137} INFO - [2023-05-07T22:37:01.994+0000] {dag.py:2690} INFO - Sync 1 DAGs
[2023-05-07T22:37:02.011+0000] {logging_mixin.py:137} INFO - [2023-05-07T22:37:02.011+0000] {dag.py:3437} INFO - Setting next_dagrun for example_dynamic_task_mapping to 2022-03-04T00:00:00+00:00, run_after=2022-03-05T00:00:00+00:00
[2023-05-07T22:37:02.053+0000] {processor.py:175} INFO - Processing /usr/local/python/3.10.4/lib/python3.10/site-packages/airflow/example_dags/example_dynamic_task_mapping.py took 0.102 seconds
[2023-05-07T22:37:45.088+0000] {processor.py:153} INFO - Started process (PID=16603) to work on /usr/local/python/3.10.4/lib/python3.10/site-packages/airflow/example_dags/example_dynamic_task_mapping.py
[2023-05-07T22:37:45.089+0000] {processor.py:743} INFO - Processing file /usr/local/python/3.10.4/lib/python3.10/site-packages/airflow/example_dags/example_dynamic_task_mapping.py for tasks to queue
[2023-05-07T22:37:45.089+0000] {logging_mixin.py:137} INFO - [2023-05-07T22:37:45.089+0000] {dagbag.py:538} INFO - Filling up the DagBag from /usr/local/python/3.10.4/lib/python3.10/site-packages/airflow/example_dags/example_dynamic_task_mapping.py
[2023-05-07T22:37:45.111+0000] {processor.py:753} INFO - DAG(s) dict_keys(['example_dynamic_task_mapping']) retrieved from /usr/local/python/3.10.4/lib/python3.10/site-packages/airflow/example_dags/example_dynamic_task_mapping.py
[2023-05-07T22:37:45.127+0000] {logging_mixin.py:137} INFO - [2023-05-07T22:37:45.126+0000] {dag.py:2690} INFO - Sync 1 DAGs
[2023-05-07T22:37:45.144+0000] {logging_mixin.py:137} INFO - [2023-05-07T22:37:45.144+0000] {dag.py:3437} INFO - Setting next_dagrun for example_dynamic_task_mapping to 2022-03-04T00:00:00+00:00, run_after=2022-03-05T00:00:00+00:00
[2023-05-07T22:37:45.184+0000] {processor.py:175} INFO - Processing /usr/local/python/3.10.4/lib/python3.10/site-packages/airflow/example_dags/example_dynamic_task_mapping.py took 0.100 seconds
[2023-05-07T22:38:29.762+0000] {processor.py:153} INFO - Started process (PID=16940) to work on /usr/local/python/3.10.4/lib/python3.10/site-packages/airflow/example_dags/example_dynamic_task_mapping.py
[2023-05-07T22:38:29.763+0000] {processor.py:743} INFO - Processing file /usr/local/python/3.10.4/lib/python3.10/site-packages/airflow/example_dags/example_dynamic_task_mapping.py for tasks to queue
[2023-05-07T22:38:29.764+0000] {logging_mixin.py:137} INFO - [2023-05-07T22:38:29.763+0000] {dagbag.py:538} INFO - Filling up the DagBag from /usr/local/python/3.10.4/lib/python3.10/site-packages/airflow/example_dags/example_dynamic_task_mapping.py
[2023-05-07T22:38:29.785+0000] {processor.py:753} INFO - DAG(s) dict_keys(['example_dynamic_task_mapping']) retrieved from /usr/local/python/3.10.4/lib/python3.10/site-packages/airflow/example_dags/example_dynamic_task_mapping.py
[2023-05-07T22:38:29.801+0000] {logging_mixin.py:137} INFO - [2023-05-07T22:38:29.801+0000] {dag.py:2690} INFO - Sync 1 DAGs
[2023-05-07T22:38:29.817+0000] {logging_mixin.py:137} INFO - [2023-05-07T22:38:29.817+0000] {dag.py:3437} INFO - Setting next_dagrun for example_dynamic_task_mapping to 2022-03-04T00:00:00+00:00, run_after=2022-03-05T00:00:00+00:00
[2023-05-07T22:38:29.858+0000] {processor.py:175} INFO - Processing /usr/local/python/3.10.4/lib/python3.10/site-packages/airflow/example_dags/example_dynamic_task_mapping.py took 0.099 seconds
[2023-05-07T22:39:13.840+0000] {processor.py:153} INFO - Started process (PID=17245) to work on /usr/local/python/3.10.4/lib/python3.10/site-packages/airflow/example_dags/example_dynamic_task_mapping.py
[2023-05-07T22:39:13.841+0000] {processor.py:743} INFO - Processing file /usr/local/python/3.10.4/lib/python3.10/site-packages/airflow/example_dags/example_dynamic_task_mapping.py for tasks to queue
[2023-05-07T22:39:13.841+0000] {logging_mixin.py:137} INFO - [2023-05-07T22:39:13.841+0000] {dagbag.py:538} INFO - Filling up the DagBag from /usr/local/python/3.10.4/lib/python3.10/site-packages/airflow/example_dags/example_dynamic_task_mapping.py
[2023-05-07T22:39:13.863+0000] {processor.py:753} INFO - DAG(s) dict_keys(['example_dynamic_task_mapping']) retrieved from /usr/local/python/3.10.4/lib/python3.10/site-packages/airflow/example_dags/example_dynamic_task_mapping.py
[2023-05-07T22:39:13.878+0000] {logging_mixin.py:137} INFO - [2023-05-07T22:39:13.878+0000] {dag.py:2690} INFO - Sync 1 DAGs
[2023-05-07T22:39:13.895+0000] {logging_mixin.py:137} INFO - [2023-05-07T22:39:13.895+0000] {dag.py:3437} INFO - Setting next_dagrun for example_dynamic_task_mapping to 2022-03-04T00:00:00+00:00, run_after=2022-03-05T00:00:00+00:00
[2023-05-07T22:39:13.936+0000] {processor.py:175} INFO - Processing /usr/local/python/3.10.4/lib/python3.10/site-packages/airflow/example_dags/example_dynamic_task_mapping.py took 0.099 seconds
[2023-05-07T22:39:58.833+0000] {processor.py:153} INFO - Started process (PID=17572) to work on /usr/local/python/3.10.4/lib/python3.10/site-packages/airflow/example_dags/example_dynamic_task_mapping.py
[2023-05-07T22:39:58.834+0000] {processor.py:743} INFO - Processing file /usr/local/python/3.10.4/lib/python3.10/site-packages/airflow/example_dags/example_dynamic_task_mapping.py for tasks to queue
[2023-05-07T22:39:58.835+0000] {logging_mixin.py:137} INFO - [2023-05-07T22:39:58.835+0000] {dagbag.py:538} INFO - Filling up the DagBag from /usr/local/python/3.10.4/lib/python3.10/site-packages/airflow/example_dags/example_dynamic_task_mapping.py
[2023-05-07T22:39:58.856+0000] {processor.py:753} INFO - DAG(s) dict_keys(['example_dynamic_task_mapping']) retrieved from /usr/local/python/3.10.4/lib/python3.10/site-packages/airflow/example_dags/example_dynamic_task_mapping.py
[2023-05-07T22:39:58.872+0000] {logging_mixin.py:137} INFO - [2023-05-07T22:39:58.872+0000] {dag.py:2690} INFO - Sync 1 DAGs
[2023-05-07T22:39:58.889+0000] {logging_mixin.py:137} INFO - [2023-05-07T22:39:58.889+0000] {dag.py:3437} INFO - Setting next_dagrun for example_dynamic_task_mapping to 2022-03-04T00:00:00+00:00, run_after=2022-03-05T00:00:00+00:00
[2023-05-07T22:39:58.929+0000] {processor.py:175} INFO - Processing /usr/local/python/3.10.4/lib/python3.10/site-packages/airflow/example_dags/example_dynamic_task_mapping.py took 0.099 seconds
[2023-05-07T22:40:38.975+0000] {processor.py:153} INFO - Started process (PID=17889) to work on /usr/local/python/3.10.4/lib/python3.10/site-packages/airflow/example_dags/example_dynamic_task_mapping.py
[2023-05-07T22:40:38.975+0000] {processor.py:743} INFO - Processing file /usr/local/python/3.10.4/lib/python3.10/site-packages/airflow/example_dags/example_dynamic_task_mapping.py for tasks to queue
[2023-05-07T22:40:38.976+0000] {logging_mixin.py:137} INFO - [2023-05-07T22:40:38.976+0000] {dagbag.py:538} INFO - Filling up the DagBag from /usr/local/python/3.10.4/lib/python3.10/site-packages/airflow/example_dags/example_dynamic_task_mapping.py
[2023-05-07T22:40:38.997+0000] {processor.py:753} INFO - DAG(s) dict_keys(['example_dynamic_task_mapping']) retrieved from /usr/local/python/3.10.4/lib/python3.10/site-packages/airflow/example_dags/example_dynamic_task_mapping.py
[2023-05-07T22:40:39.013+0000] {logging_mixin.py:137} INFO - [2023-05-07T22:40:39.013+0000] {dag.py:2690} INFO - Sync 1 DAGs
[2023-05-07T22:40:39.030+0000] {logging_mixin.py:137} INFO - [2023-05-07T22:40:39.030+0000] {dag.py:3437} INFO - Setting next_dagrun for example_dynamic_task_mapping to 2022-03-04T00:00:00+00:00, run_after=2022-03-05T00:00:00+00:00
[2023-05-07T22:40:39.070+0000] {processor.py:175} INFO - Processing /usr/local/python/3.10.4/lib/python3.10/site-packages/airflow/example_dags/example_dynamic_task_mapping.py took 0.098 seconds
[2023-05-07T22:41:18.464+0000] {processor.py:153} INFO - Started process (PID=18165) to work on /usr/local/python/3.10.4/lib/python3.10/site-packages/airflow/example_dags/example_dynamic_task_mapping.py
[2023-05-07T22:41:18.465+0000] {processor.py:743} INFO - Processing file /usr/local/python/3.10.4/lib/python3.10/site-packages/airflow/example_dags/example_dynamic_task_mapping.py for tasks to queue
[2023-05-07T22:41:18.465+0000] {logging_mixin.py:137} INFO - [2023-05-07T22:41:18.465+0000] {dagbag.py:538} INFO - Filling up the DagBag from /usr/local/python/3.10.4/lib/python3.10/site-packages/airflow/example_dags/example_dynamic_task_mapping.py
[2023-05-07T22:41:18.487+0000] {processor.py:753} INFO - DAG(s) dict_keys(['example_dynamic_task_mapping']) retrieved from /usr/local/python/3.10.4/lib/python3.10/site-packages/airflow/example_dags/example_dynamic_task_mapping.py
[2023-05-07T22:41:18.502+0000] {logging_mixin.py:137} INFO - [2023-05-07T22:41:18.502+0000] {dag.py:2690} INFO - Sync 1 DAGs
[2023-05-07T22:41:18.519+0000] {logging_mixin.py:137} INFO - [2023-05-07T22:41:18.519+0000] {dag.py:3437} INFO - Setting next_dagrun for example_dynamic_task_mapping to 2022-03-04T00:00:00+00:00, run_after=2022-03-05T00:00:00+00:00
[2023-05-07T22:41:18.559+0000] {processor.py:175} INFO - Processing /usr/local/python/3.10.4/lib/python3.10/site-packages/airflow/example_dags/example_dynamic_task_mapping.py took 0.098 seconds
[2023-05-07T22:41:59.262+0000] {processor.py:153} INFO - Started process (PID=18467) to work on /usr/local/python/3.10.4/lib/python3.10/site-packages/airflow/example_dags/example_dynamic_task_mapping.py
[2023-05-07T22:41:59.263+0000] {processor.py:743} INFO - Processing file /usr/local/python/3.10.4/lib/python3.10/site-packages/airflow/example_dags/example_dynamic_task_mapping.py for tasks to queue
[2023-05-07T22:41:59.264+0000] {logging_mixin.py:137} INFO - [2023-05-07T22:41:59.264+0000] {dagbag.py:538} INFO - Filling up the DagBag from /usr/local/python/3.10.4/lib/python3.10/site-packages/airflow/example_dags/example_dynamic_task_mapping.py
[2023-05-07T22:41:59.285+0000] {processor.py:753} INFO - DAG(s) dict_keys(['example_dynamic_task_mapping']) retrieved from /usr/local/python/3.10.4/lib/python3.10/site-packages/airflow/example_dags/example_dynamic_task_mapping.py
[2023-05-07T22:41:59.301+0000] {logging_mixin.py:137} INFO - [2023-05-07T22:41:59.300+0000] {dag.py:2690} INFO - Sync 1 DAGs
[2023-05-07T22:41:59.317+0000] {logging_mixin.py:137} INFO - [2023-05-07T22:41:59.317+0000] {dag.py:3437} INFO - Setting next_dagrun for example_dynamic_task_mapping to 2022-03-04T00:00:00+00:00, run_after=2022-03-05T00:00:00+00:00
[2023-05-07T22:41:59.357+0000] {processor.py:175} INFO - Processing /usr/local/python/3.10.4/lib/python3.10/site-packages/airflow/example_dags/example_dynamic_task_mapping.py took 0.097 seconds
[2023-05-07T22:42:40.711+0000] {processor.py:153} INFO - Started process (PID=18849) to work on /usr/local/python/3.10.4/lib/python3.10/site-packages/airflow/example_dags/example_dynamic_task_mapping.py
[2023-05-07T22:42:40.712+0000] {processor.py:743} INFO - Processing file /usr/local/python/3.10.4/lib/python3.10/site-packages/airflow/example_dags/example_dynamic_task_mapping.py for tasks to queue
[2023-05-07T22:42:40.712+0000] {logging_mixin.py:137} INFO - [2023-05-07T22:42:40.712+0000] {dagbag.py:538} INFO - Filling up the DagBag from /usr/local/python/3.10.4/lib/python3.10/site-packages/airflow/example_dags/example_dynamic_task_mapping.py
[2023-05-07T22:42:40.734+0000] {processor.py:753} INFO - DAG(s) dict_keys(['example_dynamic_task_mapping']) retrieved from /usr/local/python/3.10.4/lib/python3.10/site-packages/airflow/example_dags/example_dynamic_task_mapping.py
[2023-05-07T22:42:40.750+0000] {logging_mixin.py:137} INFO - [2023-05-07T22:42:40.750+0000] {dag.py:2690} INFO - Sync 1 DAGs
[2023-05-07T22:42:40.767+0000] {logging_mixin.py:137} INFO - [2023-05-07T22:42:40.766+0000] {dag.py:3437} INFO - Setting next_dagrun for example_dynamic_task_mapping to 2022-03-04T00:00:00+00:00, run_after=2022-03-05T00:00:00+00:00
[2023-05-07T22:42:40.808+0000] {processor.py:175} INFO - Processing /usr/local/python/3.10.4/lib/python3.10/site-packages/airflow/example_dags/example_dynamic_task_mapping.py took 0.100 seconds
[2023-05-07T22:43:24.643+0000] {processor.py:153} INFO - Started process (PID=19283) to work on /usr/local/python/3.10.4/lib/python3.10/site-packages/airflow/example_dags/example_dynamic_task_mapping.py
[2023-05-07T22:43:24.644+0000] {processor.py:743} INFO - Processing file /usr/local/python/3.10.4/lib/python3.10/site-packages/airflow/example_dags/example_dynamic_task_mapping.py for tasks to queue
[2023-05-07T22:43:24.645+0000] {logging_mixin.py:137} INFO - [2023-05-07T22:43:24.645+0000] {dagbag.py:538} INFO - Filling up the DagBag from /usr/local/python/3.10.4/lib/python3.10/site-packages/airflow/example_dags/example_dynamic_task_mapping.py
[2023-05-07T22:43:24.666+0000] {processor.py:753} INFO - DAG(s) dict_keys(['example_dynamic_task_mapping']) retrieved from /usr/local/python/3.10.4/lib/python3.10/site-packages/airflow/example_dags/example_dynamic_task_mapping.py
[2023-05-07T22:43:24.682+0000] {logging_mixin.py:137} INFO - [2023-05-07T22:43:24.682+0000] {dag.py:2690} INFO - Sync 1 DAGs
[2023-05-07T22:43:24.700+0000] {logging_mixin.py:137} INFO - [2023-05-07T22:43:24.700+0000] {dag.py:3437} INFO - Setting next_dagrun for example_dynamic_task_mapping to 2022-03-04T00:00:00+00:00, run_after=2022-03-05T00:00:00+00:00
[2023-05-07T22:43:24.740+0000] {processor.py:175} INFO - Processing /usr/local/python/3.10.4/lib/python3.10/site-packages/airflow/example_dags/example_dynamic_task_mapping.py took 0.100 seconds
[2023-05-07T22:44:06.415+0000] {processor.py:153} INFO - Started process (PID=19775) to work on /usr/local/python/3.10.4/lib/python3.10/site-packages/airflow/example_dags/example_dynamic_task_mapping.py
[2023-05-07T22:44:06.416+0000] {processor.py:743} INFO - Processing file /usr/local/python/3.10.4/lib/python3.10/site-packages/airflow/example_dags/example_dynamic_task_mapping.py for tasks to queue
[2023-05-07T22:44:06.416+0000] {logging_mixin.py:137} INFO - [2023-05-07T22:44:06.416+0000] {dagbag.py:538} INFO - Filling up the DagBag from /usr/local/python/3.10.4/lib/python3.10/site-packages/airflow/example_dags/example_dynamic_task_mapping.py
[2023-05-07T22:44:06.438+0000] {processor.py:753} INFO - DAG(s) dict_keys(['example_dynamic_task_mapping']) retrieved from /usr/local/python/3.10.4/lib/python3.10/site-packages/airflow/example_dags/example_dynamic_task_mapping.py
[2023-05-07T22:44:06.453+0000] {logging_mixin.py:137} INFO - [2023-05-07T22:44:06.453+0000] {dag.py:2690} INFO - Sync 1 DAGs
[2023-05-07T22:44:06.472+0000] {logging_mixin.py:137} INFO - [2023-05-07T22:44:06.472+0000] {dag.py:3437} INFO - Setting next_dagrun for example_dynamic_task_mapping to 2022-03-04T00:00:00+00:00, run_after=2022-03-05T00:00:00+00:00
[2023-05-07T22:44:06.512+0000] {processor.py:175} INFO - Processing /usr/local/python/3.10.4/lib/python3.10/site-packages/airflow/example_dags/example_dynamic_task_mapping.py took 0.100 seconds
[2023-05-07T22:44:50.264+0000] {processor.py:153} INFO - Started process (PID=20186) to work on /usr/local/python/3.10.4/lib/python3.10/site-packages/airflow/example_dags/example_dynamic_task_mapping.py
[2023-05-07T22:44:50.265+0000] {processor.py:743} INFO - Processing file /usr/local/python/3.10.4/lib/python3.10/site-packages/airflow/example_dags/example_dynamic_task_mapping.py for tasks to queue
[2023-05-07T22:44:50.265+0000] {logging_mixin.py:137} INFO - [2023-05-07T22:44:50.265+0000] {dagbag.py:538} INFO - Filling up the DagBag from /usr/local/python/3.10.4/lib/python3.10/site-packages/airflow/example_dags/example_dynamic_task_mapping.py
[2023-05-07T22:44:50.287+0000] {processor.py:753} INFO - DAG(s) dict_keys(['example_dynamic_task_mapping']) retrieved from /usr/local/python/3.10.4/lib/python3.10/site-packages/airflow/example_dags/example_dynamic_task_mapping.py
[2023-05-07T22:44:50.303+0000] {logging_mixin.py:137} INFO - [2023-05-07T22:44:50.303+0000] {dag.py:2690} INFO - Sync 1 DAGs
[2023-05-07T22:44:50.320+0000] {logging_mixin.py:137} INFO - [2023-05-07T22:44:50.320+0000] {dag.py:3437} INFO - Setting next_dagrun for example_dynamic_task_mapping to 2022-03-04T00:00:00+00:00, run_after=2022-03-05T00:00:00+00:00
[2023-05-07T22:44:50.361+0000] {processor.py:175} INFO - Processing /usr/local/python/3.10.4/lib/python3.10/site-packages/airflow/example_dags/example_dynamic_task_mapping.py took 0.100 seconds
[2023-05-07T22:45:28.808+0000] {processor.py:153} INFO - Started process (PID=20543) to work on /usr/local/python/3.10.4/lib/python3.10/site-packages/airflow/example_dags/example_dynamic_task_mapping.py
[2023-05-07T22:45:28.809+0000] {processor.py:743} INFO - Processing file /usr/local/python/3.10.4/lib/python3.10/site-packages/airflow/example_dags/example_dynamic_task_mapping.py for tasks to queue
[2023-05-07T22:45:28.809+0000] {logging_mixin.py:137} INFO - [2023-05-07T22:45:28.809+0000] {dagbag.py:538} INFO - Filling up the DagBag from /usr/local/python/3.10.4/lib/python3.10/site-packages/airflow/example_dags/example_dynamic_task_mapping.py
[2023-05-07T22:45:28.831+0000] {processor.py:753} INFO - DAG(s) dict_keys(['example_dynamic_task_mapping']) retrieved from /usr/local/python/3.10.4/lib/python3.10/site-packages/airflow/example_dags/example_dynamic_task_mapping.py
[2023-05-07T22:45:28.846+0000] {logging_mixin.py:137} INFO - [2023-05-07T22:45:28.846+0000] {dag.py:2690} INFO - Sync 1 DAGs
[2023-05-07T22:45:28.863+0000] {logging_mixin.py:137} INFO - [2023-05-07T22:45:28.863+0000] {dag.py:3437} INFO - Setting next_dagrun for example_dynamic_task_mapping to 2022-03-04T00:00:00+00:00, run_after=2022-03-05T00:00:00+00:00
[2023-05-07T22:45:28.903+0000] {processor.py:175} INFO - Processing /usr/local/python/3.10.4/lib/python3.10/site-packages/airflow/example_dags/example_dynamic_task_mapping.py took 0.099 seconds
[2023-05-07T22:46:08.851+0000] {processor.py:153} INFO - Started process (PID=20934) to work on /usr/local/python/3.10.4/lib/python3.10/site-packages/airflow/example_dags/example_dynamic_task_mapping.py
[2023-05-07T22:46:08.852+0000] {processor.py:743} INFO - Processing file /usr/local/python/3.10.4/lib/python3.10/site-packages/airflow/example_dags/example_dynamic_task_mapping.py for tasks to queue
[2023-05-07T22:46:08.853+0000] {logging_mixin.py:137} INFO - [2023-05-07T22:46:08.853+0000] {dagbag.py:538} INFO - Filling up the DagBag from /usr/local/python/3.10.4/lib/python3.10/site-packages/airflow/example_dags/example_dynamic_task_mapping.py
[2023-05-07T22:46:08.883+0000] {processor.py:753} INFO - DAG(s) dict_keys(['example_dynamic_task_mapping']) retrieved from /usr/local/python/3.10.4/lib/python3.10/site-packages/airflow/example_dags/example_dynamic_task_mapping.py
[2023-05-07T22:46:08.902+0000] {logging_mixin.py:137} INFO - [2023-05-07T22:46:08.902+0000] {dag.py:2690} INFO - Sync 1 DAGs
[2023-05-07T22:46:08.919+0000] {logging_mixin.py:137} INFO - [2023-05-07T22:46:08.919+0000] {dag.py:3437} INFO - Setting next_dagrun for example_dynamic_task_mapping to 2022-03-04T00:00:00+00:00, run_after=2022-03-05T00:00:00+00:00
[2023-05-07T22:46:08.958+0000] {processor.py:175} INFO - Processing /usr/local/python/3.10.4/lib/python3.10/site-packages/airflow/example_dags/example_dynamic_task_mapping.py took 0.111 seconds
[2023-05-07T22:46:52.639+0000] {processor.py:153} INFO - Started process (PID=21392) to work on /usr/local/python/3.10.4/lib/python3.10/site-packages/airflow/example_dags/example_dynamic_task_mapping.py
[2023-05-07T22:46:52.640+0000] {processor.py:743} INFO - Processing file /usr/local/python/3.10.4/lib/python3.10/site-packages/airflow/example_dags/example_dynamic_task_mapping.py for tasks to queue
[2023-05-07T22:46:52.641+0000] {logging_mixin.py:137} INFO - [2023-05-07T22:46:52.641+0000] {dagbag.py:538} INFO - Filling up the DagBag from /usr/local/python/3.10.4/lib/python3.10/site-packages/airflow/example_dags/example_dynamic_task_mapping.py
[2023-05-07T22:46:52.673+0000] {processor.py:753} INFO - DAG(s) dict_keys(['example_dynamic_task_mapping']) retrieved from /usr/local/python/3.10.4/lib/python3.10/site-packages/airflow/example_dags/example_dynamic_task_mapping.py
[2023-05-07T22:46:52.696+0000] {logging_mixin.py:137} INFO - [2023-05-07T22:46:52.695+0000] {dag.py:2690} INFO - Sync 1 DAGs
[2023-05-07T22:46:52.719+0000] {logging_mixin.py:137} INFO - [2023-05-07T22:46:52.719+0000] {dag.py:3437} INFO - Setting next_dagrun for example_dynamic_task_mapping to 2022-03-04T00:00:00+00:00, run_after=2022-03-05T00:00:00+00:00
[2023-05-07T22:46:52.770+0000] {processor.py:175} INFO - Processing /usr/local/python/3.10.4/lib/python3.10/site-packages/airflow/example_dags/example_dynamic_task_mapping.py took 0.135 seconds
[2023-05-07T22:47:37.290+0000] {processor.py:153} INFO - Started process (PID=21701) to work on /usr/local/python/3.10.4/lib/python3.10/site-packages/airflow/example_dags/example_dynamic_task_mapping.py
[2023-05-07T22:47:37.291+0000] {processor.py:743} INFO - Processing file /usr/local/python/3.10.4/lib/python3.10/site-packages/airflow/example_dags/example_dynamic_task_mapping.py for tasks to queue
[2023-05-07T22:47:37.292+0000] {logging_mixin.py:137} INFO - [2023-05-07T22:47:37.292+0000] {dagbag.py:538} INFO - Filling up the DagBag from /usr/local/python/3.10.4/lib/python3.10/site-packages/airflow/example_dags/example_dynamic_task_mapping.py
[2023-05-07T22:47:37.313+0000] {processor.py:753} INFO - DAG(s) dict_keys(['example_dynamic_task_mapping']) retrieved from /usr/local/python/3.10.4/lib/python3.10/site-packages/airflow/example_dags/example_dynamic_task_mapping.py
[2023-05-07T22:47:37.329+0000] {logging_mixin.py:137} INFO - [2023-05-07T22:47:37.329+0000] {dag.py:2690} INFO - Sync 1 DAGs
[2023-05-07T22:47:37.347+0000] {logging_mixin.py:137} INFO - [2023-05-07T22:47:37.346+0000] {dag.py:3437} INFO - Setting next_dagrun for example_dynamic_task_mapping to 2022-03-04T00:00:00+00:00, run_after=2022-03-05T00:00:00+00:00
[2023-05-07T22:47:37.385+0000] {processor.py:175} INFO - Processing /usr/local/python/3.10.4/lib/python3.10/site-packages/airflow/example_dags/example_dynamic_task_mapping.py took 0.098 seconds
[2023-05-07T22:48:18.772+0000] {processor.py:153} INFO - Started process (PID=22084) to work on /usr/local/python/3.10.4/lib/python3.10/site-packages/airflow/example_dags/example_dynamic_task_mapping.py
[2023-05-07T22:48:18.773+0000] {processor.py:743} INFO - Processing file /usr/local/python/3.10.4/lib/python3.10/site-packages/airflow/example_dags/example_dynamic_task_mapping.py for tasks to queue
[2023-05-07T22:48:18.774+0000] {logging_mixin.py:137} INFO - [2023-05-07T22:48:18.774+0000] {dagbag.py:538} INFO - Filling up the DagBag from /usr/local/python/3.10.4/lib/python3.10/site-packages/airflow/example_dags/example_dynamic_task_mapping.py
[2023-05-07T22:48:18.796+0000] {processor.py:753} INFO - DAG(s) dict_keys(['example_dynamic_task_mapping']) retrieved from /usr/local/python/3.10.4/lib/python3.10/site-packages/airflow/example_dags/example_dynamic_task_mapping.py
[2023-05-07T22:48:18.811+0000] {logging_mixin.py:137} INFO - [2023-05-07T22:48:18.811+0000] {dag.py:2690} INFO - Sync 1 DAGs
[2023-05-07T22:48:18.828+0000] {logging_mixin.py:137} INFO - [2023-05-07T22:48:18.828+0000] {dag.py:3437} INFO - Setting next_dagrun for example_dynamic_task_mapping to 2022-03-04T00:00:00+00:00, run_after=2022-03-05T00:00:00+00:00
[2023-05-07T22:48:18.868+0000] {processor.py:175} INFO - Processing /usr/local/python/3.10.4/lib/python3.10/site-packages/airflow/example_dags/example_dynamic_task_mapping.py took 0.103 seconds
[2023-05-07T22:49:01.808+0000] {processor.py:153} INFO - Started process (PID=22501) to work on /usr/local/python/3.10.4/lib/python3.10/site-packages/airflow/example_dags/example_dynamic_task_mapping.py
[2023-05-07T22:49:01.809+0000] {processor.py:743} INFO - Processing file /usr/local/python/3.10.4/lib/python3.10/site-packages/airflow/example_dags/example_dynamic_task_mapping.py for tasks to queue
[2023-05-07T22:49:01.809+0000] {logging_mixin.py:137} INFO - [2023-05-07T22:49:01.809+0000] {dagbag.py:538} INFO - Filling up the DagBag from /usr/local/python/3.10.4/lib/python3.10/site-packages/airflow/example_dags/example_dynamic_task_mapping.py
[2023-05-07T22:49:01.832+0000] {processor.py:753} INFO - DAG(s) dict_keys(['example_dynamic_task_mapping']) retrieved from /usr/local/python/3.10.4/lib/python3.10/site-packages/airflow/example_dags/example_dynamic_task_mapping.py
[2023-05-07T22:49:01.848+0000] {logging_mixin.py:137} INFO - [2023-05-07T22:49:01.848+0000] {dag.py:2690} INFO - Sync 1 DAGs
[2023-05-07T22:49:01.865+0000] {logging_mixin.py:137} INFO - [2023-05-07T22:49:01.865+0000] {dag.py:3437} INFO - Setting next_dagrun for example_dynamic_task_mapping to 2022-03-04T00:00:00+00:00, run_after=2022-03-05T00:00:00+00:00
[2023-05-07T22:49:01.906+0000] {processor.py:175} INFO - Processing /usr/local/python/3.10.4/lib/python3.10/site-packages/airflow/example_dags/example_dynamic_task_mapping.py took 0.100 seconds
[2023-05-07T22:49:47.273+0000] {processor.py:153} INFO - Started process (PID=22955) to work on /usr/local/python/3.10.4/lib/python3.10/site-packages/airflow/example_dags/example_dynamic_task_mapping.py
[2023-05-07T22:49:47.274+0000] {processor.py:743} INFO - Processing file /usr/local/python/3.10.4/lib/python3.10/site-packages/airflow/example_dags/example_dynamic_task_mapping.py for tasks to queue
[2023-05-07T22:49:47.275+0000] {logging_mixin.py:137} INFO - [2023-05-07T22:49:47.274+0000] {dagbag.py:538} INFO - Filling up the DagBag from /usr/local/python/3.10.4/lib/python3.10/site-packages/airflow/example_dags/example_dynamic_task_mapping.py
[2023-05-07T22:49:47.297+0000] {processor.py:753} INFO - DAG(s) dict_keys(['example_dynamic_task_mapping']) retrieved from /usr/local/python/3.10.4/lib/python3.10/site-packages/airflow/example_dags/example_dynamic_task_mapping.py
[2023-05-07T22:49:47.314+0000] {logging_mixin.py:137} INFO - [2023-05-07T22:49:47.314+0000] {dag.py:2690} INFO - Sync 1 DAGs
[2023-05-07T22:49:47.336+0000] {logging_mixin.py:137} INFO - [2023-05-07T22:49:47.336+0000] {dag.py:3437} INFO - Setting next_dagrun for example_dynamic_task_mapping to 2022-03-04T00:00:00+00:00, run_after=2022-03-05T00:00:00+00:00
[2023-05-07T22:49:47.376+0000] {processor.py:175} INFO - Processing /usr/local/python/3.10.4/lib/python3.10/site-packages/airflow/example_dags/example_dynamic_task_mapping.py took 0.106 seconds
[2023-05-07T22:50:29.314+0000] {processor.py:153} INFO - Started process (PID=23273) to work on /usr/local/python/3.10.4/lib/python3.10/site-packages/airflow/example_dags/example_dynamic_task_mapping.py
[2023-05-07T22:50:29.314+0000] {processor.py:743} INFO - Processing file /usr/local/python/3.10.4/lib/python3.10/site-packages/airflow/example_dags/example_dynamic_task_mapping.py for tasks to queue
[2023-05-07T22:50:29.315+0000] {logging_mixin.py:137} INFO - [2023-05-07T22:50:29.315+0000] {dagbag.py:538} INFO - Filling up the DagBag from /usr/local/python/3.10.4/lib/python3.10/site-packages/airflow/example_dags/example_dynamic_task_mapping.py
[2023-05-07T22:50:29.336+0000] {processor.py:753} INFO - DAG(s) dict_keys(['example_dynamic_task_mapping']) retrieved from /usr/local/python/3.10.4/lib/python3.10/site-packages/airflow/example_dags/example_dynamic_task_mapping.py
[2023-05-07T22:50:29.352+0000] {logging_mixin.py:137} INFO - [2023-05-07T22:50:29.352+0000] {dag.py:2690} INFO - Sync 1 DAGs
[2023-05-07T22:50:29.369+0000] {logging_mixin.py:137} INFO - [2023-05-07T22:50:29.369+0000] {dag.py:3437} INFO - Setting next_dagrun for example_dynamic_task_mapping to 2022-03-04T00:00:00+00:00, run_after=2022-03-05T00:00:00+00:00
[2023-05-07T22:50:29.409+0000] {processor.py:175} INFO - Processing /usr/local/python/3.10.4/lib/python3.10/site-packages/airflow/example_dags/example_dynamic_task_mapping.py took 0.099 seconds
[2023-05-07T22:51:14.127+0000] {processor.py:153} INFO - Started process (PID=23661) to work on /usr/local/python/3.10.4/lib/python3.10/site-packages/airflow/example_dags/example_dynamic_task_mapping.py
[2023-05-07T22:51:14.128+0000] {processor.py:743} INFO - Processing file /usr/local/python/3.10.4/lib/python3.10/site-packages/airflow/example_dags/example_dynamic_task_mapping.py for tasks to queue
[2023-05-07T22:51:14.128+0000] {logging_mixin.py:137} INFO - [2023-05-07T22:51:14.128+0000] {dagbag.py:538} INFO - Filling up the DagBag from /usr/local/python/3.10.4/lib/python3.10/site-packages/airflow/example_dags/example_dynamic_task_mapping.py
[2023-05-07T22:51:14.153+0000] {processor.py:753} INFO - DAG(s) dict_keys(['example_dynamic_task_mapping']) retrieved from /usr/local/python/3.10.4/lib/python3.10/site-packages/airflow/example_dags/example_dynamic_task_mapping.py
[2023-05-07T22:51:14.170+0000] {logging_mixin.py:137} INFO - [2023-05-07T22:51:14.170+0000] {dag.py:2690} INFO - Sync 1 DAGs
[2023-05-07T22:51:14.186+0000] {logging_mixin.py:137} INFO - [2023-05-07T22:51:14.186+0000] {dag.py:3437} INFO - Setting next_dagrun for example_dynamic_task_mapping to 2022-03-04T00:00:00+00:00, run_after=2022-03-05T00:00:00+00:00
[2023-05-07T22:51:14.227+0000] {processor.py:175} INFO - Processing /usr/local/python/3.10.4/lib/python3.10/site-packages/airflow/example_dags/example_dynamic_task_mapping.py took 0.103 seconds
[2023-05-07T22:51:55.119+0000] {processor.py:153} INFO - Started process (PID=23923) to work on /usr/local/python/3.10.4/lib/python3.10/site-packages/airflow/example_dags/example_dynamic_task_mapping.py
[2023-05-07T22:51:55.120+0000] {processor.py:743} INFO - Processing file /usr/local/python/3.10.4/lib/python3.10/site-packages/airflow/example_dags/example_dynamic_task_mapping.py for tasks to queue
[2023-05-07T22:51:55.120+0000] {logging_mixin.py:137} INFO - [2023-05-07T22:51:55.120+0000] {dagbag.py:538} INFO - Filling up the DagBag from /usr/local/python/3.10.4/lib/python3.10/site-packages/airflow/example_dags/example_dynamic_task_mapping.py
[2023-05-07T22:51:55.141+0000] {processor.py:753} INFO - DAG(s) dict_keys(['example_dynamic_task_mapping']) retrieved from /usr/local/python/3.10.4/lib/python3.10/site-packages/airflow/example_dags/example_dynamic_task_mapping.py
[2023-05-07T22:51:55.157+0000] {logging_mixin.py:137} INFO - [2023-05-07T22:51:55.157+0000] {dag.py:2690} INFO - Sync 1 DAGs
[2023-05-07T22:51:55.175+0000] {logging_mixin.py:137} INFO - [2023-05-07T22:51:55.175+0000] {dag.py:3437} INFO - Setting next_dagrun for example_dynamic_task_mapping to 2022-03-04T00:00:00+00:00, run_after=2022-03-05T00:00:00+00:00
[2023-05-07T22:51:55.214+0000] {processor.py:175} INFO - Processing /usr/local/python/3.10.4/lib/python3.10/site-packages/airflow/example_dags/example_dynamic_task_mapping.py took 0.098 seconds
[2023-05-07T22:52:38.257+0000] {processor.py:153} INFO - Started process (PID=24090) to work on /usr/local/python/3.10.4/lib/python3.10/site-packages/airflow/example_dags/example_dynamic_task_mapping.py
[2023-05-07T22:52:38.257+0000] {processor.py:743} INFO - Processing file /usr/local/python/3.10.4/lib/python3.10/site-packages/airflow/example_dags/example_dynamic_task_mapping.py for tasks to queue
[2023-05-07T22:52:38.258+0000] {logging_mixin.py:137} INFO - [2023-05-07T22:52:38.258+0000] {dagbag.py:538} INFO - Filling up the DagBag from /usr/local/python/3.10.4/lib/python3.10/site-packages/airflow/example_dags/example_dynamic_task_mapping.py
[2023-05-07T22:52:38.280+0000] {processor.py:753} INFO - DAG(s) dict_keys(['example_dynamic_task_mapping']) retrieved from /usr/local/python/3.10.4/lib/python3.10/site-packages/airflow/example_dags/example_dynamic_task_mapping.py
[2023-05-07T22:52:38.295+0000] {logging_mixin.py:137} INFO - [2023-05-07T22:52:38.295+0000] {dag.py:2690} INFO - Sync 1 DAGs
[2023-05-07T22:52:38.313+0000] {logging_mixin.py:137} INFO - [2023-05-07T22:52:38.313+0000] {dag.py:3437} INFO - Setting next_dagrun for example_dynamic_task_mapping to 2022-03-04T00:00:00+00:00, run_after=2022-03-05T00:00:00+00:00
[2023-05-07T22:52:38.353+0000] {processor.py:175} INFO - Processing /usr/local/python/3.10.4/lib/python3.10/site-packages/airflow/example_dags/example_dynamic_task_mapping.py took 0.099 seconds
