[2023-05-07T22:22:31.621+0000] {processor.py:153} INFO - Started process (PID=9977) to work on /usr/local/python/3.10.4/lib/python3.10/site-packages/airflow/example_dags/example_task_group.py
[2023-05-07T22:22:31.622+0000] {processor.py:743} INFO - Processing file /usr/local/python/3.10.4/lib/python3.10/site-packages/airflow/example_dags/example_task_group.py for tasks to queue
[2023-05-07T22:22:31.622+0000] {logging_mixin.py:137} INFO - [2023-05-07T22:22:31.622+0000] {dagbag.py:538} INFO - Filling up the DagBag from /usr/local/python/3.10.4/lib/python3.10/site-packages/airflow/example_dags/example_task_group.py
[2023-05-07T22:22:31.636+0000] {processor.py:753} INFO - DAG(s) dict_keys(['example_task_group']) retrieved from /usr/local/python/3.10.4/lib/python3.10/site-packages/airflow/example_dags/example_task_group.py
[2023-05-07T22:22:31.804+0000] {logging_mixin.py:137} INFO - [2023-05-07T22:22:31.803+0000] {manager.py:504} INFO - Created Permission View: can edit on DAG:example_task_group
[2023-05-07T22:22:31.839+0000] {logging_mixin.py:137} INFO - [2023-05-07T22:22:31.838+0000] {manager.py:504} INFO - Created Permission View: can delete on DAG:example_task_group
[2023-05-07T22:22:31.871+0000] {logging_mixin.py:137} INFO - [2023-05-07T22:22:31.871+0000] {manager.py:504} INFO - Created Permission View: can read on DAG:example_task_group
[2023-05-07T22:22:31.871+0000] {logging_mixin.py:137} INFO - [2023-05-07T22:22:31.871+0000] {dag.py:2690} INFO - Sync 1 DAGs
[2023-05-07T22:22:31.880+0000] {logging_mixin.py:137} INFO - [2023-05-07T22:22:31.880+0000] {dag.py:2711} INFO - Creating ORM DAG for example_task_group
[2023-05-07T22:22:31.888+0000] {logging_mixin.py:137} INFO - [2023-05-07T22:22:31.888+0000] {dag.py:3437} INFO - Setting next_dagrun for example_task_group to 2023-05-06T22:22:31.887943+00:00, run_after=2023-05-07T22:22:31.887943+00:00
[2023-05-07T22:22:31.937+0000] {processor.py:175} INFO - Processing /usr/local/python/3.10.4/lib/python3.10/site-packages/airflow/example_dags/example_task_group.py took 0.319 seconds
[2023-05-07T22:23:14.537+0000] {processor.py:153} INFO - Started process (PID=10271) to work on /usr/local/python/3.10.4/lib/python3.10/site-packages/airflow/example_dags/example_task_group.py
[2023-05-07T22:23:14.538+0000] {processor.py:743} INFO - Processing file /usr/local/python/3.10.4/lib/python3.10/site-packages/airflow/example_dags/example_task_group.py for tasks to queue
[2023-05-07T22:23:14.538+0000] {logging_mixin.py:137} INFO - [2023-05-07T22:23:14.538+0000] {dagbag.py:538} INFO - Filling up the DagBag from /usr/local/python/3.10.4/lib/python3.10/site-packages/airflow/example_dags/example_task_group.py
[2023-05-07T22:23:14.552+0000] {processor.py:753} INFO - DAG(s) dict_keys(['example_task_group']) retrieved from /usr/local/python/3.10.4/lib/python3.10/site-packages/airflow/example_dags/example_task_group.py
[2023-05-07T22:23:14.571+0000] {logging_mixin.py:137} INFO - [2023-05-07T22:23:14.571+0000] {dag.py:2690} INFO - Sync 1 DAGs
[2023-05-07T22:23:14.587+0000] {logging_mixin.py:137} INFO - [2023-05-07T22:23:14.587+0000] {dag.py:3437} INFO - Setting next_dagrun for example_task_group to 2023-05-06T22:23:14.587585+00:00, run_after=2023-05-07T22:23:14.587585+00:00
[2023-05-07T22:23:14.631+0000] {processor.py:175} INFO - Processing /usr/local/python/3.10.4/lib/python3.10/site-packages/airflow/example_dags/example_task_group.py took 0.098 seconds
[2023-05-07T22:23:55.248+0000] {processor.py:153} INFO - Started process (PID=10674) to work on /usr/local/python/3.10.4/lib/python3.10/site-packages/airflow/example_dags/example_task_group.py
[2023-05-07T22:23:55.249+0000] {processor.py:743} INFO - Processing file /usr/local/python/3.10.4/lib/python3.10/site-packages/airflow/example_dags/example_task_group.py for tasks to queue
[2023-05-07T22:23:55.249+0000] {logging_mixin.py:137} INFO - [2023-05-07T22:23:55.249+0000] {dagbag.py:538} INFO - Filling up the DagBag from /usr/local/python/3.10.4/lib/python3.10/site-packages/airflow/example_dags/example_task_group.py
[2023-05-07T22:23:55.265+0000] {processor.py:753} INFO - DAG(s) dict_keys(['example_task_group']) retrieved from /usr/local/python/3.10.4/lib/python3.10/site-packages/airflow/example_dags/example_task_group.py
[2023-05-07T22:23:55.281+0000] {logging_mixin.py:137} INFO - [2023-05-07T22:23:55.281+0000] {dag.py:2690} INFO - Sync 1 DAGs
[2023-05-07T22:23:55.298+0000] {logging_mixin.py:137} INFO - [2023-05-07T22:23:55.298+0000] {dag.py:3437} INFO - Setting next_dagrun for example_task_group to 2023-05-06T22:23:55.298065+00:00, run_after=2023-05-07T22:23:55.298065+00:00
[2023-05-07T22:23:55.345+0000] {processor.py:175} INFO - Processing /usr/local/python/3.10.4/lib/python3.10/site-packages/airflow/example_dags/example_task_group.py took 0.100 seconds
[2023-05-07T22:24:40.961+0000] {processor.py:153} INFO - Started process (PID=11063) to work on /usr/local/python/3.10.4/lib/python3.10/site-packages/airflow/example_dags/example_task_group.py
[2023-05-07T22:24:40.968+0000] {processor.py:743} INFO - Processing file /usr/local/python/3.10.4/lib/python3.10/site-packages/airflow/example_dags/example_task_group.py for tasks to queue
[2023-05-07T22:24:40.969+0000] {logging_mixin.py:137} INFO - [2023-05-07T22:24:40.969+0000] {dagbag.py:538} INFO - Filling up the DagBag from /usr/local/python/3.10.4/lib/python3.10/site-packages/airflow/example_dags/example_task_group.py
[2023-05-07T22:24:41.076+0000] {processor.py:753} INFO - DAG(s) dict_keys(['example_task_group']) retrieved from /usr/local/python/3.10.4/lib/python3.10/site-packages/airflow/example_dags/example_task_group.py
[2023-05-07T22:24:41.156+0000] {logging_mixin.py:137} INFO - [2023-05-07T22:24:41.156+0000] {dag.py:2690} INFO - Sync 1 DAGs
[2023-05-07T22:24:41.249+0000] {logging_mixin.py:137} INFO - [2023-05-07T22:24:41.249+0000] {dag.py:3437} INFO - Setting next_dagrun for example_task_group to 2023-05-06T22:24:41.248849+00:00, run_after=2023-05-07T22:24:41.248849+00:00
[2023-05-07T22:24:41.384+0000] {processor.py:175} INFO - Processing /usr/local/python/3.10.4/lib/python3.10/site-packages/airflow/example_dags/example_task_group.py took 0.431 seconds
[2023-05-07T22:25:25.415+0000] {processor.py:153} INFO - Started process (PID=11375) to work on /usr/local/python/3.10.4/lib/python3.10/site-packages/airflow/example_dags/example_task_group.py
[2023-05-07T22:25:25.415+0000] {processor.py:743} INFO - Processing file /usr/local/python/3.10.4/lib/python3.10/site-packages/airflow/example_dags/example_task_group.py for tasks to queue
[2023-05-07T22:25:25.416+0000] {logging_mixin.py:137} INFO - [2023-05-07T22:25:25.416+0000] {dagbag.py:538} INFO - Filling up the DagBag from /usr/local/python/3.10.4/lib/python3.10/site-packages/airflow/example_dags/example_task_group.py
[2023-05-07T22:25:25.431+0000] {processor.py:753} INFO - DAG(s) dict_keys(['example_task_group']) retrieved from /usr/local/python/3.10.4/lib/python3.10/site-packages/airflow/example_dags/example_task_group.py
[2023-05-07T22:25:25.447+0000] {logging_mixin.py:137} INFO - [2023-05-07T22:25:25.447+0000] {dag.py:2690} INFO - Sync 1 DAGs
[2023-05-07T22:25:25.464+0000] {logging_mixin.py:137} INFO - [2023-05-07T22:25:25.464+0000] {dag.py:3437} INFO - Setting next_dagrun for example_task_group to 2023-05-06T22:25:25.464443+00:00, run_after=2023-05-07T22:25:25.464443+00:00
[2023-05-07T22:25:25.505+0000] {processor.py:175} INFO - Processing /usr/local/python/3.10.4/lib/python3.10/site-packages/airflow/example_dags/example_task_group.py took 0.093 seconds
[2023-05-07T22:26:09.918+0000] {processor.py:153} INFO - Started process (PID=11691) to work on /usr/local/python/3.10.4/lib/python3.10/site-packages/airflow/example_dags/example_task_group.py
[2023-05-07T22:26:09.919+0000] {processor.py:743} INFO - Processing file /usr/local/python/3.10.4/lib/python3.10/site-packages/airflow/example_dags/example_task_group.py for tasks to queue
[2023-05-07T22:26:09.919+0000] {logging_mixin.py:137} INFO - [2023-05-07T22:26:09.919+0000] {dagbag.py:538} INFO - Filling up the DagBag from /usr/local/python/3.10.4/lib/python3.10/site-packages/airflow/example_dags/example_task_group.py
[2023-05-07T22:26:09.934+0000] {processor.py:753} INFO - DAG(s) dict_keys(['example_task_group']) retrieved from /usr/local/python/3.10.4/lib/python3.10/site-packages/airflow/example_dags/example_task_group.py
[2023-05-07T22:26:09.950+0000] {logging_mixin.py:137} INFO - [2023-05-07T22:26:09.950+0000] {dag.py:2690} INFO - Sync 1 DAGs
[2023-05-07T22:26:09.968+0000] {logging_mixin.py:137} INFO - [2023-05-07T22:26:09.968+0000] {dag.py:3437} INFO - Setting next_dagrun for example_task_group to 2023-05-06T22:26:09.968218+00:00, run_after=2023-05-07T22:26:09.968218+00:00
[2023-05-07T22:26:10.009+0000] {processor.py:175} INFO - Processing /usr/local/python/3.10.4/lib/python3.10/site-packages/airflow/example_dags/example_task_group.py took 0.094 seconds
[2023-05-07T22:26:50.433+0000] {processor.py:153} INFO - Started process (PID=11978) to work on /usr/local/python/3.10.4/lib/python3.10/site-packages/airflow/example_dags/example_task_group.py
[2023-05-07T22:26:50.434+0000] {processor.py:743} INFO - Processing file /usr/local/python/3.10.4/lib/python3.10/site-packages/airflow/example_dags/example_task_group.py for tasks to queue
[2023-05-07T22:26:50.435+0000] {logging_mixin.py:137} INFO - [2023-05-07T22:26:50.435+0000] {dagbag.py:538} INFO - Filling up the DagBag from /usr/local/python/3.10.4/lib/python3.10/site-packages/airflow/example_dags/example_task_group.py
[2023-05-07T22:26:50.450+0000] {processor.py:753} INFO - DAG(s) dict_keys(['example_task_group']) retrieved from /usr/local/python/3.10.4/lib/python3.10/site-packages/airflow/example_dags/example_task_group.py
[2023-05-07T22:26:50.475+0000] {logging_mixin.py:137} INFO - [2023-05-07T22:26:50.475+0000] {dag.py:2690} INFO - Sync 1 DAGs
[2023-05-07T22:26:50.495+0000] {logging_mixin.py:137} INFO - [2023-05-07T22:26:50.495+0000] {dag.py:3437} INFO - Setting next_dagrun for example_task_group to 2023-05-06T22:26:50.495569+00:00, run_after=2023-05-07T22:26:50.495569+00:00
[2023-05-07T22:26:50.538+0000] {processor.py:175} INFO - Processing /usr/local/python/3.10.4/lib/python3.10/site-packages/airflow/example_dags/example_task_group.py took 0.107 seconds
[2023-05-07T22:27:33.426+0000] {processor.py:153} INFO - Started process (PID=12267) to work on /usr/local/python/3.10.4/lib/python3.10/site-packages/airflow/example_dags/example_task_group.py
[2023-05-07T22:27:33.427+0000] {processor.py:743} INFO - Processing file /usr/local/python/3.10.4/lib/python3.10/site-packages/airflow/example_dags/example_task_group.py for tasks to queue
[2023-05-07T22:27:33.428+0000] {logging_mixin.py:137} INFO - [2023-05-07T22:27:33.428+0000] {dagbag.py:538} INFO - Filling up the DagBag from /usr/local/python/3.10.4/lib/python3.10/site-packages/airflow/example_dags/example_task_group.py
[2023-05-07T22:27:33.443+0000] {processor.py:753} INFO - DAG(s) dict_keys(['example_task_group']) retrieved from /usr/local/python/3.10.4/lib/python3.10/site-packages/airflow/example_dags/example_task_group.py
[2023-05-07T22:27:33.470+0000] {logging_mixin.py:137} INFO - [2023-05-07T22:27:33.469+0000] {dag.py:2690} INFO - Sync 1 DAGs
[2023-05-07T22:27:33.496+0000] {logging_mixin.py:137} INFO - [2023-05-07T22:27:33.495+0000] {dag.py:3437} INFO - Setting next_dagrun for example_task_group to 2023-05-06T22:27:33.495660+00:00, run_after=2023-05-07T22:27:33.495660+00:00
[2023-05-07T22:27:33.547+0000] {processor.py:175} INFO - Processing /usr/local/python/3.10.4/lib/python3.10/site-packages/airflow/example_dags/example_task_group.py took 0.130 seconds
[2023-05-07T22:28:17.810+0000] {processor.py:153} INFO - Started process (PID=12587) to work on /usr/local/python/3.10.4/lib/python3.10/site-packages/airflow/example_dags/example_task_group.py
[2023-05-07T22:28:17.811+0000] {processor.py:743} INFO - Processing file /usr/local/python/3.10.4/lib/python3.10/site-packages/airflow/example_dags/example_task_group.py for tasks to queue
[2023-05-07T22:28:17.812+0000] {logging_mixin.py:137} INFO - [2023-05-07T22:28:17.811+0000] {dagbag.py:538} INFO - Filling up the DagBag from /usr/local/python/3.10.4/lib/python3.10/site-packages/airflow/example_dags/example_task_group.py
[2023-05-07T22:28:17.826+0000] {processor.py:753} INFO - DAG(s) dict_keys(['example_task_group']) retrieved from /usr/local/python/3.10.4/lib/python3.10/site-packages/airflow/example_dags/example_task_group.py
[2023-05-07T22:28:17.842+0000] {logging_mixin.py:137} INFO - [2023-05-07T22:28:17.842+0000] {dag.py:2690} INFO - Sync 1 DAGs
[2023-05-07T22:28:17.859+0000] {logging_mixin.py:137} INFO - [2023-05-07T22:28:17.859+0000] {dag.py:3437} INFO - Setting next_dagrun for example_task_group to 2023-05-06T22:28:17.859080+00:00, run_after=2023-05-07T22:28:17.859080+00:00
[2023-05-07T22:28:17.900+0000] {processor.py:175} INFO - Processing /usr/local/python/3.10.4/lib/python3.10/site-packages/airflow/example_dags/example_task_group.py took 0.093 seconds
[2023-05-07T22:29:00.797+0000] {processor.py:153} INFO - Started process (PID=12877) to work on /usr/local/python/3.10.4/lib/python3.10/site-packages/airflow/example_dags/example_task_group.py
[2023-05-07T22:29:00.797+0000] {processor.py:743} INFO - Processing file /usr/local/python/3.10.4/lib/python3.10/site-packages/airflow/example_dags/example_task_group.py for tasks to queue
[2023-05-07T22:29:00.798+0000] {logging_mixin.py:137} INFO - [2023-05-07T22:29:00.798+0000] {dagbag.py:538} INFO - Filling up the DagBag from /usr/local/python/3.10.4/lib/python3.10/site-packages/airflow/example_dags/example_task_group.py
[2023-05-07T22:29:00.813+0000] {processor.py:753} INFO - DAG(s) dict_keys(['example_task_group']) retrieved from /usr/local/python/3.10.4/lib/python3.10/site-packages/airflow/example_dags/example_task_group.py
[2023-05-07T22:29:00.836+0000] {logging_mixin.py:137} INFO - [2023-05-07T22:29:00.835+0000] {dag.py:2690} INFO - Sync 1 DAGs
[2023-05-07T22:29:00.858+0000] {logging_mixin.py:137} INFO - [2023-05-07T22:29:00.858+0000] {dag.py:3437} INFO - Setting next_dagrun for example_task_group to 2023-05-06T22:29:00.858169+00:00, run_after=2023-05-07T22:29:00.858169+00:00
[2023-05-07T22:29:00.901+0000] {processor.py:175} INFO - Processing /usr/local/python/3.10.4/lib/python3.10/site-packages/airflow/example_dags/example_task_group.py took 0.107 seconds
[2023-05-07T22:29:43.957+0000] {processor.py:153} INFO - Started process (PID=13178) to work on /usr/local/python/3.10.4/lib/python3.10/site-packages/airflow/example_dags/example_task_group.py
[2023-05-07T22:29:43.958+0000] {processor.py:743} INFO - Processing file /usr/local/python/3.10.4/lib/python3.10/site-packages/airflow/example_dags/example_task_group.py for tasks to queue
[2023-05-07T22:29:43.958+0000] {logging_mixin.py:137} INFO - [2023-05-07T22:29:43.958+0000] {dagbag.py:538} INFO - Filling up the DagBag from /usr/local/python/3.10.4/lib/python3.10/site-packages/airflow/example_dags/example_task_group.py
[2023-05-07T22:29:43.973+0000] {processor.py:753} INFO - DAG(s) dict_keys(['example_task_group']) retrieved from /usr/local/python/3.10.4/lib/python3.10/site-packages/airflow/example_dags/example_task_group.py
[2023-05-07T22:29:43.990+0000] {logging_mixin.py:137} INFO - [2023-05-07T22:29:43.990+0000] {dag.py:2690} INFO - Sync 1 DAGs
[2023-05-07T22:29:44.006+0000] {logging_mixin.py:137} INFO - [2023-05-07T22:29:44.006+0000] {dag.py:3437} INFO - Setting next_dagrun for example_task_group to 2023-05-06T22:29:44.006497+00:00, run_after=2023-05-07T22:29:44.006497+00:00
[2023-05-07T22:29:44.048+0000] {processor.py:175} INFO - Processing /usr/local/python/3.10.4/lib/python3.10/site-packages/airflow/example_dags/example_task_group.py took 0.094 seconds
[2023-05-07T22:30:36.278+0000] {processor.py:153} INFO - Started process (PID=13534) to work on /usr/local/python/3.10.4/lib/python3.10/site-packages/airflow/example_dags/example_task_group.py
[2023-05-07T22:30:36.279+0000] {processor.py:743} INFO - Processing file /usr/local/python/3.10.4/lib/python3.10/site-packages/airflow/example_dags/example_task_group.py for tasks to queue
[2023-05-07T22:30:36.280+0000] {logging_mixin.py:137} INFO - [2023-05-07T22:30:36.279+0000] {dagbag.py:538} INFO - Filling up the DagBag from /usr/local/python/3.10.4/lib/python3.10/site-packages/airflow/example_dags/example_task_group.py
[2023-05-07T22:30:36.294+0000] {processor.py:753} INFO - DAG(s) dict_keys(['example_task_group']) retrieved from /usr/local/python/3.10.4/lib/python3.10/site-packages/airflow/example_dags/example_task_group.py
[2023-05-07T22:30:36.311+0000] {logging_mixin.py:137} INFO - [2023-05-07T22:30:36.311+0000] {dag.py:2690} INFO - Sync 1 DAGs
[2023-05-07T22:30:36.444+0000] {logging_mixin.py:137} INFO - [2023-05-07T22:30:36.443+0000] {dag.py:3437} INFO - Setting next_dagrun for example_task_group to 2023-05-06T22:30:36.443660+00:00, run_after=2023-05-07T22:30:36.443660+00:00
[2023-05-07T22:30:36.485+0000] {processor.py:175} INFO - Processing /usr/local/python/3.10.4/lib/python3.10/site-packages/airflow/example_dags/example_task_group.py took 0.209 seconds
[2023-05-07T22:31:27.620+0000] {processor.py:153} INFO - Started process (PID=13876) to work on /usr/local/python/3.10.4/lib/python3.10/site-packages/airflow/example_dags/example_task_group.py
[2023-05-07T22:31:27.621+0000] {processor.py:743} INFO - Processing file /usr/local/python/3.10.4/lib/python3.10/site-packages/airflow/example_dags/example_task_group.py for tasks to queue
[2023-05-07T22:31:27.622+0000] {logging_mixin.py:137} INFO - [2023-05-07T22:31:27.622+0000] {dagbag.py:538} INFO - Filling up the DagBag from /usr/local/python/3.10.4/lib/python3.10/site-packages/airflow/example_dags/example_task_group.py
[2023-05-07T22:31:27.636+0000] {processor.py:753} INFO - DAG(s) dict_keys(['example_task_group']) retrieved from /usr/local/python/3.10.4/lib/python3.10/site-packages/airflow/example_dags/example_task_group.py
[2023-05-07T22:31:27.653+0000] {logging_mixin.py:137} INFO - [2023-05-07T22:31:27.652+0000] {dag.py:2690} INFO - Sync 1 DAGs
[2023-05-07T22:31:27.805+0000] {logging_mixin.py:137} INFO - [2023-05-07T22:31:27.805+0000] {dag.py:3437} INFO - Setting next_dagrun for example_task_group to 2023-05-06T22:31:27.804759+00:00, run_after=2023-05-07T22:31:27.804759+00:00
[2023-05-07T22:31:27.844+0000] {processor.py:175} INFO - Processing /usr/local/python/3.10.4/lib/python3.10/site-packages/airflow/example_dags/example_task_group.py took 0.226 seconds
[2023-05-07T22:32:12.333+0000] {processor.py:153} INFO - Started process (PID=14197) to work on /usr/local/python/3.10.4/lib/python3.10/site-packages/airflow/example_dags/example_task_group.py
[2023-05-07T22:32:12.334+0000] {processor.py:743} INFO - Processing file /usr/local/python/3.10.4/lib/python3.10/site-packages/airflow/example_dags/example_task_group.py for tasks to queue
[2023-05-07T22:32:12.335+0000] {logging_mixin.py:137} INFO - [2023-05-07T22:32:12.335+0000] {dagbag.py:538} INFO - Filling up the DagBag from /usr/local/python/3.10.4/lib/python3.10/site-packages/airflow/example_dags/example_task_group.py
[2023-05-07T22:32:12.349+0000] {processor.py:753} INFO - DAG(s) dict_keys(['example_task_group']) retrieved from /usr/local/python/3.10.4/lib/python3.10/site-packages/airflow/example_dags/example_task_group.py
[2023-05-07T22:32:12.476+0000] {logging_mixin.py:137} INFO - [2023-05-07T22:32:12.476+0000] {dag.py:2690} INFO - Sync 1 DAGs
[2023-05-07T22:32:12.491+0000] {logging_mixin.py:137} INFO - [2023-05-07T22:32:12.491+0000] {dag.py:3437} INFO - Setting next_dagrun for example_task_group to 2023-05-06T22:32:12.490973+00:00, run_after=2023-05-07T22:32:12.490973+00:00
[2023-05-07T22:32:12.532+0000] {processor.py:175} INFO - Processing /usr/local/python/3.10.4/lib/python3.10/site-packages/airflow/example_dags/example_task_group.py took 0.201 seconds
[2023-05-07T22:32:59.593+0000] {processor.py:153} INFO - Started process (PID=14519) to work on /usr/local/python/3.10.4/lib/python3.10/site-packages/airflow/example_dags/example_task_group.py
[2023-05-07T22:32:59.594+0000] {processor.py:743} INFO - Processing file /usr/local/python/3.10.4/lib/python3.10/site-packages/airflow/example_dags/example_task_group.py for tasks to queue
[2023-05-07T22:32:59.594+0000] {logging_mixin.py:137} INFO - [2023-05-07T22:32:59.594+0000] {dagbag.py:538} INFO - Filling up the DagBag from /usr/local/python/3.10.4/lib/python3.10/site-packages/airflow/example_dags/example_task_group.py
[2023-05-07T22:32:59.615+0000] {processor.py:753} INFO - DAG(s) dict_keys(['example_task_group']) retrieved from /usr/local/python/3.10.4/lib/python3.10/site-packages/airflow/example_dags/example_task_group.py
[2023-05-07T22:32:59.740+0000] {logging_mixin.py:137} INFO - [2023-05-07T22:32:59.740+0000] {dag.py:2690} INFO - Sync 1 DAGs
[2023-05-07T22:32:59.755+0000] {logging_mixin.py:137} INFO - [2023-05-07T22:32:59.755+0000] {dag.py:3437} INFO - Setting next_dagrun for example_task_group to 2023-05-06T22:32:59.755041+00:00, run_after=2023-05-07T22:32:59.755041+00:00
[2023-05-07T22:32:59.795+0000] {processor.py:175} INFO - Processing /usr/local/python/3.10.4/lib/python3.10/site-packages/airflow/example_dags/example_task_group.py took 0.206 seconds
[2023-05-07T22:33:49.597+0000] {processor.py:153} INFO - Started process (PID=14874) to work on /usr/local/python/3.10.4/lib/python3.10/site-packages/airflow/example_dags/example_task_group.py
[2023-05-07T22:33:49.597+0000] {processor.py:743} INFO - Processing file /usr/local/python/3.10.4/lib/python3.10/site-packages/airflow/example_dags/example_task_group.py for tasks to queue
[2023-05-07T22:33:49.598+0000] {logging_mixin.py:137} INFO - [2023-05-07T22:33:49.598+0000] {dagbag.py:538} INFO - Filling up the DagBag from /usr/local/python/3.10.4/lib/python3.10/site-packages/airflow/example_dags/example_task_group.py
[2023-05-07T22:33:49.725+0000] {processor.py:753} INFO - DAG(s) dict_keys(['example_task_group']) retrieved from /usr/local/python/3.10.4/lib/python3.10/site-packages/airflow/example_dags/example_task_group.py
[2023-05-07T22:33:49.739+0000] {logging_mixin.py:137} INFO - [2023-05-07T22:33:49.738+0000] {dag.py:2690} INFO - Sync 1 DAGs
[2023-05-07T22:33:49.754+0000] {logging_mixin.py:137} INFO - [2023-05-07T22:33:49.753+0000] {dag.py:3437} INFO - Setting next_dagrun for example_task_group to 2023-05-06T22:33:49.753756+00:00, run_after=2023-05-07T22:33:49.753756+00:00
[2023-05-07T22:33:49.794+0000] {processor.py:175} INFO - Processing /usr/local/python/3.10.4/lib/python3.10/site-packages/airflow/example_dags/example_task_group.py took 0.200 seconds
[2023-05-07T22:34:37.131+0000] {processor.py:153} INFO - Started process (PID=15269) to work on /usr/local/python/3.10.4/lib/python3.10/site-packages/airflow/example_dags/example_task_group.py
[2023-05-07T22:34:37.132+0000] {processor.py:743} INFO - Processing file /usr/local/python/3.10.4/lib/python3.10/site-packages/airflow/example_dags/example_task_group.py for tasks to queue
[2023-05-07T22:34:37.133+0000] {logging_mixin.py:137} INFO - [2023-05-07T22:34:37.133+0000] {dagbag.py:538} INFO - Filling up the DagBag from /usr/local/python/3.10.4/lib/python3.10/site-packages/airflow/example_dags/example_task_group.py
[2023-05-07T22:34:37.148+0000] {processor.py:753} INFO - DAG(s) dict_keys(['example_task_group']) retrieved from /usr/local/python/3.10.4/lib/python3.10/site-packages/airflow/example_dags/example_task_group.py
[2023-05-07T22:34:37.164+0000] {logging_mixin.py:137} INFO - [2023-05-07T22:34:37.164+0000] {dag.py:2690} INFO - Sync 1 DAGs
[2023-05-07T22:34:37.181+0000] {logging_mixin.py:137} INFO - [2023-05-07T22:34:37.181+0000] {dag.py:3437} INFO - Setting next_dagrun for example_task_group to 2023-05-06T22:34:37.181572+00:00, run_after=2023-05-07T22:34:37.181572+00:00
[2023-05-07T22:34:37.224+0000] {processor.py:175} INFO - Processing /usr/local/python/3.10.4/lib/python3.10/site-packages/airflow/example_dags/example_task_group.py took 0.096 seconds
[2023-05-07T22:35:14.421+0000] {processor.py:153} INFO - Started process (PID=15536) to work on /usr/local/python/3.10.4/lib/python3.10/site-packages/airflow/example_dags/example_task_group.py
[2023-05-07T22:35:14.421+0000] {processor.py:743} INFO - Processing file /usr/local/python/3.10.4/lib/python3.10/site-packages/airflow/example_dags/example_task_group.py for tasks to queue
[2023-05-07T22:35:14.422+0000] {logging_mixin.py:137} INFO - [2023-05-07T22:35:14.422+0000] {dagbag.py:538} INFO - Filling up the DagBag from /usr/local/python/3.10.4/lib/python3.10/site-packages/airflow/example_dags/example_task_group.py
[2023-05-07T22:35:14.436+0000] {processor.py:753} INFO - DAG(s) dict_keys(['example_task_group']) retrieved from /usr/local/python/3.10.4/lib/python3.10/site-packages/airflow/example_dags/example_task_group.py
[2023-05-07T22:35:14.453+0000] {logging_mixin.py:137} INFO - [2023-05-07T22:35:14.453+0000] {dag.py:2690} INFO - Sync 1 DAGs
[2023-05-07T22:35:14.471+0000] {logging_mixin.py:137} INFO - [2023-05-07T22:35:14.470+0000] {dag.py:3437} INFO - Setting next_dagrun for example_task_group to 2023-05-06T22:35:14.470711+00:00, run_after=2023-05-07T22:35:14.470711+00:00
[2023-05-07T22:35:14.513+0000] {processor.py:175} INFO - Processing /usr/local/python/3.10.4/lib/python3.10/site-packages/airflow/example_dags/example_task_group.py took 0.095 seconds
[2023-05-07T22:35:56.097+0000] {processor.py:153} INFO - Started process (PID=15823) to work on /usr/local/python/3.10.4/lib/python3.10/site-packages/airflow/example_dags/example_task_group.py
[2023-05-07T22:35:56.098+0000] {processor.py:743} INFO - Processing file /usr/local/python/3.10.4/lib/python3.10/site-packages/airflow/example_dags/example_task_group.py for tasks to queue
[2023-05-07T22:35:56.099+0000] {logging_mixin.py:137} INFO - [2023-05-07T22:35:56.098+0000] {dagbag.py:538} INFO - Filling up the DagBag from /usr/local/python/3.10.4/lib/python3.10/site-packages/airflow/example_dags/example_task_group.py
[2023-05-07T22:35:56.113+0000] {processor.py:753} INFO - DAG(s) dict_keys(['example_task_group']) retrieved from /usr/local/python/3.10.4/lib/python3.10/site-packages/airflow/example_dags/example_task_group.py
[2023-05-07T22:35:56.129+0000] {logging_mixin.py:137} INFO - [2023-05-07T22:35:56.129+0000] {dag.py:2690} INFO - Sync 1 DAGs
[2023-05-07T22:35:56.148+0000] {logging_mixin.py:137} INFO - [2023-05-07T22:35:56.147+0000] {dag.py:3437} INFO - Setting next_dagrun for example_task_group to 2023-05-06T22:35:56.147736+00:00, run_after=2023-05-07T22:35:56.147736+00:00
[2023-05-07T22:35:56.188+0000] {processor.py:175} INFO - Processing /usr/local/python/3.10.4/lib/python3.10/site-packages/airflow/example_dags/example_task_group.py took 0.095 seconds
[2023-05-07T22:36:42.123+0000] {processor.py:153} INFO - Started process (PID=16149) to work on /usr/local/python/3.10.4/lib/python3.10/site-packages/airflow/example_dags/example_task_group.py
[2023-05-07T22:36:42.124+0000] {processor.py:743} INFO - Processing file /usr/local/python/3.10.4/lib/python3.10/site-packages/airflow/example_dags/example_task_group.py for tasks to queue
[2023-05-07T22:36:42.124+0000] {logging_mixin.py:137} INFO - [2023-05-07T22:36:42.124+0000] {dagbag.py:538} INFO - Filling up the DagBag from /usr/local/python/3.10.4/lib/python3.10/site-packages/airflow/example_dags/example_task_group.py
[2023-05-07T22:36:42.139+0000] {processor.py:753} INFO - DAG(s) dict_keys(['example_task_group']) retrieved from /usr/local/python/3.10.4/lib/python3.10/site-packages/airflow/example_dags/example_task_group.py
[2023-05-07T22:36:42.157+0000] {logging_mixin.py:137} INFO - [2023-05-07T22:36:42.157+0000] {dag.py:2690} INFO - Sync 1 DAGs
[2023-05-07T22:36:42.174+0000] {logging_mixin.py:137} INFO - [2023-05-07T22:36:42.174+0000] {dag.py:3437} INFO - Setting next_dagrun for example_task_group to 2023-05-06T22:36:42.174024+00:00, run_after=2023-05-07T22:36:42.174024+00:00
[2023-05-07T22:36:42.215+0000] {processor.py:175} INFO - Processing /usr/local/python/3.10.4/lib/python3.10/site-packages/airflow/example_dags/example_task_group.py took 0.095 seconds
[2023-05-07T22:37:24.082+0000] {processor.py:153} INFO - Started process (PID=16447) to work on /usr/local/python/3.10.4/lib/python3.10/site-packages/airflow/example_dags/example_task_group.py
[2023-05-07T22:37:24.083+0000] {processor.py:743} INFO - Processing file /usr/local/python/3.10.4/lib/python3.10/site-packages/airflow/example_dags/example_task_group.py for tasks to queue
[2023-05-07T22:37:24.084+0000] {logging_mixin.py:137} INFO - [2023-05-07T22:37:24.084+0000] {dagbag.py:538} INFO - Filling up the DagBag from /usr/local/python/3.10.4/lib/python3.10/site-packages/airflow/example_dags/example_task_group.py
[2023-05-07T22:37:24.099+0000] {processor.py:753} INFO - DAG(s) dict_keys(['example_task_group']) retrieved from /usr/local/python/3.10.4/lib/python3.10/site-packages/airflow/example_dags/example_task_group.py
[2023-05-07T22:37:24.115+0000] {logging_mixin.py:137} INFO - [2023-05-07T22:37:24.115+0000] {dag.py:2690} INFO - Sync 1 DAGs
[2023-05-07T22:37:24.132+0000] {logging_mixin.py:137} INFO - [2023-05-07T22:37:24.132+0000] {dag.py:3437} INFO - Setting next_dagrun for example_task_group to 2023-05-06T22:37:24.132266+00:00, run_after=2023-05-07T22:37:24.132266+00:00
[2023-05-07T22:37:24.173+0000] {processor.py:175} INFO - Processing /usr/local/python/3.10.4/lib/python3.10/site-packages/airflow/example_dags/example_task_group.py took 0.094 seconds
[2023-05-07T22:38:08.600+0000] {processor.py:153} INFO - Started process (PID=16784) to work on /usr/local/python/3.10.4/lib/python3.10/site-packages/airflow/example_dags/example_task_group.py
[2023-05-07T22:38:08.600+0000] {processor.py:743} INFO - Processing file /usr/local/python/3.10.4/lib/python3.10/site-packages/airflow/example_dags/example_task_group.py for tasks to queue
[2023-05-07T22:38:08.601+0000] {logging_mixin.py:137} INFO - [2023-05-07T22:38:08.601+0000] {dagbag.py:538} INFO - Filling up the DagBag from /usr/local/python/3.10.4/lib/python3.10/site-packages/airflow/example_dags/example_task_group.py
[2023-05-07T22:38:08.616+0000] {processor.py:753} INFO - DAG(s) dict_keys(['example_task_group']) retrieved from /usr/local/python/3.10.4/lib/python3.10/site-packages/airflow/example_dags/example_task_group.py
[2023-05-07T22:38:08.633+0000] {logging_mixin.py:137} INFO - [2023-05-07T22:38:08.633+0000] {dag.py:2690} INFO - Sync 1 DAGs
[2023-05-07T22:38:08.650+0000] {logging_mixin.py:137} INFO - [2023-05-07T22:38:08.650+0000] {dag.py:3437} INFO - Setting next_dagrun for example_task_group to 2023-05-06T22:38:08.650426+00:00, run_after=2023-05-07T22:38:08.650426+00:00
[2023-05-07T22:38:08.693+0000] {processor.py:175} INFO - Processing /usr/local/python/3.10.4/lib/python3.10/site-packages/airflow/example_dags/example_task_group.py took 0.097 seconds
[2023-05-07T22:38:54.386+0000] {processor.py:153} INFO - Started process (PID=17097) to work on /usr/local/python/3.10.4/lib/python3.10/site-packages/airflow/example_dags/example_task_group.py
[2023-05-07T22:38:54.386+0000] {processor.py:743} INFO - Processing file /usr/local/python/3.10.4/lib/python3.10/site-packages/airflow/example_dags/example_task_group.py for tasks to queue
[2023-05-07T22:38:54.387+0000] {logging_mixin.py:137} INFO - [2023-05-07T22:38:54.387+0000] {dagbag.py:538} INFO - Filling up the DagBag from /usr/local/python/3.10.4/lib/python3.10/site-packages/airflow/example_dags/example_task_group.py
[2023-05-07T22:38:54.401+0000] {processor.py:753} INFO - DAG(s) dict_keys(['example_task_group']) retrieved from /usr/local/python/3.10.4/lib/python3.10/site-packages/airflow/example_dags/example_task_group.py
[2023-05-07T22:38:54.420+0000] {logging_mixin.py:137} INFO - [2023-05-07T22:38:54.420+0000] {dag.py:2690} INFO - Sync 1 DAGs
[2023-05-07T22:38:54.445+0000] {logging_mixin.py:137} INFO - [2023-05-07T22:38:54.445+0000] {dag.py:3437} INFO - Setting next_dagrun for example_task_group to 2023-05-06T22:38:54.444922+00:00, run_after=2023-05-07T22:38:54.444922+00:00
[2023-05-07T22:38:54.491+0000] {processor.py:175} INFO - Processing /usr/local/python/3.10.4/lib/python3.10/site-packages/airflow/example_dags/example_task_group.py took 0.109 seconds
[2023-05-07T22:39:37.664+0000] {processor.py:153} INFO - Started process (PID=17410) to work on /usr/local/python/3.10.4/lib/python3.10/site-packages/airflow/example_dags/example_task_group.py
[2023-05-07T22:39:37.665+0000] {processor.py:743} INFO - Processing file /usr/local/python/3.10.4/lib/python3.10/site-packages/airflow/example_dags/example_task_group.py for tasks to queue
[2023-05-07T22:39:37.666+0000] {logging_mixin.py:137} INFO - [2023-05-07T22:39:37.666+0000] {dagbag.py:538} INFO - Filling up the DagBag from /usr/local/python/3.10.4/lib/python3.10/site-packages/airflow/example_dags/example_task_group.py
[2023-05-07T22:39:37.688+0000] {processor.py:753} INFO - DAG(s) dict_keys(['example_task_group']) retrieved from /usr/local/python/3.10.4/lib/python3.10/site-packages/airflow/example_dags/example_task_group.py
[2023-05-07T22:39:37.711+0000] {logging_mixin.py:137} INFO - [2023-05-07T22:39:37.711+0000] {dag.py:2690} INFO - Sync 1 DAGs
[2023-05-07T22:39:37.729+0000] {logging_mixin.py:137} INFO - [2023-05-07T22:39:37.729+0000] {dag.py:3437} INFO - Setting next_dagrun for example_task_group to 2023-05-06T22:39:37.729531+00:00, run_after=2023-05-07T22:39:37.729531+00:00
[2023-05-07T22:39:37.777+0000] {processor.py:175} INFO - Processing /usr/local/python/3.10.4/lib/python3.10/site-packages/airflow/example_dags/example_task_group.py took 0.117 seconds
[2023-05-07T22:40:19.408+0000] {processor.py:153} INFO - Started process (PID=17730) to work on /usr/local/python/3.10.4/lib/python3.10/site-packages/airflow/example_dags/example_task_group.py
[2023-05-07T22:40:19.409+0000] {processor.py:743} INFO - Processing file /usr/local/python/3.10.4/lib/python3.10/site-packages/airflow/example_dags/example_task_group.py for tasks to queue
[2023-05-07T22:40:19.409+0000] {logging_mixin.py:137} INFO - [2023-05-07T22:40:19.409+0000] {dagbag.py:538} INFO - Filling up the DagBag from /usr/local/python/3.10.4/lib/python3.10/site-packages/airflow/example_dags/example_task_group.py
[2023-05-07T22:40:19.424+0000] {processor.py:753} INFO - DAG(s) dict_keys(['example_task_group']) retrieved from /usr/local/python/3.10.4/lib/python3.10/site-packages/airflow/example_dags/example_task_group.py
[2023-05-07T22:40:19.441+0000] {logging_mixin.py:137} INFO - [2023-05-07T22:40:19.440+0000] {dag.py:2690} INFO - Sync 1 DAGs
[2023-05-07T22:40:19.458+0000] {logging_mixin.py:137} INFO - [2023-05-07T22:40:19.458+0000] {dag.py:3437} INFO - Setting next_dagrun for example_task_group to 2023-05-06T22:40:19.458224+00:00, run_after=2023-05-07T22:40:19.458224+00:00
[2023-05-07T22:40:19.499+0000] {processor.py:175} INFO - Processing /usr/local/python/3.10.4/lib/python3.10/site-packages/airflow/example_dags/example_task_group.py took 0.094 seconds
[2023-05-07T22:41:00.682+0000] {processor.py:153} INFO - Started process (PID=18042) to work on /usr/local/python/3.10.4/lib/python3.10/site-packages/airflow/example_dags/example_task_group.py
[2023-05-07T22:41:00.683+0000] {processor.py:743} INFO - Processing file /usr/local/python/3.10.4/lib/python3.10/site-packages/airflow/example_dags/example_task_group.py for tasks to queue
[2023-05-07T22:41:00.683+0000] {logging_mixin.py:137} INFO - [2023-05-07T22:41:00.683+0000] {dagbag.py:538} INFO - Filling up the DagBag from /usr/local/python/3.10.4/lib/python3.10/site-packages/airflow/example_dags/example_task_group.py
[2023-05-07T22:41:00.698+0000] {processor.py:753} INFO - DAG(s) dict_keys(['example_task_group']) retrieved from /usr/local/python/3.10.4/lib/python3.10/site-packages/airflow/example_dags/example_task_group.py
[2023-05-07T22:41:00.715+0000] {logging_mixin.py:137} INFO - [2023-05-07T22:41:00.715+0000] {dag.py:2690} INFO - Sync 1 DAGs
[2023-05-07T22:41:00.731+0000] {logging_mixin.py:137} INFO - [2023-05-07T22:41:00.731+0000] {dag.py:3437} INFO - Setting next_dagrun for example_task_group to 2023-05-06T22:41:00.731528+00:00, run_after=2023-05-07T22:41:00.731528+00:00
[2023-05-07T22:41:00.771+0000] {processor.py:175} INFO - Processing /usr/local/python/3.10.4/lib/python3.10/site-packages/airflow/example_dags/example_task_group.py took 0.092 seconds
[2023-05-07T22:41:39.451+0000] {processor.py:153} INFO - Started process (PID=18321) to work on /usr/local/python/3.10.4/lib/python3.10/site-packages/airflow/example_dags/example_task_group.py
[2023-05-07T22:41:39.452+0000] {processor.py:743} INFO - Processing file /usr/local/python/3.10.4/lib/python3.10/site-packages/airflow/example_dags/example_task_group.py for tasks to queue
[2023-05-07T22:41:39.452+0000] {logging_mixin.py:137} INFO - [2023-05-07T22:41:39.452+0000] {dagbag.py:538} INFO - Filling up the DagBag from /usr/local/python/3.10.4/lib/python3.10/site-packages/airflow/example_dags/example_task_group.py
[2023-05-07T22:41:39.467+0000] {processor.py:753} INFO - DAG(s) dict_keys(['example_task_group']) retrieved from /usr/local/python/3.10.4/lib/python3.10/site-packages/airflow/example_dags/example_task_group.py
[2023-05-07T22:41:39.488+0000] {logging_mixin.py:137} INFO - [2023-05-07T22:41:39.488+0000] {dag.py:2690} INFO - Sync 1 DAGs
[2023-05-07T22:41:39.505+0000] {logging_mixin.py:137} INFO - [2023-05-07T22:41:39.505+0000] {dag.py:3437} INFO - Setting next_dagrun for example_task_group to 2023-05-06T22:41:39.504819+00:00, run_after=2023-05-07T22:41:39.504819+00:00
[2023-05-07T22:41:39.546+0000] {processor.py:175} INFO - Processing /usr/local/python/3.10.4/lib/python3.10/site-packages/airflow/example_dags/example_task_group.py took 0.099 seconds
[2023-05-07T22:42:20.134+0000] {processor.py:153} INFO - Started process (PID=18669) to work on /usr/local/python/3.10.4/lib/python3.10/site-packages/airflow/example_dags/example_task_group.py
[2023-05-07T22:42:20.135+0000] {processor.py:743} INFO - Processing file /usr/local/python/3.10.4/lib/python3.10/site-packages/airflow/example_dags/example_task_group.py for tasks to queue
[2023-05-07T22:42:20.135+0000] {logging_mixin.py:137} INFO - [2023-05-07T22:42:20.135+0000] {dagbag.py:538} INFO - Filling up the DagBag from /usr/local/python/3.10.4/lib/python3.10/site-packages/airflow/example_dags/example_task_group.py
[2023-05-07T22:42:20.152+0000] {processor.py:753} INFO - DAG(s) dict_keys(['example_task_group']) retrieved from /usr/local/python/3.10.4/lib/python3.10/site-packages/airflow/example_dags/example_task_group.py
[2023-05-07T22:42:20.170+0000] {logging_mixin.py:137} INFO - [2023-05-07T22:42:20.170+0000] {dag.py:2690} INFO - Sync 1 DAGs
[2023-05-07T22:42:20.187+0000] {logging_mixin.py:137} INFO - [2023-05-07T22:42:20.187+0000] {dag.py:3437} INFO - Setting next_dagrun for example_task_group to 2023-05-06T22:42:20.187406+00:00, run_after=2023-05-07T22:42:20.187406+00:00
[2023-05-07T22:42:20.228+0000] {processor.py:175} INFO - Processing /usr/local/python/3.10.4/lib/python3.10/site-packages/airflow/example_dags/example_task_group.py took 0.097 seconds
[2023-05-07T22:43:04.272+0000] {processor.py:153} INFO - Started process (PID=19070) to work on /usr/local/python/3.10.4/lib/python3.10/site-packages/airflow/example_dags/example_task_group.py
[2023-05-07T22:43:04.272+0000] {processor.py:743} INFO - Processing file /usr/local/python/3.10.4/lib/python3.10/site-packages/airflow/example_dags/example_task_group.py for tasks to queue
[2023-05-07T22:43:04.273+0000] {logging_mixin.py:137} INFO - [2023-05-07T22:43:04.273+0000] {dagbag.py:538} INFO - Filling up the DagBag from /usr/local/python/3.10.4/lib/python3.10/site-packages/airflow/example_dags/example_task_group.py
[2023-05-07T22:43:04.288+0000] {processor.py:753} INFO - DAG(s) dict_keys(['example_task_group']) retrieved from /usr/local/python/3.10.4/lib/python3.10/site-packages/airflow/example_dags/example_task_group.py
[2023-05-07T22:43:04.304+0000] {logging_mixin.py:137} INFO - [2023-05-07T22:43:04.304+0000] {dag.py:2690} INFO - Sync 1 DAGs
[2023-05-07T22:43:04.321+0000] {logging_mixin.py:137} INFO - [2023-05-07T22:43:04.320+0000] {dag.py:3437} INFO - Setting next_dagrun for example_task_group to 2023-05-06T22:43:04.320796+00:00, run_after=2023-05-07T22:43:04.320796+00:00
[2023-05-07T22:43:04.361+0000] {processor.py:175} INFO - Processing /usr/local/python/3.10.4/lib/python3.10/site-packages/airflow/example_dags/example_task_group.py took 0.092 seconds
[2023-05-07T22:43:47.251+0000] {processor.py:153} INFO - Started process (PID=19570) to work on /usr/local/python/3.10.4/lib/python3.10/site-packages/airflow/example_dags/example_task_group.py
[2023-05-07T22:43:47.252+0000] {processor.py:743} INFO - Processing file /usr/local/python/3.10.4/lib/python3.10/site-packages/airflow/example_dags/example_task_group.py for tasks to queue
[2023-05-07T22:43:47.253+0000] {logging_mixin.py:137} INFO - [2023-05-07T22:43:47.252+0000] {dagbag.py:538} INFO - Filling up the DagBag from /usr/local/python/3.10.4/lib/python3.10/site-packages/airflow/example_dags/example_task_group.py
[2023-05-07T22:43:47.267+0000] {processor.py:753} INFO - DAG(s) dict_keys(['example_task_group']) retrieved from /usr/local/python/3.10.4/lib/python3.10/site-packages/airflow/example_dags/example_task_group.py
[2023-05-07T22:43:47.284+0000] {logging_mixin.py:137} INFO - [2023-05-07T22:43:47.283+0000] {dag.py:2690} INFO - Sync 1 DAGs
[2023-05-07T22:43:47.303+0000] {logging_mixin.py:137} INFO - [2023-05-07T22:43:47.303+0000] {dag.py:3437} INFO - Setting next_dagrun for example_task_group to 2023-05-06T22:43:47.303516+00:00, run_after=2023-05-07T22:43:47.303516+00:00
[2023-05-07T22:43:47.348+0000] {processor.py:175} INFO - Processing /usr/local/python/3.10.4/lib/python3.10/site-packages/airflow/example_dags/example_task_group.py took 0.100 seconds
[2023-05-07T22:44:29.758+0000] {processor.py:153} INFO - Started process (PID=20031) to work on /usr/local/python/3.10.4/lib/python3.10/site-packages/airflow/example_dags/example_task_group.py
[2023-05-07T22:44:29.759+0000] {processor.py:743} INFO - Processing file /usr/local/python/3.10.4/lib/python3.10/site-packages/airflow/example_dags/example_task_group.py for tasks to queue
[2023-05-07T22:44:29.760+0000] {logging_mixin.py:137} INFO - [2023-05-07T22:44:29.760+0000] {dagbag.py:538} INFO - Filling up the DagBag from /usr/local/python/3.10.4/lib/python3.10/site-packages/airflow/example_dags/example_task_group.py
[2023-05-07T22:44:29.775+0000] {processor.py:753} INFO - DAG(s) dict_keys(['example_task_group']) retrieved from /usr/local/python/3.10.4/lib/python3.10/site-packages/airflow/example_dags/example_task_group.py
[2023-05-07T22:44:29.791+0000] {logging_mixin.py:137} INFO - [2023-05-07T22:44:29.791+0000] {dag.py:2690} INFO - Sync 1 DAGs
[2023-05-07T22:44:29.812+0000] {logging_mixin.py:137} INFO - [2023-05-07T22:44:29.812+0000] {dag.py:3437} INFO - Setting next_dagrun for example_task_group to 2023-05-06T22:44:29.812216+00:00, run_after=2023-05-07T22:44:29.812216+00:00
[2023-05-07T22:44:29.873+0000] {processor.py:175} INFO - Processing /usr/local/python/3.10.4/lib/python3.10/site-packages/airflow/example_dags/example_task_group.py took 0.118 seconds
[2023-05-07T22:45:10.528+0000] {processor.py:153} INFO - Started process (PID=20341) to work on /usr/local/python/3.10.4/lib/python3.10/site-packages/airflow/example_dags/example_task_group.py
[2023-05-07T22:45:10.529+0000] {processor.py:743} INFO - Processing file /usr/local/python/3.10.4/lib/python3.10/site-packages/airflow/example_dags/example_task_group.py for tasks to queue
[2023-05-07T22:45:10.530+0000] {logging_mixin.py:137} INFO - [2023-05-07T22:45:10.529+0000] {dagbag.py:538} INFO - Filling up the DagBag from /usr/local/python/3.10.4/lib/python3.10/site-packages/airflow/example_dags/example_task_group.py
[2023-05-07T22:45:10.548+0000] {processor.py:753} INFO - DAG(s) dict_keys(['example_task_group']) retrieved from /usr/local/python/3.10.4/lib/python3.10/site-packages/airflow/example_dags/example_task_group.py
[2023-05-07T22:45:10.573+0000] {logging_mixin.py:137} INFO - [2023-05-07T22:45:10.573+0000] {dag.py:2690} INFO - Sync 1 DAGs
[2023-05-07T22:45:10.589+0000] {logging_mixin.py:137} INFO - [2023-05-07T22:45:10.589+0000] {dag.py:3437} INFO - Setting next_dagrun for example_task_group to 2023-05-06T22:45:10.589569+00:00, run_after=2023-05-07T22:45:10.589569+00:00
[2023-05-07T22:45:10.630+0000] {processor.py:175} INFO - Processing /usr/local/python/3.10.4/lib/python3.10/site-packages/airflow/example_dags/example_task_group.py took 0.105 seconds
[2023-05-07T22:45:53.435+0000] {processor.py:153} INFO - Started process (PID=20760) to work on /usr/local/python/3.10.4/lib/python3.10/site-packages/airflow/example_dags/example_task_group.py
[2023-05-07T22:45:53.436+0000] {processor.py:743} INFO - Processing file /usr/local/python/3.10.4/lib/python3.10/site-packages/airflow/example_dags/example_task_group.py for tasks to queue
[2023-05-07T22:45:53.437+0000] {logging_mixin.py:137} INFO - [2023-05-07T22:45:53.436+0000] {dagbag.py:538} INFO - Filling up the DagBag from /usr/local/python/3.10.4/lib/python3.10/site-packages/airflow/example_dags/example_task_group.py
[2023-05-07T22:45:53.451+0000] {processor.py:753} INFO - DAG(s) dict_keys(['example_task_group']) retrieved from /usr/local/python/3.10.4/lib/python3.10/site-packages/airflow/example_dags/example_task_group.py
[2023-05-07T22:45:53.468+0000] {logging_mixin.py:137} INFO - [2023-05-07T22:45:53.468+0000] {dag.py:2690} INFO - Sync 1 DAGs
[2023-05-07T22:45:53.485+0000] {logging_mixin.py:137} INFO - [2023-05-07T22:45:53.485+0000] {dag.py:3437} INFO - Setting next_dagrun for example_task_group to 2023-05-06T22:45:53.485527+00:00, run_after=2023-05-07T22:45:53.485527+00:00
[2023-05-07T22:45:53.527+0000] {processor.py:175} INFO - Processing /usr/local/python/3.10.4/lib/python3.10/site-packages/airflow/example_dags/example_task_group.py took 0.095 seconds
[2023-05-07T22:46:36.443+0000] {processor.py:153} INFO - Started process (PID=21210) to work on /usr/local/python/3.10.4/lib/python3.10/site-packages/airflow/example_dags/example_task_group.py
[2023-05-07T22:46:36.444+0000] {processor.py:743} INFO - Processing file /usr/local/python/3.10.4/lib/python3.10/site-packages/airflow/example_dags/example_task_group.py for tasks to queue
[2023-05-07T22:46:36.445+0000] {logging_mixin.py:137} INFO - [2023-05-07T22:46:36.444+0000] {dagbag.py:538} INFO - Filling up the DagBag from /usr/local/python/3.10.4/lib/python3.10/site-packages/airflow/example_dags/example_task_group.py
[2023-05-07T22:46:36.465+0000] {processor.py:753} INFO - DAG(s) dict_keys(['example_task_group']) retrieved from /usr/local/python/3.10.4/lib/python3.10/site-packages/airflow/example_dags/example_task_group.py
[2023-05-07T22:46:36.484+0000] {logging_mixin.py:137} INFO - [2023-05-07T22:46:36.484+0000] {dag.py:2690} INFO - Sync 1 DAGs
[2023-05-07T22:46:36.501+0000] {logging_mixin.py:137} INFO - [2023-05-07T22:46:36.501+0000] {dag.py:3437} INFO - Setting next_dagrun for example_task_group to 2023-05-06T22:46:36.501007+00:00, run_after=2023-05-07T22:46:36.501007+00:00
[2023-05-07T22:46:36.541+0000] {processor.py:175} INFO - Processing /usr/local/python/3.10.4/lib/python3.10/site-packages/airflow/example_dags/example_task_group.py took 0.102 seconds
[2023-05-07T22:47:17.097+0000] {processor.py:153} INFO - Started process (PID=21565) to work on /usr/local/python/3.10.4/lib/python3.10/site-packages/airflow/example_dags/example_task_group.py
[2023-05-07T22:47:17.098+0000] {processor.py:743} INFO - Processing file /usr/local/python/3.10.4/lib/python3.10/site-packages/airflow/example_dags/example_task_group.py for tasks to queue
[2023-05-07T22:47:17.098+0000] {logging_mixin.py:137} INFO - [2023-05-07T22:47:17.098+0000] {dagbag.py:538} INFO - Filling up the DagBag from /usr/local/python/3.10.4/lib/python3.10/site-packages/airflow/example_dags/example_task_group.py
[2023-05-07T22:47:17.113+0000] {processor.py:753} INFO - DAG(s) dict_keys(['example_task_group']) retrieved from /usr/local/python/3.10.4/lib/python3.10/site-packages/airflow/example_dags/example_task_group.py
[2023-05-07T22:47:17.129+0000] {logging_mixin.py:137} INFO - [2023-05-07T22:47:17.129+0000] {dag.py:2690} INFO - Sync 1 DAGs
[2023-05-07T22:47:17.146+0000] {logging_mixin.py:137} INFO - [2023-05-07T22:47:17.146+0000] {dag.py:3437} INFO - Setting next_dagrun for example_task_group to 2023-05-06T22:47:17.146120+00:00, run_after=2023-05-07T22:47:17.146120+00:00
[2023-05-07T22:47:17.189+0000] {processor.py:175} INFO - Processing /usr/local/python/3.10.4/lib/python3.10/site-packages/airflow/example_dags/example_task_group.py took 0.095 seconds
[2023-05-07T22:47:57.745+0000] {processor.py:153} INFO - Started process (PID=21850) to work on /usr/local/python/3.10.4/lib/python3.10/site-packages/airflow/example_dags/example_task_group.py
[2023-05-07T22:47:57.745+0000] {processor.py:743} INFO - Processing file /usr/local/python/3.10.4/lib/python3.10/site-packages/airflow/example_dags/example_task_group.py for tasks to queue
[2023-05-07T22:47:57.746+0000] {logging_mixin.py:137} INFO - [2023-05-07T22:47:57.746+0000] {dagbag.py:538} INFO - Filling up the DagBag from /usr/local/python/3.10.4/lib/python3.10/site-packages/airflow/example_dags/example_task_group.py
[2023-05-07T22:47:57.761+0000] {processor.py:753} INFO - DAG(s) dict_keys(['example_task_group']) retrieved from /usr/local/python/3.10.4/lib/python3.10/site-packages/airflow/example_dags/example_task_group.py
[2023-05-07T22:47:57.778+0000] {logging_mixin.py:137} INFO - [2023-05-07T22:47:57.777+0000] {dag.py:2690} INFO - Sync 1 DAGs
[2023-05-07T22:47:57.797+0000] {logging_mixin.py:137} INFO - [2023-05-07T22:47:57.797+0000] {dag.py:3437} INFO - Setting next_dagrun for example_task_group to 2023-05-06T22:47:57.796840+00:00, run_after=2023-05-07T22:47:57.796840+00:00
[2023-05-07T22:47:57.838+0000] {processor.py:175} INFO - Processing /usr/local/python/3.10.4/lib/python3.10/site-packages/airflow/example_dags/example_task_group.py took 0.096 seconds
[2023-05-07T22:48:42.426+0000] {processor.py:153} INFO - Started process (PID=22302) to work on /usr/local/python/3.10.4/lib/python3.10/site-packages/airflow/example_dags/example_task_group.py
[2023-05-07T22:48:42.427+0000] {processor.py:743} INFO - Processing file /usr/local/python/3.10.4/lib/python3.10/site-packages/airflow/example_dags/example_task_group.py for tasks to queue
[2023-05-07T22:48:42.427+0000] {logging_mixin.py:137} INFO - [2023-05-07T22:48:42.427+0000] {dagbag.py:538} INFO - Filling up the DagBag from /usr/local/python/3.10.4/lib/python3.10/site-packages/airflow/example_dags/example_task_group.py
[2023-05-07T22:48:42.442+0000] {processor.py:753} INFO - DAG(s) dict_keys(['example_task_group']) retrieved from /usr/local/python/3.10.4/lib/python3.10/site-packages/airflow/example_dags/example_task_group.py
[2023-05-07T22:48:42.458+0000] {logging_mixin.py:137} INFO - [2023-05-07T22:48:42.458+0000] {dag.py:2690} INFO - Sync 1 DAGs
[2023-05-07T22:48:42.476+0000] {logging_mixin.py:137} INFO - [2023-05-07T22:48:42.476+0000] {dag.py:3437} INFO - Setting next_dagrun for example_task_group to 2023-05-06T22:48:42.475895+00:00, run_after=2023-05-07T22:48:42.475895+00:00
[2023-05-07T22:48:42.515+0000] {processor.py:175} INFO - Processing /usr/local/python/3.10.4/lib/python3.10/site-packages/airflow/example_dags/example_task_group.py took 0.092 seconds
[2023-05-07T22:49:27.689+0000] {processor.py:153} INFO - Started process (PID=22794) to work on /usr/local/python/3.10.4/lib/python3.10/site-packages/airflow/example_dags/example_task_group.py
[2023-05-07T22:49:27.690+0000] {processor.py:743} INFO - Processing file /usr/local/python/3.10.4/lib/python3.10/site-packages/airflow/example_dags/example_task_group.py for tasks to queue
[2023-05-07T22:49:27.691+0000] {logging_mixin.py:137} INFO - [2023-05-07T22:49:27.690+0000] {dagbag.py:538} INFO - Filling up the DagBag from /usr/local/python/3.10.4/lib/python3.10/site-packages/airflow/example_dags/example_task_group.py
[2023-05-07T22:49:27.706+0000] {processor.py:753} INFO - DAG(s) dict_keys(['example_task_group']) retrieved from /usr/local/python/3.10.4/lib/python3.10/site-packages/airflow/example_dags/example_task_group.py
[2023-05-07T22:49:27.723+0000] {logging_mixin.py:137} INFO - [2023-05-07T22:49:27.723+0000] {dag.py:2690} INFO - Sync 1 DAGs
[2023-05-07T22:49:27.740+0000] {logging_mixin.py:137} INFO - [2023-05-07T22:49:27.740+0000] {dag.py:3437} INFO - Setting next_dagrun for example_task_group to 2023-05-06T22:49:27.739845+00:00, run_after=2023-05-07T22:49:27.739845+00:00
[2023-05-07T22:49:27.780+0000] {processor.py:175} INFO - Processing /usr/local/python/3.10.4/lib/python3.10/site-packages/airflow/example_dags/example_task_group.py took 0.094 seconds
[2023-05-07T22:50:10.154+0000] {processor.py:153} INFO - Started process (PID=23120) to work on /usr/local/python/3.10.4/lib/python3.10/site-packages/airflow/example_dags/example_task_group.py
[2023-05-07T22:50:10.155+0000] {processor.py:743} INFO - Processing file /usr/local/python/3.10.4/lib/python3.10/site-packages/airflow/example_dags/example_task_group.py for tasks to queue
[2023-05-07T22:50:10.156+0000] {logging_mixin.py:137} INFO - [2023-05-07T22:50:10.156+0000] {dagbag.py:538} INFO - Filling up the DagBag from /usr/local/python/3.10.4/lib/python3.10/site-packages/airflow/example_dags/example_task_group.py
[2023-05-07T22:50:10.170+0000] {processor.py:753} INFO - DAG(s) dict_keys(['example_task_group']) retrieved from /usr/local/python/3.10.4/lib/python3.10/site-packages/airflow/example_dags/example_task_group.py
[2023-05-07T22:50:10.187+0000] {logging_mixin.py:137} INFO - [2023-05-07T22:50:10.187+0000] {dag.py:2690} INFO - Sync 1 DAGs
[2023-05-07T22:50:10.203+0000] {logging_mixin.py:137} INFO - [2023-05-07T22:50:10.203+0000] {dag.py:3437} INFO - Setting next_dagrun for example_task_group to 2023-05-06T22:50:10.203449+00:00, run_after=2023-05-07T22:50:10.203449+00:00
[2023-05-07T22:50:10.245+0000] {processor.py:175} INFO - Processing /usr/local/python/3.10.4/lib/python3.10/site-packages/airflow/example_dags/example_task_group.py took 0.093 seconds
[2023-05-07T22:50:51.949+0000] {processor.py:153} INFO - Started process (PID=23439) to work on /usr/local/python/3.10.4/lib/python3.10/site-packages/airflow/example_dags/example_task_group.py
[2023-05-07T22:50:51.949+0000] {processor.py:743} INFO - Processing file /usr/local/python/3.10.4/lib/python3.10/site-packages/airflow/example_dags/example_task_group.py for tasks to queue
[2023-05-07T22:50:51.950+0000] {logging_mixin.py:137} INFO - [2023-05-07T22:50:51.950+0000] {dagbag.py:538} INFO - Filling up the DagBag from /usr/local/python/3.10.4/lib/python3.10/site-packages/airflow/example_dags/example_task_group.py
[2023-05-07T22:50:51.965+0000] {processor.py:753} INFO - DAG(s) dict_keys(['example_task_group']) retrieved from /usr/local/python/3.10.4/lib/python3.10/site-packages/airflow/example_dags/example_task_group.py
[2023-05-07T22:50:51.982+0000] {logging_mixin.py:137} INFO - [2023-05-07T22:50:51.982+0000] {dag.py:2690} INFO - Sync 1 DAGs
[2023-05-07T22:50:51.998+0000] {logging_mixin.py:137} INFO - [2023-05-07T22:50:51.998+0000] {dag.py:3437} INFO - Setting next_dagrun for example_task_group to 2023-05-06T22:50:51.998314+00:00, run_after=2023-05-07T22:50:51.998314+00:00
[2023-05-07T22:50:52.039+0000] {processor.py:175} INFO - Processing /usr/local/python/3.10.4/lib/python3.10/site-packages/airflow/example_dags/example_task_group.py took 0.094 seconds
[2023-05-07T22:51:35.096+0000] {processor.py:153} INFO - Started process (PID=23826) to work on /usr/local/python/3.10.4/lib/python3.10/site-packages/airflow/example_dags/example_task_group.py
[2023-05-07T22:51:35.097+0000] {processor.py:743} INFO - Processing file /usr/local/python/3.10.4/lib/python3.10/site-packages/airflow/example_dags/example_task_group.py for tasks to queue
[2023-05-07T22:51:35.098+0000] {logging_mixin.py:137} INFO - [2023-05-07T22:51:35.098+0000] {dagbag.py:538} INFO - Filling up the DagBag from /usr/local/python/3.10.4/lib/python3.10/site-packages/airflow/example_dags/example_task_group.py
[2023-05-07T22:51:35.112+0000] {processor.py:753} INFO - DAG(s) dict_keys(['example_task_group']) retrieved from /usr/local/python/3.10.4/lib/python3.10/site-packages/airflow/example_dags/example_task_group.py
[2023-05-07T22:51:35.129+0000] {logging_mixin.py:137} INFO - [2023-05-07T22:51:35.129+0000] {dag.py:2690} INFO - Sync 1 DAGs
[2023-05-07T22:51:35.145+0000] {logging_mixin.py:137} INFO - [2023-05-07T22:51:35.145+0000] {dag.py:3437} INFO - Setting next_dagrun for example_task_group to 2023-05-06T22:51:35.145542+00:00, run_after=2023-05-07T22:51:35.145542+00:00
[2023-05-07T22:51:35.190+0000] {processor.py:175} INFO - Processing /usr/local/python/3.10.4/lib/python3.10/site-packages/airflow/example_dags/example_task_group.py took 0.097 seconds
[2023-05-07T22:52:17.936+0000] {processor.py:153} INFO - Started process (PID=24031) to work on /usr/local/python/3.10.4/lib/python3.10/site-packages/airflow/example_dags/example_task_group.py
[2023-05-07T22:52:17.937+0000] {processor.py:743} INFO - Processing file /usr/local/python/3.10.4/lib/python3.10/site-packages/airflow/example_dags/example_task_group.py for tasks to queue
[2023-05-07T22:52:17.937+0000] {logging_mixin.py:137} INFO - [2023-05-07T22:52:17.937+0000] {dagbag.py:538} INFO - Filling up the DagBag from /usr/local/python/3.10.4/lib/python3.10/site-packages/airflow/example_dags/example_task_group.py
[2023-05-07T22:52:17.952+0000] {processor.py:753} INFO - DAG(s) dict_keys(['example_task_group']) retrieved from /usr/local/python/3.10.4/lib/python3.10/site-packages/airflow/example_dags/example_task_group.py
[2023-05-07T22:52:17.968+0000] {logging_mixin.py:137} INFO - [2023-05-07T22:52:17.968+0000] {dag.py:2690} INFO - Sync 1 DAGs
[2023-05-07T22:52:17.985+0000] {logging_mixin.py:137} INFO - [2023-05-07T22:52:17.985+0000] {dag.py:3437} INFO - Setting next_dagrun for example_task_group to 2023-05-06T22:52:17.985002+00:00, run_after=2023-05-07T22:52:17.985002+00:00
[2023-05-07T22:52:18.025+0000] {processor.py:175} INFO - Processing /usr/local/python/3.10.4/lib/python3.10/site-packages/airflow/example_dags/example_task_group.py took 0.092 seconds
[2023-05-07T22:53:00.882+0000] {processor.py:153} INFO - Started process (PID=24681) to work on /usr/local/python/3.10.4/lib/python3.10/site-packages/airflow/example_dags/example_task_group.py
[2023-05-07T22:53:00.883+0000] {processor.py:743} INFO - Processing file /usr/local/python/3.10.4/lib/python3.10/site-packages/airflow/example_dags/example_task_group.py for tasks to queue
[2023-05-07T22:53:00.884+0000] {logging_mixin.py:137} INFO - [2023-05-07T22:53:00.884+0000] {dagbag.py:538} INFO - Filling up the DagBag from /usr/local/python/3.10.4/lib/python3.10/site-packages/airflow/example_dags/example_task_group.py
[2023-05-07T22:53:00.907+0000] {processor.py:753} INFO - DAG(s) dict_keys(['example_task_group']) retrieved from /usr/local/python/3.10.4/lib/python3.10/site-packages/airflow/example_dags/example_task_group.py
[2023-05-07T22:53:00.941+0000] {logging_mixin.py:137} INFO - [2023-05-07T22:53:00.941+0000] {dag.py:2690} INFO - Sync 1 DAGs
[2023-05-07T22:53:00.979+0000] {logging_mixin.py:137} INFO - [2023-05-07T22:53:00.978+0000] {dag.py:3437} INFO - Setting next_dagrun for example_task_group to 2023-05-06T22:53:00.977983+00:00, run_after=2023-05-07T22:53:00.977983+00:00
[2023-05-07T22:53:01.029+0000] {processor.py:175} INFO - Processing /usr/local/python/3.10.4/lib/python3.10/site-packages/airflow/example_dags/example_task_group.py took 0.153 seconds
[2023-05-07T22:53:45.551+0000] {processor.py:153} INFO - Started process (PID=25330) to work on /usr/local/python/3.10.4/lib/python3.10/site-packages/airflow/example_dags/example_task_group.py
[2023-05-07T22:53:45.552+0000] {processor.py:743} INFO - Processing file /usr/local/python/3.10.4/lib/python3.10/site-packages/airflow/example_dags/example_task_group.py for tasks to queue
[2023-05-07T22:53:45.552+0000] {logging_mixin.py:137} INFO - [2023-05-07T22:53:45.552+0000] {dagbag.py:538} INFO - Filling up the DagBag from /usr/local/python/3.10.4/lib/python3.10/site-packages/airflow/example_dags/example_task_group.py
[2023-05-07T22:53:45.572+0000] {processor.py:753} INFO - DAG(s) dict_keys(['example_task_group']) retrieved from /usr/local/python/3.10.4/lib/python3.10/site-packages/airflow/example_dags/example_task_group.py
[2023-05-07T22:53:45.589+0000] {logging_mixin.py:137} INFO - [2023-05-07T22:53:45.589+0000] {dag.py:2690} INFO - Sync 1 DAGs
[2023-05-07T22:53:45.610+0000] {logging_mixin.py:137} INFO - [2023-05-07T22:53:45.610+0000] {dag.py:3437} INFO - Setting next_dagrun for example_task_group to 2023-05-06T22:53:45.610226+00:00, run_after=2023-05-07T22:53:45.610226+00:00
[2023-05-07T22:53:45.650+0000] {processor.py:175} INFO - Processing /usr/local/python/3.10.4/lib/python3.10/site-packages/airflow/example_dags/example_task_group.py took 0.103 seconds
[2023-05-07T22:54:29.720+0000] {processor.py:153} INFO - Started process (PID=25671) to work on /usr/local/python/3.10.4/lib/python3.10/site-packages/airflow/example_dags/example_task_group.py
[2023-05-07T22:54:29.721+0000] {processor.py:743} INFO - Processing file /usr/local/python/3.10.4/lib/python3.10/site-packages/airflow/example_dags/example_task_group.py for tasks to queue
[2023-05-07T22:54:29.722+0000] {logging_mixin.py:137} INFO - [2023-05-07T22:54:29.721+0000] {dagbag.py:538} INFO - Filling up the DagBag from /usr/local/python/3.10.4/lib/python3.10/site-packages/airflow/example_dags/example_task_group.py
[2023-05-07T22:54:29.740+0000] {processor.py:753} INFO - DAG(s) dict_keys(['example_task_group']) retrieved from /usr/local/python/3.10.4/lib/python3.10/site-packages/airflow/example_dags/example_task_group.py
[2023-05-07T22:54:29.767+0000] {logging_mixin.py:137} INFO - [2023-05-07T22:54:29.767+0000] {dag.py:2690} INFO - Sync 1 DAGs
[2023-05-07T22:54:29.793+0000] {logging_mixin.py:137} INFO - [2023-05-07T22:54:29.793+0000] {dag.py:3437} INFO - Setting next_dagrun for example_task_group to 2023-05-06T22:54:29.792846+00:00, run_after=2023-05-07T22:54:29.792846+00:00
[2023-05-07T22:54:29.855+0000] {processor.py:175} INFO - Processing /usr/local/python/3.10.4/lib/python3.10/site-packages/airflow/example_dags/example_task_group.py took 0.138 seconds
[2023-05-07T22:55:10.218+0000] {processor.py:153} INFO - Started process (PID=25974) to work on /usr/local/python/3.10.4/lib/python3.10/site-packages/airflow/example_dags/example_task_group.py
[2023-05-07T22:55:10.219+0000] {processor.py:743} INFO - Processing file /usr/local/python/3.10.4/lib/python3.10/site-packages/airflow/example_dags/example_task_group.py for tasks to queue
[2023-05-07T22:55:10.220+0000] {logging_mixin.py:137} INFO - [2023-05-07T22:55:10.220+0000] {dagbag.py:538} INFO - Filling up the DagBag from /usr/local/python/3.10.4/lib/python3.10/site-packages/airflow/example_dags/example_task_group.py
[2023-05-07T22:55:10.235+0000] {processor.py:753} INFO - DAG(s) dict_keys(['example_task_group']) retrieved from /usr/local/python/3.10.4/lib/python3.10/site-packages/airflow/example_dags/example_task_group.py
[2023-05-07T22:55:10.251+0000] {logging_mixin.py:137} INFO - [2023-05-07T22:55:10.251+0000] {dag.py:2690} INFO - Sync 1 DAGs
[2023-05-07T22:55:10.268+0000] {logging_mixin.py:137} INFO - [2023-05-07T22:55:10.268+0000] {dag.py:3437} INFO - Setting next_dagrun for example_task_group to 2023-05-06T22:55:10.268266+00:00, run_after=2023-05-07T22:55:10.268266+00:00
[2023-05-07T22:55:10.310+0000] {processor.py:175} INFO - Processing /usr/local/python/3.10.4/lib/python3.10/site-packages/airflow/example_dags/example_task_group.py took 0.095 seconds
[2023-05-07T22:55:50.344+0000] {processor.py:153} INFO - Started process (PID=26252) to work on /usr/local/python/3.10.4/lib/python3.10/site-packages/airflow/example_dags/example_task_group.py
[2023-05-07T22:55:50.345+0000] {processor.py:743} INFO - Processing file /usr/local/python/3.10.4/lib/python3.10/site-packages/airflow/example_dags/example_task_group.py for tasks to queue
[2023-05-07T22:55:50.346+0000] {logging_mixin.py:137} INFO - [2023-05-07T22:55:50.346+0000] {dagbag.py:538} INFO - Filling up the DagBag from /usr/local/python/3.10.4/lib/python3.10/site-packages/airflow/example_dags/example_task_group.py
[2023-05-07T22:55:50.362+0000] {processor.py:753} INFO - DAG(s) dict_keys(['example_task_group']) retrieved from /usr/local/python/3.10.4/lib/python3.10/site-packages/airflow/example_dags/example_task_group.py
[2023-05-07T22:55:50.379+0000] {logging_mixin.py:137} INFO - [2023-05-07T22:55:50.379+0000] {dag.py:2690} INFO - Sync 1 DAGs
[2023-05-07T22:55:50.396+0000] {logging_mixin.py:137} INFO - [2023-05-07T22:55:50.396+0000] {dag.py:3437} INFO - Setting next_dagrun for example_task_group to 2023-05-06T22:55:50.395994+00:00, run_after=2023-05-07T22:55:50.395994+00:00
[2023-05-07T22:55:50.447+0000] {processor.py:175} INFO - Processing /usr/local/python/3.10.4/lib/python3.10/site-packages/airflow/example_dags/example_task_group.py took 0.109 seconds
[2023-05-07T22:56:32.960+0000] {processor.py:153} INFO - Started process (PID=26563) to work on /usr/local/python/3.10.4/lib/python3.10/site-packages/airflow/example_dags/example_task_group.py
[2023-05-07T22:56:32.961+0000] {processor.py:743} INFO - Processing file /usr/local/python/3.10.4/lib/python3.10/site-packages/airflow/example_dags/example_task_group.py for tasks to queue
[2023-05-07T22:56:32.962+0000] {logging_mixin.py:137} INFO - [2023-05-07T22:56:32.962+0000] {dagbag.py:538} INFO - Filling up the DagBag from /usr/local/python/3.10.4/lib/python3.10/site-packages/airflow/example_dags/example_task_group.py
[2023-05-07T22:56:32.976+0000] {processor.py:753} INFO - DAG(s) dict_keys(['example_task_group']) retrieved from /usr/local/python/3.10.4/lib/python3.10/site-packages/airflow/example_dags/example_task_group.py
[2023-05-07T22:56:32.993+0000] {logging_mixin.py:137} INFO - [2023-05-07T22:56:32.992+0000] {dag.py:2690} INFO - Sync 1 DAGs
[2023-05-07T22:56:33.010+0000] {logging_mixin.py:137} INFO - [2023-05-07T22:56:33.010+0000] {dag.py:3437} INFO - Setting next_dagrun for example_task_group to 2023-05-06T22:56:33.010374+00:00, run_after=2023-05-07T22:56:33.010374+00:00
[2023-05-07T22:56:33.051+0000] {processor.py:175} INFO - Processing /usr/local/python/3.10.4/lib/python3.10/site-packages/airflow/example_dags/example_task_group.py took 0.095 seconds
[2023-05-07T22:57:14.729+0000] {processor.py:153} INFO - Started process (PID=26849) to work on /usr/local/python/3.10.4/lib/python3.10/site-packages/airflow/example_dags/example_task_group.py
[2023-05-07T22:57:14.730+0000] {processor.py:743} INFO - Processing file /usr/local/python/3.10.4/lib/python3.10/site-packages/airflow/example_dags/example_task_group.py for tasks to queue
[2023-05-07T22:57:14.731+0000] {logging_mixin.py:137} INFO - [2023-05-07T22:57:14.730+0000] {dagbag.py:538} INFO - Filling up the DagBag from /usr/local/python/3.10.4/lib/python3.10/site-packages/airflow/example_dags/example_task_group.py
[2023-05-07T22:57:14.745+0000] {processor.py:753} INFO - DAG(s) dict_keys(['example_task_group']) retrieved from /usr/local/python/3.10.4/lib/python3.10/site-packages/airflow/example_dags/example_task_group.py
[2023-05-07T22:57:14.762+0000] {logging_mixin.py:137} INFO - [2023-05-07T22:57:14.762+0000] {dag.py:2690} INFO - Sync 1 DAGs
[2023-05-07T22:57:14.779+0000] {logging_mixin.py:137} INFO - [2023-05-07T22:57:14.779+0000] {dag.py:3437} INFO - Setting next_dagrun for example_task_group to 2023-05-06T22:57:14.779155+00:00, run_after=2023-05-07T22:57:14.779155+00:00
[2023-05-07T22:57:14.822+0000] {processor.py:175} INFO - Processing /usr/local/python/3.10.4/lib/python3.10/site-packages/airflow/example_dags/example_task_group.py took 0.096 seconds
[2023-05-07T22:57:57.363+0000] {processor.py:153} INFO - Started process (PID=27172) to work on /usr/local/python/3.10.4/lib/python3.10/site-packages/airflow/example_dags/example_task_group.py
[2023-05-07T22:57:57.364+0000] {processor.py:743} INFO - Processing file /usr/local/python/3.10.4/lib/python3.10/site-packages/airflow/example_dags/example_task_group.py for tasks to queue
[2023-05-07T22:57:57.365+0000] {logging_mixin.py:137} INFO - [2023-05-07T22:57:57.365+0000] {dagbag.py:538} INFO - Filling up the DagBag from /usr/local/python/3.10.4/lib/python3.10/site-packages/airflow/example_dags/example_task_group.py
[2023-05-07T22:57:57.379+0000] {processor.py:753} INFO - DAG(s) dict_keys(['example_task_group']) retrieved from /usr/local/python/3.10.4/lib/python3.10/site-packages/airflow/example_dags/example_task_group.py
[2023-05-07T22:57:57.397+0000] {logging_mixin.py:137} INFO - [2023-05-07T22:57:57.397+0000] {dag.py:2690} INFO - Sync 1 DAGs
[2023-05-07T22:57:57.414+0000] {logging_mixin.py:137} INFO - [2023-05-07T22:57:57.414+0000] {dag.py:3437} INFO - Setting next_dagrun for example_task_group to 2023-05-06T22:57:57.413841+00:00, run_after=2023-05-07T22:57:57.413841+00:00
[2023-05-07T22:57:57.454+0000] {processor.py:175} INFO - Processing /usr/local/python/3.10.4/lib/python3.10/site-packages/airflow/example_dags/example_task_group.py took 0.094 seconds
