[2023-05-07T22:22:09.747+0000] {processor.py:153} INFO - Started process (PID=9826) to work on /usr/local/python/3.10.4/lib/python3.10/site-packages/airflow/example_dags/example_short_circuit_operator.py
[2023-05-07T22:22:09.748+0000] {processor.py:743} INFO - Processing file /usr/local/python/3.10.4/lib/python3.10/site-packages/airflow/example_dags/example_short_circuit_operator.py for tasks to queue
[2023-05-07T22:22:09.748+0000] {logging_mixin.py:137} INFO - [2023-05-07T22:22:09.748+0000] {dagbag.py:538} INFO - Filling up the DagBag from /usr/local/python/3.10.4/lib/python3.10/site-packages/airflow/example_dags/example_short_circuit_operator.py
[2023-05-07T22:22:09.763+0000] {processor.py:753} INFO - DAG(s) dict_keys(['example_short_circuit_operator']) retrieved from /usr/local/python/3.10.4/lib/python3.10/site-packages/airflow/example_dags/example_short_circuit_operator.py
[2023-05-07T22:22:09.909+0000] {logging_mixin.py:137} INFO - [2023-05-07T22:22:09.908+0000] {manager.py:504} INFO - Created Permission View: can edit on DAG:example_short_circuit_operator
[2023-05-07T22:22:09.942+0000] {logging_mixin.py:137} INFO - [2023-05-07T22:22:09.941+0000] {manager.py:504} INFO - Created Permission View: can delete on DAG:example_short_circuit_operator
[2023-05-07T22:22:09.974+0000] {logging_mixin.py:137} INFO - [2023-05-07T22:22:09.974+0000] {manager.py:504} INFO - Created Permission View: can read on DAG:example_short_circuit_operator
[2023-05-07T22:22:09.975+0000] {logging_mixin.py:137} INFO - [2023-05-07T22:22:09.974+0000] {dag.py:2690} INFO - Sync 1 DAGs
[2023-05-07T22:22:09.984+0000] {logging_mixin.py:137} INFO - [2023-05-07T22:22:09.984+0000] {dag.py:2711} INFO - Creating ORM DAG for example_short_circuit_operator
[2023-05-07T22:22:09.991+0000] {logging_mixin.py:137} INFO - [2023-05-07T22:22:09.991+0000] {dag.py:3437} INFO - Setting next_dagrun for example_short_circuit_operator to 2023-05-06T22:22:09.991545+00:00, run_after=2023-05-07T22:22:09.991545+00:00
[2023-05-07T22:22:10.038+0000] {processor.py:175} INFO - Processing /usr/local/python/3.10.4/lib/python3.10/site-packages/airflow/example_dags/example_short_circuit_operator.py took 0.294 seconds
[2023-05-07T22:22:57.214+0000] {processor.py:153} INFO - Started process (PID=10169) to work on /usr/local/python/3.10.4/lib/python3.10/site-packages/airflow/example_dags/example_short_circuit_operator.py
[2023-05-07T22:22:57.215+0000] {processor.py:743} INFO - Processing file /usr/local/python/3.10.4/lib/python3.10/site-packages/airflow/example_dags/example_short_circuit_operator.py for tasks to queue
[2023-05-07T22:22:57.216+0000] {logging_mixin.py:137} INFO - [2023-05-07T22:22:57.216+0000] {dagbag.py:538} INFO - Filling up the DagBag from /usr/local/python/3.10.4/lib/python3.10/site-packages/airflow/example_dags/example_short_circuit_operator.py
[2023-05-07T22:22:57.231+0000] {processor.py:753} INFO - DAG(s) dict_keys(['example_short_circuit_operator']) retrieved from /usr/local/python/3.10.4/lib/python3.10/site-packages/airflow/example_dags/example_short_circuit_operator.py
[2023-05-07T22:22:57.250+0000] {logging_mixin.py:137} INFO - [2023-05-07T22:22:57.250+0000] {dag.py:2690} INFO - Sync 1 DAGs
[2023-05-07T22:22:57.267+0000] {logging_mixin.py:137} INFO - [2023-05-07T22:22:57.267+0000] {dag.py:3437} INFO - Setting next_dagrun for example_short_circuit_operator to 2023-05-06T22:22:57.266795+00:00, run_after=2023-05-07T22:22:57.266795+00:00
[2023-05-07T22:22:57.315+0000] {processor.py:175} INFO - Processing /usr/local/python/3.10.4/lib/python3.10/site-packages/airflow/example_dags/example_short_circuit_operator.py took 0.103 seconds
[2023-05-07T22:23:36.909+0000] {processor.py:153} INFO - Started process (PID=10534) to work on /usr/local/python/3.10.4/lib/python3.10/site-packages/airflow/example_dags/example_short_circuit_operator.py
[2023-05-07T22:23:36.909+0000] {processor.py:743} INFO - Processing file /usr/local/python/3.10.4/lib/python3.10/site-packages/airflow/example_dags/example_short_circuit_operator.py for tasks to queue
[2023-05-07T22:23:36.910+0000] {logging_mixin.py:137} INFO - [2023-05-07T22:23:36.910+0000] {dagbag.py:538} INFO - Filling up the DagBag from /usr/local/python/3.10.4/lib/python3.10/site-packages/airflow/example_dags/example_short_circuit_operator.py
[2023-05-07T22:23:36.926+0000] {processor.py:753} INFO - DAG(s) dict_keys(['example_short_circuit_operator']) retrieved from /usr/local/python/3.10.4/lib/python3.10/site-packages/airflow/example_dags/example_short_circuit_operator.py
[2023-05-07T22:23:36.943+0000] {logging_mixin.py:137} INFO - [2023-05-07T22:23:36.943+0000] {dag.py:2690} INFO - Sync 1 DAGs
[2023-05-07T22:23:36.959+0000] {logging_mixin.py:137} INFO - [2023-05-07T22:23:36.959+0000] {dag.py:3437} INFO - Setting next_dagrun for example_short_circuit_operator to 2023-05-06T22:23:36.959347+00:00, run_after=2023-05-07T22:23:36.959347+00:00
[2023-05-07T22:23:37.000+0000] {processor.py:175} INFO - Processing /usr/local/python/3.10.4/lib/python3.10/site-packages/airflow/example_dags/example_short_circuit_operator.py took 0.096 seconds
[2023-05-07T22:24:15.318+0000] {processor.py:153} INFO - Started process (PID=10821) to work on /usr/local/python/3.10.4/lib/python3.10/site-packages/airflow/example_dags/example_short_circuit_operator.py
[2023-05-07T22:24:15.319+0000] {processor.py:743} INFO - Processing file /usr/local/python/3.10.4/lib/python3.10/site-packages/airflow/example_dags/example_short_circuit_operator.py for tasks to queue
[2023-05-07T22:24:15.320+0000] {logging_mixin.py:137} INFO - [2023-05-07T22:24:15.319+0000] {dagbag.py:538} INFO - Filling up the DagBag from /usr/local/python/3.10.4/lib/python3.10/site-packages/airflow/example_dags/example_short_circuit_operator.py
[2023-05-07T22:24:15.336+0000] {processor.py:753} INFO - DAG(s) dict_keys(['example_short_circuit_operator']) retrieved from /usr/local/python/3.10.4/lib/python3.10/site-packages/airflow/example_dags/example_short_circuit_operator.py
[2023-05-07T22:24:15.354+0000] {logging_mixin.py:137} INFO - [2023-05-07T22:24:15.354+0000] {dag.py:2690} INFO - Sync 1 DAGs
[2023-05-07T22:24:15.372+0000] {logging_mixin.py:137} INFO - [2023-05-07T22:24:15.372+0000] {dag.py:3437} INFO - Setting next_dagrun for example_short_circuit_operator to 2023-05-06T22:24:15.372040+00:00, run_after=2023-05-07T22:24:15.372040+00:00
[2023-05-07T22:24:15.414+0000] {processor.py:175} INFO - Processing /usr/local/python/3.10.4/lib/python3.10/site-packages/airflow/example_dags/example_short_circuit_operator.py took 0.099 seconds
[2023-05-07T22:25:04.195+0000] {processor.py:153} INFO - Started process (PID=11215) to work on /usr/local/python/3.10.4/lib/python3.10/site-packages/airflow/example_dags/example_short_circuit_operator.py
[2023-05-07T22:25:04.196+0000] {processor.py:743} INFO - Processing file /usr/local/python/3.10.4/lib/python3.10/site-packages/airflow/example_dags/example_short_circuit_operator.py for tasks to queue
[2023-05-07T22:25:04.197+0000] {logging_mixin.py:137} INFO - [2023-05-07T22:25:04.197+0000] {dagbag.py:538} INFO - Filling up the DagBag from /usr/local/python/3.10.4/lib/python3.10/site-packages/airflow/example_dags/example_short_circuit_operator.py
[2023-05-07T22:25:04.212+0000] {processor.py:753} INFO - DAG(s) dict_keys(['example_short_circuit_operator']) retrieved from /usr/local/python/3.10.4/lib/python3.10/site-packages/airflow/example_dags/example_short_circuit_operator.py
[2023-05-07T22:25:04.229+0000] {logging_mixin.py:137} INFO - [2023-05-07T22:25:04.229+0000] {dag.py:2690} INFO - Sync 1 DAGs
[2023-05-07T22:25:04.246+0000] {logging_mixin.py:137} INFO - [2023-05-07T22:25:04.245+0000] {dag.py:3437} INFO - Setting next_dagrun for example_short_circuit_operator to 2023-05-06T22:25:04.245700+00:00, run_after=2023-05-07T22:25:04.245700+00:00
[2023-05-07T22:25:04.288+0000] {processor.py:175} INFO - Processing /usr/local/python/3.10.4/lib/python3.10/site-packages/airflow/example_dags/example_short_circuit_operator.py took 0.096 seconds
[2023-05-07T22:25:41.144+0000] {processor.py:153} INFO - Started process (PID=11496) to work on /usr/local/python/3.10.4/lib/python3.10/site-packages/airflow/example_dags/example_short_circuit_operator.py
[2023-05-07T22:25:41.145+0000] {processor.py:743} INFO - Processing file /usr/local/python/3.10.4/lib/python3.10/site-packages/airflow/example_dags/example_short_circuit_operator.py for tasks to queue
[2023-05-07T22:25:41.146+0000] {logging_mixin.py:137} INFO - [2023-05-07T22:25:41.146+0000] {dagbag.py:538} INFO - Filling up the DagBag from /usr/local/python/3.10.4/lib/python3.10/site-packages/airflow/example_dags/example_short_circuit_operator.py
[2023-05-07T22:25:41.161+0000] {processor.py:753} INFO - DAG(s) dict_keys(['example_short_circuit_operator']) retrieved from /usr/local/python/3.10.4/lib/python3.10/site-packages/airflow/example_dags/example_short_circuit_operator.py
[2023-05-07T22:25:41.179+0000] {logging_mixin.py:137} INFO - [2023-05-07T22:25:41.179+0000] {dag.py:2690} INFO - Sync 1 DAGs
[2023-05-07T22:25:41.197+0000] {logging_mixin.py:137} INFO - [2023-05-07T22:25:41.197+0000] {dag.py:3437} INFO - Setting next_dagrun for example_short_circuit_operator to 2023-05-06T22:25:41.197407+00:00, run_after=2023-05-07T22:25:41.197407+00:00
[2023-05-07T22:25:41.238+0000] {processor.py:175} INFO - Processing /usr/local/python/3.10.4/lib/python3.10/site-packages/airflow/example_dags/example_short_circuit_operator.py took 0.097 seconds
[2023-05-07T22:26:17.412+0000] {processor.py:153} INFO - Started process (PID=11748) to work on /usr/local/python/3.10.4/lib/python3.10/site-packages/airflow/example_dags/example_short_circuit_operator.py
[2023-05-07T22:26:17.413+0000] {processor.py:743} INFO - Processing file /usr/local/python/3.10.4/lib/python3.10/site-packages/airflow/example_dags/example_short_circuit_operator.py for tasks to queue
[2023-05-07T22:26:17.413+0000] {logging_mixin.py:137} INFO - [2023-05-07T22:26:17.413+0000] {dagbag.py:538} INFO - Filling up the DagBag from /usr/local/python/3.10.4/lib/python3.10/site-packages/airflow/example_dags/example_short_circuit_operator.py
[2023-05-07T22:26:17.428+0000] {processor.py:753} INFO - DAG(s) dict_keys(['example_short_circuit_operator']) retrieved from /usr/local/python/3.10.4/lib/python3.10/site-packages/airflow/example_dags/example_short_circuit_operator.py
[2023-05-07T22:26:17.446+0000] {logging_mixin.py:137} INFO - [2023-05-07T22:26:17.446+0000] {dag.py:2690} INFO - Sync 1 DAGs
[2023-05-07T22:26:17.464+0000] {logging_mixin.py:137} INFO - [2023-05-07T22:26:17.463+0000] {dag.py:3437} INFO - Setting next_dagrun for example_short_circuit_operator to 2023-05-06T22:26:17.463783+00:00, run_after=2023-05-07T22:26:17.463783+00:00
[2023-05-07T22:26:17.505+0000] {processor.py:175} INFO - Processing /usr/local/python/3.10.4/lib/python3.10/site-packages/airflow/example_dags/example_short_circuit_operator.py took 0.096 seconds
[2023-05-07T22:26:59.047+0000] {processor.py:153} INFO - Started process (PID=12035) to work on /usr/local/python/3.10.4/lib/python3.10/site-packages/airflow/example_dags/example_short_circuit_operator.py
[2023-05-07T22:26:59.048+0000] {processor.py:743} INFO - Processing file /usr/local/python/3.10.4/lib/python3.10/site-packages/airflow/example_dags/example_short_circuit_operator.py for tasks to queue
[2023-05-07T22:26:59.049+0000] {logging_mixin.py:137} INFO - [2023-05-07T22:26:59.049+0000] {dagbag.py:538} INFO - Filling up the DagBag from /usr/local/python/3.10.4/lib/python3.10/site-packages/airflow/example_dags/example_short_circuit_operator.py
[2023-05-07T22:26:59.064+0000] {processor.py:753} INFO - DAG(s) dict_keys(['example_short_circuit_operator']) retrieved from /usr/local/python/3.10.4/lib/python3.10/site-packages/airflow/example_dags/example_short_circuit_operator.py
[2023-05-07T22:26:59.081+0000] {logging_mixin.py:137} INFO - [2023-05-07T22:26:59.081+0000] {dag.py:2690} INFO - Sync 1 DAGs
[2023-05-07T22:26:59.098+0000] {logging_mixin.py:137} INFO - [2023-05-07T22:26:59.098+0000] {dag.py:3437} INFO - Setting next_dagrun for example_short_circuit_operator to 2023-05-06T22:26:59.098175+00:00, run_after=2023-05-07T22:26:59.098175+00:00
[2023-05-07T22:26:59.139+0000] {processor.py:175} INFO - Processing /usr/local/python/3.10.4/lib/python3.10/site-packages/airflow/example_dags/example_short_circuit_operator.py took 0.094 seconds
[2023-05-07T22:27:41.475+0000] {processor.py:153} INFO - Started process (PID=12323) to work on /usr/local/python/3.10.4/lib/python3.10/site-packages/airflow/example_dags/example_short_circuit_operator.py
[2023-05-07T22:27:41.476+0000] {processor.py:743} INFO - Processing file /usr/local/python/3.10.4/lib/python3.10/site-packages/airflow/example_dags/example_short_circuit_operator.py for tasks to queue
[2023-05-07T22:27:41.477+0000] {logging_mixin.py:137} INFO - [2023-05-07T22:27:41.477+0000] {dagbag.py:538} INFO - Filling up the DagBag from /usr/local/python/3.10.4/lib/python3.10/site-packages/airflow/example_dags/example_short_circuit_operator.py
[2023-05-07T22:27:41.491+0000] {processor.py:753} INFO - DAG(s) dict_keys(['example_short_circuit_operator']) retrieved from /usr/local/python/3.10.4/lib/python3.10/site-packages/airflow/example_dags/example_short_circuit_operator.py
[2023-05-07T22:27:41.509+0000] {logging_mixin.py:137} INFO - [2023-05-07T22:27:41.509+0000] {dag.py:2690} INFO - Sync 1 DAGs
[2023-05-07T22:27:41.525+0000] {logging_mixin.py:137} INFO - [2023-05-07T22:27:41.525+0000] {dag.py:3437} INFO - Setting next_dagrun for example_short_circuit_operator to 2023-05-06T22:27:41.525397+00:00, run_after=2023-05-07T22:27:41.525397+00:00
[2023-05-07T22:27:41.567+0000] {processor.py:175} INFO - Processing /usr/local/python/3.10.4/lib/python3.10/site-packages/airflow/example_dags/example_short_circuit_operator.py took 0.095 seconds
[2023-05-07T22:28:24.396+0000] {processor.py:153} INFO - Started process (PID=12618) to work on /usr/local/python/3.10.4/lib/python3.10/site-packages/airflow/example_dags/example_short_circuit_operator.py
[2023-05-07T22:28:24.397+0000] {processor.py:743} INFO - Processing file /usr/local/python/3.10.4/lib/python3.10/site-packages/airflow/example_dags/example_short_circuit_operator.py for tasks to queue
[2023-05-07T22:28:24.397+0000] {logging_mixin.py:137} INFO - [2023-05-07T22:28:24.397+0000] {dagbag.py:538} INFO - Filling up the DagBag from /usr/local/python/3.10.4/lib/python3.10/site-packages/airflow/example_dags/example_short_circuit_operator.py
[2023-05-07T22:28:24.412+0000] {processor.py:753} INFO - DAG(s) dict_keys(['example_short_circuit_operator']) retrieved from /usr/local/python/3.10.4/lib/python3.10/site-packages/airflow/example_dags/example_short_circuit_operator.py
[2023-05-07T22:28:24.429+0000] {logging_mixin.py:137} INFO - [2023-05-07T22:28:24.429+0000] {dag.py:2690} INFO - Sync 1 DAGs
[2023-05-07T22:28:24.446+0000] {logging_mixin.py:137} INFO - [2023-05-07T22:28:24.446+0000] {dag.py:3437} INFO - Setting next_dagrun for example_short_circuit_operator to 2023-05-06T22:28:24.445915+00:00, run_after=2023-05-07T22:28:24.445915+00:00
[2023-05-07T22:28:24.498+0000] {processor.py:175} INFO - Processing /usr/local/python/3.10.4/lib/python3.10/site-packages/airflow/example_dags/example_short_circuit_operator.py took 0.105 seconds
[2023-05-07T22:29:09.603+0000] {processor.py:153} INFO - Started process (PID=12941) to work on /usr/local/python/3.10.4/lib/python3.10/site-packages/airflow/example_dags/example_short_circuit_operator.py
[2023-05-07T22:29:09.604+0000] {processor.py:743} INFO - Processing file /usr/local/python/3.10.4/lib/python3.10/site-packages/airflow/example_dags/example_short_circuit_operator.py for tasks to queue
[2023-05-07T22:29:09.604+0000] {logging_mixin.py:137} INFO - [2023-05-07T22:29:09.604+0000] {dagbag.py:538} INFO - Filling up the DagBag from /usr/local/python/3.10.4/lib/python3.10/site-packages/airflow/example_dags/example_short_circuit_operator.py
[2023-05-07T22:29:09.634+0000] {processor.py:753} INFO - DAG(s) dict_keys(['example_short_circuit_operator']) retrieved from /usr/local/python/3.10.4/lib/python3.10/site-packages/airflow/example_dags/example_short_circuit_operator.py
[2023-05-07T22:29:09.659+0000] {logging_mixin.py:137} INFO - [2023-05-07T22:29:09.658+0000] {dag.py:2690} INFO - Sync 1 DAGs
[2023-05-07T22:29:09.680+0000] {logging_mixin.py:137} INFO - [2023-05-07T22:29:09.680+0000] {dag.py:3437} INFO - Setting next_dagrun for example_short_circuit_operator to 2023-05-06T22:29:09.680561+00:00, run_after=2023-05-07T22:29:09.680561+00:00
[2023-05-07T22:29:09.723+0000] {processor.py:175} INFO - Processing /usr/local/python/3.10.4/lib/python3.10/site-packages/airflow/example_dags/example_short_circuit_operator.py took 0.124 seconds
[2023-05-07T22:29:51.894+0000] {processor.py:153} INFO - Started process (PID=13238) to work on /usr/local/python/3.10.4/lib/python3.10/site-packages/airflow/example_dags/example_short_circuit_operator.py
[2023-05-07T22:29:51.895+0000] {processor.py:743} INFO - Processing file /usr/local/python/3.10.4/lib/python3.10/site-packages/airflow/example_dags/example_short_circuit_operator.py for tasks to queue
[2023-05-07T22:29:51.895+0000] {logging_mixin.py:137} INFO - [2023-05-07T22:29:51.895+0000] {dagbag.py:538} INFO - Filling up the DagBag from /usr/local/python/3.10.4/lib/python3.10/site-packages/airflow/example_dags/example_short_circuit_operator.py
[2023-05-07T22:29:51.910+0000] {processor.py:753} INFO - DAG(s) dict_keys(['example_short_circuit_operator']) retrieved from /usr/local/python/3.10.4/lib/python3.10/site-packages/airflow/example_dags/example_short_circuit_operator.py
[2023-05-07T22:29:51.927+0000] {logging_mixin.py:137} INFO - [2023-05-07T22:29:51.927+0000] {dag.py:2690} INFO - Sync 1 DAGs
[2023-05-07T22:29:51.944+0000] {logging_mixin.py:137} INFO - [2023-05-07T22:29:51.944+0000] {dag.py:3437} INFO - Setting next_dagrun for example_short_circuit_operator to 2023-05-06T22:29:51.944468+00:00, run_after=2023-05-07T22:29:51.944468+00:00
[2023-05-07T22:29:52.100+0000] {processor.py:175} INFO - Processing /usr/local/python/3.10.4/lib/python3.10/site-packages/airflow/example_dags/example_short_circuit_operator.py took 0.209 seconds
[2023-05-07T22:30:32.628+0000] {processor.py:153} INFO - Started process (PID=13512) to work on /usr/local/python/3.10.4/lib/python3.10/site-packages/airflow/example_dags/example_short_circuit_operator.py
[2023-05-07T22:30:32.629+0000] {processor.py:743} INFO - Processing file /usr/local/python/3.10.4/lib/python3.10/site-packages/airflow/example_dags/example_short_circuit_operator.py for tasks to queue
[2023-05-07T22:30:32.629+0000] {logging_mixin.py:137} INFO - [2023-05-07T22:30:32.629+0000] {dagbag.py:538} INFO - Filling up the DagBag from /usr/local/python/3.10.4/lib/python3.10/site-packages/airflow/example_dags/example_short_circuit_operator.py
[2023-05-07T22:30:32.644+0000] {processor.py:753} INFO - DAG(s) dict_keys(['example_short_circuit_operator']) retrieved from /usr/local/python/3.10.4/lib/python3.10/site-packages/airflow/example_dags/example_short_circuit_operator.py
[2023-05-07T22:30:32.661+0000] {logging_mixin.py:137} INFO - [2023-05-07T22:30:32.661+0000] {dag.py:2690} INFO - Sync 1 DAGs
[2023-05-07T22:30:32.789+0000] {logging_mixin.py:137} INFO - [2023-05-07T22:30:32.789+0000] {dag.py:3437} INFO - Setting next_dagrun for example_short_circuit_operator to 2023-05-06T22:30:32.678736+00:00, run_after=2023-05-07T22:30:32.678736+00:00
[2023-05-07T22:30:32.832+0000] {processor.py:175} INFO - Processing /usr/local/python/3.10.4/lib/python3.10/site-packages/airflow/example_dags/example_short_circuit_operator.py took 0.207 seconds
[2023-05-07T22:31:22.439+0000] {processor.py:153} INFO - Started process (PID=13848) to work on /usr/local/python/3.10.4/lib/python3.10/site-packages/airflow/example_dags/example_short_circuit_operator.py
[2023-05-07T22:31:22.440+0000] {processor.py:743} INFO - Processing file /usr/local/python/3.10.4/lib/python3.10/site-packages/airflow/example_dags/example_short_circuit_operator.py for tasks to queue
[2023-05-07T22:31:22.441+0000] {logging_mixin.py:137} INFO - [2023-05-07T22:31:22.441+0000] {dagbag.py:538} INFO - Filling up the DagBag from /usr/local/python/3.10.4/lib/python3.10/site-packages/airflow/example_dags/example_short_circuit_operator.py
[2023-05-07T22:31:22.461+0000] {processor.py:753} INFO - DAG(s) dict_keys(['example_short_circuit_operator']) retrieved from /usr/local/python/3.10.4/lib/python3.10/site-packages/airflow/example_dags/example_short_circuit_operator.py
[2023-05-07T22:31:22.485+0000] {logging_mixin.py:137} INFO - [2023-05-07T22:31:22.485+0000] {dag.py:2690} INFO - Sync 1 DAGs
[2023-05-07T22:31:22.651+0000] {logging_mixin.py:137} INFO - [2023-05-07T22:31:22.651+0000] {dag.py:3437} INFO - Setting next_dagrun for example_short_circuit_operator to 2023-05-06T22:31:22.651200+00:00, run_after=2023-05-07T22:31:22.651200+00:00
[2023-05-07T22:31:22.696+0000] {processor.py:175} INFO - Processing /usr/local/python/3.10.4/lib/python3.10/site-packages/airflow/example_dags/example_short_circuit_operator.py took 0.263 seconds
[2023-05-07T22:32:07.962+0000] {processor.py:153} INFO - Started process (PID=14150) to work on /usr/local/python/3.10.4/lib/python3.10/site-packages/airflow/example_dags/example_short_circuit_operator.py
[2023-05-07T22:32:07.963+0000] {processor.py:743} INFO - Processing file /usr/local/python/3.10.4/lib/python3.10/site-packages/airflow/example_dags/example_short_circuit_operator.py for tasks to queue
[2023-05-07T22:32:07.964+0000] {logging_mixin.py:137} INFO - [2023-05-07T22:32:07.964+0000] {dagbag.py:538} INFO - Filling up the DagBag from /usr/local/python/3.10.4/lib/python3.10/site-packages/airflow/example_dags/example_short_circuit_operator.py
[2023-05-07T22:32:07.979+0000] {processor.py:753} INFO - DAG(s) dict_keys(['example_short_circuit_operator']) retrieved from /usr/local/python/3.10.4/lib/python3.10/site-packages/airflow/example_dags/example_short_circuit_operator.py
[2023-05-07T22:32:08.115+0000] {logging_mixin.py:137} INFO - [2023-05-07T22:32:08.114+0000] {dag.py:2690} INFO - Sync 1 DAGs
[2023-05-07T22:32:08.140+0000] {logging_mixin.py:137} INFO - [2023-05-07T22:32:08.140+0000] {dag.py:3437} INFO - Setting next_dagrun for example_short_circuit_operator to 2023-05-06T22:32:08.139849+00:00, run_after=2023-05-07T22:32:08.139849+00:00
[2023-05-07T22:32:08.183+0000] {processor.py:175} INFO - Processing /usr/local/python/3.10.4/lib/python3.10/site-packages/airflow/example_dags/example_short_circuit_operator.py took 0.223 seconds
[2023-05-07T22:32:54.946+0000] {processor.py:153} INFO - Started process (PID=14490) to work on /usr/local/python/3.10.4/lib/python3.10/site-packages/airflow/example_dags/example_short_circuit_operator.py
[2023-05-07T22:32:54.946+0000] {processor.py:743} INFO - Processing file /usr/local/python/3.10.4/lib/python3.10/site-packages/airflow/example_dags/example_short_circuit_operator.py for tasks to queue
[2023-05-07T22:32:54.947+0000] {logging_mixin.py:137} INFO - [2023-05-07T22:32:54.947+0000] {dagbag.py:538} INFO - Filling up the DagBag from /usr/local/python/3.10.4/lib/python3.10/site-packages/airflow/example_dags/example_short_circuit_operator.py
[2023-05-07T22:32:54.962+0000] {processor.py:753} INFO - DAG(s) dict_keys(['example_short_circuit_operator']) retrieved from /usr/local/python/3.10.4/lib/python3.10/site-packages/airflow/example_dags/example_short_circuit_operator.py
[2023-05-07T22:32:55.090+0000] {logging_mixin.py:137} INFO - [2023-05-07T22:32:55.089+0000] {dag.py:2690} INFO - Sync 1 DAGs
[2023-05-07T22:32:55.105+0000] {logging_mixin.py:137} INFO - [2023-05-07T22:32:55.104+0000] {dag.py:3437} INFO - Setting next_dagrun for example_short_circuit_operator to 2023-05-06T22:32:55.104790+00:00, run_after=2023-05-07T22:32:55.104790+00:00
[2023-05-07T22:32:55.146+0000] {processor.py:175} INFO - Processing /usr/local/python/3.10.4/lib/python3.10/site-packages/airflow/example_dags/example_short_circuit_operator.py took 0.203 seconds
[2023-05-07T22:33:44.416+0000] {processor.py:153} INFO - Started process (PID=14843) to work on /usr/local/python/3.10.4/lib/python3.10/site-packages/airflow/example_dags/example_short_circuit_operator.py
[2023-05-07T22:33:44.417+0000] {processor.py:743} INFO - Processing file /usr/local/python/3.10.4/lib/python3.10/site-packages/airflow/example_dags/example_short_circuit_operator.py for tasks to queue
[2023-05-07T22:33:44.418+0000] {logging_mixin.py:137} INFO - [2023-05-07T22:33:44.418+0000] {dagbag.py:538} INFO - Filling up the DagBag from /usr/local/python/3.10.4/lib/python3.10/site-packages/airflow/example_dags/example_short_circuit_operator.py
[2023-05-07T22:33:44.541+0000] {processor.py:753} INFO - DAG(s) dict_keys(['example_short_circuit_operator']) retrieved from /usr/local/python/3.10.4/lib/python3.10/site-packages/airflow/example_dags/example_short_circuit_operator.py
[2023-05-07T22:33:44.555+0000] {logging_mixin.py:137} INFO - [2023-05-07T22:33:44.555+0000] {dag.py:2690} INFO - Sync 1 DAGs
[2023-05-07T22:33:44.570+0000] {logging_mixin.py:137} INFO - [2023-05-07T22:33:44.569+0000] {dag.py:3437} INFO - Setting next_dagrun for example_short_circuit_operator to 2023-05-06T22:33:44.569763+00:00, run_after=2023-05-07T22:33:44.569763+00:00
[2023-05-07T22:33:44.628+0000] {processor.py:175} INFO - Processing /usr/local/python/3.10.4/lib/python3.10/site-packages/airflow/example_dags/example_short_circuit_operator.py took 0.214 seconds
[2023-05-07T22:34:32.603+0000] {processor.py:153} INFO - Started process (PID=15228) to work on /usr/local/python/3.10.4/lib/python3.10/site-packages/airflow/example_dags/example_short_circuit_operator.py
[2023-05-07T22:34:32.604+0000] {processor.py:743} INFO - Processing file /usr/local/python/3.10.4/lib/python3.10/site-packages/airflow/example_dags/example_short_circuit_operator.py for tasks to queue
[2023-05-07T22:34:32.605+0000] {logging_mixin.py:137} INFO - [2023-05-07T22:34:32.604+0000] {dagbag.py:538} INFO - Filling up the DagBag from /usr/local/python/3.10.4/lib/python3.10/site-packages/airflow/example_dags/example_short_circuit_operator.py
[2023-05-07T22:34:32.619+0000] {processor.py:753} INFO - DAG(s) dict_keys(['example_short_circuit_operator']) retrieved from /usr/local/python/3.10.4/lib/python3.10/site-packages/airflow/example_dags/example_short_circuit_operator.py
[2023-05-07T22:34:32.636+0000] {logging_mixin.py:137} INFO - [2023-05-07T22:34:32.636+0000] {dag.py:2690} INFO - Sync 1 DAGs
[2023-05-07T22:34:32.652+0000] {logging_mixin.py:137} INFO - [2023-05-07T22:34:32.652+0000] {dag.py:3437} INFO - Setting next_dagrun for example_short_circuit_operator to 2023-05-06T22:34:32.652340+00:00, run_after=2023-05-07T22:34:32.652340+00:00
[2023-05-07T22:34:32.697+0000] {processor.py:175} INFO - Processing /usr/local/python/3.10.4/lib/python3.10/site-packages/airflow/example_dags/example_short_circuit_operator.py took 0.097 seconds
[2023-05-07T22:35:10.364+0000] {processor.py:153} INFO - Started process (PID=15493) to work on /usr/local/python/3.10.4/lib/python3.10/site-packages/airflow/example_dags/example_short_circuit_operator.py
[2023-05-07T22:35:10.365+0000] {processor.py:743} INFO - Processing file /usr/local/python/3.10.4/lib/python3.10/site-packages/airflow/example_dags/example_short_circuit_operator.py for tasks to queue
[2023-05-07T22:35:10.366+0000] {logging_mixin.py:137} INFO - [2023-05-07T22:35:10.366+0000] {dagbag.py:538} INFO - Filling up the DagBag from /usr/local/python/3.10.4/lib/python3.10/site-packages/airflow/example_dags/example_short_circuit_operator.py
[2023-05-07T22:35:10.382+0000] {processor.py:753} INFO - DAG(s) dict_keys(['example_short_circuit_operator']) retrieved from /usr/local/python/3.10.4/lib/python3.10/site-packages/airflow/example_dags/example_short_circuit_operator.py
[2023-05-07T22:35:10.400+0000] {logging_mixin.py:137} INFO - [2023-05-07T22:35:10.400+0000] {dag.py:2690} INFO - Sync 1 DAGs
[2023-05-07T22:35:10.419+0000] {logging_mixin.py:137} INFO - [2023-05-07T22:35:10.419+0000] {dag.py:3437} INFO - Setting next_dagrun for example_short_circuit_operator to 2023-05-06T22:35:10.419361+00:00, run_after=2023-05-07T22:35:10.419361+00:00
[2023-05-07T22:35:10.461+0000] {processor.py:175} INFO - Processing /usr/local/python/3.10.4/lib/python3.10/site-packages/airflow/example_dags/example_short_circuit_operator.py took 0.100 seconds
[2023-05-07T22:35:52.108+0000] {processor.py:153} INFO - Started process (PID=15784) to work on /usr/local/python/3.10.4/lib/python3.10/site-packages/airflow/example_dags/example_short_circuit_operator.py
[2023-05-07T22:35:52.109+0000] {processor.py:743} INFO - Processing file /usr/local/python/3.10.4/lib/python3.10/site-packages/airflow/example_dags/example_short_circuit_operator.py for tasks to queue
[2023-05-07T22:35:52.110+0000] {logging_mixin.py:137} INFO - [2023-05-07T22:35:52.109+0000] {dagbag.py:538} INFO - Filling up the DagBag from /usr/local/python/3.10.4/lib/python3.10/site-packages/airflow/example_dags/example_short_circuit_operator.py
[2023-05-07T22:35:52.125+0000] {processor.py:753} INFO - DAG(s) dict_keys(['example_short_circuit_operator']) retrieved from /usr/local/python/3.10.4/lib/python3.10/site-packages/airflow/example_dags/example_short_circuit_operator.py
[2023-05-07T22:35:52.142+0000] {logging_mixin.py:137} INFO - [2023-05-07T22:35:52.142+0000] {dag.py:2690} INFO - Sync 1 DAGs
[2023-05-07T22:35:52.160+0000] {logging_mixin.py:137} INFO - [2023-05-07T22:35:52.160+0000] {dag.py:3437} INFO - Setting next_dagrun for example_short_circuit_operator to 2023-05-06T22:35:52.160052+00:00, run_after=2023-05-07T22:35:52.160052+00:00
[2023-05-07T22:35:52.202+0000] {processor.py:175} INFO - Processing /usr/local/python/3.10.4/lib/python3.10/site-packages/airflow/example_dags/example_short_circuit_operator.py took 0.096 seconds
[2023-05-07T22:36:26.516+0000] {processor.py:153} INFO - Started process (PID=16046) to work on /usr/local/python/3.10.4/lib/python3.10/site-packages/airflow/example_dags/example_short_circuit_operator.py
[2023-05-07T22:36:26.516+0000] {processor.py:743} INFO - Processing file /usr/local/python/3.10.4/lib/python3.10/site-packages/airflow/example_dags/example_short_circuit_operator.py for tasks to queue
[2023-05-07T22:36:26.517+0000] {logging_mixin.py:137} INFO - [2023-05-07T22:36:26.517+0000] {dagbag.py:538} INFO - Filling up the DagBag from /usr/local/python/3.10.4/lib/python3.10/site-packages/airflow/example_dags/example_short_circuit_operator.py
[2023-05-07T22:36:26.532+0000] {processor.py:753} INFO - DAG(s) dict_keys(['example_short_circuit_operator']) retrieved from /usr/local/python/3.10.4/lib/python3.10/site-packages/airflow/example_dags/example_short_circuit_operator.py
[2023-05-07T22:36:26.551+0000] {logging_mixin.py:137} INFO - [2023-05-07T22:36:26.551+0000] {dag.py:2690} INFO - Sync 1 DAGs
[2023-05-07T22:36:26.568+0000] {logging_mixin.py:137} INFO - [2023-05-07T22:36:26.568+0000] {dag.py:3437} INFO - Setting next_dagrun for example_short_circuit_operator to 2023-05-06T22:36:26.568432+00:00, run_after=2023-05-07T22:36:26.568432+00:00
[2023-05-07T22:36:26.612+0000] {processor.py:175} INFO - Processing /usr/local/python/3.10.4/lib/python3.10/site-packages/airflow/example_dags/example_short_circuit_operator.py took 0.099 seconds
[2023-05-07T22:37:09.510+0000] {processor.py:153} INFO - Started process (PID=16348) to work on /usr/local/python/3.10.4/lib/python3.10/site-packages/airflow/example_dags/example_short_circuit_operator.py
[2023-05-07T22:37:09.511+0000] {processor.py:743} INFO - Processing file /usr/local/python/3.10.4/lib/python3.10/site-packages/airflow/example_dags/example_short_circuit_operator.py for tasks to queue
[2023-05-07T22:37:09.512+0000] {logging_mixin.py:137} INFO - [2023-05-07T22:37:09.512+0000] {dagbag.py:538} INFO - Filling up the DagBag from /usr/local/python/3.10.4/lib/python3.10/site-packages/airflow/example_dags/example_short_circuit_operator.py
[2023-05-07T22:37:09.527+0000] {processor.py:753} INFO - DAG(s) dict_keys(['example_short_circuit_operator']) retrieved from /usr/local/python/3.10.4/lib/python3.10/site-packages/airflow/example_dags/example_short_circuit_operator.py
[2023-05-07T22:37:09.547+0000] {logging_mixin.py:137} INFO - [2023-05-07T22:37:09.547+0000] {dag.py:2690} INFO - Sync 1 DAGs
[2023-05-07T22:37:09.564+0000] {logging_mixin.py:137} INFO - [2023-05-07T22:37:09.564+0000] {dag.py:3437} INFO - Setting next_dagrun for example_short_circuit_operator to 2023-05-06T22:37:09.564166+00:00, run_after=2023-05-07T22:37:09.564166+00:00
[2023-05-07T22:37:09.605+0000] {processor.py:175} INFO - Processing /usr/local/python/3.10.4/lib/python3.10/site-packages/airflow/example_dags/example_short_circuit_operator.py took 0.098 seconds
[2023-05-07T22:37:52.541+0000] {processor.py:153} INFO - Started process (PID=16656) to work on /usr/local/python/3.10.4/lib/python3.10/site-packages/airflow/example_dags/example_short_circuit_operator.py
[2023-05-07T22:37:52.541+0000] {processor.py:743} INFO - Processing file /usr/local/python/3.10.4/lib/python3.10/site-packages/airflow/example_dags/example_short_circuit_operator.py for tasks to queue
[2023-05-07T22:37:52.542+0000] {logging_mixin.py:137} INFO - [2023-05-07T22:37:52.542+0000] {dagbag.py:538} INFO - Filling up the DagBag from /usr/local/python/3.10.4/lib/python3.10/site-packages/airflow/example_dags/example_short_circuit_operator.py
[2023-05-07T22:37:52.557+0000] {processor.py:753} INFO - DAG(s) dict_keys(['example_short_circuit_operator']) retrieved from /usr/local/python/3.10.4/lib/python3.10/site-packages/airflow/example_dags/example_short_circuit_operator.py
[2023-05-07T22:37:52.580+0000] {logging_mixin.py:137} INFO - [2023-05-07T22:37:52.580+0000] {dag.py:2690} INFO - Sync 1 DAGs
[2023-05-07T22:37:52.606+0000] {logging_mixin.py:137} INFO - [2023-05-07T22:37:52.605+0000] {dag.py:3437} INFO - Setting next_dagrun for example_short_circuit_operator to 2023-05-06T22:37:52.605659+00:00, run_after=2023-05-07T22:37:52.605659+00:00
[2023-05-07T22:37:52.649+0000] {processor.py:175} INFO - Processing /usr/local/python/3.10.4/lib/python3.10/site-packages/airflow/example_dags/example_short_circuit_operator.py took 0.112 seconds
[2023-05-07T22:38:26.897+0000] {processor.py:153} INFO - Started process (PID=16905) to work on /usr/local/python/3.10.4/lib/python3.10/site-packages/airflow/example_dags/example_short_circuit_operator.py
[2023-05-07T22:38:26.897+0000] {processor.py:743} INFO - Processing file /usr/local/python/3.10.4/lib/python3.10/site-packages/airflow/example_dags/example_short_circuit_operator.py for tasks to queue
[2023-05-07T22:38:26.898+0000] {logging_mixin.py:137} INFO - [2023-05-07T22:38:26.898+0000] {dagbag.py:538} INFO - Filling up the DagBag from /usr/local/python/3.10.4/lib/python3.10/site-packages/airflow/example_dags/example_short_circuit_operator.py
[2023-05-07T22:38:26.914+0000] {processor.py:753} INFO - DAG(s) dict_keys(['example_short_circuit_operator']) retrieved from /usr/local/python/3.10.4/lib/python3.10/site-packages/airflow/example_dags/example_short_circuit_operator.py
[2023-05-07T22:38:26.931+0000] {logging_mixin.py:137} INFO - [2023-05-07T22:38:26.931+0000] {dag.py:2690} INFO - Sync 1 DAGs
[2023-05-07T22:38:26.948+0000] {logging_mixin.py:137} INFO - [2023-05-07T22:38:26.948+0000] {dag.py:3437} INFO - Setting next_dagrun for example_short_circuit_operator to 2023-05-06T22:38:26.947953+00:00, run_after=2023-05-07T22:38:26.947953+00:00
[2023-05-07T22:38:26.992+0000] {processor.py:175} INFO - Processing /usr/local/python/3.10.4/lib/python3.10/site-packages/airflow/example_dags/example_short_circuit_operator.py took 0.098 seconds
[2023-05-07T22:39:00.978+0000] {processor.py:153} INFO - Started process (PID=17154) to work on /usr/local/python/3.10.4/lib/python3.10/site-packages/airflow/example_dags/example_short_circuit_operator.py
[2023-05-07T22:39:00.979+0000] {processor.py:743} INFO - Processing file /usr/local/python/3.10.4/lib/python3.10/site-packages/airflow/example_dags/example_short_circuit_operator.py for tasks to queue
[2023-05-07T22:39:00.980+0000] {logging_mixin.py:137} INFO - [2023-05-07T22:39:00.979+0000] {dagbag.py:538} INFO - Filling up the DagBag from /usr/local/python/3.10.4/lib/python3.10/site-packages/airflow/example_dags/example_short_circuit_operator.py
[2023-05-07T22:39:00.994+0000] {processor.py:753} INFO - DAG(s) dict_keys(['example_short_circuit_operator']) retrieved from /usr/local/python/3.10.4/lib/python3.10/site-packages/airflow/example_dags/example_short_circuit_operator.py
[2023-05-07T22:39:01.011+0000] {logging_mixin.py:137} INFO - [2023-05-07T22:39:01.011+0000] {dag.py:2690} INFO - Sync 1 DAGs
[2023-05-07T22:39:01.027+0000] {logging_mixin.py:137} INFO - [2023-05-07T22:39:01.027+0000] {dag.py:3437} INFO - Setting next_dagrun for example_short_circuit_operator to 2023-05-06T22:39:01.027520+00:00, run_after=2023-05-07T22:39:01.027520+00:00
[2023-05-07T22:39:01.069+0000] {processor.py:175} INFO - Processing /usr/local/python/3.10.4/lib/python3.10/site-packages/airflow/example_dags/example_short_circuit_operator.py took 0.094 seconds
[2023-05-07T22:39:43.223+0000] {processor.py:153} INFO - Started process (PID=17461) to work on /usr/local/python/3.10.4/lib/python3.10/site-packages/airflow/example_dags/example_short_circuit_operator.py
[2023-05-07T22:39:43.224+0000] {processor.py:743} INFO - Processing file /usr/local/python/3.10.4/lib/python3.10/site-packages/airflow/example_dags/example_short_circuit_operator.py for tasks to queue
[2023-05-07T22:39:43.224+0000] {logging_mixin.py:137} INFO - [2023-05-07T22:39:43.224+0000] {dagbag.py:538} INFO - Filling up the DagBag from /usr/local/python/3.10.4/lib/python3.10/site-packages/airflow/example_dags/example_short_circuit_operator.py
[2023-05-07T22:39:43.239+0000] {processor.py:753} INFO - DAG(s) dict_keys(['example_short_circuit_operator']) retrieved from /usr/local/python/3.10.4/lib/python3.10/site-packages/airflow/example_dags/example_short_circuit_operator.py
[2023-05-07T22:39:43.257+0000] {logging_mixin.py:137} INFO - [2023-05-07T22:39:43.257+0000] {dag.py:2690} INFO - Sync 1 DAGs
[2023-05-07T22:39:43.274+0000] {logging_mixin.py:137} INFO - [2023-05-07T22:39:43.274+0000] {dag.py:3437} INFO - Setting next_dagrun for example_short_circuit_operator to 2023-05-06T22:39:43.274295+00:00, run_after=2023-05-07T22:39:43.274295+00:00
[2023-05-07T22:39:43.316+0000] {processor.py:175} INFO - Processing /usr/local/python/3.10.4/lib/python3.10/site-packages/airflow/example_dags/example_short_circuit_operator.py took 0.096 seconds
[2023-05-07T22:40:24.719+0000] {processor.py:153} INFO - Started process (PID=17785) to work on /usr/local/python/3.10.4/lib/python3.10/site-packages/airflow/example_dags/example_short_circuit_operator.py
[2023-05-07T22:40:24.720+0000] {processor.py:743} INFO - Processing file /usr/local/python/3.10.4/lib/python3.10/site-packages/airflow/example_dags/example_short_circuit_operator.py for tasks to queue
[2023-05-07T22:40:24.721+0000] {logging_mixin.py:137} INFO - [2023-05-07T22:40:24.721+0000] {dagbag.py:538} INFO - Filling up the DagBag from /usr/local/python/3.10.4/lib/python3.10/site-packages/airflow/example_dags/example_short_circuit_operator.py
[2023-05-07T22:40:24.744+0000] {processor.py:753} INFO - DAG(s) dict_keys(['example_short_circuit_operator']) retrieved from /usr/local/python/3.10.4/lib/python3.10/site-packages/airflow/example_dags/example_short_circuit_operator.py
[2023-05-07T22:40:24.768+0000] {logging_mixin.py:137} INFO - [2023-05-07T22:40:24.768+0000] {dag.py:2690} INFO - Sync 1 DAGs
[2023-05-07T22:40:24.785+0000] {logging_mixin.py:137} INFO - [2023-05-07T22:40:24.785+0000] {dag.py:3437} INFO - Setting next_dagrun for example_short_circuit_operator to 2023-05-06T22:40:24.785604+00:00, run_after=2023-05-07T22:40:24.785604+00:00
[2023-05-07T22:40:24.825+0000] {processor.py:175} INFO - Processing /usr/local/python/3.10.4/lib/python3.10/site-packages/airflow/example_dags/example_short_circuit_operator.py took 0.111 seconds
[2023-05-07T22:41:05.132+0000] {processor.py:153} INFO - Started process (PID=18082) to work on /usr/local/python/3.10.4/lib/python3.10/site-packages/airflow/example_dags/example_short_circuit_operator.py
[2023-05-07T22:41:05.133+0000] {processor.py:743} INFO - Processing file /usr/local/python/3.10.4/lib/python3.10/site-packages/airflow/example_dags/example_short_circuit_operator.py for tasks to queue
[2023-05-07T22:41:05.134+0000] {logging_mixin.py:137} INFO - [2023-05-07T22:41:05.133+0000] {dagbag.py:538} INFO - Filling up the DagBag from /usr/local/python/3.10.4/lib/python3.10/site-packages/airflow/example_dags/example_short_circuit_operator.py
[2023-05-07T22:41:05.150+0000] {processor.py:753} INFO - DAG(s) dict_keys(['example_short_circuit_operator']) retrieved from /usr/local/python/3.10.4/lib/python3.10/site-packages/airflow/example_dags/example_short_circuit_operator.py
[2023-05-07T22:41:05.168+0000] {logging_mixin.py:137} INFO - [2023-05-07T22:41:05.168+0000] {dag.py:2690} INFO - Sync 1 DAGs
[2023-05-07T22:41:05.193+0000] {logging_mixin.py:137} INFO - [2023-05-07T22:41:05.193+0000] {dag.py:3437} INFO - Setting next_dagrun for example_short_circuit_operator to 2023-05-06T22:41:05.192894+00:00, run_after=2023-05-07T22:41:05.192894+00:00
[2023-05-07T22:41:05.238+0000] {processor.py:175} INFO - Processing /usr/local/python/3.10.4/lib/python3.10/site-packages/airflow/example_dags/example_short_circuit_operator.py took 0.109 seconds
[2023-05-07T22:41:43.446+0000] {processor.py:153} INFO - Started process (PID=18357) to work on /usr/local/python/3.10.4/lib/python3.10/site-packages/airflow/example_dags/example_short_circuit_operator.py
[2023-05-07T22:41:43.447+0000] {processor.py:743} INFO - Processing file /usr/local/python/3.10.4/lib/python3.10/site-packages/airflow/example_dags/example_short_circuit_operator.py for tasks to queue
[2023-05-07T22:41:43.447+0000] {logging_mixin.py:137} INFO - [2023-05-07T22:41:43.447+0000] {dagbag.py:538} INFO - Filling up the DagBag from /usr/local/python/3.10.4/lib/python3.10/site-packages/airflow/example_dags/example_short_circuit_operator.py
[2023-05-07T22:41:43.463+0000] {processor.py:753} INFO - DAG(s) dict_keys(['example_short_circuit_operator']) retrieved from /usr/local/python/3.10.4/lib/python3.10/site-packages/airflow/example_dags/example_short_circuit_operator.py
[2023-05-07T22:41:43.481+0000] {logging_mixin.py:137} INFO - [2023-05-07T22:41:43.480+0000] {dag.py:2690} INFO - Sync 1 DAGs
[2023-05-07T22:41:43.497+0000] {logging_mixin.py:137} INFO - [2023-05-07T22:41:43.497+0000] {dag.py:3437} INFO - Setting next_dagrun for example_short_circuit_operator to 2023-05-06T22:41:43.497563+00:00, run_after=2023-05-07T22:41:43.497563+00:00
[2023-05-07T22:41:43.541+0000] {processor.py:175} INFO - Processing /usr/local/python/3.10.4/lib/python3.10/site-packages/airflow/example_dags/example_short_circuit_operator.py took 0.098 seconds
[2023-05-07T22:42:24.743+0000] {processor.py:153} INFO - Started process (PID=18741) to work on /usr/local/python/3.10.4/lib/python3.10/site-packages/airflow/example_dags/example_short_circuit_operator.py
[2023-05-07T22:42:24.744+0000] {processor.py:743} INFO - Processing file /usr/local/python/3.10.4/lib/python3.10/site-packages/airflow/example_dags/example_short_circuit_operator.py for tasks to queue
[2023-05-07T22:42:24.744+0000] {logging_mixin.py:137} INFO - [2023-05-07T22:42:24.744+0000] {dagbag.py:538} INFO - Filling up the DagBag from /usr/local/python/3.10.4/lib/python3.10/site-packages/airflow/example_dags/example_short_circuit_operator.py
[2023-05-07T22:42:24.761+0000] {processor.py:753} INFO - DAG(s) dict_keys(['example_short_circuit_operator']) retrieved from /usr/local/python/3.10.4/lib/python3.10/site-packages/airflow/example_dags/example_short_circuit_operator.py
[2023-05-07T22:42:24.778+0000] {logging_mixin.py:137} INFO - [2023-05-07T22:42:24.778+0000] {dag.py:2690} INFO - Sync 1 DAGs
[2023-05-07T22:42:24.795+0000] {logging_mixin.py:137} INFO - [2023-05-07T22:42:24.795+0000] {dag.py:3437} INFO - Setting next_dagrun for example_short_circuit_operator to 2023-05-06T22:42:24.795162+00:00, run_after=2023-05-07T22:42:24.795162+00:00
[2023-05-07T22:42:24.834+0000] {processor.py:175} INFO - Processing /usr/local/python/3.10.4/lib/python3.10/site-packages/airflow/example_dags/example_short_circuit_operator.py took 0.095 seconds
[2023-05-07T22:42:58.274+0000] {processor.py:153} INFO - Started process (PID=19025) to work on /usr/local/python/3.10.4/lib/python3.10/site-packages/airflow/example_dags/example_short_circuit_operator.py
[2023-05-07T22:42:58.275+0000] {processor.py:743} INFO - Processing file /usr/local/python/3.10.4/lib/python3.10/site-packages/airflow/example_dags/example_short_circuit_operator.py for tasks to queue
[2023-05-07T22:42:58.276+0000] {logging_mixin.py:137} INFO - [2023-05-07T22:42:58.275+0000] {dagbag.py:538} INFO - Filling up the DagBag from /usr/local/python/3.10.4/lib/python3.10/site-packages/airflow/example_dags/example_short_circuit_operator.py
[2023-05-07T22:42:58.291+0000] {processor.py:753} INFO - DAG(s) dict_keys(['example_short_circuit_operator']) retrieved from /usr/local/python/3.10.4/lib/python3.10/site-packages/airflow/example_dags/example_short_circuit_operator.py
[2023-05-07T22:42:58.313+0000] {logging_mixin.py:137} INFO - [2023-05-07T22:42:58.313+0000] {dag.py:2690} INFO - Sync 1 DAGs
[2023-05-07T22:42:58.329+0000] {logging_mixin.py:137} INFO - [2023-05-07T22:42:58.329+0000] {dag.py:3437} INFO - Setting next_dagrun for example_short_circuit_operator to 2023-05-06T22:42:58.329242+00:00, run_after=2023-05-07T22:42:58.329242+00:00
[2023-05-07T22:42:58.370+0000] {processor.py:175} INFO - Processing /usr/local/python/3.10.4/lib/python3.10/site-packages/airflow/example_dags/example_short_circuit_operator.py took 0.099 seconds
[2023-05-07T22:43:33.643+0000] {processor.py:153} INFO - Started process (PID=19423) to work on /usr/local/python/3.10.4/lib/python3.10/site-packages/airflow/example_dags/example_short_circuit_operator.py
[2023-05-07T22:43:33.644+0000] {processor.py:743} INFO - Processing file /usr/local/python/3.10.4/lib/python3.10/site-packages/airflow/example_dags/example_short_circuit_operator.py for tasks to queue
[2023-05-07T22:43:33.644+0000] {logging_mixin.py:137} INFO - [2023-05-07T22:43:33.644+0000] {dagbag.py:538} INFO - Filling up the DagBag from /usr/local/python/3.10.4/lib/python3.10/site-packages/airflow/example_dags/example_short_circuit_operator.py
[2023-05-07T22:43:33.661+0000] {processor.py:753} INFO - DAG(s) dict_keys(['example_short_circuit_operator']) retrieved from /usr/local/python/3.10.4/lib/python3.10/site-packages/airflow/example_dags/example_short_circuit_operator.py
[2023-05-07T22:43:33.678+0000] {logging_mixin.py:137} INFO - [2023-05-07T22:43:33.678+0000] {dag.py:2690} INFO - Sync 1 DAGs
[2023-05-07T22:43:33.696+0000] {logging_mixin.py:137} INFO - [2023-05-07T22:43:33.695+0000] {dag.py:3437} INFO - Setting next_dagrun for example_short_circuit_operator to 2023-05-06T22:43:33.695646+00:00, run_after=2023-05-07T22:43:33.695646+00:00
[2023-05-07T22:43:33.735+0000] {processor.py:175} INFO - Processing /usr/local/python/3.10.4/lib/python3.10/site-packages/airflow/example_dags/example_short_circuit_operator.py took 0.096 seconds
[2023-05-07T22:44:13.954+0000] {processor.py:153} INFO - Started process (PID=19837) to work on /usr/local/python/3.10.4/lib/python3.10/site-packages/airflow/example_dags/example_short_circuit_operator.py
[2023-05-07T22:44:13.955+0000] {processor.py:743} INFO - Processing file /usr/local/python/3.10.4/lib/python3.10/site-packages/airflow/example_dags/example_short_circuit_operator.py for tasks to queue
[2023-05-07T22:44:13.957+0000] {logging_mixin.py:137} INFO - [2023-05-07T22:44:13.957+0000] {dagbag.py:538} INFO - Filling up the DagBag from /usr/local/python/3.10.4/lib/python3.10/site-packages/airflow/example_dags/example_short_circuit_operator.py
[2023-05-07T22:44:13.980+0000] {processor.py:753} INFO - DAG(s) dict_keys(['example_short_circuit_operator']) retrieved from /usr/local/python/3.10.4/lib/python3.10/site-packages/airflow/example_dags/example_short_circuit_operator.py
[2023-05-07T22:44:13.998+0000] {logging_mixin.py:137} INFO - [2023-05-07T22:44:13.998+0000] {dag.py:2690} INFO - Sync 1 DAGs
[2023-05-07T22:44:14.015+0000] {logging_mixin.py:137} INFO - [2023-05-07T22:44:14.015+0000] {dag.py:3437} INFO - Setting next_dagrun for example_short_circuit_operator to 2023-05-06T22:44:14.015292+00:00, run_after=2023-05-07T22:44:14.015292+00:00
[2023-05-07T22:44:14.055+0000] {processor.py:175} INFO - Processing /usr/local/python/3.10.4/lib/python3.10/site-packages/airflow/example_dags/example_short_circuit_operator.py took 0.104 seconds
[2023-05-07T22:44:57.486+0000] {processor.py:153} INFO - Started process (PID=20249) to work on /usr/local/python/3.10.4/lib/python3.10/site-packages/airflow/example_dags/example_short_circuit_operator.py
[2023-05-07T22:44:57.487+0000] {processor.py:743} INFO - Processing file /usr/local/python/3.10.4/lib/python3.10/site-packages/airflow/example_dags/example_short_circuit_operator.py for tasks to queue
[2023-05-07T22:44:57.487+0000] {logging_mixin.py:137} INFO - [2023-05-07T22:44:57.487+0000] {dagbag.py:538} INFO - Filling up the DagBag from /usr/local/python/3.10.4/lib/python3.10/site-packages/airflow/example_dags/example_short_circuit_operator.py
[2023-05-07T22:44:57.503+0000] {processor.py:753} INFO - DAG(s) dict_keys(['example_short_circuit_operator']) retrieved from /usr/local/python/3.10.4/lib/python3.10/site-packages/airflow/example_dags/example_short_circuit_operator.py
[2023-05-07T22:44:57.520+0000] {logging_mixin.py:137} INFO - [2023-05-07T22:44:57.520+0000] {dag.py:2690} INFO - Sync 1 DAGs
[2023-05-07T22:44:57.537+0000] {logging_mixin.py:137} INFO - [2023-05-07T22:44:57.537+0000] {dag.py:3437} INFO - Setting next_dagrun for example_short_circuit_operator to 2023-05-06T22:44:57.537296+00:00, run_after=2023-05-07T22:44:57.537296+00:00
[2023-05-07T22:44:57.580+0000] {processor.py:175} INFO - Processing /usr/local/python/3.10.4/lib/python3.10/site-packages/airflow/example_dags/example_short_circuit_operator.py took 0.097 seconds
[2023-05-07T22:45:34.087+0000] {processor.py:153} INFO - Started process (PID=20588) to work on /usr/local/python/3.10.4/lib/python3.10/site-packages/airflow/example_dags/example_short_circuit_operator.py
[2023-05-07T22:45:34.088+0000] {processor.py:743} INFO - Processing file /usr/local/python/3.10.4/lib/python3.10/site-packages/airflow/example_dags/example_short_circuit_operator.py for tasks to queue
[2023-05-07T22:45:34.088+0000] {logging_mixin.py:137} INFO - [2023-05-07T22:45:34.088+0000] {dagbag.py:538} INFO - Filling up the DagBag from /usr/local/python/3.10.4/lib/python3.10/site-packages/airflow/example_dags/example_short_circuit_operator.py
[2023-05-07T22:45:34.103+0000] {processor.py:753} INFO - DAG(s) dict_keys(['example_short_circuit_operator']) retrieved from /usr/local/python/3.10.4/lib/python3.10/site-packages/airflow/example_dags/example_short_circuit_operator.py
[2023-05-07T22:45:34.121+0000] {logging_mixin.py:137} INFO - [2023-05-07T22:45:34.121+0000] {dag.py:2690} INFO - Sync 1 DAGs
[2023-05-07T22:45:34.138+0000] {logging_mixin.py:137} INFO - [2023-05-07T22:45:34.137+0000] {dag.py:3437} INFO - Setting next_dagrun for example_short_circuit_operator to 2023-05-06T22:45:34.137704+00:00, run_after=2023-05-07T22:45:34.137704+00:00
[2023-05-07T22:45:34.179+0000] {processor.py:175} INFO - Processing /usr/local/python/3.10.4/lib/python3.10/site-packages/airflow/example_dags/example_short_circuit_operator.py took 0.095 seconds
[2023-05-07T22:46:16.613+0000] {processor.py:153} INFO - Started process (PID=20987) to work on /usr/local/python/3.10.4/lib/python3.10/site-packages/airflow/example_dags/example_short_circuit_operator.py
[2023-05-07T22:46:16.614+0000] {processor.py:743} INFO - Processing file /usr/local/python/3.10.4/lib/python3.10/site-packages/airflow/example_dags/example_short_circuit_operator.py for tasks to queue
[2023-05-07T22:46:16.615+0000] {logging_mixin.py:137} INFO - [2023-05-07T22:46:16.615+0000] {dagbag.py:538} INFO - Filling up the DagBag from /usr/local/python/3.10.4/lib/python3.10/site-packages/airflow/example_dags/example_short_circuit_operator.py
[2023-05-07T22:46:16.637+0000] {processor.py:753} INFO - DAG(s) dict_keys(['example_short_circuit_operator']) retrieved from /usr/local/python/3.10.4/lib/python3.10/site-packages/airflow/example_dags/example_short_circuit_operator.py
[2023-05-07T22:46:16.664+0000] {logging_mixin.py:137} INFO - [2023-05-07T22:46:16.664+0000] {dag.py:2690} INFO - Sync 1 DAGs
[2023-05-07T22:46:16.686+0000] {logging_mixin.py:137} INFO - [2023-05-07T22:46:16.686+0000] {dag.py:3437} INFO - Setting next_dagrun for example_short_circuit_operator to 2023-05-06T22:46:16.686356+00:00, run_after=2023-05-07T22:46:16.686356+00:00
[2023-05-07T22:46:16.728+0000] {processor.py:175} INFO - Processing /usr/local/python/3.10.4/lib/python3.10/site-packages/airflow/example_dags/example_short_circuit_operator.py took 0.119 seconds
[2023-05-07T22:46:57.913+0000] {processor.py:153} INFO - Started process (PID=21425) to work on /usr/local/python/3.10.4/lib/python3.10/site-packages/airflow/example_dags/example_short_circuit_operator.py
[2023-05-07T22:46:57.914+0000] {processor.py:743} INFO - Processing file /usr/local/python/3.10.4/lib/python3.10/site-packages/airflow/example_dags/example_short_circuit_operator.py for tasks to queue
[2023-05-07T22:46:57.914+0000] {logging_mixin.py:137} INFO - [2023-05-07T22:46:57.914+0000] {dagbag.py:538} INFO - Filling up the DagBag from /usr/local/python/3.10.4/lib/python3.10/site-packages/airflow/example_dags/example_short_circuit_operator.py
[2023-05-07T22:46:57.929+0000] {processor.py:753} INFO - DAG(s) dict_keys(['example_short_circuit_operator']) retrieved from /usr/local/python/3.10.4/lib/python3.10/site-packages/airflow/example_dags/example_short_circuit_operator.py
[2023-05-07T22:46:57.946+0000] {logging_mixin.py:137} INFO - [2023-05-07T22:46:57.946+0000] {dag.py:2690} INFO - Sync 1 DAGs
[2023-05-07T22:46:57.962+0000] {logging_mixin.py:137} INFO - [2023-05-07T22:46:57.962+0000] {dag.py:3437} INFO - Setting next_dagrun for example_short_circuit_operator to 2023-05-06T22:46:57.962400+00:00, run_after=2023-05-07T22:46:57.962400+00:00
[2023-05-07T22:46:58.004+0000] {processor.py:175} INFO - Processing /usr/local/python/3.10.4/lib/python3.10/site-packages/airflow/example_dags/example_short_circuit_operator.py took 0.094 seconds
[2023-05-07T22:47:33.903+0000] {processor.py:153} INFO - Started process (PID=21684) to work on /usr/local/python/3.10.4/lib/python3.10/site-packages/airflow/example_dags/example_short_circuit_operator.py
[2023-05-07T22:47:33.904+0000] {processor.py:743} INFO - Processing file /usr/local/python/3.10.4/lib/python3.10/site-packages/airflow/example_dags/example_short_circuit_operator.py for tasks to queue
[2023-05-07T22:47:33.905+0000] {logging_mixin.py:137} INFO - [2023-05-07T22:47:33.904+0000] {dagbag.py:538} INFO - Filling up the DagBag from /usr/local/python/3.10.4/lib/python3.10/site-packages/airflow/example_dags/example_short_circuit_operator.py
[2023-05-07T22:47:33.920+0000] {processor.py:753} INFO - DAG(s) dict_keys(['example_short_circuit_operator']) retrieved from /usr/local/python/3.10.4/lib/python3.10/site-packages/airflow/example_dags/example_short_circuit_operator.py
[2023-05-07T22:47:33.937+0000] {logging_mixin.py:137} INFO - [2023-05-07T22:47:33.937+0000] {dag.py:2690} INFO - Sync 1 DAGs
[2023-05-07T22:47:33.954+0000] {logging_mixin.py:137} INFO - [2023-05-07T22:47:33.954+0000] {dag.py:3437} INFO - Setting next_dagrun for example_short_circuit_operator to 2023-05-06T22:47:33.953943+00:00, run_after=2023-05-07T22:47:33.953943+00:00
[2023-05-07T22:47:33.996+0000] {processor.py:175} INFO - Processing /usr/local/python/3.10.4/lib/python3.10/site-packages/airflow/example_dags/example_short_circuit_operator.py took 0.096 seconds
[2023-05-07T22:48:14.575+0000] {processor.py:153} INFO - Started process (PID=22044) to work on /usr/local/python/3.10.4/lib/python3.10/site-packages/airflow/example_dags/example_short_circuit_operator.py
[2023-05-07T22:48:14.576+0000] {processor.py:743} INFO - Processing file /usr/local/python/3.10.4/lib/python3.10/site-packages/airflow/example_dags/example_short_circuit_operator.py for tasks to queue
[2023-05-07T22:48:14.577+0000] {logging_mixin.py:137} INFO - [2023-05-07T22:48:14.577+0000] {dagbag.py:538} INFO - Filling up the DagBag from /usr/local/python/3.10.4/lib/python3.10/site-packages/airflow/example_dags/example_short_circuit_operator.py
[2023-05-07T22:48:14.591+0000] {processor.py:753} INFO - DAG(s) dict_keys(['example_short_circuit_operator']) retrieved from /usr/local/python/3.10.4/lib/python3.10/site-packages/airflow/example_dags/example_short_circuit_operator.py
[2023-05-07T22:48:14.609+0000] {logging_mixin.py:137} INFO - [2023-05-07T22:48:14.608+0000] {dag.py:2690} INFO - Sync 1 DAGs
[2023-05-07T22:48:14.626+0000] {logging_mixin.py:137} INFO - [2023-05-07T22:48:14.626+0000] {dag.py:3437} INFO - Setting next_dagrun for example_short_circuit_operator to 2023-05-06T22:48:14.625950+00:00, run_after=2023-05-07T22:48:14.625950+00:00
[2023-05-07T22:48:14.668+0000] {processor.py:175} INFO - Processing /usr/local/python/3.10.4/lib/python3.10/site-packages/airflow/example_dags/example_short_circuit_operator.py took 0.095 seconds
[2023-05-07T22:48:48.760+0000] {processor.py:153} INFO - Started process (PID=22365) to work on /usr/local/python/3.10.4/lib/python3.10/site-packages/airflow/example_dags/example_short_circuit_operator.py
[2023-05-07T22:48:48.761+0000] {processor.py:743} INFO - Processing file /usr/local/python/3.10.4/lib/python3.10/site-packages/airflow/example_dags/example_short_circuit_operator.py for tasks to queue
[2023-05-07T22:48:48.762+0000] {logging_mixin.py:137} INFO - [2023-05-07T22:48:48.761+0000] {dagbag.py:538} INFO - Filling up the DagBag from /usr/local/python/3.10.4/lib/python3.10/site-packages/airflow/example_dags/example_short_circuit_operator.py
[2023-05-07T22:48:48.776+0000] {processor.py:753} INFO - DAG(s) dict_keys(['example_short_circuit_operator']) retrieved from /usr/local/python/3.10.4/lib/python3.10/site-packages/airflow/example_dags/example_short_circuit_operator.py
[2023-05-07T22:48:48.793+0000] {logging_mixin.py:137} INFO - [2023-05-07T22:48:48.793+0000] {dag.py:2690} INFO - Sync 1 DAGs
[2023-05-07T22:48:48.811+0000] {logging_mixin.py:137} INFO - [2023-05-07T22:48:48.810+0000] {dag.py:3437} INFO - Setting next_dagrun for example_short_circuit_operator to 2023-05-06T22:48:48.810668+00:00, run_after=2023-05-07T22:48:48.810668+00:00
[2023-05-07T22:48:48.851+0000] {processor.py:175} INFO - Processing /usr/local/python/3.10.4/lib/python3.10/site-packages/airflow/example_dags/example_short_circuit_operator.py took 0.094 seconds
[2023-05-07T22:49:31.027+0000] {processor.py:153} INFO - Started process (PID=22822) to work on /usr/local/python/3.10.4/lib/python3.10/site-packages/airflow/example_dags/example_short_circuit_operator.py
[2023-05-07T22:49:31.028+0000] {processor.py:743} INFO - Processing file /usr/local/python/3.10.4/lib/python3.10/site-packages/airflow/example_dags/example_short_circuit_operator.py for tasks to queue
[2023-05-07T22:49:31.028+0000] {logging_mixin.py:137} INFO - [2023-05-07T22:49:31.028+0000] {dagbag.py:538} INFO - Filling up the DagBag from /usr/local/python/3.10.4/lib/python3.10/site-packages/airflow/example_dags/example_short_circuit_operator.py
[2023-05-07T22:49:31.043+0000] {processor.py:753} INFO - DAG(s) dict_keys(['example_short_circuit_operator']) retrieved from /usr/local/python/3.10.4/lib/python3.10/site-packages/airflow/example_dags/example_short_circuit_operator.py
[2023-05-07T22:49:31.063+0000] {logging_mixin.py:137} INFO - [2023-05-07T22:49:31.063+0000] {dag.py:2690} INFO - Sync 1 DAGs
[2023-05-07T22:49:31.079+0000] {logging_mixin.py:137} INFO - [2023-05-07T22:49:31.079+0000] {dag.py:3437} INFO - Setting next_dagrun for example_short_circuit_operator to 2023-05-06T22:49:31.079537+00:00, run_after=2023-05-07T22:49:31.079537+00:00
[2023-05-07T22:49:31.122+0000] {processor.py:175} INFO - Processing /usr/local/python/3.10.4/lib/python3.10/site-packages/airflow/example_dags/example_short_circuit_operator.py took 0.098 seconds
[2023-05-07T22:50:12.274+0000] {processor.py:153} INFO - Started process (PID=23135) to work on /usr/local/python/3.10.4/lib/python3.10/site-packages/airflow/example_dags/example_short_circuit_operator.py
[2023-05-07T22:50:12.275+0000] {processor.py:743} INFO - Processing file /usr/local/python/3.10.4/lib/python3.10/site-packages/airflow/example_dags/example_short_circuit_operator.py for tasks to queue
[2023-05-07T22:50:12.275+0000] {logging_mixin.py:137} INFO - [2023-05-07T22:50:12.275+0000] {dagbag.py:538} INFO - Filling up the DagBag from /usr/local/python/3.10.4/lib/python3.10/site-packages/airflow/example_dags/example_short_circuit_operator.py
[2023-05-07T22:50:12.290+0000] {processor.py:753} INFO - DAG(s) dict_keys(['example_short_circuit_operator']) retrieved from /usr/local/python/3.10.4/lib/python3.10/site-packages/airflow/example_dags/example_short_circuit_operator.py
[2023-05-07T22:50:12.308+0000] {logging_mixin.py:137} INFO - [2023-05-07T22:50:12.308+0000] {dag.py:2690} INFO - Sync 1 DAGs
[2023-05-07T22:50:12.325+0000] {logging_mixin.py:137} INFO - [2023-05-07T22:50:12.325+0000] {dag.py:3437} INFO - Setting next_dagrun for example_short_circuit_operator to 2023-05-06T22:50:12.324920+00:00, run_after=2023-05-07T22:50:12.324920+00:00
[2023-05-07T22:50:12.367+0000] {processor.py:175} INFO - Processing /usr/local/python/3.10.4/lib/python3.10/site-packages/airflow/example_dags/example_short_circuit_operator.py took 0.096 seconds
[2023-05-07T22:50:46.067+0000] {processor.py:153} INFO - Started process (PID=23406) to work on /usr/local/python/3.10.4/lib/python3.10/site-packages/airflow/example_dags/example_short_circuit_operator.py
[2023-05-07T22:50:46.068+0000] {processor.py:743} INFO - Processing file /usr/local/python/3.10.4/lib/python3.10/site-packages/airflow/example_dags/example_short_circuit_operator.py for tasks to queue
[2023-05-07T22:50:46.069+0000] {logging_mixin.py:137} INFO - [2023-05-07T22:50:46.069+0000] {dagbag.py:538} INFO - Filling up the DagBag from /usr/local/python/3.10.4/lib/python3.10/site-packages/airflow/example_dags/example_short_circuit_operator.py
[2023-05-07T22:50:46.087+0000] {processor.py:753} INFO - DAG(s) dict_keys(['example_short_circuit_operator']) retrieved from /usr/local/python/3.10.4/lib/python3.10/site-packages/airflow/example_dags/example_short_circuit_operator.py
[2023-05-07T22:50:46.105+0000] {logging_mixin.py:137} INFO - [2023-05-07T22:50:46.105+0000] {dag.py:2690} INFO - Sync 1 DAGs
[2023-05-07T22:50:46.121+0000] {logging_mixin.py:137} INFO - [2023-05-07T22:50:46.121+0000] {dag.py:3437} INFO - Setting next_dagrun for example_short_circuit_operator to 2023-05-06T22:50:46.121498+00:00, run_after=2023-05-07T22:50:46.121498+00:00
[2023-05-07T22:50:46.163+0000] {processor.py:175} INFO - Processing /usr/local/python/3.10.4/lib/python3.10/site-packages/airflow/example_dags/example_short_circuit_operator.py took 0.099 seconds
[2023-05-07T22:51:20.564+0000] {processor.py:153} INFO - Started process (PID=23725) to work on /usr/local/python/3.10.4/lib/python3.10/site-packages/airflow/example_dags/example_short_circuit_operator.py
[2023-05-07T22:51:20.565+0000] {processor.py:743} INFO - Processing file /usr/local/python/3.10.4/lib/python3.10/site-packages/airflow/example_dags/example_short_circuit_operator.py for tasks to queue
[2023-05-07T22:51:20.566+0000] {logging_mixin.py:137} INFO - [2023-05-07T22:51:20.565+0000] {dagbag.py:538} INFO - Filling up the DagBag from /usr/local/python/3.10.4/lib/python3.10/site-packages/airflow/example_dags/example_short_circuit_operator.py
[2023-05-07T22:51:20.585+0000] {processor.py:753} INFO - DAG(s) dict_keys(['example_short_circuit_operator']) retrieved from /usr/local/python/3.10.4/lib/python3.10/site-packages/airflow/example_dags/example_short_circuit_operator.py
[2023-05-07T22:51:20.603+0000] {logging_mixin.py:137} INFO - [2023-05-07T22:51:20.603+0000] {dag.py:2690} INFO - Sync 1 DAGs
[2023-05-07T22:51:20.619+0000] {logging_mixin.py:137} INFO - [2023-05-07T22:51:20.619+0000] {dag.py:3437} INFO - Setting next_dagrun for example_short_circuit_operator to 2023-05-06T22:51:20.619495+00:00, run_after=2023-05-07T22:51:20.619495+00:00
[2023-05-07T22:51:20.659+0000] {processor.py:175} INFO - Processing /usr/local/python/3.10.4/lib/python3.10/site-packages/airflow/example_dags/example_short_circuit_operator.py took 0.099 seconds
[2023-05-07T22:52:01.401+0000] {processor.py:153} INFO - Started process (PID=23953) to work on /usr/local/python/3.10.4/lib/python3.10/site-packages/airflow/example_dags/example_short_circuit_operator.py
[2023-05-07T22:52:01.402+0000] {processor.py:743} INFO - Processing file /usr/local/python/3.10.4/lib/python3.10/site-packages/airflow/example_dags/example_short_circuit_operator.py for tasks to queue
[2023-05-07T22:52:01.403+0000] {logging_mixin.py:137} INFO - [2023-05-07T22:52:01.403+0000] {dagbag.py:538} INFO - Filling up the DagBag from /usr/local/python/3.10.4/lib/python3.10/site-packages/airflow/example_dags/example_short_circuit_operator.py
[2023-05-07T22:52:01.418+0000] {processor.py:753} INFO - DAG(s) dict_keys(['example_short_circuit_operator']) retrieved from /usr/local/python/3.10.4/lib/python3.10/site-packages/airflow/example_dags/example_short_circuit_operator.py
[2023-05-07T22:52:01.435+0000] {logging_mixin.py:137} INFO - [2023-05-07T22:52:01.435+0000] {dag.py:2690} INFO - Sync 1 DAGs
[2023-05-07T22:52:01.452+0000] {logging_mixin.py:137} INFO - [2023-05-07T22:52:01.451+0000] {dag.py:3437} INFO - Setting next_dagrun for example_short_circuit_operator to 2023-05-06T22:52:01.451716+00:00, run_after=2023-05-07T22:52:01.451716+00:00
[2023-05-07T22:52:01.493+0000] {processor.py:175} INFO - Processing /usr/local/python/3.10.4/lib/python3.10/site-packages/airflow/example_dags/example_short_circuit_operator.py took 0.094 seconds
[2023-05-07T22:52:44.772+0000] {processor.py:153} INFO - Started process (PID=24101) to work on /usr/local/python/3.10.4/lib/python3.10/site-packages/airflow/example_dags/example_short_circuit_operator.py
[2023-05-07T22:52:44.773+0000] {processor.py:743} INFO - Processing file /usr/local/python/3.10.4/lib/python3.10/site-packages/airflow/example_dags/example_short_circuit_operator.py for tasks to queue
[2023-05-07T22:52:44.774+0000] {logging_mixin.py:137} INFO - [2023-05-07T22:52:44.774+0000] {dagbag.py:538} INFO - Filling up the DagBag from /usr/local/python/3.10.4/lib/python3.10/site-packages/airflow/example_dags/example_short_circuit_operator.py
[2023-05-07T22:52:44.788+0000] {processor.py:753} INFO - DAG(s) dict_keys(['example_short_circuit_operator']) retrieved from /usr/local/python/3.10.4/lib/python3.10/site-packages/airflow/example_dags/example_short_circuit_operator.py
[2023-05-07T22:52:44.805+0000] {logging_mixin.py:137} INFO - [2023-05-07T22:52:44.805+0000] {dag.py:2690} INFO - Sync 1 DAGs
[2023-05-07T22:52:44.823+0000] {logging_mixin.py:137} INFO - [2023-05-07T22:52:44.822+0000] {dag.py:3437} INFO - Setting next_dagrun for example_short_circuit_operator to 2023-05-06T22:52:44.822738+00:00, run_after=2023-05-07T22:52:44.822738+00:00
[2023-05-07T22:52:44.864+0000] {processor.py:175} INFO - Processing /usr/local/python/3.10.4/lib/python3.10/site-packages/airflow/example_dags/example_short_circuit_operator.py took 0.095 seconds
[2023-05-07T22:53:28.185+0000] {processor.py:153} INFO - Started process (PID=25159) to work on /usr/local/python/3.10.4/lib/python3.10/site-packages/airflow/example_dags/example_short_circuit_operator.py
[2023-05-07T22:53:28.186+0000] {processor.py:743} INFO - Processing file /usr/local/python/3.10.4/lib/python3.10/site-packages/airflow/example_dags/example_short_circuit_operator.py for tasks to queue
[2023-05-07T22:53:28.187+0000] {logging_mixin.py:137} INFO - [2023-05-07T22:53:28.187+0000] {dagbag.py:538} INFO - Filling up the DagBag from /usr/local/python/3.10.4/lib/python3.10/site-packages/airflow/example_dags/example_short_circuit_operator.py
[2023-05-07T22:53:28.202+0000] {processor.py:753} INFO - DAG(s) dict_keys(['example_short_circuit_operator']) retrieved from /usr/local/python/3.10.4/lib/python3.10/site-packages/airflow/example_dags/example_short_circuit_operator.py
[2023-05-07T22:53:28.219+0000] {logging_mixin.py:137} INFO - [2023-05-07T22:53:28.218+0000] {dag.py:2690} INFO - Sync 1 DAGs
[2023-05-07T22:53:28.236+0000] {logging_mixin.py:137} INFO - [2023-05-07T22:53:28.236+0000] {dag.py:3437} INFO - Setting next_dagrun for example_short_circuit_operator to 2023-05-06T22:53:28.236216+00:00, run_after=2023-05-07T22:53:28.236216+00:00
[2023-05-07T22:53:28.278+0000] {processor.py:175} INFO - Processing /usr/local/python/3.10.4/lib/python3.10/site-packages/airflow/example_dags/example_short_circuit_operator.py took 0.096 seconds
[2023-05-07T22:54:03.454+0000] {processor.py:153} INFO - Started process (PID=25480) to work on /usr/local/python/3.10.4/lib/python3.10/site-packages/airflow/example_dags/example_short_circuit_operator.py
[2023-05-07T22:54:03.455+0000] {processor.py:743} INFO - Processing file /usr/local/python/3.10.4/lib/python3.10/site-packages/airflow/example_dags/example_short_circuit_operator.py for tasks to queue
[2023-05-07T22:54:03.456+0000] {logging_mixin.py:137} INFO - [2023-05-07T22:54:03.455+0000] {dagbag.py:538} INFO - Filling up the DagBag from /usr/local/python/3.10.4/lib/python3.10/site-packages/airflow/example_dags/example_short_circuit_operator.py
[2023-05-07T22:54:03.471+0000] {processor.py:753} INFO - DAG(s) dict_keys(['example_short_circuit_operator']) retrieved from /usr/local/python/3.10.4/lib/python3.10/site-packages/airflow/example_dags/example_short_circuit_operator.py
[2023-05-07T22:54:03.488+0000] {logging_mixin.py:137} INFO - [2023-05-07T22:54:03.488+0000] {dag.py:2690} INFO - Sync 1 DAGs
[2023-05-07T22:54:03.505+0000] {logging_mixin.py:137} INFO - [2023-05-07T22:54:03.504+0000] {dag.py:3437} INFO - Setting next_dagrun for example_short_circuit_operator to 2023-05-06T22:54:03.504699+00:00, run_after=2023-05-07T22:54:03.504699+00:00
[2023-05-07T22:54:03.546+0000] {processor.py:175} INFO - Processing /usr/local/python/3.10.4/lib/python3.10/site-packages/airflow/example_dags/example_short_circuit_operator.py took 0.094 seconds
[2023-05-07T22:54:46.572+0000] {processor.py:153} INFO - Started process (PID=25807) to work on /usr/local/python/3.10.4/lib/python3.10/site-packages/airflow/example_dags/example_short_circuit_operator.py
[2023-05-07T22:54:46.573+0000] {processor.py:743} INFO - Processing file /usr/local/python/3.10.4/lib/python3.10/site-packages/airflow/example_dags/example_short_circuit_operator.py for tasks to queue
[2023-05-07T22:54:46.574+0000] {logging_mixin.py:137} INFO - [2023-05-07T22:54:46.574+0000] {dagbag.py:538} INFO - Filling up the DagBag from /usr/local/python/3.10.4/lib/python3.10/site-packages/airflow/example_dags/example_short_circuit_operator.py
[2023-05-07T22:54:46.589+0000] {processor.py:753} INFO - DAG(s) dict_keys(['example_short_circuit_operator']) retrieved from /usr/local/python/3.10.4/lib/python3.10/site-packages/airflow/example_dags/example_short_circuit_operator.py
[2023-05-07T22:54:46.607+0000] {logging_mixin.py:137} INFO - [2023-05-07T22:54:46.606+0000] {dag.py:2690} INFO - Sync 1 DAGs
[2023-05-07T22:54:46.624+0000] {logging_mixin.py:137} INFO - [2023-05-07T22:54:46.623+0000] {dag.py:3437} INFO - Setting next_dagrun for example_short_circuit_operator to 2023-05-06T22:54:46.623670+00:00, run_after=2023-05-07T22:54:46.623670+00:00
[2023-05-07T22:54:46.664+0000] {processor.py:175} INFO - Processing /usr/local/python/3.10.4/lib/python3.10/site-packages/airflow/example_dags/example_short_circuit_operator.py took 0.095 seconds
[2023-05-07T22:55:25.357+0000] {processor.py:153} INFO - Started process (PID=26087) to work on /usr/local/python/3.10.4/lib/python3.10/site-packages/airflow/example_dags/example_short_circuit_operator.py
[2023-05-07T22:55:25.358+0000] {processor.py:743} INFO - Processing file /usr/local/python/3.10.4/lib/python3.10/site-packages/airflow/example_dags/example_short_circuit_operator.py for tasks to queue
[2023-05-07T22:55:25.359+0000] {logging_mixin.py:137} INFO - [2023-05-07T22:55:25.359+0000] {dagbag.py:538} INFO - Filling up the DagBag from /usr/local/python/3.10.4/lib/python3.10/site-packages/airflow/example_dags/example_short_circuit_operator.py
[2023-05-07T22:55:25.375+0000] {processor.py:753} INFO - DAG(s) dict_keys(['example_short_circuit_operator']) retrieved from /usr/local/python/3.10.4/lib/python3.10/site-packages/airflow/example_dags/example_short_circuit_operator.py
[2023-05-07T22:55:25.392+0000] {logging_mixin.py:137} INFO - [2023-05-07T22:55:25.392+0000] {dag.py:2690} INFO - Sync 1 DAGs
[2023-05-07T22:55:25.409+0000] {logging_mixin.py:137} INFO - [2023-05-07T22:55:25.409+0000] {dag.py:3437} INFO - Setting next_dagrun for example_short_circuit_operator to 2023-05-06T22:55:25.408892+00:00, run_after=2023-05-07T22:55:25.408892+00:00
[2023-05-07T22:55:25.451+0000] {processor.py:175} INFO - Processing /usr/local/python/3.10.4/lib/python3.10/site-packages/airflow/example_dags/example_short_circuit_operator.py took 0.097 seconds
[2023-05-07T22:56:08.244+0000] {processor.py:153} INFO - Started process (PID=26382) to work on /usr/local/python/3.10.4/lib/python3.10/site-packages/airflow/example_dags/example_short_circuit_operator.py
[2023-05-07T22:56:08.245+0000] {processor.py:743} INFO - Processing file /usr/local/python/3.10.4/lib/python3.10/site-packages/airflow/example_dags/example_short_circuit_operator.py for tasks to queue
[2023-05-07T22:56:08.246+0000] {logging_mixin.py:137} INFO - [2023-05-07T22:56:08.246+0000] {dagbag.py:538} INFO - Filling up the DagBag from /usr/local/python/3.10.4/lib/python3.10/site-packages/airflow/example_dags/example_short_circuit_operator.py
[2023-05-07T22:56:08.260+0000] {processor.py:753} INFO - DAG(s) dict_keys(['example_short_circuit_operator']) retrieved from /usr/local/python/3.10.4/lib/python3.10/site-packages/airflow/example_dags/example_short_circuit_operator.py
[2023-05-07T22:56:08.277+0000] {logging_mixin.py:137} INFO - [2023-05-07T22:56:08.277+0000] {dag.py:2690} INFO - Sync 1 DAGs
[2023-05-07T22:56:08.294+0000] {logging_mixin.py:137} INFO - [2023-05-07T22:56:08.294+0000] {dag.py:3437} INFO - Setting next_dagrun for example_short_circuit_operator to 2023-05-06T22:56:08.294226+00:00, run_after=2023-05-07T22:56:08.294226+00:00
[2023-05-07T22:56:08.337+0000] {processor.py:175} INFO - Processing /usr/local/python/3.10.4/lib/python3.10/site-packages/airflow/example_dags/example_short_circuit_operator.py took 0.096 seconds
[2023-05-07T22:56:50.883+0000] {processor.py:153} INFO - Started process (PID=26671) to work on /usr/local/python/3.10.4/lib/python3.10/site-packages/airflow/example_dags/example_short_circuit_operator.py
[2023-05-07T22:56:50.884+0000] {processor.py:743} INFO - Processing file /usr/local/python/3.10.4/lib/python3.10/site-packages/airflow/example_dags/example_short_circuit_operator.py for tasks to queue
[2023-05-07T22:56:50.884+0000] {logging_mixin.py:137} INFO - [2023-05-07T22:56:50.884+0000] {dagbag.py:538} INFO - Filling up the DagBag from /usr/local/python/3.10.4/lib/python3.10/site-packages/airflow/example_dags/example_short_circuit_operator.py
[2023-05-07T22:56:50.899+0000] {processor.py:753} INFO - DAG(s) dict_keys(['example_short_circuit_operator']) retrieved from /usr/local/python/3.10.4/lib/python3.10/site-packages/airflow/example_dags/example_short_circuit_operator.py
[2023-05-07T22:56:50.917+0000] {logging_mixin.py:137} INFO - [2023-05-07T22:56:50.917+0000] {dag.py:2690} INFO - Sync 1 DAGs
[2023-05-07T22:56:50.934+0000] {logging_mixin.py:137} INFO - [2023-05-07T22:56:50.934+0000] {dag.py:3437} INFO - Setting next_dagrun for example_short_circuit_operator to 2023-05-06T22:56:50.934222+00:00, run_after=2023-05-07T22:56:50.934222+00:00
[2023-05-07T22:56:50.975+0000] {processor.py:175} INFO - Processing /usr/local/python/3.10.4/lib/python3.10/site-packages/airflow/example_dags/example_short_circuit_operator.py took 0.095 seconds
[2023-05-07T22:57:31.728+0000] {processor.py:153} INFO - Started process (PID=26949) to work on /usr/local/python/3.10.4/lib/python3.10/site-packages/airflow/example_dags/example_short_circuit_operator.py
[2023-05-07T22:57:31.728+0000] {processor.py:743} INFO - Processing file /usr/local/python/3.10.4/lib/python3.10/site-packages/airflow/example_dags/example_short_circuit_operator.py for tasks to queue
[2023-05-07T22:57:31.729+0000] {logging_mixin.py:137} INFO - [2023-05-07T22:57:31.729+0000] {dagbag.py:538} INFO - Filling up the DagBag from /usr/local/python/3.10.4/lib/python3.10/site-packages/airflow/example_dags/example_short_circuit_operator.py
[2023-05-07T22:57:31.746+0000] {processor.py:753} INFO - DAG(s) dict_keys(['example_short_circuit_operator']) retrieved from /usr/local/python/3.10.4/lib/python3.10/site-packages/airflow/example_dags/example_short_circuit_operator.py
[2023-05-07T22:57:31.772+0000] {logging_mixin.py:137} INFO - [2023-05-07T22:57:31.771+0000] {dag.py:2690} INFO - Sync 1 DAGs
[2023-05-07T22:57:31.797+0000] {logging_mixin.py:137} INFO - [2023-05-07T22:57:31.797+0000] {dag.py:3437} INFO - Setting next_dagrun for example_short_circuit_operator to 2023-05-06T22:57:31.796744+00:00, run_after=2023-05-07T22:57:31.796744+00:00
[2023-05-07T22:57:31.840+0000] {processor.py:175} INFO - Processing /usr/local/python/3.10.4/lib/python3.10/site-packages/airflow/example_dags/example_short_circuit_operator.py took 0.115 seconds
