[2023-05-07T22:22:06.147+0000] {processor.py:153} INFO - Started process (PID=9801) to work on /usr/local/python/3.10.4/lib/python3.10/site-packages/airflow/example_dags/example_trigger_controller_dag.py
[2023-05-07T22:22:06.147+0000] {processor.py:743} INFO - Processing file /usr/local/python/3.10.4/lib/python3.10/site-packages/airflow/example_dags/example_trigger_controller_dag.py for tasks to queue
[2023-05-07T22:22:06.148+0000] {logging_mixin.py:137} INFO - [2023-05-07T22:22:06.148+0000] {dagbag.py:538} INFO - Filling up the DagBag from /usr/local/python/3.10.4/lib/python3.10/site-packages/airflow/example_dags/example_trigger_controller_dag.py
[2023-05-07T22:22:06.159+0000] {processor.py:753} INFO - DAG(s) dict_keys(['example_trigger_controller_dag']) retrieved from /usr/local/python/3.10.4/lib/python3.10/site-packages/airflow/example_dags/example_trigger_controller_dag.py
[2023-05-07T22:22:06.292+0000] {logging_mixin.py:137} INFO - [2023-05-07T22:22:06.292+0000] {manager.py:504} INFO - Created Permission View: can edit on DAG:example_trigger_controller_dag
[2023-05-07T22:22:06.324+0000] {logging_mixin.py:137} INFO - [2023-05-07T22:22:06.324+0000] {manager.py:504} INFO - Created Permission View: can delete on DAG:example_trigger_controller_dag
[2023-05-07T22:22:06.358+0000] {logging_mixin.py:137} INFO - [2023-05-07T22:22:06.358+0000] {manager.py:504} INFO - Created Permission View: can read on DAG:example_trigger_controller_dag
[2023-05-07T22:22:06.359+0000] {logging_mixin.py:137} INFO - [2023-05-07T22:22:06.359+0000] {dag.py:2690} INFO - Sync 1 DAGs
[2023-05-07T22:22:06.369+0000] {logging_mixin.py:137} INFO - [2023-05-07T22:22:06.369+0000] {dag.py:2711} INFO - Creating ORM DAG for example_trigger_controller_dag
[2023-05-07T22:22:06.377+0000] {logging_mixin.py:137} INFO - [2023-05-07T22:22:06.376+0000] {dag.py:3437} INFO - Setting next_dagrun for example_trigger_controller_dag to 2021-01-01T00:00:00+00:00, run_after=2021-01-01T00:00:00+00:00
[2023-05-07T22:22:06.418+0000] {processor.py:175} INFO - Processing /usr/local/python/3.10.4/lib/python3.10/site-packages/airflow/example_dags/example_trigger_controller_dag.py took 0.275 seconds
[2023-05-07T22:22:52.442+0000] {processor.py:153} INFO - Started process (PID=10122) to work on /usr/local/python/3.10.4/lib/python3.10/site-packages/airflow/example_dags/example_trigger_controller_dag.py
[2023-05-07T22:22:52.443+0000] {processor.py:743} INFO - Processing file /usr/local/python/3.10.4/lib/python3.10/site-packages/airflow/example_dags/example_trigger_controller_dag.py for tasks to queue
[2023-05-07T22:22:52.445+0000] {logging_mixin.py:137} INFO - [2023-05-07T22:22:52.444+0000] {dagbag.py:538} INFO - Filling up the DagBag from /usr/local/python/3.10.4/lib/python3.10/site-packages/airflow/example_dags/example_trigger_controller_dag.py
[2023-05-07T22:22:52.455+0000] {processor.py:753} INFO - DAG(s) dict_keys(['example_trigger_controller_dag']) retrieved from /usr/local/python/3.10.4/lib/python3.10/site-packages/airflow/example_dags/example_trigger_controller_dag.py
[2023-05-07T22:22:52.471+0000] {logging_mixin.py:137} INFO - [2023-05-07T22:22:52.471+0000] {dag.py:2690} INFO - Sync 1 DAGs
[2023-05-07T22:22:52.488+0000] {logging_mixin.py:137} INFO - [2023-05-07T22:22:52.488+0000] {dag.py:3437} INFO - Setting next_dagrun for example_trigger_controller_dag to 2021-01-01T00:00:00+00:00, run_after=2021-01-01T00:00:00+00:00
[2023-05-07T22:22:52.536+0000] {processor.py:175} INFO - Processing /usr/local/python/3.10.4/lib/python3.10/site-packages/airflow/example_dags/example_trigger_controller_dag.py took 0.096 seconds
[2023-05-07T22:23:30.977+0000] {processor.py:153} INFO - Started process (PID=10458) to work on /usr/local/python/3.10.4/lib/python3.10/site-packages/airflow/example_dags/example_trigger_controller_dag.py
[2023-05-07T22:23:30.978+0000] {processor.py:743} INFO - Processing file /usr/local/python/3.10.4/lib/python3.10/site-packages/airflow/example_dags/example_trigger_controller_dag.py for tasks to queue
[2023-05-07T22:23:30.978+0000] {logging_mixin.py:137} INFO - [2023-05-07T22:23:30.978+0000] {dagbag.py:538} INFO - Filling up the DagBag from /usr/local/python/3.10.4/lib/python3.10/site-packages/airflow/example_dags/example_trigger_controller_dag.py
[2023-05-07T22:23:30.989+0000] {processor.py:753} INFO - DAG(s) dict_keys(['example_trigger_controller_dag']) retrieved from /usr/local/python/3.10.4/lib/python3.10/site-packages/airflow/example_dags/example_trigger_controller_dag.py
[2023-05-07T22:23:31.013+0000] {logging_mixin.py:137} INFO - [2023-05-07T22:23:31.013+0000] {dag.py:2690} INFO - Sync 1 DAGs
[2023-05-07T22:23:31.030+0000] {logging_mixin.py:137} INFO - [2023-05-07T22:23:31.030+0000] {dag.py:3437} INFO - Setting next_dagrun for example_trigger_controller_dag to 2021-01-01T00:00:00+00:00, run_after=2021-01-01T00:00:00+00:00
[2023-05-07T22:23:31.074+0000] {processor.py:175} INFO - Processing /usr/local/python/3.10.4/lib/python3.10/site-packages/airflow/example_dags/example_trigger_controller_dag.py took 0.106 seconds
[2023-05-07T22:24:11.063+0000] {processor.py:153} INFO - Started process (PID=10799) to work on /usr/local/python/3.10.4/lib/python3.10/site-packages/airflow/example_dags/example_trigger_controller_dag.py
[2023-05-07T22:24:11.064+0000] {processor.py:743} INFO - Processing file /usr/local/python/3.10.4/lib/python3.10/site-packages/airflow/example_dags/example_trigger_controller_dag.py for tasks to queue
[2023-05-07T22:24:11.065+0000] {logging_mixin.py:137} INFO - [2023-05-07T22:24:11.065+0000] {dagbag.py:538} INFO - Filling up the DagBag from /usr/local/python/3.10.4/lib/python3.10/site-packages/airflow/example_dags/example_trigger_controller_dag.py
[2023-05-07T22:24:11.077+0000] {processor.py:753} INFO - DAG(s) dict_keys(['example_trigger_controller_dag']) retrieved from /usr/local/python/3.10.4/lib/python3.10/site-packages/airflow/example_dags/example_trigger_controller_dag.py
[2023-05-07T22:24:11.094+0000] {logging_mixin.py:137} INFO - [2023-05-07T22:24:11.093+0000] {dag.py:2690} INFO - Sync 1 DAGs
[2023-05-07T22:24:11.110+0000] {logging_mixin.py:137} INFO - [2023-05-07T22:24:11.110+0000] {dag.py:3437} INFO - Setting next_dagrun for example_trigger_controller_dag to 2021-01-01T00:00:00+00:00, run_after=2021-01-01T00:00:00+00:00
[2023-05-07T22:24:11.166+0000] {processor.py:175} INFO - Processing /usr/local/python/3.10.4/lib/python3.10/site-packages/airflow/example_dags/example_trigger_controller_dag.py took 0.105 seconds
[2023-05-07T22:24:51.452+0000] {processor.py:153} INFO - Started process (PID=11127) to work on /usr/local/python/3.10.4/lib/python3.10/site-packages/airflow/example_dags/example_trigger_controller_dag.py
[2023-05-07T22:24:51.461+0000] {processor.py:743} INFO - Processing file /usr/local/python/3.10.4/lib/python3.10/site-packages/airflow/example_dags/example_trigger_controller_dag.py for tasks to queue
[2023-05-07T22:24:51.462+0000] {logging_mixin.py:137} INFO - [2023-05-07T22:24:51.461+0000] {dagbag.py:538} INFO - Filling up the DagBag from /usr/local/python/3.10.4/lib/python3.10/site-packages/airflow/example_dags/example_trigger_controller_dag.py
[2023-05-07T22:24:51.482+0000] {processor.py:753} INFO - DAG(s) dict_keys(['example_trigger_controller_dag']) retrieved from /usr/local/python/3.10.4/lib/python3.10/site-packages/airflow/example_dags/example_trigger_controller_dag.py
[2023-05-07T22:24:51.500+0000] {logging_mixin.py:137} INFO - [2023-05-07T22:24:51.500+0000] {dag.py:2690} INFO - Sync 1 DAGs
[2023-05-07T22:24:51.554+0000] {logging_mixin.py:137} INFO - [2023-05-07T22:24:51.553+0000] {dag.py:3437} INFO - Setting next_dagrun for example_trigger_controller_dag to 2021-01-01T00:00:00+00:00, run_after=2021-01-01T00:00:00+00:00
[2023-05-07T22:24:51.657+0000] {processor.py:175} INFO - Processing /usr/local/python/3.10.4/lib/python3.10/site-packages/airflow/example_dags/example_trigger_controller_dag.py took 0.210 seconds
[2023-05-07T22:25:31.765+0000] {processor.py:153} INFO - Started process (PID=11425) to work on /usr/local/python/3.10.4/lib/python3.10/site-packages/airflow/example_dags/example_trigger_controller_dag.py
[2023-05-07T22:25:31.766+0000] {processor.py:743} INFO - Processing file /usr/local/python/3.10.4/lib/python3.10/site-packages/airflow/example_dags/example_trigger_controller_dag.py for tasks to queue
[2023-05-07T22:25:31.766+0000] {logging_mixin.py:137} INFO - [2023-05-07T22:25:31.766+0000] {dagbag.py:538} INFO - Filling up the DagBag from /usr/local/python/3.10.4/lib/python3.10/site-packages/airflow/example_dags/example_trigger_controller_dag.py
[2023-05-07T22:25:31.779+0000] {processor.py:753} INFO - DAG(s) dict_keys(['example_trigger_controller_dag']) retrieved from /usr/local/python/3.10.4/lib/python3.10/site-packages/airflow/example_dags/example_trigger_controller_dag.py
[2023-05-07T22:25:31.795+0000] {logging_mixin.py:137} INFO - [2023-05-07T22:25:31.795+0000] {dag.py:2690} INFO - Sync 1 DAGs
[2023-05-07T22:25:31.812+0000] {logging_mixin.py:137} INFO - [2023-05-07T22:25:31.812+0000] {dag.py:3437} INFO - Setting next_dagrun for example_trigger_controller_dag to 2021-01-01T00:00:00+00:00, run_after=2021-01-01T00:00:00+00:00
[2023-05-07T22:25:31.854+0000] {processor.py:175} INFO - Processing /usr/local/python/3.10.4/lib/python3.10/site-packages/airflow/example_dags/example_trigger_controller_dag.py took 0.092 seconds
[2023-05-07T22:26:13.380+0000] {processor.py:153} INFO - Started process (PID=11726) to work on /usr/local/python/3.10.4/lib/python3.10/site-packages/airflow/example_dags/example_trigger_controller_dag.py
[2023-05-07T22:26:13.381+0000] {processor.py:743} INFO - Processing file /usr/local/python/3.10.4/lib/python3.10/site-packages/airflow/example_dags/example_trigger_controller_dag.py for tasks to queue
[2023-05-07T22:26:13.382+0000] {logging_mixin.py:137} INFO - [2023-05-07T22:26:13.382+0000] {dagbag.py:538} INFO - Filling up the DagBag from /usr/local/python/3.10.4/lib/python3.10/site-packages/airflow/example_dags/example_trigger_controller_dag.py
[2023-05-07T22:26:13.393+0000] {processor.py:753} INFO - DAG(s) dict_keys(['example_trigger_controller_dag']) retrieved from /usr/local/python/3.10.4/lib/python3.10/site-packages/airflow/example_dags/example_trigger_controller_dag.py
[2023-05-07T22:26:13.410+0000] {logging_mixin.py:137} INFO - [2023-05-07T22:26:13.409+0000] {dag.py:2690} INFO - Sync 1 DAGs
[2023-05-07T22:26:13.427+0000] {logging_mixin.py:137} INFO - [2023-05-07T22:26:13.427+0000] {dag.py:3437} INFO - Setting next_dagrun for example_trigger_controller_dag to 2021-01-01T00:00:00+00:00, run_after=2021-01-01T00:00:00+00:00
[2023-05-07T22:26:13.469+0000] {processor.py:175} INFO - Processing /usr/local/python/3.10.4/lib/python3.10/site-packages/airflow/example_dags/example_trigger_controller_dag.py took 0.093 seconds
[2023-05-07T22:26:45.168+0000] {processor.py:153} INFO - Started process (PID=11948) to work on /usr/local/python/3.10.4/lib/python3.10/site-packages/airflow/example_dags/example_trigger_controller_dag.py
[2023-05-07T22:26:45.168+0000] {processor.py:743} INFO - Processing file /usr/local/python/3.10.4/lib/python3.10/site-packages/airflow/example_dags/example_trigger_controller_dag.py for tasks to queue
[2023-05-07T22:26:45.170+0000] {logging_mixin.py:137} INFO - [2023-05-07T22:26:45.170+0000] {dagbag.py:538} INFO - Filling up the DagBag from /usr/local/python/3.10.4/lib/python3.10/site-packages/airflow/example_dags/example_trigger_controller_dag.py
[2023-05-07T22:26:45.181+0000] {processor.py:753} INFO - DAG(s) dict_keys(['example_trigger_controller_dag']) retrieved from /usr/local/python/3.10.4/lib/python3.10/site-packages/airflow/example_dags/example_trigger_controller_dag.py
[2023-05-07T22:26:45.197+0000] {logging_mixin.py:137} INFO - [2023-05-07T22:26:45.197+0000] {dag.py:2690} INFO - Sync 1 DAGs
[2023-05-07T22:26:45.214+0000] {logging_mixin.py:137} INFO - [2023-05-07T22:26:45.214+0000] {dag.py:3437} INFO - Setting next_dagrun for example_trigger_controller_dag to 2021-01-01T00:00:00+00:00, run_after=2021-01-01T00:00:00+00:00
[2023-05-07T22:26:45.257+0000] {processor.py:175} INFO - Processing /usr/local/python/3.10.4/lib/python3.10/site-packages/airflow/example_dags/example_trigger_controller_dag.py took 0.092 seconds
[2023-05-07T22:27:27.041+0000] {processor.py:153} INFO - Started process (PID=12235) to work on /usr/local/python/3.10.4/lib/python3.10/site-packages/airflow/example_dags/example_trigger_controller_dag.py
[2023-05-07T22:27:27.042+0000] {processor.py:743} INFO - Processing file /usr/local/python/3.10.4/lib/python3.10/site-packages/airflow/example_dags/example_trigger_controller_dag.py for tasks to queue
[2023-05-07T22:27:27.043+0000] {logging_mixin.py:137} INFO - [2023-05-07T22:27:27.043+0000] {dagbag.py:538} INFO - Filling up the DagBag from /usr/local/python/3.10.4/lib/python3.10/site-packages/airflow/example_dags/example_trigger_controller_dag.py
[2023-05-07T22:27:27.054+0000] {processor.py:753} INFO - DAG(s) dict_keys(['example_trigger_controller_dag']) retrieved from /usr/local/python/3.10.4/lib/python3.10/site-packages/airflow/example_dags/example_trigger_controller_dag.py
[2023-05-07T22:27:27.070+0000] {logging_mixin.py:137} INFO - [2023-05-07T22:27:27.070+0000] {dag.py:2690} INFO - Sync 1 DAGs
[2023-05-07T22:27:27.086+0000] {logging_mixin.py:137} INFO - [2023-05-07T22:27:27.086+0000] {dag.py:3437} INFO - Setting next_dagrun for example_trigger_controller_dag to 2021-01-01T00:00:00+00:00, run_after=2021-01-01T00:00:00+00:00
[2023-05-07T22:27:27.127+0000] {processor.py:175} INFO - Processing /usr/local/python/3.10.4/lib/python3.10/site-packages/airflow/example_dags/example_trigger_controller_dag.py took 0.089 seconds
[2023-05-07T22:28:00.428+0000] {processor.py:153} INFO - Started process (PID=12461) to work on /usr/local/python/3.10.4/lib/python3.10/site-packages/airflow/example_dags/example_trigger_controller_dag.py
[2023-05-07T22:28:00.429+0000] {processor.py:743} INFO - Processing file /usr/local/python/3.10.4/lib/python3.10/site-packages/airflow/example_dags/example_trigger_controller_dag.py for tasks to queue
[2023-05-07T22:28:00.430+0000] {logging_mixin.py:137} INFO - [2023-05-07T22:28:00.430+0000] {dagbag.py:538} INFO - Filling up the DagBag from /usr/local/python/3.10.4/lib/python3.10/site-packages/airflow/example_dags/example_trigger_controller_dag.py
[2023-05-07T22:28:00.441+0000] {processor.py:753} INFO - DAG(s) dict_keys(['example_trigger_controller_dag']) retrieved from /usr/local/python/3.10.4/lib/python3.10/site-packages/airflow/example_dags/example_trigger_controller_dag.py
[2023-05-07T22:28:00.458+0000] {logging_mixin.py:137} INFO - [2023-05-07T22:28:00.458+0000] {dag.py:2690} INFO - Sync 1 DAGs
[2023-05-07T22:28:00.474+0000] {logging_mixin.py:137} INFO - [2023-05-07T22:28:00.474+0000] {dag.py:3437} INFO - Setting next_dagrun for example_trigger_controller_dag to 2021-01-01T00:00:00+00:00, run_after=2021-01-01T00:00:00+00:00
[2023-05-07T22:28:00.517+0000] {processor.py:175} INFO - Processing /usr/local/python/3.10.4/lib/python3.10/site-packages/airflow/example_dags/example_trigger_controller_dag.py took 0.093 seconds
[2023-05-07T22:28:33.675+0000] {processor.py:153} INFO - Started process (PID=12688) to work on /usr/local/python/3.10.4/lib/python3.10/site-packages/airflow/example_dags/example_trigger_controller_dag.py
[2023-05-07T22:28:33.676+0000] {processor.py:743} INFO - Processing file /usr/local/python/3.10.4/lib/python3.10/site-packages/airflow/example_dags/example_trigger_controller_dag.py for tasks to queue
[2023-05-07T22:28:33.677+0000] {logging_mixin.py:137} INFO - [2023-05-07T22:28:33.676+0000] {dagbag.py:538} INFO - Filling up the DagBag from /usr/local/python/3.10.4/lib/python3.10/site-packages/airflow/example_dags/example_trigger_controller_dag.py
[2023-05-07T22:28:33.688+0000] {processor.py:753} INFO - DAG(s) dict_keys(['example_trigger_controller_dag']) retrieved from /usr/local/python/3.10.4/lib/python3.10/site-packages/airflow/example_dags/example_trigger_controller_dag.py
[2023-05-07T22:28:33.704+0000] {logging_mixin.py:137} INFO - [2023-05-07T22:28:33.704+0000] {dag.py:2690} INFO - Sync 1 DAGs
[2023-05-07T22:28:33.721+0000] {logging_mixin.py:137} INFO - [2023-05-07T22:28:33.721+0000] {dag.py:3437} INFO - Setting next_dagrun for example_trigger_controller_dag to 2021-01-01T00:00:00+00:00, run_after=2021-01-01T00:00:00+00:00
[2023-05-07T22:28:33.762+0000] {processor.py:175} INFO - Processing /usr/local/python/3.10.4/lib/python3.10/site-packages/airflow/example_dags/example_trigger_controller_dag.py took 0.090 seconds
[2023-05-07T22:29:06.032+0000] {processor.py:153} INFO - Started process (PID=12920) to work on /usr/local/python/3.10.4/lib/python3.10/site-packages/airflow/example_dags/example_trigger_controller_dag.py
[2023-05-07T22:29:06.033+0000] {processor.py:743} INFO - Processing file /usr/local/python/3.10.4/lib/python3.10/site-packages/airflow/example_dags/example_trigger_controller_dag.py for tasks to queue
[2023-05-07T22:29:06.033+0000] {logging_mixin.py:137} INFO - [2023-05-07T22:29:06.033+0000] {dagbag.py:538} INFO - Filling up the DagBag from /usr/local/python/3.10.4/lib/python3.10/site-packages/airflow/example_dags/example_trigger_controller_dag.py
[2023-05-07T22:29:06.046+0000] {processor.py:753} INFO - DAG(s) dict_keys(['example_trigger_controller_dag']) retrieved from /usr/local/python/3.10.4/lib/python3.10/site-packages/airflow/example_dags/example_trigger_controller_dag.py
[2023-05-07T22:29:06.069+0000] {logging_mixin.py:137} INFO - [2023-05-07T22:29:06.069+0000] {dag.py:2690} INFO - Sync 1 DAGs
[2023-05-07T22:29:06.086+0000] {logging_mixin.py:137} INFO - [2023-05-07T22:29:06.086+0000] {dag.py:3437} INFO - Setting next_dagrun for example_trigger_controller_dag to 2021-01-01T00:00:00+00:00, run_after=2021-01-01T00:00:00+00:00
[2023-05-07T22:29:06.127+0000] {processor.py:175} INFO - Processing /usr/local/python/3.10.4/lib/python3.10/site-packages/airflow/example_dags/example_trigger_controller_dag.py took 0.098 seconds
[2023-05-07T22:29:49.655+0000] {processor.py:153} INFO - Started process (PID=13223) to work on /usr/local/python/3.10.4/lib/python3.10/site-packages/airflow/example_dags/example_trigger_controller_dag.py
[2023-05-07T22:29:49.656+0000] {processor.py:743} INFO - Processing file /usr/local/python/3.10.4/lib/python3.10/site-packages/airflow/example_dags/example_trigger_controller_dag.py for tasks to queue
[2023-05-07T22:29:49.657+0000] {logging_mixin.py:137} INFO - [2023-05-07T22:29:49.657+0000] {dagbag.py:538} INFO - Filling up the DagBag from /usr/local/python/3.10.4/lib/python3.10/site-packages/airflow/example_dags/example_trigger_controller_dag.py
[2023-05-07T22:29:49.668+0000] {processor.py:753} INFO - DAG(s) dict_keys(['example_trigger_controller_dag']) retrieved from /usr/local/python/3.10.4/lib/python3.10/site-packages/airflow/example_dags/example_trigger_controller_dag.py
[2023-05-07T22:29:49.690+0000] {logging_mixin.py:137} INFO - [2023-05-07T22:29:49.690+0000] {dag.py:2690} INFO - Sync 1 DAGs
[2023-05-07T22:29:49.716+0000] {logging_mixin.py:137} INFO - [2023-05-07T22:29:49.716+0000] {dag.py:3437} INFO - Setting next_dagrun for example_trigger_controller_dag to 2021-01-01T00:00:00+00:00, run_after=2021-01-01T00:00:00+00:00
[2023-05-07T22:29:49.766+0000] {processor.py:175} INFO - Processing /usr/local/python/3.10.4/lib/python3.10/site-packages/airflow/example_dags/example_trigger_controller_dag.py took 0.114 seconds
[2023-05-07T22:30:28.983+0000] {processor.py:153} INFO - Started process (PID=13491) to work on /usr/local/python/3.10.4/lib/python3.10/site-packages/airflow/example_dags/example_trigger_controller_dag.py
[2023-05-07T22:30:28.984+0000] {processor.py:743} INFO - Processing file /usr/local/python/3.10.4/lib/python3.10/site-packages/airflow/example_dags/example_trigger_controller_dag.py for tasks to queue
[2023-05-07T22:30:28.986+0000] {logging_mixin.py:137} INFO - [2023-05-07T22:30:28.985+0000] {dagbag.py:538} INFO - Filling up the DagBag from /usr/local/python/3.10.4/lib/python3.10/site-packages/airflow/example_dags/example_trigger_controller_dag.py
[2023-05-07T22:30:28.996+0000] {processor.py:753} INFO - DAG(s) dict_keys(['example_trigger_controller_dag']) retrieved from /usr/local/python/3.10.4/lib/python3.10/site-packages/airflow/example_dags/example_trigger_controller_dag.py
[2023-05-07T22:30:29.012+0000] {logging_mixin.py:137} INFO - [2023-05-07T22:30:29.012+0000] {dag.py:2690} INFO - Sync 1 DAGs
[2023-05-07T22:30:29.031+0000] {logging_mixin.py:137} INFO - [2023-05-07T22:30:29.031+0000] {dag.py:3437} INFO - Setting next_dagrun for example_trigger_controller_dag to 2021-01-01T00:00:00+00:00, run_after=2021-01-01T00:00:00+00:00
[2023-05-07T22:30:29.199+0000] {processor.py:175} INFO - Processing /usr/local/python/3.10.4/lib/python3.10/site-packages/airflow/example_dags/example_trigger_controller_dag.py took 0.219 seconds
[2023-05-07T22:31:03.732+0000] {processor.py:153} INFO - Started process (PID=13718) to work on /usr/local/python/3.10.4/lib/python3.10/site-packages/airflow/example_dags/example_trigger_controller_dag.py
[2023-05-07T22:31:03.732+0000] {processor.py:743} INFO - Processing file /usr/local/python/3.10.4/lib/python3.10/site-packages/airflow/example_dags/example_trigger_controller_dag.py for tasks to queue
[2023-05-07T22:31:03.733+0000] {logging_mixin.py:137} INFO - [2023-05-07T22:31:03.733+0000] {dagbag.py:538} INFO - Filling up the DagBag from /usr/local/python/3.10.4/lib/python3.10/site-packages/airflow/example_dags/example_trigger_controller_dag.py
[2023-05-07T22:31:03.745+0000] {processor.py:753} INFO - DAG(s) dict_keys(['example_trigger_controller_dag']) retrieved from /usr/local/python/3.10.4/lib/python3.10/site-packages/airflow/example_dags/example_trigger_controller_dag.py
[2023-05-07T22:31:03.762+0000] {logging_mixin.py:137} INFO - [2023-05-07T22:31:03.761+0000] {dag.py:2690} INFO - Sync 1 DAGs
[2023-05-07T22:31:03.883+0000] {logging_mixin.py:137} INFO - [2023-05-07T22:31:03.883+0000] {dag.py:3437} INFO - Setting next_dagrun for example_trigger_controller_dag to 2021-01-01T00:00:00+00:00, run_after=2021-01-01T00:00:00+00:00
[2023-05-07T22:31:03.924+0000] {processor.py:175} INFO - Processing /usr/local/python/3.10.4/lib/python3.10/site-packages/airflow/example_dags/example_trigger_controller_dag.py took 0.195 seconds
[2023-05-07T22:31:37.386+0000] {processor.py:153} INFO - Started process (PID=13944) to work on /usr/local/python/3.10.4/lib/python3.10/site-packages/airflow/example_dags/example_trigger_controller_dag.py
[2023-05-07T22:31:37.387+0000] {processor.py:743} INFO - Processing file /usr/local/python/3.10.4/lib/python3.10/site-packages/airflow/example_dags/example_trigger_controller_dag.py for tasks to queue
[2023-05-07T22:31:37.388+0000] {logging_mixin.py:137} INFO - [2023-05-07T22:31:37.387+0000] {dagbag.py:538} INFO - Filling up the DagBag from /usr/local/python/3.10.4/lib/python3.10/site-packages/airflow/example_dags/example_trigger_controller_dag.py
[2023-05-07T22:31:37.398+0000] {processor.py:753} INFO - DAG(s) dict_keys(['example_trigger_controller_dag']) retrieved from /usr/local/python/3.10.4/lib/python3.10/site-packages/airflow/example_dags/example_trigger_controller_dag.py
[2023-05-07T22:31:37.415+0000] {logging_mixin.py:137} INFO - [2023-05-07T22:31:37.415+0000] {dag.py:2690} INFO - Sync 1 DAGs
[2023-05-07T22:31:37.536+0000] {logging_mixin.py:137} INFO - [2023-05-07T22:31:37.536+0000] {dag.py:3437} INFO - Setting next_dagrun for example_trigger_controller_dag to 2021-01-01T00:00:00+00:00, run_after=2021-01-01T00:00:00+00:00
[2023-05-07T22:31:37.578+0000] {processor.py:175} INFO - Processing /usr/local/python/3.10.4/lib/python3.10/site-packages/airflow/example_dags/example_trigger_controller_dag.py took 0.195 seconds
[2023-05-07T22:32:22.357+0000] {processor.py:153} INFO - Started process (PID=14261) to work on /usr/local/python/3.10.4/lib/python3.10/site-packages/airflow/example_dags/example_trigger_controller_dag.py
[2023-05-07T22:32:22.358+0000] {processor.py:743} INFO - Processing file /usr/local/python/3.10.4/lib/python3.10/site-packages/airflow/example_dags/example_trigger_controller_dag.py for tasks to queue
[2023-05-07T22:32:22.358+0000] {logging_mixin.py:137} INFO - [2023-05-07T22:32:22.358+0000] {dagbag.py:538} INFO - Filling up the DagBag from /usr/local/python/3.10.4/lib/python3.10/site-packages/airflow/example_dags/example_trigger_controller_dag.py
[2023-05-07T22:32:22.369+0000] {processor.py:753} INFO - DAG(s) dict_keys(['example_trigger_controller_dag']) retrieved from /usr/local/python/3.10.4/lib/python3.10/site-packages/airflow/example_dags/example_trigger_controller_dag.py
[2023-05-07T22:32:22.388+0000] {logging_mixin.py:137} INFO - [2023-05-07T22:32:22.388+0000] {dag.py:2690} INFO - Sync 1 DAGs
[2023-05-07T22:32:22.511+0000] {logging_mixin.py:137} INFO - [2023-05-07T22:32:22.511+0000] {dag.py:3437} INFO - Setting next_dagrun for example_trigger_controller_dag to 2021-01-01T00:00:00+00:00, run_after=2021-01-01T00:00:00+00:00
[2023-05-07T22:32:22.554+0000] {processor.py:175} INFO - Processing /usr/local/python/3.10.4/lib/python3.10/site-packages/airflow/example_dags/example_trigger_controller_dag.py took 0.200 seconds
[2023-05-07T22:33:10.281+0000] {processor.py:153} INFO - Started process (PID=14598) to work on /usr/local/python/3.10.4/lib/python3.10/site-packages/airflow/example_dags/example_trigger_controller_dag.py
[2023-05-07T22:33:10.282+0000] {processor.py:743} INFO - Processing file /usr/local/python/3.10.4/lib/python3.10/site-packages/airflow/example_dags/example_trigger_controller_dag.py for tasks to queue
[2023-05-07T22:33:10.283+0000] {logging_mixin.py:137} INFO - [2023-05-07T22:33:10.283+0000] {dagbag.py:538} INFO - Filling up the DagBag from /usr/local/python/3.10.4/lib/python3.10/site-packages/airflow/example_dags/example_trigger_controller_dag.py
[2023-05-07T22:33:10.294+0000] {processor.py:753} INFO - DAG(s) dict_keys(['example_trigger_controller_dag']) retrieved from /usr/local/python/3.10.4/lib/python3.10/site-packages/airflow/example_dags/example_trigger_controller_dag.py
[2023-05-07T22:33:10.418+0000] {logging_mixin.py:137} INFO - [2023-05-07T22:33:10.418+0000] {dag.py:2690} INFO - Sync 1 DAGs
[2023-05-07T22:33:10.433+0000] {logging_mixin.py:137} INFO - [2023-05-07T22:33:10.433+0000] {dag.py:3437} INFO - Setting next_dagrun for example_trigger_controller_dag to 2021-01-01T00:00:00+00:00, run_after=2021-01-01T00:00:00+00:00
[2023-05-07T22:33:10.474+0000] {processor.py:175} INFO - Processing /usr/local/python/3.10.4/lib/python3.10/site-packages/airflow/example_dags/example_trigger_controller_dag.py took 0.196 seconds
[2023-05-07T22:34:00.406+0000] {processor.py:153} INFO - Started process (PID=15002) to work on /usr/local/python/3.10.4/lib/python3.10/site-packages/airflow/example_dags/example_trigger_controller_dag.py
[2023-05-07T22:34:00.407+0000] {processor.py:743} INFO - Processing file /usr/local/python/3.10.4/lib/python3.10/site-packages/airflow/example_dags/example_trigger_controller_dag.py for tasks to queue
[2023-05-07T22:34:00.407+0000] {logging_mixin.py:137} INFO - [2023-05-07T22:34:00.407+0000] {dagbag.py:538} INFO - Filling up the DagBag from /usr/local/python/3.10.4/lib/python3.10/site-packages/airflow/example_dags/example_trigger_controller_dag.py
[2023-05-07T22:34:00.524+0000] {processor.py:753} INFO - DAG(s) dict_keys(['example_trigger_controller_dag']) retrieved from /usr/local/python/3.10.4/lib/python3.10/site-packages/airflow/example_dags/example_trigger_controller_dag.py
[2023-05-07T22:34:00.536+0000] {logging_mixin.py:137} INFO - [2023-05-07T22:34:00.535+0000] {dag.py:2690} INFO - Sync 1 DAGs
[2023-05-07T22:34:00.551+0000] {logging_mixin.py:137} INFO - [2023-05-07T22:34:00.550+0000] {dag.py:3437} INFO - Setting next_dagrun for example_trigger_controller_dag to 2021-01-01T00:00:00+00:00, run_after=2021-01-01T00:00:00+00:00
[2023-05-07T22:34:00.591+0000] {processor.py:175} INFO - Processing /usr/local/python/3.10.4/lib/python3.10/site-packages/airflow/example_dags/example_trigger_controller_dag.py took 0.188 seconds
[2023-05-07T22:34:45.001+0000] {processor.py:153} INFO - Started process (PID=15326) to work on /usr/local/python/3.10.4/lib/python3.10/site-packages/airflow/example_dags/example_trigger_controller_dag.py
[2023-05-07T22:34:45.001+0000] {processor.py:743} INFO - Processing file /usr/local/python/3.10.4/lib/python3.10/site-packages/airflow/example_dags/example_trigger_controller_dag.py for tasks to queue
[2023-05-07T22:34:45.002+0000] {logging_mixin.py:137} INFO - [2023-05-07T22:34:45.002+0000] {dagbag.py:538} INFO - Filling up the DagBag from /usr/local/python/3.10.4/lib/python3.10/site-packages/airflow/example_dags/example_trigger_controller_dag.py
[2023-05-07T22:34:45.013+0000] {processor.py:753} INFO - DAG(s) dict_keys(['example_trigger_controller_dag']) retrieved from /usr/local/python/3.10.4/lib/python3.10/site-packages/airflow/example_dags/example_trigger_controller_dag.py
[2023-05-07T22:34:45.029+0000] {logging_mixin.py:137} INFO - [2023-05-07T22:34:45.029+0000] {dag.py:2690} INFO - Sync 1 DAGs
[2023-05-07T22:34:45.045+0000] {logging_mixin.py:137} INFO - [2023-05-07T22:34:45.045+0000] {dag.py:3437} INFO - Setting next_dagrun for example_trigger_controller_dag to 2021-01-01T00:00:00+00:00, run_after=2021-01-01T00:00:00+00:00
[2023-05-07T22:34:45.090+0000] {processor.py:175} INFO - Processing /usr/local/python/3.10.4/lib/python3.10/site-packages/airflow/example_dags/example_trigger_controller_dag.py took 0.092 seconds
[2023-05-07T22:35:19.387+0000] {processor.py:153} INFO - Started process (PID=15559) to work on /usr/local/python/3.10.4/lib/python3.10/site-packages/airflow/example_dags/example_trigger_controller_dag.py
[2023-05-07T22:35:19.388+0000] {processor.py:743} INFO - Processing file /usr/local/python/3.10.4/lib/python3.10/site-packages/airflow/example_dags/example_trigger_controller_dag.py for tasks to queue
[2023-05-07T22:35:19.388+0000] {logging_mixin.py:137} INFO - [2023-05-07T22:35:19.388+0000] {dagbag.py:538} INFO - Filling up the DagBag from /usr/local/python/3.10.4/lib/python3.10/site-packages/airflow/example_dags/example_trigger_controller_dag.py
[2023-05-07T22:35:19.399+0000] {processor.py:753} INFO - DAG(s) dict_keys(['example_trigger_controller_dag']) retrieved from /usr/local/python/3.10.4/lib/python3.10/site-packages/airflow/example_dags/example_trigger_controller_dag.py
[2023-05-07T22:35:19.416+0000] {logging_mixin.py:137} INFO - [2023-05-07T22:35:19.415+0000] {dag.py:2690} INFO - Sync 1 DAGs
[2023-05-07T22:35:19.434+0000] {logging_mixin.py:137} INFO - [2023-05-07T22:35:19.433+0000] {dag.py:3437} INFO - Setting next_dagrun for example_trigger_controller_dag to 2021-01-01T00:00:00+00:00, run_after=2021-01-01T00:00:00+00:00
[2023-05-07T22:35:19.474+0000] {processor.py:175} INFO - Processing /usr/local/python/3.10.4/lib/python3.10/site-packages/airflow/example_dags/example_trigger_controller_dag.py took 0.090 seconds
[2023-05-07T22:36:01.311+0000] {processor.py:153} INFO - Started process (PID=15852) to work on /usr/local/python/3.10.4/lib/python3.10/site-packages/airflow/example_dags/example_trigger_controller_dag.py
[2023-05-07T22:36:01.312+0000] {processor.py:743} INFO - Processing file /usr/local/python/3.10.4/lib/python3.10/site-packages/airflow/example_dags/example_trigger_controller_dag.py for tasks to queue
[2023-05-07T22:36:01.313+0000] {logging_mixin.py:137} INFO - [2023-05-07T22:36:01.312+0000] {dagbag.py:538} INFO - Filling up the DagBag from /usr/local/python/3.10.4/lib/python3.10/site-packages/airflow/example_dags/example_trigger_controller_dag.py
[2023-05-07T22:36:01.323+0000] {processor.py:753} INFO - DAG(s) dict_keys(['example_trigger_controller_dag']) retrieved from /usr/local/python/3.10.4/lib/python3.10/site-packages/airflow/example_dags/example_trigger_controller_dag.py
[2023-05-07T22:36:01.340+0000] {logging_mixin.py:137} INFO - [2023-05-07T22:36:01.340+0000] {dag.py:2690} INFO - Sync 1 DAGs
[2023-05-07T22:36:01.358+0000] {logging_mixin.py:137} INFO - [2023-05-07T22:36:01.358+0000] {dag.py:3437} INFO - Setting next_dagrun for example_trigger_controller_dag to 2021-01-01T00:00:00+00:00, run_after=2021-01-01T00:00:00+00:00
[2023-05-07T22:36:01.399+0000] {processor.py:175} INFO - Processing /usr/local/python/3.10.4/lib/python3.10/site-packages/airflow/example_dags/example_trigger_controller_dag.py took 0.090 seconds
[2023-05-07T22:36:35.724+0000] {processor.py:153} INFO - Started process (PID=16092) to work on /usr/local/python/3.10.4/lib/python3.10/site-packages/airflow/example_dags/example_trigger_controller_dag.py
[2023-05-07T22:36:35.725+0000] {processor.py:743} INFO - Processing file /usr/local/python/3.10.4/lib/python3.10/site-packages/airflow/example_dags/example_trigger_controller_dag.py for tasks to queue
[2023-05-07T22:36:35.725+0000] {logging_mixin.py:137} INFO - [2023-05-07T22:36:35.725+0000] {dagbag.py:538} INFO - Filling up the DagBag from /usr/local/python/3.10.4/lib/python3.10/site-packages/airflow/example_dags/example_trigger_controller_dag.py
[2023-05-07T22:36:35.737+0000] {processor.py:753} INFO - DAG(s) dict_keys(['example_trigger_controller_dag']) retrieved from /usr/local/python/3.10.4/lib/python3.10/site-packages/airflow/example_dags/example_trigger_controller_dag.py
[2023-05-07T22:36:35.754+0000] {logging_mixin.py:137} INFO - [2023-05-07T22:36:35.754+0000] {dag.py:2690} INFO - Sync 1 DAGs
[2023-05-07T22:36:35.771+0000] {logging_mixin.py:137} INFO - [2023-05-07T22:36:35.771+0000] {dag.py:3437} INFO - Setting next_dagrun for example_trigger_controller_dag to 2021-01-01T00:00:00+00:00, run_after=2021-01-01T00:00:00+00:00
[2023-05-07T22:36:35.814+0000] {processor.py:175} INFO - Processing /usr/local/python/3.10.4/lib/python3.10/site-packages/airflow/example_dags/example_trigger_controller_dag.py took 0.094 seconds
[2023-05-07T22:37:08.372+0000] {processor.py:153} INFO - Started process (PID=16338) to work on /usr/local/python/3.10.4/lib/python3.10/site-packages/airflow/example_dags/example_trigger_controller_dag.py
[2023-05-07T22:37:08.373+0000] {processor.py:743} INFO - Processing file /usr/local/python/3.10.4/lib/python3.10/site-packages/airflow/example_dags/example_trigger_controller_dag.py for tasks to queue
[2023-05-07T22:37:08.373+0000] {logging_mixin.py:137} INFO - [2023-05-07T22:37:08.373+0000] {dagbag.py:538} INFO - Filling up the DagBag from /usr/local/python/3.10.4/lib/python3.10/site-packages/airflow/example_dags/example_trigger_controller_dag.py
[2023-05-07T22:37:08.385+0000] {processor.py:753} INFO - DAG(s) dict_keys(['example_trigger_controller_dag']) retrieved from /usr/local/python/3.10.4/lib/python3.10/site-packages/airflow/example_dags/example_trigger_controller_dag.py
[2023-05-07T22:37:08.402+0000] {logging_mixin.py:137} INFO - [2023-05-07T22:37:08.402+0000] {dag.py:2690} INFO - Sync 1 DAGs
[2023-05-07T22:37:08.419+0000] {logging_mixin.py:137} INFO - [2023-05-07T22:37:08.418+0000] {dag.py:3437} INFO - Setting next_dagrun for example_trigger_controller_dag to 2021-01-01T00:00:00+00:00, run_after=2021-01-01T00:00:00+00:00
[2023-05-07T22:37:08.463+0000] {processor.py:175} INFO - Processing /usr/local/python/3.10.4/lib/python3.10/site-packages/airflow/example_dags/example_trigger_controller_dag.py took 0.094 seconds
[2023-05-07T22:37:49.020+0000] {processor.py:153} INFO - Started process (PID=16637) to work on /usr/local/python/3.10.4/lib/python3.10/site-packages/airflow/example_dags/example_trigger_controller_dag.py
[2023-05-07T22:37:49.021+0000] {processor.py:743} INFO - Processing file /usr/local/python/3.10.4/lib/python3.10/site-packages/airflow/example_dags/example_trigger_controller_dag.py for tasks to queue
[2023-05-07T22:37:49.022+0000] {logging_mixin.py:137} INFO - [2023-05-07T22:37:49.022+0000] {dagbag.py:538} INFO - Filling up the DagBag from /usr/local/python/3.10.4/lib/python3.10/site-packages/airflow/example_dags/example_trigger_controller_dag.py
[2023-05-07T22:37:49.033+0000] {processor.py:753} INFO - DAG(s) dict_keys(['example_trigger_controller_dag']) retrieved from /usr/local/python/3.10.4/lib/python3.10/site-packages/airflow/example_dags/example_trigger_controller_dag.py
[2023-05-07T22:37:49.052+0000] {logging_mixin.py:137} INFO - [2023-05-07T22:37:49.051+0000] {dag.py:2690} INFO - Sync 1 DAGs
[2023-05-07T22:37:49.068+0000] {logging_mixin.py:137} INFO - [2023-05-07T22:37:49.068+0000] {dag.py:3437} INFO - Setting next_dagrun for example_trigger_controller_dag to 2021-01-01T00:00:00+00:00, run_after=2021-01-01T00:00:00+00:00
[2023-05-07T22:37:49.109+0000] {processor.py:175} INFO - Processing /usr/local/python/3.10.4/lib/python3.10/site-packages/airflow/example_dags/example_trigger_controller_dag.py took 0.091 seconds
[2023-05-07T22:38:24.195+0000] {processor.py:153} INFO - Started process (PID=16890) to work on /usr/local/python/3.10.4/lib/python3.10/site-packages/airflow/example_dags/example_trigger_controller_dag.py
[2023-05-07T22:38:24.196+0000] {processor.py:743} INFO - Processing file /usr/local/python/3.10.4/lib/python3.10/site-packages/airflow/example_dags/example_trigger_controller_dag.py for tasks to queue
[2023-05-07T22:38:24.197+0000] {logging_mixin.py:137} INFO - [2023-05-07T22:38:24.197+0000] {dagbag.py:538} INFO - Filling up the DagBag from /usr/local/python/3.10.4/lib/python3.10/site-packages/airflow/example_dags/example_trigger_controller_dag.py
[2023-05-07T22:38:24.208+0000] {processor.py:753} INFO - DAG(s) dict_keys(['example_trigger_controller_dag']) retrieved from /usr/local/python/3.10.4/lib/python3.10/site-packages/airflow/example_dags/example_trigger_controller_dag.py
[2023-05-07T22:38:24.224+0000] {logging_mixin.py:137} INFO - [2023-05-07T22:38:24.224+0000] {dag.py:2690} INFO - Sync 1 DAGs
[2023-05-07T22:38:24.241+0000] {logging_mixin.py:137} INFO - [2023-05-07T22:38:24.241+0000] {dag.py:3437} INFO - Setting next_dagrun for example_trigger_controller_dag to 2021-01-01T00:00:00+00:00, run_after=2021-01-01T00:00:00+00:00
[2023-05-07T22:38:24.281+0000] {processor.py:175} INFO - Processing /usr/local/python/3.10.4/lib/python3.10/site-packages/airflow/example_dags/example_trigger_controller_dag.py took 0.089 seconds
[2023-05-07T22:38:58.427+0000] {processor.py:153} INFO - Started process (PID=17119) to work on /usr/local/python/3.10.4/lib/python3.10/site-packages/airflow/example_dags/example_trigger_controller_dag.py
[2023-05-07T22:38:58.428+0000] {processor.py:743} INFO - Processing file /usr/local/python/3.10.4/lib/python3.10/site-packages/airflow/example_dags/example_trigger_controller_dag.py for tasks to queue
[2023-05-07T22:38:58.428+0000] {logging_mixin.py:137} INFO - [2023-05-07T22:38:58.428+0000] {dagbag.py:538} INFO - Filling up the DagBag from /usr/local/python/3.10.4/lib/python3.10/site-packages/airflow/example_dags/example_trigger_controller_dag.py
[2023-05-07T22:38:58.439+0000] {processor.py:753} INFO - DAG(s) dict_keys(['example_trigger_controller_dag']) retrieved from /usr/local/python/3.10.4/lib/python3.10/site-packages/airflow/example_dags/example_trigger_controller_dag.py
[2023-05-07T22:38:58.457+0000] {logging_mixin.py:137} INFO - [2023-05-07T22:38:58.457+0000] {dag.py:2690} INFO - Sync 1 DAGs
[2023-05-07T22:38:58.473+0000] {logging_mixin.py:137} INFO - [2023-05-07T22:38:58.473+0000] {dag.py:3437} INFO - Setting next_dagrun for example_trigger_controller_dag to 2021-01-01T00:00:00+00:00, run_after=2021-01-01T00:00:00+00:00
[2023-05-07T22:38:58.515+0000] {processor.py:175} INFO - Processing /usr/local/python/3.10.4/lib/python3.10/site-packages/airflow/example_dags/example_trigger_controller_dag.py took 0.091 seconds
[2023-05-07T22:39:30.314+0000] {processor.py:153} INFO - Started process (PID=17373) to work on /usr/local/python/3.10.4/lib/python3.10/site-packages/airflow/example_dags/example_trigger_controller_dag.py
[2023-05-07T22:39:30.315+0000] {processor.py:743} INFO - Processing file /usr/local/python/3.10.4/lib/python3.10/site-packages/airflow/example_dags/example_trigger_controller_dag.py for tasks to queue
[2023-05-07T22:39:30.316+0000] {logging_mixin.py:137} INFO - [2023-05-07T22:39:30.316+0000] {dagbag.py:538} INFO - Filling up the DagBag from /usr/local/python/3.10.4/lib/python3.10/site-packages/airflow/example_dags/example_trigger_controller_dag.py
[2023-05-07T22:39:30.327+0000] {processor.py:753} INFO - DAG(s) dict_keys(['example_trigger_controller_dag']) retrieved from /usr/local/python/3.10.4/lib/python3.10/site-packages/airflow/example_dags/example_trigger_controller_dag.py
[2023-05-07T22:39:30.344+0000] {logging_mixin.py:137} INFO - [2023-05-07T22:39:30.343+0000] {dag.py:2690} INFO - Sync 1 DAGs
[2023-05-07T22:39:30.361+0000] {logging_mixin.py:137} INFO - [2023-05-07T22:39:30.361+0000] {dag.py:3437} INFO - Setting next_dagrun for example_trigger_controller_dag to 2021-01-01T00:00:00+00:00, run_after=2021-01-01T00:00:00+00:00
[2023-05-07T22:39:30.404+0000] {processor.py:175} INFO - Processing /usr/local/python/3.10.4/lib/python3.10/site-packages/airflow/example_dags/example_trigger_controller_dag.py took 0.093 seconds
[2023-05-07T22:40:04.102+0000] {processor.py:153} INFO - Started process (PID=17616) to work on /usr/local/python/3.10.4/lib/python3.10/site-packages/airflow/example_dags/example_trigger_controller_dag.py
[2023-05-07T22:40:04.103+0000] {processor.py:743} INFO - Processing file /usr/local/python/3.10.4/lib/python3.10/site-packages/airflow/example_dags/example_trigger_controller_dag.py for tasks to queue
[2023-05-07T22:40:04.103+0000] {logging_mixin.py:137} INFO - [2023-05-07T22:40:04.103+0000] {dagbag.py:538} INFO - Filling up the DagBag from /usr/local/python/3.10.4/lib/python3.10/site-packages/airflow/example_dags/example_trigger_controller_dag.py
[2023-05-07T22:40:04.115+0000] {processor.py:753} INFO - DAG(s) dict_keys(['example_trigger_controller_dag']) retrieved from /usr/local/python/3.10.4/lib/python3.10/site-packages/airflow/example_dags/example_trigger_controller_dag.py
[2023-05-07T22:40:04.131+0000] {logging_mixin.py:137} INFO - [2023-05-07T22:40:04.131+0000] {dag.py:2690} INFO - Sync 1 DAGs
[2023-05-07T22:40:04.148+0000] {logging_mixin.py:137} INFO - [2023-05-07T22:40:04.148+0000] {dag.py:3437} INFO - Setting next_dagrun for example_trigger_controller_dag to 2021-01-01T00:00:00+00:00, run_after=2021-01-01T00:00:00+00:00
[2023-05-07T22:40:04.189+0000] {processor.py:175} INFO - Processing /usr/local/python/3.10.4/lib/python3.10/site-packages/airflow/example_dags/example_trigger_controller_dag.py took 0.090 seconds
[2023-05-07T22:40:45.769+0000] {processor.py:153} INFO - Started process (PID=17940) to work on /usr/local/python/3.10.4/lib/python3.10/site-packages/airflow/example_dags/example_trigger_controller_dag.py
[2023-05-07T22:40:45.770+0000] {processor.py:743} INFO - Processing file /usr/local/python/3.10.4/lib/python3.10/site-packages/airflow/example_dags/example_trigger_controller_dag.py for tasks to queue
[2023-05-07T22:40:45.771+0000] {logging_mixin.py:137} INFO - [2023-05-07T22:40:45.771+0000] {dagbag.py:538} INFO - Filling up the DagBag from /usr/local/python/3.10.4/lib/python3.10/site-packages/airflow/example_dags/example_trigger_controller_dag.py
[2023-05-07T22:40:45.782+0000] {processor.py:753} INFO - DAG(s) dict_keys(['example_trigger_controller_dag']) retrieved from /usr/local/python/3.10.4/lib/python3.10/site-packages/airflow/example_dags/example_trigger_controller_dag.py
[2023-05-07T22:40:45.799+0000] {logging_mixin.py:137} INFO - [2023-05-07T22:40:45.799+0000] {dag.py:2690} INFO - Sync 1 DAGs
[2023-05-07T22:40:45.817+0000] {logging_mixin.py:137} INFO - [2023-05-07T22:40:45.817+0000] {dag.py:3437} INFO - Setting next_dagrun for example_trigger_controller_dag to 2021-01-01T00:00:00+00:00, run_after=2021-01-01T00:00:00+00:00
[2023-05-07T22:40:45.859+0000] {processor.py:175} INFO - Processing /usr/local/python/3.10.4/lib/python3.10/site-packages/airflow/example_dags/example_trigger_controller_dag.py took 0.093 seconds
[2023-05-07T22:41:26.228+0000] {processor.py:153} INFO - Started process (PID=18228) to work on /usr/local/python/3.10.4/lib/python3.10/site-packages/airflow/example_dags/example_trigger_controller_dag.py
[2023-05-07T22:41:26.229+0000] {processor.py:743} INFO - Processing file /usr/local/python/3.10.4/lib/python3.10/site-packages/airflow/example_dags/example_trigger_controller_dag.py for tasks to queue
[2023-05-07T22:41:26.230+0000] {logging_mixin.py:137} INFO - [2023-05-07T22:41:26.229+0000] {dagbag.py:538} INFO - Filling up the DagBag from /usr/local/python/3.10.4/lib/python3.10/site-packages/airflow/example_dags/example_trigger_controller_dag.py
[2023-05-07T22:41:26.241+0000] {processor.py:753} INFO - DAG(s) dict_keys(['example_trigger_controller_dag']) retrieved from /usr/local/python/3.10.4/lib/python3.10/site-packages/airflow/example_dags/example_trigger_controller_dag.py
[2023-05-07T22:41:26.258+0000] {logging_mixin.py:137} INFO - [2023-05-07T22:41:26.257+0000] {dag.py:2690} INFO - Sync 1 DAGs
[2023-05-07T22:41:26.274+0000] {logging_mixin.py:137} INFO - [2023-05-07T22:41:26.274+0000] {dag.py:3437} INFO - Setting next_dagrun for example_trigger_controller_dag to 2021-01-01T00:00:00+00:00, run_after=2021-01-01T00:00:00+00:00
[2023-05-07T22:41:26.316+0000] {processor.py:175} INFO - Processing /usr/local/python/3.10.4/lib/python3.10/site-packages/airflow/example_dags/example_trigger_controller_dag.py took 0.091 seconds
[2023-05-07T22:42:05.803+0000] {processor.py:153} INFO - Started process (PID=18542) to work on /usr/local/python/3.10.4/lib/python3.10/site-packages/airflow/example_dags/example_trigger_controller_dag.py
[2023-05-07T22:42:05.804+0000] {processor.py:743} INFO - Processing file /usr/local/python/3.10.4/lib/python3.10/site-packages/airflow/example_dags/example_trigger_controller_dag.py for tasks to queue
[2023-05-07T22:42:05.804+0000] {logging_mixin.py:137} INFO - [2023-05-07T22:42:05.804+0000] {dagbag.py:538} INFO - Filling up the DagBag from /usr/local/python/3.10.4/lib/python3.10/site-packages/airflow/example_dags/example_trigger_controller_dag.py
[2023-05-07T22:42:05.820+0000] {processor.py:753} INFO - DAG(s) dict_keys(['example_trigger_controller_dag']) retrieved from /usr/local/python/3.10.4/lib/python3.10/site-packages/airflow/example_dags/example_trigger_controller_dag.py
[2023-05-07T22:42:05.844+0000] {logging_mixin.py:137} INFO - [2023-05-07T22:42:05.843+0000] {dag.py:2690} INFO - Sync 1 DAGs
[2023-05-07T22:42:05.870+0000] {logging_mixin.py:137} INFO - [2023-05-07T22:42:05.870+0000] {dag.py:3437} INFO - Setting next_dagrun for example_trigger_controller_dag to 2021-01-01T00:00:00+00:00, run_after=2021-01-01T00:00:00+00:00
[2023-05-07T22:42:05.914+0000] {processor.py:175} INFO - Processing /usr/local/python/3.10.4/lib/python3.10/site-packages/airflow/example_dags/example_trigger_controller_dag.py took 0.115 seconds
[2023-05-07T22:42:47.839+0000] {processor.py:153} INFO - Started process (PID=18927) to work on /usr/local/python/3.10.4/lib/python3.10/site-packages/airflow/example_dags/example_trigger_controller_dag.py
[2023-05-07T22:42:47.840+0000] {processor.py:743} INFO - Processing file /usr/local/python/3.10.4/lib/python3.10/site-packages/airflow/example_dags/example_trigger_controller_dag.py for tasks to queue
[2023-05-07T22:42:47.840+0000] {logging_mixin.py:137} INFO - [2023-05-07T22:42:47.840+0000] {dagbag.py:538} INFO - Filling up the DagBag from /usr/local/python/3.10.4/lib/python3.10/site-packages/airflow/example_dags/example_trigger_controller_dag.py
[2023-05-07T22:42:47.853+0000] {processor.py:753} INFO - DAG(s) dict_keys(['example_trigger_controller_dag']) retrieved from /usr/local/python/3.10.4/lib/python3.10/site-packages/airflow/example_dags/example_trigger_controller_dag.py
[2023-05-07T22:42:47.870+0000] {logging_mixin.py:137} INFO - [2023-05-07T22:42:47.870+0000] {dag.py:2690} INFO - Sync 1 DAGs
[2023-05-07T22:42:47.889+0000] {logging_mixin.py:137} INFO - [2023-05-07T22:42:47.889+0000] {dag.py:3437} INFO - Setting next_dagrun for example_trigger_controller_dag to 2021-01-01T00:00:00+00:00, run_after=2021-01-01T00:00:00+00:00
[2023-05-07T22:42:47.931+0000] {processor.py:175} INFO - Processing /usr/local/python/3.10.4/lib/python3.10/site-packages/airflow/example_dags/example_trigger_controller_dag.py took 0.094 seconds
[2023-05-07T22:43:22.782+0000] {processor.py:153} INFO - Started process (PID=19256) to work on /usr/local/python/3.10.4/lib/python3.10/site-packages/airflow/example_dags/example_trigger_controller_dag.py
[2023-05-07T22:43:22.783+0000] {processor.py:743} INFO - Processing file /usr/local/python/3.10.4/lib/python3.10/site-packages/airflow/example_dags/example_trigger_controller_dag.py for tasks to queue
[2023-05-07T22:43:22.784+0000] {logging_mixin.py:137} INFO - [2023-05-07T22:43:22.784+0000] {dagbag.py:538} INFO - Filling up the DagBag from /usr/local/python/3.10.4/lib/python3.10/site-packages/airflow/example_dags/example_trigger_controller_dag.py
[2023-05-07T22:43:22.797+0000] {processor.py:753} INFO - DAG(s) dict_keys(['example_trigger_controller_dag']) retrieved from /usr/local/python/3.10.4/lib/python3.10/site-packages/airflow/example_dags/example_trigger_controller_dag.py
[2023-05-07T22:43:22.814+0000] {logging_mixin.py:137} INFO - [2023-05-07T22:43:22.814+0000] {dag.py:2690} INFO - Sync 1 DAGs
[2023-05-07T22:43:22.831+0000] {logging_mixin.py:137} INFO - [2023-05-07T22:43:22.830+0000] {dag.py:3437} INFO - Setting next_dagrun for example_trigger_controller_dag to 2021-01-01T00:00:00+00:00, run_after=2021-01-01T00:00:00+00:00
[2023-05-07T22:43:22.871+0000] {processor.py:175} INFO - Processing /usr/local/python/3.10.4/lib/python3.10/site-packages/airflow/example_dags/example_trigger_controller_dag.py took 0.092 seconds
[2023-05-07T22:44:03.268+0000] {processor.py:153} INFO - Started process (PID=19720) to work on /usr/local/python/3.10.4/lib/python3.10/site-packages/airflow/example_dags/example_trigger_controller_dag.py
[2023-05-07T22:44:03.269+0000] {processor.py:743} INFO - Processing file /usr/local/python/3.10.4/lib/python3.10/site-packages/airflow/example_dags/example_trigger_controller_dag.py for tasks to queue
[2023-05-07T22:44:03.269+0000] {logging_mixin.py:137} INFO - [2023-05-07T22:44:03.269+0000] {dagbag.py:538} INFO - Filling up the DagBag from /usr/local/python/3.10.4/lib/python3.10/site-packages/airflow/example_dags/example_trigger_controller_dag.py
[2023-05-07T22:44:03.280+0000] {processor.py:753} INFO - DAG(s) dict_keys(['example_trigger_controller_dag']) retrieved from /usr/local/python/3.10.4/lib/python3.10/site-packages/airflow/example_dags/example_trigger_controller_dag.py
[2023-05-07T22:44:03.296+0000] {logging_mixin.py:137} INFO - [2023-05-07T22:44:03.296+0000] {dag.py:2690} INFO - Sync 1 DAGs
[2023-05-07T22:44:03.316+0000] {logging_mixin.py:137} INFO - [2023-05-07T22:44:03.316+0000] {dag.py:3437} INFO - Setting next_dagrun for example_trigger_controller_dag to 2021-01-01T00:00:00+00:00, run_after=2021-01-01T00:00:00+00:00
[2023-05-07T22:44:03.358+0000] {processor.py:175} INFO - Processing /usr/local/python/3.10.4/lib/python3.10/site-packages/airflow/example_dags/example_trigger_controller_dag.py took 0.093 seconds
[2023-05-07T22:44:44.356+0000] {processor.py:153} INFO - Started process (PID=20135) to work on /usr/local/python/3.10.4/lib/python3.10/site-packages/airflow/example_dags/example_trigger_controller_dag.py
[2023-05-07T22:44:44.357+0000] {processor.py:743} INFO - Processing file /usr/local/python/3.10.4/lib/python3.10/site-packages/airflow/example_dags/example_trigger_controller_dag.py for tasks to queue
[2023-05-07T22:44:44.357+0000] {logging_mixin.py:137} INFO - [2023-05-07T22:44:44.357+0000] {dagbag.py:538} INFO - Filling up the DagBag from /usr/local/python/3.10.4/lib/python3.10/site-packages/airflow/example_dags/example_trigger_controller_dag.py
[2023-05-07T22:44:44.368+0000] {processor.py:753} INFO - DAG(s) dict_keys(['example_trigger_controller_dag']) retrieved from /usr/local/python/3.10.4/lib/python3.10/site-packages/airflow/example_dags/example_trigger_controller_dag.py
[2023-05-07T22:44:44.385+0000] {logging_mixin.py:137} INFO - [2023-05-07T22:44:44.384+0000] {dag.py:2690} INFO - Sync 1 DAGs
[2023-05-07T22:44:44.402+0000] {logging_mixin.py:137} INFO - [2023-05-07T22:44:44.401+0000] {dag.py:3437} INFO - Setting next_dagrun for example_trigger_controller_dag to 2021-01-01T00:00:00+00:00, run_after=2021-01-01T00:00:00+00:00
[2023-05-07T22:44:44.441+0000] {processor.py:175} INFO - Processing /usr/local/python/3.10.4/lib/python3.10/site-packages/airflow/example_dags/example_trigger_controller_dag.py took 0.088 seconds
[2023-05-07T22:45:23.254+0000] {processor.py:153} INFO - Started process (PID=20488) to work on /usr/local/python/3.10.4/lib/python3.10/site-packages/airflow/example_dags/example_trigger_controller_dag.py
[2023-05-07T22:45:23.255+0000] {processor.py:743} INFO - Processing file /usr/local/python/3.10.4/lib/python3.10/site-packages/airflow/example_dags/example_trigger_controller_dag.py for tasks to queue
[2023-05-07T22:45:23.256+0000] {logging_mixin.py:137} INFO - [2023-05-07T22:45:23.256+0000] {dagbag.py:538} INFO - Filling up the DagBag from /usr/local/python/3.10.4/lib/python3.10/site-packages/airflow/example_dags/example_trigger_controller_dag.py
[2023-05-07T22:45:23.266+0000] {processor.py:753} INFO - DAG(s) dict_keys(['example_trigger_controller_dag']) retrieved from /usr/local/python/3.10.4/lib/python3.10/site-packages/airflow/example_dags/example_trigger_controller_dag.py
[2023-05-07T22:45:23.283+0000] {logging_mixin.py:137} INFO - [2023-05-07T22:45:23.283+0000] {dag.py:2690} INFO - Sync 1 DAGs
[2023-05-07T22:45:23.300+0000] {logging_mixin.py:137} INFO - [2023-05-07T22:45:23.300+0000] {dag.py:3437} INFO - Setting next_dagrun for example_trigger_controller_dag to 2021-01-01T00:00:00+00:00, run_after=2021-01-01T00:00:00+00:00
[2023-05-07T22:45:23.356+0000] {processor.py:175} INFO - Processing /usr/local/python/3.10.4/lib/python3.10/site-packages/airflow/example_dags/example_trigger_controller_dag.py took 0.105 seconds
[2023-05-07T22:46:02.640+0000] {processor.py:153} INFO - Started process (PID=20883) to work on /usr/local/python/3.10.4/lib/python3.10/site-packages/airflow/example_dags/example_trigger_controller_dag.py
[2023-05-07T22:46:02.641+0000] {processor.py:743} INFO - Processing file /usr/local/python/3.10.4/lib/python3.10/site-packages/airflow/example_dags/example_trigger_controller_dag.py for tasks to queue
[2023-05-07T22:46:02.641+0000] {logging_mixin.py:137} INFO - [2023-05-07T22:46:02.641+0000] {dagbag.py:538} INFO - Filling up the DagBag from /usr/local/python/3.10.4/lib/python3.10/site-packages/airflow/example_dags/example_trigger_controller_dag.py
[2023-05-07T22:46:02.652+0000] {processor.py:753} INFO - DAG(s) dict_keys(['example_trigger_controller_dag']) retrieved from /usr/local/python/3.10.4/lib/python3.10/site-packages/airflow/example_dags/example_trigger_controller_dag.py
[2023-05-07T22:46:02.669+0000] {logging_mixin.py:137} INFO - [2023-05-07T22:46:02.669+0000] {dag.py:2690} INFO - Sync 1 DAGs
[2023-05-07T22:46:02.686+0000] {logging_mixin.py:137} INFO - [2023-05-07T22:46:02.686+0000] {dag.py:3437} INFO - Setting next_dagrun for example_trigger_controller_dag to 2021-01-01T00:00:00+00:00, run_after=2021-01-01T00:00:00+00:00
[2023-05-07T22:46:02.731+0000] {processor.py:175} INFO - Processing /usr/local/python/3.10.4/lib/python3.10/site-packages/airflow/example_dags/example_trigger_controller_dag.py took 0.094 seconds
[2023-05-07T22:46:34.058+0000] {processor.py:153} INFO - Started process (PID=21201) to work on /usr/local/python/3.10.4/lib/python3.10/site-packages/airflow/example_dags/example_trigger_controller_dag.py
[2023-05-07T22:46:34.059+0000] {processor.py:743} INFO - Processing file /usr/local/python/3.10.4/lib/python3.10/site-packages/airflow/example_dags/example_trigger_controller_dag.py for tasks to queue
[2023-05-07T22:46:34.060+0000] {logging_mixin.py:137} INFO - [2023-05-07T22:46:34.059+0000] {dagbag.py:538} INFO - Filling up the DagBag from /usr/local/python/3.10.4/lib/python3.10/site-packages/airflow/example_dags/example_trigger_controller_dag.py
[2023-05-07T22:46:34.073+0000] {processor.py:753} INFO - DAG(s) dict_keys(['example_trigger_controller_dag']) retrieved from /usr/local/python/3.10.4/lib/python3.10/site-packages/airflow/example_dags/example_trigger_controller_dag.py
[2023-05-07T22:46:34.090+0000] {logging_mixin.py:137} INFO - [2023-05-07T22:46:34.089+0000] {dag.py:2690} INFO - Sync 1 DAGs
[2023-05-07T22:46:34.107+0000] {logging_mixin.py:137} INFO - [2023-05-07T22:46:34.106+0000] {dag.py:3437} INFO - Setting next_dagrun for example_trigger_controller_dag to 2021-01-01T00:00:00+00:00, run_after=2021-01-01T00:00:00+00:00
[2023-05-07T22:46:34.146+0000] {processor.py:175} INFO - Processing /usr/local/python/3.10.4/lib/python3.10/site-packages/airflow/example_dags/example_trigger_controller_dag.py took 0.091 seconds
[2023-05-07T22:47:09.457+0000] {processor.py:153} INFO - Started process (PID=21508) to work on /usr/local/python/3.10.4/lib/python3.10/site-packages/airflow/example_dags/example_trigger_controller_dag.py
[2023-05-07T22:47:09.458+0000] {processor.py:743} INFO - Processing file /usr/local/python/3.10.4/lib/python3.10/site-packages/airflow/example_dags/example_trigger_controller_dag.py for tasks to queue
[2023-05-07T22:47:09.458+0000] {logging_mixin.py:137} INFO - [2023-05-07T22:47:09.458+0000] {dagbag.py:538} INFO - Filling up the DagBag from /usr/local/python/3.10.4/lib/python3.10/site-packages/airflow/example_dags/example_trigger_controller_dag.py
[2023-05-07T22:47:09.469+0000] {processor.py:753} INFO - DAG(s) dict_keys(['example_trigger_controller_dag']) retrieved from /usr/local/python/3.10.4/lib/python3.10/site-packages/airflow/example_dags/example_trigger_controller_dag.py
[2023-05-07T22:47:09.486+0000] {logging_mixin.py:137} INFO - [2023-05-07T22:47:09.486+0000] {dag.py:2690} INFO - Sync 1 DAGs
[2023-05-07T22:47:09.503+0000] {logging_mixin.py:137} INFO - [2023-05-07T22:47:09.503+0000] {dag.py:3437} INFO - Setting next_dagrun for example_trigger_controller_dag to 2021-01-01T00:00:00+00:00, run_after=2021-01-01T00:00:00+00:00
[2023-05-07T22:47:09.544+0000] {processor.py:175} INFO - Processing /usr/local/python/3.10.4/lib/python3.10/site-packages/airflow/example_dags/example_trigger_controller_dag.py took 0.091 seconds
[2023-05-07T22:47:50.054+0000] {processor.py:153} INFO - Started process (PID=21782) to work on /usr/local/python/3.10.4/lib/python3.10/site-packages/airflow/example_dags/example_trigger_controller_dag.py
[2023-05-07T22:47:50.054+0000] {processor.py:743} INFO - Processing file /usr/local/python/3.10.4/lib/python3.10/site-packages/airflow/example_dags/example_trigger_controller_dag.py for tasks to queue
[2023-05-07T22:47:50.055+0000] {logging_mixin.py:137} INFO - [2023-05-07T22:47:50.055+0000] {dagbag.py:538} INFO - Filling up the DagBag from /usr/local/python/3.10.4/lib/python3.10/site-packages/airflow/example_dags/example_trigger_controller_dag.py
[2023-05-07T22:47:50.066+0000] {processor.py:753} INFO - DAG(s) dict_keys(['example_trigger_controller_dag']) retrieved from /usr/local/python/3.10.4/lib/python3.10/site-packages/airflow/example_dags/example_trigger_controller_dag.py
[2023-05-07T22:47:50.082+0000] {logging_mixin.py:137} INFO - [2023-05-07T22:47:50.082+0000] {dag.py:2690} INFO - Sync 1 DAGs
[2023-05-07T22:47:50.099+0000] {logging_mixin.py:137} INFO - [2023-05-07T22:47:50.099+0000] {dag.py:3437} INFO - Setting next_dagrun for example_trigger_controller_dag to 2021-01-01T00:00:00+00:00, run_after=2021-01-01T00:00:00+00:00
[2023-05-07T22:47:50.144+0000] {processor.py:175} INFO - Processing /usr/local/python/3.10.4/lib/python3.10/site-packages/airflow/example_dags/example_trigger_controller_dag.py took 0.093 seconds
[2023-05-07T22:48:22.821+0000] {processor.py:153} INFO - Started process (PID=22127) to work on /usr/local/python/3.10.4/lib/python3.10/site-packages/airflow/example_dags/example_trigger_controller_dag.py
[2023-05-07T22:48:22.822+0000] {processor.py:743} INFO - Processing file /usr/local/python/3.10.4/lib/python3.10/site-packages/airflow/example_dags/example_trigger_controller_dag.py for tasks to queue
[2023-05-07T22:48:22.823+0000] {logging_mixin.py:137} INFO - [2023-05-07T22:48:22.823+0000] {dagbag.py:538} INFO - Filling up the DagBag from /usr/local/python/3.10.4/lib/python3.10/site-packages/airflow/example_dags/example_trigger_controller_dag.py
[2023-05-07T22:48:22.834+0000] {processor.py:753} INFO - DAG(s) dict_keys(['example_trigger_controller_dag']) retrieved from /usr/local/python/3.10.4/lib/python3.10/site-packages/airflow/example_dags/example_trigger_controller_dag.py
[2023-05-07T22:48:22.854+0000] {logging_mixin.py:137} INFO - [2023-05-07T22:48:22.854+0000] {dag.py:2690} INFO - Sync 1 DAGs
[2023-05-07T22:48:22.873+0000] {logging_mixin.py:137} INFO - [2023-05-07T22:48:22.873+0000] {dag.py:3437} INFO - Setting next_dagrun for example_trigger_controller_dag to 2021-01-01T00:00:00+00:00, run_after=2021-01-01T00:00:00+00:00
[2023-05-07T22:48:22.923+0000] {processor.py:175} INFO - Processing /usr/local/python/3.10.4/lib/python3.10/site-packages/airflow/example_dags/example_trigger_controller_dag.py took 0.105 seconds
[2023-05-07T22:48:56.509+0000] {processor.py:153} INFO - Started process (PID=22448) to work on /usr/local/python/3.10.4/lib/python3.10/site-packages/airflow/example_dags/example_trigger_controller_dag.py
[2023-05-07T22:48:56.510+0000] {processor.py:743} INFO - Processing file /usr/local/python/3.10.4/lib/python3.10/site-packages/airflow/example_dags/example_trigger_controller_dag.py for tasks to queue
[2023-05-07T22:48:56.511+0000] {logging_mixin.py:137} INFO - [2023-05-07T22:48:56.511+0000] {dagbag.py:538} INFO - Filling up the DagBag from /usr/local/python/3.10.4/lib/python3.10/site-packages/airflow/example_dags/example_trigger_controller_dag.py
[2023-05-07T22:48:56.521+0000] {processor.py:753} INFO - DAG(s) dict_keys(['example_trigger_controller_dag']) retrieved from /usr/local/python/3.10.4/lib/python3.10/site-packages/airflow/example_dags/example_trigger_controller_dag.py
[2023-05-07T22:48:56.537+0000] {logging_mixin.py:137} INFO - [2023-05-07T22:48:56.537+0000] {dag.py:2690} INFO - Sync 1 DAGs
[2023-05-07T22:48:56.555+0000] {logging_mixin.py:137} INFO - [2023-05-07T22:48:56.555+0000] {dag.py:3437} INFO - Setting next_dagrun for example_trigger_controller_dag to 2021-01-01T00:00:00+00:00, run_after=2021-01-01T00:00:00+00:00
[2023-05-07T22:48:56.595+0000] {processor.py:175} INFO - Processing /usr/local/python/3.10.4/lib/python3.10/site-packages/airflow/example_dags/example_trigger_controller_dag.py took 0.089 seconds
[2023-05-07T22:49:29.887+0000] {processor.py:153} INFO - Started process (PID=22806) to work on /usr/local/python/3.10.4/lib/python3.10/site-packages/airflow/example_dags/example_trigger_controller_dag.py
[2023-05-07T22:49:29.887+0000] {processor.py:743} INFO - Processing file /usr/local/python/3.10.4/lib/python3.10/site-packages/airflow/example_dags/example_trigger_controller_dag.py for tasks to queue
[2023-05-07T22:49:29.888+0000] {logging_mixin.py:137} INFO - [2023-05-07T22:49:29.888+0000] {dagbag.py:538} INFO - Filling up the DagBag from /usr/local/python/3.10.4/lib/python3.10/site-packages/airflow/example_dags/example_trigger_controller_dag.py
[2023-05-07T22:49:29.900+0000] {processor.py:753} INFO - DAG(s) dict_keys(['example_trigger_controller_dag']) retrieved from /usr/local/python/3.10.4/lib/python3.10/site-packages/airflow/example_dags/example_trigger_controller_dag.py
[2023-05-07T22:49:29.916+0000] {logging_mixin.py:137} INFO - [2023-05-07T22:49:29.916+0000] {dag.py:2690} INFO - Sync 1 DAGs
[2023-05-07T22:49:29.933+0000] {logging_mixin.py:137} INFO - [2023-05-07T22:49:29.933+0000] {dag.py:3437} INFO - Setting next_dagrun for example_trigger_controller_dag to 2021-01-01T00:00:00+00:00, run_after=2021-01-01T00:00:00+00:00
[2023-05-07T22:49:29.979+0000] {processor.py:175} INFO - Processing /usr/local/python/3.10.4/lib/python3.10/site-packages/airflow/example_dags/example_trigger_controller_dag.py took 0.095 seconds
[2023-05-07T22:50:01.842+0000] {processor.py:153} INFO - Started process (PID=23058) to work on /usr/local/python/3.10.4/lib/python3.10/site-packages/airflow/example_dags/example_trigger_controller_dag.py
[2023-05-07T22:50:01.843+0000] {processor.py:743} INFO - Processing file /usr/local/python/3.10.4/lib/python3.10/site-packages/airflow/example_dags/example_trigger_controller_dag.py for tasks to queue
[2023-05-07T22:50:01.844+0000] {logging_mixin.py:137} INFO - [2023-05-07T22:50:01.844+0000] {dagbag.py:538} INFO - Filling up the DagBag from /usr/local/python/3.10.4/lib/python3.10/site-packages/airflow/example_dags/example_trigger_controller_dag.py
[2023-05-07T22:50:01.855+0000] {processor.py:753} INFO - DAG(s) dict_keys(['example_trigger_controller_dag']) retrieved from /usr/local/python/3.10.4/lib/python3.10/site-packages/airflow/example_dags/example_trigger_controller_dag.py
[2023-05-07T22:50:01.872+0000] {logging_mixin.py:137} INFO - [2023-05-07T22:50:01.872+0000] {dag.py:2690} INFO - Sync 1 DAGs
[2023-05-07T22:50:01.889+0000] {logging_mixin.py:137} INFO - [2023-05-07T22:50:01.888+0000] {dag.py:3437} INFO - Setting next_dagrun for example_trigger_controller_dag to 2021-01-01T00:00:00+00:00, run_after=2021-01-01T00:00:00+00:00
[2023-05-07T22:50:01.929+0000] {processor.py:175} INFO - Processing /usr/local/python/3.10.4/lib/python3.10/site-packages/airflow/example_dags/example_trigger_controller_dag.py took 0.090 seconds
[2023-05-07T22:50:33.352+0000] {processor.py:153} INFO - Started process (PID=23295) to work on /usr/local/python/3.10.4/lib/python3.10/site-packages/airflow/example_dags/example_trigger_controller_dag.py
[2023-05-07T22:50:33.353+0000] {processor.py:743} INFO - Processing file /usr/local/python/3.10.4/lib/python3.10/site-packages/airflow/example_dags/example_trigger_controller_dag.py for tasks to queue
[2023-05-07T22:50:33.353+0000] {logging_mixin.py:137} INFO - [2023-05-07T22:50:33.353+0000] {dagbag.py:538} INFO - Filling up the DagBag from /usr/local/python/3.10.4/lib/python3.10/site-packages/airflow/example_dags/example_trigger_controller_dag.py
[2023-05-07T22:50:33.364+0000] {processor.py:753} INFO - DAG(s) dict_keys(['example_trigger_controller_dag']) retrieved from /usr/local/python/3.10.4/lib/python3.10/site-packages/airflow/example_dags/example_trigger_controller_dag.py
[2023-05-07T22:50:33.381+0000] {logging_mixin.py:137} INFO - [2023-05-07T22:50:33.381+0000] {dag.py:2690} INFO - Sync 1 DAGs
[2023-05-07T22:50:33.398+0000] {logging_mixin.py:137} INFO - [2023-05-07T22:50:33.398+0000] {dag.py:3437} INFO - Setting next_dagrun for example_trigger_controller_dag to 2021-01-01T00:00:00+00:00, run_after=2021-01-01T00:00:00+00:00
[2023-05-07T22:50:33.437+0000] {processor.py:175} INFO - Processing /usr/local/python/3.10.4/lib/python3.10/site-packages/airflow/example_dags/example_trigger_controller_dag.py took 0.088 seconds
[2023-05-07T22:51:08.325+0000] {processor.py:153} INFO - Started process (PID=23618) to work on /usr/local/python/3.10.4/lib/python3.10/site-packages/airflow/example_dags/example_trigger_controller_dag.py
[2023-05-07T22:51:08.326+0000] {processor.py:743} INFO - Processing file /usr/local/python/3.10.4/lib/python3.10/site-packages/airflow/example_dags/example_trigger_controller_dag.py for tasks to queue
[2023-05-07T22:51:08.327+0000] {logging_mixin.py:137} INFO - [2023-05-07T22:51:08.326+0000] {dagbag.py:538} INFO - Filling up the DagBag from /usr/local/python/3.10.4/lib/python3.10/site-packages/airflow/example_dags/example_trigger_controller_dag.py
[2023-05-07T22:51:08.338+0000] {processor.py:753} INFO - DAG(s) dict_keys(['example_trigger_controller_dag']) retrieved from /usr/local/python/3.10.4/lib/python3.10/site-packages/airflow/example_dags/example_trigger_controller_dag.py
[2023-05-07T22:51:08.354+0000] {logging_mixin.py:137} INFO - [2023-05-07T22:51:08.354+0000] {dag.py:2690} INFO - Sync 1 DAGs
[2023-05-07T22:51:08.371+0000] {logging_mixin.py:137} INFO - [2023-05-07T22:51:08.371+0000] {dag.py:3437} INFO - Setting next_dagrun for example_trigger_controller_dag to 2021-01-01T00:00:00+00:00, run_after=2021-01-01T00:00:00+00:00
[2023-05-07T22:51:08.414+0000] {processor.py:175} INFO - Processing /usr/local/python/3.10.4/lib/python3.10/site-packages/airflow/example_dags/example_trigger_controller_dag.py took 0.091 seconds
[2023-05-07T22:51:49.433+0000] {processor.py:153} INFO - Started process (PID=23910) to work on /usr/local/python/3.10.4/lib/python3.10/site-packages/airflow/example_dags/example_trigger_controller_dag.py
[2023-05-07T22:51:49.434+0000] {processor.py:743} INFO - Processing file /usr/local/python/3.10.4/lib/python3.10/site-packages/airflow/example_dags/example_trigger_controller_dag.py for tasks to queue
[2023-05-07T22:51:49.435+0000] {logging_mixin.py:137} INFO - [2023-05-07T22:51:49.435+0000] {dagbag.py:538} INFO - Filling up the DagBag from /usr/local/python/3.10.4/lib/python3.10/site-packages/airflow/example_dags/example_trigger_controller_dag.py
[2023-05-07T22:51:49.446+0000] {processor.py:753} INFO - DAG(s) dict_keys(['example_trigger_controller_dag']) retrieved from /usr/local/python/3.10.4/lib/python3.10/site-packages/airflow/example_dags/example_trigger_controller_dag.py
[2023-05-07T22:51:49.463+0000] {logging_mixin.py:137} INFO - [2023-05-07T22:51:49.463+0000] {dag.py:2690} INFO - Sync 1 DAGs
[2023-05-07T22:51:49.480+0000] {logging_mixin.py:137} INFO - [2023-05-07T22:51:49.480+0000] {dag.py:3437} INFO - Setting next_dagrun for example_trigger_controller_dag to 2021-01-01T00:00:00+00:00, run_after=2021-01-01T00:00:00+00:00
[2023-05-07T22:51:49.520+0000] {processor.py:175} INFO - Processing /usr/local/python/3.10.4/lib/python3.10/site-packages/airflow/example_dags/example_trigger_controller_dag.py took 0.089 seconds
[2023-05-07T22:52:21.345+0000] {processor.py:153} INFO - Started process (PID=24034) to work on /usr/local/python/3.10.4/lib/python3.10/site-packages/airflow/example_dags/example_trigger_controller_dag.py
[2023-05-07T22:52:21.346+0000] {processor.py:743} INFO - Processing file /usr/local/python/3.10.4/lib/python3.10/site-packages/airflow/example_dags/example_trigger_controller_dag.py for tasks to queue
[2023-05-07T22:52:21.347+0000] {logging_mixin.py:137} INFO - [2023-05-07T22:52:21.347+0000] {dagbag.py:538} INFO - Filling up the DagBag from /usr/local/python/3.10.4/lib/python3.10/site-packages/airflow/example_dags/example_trigger_controller_dag.py
[2023-05-07T22:52:21.358+0000] {processor.py:753} INFO - DAG(s) dict_keys(['example_trigger_controller_dag']) retrieved from /usr/local/python/3.10.4/lib/python3.10/site-packages/airflow/example_dags/example_trigger_controller_dag.py
[2023-05-07T22:52:21.375+0000] {logging_mixin.py:137} INFO - [2023-05-07T22:52:21.375+0000] {dag.py:2690} INFO - Sync 1 DAGs
[2023-05-07T22:52:21.392+0000] {logging_mixin.py:137} INFO - [2023-05-07T22:52:21.392+0000] {dag.py:3437} INFO - Setting next_dagrun for example_trigger_controller_dag to 2021-01-01T00:00:00+00:00, run_after=2021-01-01T00:00:00+00:00
[2023-05-07T22:52:21.434+0000] {processor.py:175} INFO - Processing /usr/local/python/3.10.4/lib/python3.10/site-packages/airflow/example_dags/example_trigger_controller_dag.py took 0.093 seconds
[2023-05-07T22:52:53.771+0000] {processor.py:153} INFO - Started process (PID=24130) to work on /usr/local/python/3.10.4/lib/python3.10/site-packages/airflow/example_dags/example_trigger_controller_dag.py
[2023-05-07T22:52:53.771+0000] {processor.py:743} INFO - Processing file /usr/local/python/3.10.4/lib/python3.10/site-packages/airflow/example_dags/example_trigger_controller_dag.py for tasks to queue
[2023-05-07T22:52:53.772+0000] {logging_mixin.py:137} INFO - [2023-05-07T22:52:53.772+0000] {dagbag.py:538} INFO - Filling up the DagBag from /usr/local/python/3.10.4/lib/python3.10/site-packages/airflow/example_dags/example_trigger_controller_dag.py
[2023-05-07T22:52:53.783+0000] {processor.py:753} INFO - DAG(s) dict_keys(['example_trigger_controller_dag']) retrieved from /usr/local/python/3.10.4/lib/python3.10/site-packages/airflow/example_dags/example_trigger_controller_dag.py
[2023-05-07T22:52:53.799+0000] {logging_mixin.py:137} INFO - [2023-05-07T22:52:53.799+0000] {dag.py:2690} INFO - Sync 1 DAGs
[2023-05-07T22:52:53.816+0000] {logging_mixin.py:137} INFO - [2023-05-07T22:52:53.816+0000] {dag.py:3437} INFO - Setting next_dagrun for example_trigger_controller_dag to 2021-01-01T00:00:00+00:00, run_after=2021-01-01T00:00:00+00:00
[2023-05-07T22:52:53.856+0000] {processor.py:175} INFO - Processing /usr/local/python/3.10.4/lib/python3.10/site-packages/airflow/example_dags/example_trigger_controller_dag.py took 0.088 seconds
