[2023-05-07T22:22:43.175+0000] {processor.py:153} INFO - Started process (PID=10059) to work on /usr/local/python/3.10.4/lib/python3.10/site-packages/airflow/example_dags/example_bash_operator.py
[2023-05-07T22:22:43.176+0000] {processor.py:743} INFO - Processing file /usr/local/python/3.10.4/lib/python3.10/site-packages/airflow/example_dags/example_bash_operator.py for tasks to queue
[2023-05-07T22:22:43.176+0000] {logging_mixin.py:137} INFO - [2023-05-07T22:22:43.176+0000] {dagbag.py:538} INFO - Filling up the DagBag from /usr/local/python/3.10.4/lib/python3.10/site-packages/airflow/example_dags/example_bash_operator.py
[2023-05-07T22:22:43.201+0000] {processor.py:753} INFO - DAG(s) dict_keys(['example_bash_operator']) retrieved from /usr/local/python/3.10.4/lib/python3.10/site-packages/airflow/example_dags/example_bash_operator.py
[2023-05-07T22:22:43.353+0000] {logging_mixin.py:137} INFO - [2023-05-07T22:22:43.353+0000] {manager.py:504} INFO - Created Permission View: can edit on DAG:example_bash_operator
[2023-05-07T22:22:43.388+0000] {logging_mixin.py:137} INFO - [2023-05-07T22:22:43.387+0000] {manager.py:504} INFO - Created Permission View: can delete on DAG:example_bash_operator
[2023-05-07T22:22:43.420+0000] {logging_mixin.py:137} INFO - [2023-05-07T22:22:43.420+0000] {manager.py:504} INFO - Created Permission View: can read on DAG:example_bash_operator
[2023-05-07T22:22:43.420+0000] {logging_mixin.py:137} INFO - [2023-05-07T22:22:43.420+0000] {dag.py:2690} INFO - Sync 1 DAGs
[2023-05-07T22:22:43.429+0000] {logging_mixin.py:137} INFO - [2023-05-07T22:22:43.429+0000] {dag.py:2711} INFO - Creating ORM DAG for example_bash_operator
[2023-05-07T22:22:43.438+0000] {logging_mixin.py:137} INFO - [2023-05-07T22:22:43.438+0000] {dag.py:3437} INFO - Setting next_dagrun for example_bash_operator to 2023-05-06T00:00:00+00:00, run_after=2023-05-07T00:00:00+00:00
[2023-05-07T22:22:43.485+0000] {processor.py:175} INFO - Processing /usr/local/python/3.10.4/lib/python3.10/site-packages/airflow/example_dags/example_bash_operator.py took 0.313 seconds
[2023-05-07T22:23:23.201+0000] {processor.py:153} INFO - Started process (PID=10338) to work on /usr/local/python/3.10.4/lib/python3.10/site-packages/airflow/example_dags/example_bash_operator.py
[2023-05-07T22:23:23.202+0000] {processor.py:743} INFO - Processing file /usr/local/python/3.10.4/lib/python3.10/site-packages/airflow/example_dags/example_bash_operator.py for tasks to queue
[2023-05-07T22:23:23.203+0000] {logging_mixin.py:137} INFO - [2023-05-07T22:23:23.202+0000] {dagbag.py:538} INFO - Filling up the DagBag from /usr/local/python/3.10.4/lib/python3.10/site-packages/airflow/example_dags/example_bash_operator.py
[2023-05-07T22:23:23.224+0000] {processor.py:753} INFO - DAG(s) dict_keys(['example_bash_operator']) retrieved from /usr/local/python/3.10.4/lib/python3.10/site-packages/airflow/example_dags/example_bash_operator.py
[2023-05-07T22:23:23.250+0000] {logging_mixin.py:137} INFO - [2023-05-07T22:23:23.250+0000] {dag.py:2690} INFO - Sync 1 DAGs
[2023-05-07T22:23:23.269+0000] {logging_mixin.py:137} INFO - [2023-05-07T22:23:23.268+0000] {dag.py:3437} INFO - Setting next_dagrun for example_bash_operator to 2023-05-06T00:00:00+00:00, run_after=2023-05-07T00:00:00+00:00
[2023-05-07T22:23:23.314+0000] {processor.py:175} INFO - Processing /usr/local/python/3.10.4/lib/python3.10/site-packages/airflow/example_dags/example_bash_operator.py took 0.116 seconds
[2023-05-07T22:24:05.795+0000] {processor.py:153} INFO - Started process (PID=10749) to work on /usr/local/python/3.10.4/lib/python3.10/site-packages/airflow/example_dags/example_bash_operator.py
[2023-05-07T22:24:05.796+0000] {processor.py:743} INFO - Processing file /usr/local/python/3.10.4/lib/python3.10/site-packages/airflow/example_dags/example_bash_operator.py for tasks to queue
[2023-05-07T22:24:05.796+0000] {logging_mixin.py:137} INFO - [2023-05-07T22:24:05.796+0000] {dagbag.py:538} INFO - Filling up the DagBag from /usr/local/python/3.10.4/lib/python3.10/site-packages/airflow/example_dags/example_bash_operator.py
[2023-05-07T22:24:05.818+0000] {processor.py:753} INFO - DAG(s) dict_keys(['example_bash_operator']) retrieved from /usr/local/python/3.10.4/lib/python3.10/site-packages/airflow/example_dags/example_bash_operator.py
[2023-05-07T22:24:05.844+0000] {logging_mixin.py:137} INFO - [2023-05-07T22:24:05.844+0000] {dag.py:2690} INFO - Sync 1 DAGs
[2023-05-07T22:24:05.862+0000] {logging_mixin.py:137} INFO - [2023-05-07T22:24:05.862+0000] {dag.py:3437} INFO - Setting next_dagrun for example_bash_operator to 2023-05-06T00:00:00+00:00, run_after=2023-05-07T00:00:00+00:00
[2023-05-07T22:24:05.904+0000] {processor.py:175} INFO - Processing /usr/local/python/3.10.4/lib/python3.10/site-packages/airflow/example_dags/example_bash_operator.py took 0.112 seconds
[2023-05-07T22:25:00.513+0000] {processor.py:153} INFO - Started process (PID=11202) to work on /usr/local/python/3.10.4/lib/python3.10/site-packages/airflow/example_dags/example_bash_operator.py
[2023-05-07T22:25:00.516+0000] {processor.py:743} INFO - Processing file /usr/local/python/3.10.4/lib/python3.10/site-packages/airflow/example_dags/example_bash_operator.py for tasks to queue
[2023-05-07T22:25:00.517+0000] {logging_mixin.py:137} INFO - [2023-05-07T22:25:00.517+0000] {dagbag.py:538} INFO - Filling up the DagBag from /usr/local/python/3.10.4/lib/python3.10/site-packages/airflow/example_dags/example_bash_operator.py
[2023-05-07T22:25:00.537+0000] {processor.py:753} INFO - DAG(s) dict_keys(['example_bash_operator']) retrieved from /usr/local/python/3.10.4/lib/python3.10/site-packages/airflow/example_dags/example_bash_operator.py
[2023-05-07T22:25:00.565+0000] {logging_mixin.py:137} INFO - [2023-05-07T22:25:00.565+0000] {dag.py:2690} INFO - Sync 1 DAGs
[2023-05-07T22:25:00.585+0000] {logging_mixin.py:137} INFO - [2023-05-07T22:25:00.585+0000] {dag.py:3437} INFO - Setting next_dagrun for example_bash_operator to 2023-05-06T00:00:00+00:00, run_after=2023-05-07T00:00:00+00:00
[2023-05-07T22:25:00.627+0000] {processor.py:175} INFO - Processing /usr/local/python/3.10.4/lib/python3.10/site-packages/airflow/example_dags/example_bash_operator.py took 0.116 seconds
[2023-05-07T22:25:46.902+0000] {processor.py:153} INFO - Started process (PID=11528) to work on /usr/local/python/3.10.4/lib/python3.10/site-packages/airflow/example_dags/example_bash_operator.py
[2023-05-07T22:25:46.903+0000] {processor.py:743} INFO - Processing file /usr/local/python/3.10.4/lib/python3.10/site-packages/airflow/example_dags/example_bash_operator.py for tasks to queue
[2023-05-07T22:25:46.903+0000] {logging_mixin.py:137} INFO - [2023-05-07T22:25:46.903+0000] {dagbag.py:538} INFO - Filling up the DagBag from /usr/local/python/3.10.4/lib/python3.10/site-packages/airflow/example_dags/example_bash_operator.py
[2023-05-07T22:25:46.924+0000] {processor.py:753} INFO - DAG(s) dict_keys(['example_bash_operator']) retrieved from /usr/local/python/3.10.4/lib/python3.10/site-packages/airflow/example_dags/example_bash_operator.py
[2023-05-07T22:25:46.951+0000] {logging_mixin.py:137} INFO - [2023-05-07T22:25:46.951+0000] {dag.py:2690} INFO - Sync 1 DAGs
[2023-05-07T22:25:46.971+0000] {logging_mixin.py:137} INFO - [2023-05-07T22:25:46.970+0000] {dag.py:3437} INFO - Setting next_dagrun for example_bash_operator to 2023-05-06T00:00:00+00:00, run_after=2023-05-07T00:00:00+00:00
[2023-05-07T22:25:47.012+0000] {processor.py:175} INFO - Processing /usr/local/python/3.10.4/lib/python3.10/site-packages/airflow/example_dags/example_bash_operator.py took 0.113 seconds
[2023-05-07T22:26:31.976+0000] {processor.py:153} INFO - Started process (PID=11844) to work on /usr/local/python/3.10.4/lib/python3.10/site-packages/airflow/example_dags/example_bash_operator.py
[2023-05-07T22:26:31.977+0000] {processor.py:743} INFO - Processing file /usr/local/python/3.10.4/lib/python3.10/site-packages/airflow/example_dags/example_bash_operator.py for tasks to queue
[2023-05-07T22:26:31.977+0000] {logging_mixin.py:137} INFO - [2023-05-07T22:26:31.977+0000] {dagbag.py:538} INFO - Filling up the DagBag from /usr/local/python/3.10.4/lib/python3.10/site-packages/airflow/example_dags/example_bash_operator.py
[2023-05-07T22:26:32.003+0000] {processor.py:753} INFO - DAG(s) dict_keys(['example_bash_operator']) retrieved from /usr/local/python/3.10.4/lib/python3.10/site-packages/airflow/example_dags/example_bash_operator.py
[2023-05-07T22:26:32.045+0000] {logging_mixin.py:137} INFO - [2023-05-07T22:26:32.045+0000] {dag.py:2690} INFO - Sync 1 DAGs
[2023-05-07T22:26:32.067+0000] {logging_mixin.py:137} INFO - [2023-05-07T22:26:32.067+0000] {dag.py:3437} INFO - Setting next_dagrun for example_bash_operator to 2023-05-06T00:00:00+00:00, run_after=2023-05-07T00:00:00+00:00
[2023-05-07T22:26:32.119+0000] {processor.py:175} INFO - Processing /usr/local/python/3.10.4/lib/python3.10/site-packages/airflow/example_dags/example_bash_operator.py took 0.147 seconds
[2023-05-07T22:27:13.677+0000] {processor.py:153} INFO - Started process (PID=12146) to work on /usr/local/python/3.10.4/lib/python3.10/site-packages/airflow/example_dags/example_bash_operator.py
[2023-05-07T22:27:13.678+0000] {processor.py:743} INFO - Processing file /usr/local/python/3.10.4/lib/python3.10/site-packages/airflow/example_dags/example_bash_operator.py for tasks to queue
[2023-05-07T22:27:13.679+0000] {logging_mixin.py:137} INFO - [2023-05-07T22:27:13.679+0000] {dagbag.py:538} INFO - Filling up the DagBag from /usr/local/python/3.10.4/lib/python3.10/site-packages/airflow/example_dags/example_bash_operator.py
[2023-05-07T22:27:13.699+0000] {processor.py:753} INFO - DAG(s) dict_keys(['example_bash_operator']) retrieved from /usr/local/python/3.10.4/lib/python3.10/site-packages/airflow/example_dags/example_bash_operator.py
[2023-05-07T22:27:13.728+0000] {logging_mixin.py:137} INFO - [2023-05-07T22:27:13.728+0000] {dag.py:2690} INFO - Sync 1 DAGs
[2023-05-07T22:27:13.752+0000] {logging_mixin.py:137} INFO - [2023-05-07T22:27:13.752+0000] {dag.py:3437} INFO - Setting next_dagrun for example_bash_operator to 2023-05-06T00:00:00+00:00, run_after=2023-05-07T00:00:00+00:00
[2023-05-07T22:27:13.793+0000] {processor.py:175} INFO - Processing /usr/local/python/3.10.4/lib/python3.10/site-packages/airflow/example_dags/example_bash_operator.py took 0.119 seconds
[2023-05-07T22:27:56.371+0000] {processor.py:153} INFO - Started process (PID=12437) to work on /usr/local/python/3.10.4/lib/python3.10/site-packages/airflow/example_dags/example_bash_operator.py
[2023-05-07T22:27:56.372+0000] {processor.py:743} INFO - Processing file /usr/local/python/3.10.4/lib/python3.10/site-packages/airflow/example_dags/example_bash_operator.py for tasks to queue
[2023-05-07T22:27:56.372+0000] {logging_mixin.py:137} INFO - [2023-05-07T22:27:56.372+0000] {dagbag.py:538} INFO - Filling up the DagBag from /usr/local/python/3.10.4/lib/python3.10/site-packages/airflow/example_dags/example_bash_operator.py
[2023-05-07T22:27:56.396+0000] {processor.py:753} INFO - DAG(s) dict_keys(['example_bash_operator']) retrieved from /usr/local/python/3.10.4/lib/python3.10/site-packages/airflow/example_dags/example_bash_operator.py
[2023-05-07T22:27:56.424+0000] {logging_mixin.py:137} INFO - [2023-05-07T22:27:56.424+0000] {dag.py:2690} INFO - Sync 1 DAGs
[2023-05-07T22:27:56.443+0000] {logging_mixin.py:137} INFO - [2023-05-07T22:27:56.442+0000] {dag.py:3437} INFO - Setting next_dagrun for example_bash_operator to 2023-05-06T00:00:00+00:00, run_after=2023-05-07T00:00:00+00:00
[2023-05-07T22:27:56.494+0000] {processor.py:175} INFO - Processing /usr/local/python/3.10.4/lib/python3.10/site-packages/airflow/example_dags/example_bash_operator.py took 0.127 seconds
[2023-05-07T22:28:40.113+0000] {processor.py:153} INFO - Started process (PID=12737) to work on /usr/local/python/3.10.4/lib/python3.10/site-packages/airflow/example_dags/example_bash_operator.py
[2023-05-07T22:28:40.113+0000] {processor.py:743} INFO - Processing file /usr/local/python/3.10.4/lib/python3.10/site-packages/airflow/example_dags/example_bash_operator.py for tasks to queue
[2023-05-07T22:28:40.114+0000] {logging_mixin.py:137} INFO - [2023-05-07T22:28:40.114+0000] {dagbag.py:538} INFO - Filling up the DagBag from /usr/local/python/3.10.4/lib/python3.10/site-packages/airflow/example_dags/example_bash_operator.py
[2023-05-07T22:28:40.134+0000] {processor.py:753} INFO - DAG(s) dict_keys(['example_bash_operator']) retrieved from /usr/local/python/3.10.4/lib/python3.10/site-packages/airflow/example_dags/example_bash_operator.py
[2023-05-07T22:28:40.162+0000] {logging_mixin.py:137} INFO - [2023-05-07T22:28:40.162+0000] {dag.py:2690} INFO - Sync 1 DAGs
[2023-05-07T22:28:40.182+0000] {logging_mixin.py:137} INFO - [2023-05-07T22:28:40.181+0000] {dag.py:3437} INFO - Setting next_dagrun for example_bash_operator to 2023-05-06T00:00:00+00:00, run_after=2023-05-07T00:00:00+00:00
[2023-05-07T22:28:40.222+0000] {processor.py:175} INFO - Processing /usr/local/python/3.10.4/lib/python3.10/site-packages/airflow/example_dags/example_bash_operator.py took 0.113 seconds
[2023-05-07T22:29:31.884+0000] {processor.py:153} INFO - Started process (PID=13089) to work on /usr/local/python/3.10.4/lib/python3.10/site-packages/airflow/example_dags/example_bash_operator.py
[2023-05-07T22:29:31.885+0000] {processor.py:743} INFO - Processing file /usr/local/python/3.10.4/lib/python3.10/site-packages/airflow/example_dags/example_bash_operator.py for tasks to queue
[2023-05-07T22:29:31.885+0000] {logging_mixin.py:137} INFO - [2023-05-07T22:29:31.885+0000] {dagbag.py:538} INFO - Filling up the DagBag from /usr/local/python/3.10.4/lib/python3.10/site-packages/airflow/example_dags/example_bash_operator.py
[2023-05-07T22:29:31.906+0000] {processor.py:753} INFO - DAG(s) dict_keys(['example_bash_operator']) retrieved from /usr/local/python/3.10.4/lib/python3.10/site-packages/airflow/example_dags/example_bash_operator.py
[2023-05-07T22:29:31.933+0000] {logging_mixin.py:137} INFO - [2023-05-07T22:29:31.932+0000] {dag.py:2690} INFO - Sync 1 DAGs
[2023-05-07T22:29:31.952+0000] {logging_mixin.py:137} INFO - [2023-05-07T22:29:31.952+0000] {dag.py:3437} INFO - Setting next_dagrun for example_bash_operator to 2023-05-06T00:00:00+00:00, run_after=2023-05-07T00:00:00+00:00
[2023-05-07T22:29:32.104+0000] {processor.py:175} INFO - Processing /usr/local/python/3.10.4/lib/python3.10/site-packages/airflow/example_dags/example_bash_operator.py took 0.223 seconds
[2023-05-07T22:30:24.992+0000] {processor.py:153} INFO - Started process (PID=13463) to work on /usr/local/python/3.10.4/lib/python3.10/site-packages/airflow/example_dags/example_bash_operator.py
[2023-05-07T22:30:24.993+0000] {processor.py:743} INFO - Processing file /usr/local/python/3.10.4/lib/python3.10/site-packages/airflow/example_dags/example_bash_operator.py for tasks to queue
[2023-05-07T22:30:24.993+0000] {logging_mixin.py:137} INFO - [2023-05-07T22:30:24.993+0000] {dagbag.py:538} INFO - Filling up the DagBag from /usr/local/python/3.10.4/lib/python3.10/site-packages/airflow/example_dags/example_bash_operator.py
[2023-05-07T22:30:25.014+0000] {processor.py:753} INFO - DAG(s) dict_keys(['example_bash_operator']) retrieved from /usr/local/python/3.10.4/lib/python3.10/site-packages/airflow/example_dags/example_bash_operator.py
[2023-05-07T22:30:25.041+0000] {logging_mixin.py:137} INFO - [2023-05-07T22:30:25.041+0000] {dag.py:2690} INFO - Sync 1 DAGs
[2023-05-07T22:30:25.177+0000] {logging_mixin.py:137} INFO - [2023-05-07T22:30:25.177+0000] {dag.py:3437} INFO - Setting next_dagrun for example_bash_operator to 2023-05-06T00:00:00+00:00, run_after=2023-05-07T00:00:00+00:00
[2023-05-07T22:30:25.218+0000] {processor.py:175} INFO - Processing /usr/local/python/3.10.4/lib/python3.10/site-packages/airflow/example_dags/example_bash_operator.py took 0.229 seconds
[2023-05-07T22:31:14.396+0000] {processor.py:153} INFO - Started process (PID=13794) to work on /usr/local/python/3.10.4/lib/python3.10/site-packages/airflow/example_dags/example_bash_operator.py
[2023-05-07T22:31:14.397+0000] {processor.py:743} INFO - Processing file /usr/local/python/3.10.4/lib/python3.10/site-packages/airflow/example_dags/example_bash_operator.py for tasks to queue
[2023-05-07T22:31:14.397+0000] {logging_mixin.py:137} INFO - [2023-05-07T22:31:14.397+0000] {dagbag.py:538} INFO - Filling up the DagBag from /usr/local/python/3.10.4/lib/python3.10/site-packages/airflow/example_dags/example_bash_operator.py
[2023-05-07T22:31:14.417+0000] {processor.py:753} INFO - DAG(s) dict_keys(['example_bash_operator']) retrieved from /usr/local/python/3.10.4/lib/python3.10/site-packages/airflow/example_dags/example_bash_operator.py
[2023-05-07T22:31:14.445+0000] {logging_mixin.py:137} INFO - [2023-05-07T22:31:14.445+0000] {dag.py:2690} INFO - Sync 1 DAGs
[2023-05-07T22:31:14.572+0000] {logging_mixin.py:137} INFO - [2023-05-07T22:31:14.572+0000] {dag.py:3437} INFO - Setting next_dagrun for example_bash_operator to 2023-05-06T00:00:00+00:00, run_after=2023-05-07T00:00:00+00:00
[2023-05-07T22:31:14.612+0000] {processor.py:175} INFO - Processing /usr/local/python/3.10.4/lib/python3.10/site-packages/airflow/example_dags/example_bash_operator.py took 0.219 seconds
[2023-05-07T22:32:02.197+0000] {processor.py:153} INFO - Started process (PID=14124) to work on /usr/local/python/3.10.4/lib/python3.10/site-packages/airflow/example_dags/example_bash_operator.py
[2023-05-07T22:32:02.198+0000] {processor.py:743} INFO - Processing file /usr/local/python/3.10.4/lib/python3.10/site-packages/airflow/example_dags/example_bash_operator.py for tasks to queue
[2023-05-07T22:32:02.199+0000] {logging_mixin.py:137} INFO - [2023-05-07T22:32:02.198+0000] {dagbag.py:538} INFO - Filling up the DagBag from /usr/local/python/3.10.4/lib/python3.10/site-packages/airflow/example_dags/example_bash_operator.py
[2023-05-07T22:32:02.219+0000] {processor.py:753} INFO - DAG(s) dict_keys(['example_bash_operator']) retrieved from /usr/local/python/3.10.4/lib/python3.10/site-packages/airflow/example_dags/example_bash_operator.py
[2023-05-07T22:32:02.357+0000] {logging_mixin.py:137} INFO - [2023-05-07T22:32:02.357+0000] {dag.py:2690} INFO - Sync 1 DAGs
[2023-05-07T22:32:02.373+0000] {logging_mixin.py:137} INFO - [2023-05-07T22:32:02.373+0000] {dag.py:3437} INFO - Setting next_dagrun for example_bash_operator to 2023-05-06T00:00:00+00:00, run_after=2023-05-07T00:00:00+00:00
[2023-05-07T22:32:02.414+0000] {processor.py:175} INFO - Processing /usr/local/python/3.10.4/lib/python3.10/site-packages/airflow/example_dags/example_bash_operator.py took 0.220 seconds
[2023-05-07T22:32:47.840+0000] {processor.py:153} INFO - Started process (PID=14440) to work on /usr/local/python/3.10.4/lib/python3.10/site-packages/airflow/example_dags/example_bash_operator.py
[2023-05-07T22:32:47.841+0000] {processor.py:743} INFO - Processing file /usr/local/python/3.10.4/lib/python3.10/site-packages/airflow/example_dags/example_bash_operator.py for tasks to queue
[2023-05-07T22:32:47.842+0000] {logging_mixin.py:137} INFO - [2023-05-07T22:32:47.841+0000] {dagbag.py:538} INFO - Filling up the DagBag from /usr/local/python/3.10.4/lib/python3.10/site-packages/airflow/example_dags/example_bash_operator.py
[2023-05-07T22:32:47.862+0000] {processor.py:753} INFO - DAG(s) dict_keys(['example_bash_operator']) retrieved from /usr/local/python/3.10.4/lib/python3.10/site-packages/airflow/example_dags/example_bash_operator.py
[2023-05-07T22:32:48.002+0000] {logging_mixin.py:137} INFO - [2023-05-07T22:32:48.002+0000] {dag.py:2690} INFO - Sync 1 DAGs
[2023-05-07T22:32:48.019+0000] {logging_mixin.py:137} INFO - [2023-05-07T22:32:48.018+0000] {dag.py:3437} INFO - Setting next_dagrun for example_bash_operator to 2023-05-06T00:00:00+00:00, run_after=2023-05-07T00:00:00+00:00
[2023-05-07T22:32:48.059+0000] {processor.py:175} INFO - Processing /usr/local/python/3.10.4/lib/python3.10/site-packages/airflow/example_dags/example_bash_operator.py took 0.222 seconds
[2023-05-07T22:33:37.808+0000] {processor.py:153} INFO - Started process (PID=14787) to work on /usr/local/python/3.10.4/lib/python3.10/site-packages/airflow/example_dags/example_bash_operator.py
[2023-05-07T22:33:37.809+0000] {processor.py:743} INFO - Processing file /usr/local/python/3.10.4/lib/python3.10/site-packages/airflow/example_dags/example_bash_operator.py for tasks to queue
[2023-05-07T22:33:37.810+0000] {logging_mixin.py:137} INFO - [2023-05-07T22:33:37.809+0000] {dagbag.py:538} INFO - Filling up the DagBag from /usr/local/python/3.10.4/lib/python3.10/site-packages/airflow/example_dags/example_bash_operator.py
[2023-05-07T22:33:37.938+0000] {processor.py:753} INFO - DAG(s) dict_keys(['example_bash_operator']) retrieved from /usr/local/python/3.10.4/lib/python3.10/site-packages/airflow/example_dags/example_bash_operator.py
[2023-05-07T22:33:37.962+0000] {logging_mixin.py:137} INFO - [2023-05-07T22:33:37.962+0000] {dag.py:2690} INFO - Sync 1 DAGs
[2023-05-07T22:33:37.978+0000] {logging_mixin.py:137} INFO - [2023-05-07T22:33:37.978+0000] {dag.py:3437} INFO - Setting next_dagrun for example_bash_operator to 2023-05-06T00:00:00+00:00, run_after=2023-05-07T00:00:00+00:00
[2023-05-07T22:33:38.077+0000] {processor.py:175} INFO - Processing /usr/local/python/3.10.4/lib/python3.10/site-packages/airflow/example_dags/example_bash_operator.py took 0.272 seconds
[2023-05-07T22:34:26.441+0000] {processor.py:153} INFO - Started process (PID=15198) to work on /usr/local/python/3.10.4/lib/python3.10/site-packages/airflow/example_dags/example_bash_operator.py
[2023-05-07T22:34:26.442+0000] {processor.py:743} INFO - Processing file /usr/local/python/3.10.4/lib/python3.10/site-packages/airflow/example_dags/example_bash_operator.py for tasks to queue
[2023-05-07T22:34:26.443+0000] {logging_mixin.py:137} INFO - [2023-05-07T22:34:26.442+0000] {dagbag.py:538} INFO - Filling up the DagBag from /usr/local/python/3.10.4/lib/python3.10/site-packages/airflow/example_dags/example_bash_operator.py
[2023-05-07T22:34:26.586+0000] {processor.py:753} INFO - DAG(s) dict_keys(['example_bash_operator']) retrieved from /usr/local/python/3.10.4/lib/python3.10/site-packages/airflow/example_dags/example_bash_operator.py
[2023-05-07T22:34:26.611+0000] {logging_mixin.py:137} INFO - [2023-05-07T22:34:26.611+0000] {dag.py:2690} INFO - Sync 1 DAGs
[2023-05-07T22:34:26.629+0000] {logging_mixin.py:137} INFO - [2023-05-07T22:34:26.628+0000] {dag.py:3437} INFO - Setting next_dagrun for example_bash_operator to 2023-05-06T00:00:00+00:00, run_after=2023-05-07T00:00:00+00:00
[2023-05-07T22:34:26.671+0000] {processor.py:175} INFO - Processing /usr/local/python/3.10.4/lib/python3.10/site-packages/airflow/example_dags/example_bash_operator.py took 0.234 seconds
[2023-05-07T22:35:15.368+0000] {processor.py:153} INFO - Started process (PID=15537) to work on /usr/local/python/3.10.4/lib/python3.10/site-packages/airflow/example_dags/example_bash_operator.py
[2023-05-07T22:35:15.369+0000] {processor.py:743} INFO - Processing file /usr/local/python/3.10.4/lib/python3.10/site-packages/airflow/example_dags/example_bash_operator.py for tasks to queue
[2023-05-07T22:35:15.369+0000] {logging_mixin.py:137} INFO - [2023-05-07T22:35:15.369+0000] {dagbag.py:538} INFO - Filling up the DagBag from /usr/local/python/3.10.4/lib/python3.10/site-packages/airflow/example_dags/example_bash_operator.py
[2023-05-07T22:35:15.390+0000] {processor.py:753} INFO - DAG(s) dict_keys(['example_bash_operator']) retrieved from /usr/local/python/3.10.4/lib/python3.10/site-packages/airflow/example_dags/example_bash_operator.py
[2023-05-07T22:35:15.418+0000] {logging_mixin.py:137} INFO - [2023-05-07T22:35:15.418+0000] {dag.py:2690} INFO - Sync 1 DAGs
[2023-05-07T22:35:15.437+0000] {logging_mixin.py:137} INFO - [2023-05-07T22:35:15.437+0000] {dag.py:3437} INFO - Setting next_dagrun for example_bash_operator to 2023-05-06T00:00:00+00:00, run_after=2023-05-07T00:00:00+00:00
[2023-05-07T22:35:15.478+0000] {processor.py:175} INFO - Processing /usr/local/python/3.10.4/lib/python3.10/site-packages/airflow/example_dags/example_bash_operator.py took 0.113 seconds
[2023-05-07T22:35:56.558+0000] {processor.py:153} INFO - Started process (PID=15824) to work on /usr/local/python/3.10.4/lib/python3.10/site-packages/airflow/example_dags/example_bash_operator.py
[2023-05-07T22:35:56.559+0000] {processor.py:743} INFO - Processing file /usr/local/python/3.10.4/lib/python3.10/site-packages/airflow/example_dags/example_bash_operator.py for tasks to queue
[2023-05-07T22:35:56.560+0000] {logging_mixin.py:137} INFO - [2023-05-07T22:35:56.559+0000] {dagbag.py:538} INFO - Filling up the DagBag from /usr/local/python/3.10.4/lib/python3.10/site-packages/airflow/example_dags/example_bash_operator.py
[2023-05-07T22:35:56.580+0000] {processor.py:753} INFO - DAG(s) dict_keys(['example_bash_operator']) retrieved from /usr/local/python/3.10.4/lib/python3.10/site-packages/airflow/example_dags/example_bash_operator.py
[2023-05-07T22:35:56.610+0000] {logging_mixin.py:137} INFO - [2023-05-07T22:35:56.609+0000] {dag.py:2690} INFO - Sync 1 DAGs
[2023-05-07T22:35:56.629+0000] {logging_mixin.py:137} INFO - [2023-05-07T22:35:56.629+0000] {dag.py:3437} INFO - Setting next_dagrun for example_bash_operator to 2023-05-06T00:00:00+00:00, run_after=2023-05-07T00:00:00+00:00
[2023-05-07T22:35:56.673+0000] {processor.py:175} INFO - Processing /usr/local/python/3.10.4/lib/python3.10/site-packages/airflow/example_dags/example_bash_operator.py took 0.118 seconds
[2023-05-07T22:36:43.263+0000] {processor.py:153} INFO - Started process (PID=16156) to work on /usr/local/python/3.10.4/lib/python3.10/site-packages/airflow/example_dags/example_bash_operator.py
[2023-05-07T22:36:43.264+0000] {processor.py:743} INFO - Processing file /usr/local/python/3.10.4/lib/python3.10/site-packages/airflow/example_dags/example_bash_operator.py for tasks to queue
[2023-05-07T22:36:43.264+0000] {logging_mixin.py:137} INFO - [2023-05-07T22:36:43.264+0000] {dagbag.py:538} INFO - Filling up the DagBag from /usr/local/python/3.10.4/lib/python3.10/site-packages/airflow/example_dags/example_bash_operator.py
[2023-05-07T22:36:43.284+0000] {processor.py:753} INFO - DAG(s) dict_keys(['example_bash_operator']) retrieved from /usr/local/python/3.10.4/lib/python3.10/site-packages/airflow/example_dags/example_bash_operator.py
[2023-05-07T22:36:43.312+0000] {logging_mixin.py:137} INFO - [2023-05-07T22:36:43.312+0000] {dag.py:2690} INFO - Sync 1 DAGs
[2023-05-07T22:36:43.330+0000] {logging_mixin.py:137} INFO - [2023-05-07T22:36:43.330+0000] {dag.py:3437} INFO - Setting next_dagrun for example_bash_operator to 2023-05-06T00:00:00+00:00, run_after=2023-05-07T00:00:00+00:00
[2023-05-07T22:36:43.375+0000] {processor.py:175} INFO - Processing /usr/local/python/3.10.4/lib/python3.10/site-packages/airflow/example_dags/example_bash_operator.py took 0.115 seconds
[2023-05-07T22:37:25.219+0000] {processor.py:153} INFO - Started process (PID=16451) to work on /usr/local/python/3.10.4/lib/python3.10/site-packages/airflow/example_dags/example_bash_operator.py
[2023-05-07T22:37:25.220+0000] {processor.py:743} INFO - Processing file /usr/local/python/3.10.4/lib/python3.10/site-packages/airflow/example_dags/example_bash_operator.py for tasks to queue
[2023-05-07T22:37:25.221+0000] {logging_mixin.py:137} INFO - [2023-05-07T22:37:25.221+0000] {dagbag.py:538} INFO - Filling up the DagBag from /usr/local/python/3.10.4/lib/python3.10/site-packages/airflow/example_dags/example_bash_operator.py
[2023-05-07T22:37:25.241+0000] {processor.py:753} INFO - DAG(s) dict_keys(['example_bash_operator']) retrieved from /usr/local/python/3.10.4/lib/python3.10/site-packages/airflow/example_dags/example_bash_operator.py
[2023-05-07T22:37:25.268+0000] {logging_mixin.py:137} INFO - [2023-05-07T22:37:25.268+0000] {dag.py:2690} INFO - Sync 1 DAGs
[2023-05-07T22:37:25.286+0000] {logging_mixin.py:137} INFO - [2023-05-07T22:37:25.286+0000] {dag.py:3437} INFO - Setting next_dagrun for example_bash_operator to 2023-05-06T00:00:00+00:00, run_after=2023-05-07T00:00:00+00:00
[2023-05-07T22:37:25.327+0000] {processor.py:175} INFO - Processing /usr/local/python/3.10.4/lib/python3.10/site-packages/airflow/example_dags/example_bash_operator.py took 0.111 seconds
[2023-05-07T22:38:09.869+0000] {processor.py:153} INFO - Started process (PID=16794) to work on /usr/local/python/3.10.4/lib/python3.10/site-packages/airflow/example_dags/example_bash_operator.py
[2023-05-07T22:38:09.870+0000] {processor.py:743} INFO - Processing file /usr/local/python/3.10.4/lib/python3.10/site-packages/airflow/example_dags/example_bash_operator.py for tasks to queue
[2023-05-07T22:38:09.871+0000] {logging_mixin.py:137} INFO - [2023-05-07T22:38:09.871+0000] {dagbag.py:538} INFO - Filling up the DagBag from /usr/local/python/3.10.4/lib/python3.10/site-packages/airflow/example_dags/example_bash_operator.py
[2023-05-07T22:38:09.891+0000] {processor.py:753} INFO - DAG(s) dict_keys(['example_bash_operator']) retrieved from /usr/local/python/3.10.4/lib/python3.10/site-packages/airflow/example_dags/example_bash_operator.py
[2023-05-07T22:38:09.918+0000] {logging_mixin.py:137} INFO - [2023-05-07T22:38:09.917+0000] {dag.py:2690} INFO - Sync 1 DAGs
[2023-05-07T22:38:09.936+0000] {logging_mixin.py:137} INFO - [2023-05-07T22:38:09.936+0000] {dag.py:3437} INFO - Setting next_dagrun for example_bash_operator to 2023-05-06T00:00:00+00:00, run_after=2023-05-07T00:00:00+00:00
[2023-05-07T22:38:09.981+0000] {processor.py:175} INFO - Processing /usr/local/python/3.10.4/lib/python3.10/site-packages/airflow/example_dags/example_bash_operator.py took 0.115 seconds
[2023-05-07T22:38:55.620+0000] {processor.py:153} INFO - Started process (PID=17104) to work on /usr/local/python/3.10.4/lib/python3.10/site-packages/airflow/example_dags/example_bash_operator.py
[2023-05-07T22:38:55.621+0000] {processor.py:743} INFO - Processing file /usr/local/python/3.10.4/lib/python3.10/site-packages/airflow/example_dags/example_bash_operator.py for tasks to queue
[2023-05-07T22:38:55.621+0000] {logging_mixin.py:137} INFO - [2023-05-07T22:38:55.621+0000] {dagbag.py:538} INFO - Filling up the DagBag from /usr/local/python/3.10.4/lib/python3.10/site-packages/airflow/example_dags/example_bash_operator.py
[2023-05-07T22:38:55.641+0000] {processor.py:753} INFO - DAG(s) dict_keys(['example_bash_operator']) retrieved from /usr/local/python/3.10.4/lib/python3.10/site-packages/airflow/example_dags/example_bash_operator.py
[2023-05-07T22:38:55.669+0000] {logging_mixin.py:137} INFO - [2023-05-07T22:38:55.669+0000] {dag.py:2690} INFO - Sync 1 DAGs
[2023-05-07T22:38:55.688+0000] {logging_mixin.py:137} INFO - [2023-05-07T22:38:55.688+0000] {dag.py:3437} INFO - Setting next_dagrun for example_bash_operator to 2023-05-06T00:00:00+00:00, run_after=2023-05-07T00:00:00+00:00
[2023-05-07T22:38:55.729+0000] {processor.py:175} INFO - Processing /usr/local/python/3.10.4/lib/python3.10/site-packages/airflow/example_dags/example_bash_operator.py took 0.112 seconds
[2023-05-07T22:39:37.956+0000] {processor.py:153} INFO - Started process (PID=17416) to work on /usr/local/python/3.10.4/lib/python3.10/site-packages/airflow/example_dags/example_bash_operator.py
[2023-05-07T22:39:37.957+0000] {processor.py:743} INFO - Processing file /usr/local/python/3.10.4/lib/python3.10/site-packages/airflow/example_dags/example_bash_operator.py for tasks to queue
[2023-05-07T22:39:37.958+0000] {logging_mixin.py:137} INFO - [2023-05-07T22:39:37.958+0000] {dagbag.py:538} INFO - Filling up the DagBag from /usr/local/python/3.10.4/lib/python3.10/site-packages/airflow/example_dags/example_bash_operator.py
[2023-05-07T22:39:37.979+0000] {processor.py:753} INFO - DAG(s) dict_keys(['example_bash_operator']) retrieved from /usr/local/python/3.10.4/lib/python3.10/site-packages/airflow/example_dags/example_bash_operator.py
[2023-05-07T22:39:38.006+0000] {logging_mixin.py:137} INFO - [2023-05-07T22:39:38.006+0000] {dag.py:2690} INFO - Sync 1 DAGs
[2023-05-07T22:39:38.025+0000] {logging_mixin.py:137} INFO - [2023-05-07T22:39:38.025+0000] {dag.py:3437} INFO - Setting next_dagrun for example_bash_operator to 2023-05-06T00:00:00+00:00, run_after=2023-05-07T00:00:00+00:00
[2023-05-07T22:39:38.068+0000] {processor.py:175} INFO - Processing /usr/local/python/3.10.4/lib/python3.10/site-packages/airflow/example_dags/example_bash_operator.py took 0.115 seconds
[2023-05-07T22:40:19.800+0000] {processor.py:153} INFO - Started process (PID=17731) to work on /usr/local/python/3.10.4/lib/python3.10/site-packages/airflow/example_dags/example_bash_operator.py
[2023-05-07T22:40:19.801+0000] {processor.py:743} INFO - Processing file /usr/local/python/3.10.4/lib/python3.10/site-packages/airflow/example_dags/example_bash_operator.py for tasks to queue
[2023-05-07T22:40:19.801+0000] {logging_mixin.py:137} INFO - [2023-05-07T22:40:19.801+0000] {dagbag.py:538} INFO - Filling up the DagBag from /usr/local/python/3.10.4/lib/python3.10/site-packages/airflow/example_dags/example_bash_operator.py
[2023-05-07T22:40:19.821+0000] {processor.py:753} INFO - DAG(s) dict_keys(['example_bash_operator']) retrieved from /usr/local/python/3.10.4/lib/python3.10/site-packages/airflow/example_dags/example_bash_operator.py
[2023-05-07T22:40:19.849+0000] {logging_mixin.py:137} INFO - [2023-05-07T22:40:19.849+0000] {dag.py:2690} INFO - Sync 1 DAGs
[2023-05-07T22:40:19.867+0000] {logging_mixin.py:137} INFO - [2023-05-07T22:40:19.867+0000] {dag.py:3437} INFO - Setting next_dagrun for example_bash_operator to 2023-05-06T00:00:00+00:00, run_after=2023-05-07T00:00:00+00:00
[2023-05-07T22:40:19.908+0000] {processor.py:175} INFO - Processing /usr/local/python/3.10.4/lib/python3.10/site-packages/airflow/example_dags/example_bash_operator.py took 0.111 seconds
[2023-05-07T22:41:01.389+0000] {processor.py:153} INFO - Started process (PID=18043) to work on /usr/local/python/3.10.4/lib/python3.10/site-packages/airflow/example_dags/example_bash_operator.py
[2023-05-07T22:41:01.390+0000] {processor.py:743} INFO - Processing file /usr/local/python/3.10.4/lib/python3.10/site-packages/airflow/example_dags/example_bash_operator.py for tasks to queue
[2023-05-07T22:41:01.391+0000] {logging_mixin.py:137} INFO - [2023-05-07T22:41:01.391+0000] {dagbag.py:538} INFO - Filling up the DagBag from /usr/local/python/3.10.4/lib/python3.10/site-packages/airflow/example_dags/example_bash_operator.py
[2023-05-07T22:41:01.411+0000] {processor.py:753} INFO - DAG(s) dict_keys(['example_bash_operator']) retrieved from /usr/local/python/3.10.4/lib/python3.10/site-packages/airflow/example_dags/example_bash_operator.py
[2023-05-07T22:41:01.439+0000] {logging_mixin.py:137} INFO - [2023-05-07T22:41:01.439+0000] {dag.py:2690} INFO - Sync 1 DAGs
[2023-05-07T22:41:01.457+0000] {logging_mixin.py:137} INFO - [2023-05-07T22:41:01.457+0000] {dag.py:3437} INFO - Setting next_dagrun for example_bash_operator to 2023-05-06T00:00:00+00:00, run_after=2023-05-07T00:00:00+00:00
[2023-05-07T22:41:01.498+0000] {processor.py:175} INFO - Processing /usr/local/python/3.10.4/lib/python3.10/site-packages/airflow/example_dags/example_bash_operator.py took 0.111 seconds
[2023-05-07T22:41:41.413+0000] {processor.py:153} INFO - Started process (PID=18331) to work on /usr/local/python/3.10.4/lib/python3.10/site-packages/airflow/example_dags/example_bash_operator.py
[2023-05-07T22:41:41.414+0000] {processor.py:743} INFO - Processing file /usr/local/python/3.10.4/lib/python3.10/site-packages/airflow/example_dags/example_bash_operator.py for tasks to queue
[2023-05-07T22:41:41.415+0000] {logging_mixin.py:137} INFO - [2023-05-07T22:41:41.414+0000] {dagbag.py:538} INFO - Filling up the DagBag from /usr/local/python/3.10.4/lib/python3.10/site-packages/airflow/example_dags/example_bash_operator.py
[2023-05-07T22:41:41.436+0000] {processor.py:753} INFO - DAG(s) dict_keys(['example_bash_operator']) retrieved from /usr/local/python/3.10.4/lib/python3.10/site-packages/airflow/example_dags/example_bash_operator.py
[2023-05-07T22:41:41.469+0000] {logging_mixin.py:137} INFO - [2023-05-07T22:41:41.468+0000] {dag.py:2690} INFO - Sync 1 DAGs
[2023-05-07T22:41:41.497+0000] {logging_mixin.py:137} INFO - [2023-05-07T22:41:41.497+0000] {dag.py:3437} INFO - Setting next_dagrun for example_bash_operator to 2023-05-06T00:00:00+00:00, run_after=2023-05-07T00:00:00+00:00
[2023-05-07T22:41:41.541+0000] {processor.py:175} INFO - Processing /usr/local/python/3.10.4/lib/python3.10/site-packages/airflow/example_dags/example_bash_operator.py took 0.131 seconds
[2023-05-07T22:42:22.262+0000] {processor.py:153} INFO - Started process (PID=18692) to work on /usr/local/python/3.10.4/lib/python3.10/site-packages/airflow/example_dags/example_bash_operator.py
[2023-05-07T22:42:22.262+0000] {processor.py:743} INFO - Processing file /usr/local/python/3.10.4/lib/python3.10/site-packages/airflow/example_dags/example_bash_operator.py for tasks to queue
[2023-05-07T22:42:22.263+0000] {logging_mixin.py:137} INFO - [2023-05-07T22:42:22.263+0000] {dagbag.py:538} INFO - Filling up the DagBag from /usr/local/python/3.10.4/lib/python3.10/site-packages/airflow/example_dags/example_bash_operator.py
[2023-05-07T22:42:22.283+0000] {processor.py:753} INFO - DAG(s) dict_keys(['example_bash_operator']) retrieved from /usr/local/python/3.10.4/lib/python3.10/site-packages/airflow/example_dags/example_bash_operator.py
[2023-05-07T22:42:22.310+0000] {logging_mixin.py:137} INFO - [2023-05-07T22:42:22.309+0000] {dag.py:2690} INFO - Sync 1 DAGs
[2023-05-07T22:42:22.327+0000] {logging_mixin.py:137} INFO - [2023-05-07T22:42:22.327+0000] {dag.py:3437} INFO - Setting next_dagrun for example_bash_operator to 2023-05-06T00:00:00+00:00, run_after=2023-05-07T00:00:00+00:00
[2023-05-07T22:42:22.369+0000] {processor.py:175} INFO - Processing /usr/local/python/3.10.4/lib/python3.10/site-packages/airflow/example_dags/example_bash_operator.py took 0.111 seconds
[2023-05-07T22:43:06.643+0000] {processor.py:153} INFO - Started process (PID=19103) to work on /usr/local/python/3.10.4/lib/python3.10/site-packages/airflow/example_dags/example_bash_operator.py
[2023-05-07T22:43:06.644+0000] {processor.py:743} INFO - Processing file /usr/local/python/3.10.4/lib/python3.10/site-packages/airflow/example_dags/example_bash_operator.py for tasks to queue
[2023-05-07T22:43:06.644+0000] {logging_mixin.py:137} INFO - [2023-05-07T22:43:06.644+0000] {dagbag.py:538} INFO - Filling up the DagBag from /usr/local/python/3.10.4/lib/python3.10/site-packages/airflow/example_dags/example_bash_operator.py
[2023-05-07T22:43:06.663+0000] {processor.py:753} INFO - DAG(s) dict_keys(['example_bash_operator']) retrieved from /usr/local/python/3.10.4/lib/python3.10/site-packages/airflow/example_dags/example_bash_operator.py
[2023-05-07T22:43:06.690+0000] {logging_mixin.py:137} INFO - [2023-05-07T22:43:06.690+0000] {dag.py:2690} INFO - Sync 1 DAGs
[2023-05-07T22:43:06.709+0000] {logging_mixin.py:137} INFO - [2023-05-07T22:43:06.709+0000] {dag.py:3437} INFO - Setting next_dagrun for example_bash_operator to 2023-05-06T00:00:00+00:00, run_after=2023-05-07T00:00:00+00:00
[2023-05-07T22:43:06.752+0000] {processor.py:175} INFO - Processing /usr/local/python/3.10.4/lib/python3.10/site-packages/airflow/example_dags/example_bash_operator.py took 0.113 seconds
[2023-05-07T22:43:49.438+0000] {processor.py:153} INFO - Started process (PID=19587) to work on /usr/local/python/3.10.4/lib/python3.10/site-packages/airflow/example_dags/example_bash_operator.py
[2023-05-07T22:43:49.439+0000] {processor.py:743} INFO - Processing file /usr/local/python/3.10.4/lib/python3.10/site-packages/airflow/example_dags/example_bash_operator.py for tasks to queue
[2023-05-07T22:43:49.440+0000] {logging_mixin.py:137} INFO - [2023-05-07T22:43:49.439+0000] {dagbag.py:538} INFO - Filling up the DagBag from /usr/local/python/3.10.4/lib/python3.10/site-packages/airflow/example_dags/example_bash_operator.py
[2023-05-07T22:43:49.460+0000] {processor.py:753} INFO - DAG(s) dict_keys(['example_bash_operator']) retrieved from /usr/local/python/3.10.4/lib/python3.10/site-packages/airflow/example_dags/example_bash_operator.py
[2023-05-07T22:43:49.487+0000] {logging_mixin.py:137} INFO - [2023-05-07T22:43:49.487+0000] {dag.py:2690} INFO - Sync 1 DAGs
[2023-05-07T22:43:49.506+0000] {logging_mixin.py:137} INFO - [2023-05-07T22:43:49.506+0000] {dag.py:3437} INFO - Setting next_dagrun for example_bash_operator to 2023-05-06T00:00:00+00:00, run_after=2023-05-07T00:00:00+00:00
[2023-05-07T22:43:49.547+0000] {processor.py:175} INFO - Processing /usr/local/python/3.10.4/lib/python3.10/site-packages/airflow/example_dags/example_bash_operator.py took 0.112 seconds
[2023-05-07T22:44:31.291+0000] {processor.py:153} INFO - Started process (PID=20045) to work on /usr/local/python/3.10.4/lib/python3.10/site-packages/airflow/example_dags/example_bash_operator.py
[2023-05-07T22:44:31.291+0000] {processor.py:743} INFO - Processing file /usr/local/python/3.10.4/lib/python3.10/site-packages/airflow/example_dags/example_bash_operator.py for tasks to queue
[2023-05-07T22:44:31.292+0000] {logging_mixin.py:137} INFO - [2023-05-07T22:44:31.292+0000] {dagbag.py:538} INFO - Filling up the DagBag from /usr/local/python/3.10.4/lib/python3.10/site-packages/airflow/example_dags/example_bash_operator.py
[2023-05-07T22:44:31.312+0000] {processor.py:753} INFO - DAG(s) dict_keys(['example_bash_operator']) retrieved from /usr/local/python/3.10.4/lib/python3.10/site-packages/airflow/example_dags/example_bash_operator.py
[2023-05-07T22:44:31.340+0000] {logging_mixin.py:137} INFO - [2023-05-07T22:44:31.340+0000] {dag.py:2690} INFO - Sync 1 DAGs
[2023-05-07T22:44:31.358+0000] {logging_mixin.py:137} INFO - [2023-05-07T22:44:31.358+0000] {dag.py:3437} INFO - Setting next_dagrun for example_bash_operator to 2023-05-06T00:00:00+00:00, run_after=2023-05-07T00:00:00+00:00
[2023-05-07T22:44:31.398+0000] {processor.py:175} INFO - Processing /usr/local/python/3.10.4/lib/python3.10/site-packages/airflow/example_dags/example_bash_operator.py took 0.110 seconds
[2023-05-07T22:45:13.009+0000] {processor.py:153} INFO - Started process (PID=20361) to work on /usr/local/python/3.10.4/lib/python3.10/site-packages/airflow/example_dags/example_bash_operator.py
[2023-05-07T22:45:13.010+0000] {processor.py:743} INFO - Processing file /usr/local/python/3.10.4/lib/python3.10/site-packages/airflow/example_dags/example_bash_operator.py for tasks to queue
[2023-05-07T22:45:13.011+0000] {logging_mixin.py:137} INFO - [2023-05-07T22:45:13.010+0000] {dagbag.py:538} INFO - Filling up the DagBag from /usr/local/python/3.10.4/lib/python3.10/site-packages/airflow/example_dags/example_bash_operator.py
[2023-05-07T22:45:13.030+0000] {processor.py:753} INFO - DAG(s) dict_keys(['example_bash_operator']) retrieved from /usr/local/python/3.10.4/lib/python3.10/site-packages/airflow/example_dags/example_bash_operator.py
[2023-05-07T22:45:13.068+0000] {logging_mixin.py:137} INFO - [2023-05-07T22:45:13.068+0000] {dag.py:2690} INFO - Sync 1 DAGs
[2023-05-07T22:45:13.086+0000] {logging_mixin.py:137} INFO - [2023-05-07T22:45:13.085+0000] {dag.py:3437} INFO - Setting next_dagrun for example_bash_operator to 2023-05-06T00:00:00+00:00, run_after=2023-05-07T00:00:00+00:00
[2023-05-07T22:45:13.126+0000] {processor.py:175} INFO - Processing /usr/local/python/3.10.4/lib/python3.10/site-packages/airflow/example_dags/example_bash_operator.py took 0.119 seconds
[2023-05-07T22:45:59.850+0000] {processor.py:153} INFO - Started process (PID=20853) to work on /usr/local/python/3.10.4/lib/python3.10/site-packages/airflow/example_dags/example_bash_operator.py
[2023-05-07T22:45:59.850+0000] {processor.py:743} INFO - Processing file /usr/local/python/3.10.4/lib/python3.10/site-packages/airflow/example_dags/example_bash_operator.py for tasks to queue
[2023-05-07T22:45:59.851+0000] {logging_mixin.py:137} INFO - [2023-05-07T22:45:59.851+0000] {dagbag.py:538} INFO - Filling up the DagBag from /usr/local/python/3.10.4/lib/python3.10/site-packages/airflow/example_dags/example_bash_operator.py
[2023-05-07T22:45:59.871+0000] {processor.py:753} INFO - DAG(s) dict_keys(['example_bash_operator']) retrieved from /usr/local/python/3.10.4/lib/python3.10/site-packages/airflow/example_dags/example_bash_operator.py
[2023-05-07T22:45:59.898+0000] {logging_mixin.py:137} INFO - [2023-05-07T22:45:59.898+0000] {dag.py:2690} INFO - Sync 1 DAGs
[2023-05-07T22:45:59.916+0000] {logging_mixin.py:137} INFO - [2023-05-07T22:45:59.916+0000] {dag.py:3437} INFO - Setting next_dagrun for example_bash_operator to 2023-05-06T00:00:00+00:00, run_after=2023-05-07T00:00:00+00:00
[2023-05-07T22:45:59.957+0000] {processor.py:175} INFO - Processing /usr/local/python/3.10.4/lib/python3.10/site-packages/airflow/example_dags/example_bash_operator.py took 0.110 seconds
[2023-05-07T22:46:42.088+0000] {processor.py:153} INFO - Started process (PID=21263) to work on /usr/local/python/3.10.4/lib/python3.10/site-packages/airflow/example_dags/example_bash_operator.py
[2023-05-07T22:46:42.088+0000] {processor.py:743} INFO - Processing file /usr/local/python/3.10.4/lib/python3.10/site-packages/airflow/example_dags/example_bash_operator.py for tasks to queue
[2023-05-07T22:46:42.089+0000] {logging_mixin.py:137} INFO - [2023-05-07T22:46:42.089+0000] {dagbag.py:538} INFO - Filling up the DagBag from /usr/local/python/3.10.4/lib/python3.10/site-packages/airflow/example_dags/example_bash_operator.py
[2023-05-07T22:46:42.109+0000] {processor.py:753} INFO - DAG(s) dict_keys(['example_bash_operator']) retrieved from /usr/local/python/3.10.4/lib/python3.10/site-packages/airflow/example_dags/example_bash_operator.py
[2023-05-07T22:46:42.136+0000] {logging_mixin.py:137} INFO - [2023-05-07T22:46:42.136+0000] {dag.py:2690} INFO - Sync 1 DAGs
[2023-05-07T22:46:42.157+0000] {logging_mixin.py:137} INFO - [2023-05-07T22:46:42.157+0000] {dag.py:3437} INFO - Setting next_dagrun for example_bash_operator to 2023-05-06T00:00:00+00:00, run_after=2023-05-07T00:00:00+00:00
[2023-05-07T22:46:42.199+0000] {processor.py:175} INFO - Processing /usr/local/python/3.10.4/lib/python3.10/site-packages/airflow/example_dags/example_bash_operator.py took 0.114 seconds
[2023-05-07T22:47:27.680+0000] {processor.py:153} INFO - Started process (PID=21635) to work on /usr/local/python/3.10.4/lib/python3.10/site-packages/airflow/example_dags/example_bash_operator.py
[2023-05-07T22:47:27.681+0000] {processor.py:743} INFO - Processing file /usr/local/python/3.10.4/lib/python3.10/site-packages/airflow/example_dags/example_bash_operator.py for tasks to queue
[2023-05-07T22:47:27.681+0000] {logging_mixin.py:137} INFO - [2023-05-07T22:47:27.681+0000] {dagbag.py:538} INFO - Filling up the DagBag from /usr/local/python/3.10.4/lib/python3.10/site-packages/airflow/example_dags/example_bash_operator.py
[2023-05-07T22:47:27.702+0000] {processor.py:753} INFO - DAG(s) dict_keys(['example_bash_operator']) retrieved from /usr/local/python/3.10.4/lib/python3.10/site-packages/airflow/example_dags/example_bash_operator.py
[2023-05-07T22:47:27.730+0000] {logging_mixin.py:137} INFO - [2023-05-07T22:47:27.730+0000] {dag.py:2690} INFO - Sync 1 DAGs
[2023-05-07T22:47:27.748+0000] {logging_mixin.py:137} INFO - [2023-05-07T22:47:27.748+0000] {dag.py:3437} INFO - Setting next_dagrun for example_bash_operator to 2023-05-06T00:00:00+00:00, run_after=2023-05-07T00:00:00+00:00
[2023-05-07T22:47:27.795+0000] {processor.py:175} INFO - Processing /usr/local/python/3.10.4/lib/python3.10/site-packages/airflow/example_dags/example_bash_operator.py took 0.119 seconds
[2023-05-07T22:48:08.289+0000] {processor.py:153} INFO - Started process (PID=21963) to work on /usr/local/python/3.10.4/lib/python3.10/site-packages/airflow/example_dags/example_bash_operator.py
[2023-05-07T22:48:08.290+0000] {processor.py:743} INFO - Processing file /usr/local/python/3.10.4/lib/python3.10/site-packages/airflow/example_dags/example_bash_operator.py for tasks to queue
[2023-05-07T22:48:08.291+0000] {logging_mixin.py:137} INFO - [2023-05-07T22:48:08.291+0000] {dagbag.py:538} INFO - Filling up the DagBag from /usr/local/python/3.10.4/lib/python3.10/site-packages/airflow/example_dags/example_bash_operator.py
[2023-05-07T22:48:08.311+0000] {processor.py:753} INFO - DAG(s) dict_keys(['example_bash_operator']) retrieved from /usr/local/python/3.10.4/lib/python3.10/site-packages/airflow/example_dags/example_bash_operator.py
[2023-05-07T22:48:08.338+0000] {logging_mixin.py:137} INFO - [2023-05-07T22:48:08.338+0000] {dag.py:2690} INFO - Sync 1 DAGs
[2023-05-07T22:48:08.357+0000] {logging_mixin.py:137} INFO - [2023-05-07T22:48:08.357+0000] {dag.py:3437} INFO - Setting next_dagrun for example_bash_operator to 2023-05-06T00:00:00+00:00, run_after=2023-05-07T00:00:00+00:00
[2023-05-07T22:48:08.397+0000] {processor.py:175} INFO - Processing /usr/local/python/3.10.4/lib/python3.10/site-packages/airflow/example_dags/example_bash_operator.py took 0.112 seconds
[2023-05-07T22:48:52.761+0000] {processor.py:153} INFO - Started process (PID=22412) to work on /usr/local/python/3.10.4/lib/python3.10/site-packages/airflow/example_dags/example_bash_operator.py
[2023-05-07T22:48:52.762+0000] {processor.py:743} INFO - Processing file /usr/local/python/3.10.4/lib/python3.10/site-packages/airflow/example_dags/example_bash_operator.py for tasks to queue
[2023-05-07T22:48:52.763+0000] {logging_mixin.py:137} INFO - [2023-05-07T22:48:52.763+0000] {dagbag.py:538} INFO - Filling up the DagBag from /usr/local/python/3.10.4/lib/python3.10/site-packages/airflow/example_dags/example_bash_operator.py
[2023-05-07T22:48:52.782+0000] {processor.py:753} INFO - DAG(s) dict_keys(['example_bash_operator']) retrieved from /usr/local/python/3.10.4/lib/python3.10/site-packages/airflow/example_dags/example_bash_operator.py
[2023-05-07T22:48:52.811+0000] {logging_mixin.py:137} INFO - [2023-05-07T22:48:52.810+0000] {dag.py:2690} INFO - Sync 1 DAGs
[2023-05-07T22:48:52.828+0000] {logging_mixin.py:137} INFO - [2023-05-07T22:48:52.828+0000] {dag.py:3437} INFO - Setting next_dagrun for example_bash_operator to 2023-05-06T00:00:00+00:00, run_after=2023-05-07T00:00:00+00:00
[2023-05-07T22:48:52.880+0000] {processor.py:175} INFO - Processing /usr/local/python/3.10.4/lib/python3.10/site-packages/airflow/example_dags/example_bash_operator.py took 0.122 seconds
[2023-05-07T22:49:38.715+0000] {processor.py:153} INFO - Started process (PID=22889) to work on /usr/local/python/3.10.4/lib/python3.10/site-packages/airflow/example_dags/example_bash_operator.py
[2023-05-07T22:49:38.715+0000] {processor.py:743} INFO - Processing file /usr/local/python/3.10.4/lib/python3.10/site-packages/airflow/example_dags/example_bash_operator.py for tasks to queue
[2023-05-07T22:49:38.717+0000] {logging_mixin.py:137} INFO - [2023-05-07T22:49:38.717+0000] {dagbag.py:538} INFO - Filling up the DagBag from /usr/local/python/3.10.4/lib/python3.10/site-packages/airflow/example_dags/example_bash_operator.py
[2023-05-07T22:49:38.736+0000] {processor.py:753} INFO - DAG(s) dict_keys(['example_bash_operator']) retrieved from /usr/local/python/3.10.4/lib/python3.10/site-packages/airflow/example_dags/example_bash_operator.py
[2023-05-07T22:49:38.764+0000] {logging_mixin.py:137} INFO - [2023-05-07T22:49:38.763+0000] {dag.py:2690} INFO - Sync 1 DAGs
[2023-05-07T22:49:38.781+0000] {logging_mixin.py:137} INFO - [2023-05-07T22:49:38.781+0000] {dag.py:3437} INFO - Setting next_dagrun for example_bash_operator to 2023-05-06T00:00:00+00:00, run_after=2023-05-07T00:00:00+00:00
[2023-05-07T22:49:38.821+0000] {processor.py:175} INFO - Processing /usr/local/python/3.10.4/lib/python3.10/site-packages/airflow/example_dags/example_bash_operator.py took 0.110 seconds
[2023-05-07T22:50:20.014+0000] {processor.py:153} INFO - Started process (PID=23198) to work on /usr/local/python/3.10.4/lib/python3.10/site-packages/airflow/example_dags/example_bash_operator.py
[2023-05-07T22:50:20.015+0000] {processor.py:743} INFO - Processing file /usr/local/python/3.10.4/lib/python3.10/site-packages/airflow/example_dags/example_bash_operator.py for tasks to queue
[2023-05-07T22:50:20.016+0000] {logging_mixin.py:137} INFO - [2023-05-07T22:50:20.015+0000] {dagbag.py:538} INFO - Filling up the DagBag from /usr/local/python/3.10.4/lib/python3.10/site-packages/airflow/example_dags/example_bash_operator.py
[2023-05-07T22:50:20.036+0000] {processor.py:753} INFO - DAG(s) dict_keys(['example_bash_operator']) retrieved from /usr/local/python/3.10.4/lib/python3.10/site-packages/airflow/example_dags/example_bash_operator.py
[2023-05-07T22:50:20.064+0000] {logging_mixin.py:137} INFO - [2023-05-07T22:50:20.064+0000] {dag.py:2690} INFO - Sync 1 DAGs
[2023-05-07T22:50:20.082+0000] {logging_mixin.py:137} INFO - [2023-05-07T22:50:20.082+0000] {dag.py:3437} INFO - Setting next_dagrun for example_bash_operator to 2023-05-06T00:00:00+00:00, run_after=2023-05-07T00:00:00+00:00
[2023-05-07T22:50:20.122+0000] {processor.py:175} INFO - Processing /usr/local/python/3.10.4/lib/python3.10/site-packages/airflow/example_dags/example_bash_operator.py took 0.111 seconds
[2023-05-07T22:51:03.591+0000] {processor.py:153} INFO - Started process (PID=23541) to work on /usr/local/python/3.10.4/lib/python3.10/site-packages/airflow/example_dags/example_bash_operator.py
[2023-05-07T22:51:03.591+0000] {processor.py:743} INFO - Processing file /usr/local/python/3.10.4/lib/python3.10/site-packages/airflow/example_dags/example_bash_operator.py for tasks to queue
[2023-05-07T22:51:03.592+0000] {logging_mixin.py:137} INFO - [2023-05-07T22:51:03.592+0000] {dagbag.py:538} INFO - Filling up the DagBag from /usr/local/python/3.10.4/lib/python3.10/site-packages/airflow/example_dags/example_bash_operator.py
[2023-05-07T22:51:03.613+0000] {processor.py:753} INFO - DAG(s) dict_keys(['example_bash_operator']) retrieved from /usr/local/python/3.10.4/lib/python3.10/site-packages/airflow/example_dags/example_bash_operator.py
[2023-05-07T22:51:03.641+0000] {logging_mixin.py:137} INFO - [2023-05-07T22:51:03.641+0000] {dag.py:2690} INFO - Sync 1 DAGs
[2023-05-07T22:51:03.659+0000] {logging_mixin.py:137} INFO - [2023-05-07T22:51:03.659+0000] {dag.py:3437} INFO - Setting next_dagrun for example_bash_operator to 2023-05-06T00:00:00+00:00, run_after=2023-05-07T00:00:00+00:00
[2023-05-07T22:51:03.703+0000] {processor.py:175} INFO - Processing /usr/local/python/3.10.4/lib/python3.10/site-packages/airflow/example_dags/example_bash_operator.py took 0.115 seconds
[2023-05-07T22:51:45.677+0000] {processor.py:153} INFO - Started process (PID=23882) to work on /usr/local/python/3.10.4/lib/python3.10/site-packages/airflow/example_dags/example_bash_operator.py
[2023-05-07T22:51:45.678+0000] {processor.py:743} INFO - Processing file /usr/local/python/3.10.4/lib/python3.10/site-packages/airflow/example_dags/example_bash_operator.py for tasks to queue
[2023-05-07T22:51:45.678+0000] {logging_mixin.py:137} INFO - [2023-05-07T22:51:45.678+0000] {dagbag.py:538} INFO - Filling up the DagBag from /usr/local/python/3.10.4/lib/python3.10/site-packages/airflow/example_dags/example_bash_operator.py
[2023-05-07T22:51:45.699+0000] {processor.py:753} INFO - DAG(s) dict_keys(['example_bash_operator']) retrieved from /usr/local/python/3.10.4/lib/python3.10/site-packages/airflow/example_dags/example_bash_operator.py
[2023-05-07T22:51:45.732+0000] {logging_mixin.py:137} INFO - [2023-05-07T22:51:45.732+0000] {dag.py:2690} INFO - Sync 1 DAGs
[2023-05-07T22:51:45.762+0000] {logging_mixin.py:137} INFO - [2023-05-07T22:51:45.762+0000] {dag.py:3437} INFO - Setting next_dagrun for example_bash_operator to 2023-05-06T00:00:00+00:00, run_after=2023-05-07T00:00:00+00:00
[2023-05-07T22:51:45.816+0000] {processor.py:175} INFO - Processing /usr/local/python/3.10.4/lib/python3.10/site-packages/airflow/example_dags/example_bash_operator.py took 0.142 seconds
[2023-05-07T22:52:28.233+0000] {processor.py:153} INFO - Started process (PID=24061) to work on /usr/local/python/3.10.4/lib/python3.10/site-packages/airflow/example_dags/example_bash_operator.py
[2023-05-07T22:52:28.234+0000] {processor.py:743} INFO - Processing file /usr/local/python/3.10.4/lib/python3.10/site-packages/airflow/example_dags/example_bash_operator.py for tasks to queue
[2023-05-07T22:52:28.234+0000] {logging_mixin.py:137} INFO - [2023-05-07T22:52:28.234+0000] {dagbag.py:538} INFO - Filling up the DagBag from /usr/local/python/3.10.4/lib/python3.10/site-packages/airflow/example_dags/example_bash_operator.py
[2023-05-07T22:52:28.256+0000] {processor.py:753} INFO - DAG(s) dict_keys(['example_bash_operator']) retrieved from /usr/local/python/3.10.4/lib/python3.10/site-packages/airflow/example_dags/example_bash_operator.py
[2023-05-07T22:52:28.283+0000] {logging_mixin.py:137} INFO - [2023-05-07T22:52:28.283+0000] {dag.py:2690} INFO - Sync 1 DAGs
[2023-05-07T22:52:28.302+0000] {logging_mixin.py:137} INFO - [2023-05-07T22:52:28.302+0000] {dag.py:3437} INFO - Setting next_dagrun for example_bash_operator to 2023-05-06T00:00:00+00:00, run_after=2023-05-07T00:00:00+00:00
[2023-05-07T22:52:28.344+0000] {processor.py:175} INFO - Processing /usr/local/python/3.10.4/lib/python3.10/site-packages/airflow/example_dags/example_bash_operator.py took 0.114 seconds
[2023-05-07T22:53:11.235+0000] {processor.py:153} INFO - Started process (PID=25054) to work on /usr/local/python/3.10.4/lib/python3.10/site-packages/airflow/example_dags/example_bash_operator.py
[2023-05-07T22:53:11.235+0000] {processor.py:743} INFO - Processing file /usr/local/python/3.10.4/lib/python3.10/site-packages/airflow/example_dags/example_bash_operator.py for tasks to queue
[2023-05-07T22:53:11.236+0000] {logging_mixin.py:137} INFO - [2023-05-07T22:53:11.236+0000] {dagbag.py:538} INFO - Filling up the DagBag from /usr/local/python/3.10.4/lib/python3.10/site-packages/airflow/example_dags/example_bash_operator.py
[2023-05-07T22:53:11.256+0000] {processor.py:753} INFO - DAG(s) dict_keys(['example_bash_operator']) retrieved from /usr/local/python/3.10.4/lib/python3.10/site-packages/airflow/example_dags/example_bash_operator.py
[2023-05-07T22:53:11.283+0000] {logging_mixin.py:137} INFO - [2023-05-07T22:53:11.283+0000] {dag.py:2690} INFO - Sync 1 DAGs
[2023-05-07T22:53:11.301+0000] {logging_mixin.py:137} INFO - [2023-05-07T22:53:11.301+0000] {dag.py:3437} INFO - Setting next_dagrun for example_bash_operator to 2023-05-06T00:00:00+00:00, run_after=2023-05-07T00:00:00+00:00
[2023-05-07T22:53:11.345+0000] {processor.py:175} INFO - Processing /usr/local/python/3.10.4/lib/python3.10/site-packages/airflow/example_dags/example_bash_operator.py took 0.113 seconds
[2023-05-07T22:53:57.053+0000] {processor.py:153} INFO - Started process (PID=25415) to work on /usr/local/python/3.10.4/lib/python3.10/site-packages/airflow/example_dags/example_bash_operator.py
[2023-05-07T22:53:57.054+0000] {processor.py:743} INFO - Processing file /usr/local/python/3.10.4/lib/python3.10/site-packages/airflow/example_dags/example_bash_operator.py for tasks to queue
[2023-05-07T22:53:57.055+0000] {logging_mixin.py:137} INFO - [2023-05-07T22:53:57.055+0000] {dagbag.py:538} INFO - Filling up the DagBag from /usr/local/python/3.10.4/lib/python3.10/site-packages/airflow/example_dags/example_bash_operator.py
[2023-05-07T22:53:57.075+0000] {processor.py:753} INFO - DAG(s) dict_keys(['example_bash_operator']) retrieved from /usr/local/python/3.10.4/lib/python3.10/site-packages/airflow/example_dags/example_bash_operator.py
[2023-05-07T22:53:57.102+0000] {logging_mixin.py:137} INFO - [2023-05-07T22:53:57.102+0000] {dag.py:2690} INFO - Sync 1 DAGs
[2023-05-07T22:53:57.121+0000] {logging_mixin.py:137} INFO - [2023-05-07T22:53:57.121+0000] {dag.py:3437} INFO - Setting next_dagrun for example_bash_operator to 2023-05-06T00:00:00+00:00, run_after=2023-05-07T00:00:00+00:00
[2023-05-07T22:53:57.166+0000] {processor.py:175} INFO - Processing /usr/local/python/3.10.4/lib/python3.10/site-packages/airflow/example_dags/example_bash_operator.py took 0.116 seconds
