[2023-05-07T22:22:33.056+0000] {processor.py:153} INFO - Started process (PID=9987) to work on /usr/local/python/3.10.4/lib/python3.10/site-packages/airflow/example_dags/example_branch_labels.py
[2023-05-07T22:22:33.057+0000] {processor.py:743} INFO - Processing file /usr/local/python/3.10.4/lib/python3.10/site-packages/airflow/example_dags/example_branch_labels.py for tasks to queue
[2023-05-07T22:22:33.057+0000] {logging_mixin.py:137} INFO - [2023-05-07T22:22:33.057+0000] {dagbag.py:538} INFO - Filling up the DagBag from /usr/local/python/3.10.4/lib/python3.10/site-packages/airflow/example_dags/example_branch_labels.py
[2023-05-07T22:22:33.071+0000] {processor.py:753} INFO - DAG(s) dict_keys(['example_branch_labels']) retrieved from /usr/local/python/3.10.4/lib/python3.10/site-packages/airflow/example_dags/example_branch_labels.py
[2023-05-07T22:22:33.233+0000] {logging_mixin.py:137} INFO - [2023-05-07T22:22:33.232+0000] {manager.py:504} INFO - Created Permission View: can edit on DAG:example_branch_labels
[2023-05-07T22:22:33.267+0000] {logging_mixin.py:137} INFO - [2023-05-07T22:22:33.267+0000] {manager.py:504} INFO - Created Permission View: can delete on DAG:example_branch_labels
[2023-05-07T22:22:33.298+0000] {logging_mixin.py:137} INFO - [2023-05-07T22:22:33.298+0000] {manager.py:504} INFO - Created Permission View: can read on DAG:example_branch_labels
[2023-05-07T22:22:33.298+0000] {logging_mixin.py:137} INFO - [2023-05-07T22:22:33.298+0000] {dag.py:2690} INFO - Sync 1 DAGs
[2023-05-07T22:22:33.309+0000] {logging_mixin.py:137} INFO - [2023-05-07T22:22:33.309+0000] {dag.py:2711} INFO - Creating ORM DAG for example_branch_labels
[2023-05-07T22:22:33.318+0000] {logging_mixin.py:137} INFO - [2023-05-07T22:22:33.318+0000] {dag.py:3437} INFO - Setting next_dagrun for example_branch_labels to 2023-05-06T00:00:00+00:00, run_after=2023-05-07T00:00:00+00:00
[2023-05-07T22:22:33.368+0000] {processor.py:175} INFO - Processing /usr/local/python/3.10.4/lib/python3.10/site-packages/airflow/example_dags/example_branch_labels.py took 0.315 seconds
[2023-05-07T22:23:15.775+0000] {processor.py:153} INFO - Started process (PID=10285) to work on /usr/local/python/3.10.4/lib/python3.10/site-packages/airflow/example_dags/example_branch_labels.py
[2023-05-07T22:23:15.776+0000] {processor.py:743} INFO - Processing file /usr/local/python/3.10.4/lib/python3.10/site-packages/airflow/example_dags/example_branch_labels.py for tasks to queue
[2023-05-07T22:23:15.776+0000] {logging_mixin.py:137} INFO - [2023-05-07T22:23:15.776+0000] {dagbag.py:538} INFO - Filling up the DagBag from /usr/local/python/3.10.4/lib/python3.10/site-packages/airflow/example_dags/example_branch_labels.py
[2023-05-07T22:23:15.789+0000] {processor.py:753} INFO - DAG(s) dict_keys(['example_branch_labels']) retrieved from /usr/local/python/3.10.4/lib/python3.10/site-packages/airflow/example_dags/example_branch_labels.py
[2023-05-07T22:23:15.808+0000] {logging_mixin.py:137} INFO - [2023-05-07T22:23:15.808+0000] {dag.py:2690} INFO - Sync 1 DAGs
[2023-05-07T22:23:15.826+0000] {logging_mixin.py:137} INFO - [2023-05-07T22:23:15.825+0000] {dag.py:3437} INFO - Setting next_dagrun for example_branch_labels to 2023-05-06T00:00:00+00:00, run_after=2023-05-07T00:00:00+00:00
[2023-05-07T22:23:15.867+0000] {processor.py:175} INFO - Processing /usr/local/python/3.10.4/lib/python3.10/site-packages/airflow/example_dags/example_branch_labels.py took 0.096 seconds
[2023-05-07T22:23:56.516+0000] {processor.py:153} INFO - Started process (PID=10675) to work on /usr/local/python/3.10.4/lib/python3.10/site-packages/airflow/example_dags/example_branch_labels.py
[2023-05-07T22:23:56.517+0000] {processor.py:743} INFO - Processing file /usr/local/python/3.10.4/lib/python3.10/site-packages/airflow/example_dags/example_branch_labels.py for tasks to queue
[2023-05-07T22:23:56.518+0000] {logging_mixin.py:137} INFO - [2023-05-07T22:23:56.518+0000] {dagbag.py:538} INFO - Filling up the DagBag from /usr/local/python/3.10.4/lib/python3.10/site-packages/airflow/example_dags/example_branch_labels.py
[2023-05-07T22:23:56.533+0000] {processor.py:753} INFO - DAG(s) dict_keys(['example_branch_labels']) retrieved from /usr/local/python/3.10.4/lib/python3.10/site-packages/airflow/example_dags/example_branch_labels.py
[2023-05-07T22:23:56.549+0000] {logging_mixin.py:137} INFO - [2023-05-07T22:23:56.549+0000] {dag.py:2690} INFO - Sync 1 DAGs
[2023-05-07T22:23:56.567+0000] {logging_mixin.py:137} INFO - [2023-05-07T22:23:56.567+0000] {dag.py:3437} INFO - Setting next_dagrun for example_branch_labels to 2023-05-06T00:00:00+00:00, run_after=2023-05-07T00:00:00+00:00
[2023-05-07T22:23:56.609+0000] {processor.py:175} INFO - Processing /usr/local/python/3.10.4/lib/python3.10/site-packages/airflow/example_dags/example_branch_labels.py took 0.096 seconds
[2023-05-07T22:24:42.593+0000] {processor.py:153} INFO - Started process (PID=11066) to work on /usr/local/python/3.10.4/lib/python3.10/site-packages/airflow/example_dags/example_branch_labels.py
[2023-05-07T22:24:42.596+0000] {processor.py:743} INFO - Processing file /usr/local/python/3.10.4/lib/python3.10/site-packages/airflow/example_dags/example_branch_labels.py for tasks to queue
[2023-05-07T22:24:42.597+0000] {logging_mixin.py:137} INFO - [2023-05-07T22:24:42.597+0000] {dagbag.py:538} INFO - Filling up the DagBag from /usr/local/python/3.10.4/lib/python3.10/site-packages/airflow/example_dags/example_branch_labels.py
[2023-05-07T22:24:42.664+0000] {processor.py:753} INFO - DAG(s) dict_keys(['example_branch_labels']) retrieved from /usr/local/python/3.10.4/lib/python3.10/site-packages/airflow/example_dags/example_branch_labels.py
[2023-05-07T22:24:42.733+0000] {logging_mixin.py:137} INFO - [2023-05-07T22:24:42.733+0000] {dag.py:2690} INFO - Sync 1 DAGs
[2023-05-07T22:24:42.837+0000] {logging_mixin.py:137} INFO - [2023-05-07T22:24:42.836+0000] {dag.py:3437} INFO - Setting next_dagrun for example_branch_labels to 2023-05-06T00:00:00+00:00, run_after=2023-05-07T00:00:00+00:00
[2023-05-07T22:24:42.921+0000] {processor.py:175} INFO - Processing /usr/local/python/3.10.4/lib/python3.10/site-packages/airflow/example_dags/example_branch_labels.py took 0.331 seconds
[2023-05-07T22:25:26.585+0000] {processor.py:153} INFO - Started process (PID=11376) to work on /usr/local/python/3.10.4/lib/python3.10/site-packages/airflow/example_dags/example_branch_labels.py
[2023-05-07T22:25:26.585+0000] {processor.py:743} INFO - Processing file /usr/local/python/3.10.4/lib/python3.10/site-packages/airflow/example_dags/example_branch_labels.py for tasks to queue
[2023-05-07T22:25:26.586+0000] {logging_mixin.py:137} INFO - [2023-05-07T22:25:26.586+0000] {dagbag.py:538} INFO - Filling up the DagBag from /usr/local/python/3.10.4/lib/python3.10/site-packages/airflow/example_dags/example_branch_labels.py
[2023-05-07T22:25:26.600+0000] {processor.py:753} INFO - DAG(s) dict_keys(['example_branch_labels']) retrieved from /usr/local/python/3.10.4/lib/python3.10/site-packages/airflow/example_dags/example_branch_labels.py
[2023-05-07T22:25:26.616+0000] {logging_mixin.py:137} INFO - [2023-05-07T22:25:26.616+0000] {dag.py:2690} INFO - Sync 1 DAGs
[2023-05-07T22:25:26.634+0000] {logging_mixin.py:137} INFO - [2023-05-07T22:25:26.634+0000] {dag.py:3437} INFO - Setting next_dagrun for example_branch_labels to 2023-05-06T00:00:00+00:00, run_after=2023-05-07T00:00:00+00:00
[2023-05-07T22:25:26.681+0000] {processor.py:175} INFO - Processing /usr/local/python/3.10.4/lib/python3.10/site-packages/airflow/example_dags/example_branch_labels.py took 0.099 seconds
[2023-05-07T22:26:11.054+0000] {processor.py:153} INFO - Started process (PID=11698) to work on /usr/local/python/3.10.4/lib/python3.10/site-packages/airflow/example_dags/example_branch_labels.py
[2023-05-07T22:26:11.055+0000] {processor.py:743} INFO - Processing file /usr/local/python/3.10.4/lib/python3.10/site-packages/airflow/example_dags/example_branch_labels.py for tasks to queue
[2023-05-07T22:26:11.056+0000] {logging_mixin.py:137} INFO - [2023-05-07T22:26:11.056+0000] {dagbag.py:538} INFO - Filling up the DagBag from /usr/local/python/3.10.4/lib/python3.10/site-packages/airflow/example_dags/example_branch_labels.py
[2023-05-07T22:26:11.070+0000] {processor.py:753} INFO - DAG(s) dict_keys(['example_branch_labels']) retrieved from /usr/local/python/3.10.4/lib/python3.10/site-packages/airflow/example_dags/example_branch_labels.py
[2023-05-07T22:26:11.086+0000] {logging_mixin.py:137} INFO - [2023-05-07T22:26:11.086+0000] {dag.py:2690} INFO - Sync 1 DAGs
[2023-05-07T22:26:11.105+0000] {logging_mixin.py:137} INFO - [2023-05-07T22:26:11.105+0000] {dag.py:3437} INFO - Setting next_dagrun for example_branch_labels to 2023-05-06T00:00:00+00:00, run_after=2023-05-07T00:00:00+00:00
[2023-05-07T22:26:11.147+0000] {processor.py:175} INFO - Processing /usr/local/python/3.10.4/lib/python3.10/site-packages/airflow/example_dags/example_branch_labels.py took 0.095 seconds
[2023-05-07T22:26:51.668+0000] {processor.py:153} INFO - Started process (PID=11979) to work on /usr/local/python/3.10.4/lib/python3.10/site-packages/airflow/example_dags/example_branch_labels.py
[2023-05-07T22:26:51.669+0000] {processor.py:743} INFO - Processing file /usr/local/python/3.10.4/lib/python3.10/site-packages/airflow/example_dags/example_branch_labels.py for tasks to queue
[2023-05-07T22:26:51.669+0000] {logging_mixin.py:137} INFO - [2023-05-07T22:26:51.669+0000] {dagbag.py:538} INFO - Filling up the DagBag from /usr/local/python/3.10.4/lib/python3.10/site-packages/airflow/example_dags/example_branch_labels.py
[2023-05-07T22:26:51.683+0000] {processor.py:753} INFO - DAG(s) dict_keys(['example_branch_labels']) retrieved from /usr/local/python/3.10.4/lib/python3.10/site-packages/airflow/example_dags/example_branch_labels.py
[2023-05-07T22:26:51.699+0000] {logging_mixin.py:137} INFO - [2023-05-07T22:26:51.699+0000] {dag.py:2690} INFO - Sync 1 DAGs
[2023-05-07T22:26:51.718+0000] {logging_mixin.py:137} INFO - [2023-05-07T22:26:51.718+0000] {dag.py:3437} INFO - Setting next_dagrun for example_branch_labels to 2023-05-06T00:00:00+00:00, run_after=2023-05-07T00:00:00+00:00
[2023-05-07T22:26:51.763+0000] {processor.py:175} INFO - Processing /usr/local/python/3.10.4/lib/python3.10/site-packages/airflow/example_dags/example_branch_labels.py took 0.098 seconds
[2023-05-07T22:27:34.662+0000] {processor.py:153} INFO - Started process (PID=12286) to work on /usr/local/python/3.10.4/lib/python3.10/site-packages/airflow/example_dags/example_branch_labels.py
[2023-05-07T22:27:34.663+0000] {processor.py:743} INFO - Processing file /usr/local/python/3.10.4/lib/python3.10/site-packages/airflow/example_dags/example_branch_labels.py for tasks to queue
[2023-05-07T22:27:34.664+0000] {logging_mixin.py:137} INFO - [2023-05-07T22:27:34.664+0000] {dagbag.py:538} INFO - Filling up the DagBag from /usr/local/python/3.10.4/lib/python3.10/site-packages/airflow/example_dags/example_branch_labels.py
[2023-05-07T22:27:34.683+0000] {processor.py:753} INFO - DAG(s) dict_keys(['example_branch_labels']) retrieved from /usr/local/python/3.10.4/lib/python3.10/site-packages/airflow/example_dags/example_branch_labels.py
[2023-05-07T22:27:34.700+0000] {logging_mixin.py:137} INFO - [2023-05-07T22:27:34.700+0000] {dag.py:2690} INFO - Sync 1 DAGs
[2023-05-07T22:27:34.718+0000] {logging_mixin.py:137} INFO - [2023-05-07T22:27:34.718+0000] {dag.py:3437} INFO - Setting next_dagrun for example_branch_labels to 2023-05-06T00:00:00+00:00, run_after=2023-05-07T00:00:00+00:00
[2023-05-07T22:27:34.759+0000] {processor.py:175} INFO - Processing /usr/local/python/3.10.4/lib/python3.10/site-packages/airflow/example_dags/example_branch_labels.py took 0.101 seconds
[2023-05-07T22:28:18.059+0000] {processor.py:153} INFO - Started process (PID=12588) to work on /usr/local/python/3.10.4/lib/python3.10/site-packages/airflow/example_dags/example_branch_labels.py
[2023-05-07T22:28:18.060+0000] {processor.py:743} INFO - Processing file /usr/local/python/3.10.4/lib/python3.10/site-packages/airflow/example_dags/example_branch_labels.py for tasks to queue
[2023-05-07T22:28:18.060+0000] {logging_mixin.py:137} INFO - [2023-05-07T22:28:18.060+0000] {dagbag.py:538} INFO - Filling up the DagBag from /usr/local/python/3.10.4/lib/python3.10/site-packages/airflow/example_dags/example_branch_labels.py
[2023-05-07T22:28:18.074+0000] {processor.py:753} INFO - DAG(s) dict_keys(['example_branch_labels']) retrieved from /usr/local/python/3.10.4/lib/python3.10/site-packages/airflow/example_dags/example_branch_labels.py
[2023-05-07T22:28:18.091+0000] {logging_mixin.py:137} INFO - [2023-05-07T22:28:18.091+0000] {dag.py:2690} INFO - Sync 1 DAGs
[2023-05-07T22:28:18.109+0000] {logging_mixin.py:137} INFO - [2023-05-07T22:28:18.109+0000] {dag.py:3437} INFO - Setting next_dagrun for example_branch_labels to 2023-05-06T00:00:00+00:00, run_after=2023-05-07T00:00:00+00:00
[2023-05-07T22:28:18.151+0000] {processor.py:175} INFO - Processing /usr/local/python/3.10.4/lib/python3.10/site-packages/airflow/example_dags/example_branch_labels.py took 0.095 seconds
[2023-05-07T22:29:02.031+0000] {processor.py:153} INFO - Started process (PID=12885) to work on /usr/local/python/3.10.4/lib/python3.10/site-packages/airflow/example_dags/example_branch_labels.py
[2023-05-07T22:29:02.032+0000] {processor.py:743} INFO - Processing file /usr/local/python/3.10.4/lib/python3.10/site-packages/airflow/example_dags/example_branch_labels.py for tasks to queue
[2023-05-07T22:29:02.032+0000] {logging_mixin.py:137} INFO - [2023-05-07T22:29:02.032+0000] {dagbag.py:538} INFO - Filling up the DagBag from /usr/local/python/3.10.4/lib/python3.10/site-packages/airflow/example_dags/example_branch_labels.py
[2023-05-07T22:29:02.047+0000] {processor.py:753} INFO - DAG(s) dict_keys(['example_branch_labels']) retrieved from /usr/local/python/3.10.4/lib/python3.10/site-packages/airflow/example_dags/example_branch_labels.py
[2023-05-07T22:29:02.066+0000] {logging_mixin.py:137} INFO - [2023-05-07T22:29:02.066+0000] {dag.py:2690} INFO - Sync 1 DAGs
[2023-05-07T22:29:02.091+0000] {logging_mixin.py:137} INFO - [2023-05-07T22:29:02.091+0000] {dag.py:3437} INFO - Setting next_dagrun for example_branch_labels to 2023-05-06T00:00:00+00:00, run_after=2023-05-07T00:00:00+00:00
[2023-05-07T22:29:02.130+0000] {processor.py:175} INFO - Processing /usr/local/python/3.10.4/lib/python3.10/site-packages/airflow/example_dags/example_branch_labels.py took 0.102 seconds
[2023-05-07T22:29:45.094+0000] {processor.py:153} INFO - Started process (PID=13182) to work on /usr/local/python/3.10.4/lib/python3.10/site-packages/airflow/example_dags/example_branch_labels.py
[2023-05-07T22:29:45.095+0000] {processor.py:743} INFO - Processing file /usr/local/python/3.10.4/lib/python3.10/site-packages/airflow/example_dags/example_branch_labels.py for tasks to queue
[2023-05-07T22:29:45.096+0000] {logging_mixin.py:137} INFO - [2023-05-07T22:29:45.096+0000] {dagbag.py:538} INFO - Filling up the DagBag from /usr/local/python/3.10.4/lib/python3.10/site-packages/airflow/example_dags/example_branch_labels.py
[2023-05-07T22:29:45.111+0000] {processor.py:753} INFO - DAG(s) dict_keys(['example_branch_labels']) retrieved from /usr/local/python/3.10.4/lib/python3.10/site-packages/airflow/example_dags/example_branch_labels.py
[2023-05-07T22:29:45.128+0000] {logging_mixin.py:137} INFO - [2023-05-07T22:29:45.128+0000] {dag.py:2690} INFO - Sync 1 DAGs
[2023-05-07T22:29:45.146+0000] {logging_mixin.py:137} INFO - [2023-05-07T22:29:45.146+0000] {dag.py:3437} INFO - Setting next_dagrun for example_branch_labels to 2023-05-06T00:00:00+00:00, run_after=2023-05-07T00:00:00+00:00
[2023-05-07T22:29:45.190+0000] {processor.py:175} INFO - Processing /usr/local/python/3.10.4/lib/python3.10/site-packages/airflow/example_dags/example_branch_labels.py took 0.099 seconds
[2023-05-07T22:30:37.620+0000] {processor.py:153} INFO - Started process (PID=13541) to work on /usr/local/python/3.10.4/lib/python3.10/site-packages/airflow/example_dags/example_branch_labels.py
[2023-05-07T22:30:37.621+0000] {processor.py:743} INFO - Processing file /usr/local/python/3.10.4/lib/python3.10/site-packages/airflow/example_dags/example_branch_labels.py for tasks to queue
[2023-05-07T22:30:37.622+0000] {logging_mixin.py:137} INFO - [2023-05-07T22:30:37.622+0000] {dagbag.py:538} INFO - Filling up the DagBag from /usr/local/python/3.10.4/lib/python3.10/site-packages/airflow/example_dags/example_branch_labels.py
[2023-05-07T22:30:37.645+0000] {processor.py:753} INFO - DAG(s) dict_keys(['example_branch_labels']) retrieved from /usr/local/python/3.10.4/lib/python3.10/site-packages/airflow/example_dags/example_branch_labels.py
[2023-05-07T22:30:37.668+0000] {logging_mixin.py:137} INFO - [2023-05-07T22:30:37.668+0000] {dag.py:2690} INFO - Sync 1 DAGs
[2023-05-07T22:30:37.697+0000] {logging_mixin.py:137} INFO - [2023-05-07T22:30:37.696+0000] {dag.py:3437} INFO - Setting next_dagrun for example_branch_labels to 2023-05-06T00:00:00+00:00, run_after=2023-05-07T00:00:00+00:00
[2023-05-07T22:30:37.881+0000] {processor.py:175} INFO - Processing /usr/local/python/3.10.4/lib/python3.10/site-packages/airflow/example_dags/example_branch_labels.py took 0.265 seconds
[2023-05-07T22:31:29.028+0000] {processor.py:153} INFO - Started process (PID=13891) to work on /usr/local/python/3.10.4/lib/python3.10/site-packages/airflow/example_dags/example_branch_labels.py
[2023-05-07T22:31:29.029+0000] {processor.py:743} INFO - Processing file /usr/local/python/3.10.4/lib/python3.10/site-packages/airflow/example_dags/example_branch_labels.py for tasks to queue
[2023-05-07T22:31:29.033+0000] {logging_mixin.py:137} INFO - [2023-05-07T22:31:29.030+0000] {dagbag.py:538} INFO - Filling up the DagBag from /usr/local/python/3.10.4/lib/python3.10/site-packages/airflow/example_dags/example_branch_labels.py
[2023-05-07T22:31:29.054+0000] {processor.py:753} INFO - DAG(s) dict_keys(['example_branch_labels']) retrieved from /usr/local/python/3.10.4/lib/python3.10/site-packages/airflow/example_dags/example_branch_labels.py
[2023-05-07T22:31:29.088+0000] {logging_mixin.py:137} INFO - [2023-05-07T22:31:29.088+0000] {dag.py:2690} INFO - Sync 1 DAGs
[2023-05-07T22:31:29.244+0000] {logging_mixin.py:137} INFO - [2023-05-07T22:31:29.244+0000] {dag.py:3437} INFO - Setting next_dagrun for example_branch_labels to 2023-05-06T00:00:00+00:00, run_after=2023-05-07T00:00:00+00:00
[2023-05-07T22:31:29.286+0000] {processor.py:175} INFO - Processing /usr/local/python/3.10.4/lib/python3.10/site-packages/airflow/example_dags/example_branch_labels.py took 0.265 seconds
[2023-05-07T22:32:13.673+0000] {processor.py:153} INFO - Started process (PID=14198) to work on /usr/local/python/3.10.4/lib/python3.10/site-packages/airflow/example_dags/example_branch_labels.py
[2023-05-07T22:32:13.674+0000] {processor.py:743} INFO - Processing file /usr/local/python/3.10.4/lib/python3.10/site-packages/airflow/example_dags/example_branch_labels.py for tasks to queue
[2023-05-07T22:32:13.674+0000] {logging_mixin.py:137} INFO - [2023-05-07T22:32:13.674+0000] {dagbag.py:538} INFO - Filling up the DagBag from /usr/local/python/3.10.4/lib/python3.10/site-packages/airflow/example_dags/example_branch_labels.py
[2023-05-07T22:32:13.688+0000] {processor.py:753} INFO - DAG(s) dict_keys(['example_branch_labels']) retrieved from /usr/local/python/3.10.4/lib/python3.10/site-packages/airflow/example_dags/example_branch_labels.py
[2023-05-07T22:32:13.705+0000] {logging_mixin.py:137} INFO - [2023-05-07T22:32:13.705+0000] {dag.py:2690} INFO - Sync 1 DAGs
[2023-05-07T22:32:13.830+0000] {logging_mixin.py:137} INFO - [2023-05-07T22:32:13.829+0000] {dag.py:3437} INFO - Setting next_dagrun for example_branch_labels to 2023-05-06T00:00:00+00:00, run_after=2023-05-07T00:00:00+00:00
[2023-05-07T22:32:13.870+0000] {processor.py:175} INFO - Processing /usr/local/python/3.10.4/lib/python3.10/site-packages/airflow/example_dags/example_branch_labels.py took 0.200 seconds
[2023-05-07T22:33:00.804+0000] {processor.py:153} INFO - Started process (PID=14526) to work on /usr/local/python/3.10.4/lib/python3.10/site-packages/airflow/example_dags/example_branch_labels.py
[2023-05-07T22:33:00.805+0000] {processor.py:743} INFO - Processing file /usr/local/python/3.10.4/lib/python3.10/site-packages/airflow/example_dags/example_branch_labels.py for tasks to queue
[2023-05-07T22:33:00.806+0000] {logging_mixin.py:137} INFO - [2023-05-07T22:33:00.806+0000] {dagbag.py:538} INFO - Filling up the DagBag from /usr/local/python/3.10.4/lib/python3.10/site-packages/airflow/example_dags/example_branch_labels.py
[2023-05-07T22:33:00.820+0000] {processor.py:753} INFO - DAG(s) dict_keys(['example_branch_labels']) retrieved from /usr/local/python/3.10.4/lib/python3.10/site-packages/airflow/example_dags/example_branch_labels.py
[2023-05-07T22:33:00.959+0000] {logging_mixin.py:137} INFO - [2023-05-07T22:33:00.959+0000] {dag.py:2690} INFO - Sync 1 DAGs
[2023-05-07T22:33:00.987+0000] {logging_mixin.py:137} INFO - [2023-05-07T22:33:00.987+0000] {dag.py:3437} INFO - Setting next_dagrun for example_branch_labels to 2023-05-06T00:00:00+00:00, run_after=2023-05-07T00:00:00+00:00
[2023-05-07T22:33:01.032+0000] {processor.py:175} INFO - Processing /usr/local/python/3.10.4/lib/python3.10/site-packages/airflow/example_dags/example_branch_labels.py took 0.230 seconds
[2023-05-07T22:33:50.936+0000] {processor.py:153} INFO - Started process (PID=14878) to work on /usr/local/python/3.10.4/lib/python3.10/site-packages/airflow/example_dags/example_branch_labels.py
[2023-05-07T22:33:50.937+0000] {processor.py:743} INFO - Processing file /usr/local/python/3.10.4/lib/python3.10/site-packages/airflow/example_dags/example_branch_labels.py for tasks to queue
[2023-05-07T22:33:50.938+0000] {logging_mixin.py:137} INFO - [2023-05-07T22:33:50.937+0000] {dagbag.py:538} INFO - Filling up the DagBag from /usr/local/python/3.10.4/lib/python3.10/site-packages/airflow/example_dags/example_branch_labels.py
[2023-05-07T22:33:51.069+0000] {processor.py:753} INFO - DAG(s) dict_keys(['example_branch_labels']) retrieved from /usr/local/python/3.10.4/lib/python3.10/site-packages/airflow/example_dags/example_branch_labels.py
[2023-05-07T22:33:51.082+0000] {logging_mixin.py:137} INFO - [2023-05-07T22:33:51.082+0000] {dag.py:2690} INFO - Sync 1 DAGs
[2023-05-07T22:33:51.098+0000] {logging_mixin.py:137} INFO - [2023-05-07T22:33:51.098+0000] {dag.py:3437} INFO - Setting next_dagrun for example_branch_labels to 2023-05-06T00:00:00+00:00, run_after=2023-05-07T00:00:00+00:00
[2023-05-07T22:33:51.138+0000] {processor.py:175} INFO - Processing /usr/local/python/3.10.4/lib/python3.10/site-packages/airflow/example_dags/example_branch_labels.py took 0.206 seconds
[2023-05-07T22:34:38.270+0000] {processor.py:153} INFO - Started process (PID=15270) to work on /usr/local/python/3.10.4/lib/python3.10/site-packages/airflow/example_dags/example_branch_labels.py
[2023-05-07T22:34:38.271+0000] {processor.py:743} INFO - Processing file /usr/local/python/3.10.4/lib/python3.10/site-packages/airflow/example_dags/example_branch_labels.py for tasks to queue
[2023-05-07T22:34:38.271+0000] {logging_mixin.py:137} INFO - [2023-05-07T22:34:38.271+0000] {dagbag.py:538} INFO - Filling up the DagBag from /usr/local/python/3.10.4/lib/python3.10/site-packages/airflow/example_dags/example_branch_labels.py
[2023-05-07T22:34:38.285+0000] {processor.py:753} INFO - DAG(s) dict_keys(['example_branch_labels']) retrieved from /usr/local/python/3.10.4/lib/python3.10/site-packages/airflow/example_dags/example_branch_labels.py
[2023-05-07T22:34:38.302+0000] {logging_mixin.py:137} INFO - [2023-05-07T22:34:38.302+0000] {dag.py:2690} INFO - Sync 1 DAGs
[2023-05-07T22:34:38.320+0000] {logging_mixin.py:137} INFO - [2023-05-07T22:34:38.320+0000] {dag.py:3437} INFO - Setting next_dagrun for example_branch_labels to 2023-05-06T00:00:00+00:00, run_after=2023-05-07T00:00:00+00:00
[2023-05-07T22:34:38.361+0000] {processor.py:175} INFO - Processing /usr/local/python/3.10.4/lib/python3.10/site-packages/airflow/example_dags/example_branch_labels.py took 0.095 seconds
[2023-05-07T22:35:20.911+0000] {processor.py:153} INFO - Started process (PID=15567) to work on /usr/local/python/3.10.4/lib/python3.10/site-packages/airflow/example_dags/example_branch_labels.py
[2023-05-07T22:35:20.912+0000] {processor.py:743} INFO - Processing file /usr/local/python/3.10.4/lib/python3.10/site-packages/airflow/example_dags/example_branch_labels.py for tasks to queue
[2023-05-07T22:35:20.912+0000] {logging_mixin.py:137} INFO - [2023-05-07T22:35:20.912+0000] {dagbag.py:538} INFO - Filling up the DagBag from /usr/local/python/3.10.4/lib/python3.10/site-packages/airflow/example_dags/example_branch_labels.py
[2023-05-07T22:35:20.926+0000] {processor.py:753} INFO - DAG(s) dict_keys(['example_branch_labels']) retrieved from /usr/local/python/3.10.4/lib/python3.10/site-packages/airflow/example_dags/example_branch_labels.py
[2023-05-07T22:35:20.944+0000] {logging_mixin.py:137} INFO - [2023-05-07T22:35:20.944+0000] {dag.py:2690} INFO - Sync 1 DAGs
[2023-05-07T22:35:20.963+0000] {logging_mixin.py:137} INFO - [2023-05-07T22:35:20.963+0000] {dag.py:3437} INFO - Setting next_dagrun for example_branch_labels to 2023-05-06T00:00:00+00:00, run_after=2023-05-07T00:00:00+00:00
[2023-05-07T22:35:21.008+0000] {processor.py:175} INFO - Processing /usr/local/python/3.10.4/lib/python3.10/site-packages/airflow/example_dags/example_branch_labels.py took 0.100 seconds
[2023-05-07T22:36:05.446+0000] {processor.py:153} INFO - Started process (PID=15886) to work on /usr/local/python/3.10.4/lib/python3.10/site-packages/airflow/example_dags/example_branch_labels.py
[2023-05-07T22:36:05.447+0000] {processor.py:743} INFO - Processing file /usr/local/python/3.10.4/lib/python3.10/site-packages/airflow/example_dags/example_branch_labels.py for tasks to queue
[2023-05-07T22:36:05.448+0000] {logging_mixin.py:137} INFO - [2023-05-07T22:36:05.448+0000] {dagbag.py:538} INFO - Filling up the DagBag from /usr/local/python/3.10.4/lib/python3.10/site-packages/airflow/example_dags/example_branch_labels.py
[2023-05-07T22:36:05.471+0000] {processor.py:753} INFO - DAG(s) dict_keys(['example_branch_labels']) retrieved from /usr/local/python/3.10.4/lib/python3.10/site-packages/airflow/example_dags/example_branch_labels.py
[2023-05-07T22:36:05.490+0000] {logging_mixin.py:137} INFO - [2023-05-07T22:36:05.490+0000] {dag.py:2690} INFO - Sync 1 DAGs
[2023-05-07T22:36:05.514+0000] {logging_mixin.py:137} INFO - [2023-05-07T22:36:05.514+0000] {dag.py:3437} INFO - Setting next_dagrun for example_branch_labels to 2023-05-06T00:00:00+00:00, run_after=2023-05-07T00:00:00+00:00
[2023-05-07T22:36:05.559+0000] {processor.py:175} INFO - Processing /usr/local/python/3.10.4/lib/python3.10/site-packages/airflow/example_dags/example_branch_labels.py took 0.116 seconds
[2023-05-07T22:36:51.522+0000] {processor.py:153} INFO - Started process (PID=16212) to work on /usr/local/python/3.10.4/lib/python3.10/site-packages/airflow/example_dags/example_branch_labels.py
[2023-05-07T22:36:51.523+0000] {processor.py:743} INFO - Processing file /usr/local/python/3.10.4/lib/python3.10/site-packages/airflow/example_dags/example_branch_labels.py for tasks to queue
[2023-05-07T22:36:51.523+0000] {logging_mixin.py:137} INFO - [2023-05-07T22:36:51.523+0000] {dagbag.py:538} INFO - Filling up the DagBag from /usr/local/python/3.10.4/lib/python3.10/site-packages/airflow/example_dags/example_branch_labels.py
[2023-05-07T22:36:51.537+0000] {processor.py:753} INFO - DAG(s) dict_keys(['example_branch_labels']) retrieved from /usr/local/python/3.10.4/lib/python3.10/site-packages/airflow/example_dags/example_branch_labels.py
[2023-05-07T22:36:51.555+0000] {logging_mixin.py:137} INFO - [2023-05-07T22:36:51.555+0000] {dag.py:2690} INFO - Sync 1 DAGs
[2023-05-07T22:36:51.574+0000] {logging_mixin.py:137} INFO - [2023-05-07T22:36:51.573+0000] {dag.py:3437} INFO - Setting next_dagrun for example_branch_labels to 2023-05-06T00:00:00+00:00, run_after=2023-05-07T00:00:00+00:00
[2023-05-07T22:36:51.614+0000] {processor.py:175} INFO - Processing /usr/local/python/3.10.4/lib/python3.10/site-packages/airflow/example_dags/example_branch_labels.py took 0.095 seconds
[2023-05-07T22:37:32.234+0000] {processor.py:153} INFO - Started process (PID=16509) to work on /usr/local/python/3.10.4/lib/python3.10/site-packages/airflow/example_dags/example_branch_labels.py
[2023-05-07T22:37:32.235+0000] {processor.py:743} INFO - Processing file /usr/local/python/3.10.4/lib/python3.10/site-packages/airflow/example_dags/example_branch_labels.py for tasks to queue
[2023-05-07T22:37:32.235+0000] {logging_mixin.py:137} INFO - [2023-05-07T22:37:32.235+0000] {dagbag.py:538} INFO - Filling up the DagBag from /usr/local/python/3.10.4/lib/python3.10/site-packages/airflow/example_dags/example_branch_labels.py
[2023-05-07T22:37:32.250+0000] {processor.py:753} INFO - DAG(s) dict_keys(['example_branch_labels']) retrieved from /usr/local/python/3.10.4/lib/python3.10/site-packages/airflow/example_dags/example_branch_labels.py
[2023-05-07T22:37:32.269+0000] {logging_mixin.py:137} INFO - [2023-05-07T22:37:32.269+0000] {dag.py:2690} INFO - Sync 1 DAGs
[2023-05-07T22:37:32.294+0000] {logging_mixin.py:137} INFO - [2023-05-07T22:37:32.294+0000] {dag.py:3437} INFO - Setting next_dagrun for example_branch_labels to 2023-05-06T00:00:00+00:00, run_after=2023-05-07T00:00:00+00:00
[2023-05-07T22:37:32.337+0000] {processor.py:175} INFO - Processing /usr/local/python/3.10.4/lib/python3.10/site-packages/airflow/example_dags/example_branch_labels.py took 0.106 seconds
[2023-05-07T22:38:17.689+0000] {processor.py:153} INFO - Started process (PID=16841) to work on /usr/local/python/3.10.4/lib/python3.10/site-packages/airflow/example_dags/example_branch_labels.py
[2023-05-07T22:38:17.690+0000] {processor.py:743} INFO - Processing file /usr/local/python/3.10.4/lib/python3.10/site-packages/airflow/example_dags/example_branch_labels.py for tasks to queue
[2023-05-07T22:38:17.691+0000] {logging_mixin.py:137} INFO - [2023-05-07T22:38:17.691+0000] {dagbag.py:538} INFO - Filling up the DagBag from /usr/local/python/3.10.4/lib/python3.10/site-packages/airflow/example_dags/example_branch_labels.py
[2023-05-07T22:38:17.705+0000] {processor.py:753} INFO - DAG(s) dict_keys(['example_branch_labels']) retrieved from /usr/local/python/3.10.4/lib/python3.10/site-packages/airflow/example_dags/example_branch_labels.py
[2023-05-07T22:38:17.722+0000] {logging_mixin.py:137} INFO - [2023-05-07T22:38:17.722+0000] {dag.py:2690} INFO - Sync 1 DAGs
[2023-05-07T22:38:17.741+0000] {logging_mixin.py:137} INFO - [2023-05-07T22:38:17.740+0000] {dag.py:3437} INFO - Setting next_dagrun for example_branch_labels to 2023-05-06T00:00:00+00:00, run_after=2023-05-07T00:00:00+00:00
[2023-05-07T22:38:17.793+0000] {processor.py:175} INFO - Processing /usr/local/python/3.10.4/lib/python3.10/site-packages/airflow/example_dags/example_branch_labels.py took 0.107 seconds
[2023-05-07T22:39:02.429+0000] {processor.py:153} INFO - Started process (PID=17156) to work on /usr/local/python/3.10.4/lib/python3.10/site-packages/airflow/example_dags/example_branch_labels.py
[2023-05-07T22:39:02.430+0000] {processor.py:743} INFO - Processing file /usr/local/python/3.10.4/lib/python3.10/site-packages/airflow/example_dags/example_branch_labels.py for tasks to queue
[2023-05-07T22:39:02.430+0000] {logging_mixin.py:137} INFO - [2023-05-07T22:39:02.430+0000] {dagbag.py:538} INFO - Filling up the DagBag from /usr/local/python/3.10.4/lib/python3.10/site-packages/airflow/example_dags/example_branch_labels.py
[2023-05-07T22:39:02.444+0000] {processor.py:753} INFO - DAG(s) dict_keys(['example_branch_labels']) retrieved from /usr/local/python/3.10.4/lib/python3.10/site-packages/airflow/example_dags/example_branch_labels.py
[2023-05-07T22:39:02.461+0000] {logging_mixin.py:137} INFO - [2023-05-07T22:39:02.460+0000] {dag.py:2690} INFO - Sync 1 DAGs
[2023-05-07T22:39:02.479+0000] {logging_mixin.py:137} INFO - [2023-05-07T22:39:02.479+0000] {dag.py:3437} INFO - Setting next_dagrun for example_branch_labels to 2023-05-06T00:00:00+00:00, run_after=2023-05-07T00:00:00+00:00
[2023-05-07T22:39:02.519+0000] {processor.py:175} INFO - Processing /usr/local/python/3.10.4/lib/python3.10/site-packages/airflow/example_dags/example_branch_labels.py took 0.094 seconds
[2023-05-07T22:39:46.799+0000] {processor.py:153} INFO - Started process (PID=17485) to work on /usr/local/python/3.10.4/lib/python3.10/site-packages/airflow/example_dags/example_branch_labels.py
[2023-05-07T22:39:46.800+0000] {processor.py:743} INFO - Processing file /usr/local/python/3.10.4/lib/python3.10/site-packages/airflow/example_dags/example_branch_labels.py for tasks to queue
[2023-05-07T22:39:46.801+0000] {logging_mixin.py:137} INFO - [2023-05-07T22:39:46.801+0000] {dagbag.py:538} INFO - Filling up the DagBag from /usr/local/python/3.10.4/lib/python3.10/site-packages/airflow/example_dags/example_branch_labels.py
[2023-05-07T22:39:46.814+0000] {processor.py:753} INFO - DAG(s) dict_keys(['example_branch_labels']) retrieved from /usr/local/python/3.10.4/lib/python3.10/site-packages/airflow/example_dags/example_branch_labels.py
[2023-05-07T22:39:46.831+0000] {logging_mixin.py:137} INFO - [2023-05-07T22:39:46.831+0000] {dag.py:2690} INFO - Sync 1 DAGs
[2023-05-07T22:39:46.853+0000] {logging_mixin.py:137} INFO - [2023-05-07T22:39:46.853+0000] {dag.py:3437} INFO - Setting next_dagrun for example_branch_labels to 2023-05-06T00:00:00+00:00, run_after=2023-05-07T00:00:00+00:00
[2023-05-07T22:39:46.893+0000] {processor.py:175} INFO - Processing /usr/local/python/3.10.4/lib/python3.10/site-packages/airflow/example_dags/example_branch_labels.py took 0.097 seconds
[2023-05-07T22:40:27.486+0000] {processor.py:153} INFO - Started process (PID=17810) to work on /usr/local/python/3.10.4/lib/python3.10/site-packages/airflow/example_dags/example_branch_labels.py
[2023-05-07T22:40:27.487+0000] {processor.py:743} INFO - Processing file /usr/local/python/3.10.4/lib/python3.10/site-packages/airflow/example_dags/example_branch_labels.py for tasks to queue
[2023-05-07T22:40:27.487+0000] {logging_mixin.py:137} INFO - [2023-05-07T22:40:27.487+0000] {dagbag.py:538} INFO - Filling up the DagBag from /usr/local/python/3.10.4/lib/python3.10/site-packages/airflow/example_dags/example_branch_labels.py
[2023-05-07T22:40:27.501+0000] {processor.py:753} INFO - DAG(s) dict_keys(['example_branch_labels']) retrieved from /usr/local/python/3.10.4/lib/python3.10/site-packages/airflow/example_dags/example_branch_labels.py
[2023-05-07T22:40:27.517+0000] {logging_mixin.py:137} INFO - [2023-05-07T22:40:27.517+0000] {dag.py:2690} INFO - Sync 1 DAGs
[2023-05-07T22:40:27.536+0000] {logging_mixin.py:137} INFO - [2023-05-07T22:40:27.536+0000] {dag.py:3437} INFO - Setting next_dagrun for example_branch_labels to 2023-05-06T00:00:00+00:00, run_after=2023-05-07T00:00:00+00:00
[2023-05-07T22:40:27.577+0000] {processor.py:175} INFO - Processing /usr/local/python/3.10.4/lib/python3.10/site-packages/airflow/example_dags/example_branch_labels.py took 0.094 seconds
[2023-05-07T22:41:07.926+0000] {processor.py:153} INFO - Started process (PID=18091) to work on /usr/local/python/3.10.4/lib/python3.10/site-packages/airflow/example_dags/example_branch_labels.py
[2023-05-07T22:41:07.926+0000] {processor.py:743} INFO - Processing file /usr/local/python/3.10.4/lib/python3.10/site-packages/airflow/example_dags/example_branch_labels.py for tasks to queue
[2023-05-07T22:41:07.928+0000] {logging_mixin.py:137} INFO - [2023-05-07T22:41:07.928+0000] {dagbag.py:538} INFO - Filling up the DagBag from /usr/local/python/3.10.4/lib/python3.10/site-packages/airflow/example_dags/example_branch_labels.py
[2023-05-07T22:41:07.941+0000] {processor.py:753} INFO - DAG(s) dict_keys(['example_branch_labels']) retrieved from /usr/local/python/3.10.4/lib/python3.10/site-packages/airflow/example_dags/example_branch_labels.py
[2023-05-07T22:41:07.959+0000] {logging_mixin.py:137} INFO - [2023-05-07T22:41:07.959+0000] {dag.py:2690} INFO - Sync 1 DAGs
[2023-05-07T22:41:07.976+0000] {logging_mixin.py:137} INFO - [2023-05-07T22:41:07.976+0000] {dag.py:3437} INFO - Setting next_dagrun for example_branch_labels to 2023-05-06T00:00:00+00:00, run_after=2023-05-07T00:00:00+00:00
[2023-05-07T22:41:08.016+0000] {processor.py:175} INFO - Processing /usr/local/python/3.10.4/lib/python3.10/site-packages/airflow/example_dags/example_branch_labels.py took 0.094 seconds
[2023-05-07T22:41:47.078+0000] {processor.py:153} INFO - Started process (PID=18381) to work on /usr/local/python/3.10.4/lib/python3.10/site-packages/airflow/example_dags/example_branch_labels.py
[2023-05-07T22:41:47.078+0000] {processor.py:743} INFO - Processing file /usr/local/python/3.10.4/lib/python3.10/site-packages/airflow/example_dags/example_branch_labels.py for tasks to queue
[2023-05-07T22:41:47.079+0000] {logging_mixin.py:137} INFO - [2023-05-07T22:41:47.079+0000] {dagbag.py:538} INFO - Filling up the DagBag from /usr/local/python/3.10.4/lib/python3.10/site-packages/airflow/example_dags/example_branch_labels.py
[2023-05-07T22:41:47.093+0000] {processor.py:753} INFO - DAG(s) dict_keys(['example_branch_labels']) retrieved from /usr/local/python/3.10.4/lib/python3.10/site-packages/airflow/example_dags/example_branch_labels.py
[2023-05-07T22:41:47.110+0000] {logging_mixin.py:137} INFO - [2023-05-07T22:41:47.110+0000] {dag.py:2690} INFO - Sync 1 DAGs
[2023-05-07T22:41:47.128+0000] {logging_mixin.py:137} INFO - [2023-05-07T22:41:47.128+0000] {dag.py:3437} INFO - Setting next_dagrun for example_branch_labels to 2023-05-06T00:00:00+00:00, run_after=2023-05-07T00:00:00+00:00
[2023-05-07T22:41:47.167+0000] {processor.py:175} INFO - Processing /usr/local/python/3.10.4/lib/python3.10/site-packages/airflow/example_dags/example_branch_labels.py took 0.093 seconds
[2023-05-07T22:42:27.808+0000] {processor.py:153} INFO - Started process (PID=18759) to work on /usr/local/python/3.10.4/lib/python3.10/site-packages/airflow/example_dags/example_branch_labels.py
[2023-05-07T22:42:27.809+0000] {processor.py:743} INFO - Processing file /usr/local/python/3.10.4/lib/python3.10/site-packages/airflow/example_dags/example_branch_labels.py for tasks to queue
[2023-05-07T22:42:27.810+0000] {logging_mixin.py:137} INFO - [2023-05-07T22:42:27.809+0000] {dagbag.py:538} INFO - Filling up the DagBag from /usr/local/python/3.10.4/lib/python3.10/site-packages/airflow/example_dags/example_branch_labels.py
[2023-05-07T22:42:27.823+0000] {processor.py:753} INFO - DAG(s) dict_keys(['example_branch_labels']) retrieved from /usr/local/python/3.10.4/lib/python3.10/site-packages/airflow/example_dags/example_branch_labels.py
[2023-05-07T22:42:27.840+0000] {logging_mixin.py:137} INFO - [2023-05-07T22:42:27.840+0000] {dag.py:2690} INFO - Sync 1 DAGs
[2023-05-07T22:42:27.857+0000] {logging_mixin.py:137} INFO - [2023-05-07T22:42:27.857+0000] {dag.py:3437} INFO - Setting next_dagrun for example_branch_labels to 2023-05-06T00:00:00+00:00, run_after=2023-05-07T00:00:00+00:00
[2023-05-07T22:42:27.897+0000] {processor.py:175} INFO - Processing /usr/local/python/3.10.4/lib/python3.10/site-packages/airflow/example_dags/example_branch_labels.py took 0.092 seconds
[2023-05-07T22:43:12.709+0000] {processor.py:153} INFO - Started process (PID=19160) to work on /usr/local/python/3.10.4/lib/python3.10/site-packages/airflow/example_dags/example_branch_labels.py
[2023-05-07T22:43:12.710+0000] {processor.py:743} INFO - Processing file /usr/local/python/3.10.4/lib/python3.10/site-packages/airflow/example_dags/example_branch_labels.py for tasks to queue
[2023-05-07T22:43:12.710+0000] {logging_mixin.py:137} INFO - [2023-05-07T22:43:12.710+0000] {dagbag.py:538} INFO - Filling up the DagBag from /usr/local/python/3.10.4/lib/python3.10/site-packages/airflow/example_dags/example_branch_labels.py
[2023-05-07T22:43:12.724+0000] {processor.py:753} INFO - DAG(s) dict_keys(['example_branch_labels']) retrieved from /usr/local/python/3.10.4/lib/python3.10/site-packages/airflow/example_dags/example_branch_labels.py
[2023-05-07T22:43:12.741+0000] {logging_mixin.py:137} INFO - [2023-05-07T22:43:12.741+0000] {dag.py:2690} INFO - Sync 1 DAGs
[2023-05-07T22:43:12.759+0000] {logging_mixin.py:137} INFO - [2023-05-07T22:43:12.759+0000] {dag.py:3437} INFO - Setting next_dagrun for example_branch_labels to 2023-05-06T00:00:00+00:00, run_after=2023-05-07T00:00:00+00:00
[2023-05-07T22:43:12.799+0000] {processor.py:175} INFO - Processing /usr/local/python/3.10.4/lib/python3.10/site-packages/airflow/example_dags/example_branch_labels.py took 0.093 seconds
[2023-05-07T22:43:54.704+0000] {processor.py:153} INFO - Started process (PID=19626) to work on /usr/local/python/3.10.4/lib/python3.10/site-packages/airflow/example_dags/example_branch_labels.py
[2023-05-07T22:43:54.705+0000] {processor.py:743} INFO - Processing file /usr/local/python/3.10.4/lib/python3.10/site-packages/airflow/example_dags/example_branch_labels.py for tasks to queue
[2023-05-07T22:43:54.706+0000] {logging_mixin.py:137} INFO - [2023-05-07T22:43:54.706+0000] {dagbag.py:538} INFO - Filling up the DagBag from /usr/local/python/3.10.4/lib/python3.10/site-packages/airflow/example_dags/example_branch_labels.py
[2023-05-07T22:43:54.720+0000] {processor.py:753} INFO - DAG(s) dict_keys(['example_branch_labels']) retrieved from /usr/local/python/3.10.4/lib/python3.10/site-packages/airflow/example_dags/example_branch_labels.py
[2023-05-07T22:43:54.737+0000] {logging_mixin.py:137} INFO - [2023-05-07T22:43:54.737+0000] {dag.py:2690} INFO - Sync 1 DAGs
[2023-05-07T22:43:54.758+0000] {logging_mixin.py:137} INFO - [2023-05-07T22:43:54.757+0000] {dag.py:3437} INFO - Setting next_dagrun for example_branch_labels to 2023-05-06T00:00:00+00:00, run_after=2023-05-07T00:00:00+00:00
[2023-05-07T22:43:54.797+0000] {processor.py:175} INFO - Processing /usr/local/python/3.10.4/lib/python3.10/site-packages/airflow/example_dags/example_branch_labels.py took 0.095 seconds
[2023-05-07T22:44:36.557+0000] {processor.py:153} INFO - Started process (PID=20077) to work on /usr/local/python/3.10.4/lib/python3.10/site-packages/airflow/example_dags/example_branch_labels.py
[2023-05-07T22:44:36.557+0000] {processor.py:743} INFO - Processing file /usr/local/python/3.10.4/lib/python3.10/site-packages/airflow/example_dags/example_branch_labels.py for tasks to queue
[2023-05-07T22:44:36.559+0000] {logging_mixin.py:137} INFO - [2023-05-07T22:44:36.559+0000] {dagbag.py:538} INFO - Filling up the DagBag from /usr/local/python/3.10.4/lib/python3.10/site-packages/airflow/example_dags/example_branch_labels.py
[2023-05-07T22:44:36.574+0000] {processor.py:753} INFO - DAG(s) dict_keys(['example_branch_labels']) retrieved from /usr/local/python/3.10.4/lib/python3.10/site-packages/airflow/example_dags/example_branch_labels.py
[2023-05-07T22:44:36.599+0000] {logging_mixin.py:137} INFO - [2023-05-07T22:44:36.599+0000] {dag.py:2690} INFO - Sync 1 DAGs
[2023-05-07T22:44:36.629+0000] {logging_mixin.py:137} INFO - [2023-05-07T22:44:36.629+0000] {dag.py:3437} INFO - Setting next_dagrun for example_branch_labels to 2023-05-06T00:00:00+00:00, run_after=2023-05-07T00:00:00+00:00
[2023-05-07T22:44:36.679+0000] {processor.py:175} INFO - Processing /usr/local/python/3.10.4/lib/python3.10/site-packages/airflow/example_dags/example_branch_labels.py took 0.127 seconds
[2023-05-07T22:45:15.583+0000] {processor.py:153} INFO - Started process (PID=20385) to work on /usr/local/python/3.10.4/lib/python3.10/site-packages/airflow/example_dags/example_branch_labels.py
[2023-05-07T22:45:15.584+0000] {processor.py:743} INFO - Processing file /usr/local/python/3.10.4/lib/python3.10/site-packages/airflow/example_dags/example_branch_labels.py for tasks to queue
[2023-05-07T22:45:15.585+0000] {logging_mixin.py:137} INFO - [2023-05-07T22:45:15.585+0000] {dagbag.py:538} INFO - Filling up the DagBag from /usr/local/python/3.10.4/lib/python3.10/site-packages/airflow/example_dags/example_branch_labels.py
[2023-05-07T22:45:15.601+0000] {processor.py:753} INFO - DAG(s) dict_keys(['example_branch_labels']) retrieved from /usr/local/python/3.10.4/lib/python3.10/site-packages/airflow/example_dags/example_branch_labels.py
[2023-05-07T22:45:15.619+0000] {logging_mixin.py:137} INFO - [2023-05-07T22:45:15.619+0000] {dag.py:2690} INFO - Sync 1 DAGs
[2023-05-07T22:45:15.637+0000] {logging_mixin.py:137} INFO - [2023-05-07T22:45:15.637+0000] {dag.py:3437} INFO - Setting next_dagrun for example_branch_labels to 2023-05-06T00:00:00+00:00, run_after=2023-05-07T00:00:00+00:00
[2023-05-07T22:45:15.677+0000] {processor.py:175} INFO - Processing /usr/local/python/3.10.4/lib/python3.10/site-packages/airflow/example_dags/example_branch_labels.py took 0.097 seconds
[2023-05-07T22:45:54.573+0000] {processor.py:153} INFO - Started process (PID=20767) to work on /usr/local/python/3.10.4/lib/python3.10/site-packages/airflow/example_dags/example_branch_labels.py
[2023-05-07T22:45:54.574+0000] {processor.py:743} INFO - Processing file /usr/local/python/3.10.4/lib/python3.10/site-packages/airflow/example_dags/example_branch_labels.py for tasks to queue
[2023-05-07T22:45:54.574+0000] {logging_mixin.py:137} INFO - [2023-05-07T22:45:54.574+0000] {dagbag.py:538} INFO - Filling up the DagBag from /usr/local/python/3.10.4/lib/python3.10/site-packages/airflow/example_dags/example_branch_labels.py
[2023-05-07T22:45:54.589+0000] {processor.py:753} INFO - DAG(s) dict_keys(['example_branch_labels']) retrieved from /usr/local/python/3.10.4/lib/python3.10/site-packages/airflow/example_dags/example_branch_labels.py
[2023-05-07T22:45:54.606+0000] {logging_mixin.py:137} INFO - [2023-05-07T22:45:54.606+0000] {dag.py:2690} INFO - Sync 1 DAGs
[2023-05-07T22:45:54.624+0000] {logging_mixin.py:137} INFO - [2023-05-07T22:45:54.624+0000] {dag.py:3437} INFO - Setting next_dagrun for example_branch_labels to 2023-05-06T00:00:00+00:00, run_after=2023-05-07T00:00:00+00:00
[2023-05-07T22:45:54.668+0000] {processor.py:175} INFO - Processing /usr/local/python/3.10.4/lib/python3.10/site-packages/airflow/example_dags/example_branch_labels.py took 0.098 seconds
[2023-05-07T22:46:36.821+0000] {processor.py:153} INFO - Started process (PID=21213) to work on /usr/local/python/3.10.4/lib/python3.10/site-packages/airflow/example_dags/example_branch_labels.py
[2023-05-07T22:46:36.821+0000] {processor.py:743} INFO - Processing file /usr/local/python/3.10.4/lib/python3.10/site-packages/airflow/example_dags/example_branch_labels.py for tasks to queue
[2023-05-07T22:46:36.822+0000] {logging_mixin.py:137} INFO - [2023-05-07T22:46:36.822+0000] {dagbag.py:538} INFO - Filling up the DagBag from /usr/local/python/3.10.4/lib/python3.10/site-packages/airflow/example_dags/example_branch_labels.py
[2023-05-07T22:46:36.837+0000] {processor.py:753} INFO - DAG(s) dict_keys(['example_branch_labels']) retrieved from /usr/local/python/3.10.4/lib/python3.10/site-packages/airflow/example_dags/example_branch_labels.py
[2023-05-07T22:46:36.853+0000] {logging_mixin.py:137} INFO - [2023-05-07T22:46:36.853+0000] {dag.py:2690} INFO - Sync 1 DAGs
[2023-05-07T22:46:36.871+0000] {logging_mixin.py:137} INFO - [2023-05-07T22:46:36.871+0000] {dag.py:3437} INFO - Setting next_dagrun for example_branch_labels to 2023-05-06T00:00:00+00:00, run_after=2023-05-07T00:00:00+00:00
[2023-05-07T22:46:36.917+0000] {processor.py:175} INFO - Processing /usr/local/python/3.10.4/lib/python3.10/site-packages/airflow/example_dags/example_branch_labels.py took 0.099 seconds
[2023-05-07T22:47:17.695+0000] {processor.py:153} INFO - Started process (PID=21566) to work on /usr/local/python/3.10.4/lib/python3.10/site-packages/airflow/example_dags/example_branch_labels.py
[2023-05-07T22:47:17.696+0000] {processor.py:743} INFO - Processing file /usr/local/python/3.10.4/lib/python3.10/site-packages/airflow/example_dags/example_branch_labels.py for tasks to queue
[2023-05-07T22:47:17.697+0000] {logging_mixin.py:137} INFO - [2023-05-07T22:47:17.696+0000] {dagbag.py:538} INFO - Filling up the DagBag from /usr/local/python/3.10.4/lib/python3.10/site-packages/airflow/example_dags/example_branch_labels.py
[2023-05-07T22:47:17.711+0000] {processor.py:753} INFO - DAG(s) dict_keys(['example_branch_labels']) retrieved from /usr/local/python/3.10.4/lib/python3.10/site-packages/airflow/example_dags/example_branch_labels.py
[2023-05-07T22:47:17.727+0000] {logging_mixin.py:137} INFO - [2023-05-07T22:47:17.727+0000] {dag.py:2690} INFO - Sync 1 DAGs
[2023-05-07T22:47:17.746+0000] {logging_mixin.py:137} INFO - [2023-05-07T22:47:17.745+0000] {dag.py:3437} INFO - Setting next_dagrun for example_branch_labels to 2023-05-06T00:00:00+00:00, run_after=2023-05-07T00:00:00+00:00
[2023-05-07T22:47:17.785+0000] {processor.py:175} INFO - Processing /usr/local/python/3.10.4/lib/python3.10/site-packages/airflow/example_dags/example_branch_labels.py took 0.093 seconds
[2023-05-07T22:47:58.289+0000] {processor.py:153} INFO - Started process (PID=21851) to work on /usr/local/python/3.10.4/lib/python3.10/site-packages/airflow/example_dags/example_branch_labels.py
[2023-05-07T22:47:58.290+0000] {processor.py:743} INFO - Processing file /usr/local/python/3.10.4/lib/python3.10/site-packages/airflow/example_dags/example_branch_labels.py for tasks to queue
[2023-05-07T22:47:58.290+0000] {logging_mixin.py:137} INFO - [2023-05-07T22:47:58.290+0000] {dagbag.py:538} INFO - Filling up the DagBag from /usr/local/python/3.10.4/lib/python3.10/site-packages/airflow/example_dags/example_branch_labels.py
[2023-05-07T22:47:58.306+0000] {processor.py:753} INFO - DAG(s) dict_keys(['example_branch_labels']) retrieved from /usr/local/python/3.10.4/lib/python3.10/site-packages/airflow/example_dags/example_branch_labels.py
[2023-05-07T22:47:58.322+0000] {logging_mixin.py:137} INFO - [2023-05-07T22:47:58.322+0000] {dag.py:2690} INFO - Sync 1 DAGs
[2023-05-07T22:47:58.348+0000] {logging_mixin.py:137} INFO - [2023-05-07T22:47:58.348+0000] {dag.py:3437} INFO - Setting next_dagrun for example_branch_labels to 2023-05-06T00:00:00+00:00, run_after=2023-05-07T00:00:00+00:00
[2023-05-07T22:47:58.391+0000] {processor.py:175} INFO - Processing /usr/local/python/3.10.4/lib/python3.10/site-packages/airflow/example_dags/example_branch_labels.py took 0.105 seconds
[2023-05-07T22:48:43.591+0000] {processor.py:153} INFO - Started process (PID=22312) to work on /usr/local/python/3.10.4/lib/python3.10/site-packages/airflow/example_dags/example_branch_labels.py
[2023-05-07T22:48:43.592+0000] {processor.py:743} INFO - Processing file /usr/local/python/3.10.4/lib/python3.10/site-packages/airflow/example_dags/example_branch_labels.py for tasks to queue
[2023-05-07T22:48:43.592+0000] {logging_mixin.py:137} INFO - [2023-05-07T22:48:43.592+0000] {dagbag.py:538} INFO - Filling up the DagBag from /usr/local/python/3.10.4/lib/python3.10/site-packages/airflow/example_dags/example_branch_labels.py
[2023-05-07T22:48:43.606+0000] {processor.py:753} INFO - DAG(s) dict_keys(['example_branch_labels']) retrieved from /usr/local/python/3.10.4/lib/python3.10/site-packages/airflow/example_dags/example_branch_labels.py
[2023-05-07T22:48:43.623+0000] {logging_mixin.py:137} INFO - [2023-05-07T22:48:43.623+0000] {dag.py:2690} INFO - Sync 1 DAGs
[2023-05-07T22:48:43.642+0000] {logging_mixin.py:137} INFO - [2023-05-07T22:48:43.642+0000] {dag.py:3437} INFO - Setting next_dagrun for example_branch_labels to 2023-05-06T00:00:00+00:00, run_after=2023-05-07T00:00:00+00:00
[2023-05-07T22:48:43.681+0000] {processor.py:175} INFO - Processing /usr/local/python/3.10.4/lib/python3.10/site-packages/airflow/example_dags/example_branch_labels.py took 0.093 seconds
[2023-05-07T22:49:28.826+0000] {processor.py:153} INFO - Started process (PID=22798) to work on /usr/local/python/3.10.4/lib/python3.10/site-packages/airflow/example_dags/example_branch_labels.py
[2023-05-07T22:49:28.827+0000] {processor.py:743} INFO - Processing file /usr/local/python/3.10.4/lib/python3.10/site-packages/airflow/example_dags/example_branch_labels.py for tasks to queue
[2023-05-07T22:49:28.827+0000] {logging_mixin.py:137} INFO - [2023-05-07T22:49:28.827+0000] {dagbag.py:538} INFO - Filling up the DagBag from /usr/local/python/3.10.4/lib/python3.10/site-packages/airflow/example_dags/example_branch_labels.py
[2023-05-07T22:49:28.841+0000] {processor.py:753} INFO - DAG(s) dict_keys(['example_branch_labels']) retrieved from /usr/local/python/3.10.4/lib/python3.10/site-packages/airflow/example_dags/example_branch_labels.py
[2023-05-07T22:49:28.858+0000] {logging_mixin.py:137} INFO - [2023-05-07T22:49:28.858+0000] {dag.py:2690} INFO - Sync 1 DAGs
[2023-05-07T22:49:28.877+0000] {logging_mixin.py:137} INFO - [2023-05-07T22:49:28.876+0000] {dag.py:3437} INFO - Setting next_dagrun for example_branch_labels to 2023-05-06T00:00:00+00:00, run_after=2023-05-07T00:00:00+00:00
[2023-05-07T22:49:28.916+0000] {processor.py:175} INFO - Processing /usr/local/python/3.10.4/lib/python3.10/site-packages/airflow/example_dags/example_branch_labels.py took 0.093 seconds
[2023-05-07T22:50:10.420+0000] {processor.py:153} INFO - Started process (PID=23121) to work on /usr/local/python/3.10.4/lib/python3.10/site-packages/airflow/example_dags/example_branch_labels.py
[2023-05-07T22:50:10.421+0000] {processor.py:743} INFO - Processing file /usr/local/python/3.10.4/lib/python3.10/site-packages/airflow/example_dags/example_branch_labels.py for tasks to queue
[2023-05-07T22:50:10.422+0000] {logging_mixin.py:137} INFO - [2023-05-07T22:50:10.422+0000] {dagbag.py:538} INFO - Filling up the DagBag from /usr/local/python/3.10.4/lib/python3.10/site-packages/airflow/example_dags/example_branch_labels.py
[2023-05-07T22:50:10.436+0000] {processor.py:753} INFO - DAG(s) dict_keys(['example_branch_labels']) retrieved from /usr/local/python/3.10.4/lib/python3.10/site-packages/airflow/example_dags/example_branch_labels.py
[2023-05-07T22:50:10.455+0000] {logging_mixin.py:137} INFO - [2023-05-07T22:50:10.455+0000] {dag.py:2690} INFO - Sync 1 DAGs
[2023-05-07T22:50:10.473+0000] {logging_mixin.py:137} INFO - [2023-05-07T22:50:10.473+0000] {dag.py:3437} INFO - Setting next_dagrun for example_branch_labels to 2023-05-06T00:00:00+00:00, run_after=2023-05-07T00:00:00+00:00
[2023-05-07T22:50:10.515+0000] {processor.py:175} INFO - Processing /usr/local/python/3.10.4/lib/python3.10/site-packages/airflow/example_dags/example_branch_labels.py took 0.097 seconds
[2023-05-07T22:50:53.057+0000] {processor.py:153} INFO - Started process (PID=23440) to work on /usr/local/python/3.10.4/lib/python3.10/site-packages/airflow/example_dags/example_branch_labels.py
[2023-05-07T22:50:53.058+0000] {processor.py:743} INFO - Processing file /usr/local/python/3.10.4/lib/python3.10/site-packages/airflow/example_dags/example_branch_labels.py for tasks to queue
[2023-05-07T22:50:53.058+0000] {logging_mixin.py:137} INFO - [2023-05-07T22:50:53.058+0000] {dagbag.py:538} INFO - Filling up the DagBag from /usr/local/python/3.10.4/lib/python3.10/site-packages/airflow/example_dags/example_branch_labels.py
[2023-05-07T22:50:53.074+0000] {processor.py:753} INFO - DAG(s) dict_keys(['example_branch_labels']) retrieved from /usr/local/python/3.10.4/lib/python3.10/site-packages/airflow/example_dags/example_branch_labels.py
[2023-05-07T22:50:53.091+0000] {logging_mixin.py:137} INFO - [2023-05-07T22:50:53.091+0000] {dag.py:2690} INFO - Sync 1 DAGs
[2023-05-07T22:50:53.109+0000] {logging_mixin.py:137} INFO - [2023-05-07T22:50:53.109+0000] {dag.py:3437} INFO - Setting next_dagrun for example_branch_labels to 2023-05-06T00:00:00+00:00, run_after=2023-05-07T00:00:00+00:00
[2023-05-07T22:50:53.152+0000] {processor.py:175} INFO - Processing /usr/local/python/3.10.4/lib/python3.10/site-packages/airflow/example_dags/example_branch_labels.py took 0.098 seconds
[2023-05-07T22:51:36.367+0000] {processor.py:153} INFO - Started process (PID=23852) to work on /usr/local/python/3.10.4/lib/python3.10/site-packages/airflow/example_dags/example_branch_labels.py
[2023-05-07T22:51:36.367+0000] {processor.py:743} INFO - Processing file /usr/local/python/3.10.4/lib/python3.10/site-packages/airflow/example_dags/example_branch_labels.py for tasks to queue
[2023-05-07T22:51:36.368+0000] {logging_mixin.py:137} INFO - [2023-05-07T22:51:36.368+0000] {dagbag.py:538} INFO - Filling up the DagBag from /usr/local/python/3.10.4/lib/python3.10/site-packages/airflow/example_dags/example_branch_labels.py
[2023-05-07T22:51:36.383+0000] {processor.py:753} INFO - DAG(s) dict_keys(['example_branch_labels']) retrieved from /usr/local/python/3.10.4/lib/python3.10/site-packages/airflow/example_dags/example_branch_labels.py
[2023-05-07T22:51:36.399+0000] {logging_mixin.py:137} INFO - [2023-05-07T22:51:36.399+0000] {dag.py:2690} INFO - Sync 1 DAGs
[2023-05-07T22:51:36.417+0000] {logging_mixin.py:137} INFO - [2023-05-07T22:51:36.417+0000] {dag.py:3437} INFO - Setting next_dagrun for example_branch_labels to 2023-05-06T00:00:00+00:00, run_after=2023-05-07T00:00:00+00:00
[2023-05-07T22:51:36.459+0000] {processor.py:175} INFO - Processing /usr/local/python/3.10.4/lib/python3.10/site-packages/airflow/example_dags/example_branch_labels.py took 0.096 seconds
[2023-05-07T22:52:19.073+0000] {processor.py:153} INFO - Started process (PID=24032) to work on /usr/local/python/3.10.4/lib/python3.10/site-packages/airflow/example_dags/example_branch_labels.py
[2023-05-07T22:52:19.074+0000] {processor.py:743} INFO - Processing file /usr/local/python/3.10.4/lib/python3.10/site-packages/airflow/example_dags/example_branch_labels.py for tasks to queue
[2023-05-07T22:52:19.075+0000] {logging_mixin.py:137} INFO - [2023-05-07T22:52:19.075+0000] {dagbag.py:538} INFO - Filling up the DagBag from /usr/local/python/3.10.4/lib/python3.10/site-packages/airflow/example_dags/example_branch_labels.py
[2023-05-07T22:52:19.089+0000] {processor.py:753} INFO - DAG(s) dict_keys(['example_branch_labels']) retrieved from /usr/local/python/3.10.4/lib/python3.10/site-packages/airflow/example_dags/example_branch_labels.py
[2023-05-07T22:52:19.106+0000] {logging_mixin.py:137} INFO - [2023-05-07T22:52:19.106+0000] {dag.py:2690} INFO - Sync 1 DAGs
[2023-05-07T22:52:19.125+0000] {logging_mixin.py:137} INFO - [2023-05-07T22:52:19.125+0000] {dag.py:3437} INFO - Setting next_dagrun for example_branch_labels to 2023-05-06T00:00:00+00:00, run_after=2023-05-07T00:00:00+00:00
[2023-05-07T22:52:19.164+0000] {processor.py:175} INFO - Processing /usr/local/python/3.10.4/lib/python3.10/site-packages/airflow/example_dags/example_branch_labels.py took 0.096 seconds
[2023-05-07T22:53:02.120+0000] {processor.py:153} INFO - Started process (PID=24695) to work on /usr/local/python/3.10.4/lib/python3.10/site-packages/airflow/example_dags/example_branch_labels.py
[2023-05-07T22:53:02.121+0000] {processor.py:743} INFO - Processing file /usr/local/python/3.10.4/lib/python3.10/site-packages/airflow/example_dags/example_branch_labels.py for tasks to queue
[2023-05-07T22:53:02.122+0000] {logging_mixin.py:137} INFO - [2023-05-07T22:53:02.122+0000] {dagbag.py:538} INFO - Filling up the DagBag from /usr/local/python/3.10.4/lib/python3.10/site-packages/airflow/example_dags/example_branch_labels.py
[2023-05-07T22:53:02.148+0000] {processor.py:753} INFO - DAG(s) dict_keys(['example_branch_labels']) retrieved from /usr/local/python/3.10.4/lib/python3.10/site-packages/airflow/example_dags/example_branch_labels.py
[2023-05-07T22:53:02.175+0000] {logging_mixin.py:137} INFO - [2023-05-07T22:53:02.174+0000] {dag.py:2690} INFO - Sync 1 DAGs
[2023-05-07T22:53:02.206+0000] {logging_mixin.py:137} INFO - [2023-05-07T22:53:02.206+0000] {dag.py:3437} INFO - Setting next_dagrun for example_branch_labels to 2023-05-06T00:00:00+00:00, run_after=2023-05-07T00:00:00+00:00
[2023-05-07T22:53:02.256+0000] {processor.py:175} INFO - Processing /usr/local/python/3.10.4/lib/python3.10/site-packages/airflow/example_dags/example_branch_labels.py took 0.139 seconds
[2023-05-07T22:53:46.817+0000] {processor.py:153} INFO - Started process (PID=25331) to work on /usr/local/python/3.10.4/lib/python3.10/site-packages/airflow/example_dags/example_branch_labels.py
[2023-05-07T22:53:46.817+0000] {processor.py:743} INFO - Processing file /usr/local/python/3.10.4/lib/python3.10/site-packages/airflow/example_dags/example_branch_labels.py for tasks to queue
[2023-05-07T22:53:46.818+0000] {logging_mixin.py:137} INFO - [2023-05-07T22:53:46.818+0000] {dagbag.py:538} INFO - Filling up the DagBag from /usr/local/python/3.10.4/lib/python3.10/site-packages/airflow/example_dags/example_branch_labels.py
[2023-05-07T22:53:46.832+0000] {processor.py:753} INFO - DAG(s) dict_keys(['example_branch_labels']) retrieved from /usr/local/python/3.10.4/lib/python3.10/site-packages/airflow/example_dags/example_branch_labels.py
[2023-05-07T22:53:46.849+0000] {logging_mixin.py:137} INFO - [2023-05-07T22:53:46.848+0000] {dag.py:2690} INFO - Sync 1 DAGs
[2023-05-07T22:53:46.867+0000] {logging_mixin.py:137} INFO - [2023-05-07T22:53:46.867+0000] {dag.py:3437} INFO - Setting next_dagrun for example_branch_labels to 2023-05-06T00:00:00+00:00, run_after=2023-05-07T00:00:00+00:00
[2023-05-07T22:53:46.912+0000] {processor.py:175} INFO - Processing /usr/local/python/3.10.4/lib/python3.10/site-packages/airflow/example_dags/example_branch_labels.py took 0.098 seconds
