[2023-05-07T22:22:29.666+0000] {processor.py:153} INFO - Started process (PID=9969) to work on /usr/local/python/3.10.4/lib/python3.10/site-packages/airflow/example_dags/example_branch_operator_decorator.py
[2023-05-07T22:22:29.667+0000] {processor.py:743} INFO - Processing file /usr/local/python/3.10.4/lib/python3.10/site-packages/airflow/example_dags/example_branch_operator_decorator.py for tasks to queue
[2023-05-07T22:22:29.668+0000] {logging_mixin.py:137} INFO - [2023-05-07T22:22:29.667+0000] {dagbag.py:538} INFO - Filling up the DagBag from /usr/local/python/3.10.4/lib/python3.10/site-packages/airflow/example_dags/example_branch_operator_decorator.py
[2023-05-07T22:22:29.691+0000] {processor.py:753} INFO - DAG(s) dict_keys(['example_branch_python_operator_decorator']) retrieved from /usr/local/python/3.10.4/lib/python3.10/site-packages/airflow/example_dags/example_branch_operator_decorator.py
[2023-05-07T22:22:29.843+0000] {logging_mixin.py:137} INFO - [2023-05-07T22:22:29.843+0000] {manager.py:504} INFO - Created Permission View: can edit on DAG:example_branch_python_operator_decorator
[2023-05-07T22:22:29.877+0000] {logging_mixin.py:137} INFO - [2023-05-07T22:22:29.877+0000] {manager.py:504} INFO - Created Permission View: can delete on DAG:example_branch_python_operator_decorator
[2023-05-07T22:22:29.916+0000] {logging_mixin.py:137} INFO - [2023-05-07T22:22:29.916+0000] {manager.py:504} INFO - Created Permission View: can read on DAG:example_branch_python_operator_decorator
[2023-05-07T22:22:29.917+0000] {logging_mixin.py:137} INFO - [2023-05-07T22:22:29.917+0000] {dag.py:2690} INFO - Sync 1 DAGs
[2023-05-07T22:22:29.926+0000] {logging_mixin.py:137} INFO - [2023-05-07T22:22:29.925+0000] {dag.py:2711} INFO - Creating ORM DAG for example_branch_python_operator_decorator
[2023-05-07T22:22:29.935+0000] {logging_mixin.py:137} INFO - [2023-05-07T22:22:29.935+0000] {dag.py:3437} INFO - Setting next_dagrun for example_branch_python_operator_decorator to 2023-05-06T00:00:00+00:00, run_after=2023-05-07T00:00:00+00:00
[2023-05-07T22:22:29.982+0000] {processor.py:175} INFO - Processing /usr/local/python/3.10.4/lib/python3.10/site-packages/airflow/example_dags/example_branch_operator_decorator.py took 0.320 seconds
[2023-05-07T22:23:12.972+0000] {processor.py:153} INFO - Started process (PID=10263) to work on /usr/local/python/3.10.4/lib/python3.10/site-packages/airflow/example_dags/example_branch_operator_decorator.py
[2023-05-07T22:23:12.972+0000] {processor.py:743} INFO - Processing file /usr/local/python/3.10.4/lib/python3.10/site-packages/airflow/example_dags/example_branch_operator_decorator.py for tasks to queue
[2023-05-07T22:23:12.973+0000] {logging_mixin.py:137} INFO - [2023-05-07T22:23:12.973+0000] {dagbag.py:538} INFO - Filling up the DagBag from /usr/local/python/3.10.4/lib/python3.10/site-packages/airflow/example_dags/example_branch_operator_decorator.py
[2023-05-07T22:23:12.998+0000] {processor.py:753} INFO - DAG(s) dict_keys(['example_branch_python_operator_decorator']) retrieved from /usr/local/python/3.10.4/lib/python3.10/site-packages/airflow/example_dags/example_branch_operator_decorator.py
[2023-05-07T22:23:13.015+0000] {logging_mixin.py:137} INFO - [2023-05-07T22:23:13.015+0000] {dag.py:2690} INFO - Sync 1 DAGs
[2023-05-07T22:23:13.033+0000] {logging_mixin.py:137} INFO - [2023-05-07T22:23:13.033+0000] {dag.py:3437} INFO - Setting next_dagrun for example_branch_python_operator_decorator to 2023-05-06T00:00:00+00:00, run_after=2023-05-07T00:00:00+00:00
[2023-05-07T22:23:13.076+0000] {processor.py:175} INFO - Processing /usr/local/python/3.10.4/lib/python3.10/site-packages/airflow/example_dags/example_branch_operator_decorator.py took 0.108 seconds
[2023-05-07T22:23:53.725+0000] {processor.py:153} INFO - Started process (PID=10666) to work on /usr/local/python/3.10.4/lib/python3.10/site-packages/airflow/example_dags/example_branch_operator_decorator.py
[2023-05-07T22:23:53.726+0000] {processor.py:743} INFO - Processing file /usr/local/python/3.10.4/lib/python3.10/site-packages/airflow/example_dags/example_branch_operator_decorator.py for tasks to queue
[2023-05-07T22:23:53.726+0000] {logging_mixin.py:137} INFO - [2023-05-07T22:23:53.726+0000] {dagbag.py:538} INFO - Filling up the DagBag from /usr/local/python/3.10.4/lib/python3.10/site-packages/airflow/example_dags/example_branch_operator_decorator.py
[2023-05-07T22:23:53.752+0000] {processor.py:753} INFO - DAG(s) dict_keys(['example_branch_python_operator_decorator']) retrieved from /usr/local/python/3.10.4/lib/python3.10/site-packages/airflow/example_dags/example_branch_operator_decorator.py
[2023-05-07T22:23:53.769+0000] {logging_mixin.py:137} INFO - [2023-05-07T22:23:53.769+0000] {dag.py:2690} INFO - Sync 1 DAGs
[2023-05-07T22:23:53.787+0000] {logging_mixin.py:137} INFO - [2023-05-07T22:23:53.787+0000] {dag.py:3437} INFO - Setting next_dagrun for example_branch_python_operator_decorator to 2023-05-06T00:00:00+00:00, run_after=2023-05-07T00:00:00+00:00
[2023-05-07T22:23:53.828+0000] {processor.py:175} INFO - Processing /usr/local/python/3.10.4/lib/python3.10/site-packages/airflow/example_dags/example_branch_operator_decorator.py took 0.106 seconds
[2023-05-07T22:24:37.577+0000] {processor.py:153} INFO - Started process (PID=11025) to work on /usr/local/python/3.10.4/lib/python3.10/site-packages/airflow/example_dags/example_branch_operator_decorator.py
[2023-05-07T22:24:37.583+0000] {processor.py:743} INFO - Processing file /usr/local/python/3.10.4/lib/python3.10/site-packages/airflow/example_dags/example_branch_operator_decorator.py for tasks to queue
[2023-05-07T22:24:37.590+0000] {logging_mixin.py:137} INFO - [2023-05-07T22:24:37.590+0000] {dagbag.py:538} INFO - Filling up the DagBag from /usr/local/python/3.10.4/lib/python3.10/site-packages/airflow/example_dags/example_branch_operator_decorator.py
[2023-05-07T22:24:37.674+0000] {processor.py:753} INFO - DAG(s) dict_keys(['example_branch_python_operator_decorator']) retrieved from /usr/local/python/3.10.4/lib/python3.10/site-packages/airflow/example_dags/example_branch_operator_decorator.py
[2023-05-07T22:24:37.776+0000] {logging_mixin.py:137} INFO - [2023-05-07T22:24:37.775+0000] {dag.py:2690} INFO - Sync 1 DAGs
[2023-05-07T22:24:37.866+0000] {logging_mixin.py:137} INFO - [2023-05-07T22:24:37.866+0000] {dag.py:3437} INFO - Setting next_dagrun for example_branch_python_operator_decorator to 2023-05-06T00:00:00+00:00, run_after=2023-05-07T00:00:00+00:00
[2023-05-07T22:24:37.952+0000] {processor.py:175} INFO - Processing /usr/local/python/3.10.4/lib/python3.10/site-packages/airflow/example_dags/example_branch_operator_decorator.py took 0.393 seconds
[2023-05-07T22:25:23.523+0000] {processor.py:153} INFO - Started process (PID=11367) to work on /usr/local/python/3.10.4/lib/python3.10/site-packages/airflow/example_dags/example_branch_operator_decorator.py
[2023-05-07T22:25:23.523+0000] {processor.py:743} INFO - Processing file /usr/local/python/3.10.4/lib/python3.10/site-packages/airflow/example_dags/example_branch_operator_decorator.py for tasks to queue
[2023-05-07T22:25:23.524+0000] {logging_mixin.py:137} INFO - [2023-05-07T22:25:23.524+0000] {dagbag.py:538} INFO - Filling up the DagBag from /usr/local/python/3.10.4/lib/python3.10/site-packages/airflow/example_dags/example_branch_operator_decorator.py
[2023-05-07T22:25:23.549+0000] {processor.py:753} INFO - DAG(s) dict_keys(['example_branch_python_operator_decorator']) retrieved from /usr/local/python/3.10.4/lib/python3.10/site-packages/airflow/example_dags/example_branch_operator_decorator.py
[2023-05-07T22:25:23.566+0000] {logging_mixin.py:137} INFO - [2023-05-07T22:25:23.566+0000] {dag.py:2690} INFO - Sync 1 DAGs
[2023-05-07T22:25:23.591+0000] {logging_mixin.py:137} INFO - [2023-05-07T22:25:23.590+0000] {dag.py:3437} INFO - Setting next_dagrun for example_branch_python_operator_decorator to 2023-05-06T00:00:00+00:00, run_after=2023-05-07T00:00:00+00:00
[2023-05-07T22:25:23.634+0000] {processor.py:175} INFO - Processing /usr/local/python/3.10.4/lib/python3.10/site-packages/airflow/example_dags/example_branch_operator_decorator.py took 0.114 seconds
[2023-05-07T22:26:07.413+0000] {processor.py:153} INFO - Started process (PID=11677) to work on /usr/local/python/3.10.4/lib/python3.10/site-packages/airflow/example_dags/example_branch_operator_decorator.py
[2023-05-07T22:26:07.414+0000] {processor.py:743} INFO - Processing file /usr/local/python/3.10.4/lib/python3.10/site-packages/airflow/example_dags/example_branch_operator_decorator.py for tasks to queue
[2023-05-07T22:26:07.415+0000] {logging_mixin.py:137} INFO - [2023-05-07T22:26:07.415+0000] {dagbag.py:538} INFO - Filling up the DagBag from /usr/local/python/3.10.4/lib/python3.10/site-packages/airflow/example_dags/example_branch_operator_decorator.py
[2023-05-07T22:26:07.439+0000] {processor.py:753} INFO - DAG(s) dict_keys(['example_branch_python_operator_decorator']) retrieved from /usr/local/python/3.10.4/lib/python3.10/site-packages/airflow/example_dags/example_branch_operator_decorator.py
[2023-05-07T22:26:07.456+0000] {logging_mixin.py:137} INFO - [2023-05-07T22:26:07.456+0000] {dag.py:2690} INFO - Sync 1 DAGs
[2023-05-07T22:26:07.475+0000] {logging_mixin.py:137} INFO - [2023-05-07T22:26:07.474+0000] {dag.py:3437} INFO - Setting next_dagrun for example_branch_python_operator_decorator to 2023-05-06T00:00:00+00:00, run_after=2023-05-07T00:00:00+00:00
[2023-05-07T22:26:07.514+0000] {processor.py:175} INFO - Processing /usr/local/python/3.10.4/lib/python3.10/site-packages/airflow/example_dags/example_branch_operator_decorator.py took 0.104 seconds
[2023-05-07T22:26:48.927+0000] {processor.py:153} INFO - Started process (PID=11964) to work on /usr/local/python/3.10.4/lib/python3.10/site-packages/airflow/example_dags/example_branch_operator_decorator.py
[2023-05-07T22:26:48.928+0000] {processor.py:743} INFO - Processing file /usr/local/python/3.10.4/lib/python3.10/site-packages/airflow/example_dags/example_branch_operator_decorator.py for tasks to queue
[2023-05-07T22:26:48.928+0000] {logging_mixin.py:137} INFO - [2023-05-07T22:26:48.928+0000] {dagbag.py:538} INFO - Filling up the DagBag from /usr/local/python/3.10.4/lib/python3.10/site-packages/airflow/example_dags/example_branch_operator_decorator.py
[2023-05-07T22:26:48.957+0000] {processor.py:753} INFO - DAG(s) dict_keys(['example_branch_python_operator_decorator']) retrieved from /usr/local/python/3.10.4/lib/python3.10/site-packages/airflow/example_dags/example_branch_operator_decorator.py
[2023-05-07T22:26:48.974+0000] {logging_mixin.py:137} INFO - [2023-05-07T22:26:48.974+0000] {dag.py:2690} INFO - Sync 1 DAGs
[2023-05-07T22:26:48.993+0000] {logging_mixin.py:137} INFO - [2023-05-07T22:26:48.993+0000] {dag.py:3437} INFO - Setting next_dagrun for example_branch_python_operator_decorator to 2023-05-06T00:00:00+00:00, run_after=2023-05-07T00:00:00+00:00
[2023-05-07T22:26:49.034+0000] {processor.py:175} INFO - Processing /usr/local/python/3.10.4/lib/python3.10/site-packages/airflow/example_dags/example_branch_operator_decorator.py took 0.110 seconds
[2023-05-07T22:27:31.033+0000] {processor.py:153} INFO - Started process (PID=12247) to work on /usr/local/python/3.10.4/lib/python3.10/site-packages/airflow/example_dags/example_branch_operator_decorator.py
[2023-05-07T22:27:31.034+0000] {processor.py:743} INFO - Processing file /usr/local/python/3.10.4/lib/python3.10/site-packages/airflow/example_dags/example_branch_operator_decorator.py for tasks to queue
[2023-05-07T22:27:31.035+0000] {logging_mixin.py:137} INFO - [2023-05-07T22:27:31.035+0000] {dagbag.py:538} INFO - Filling up the DagBag from /usr/local/python/3.10.4/lib/python3.10/site-packages/airflow/example_dags/example_branch_operator_decorator.py
[2023-05-07T22:27:31.060+0000] {processor.py:753} INFO - DAG(s) dict_keys(['example_branch_python_operator_decorator']) retrieved from /usr/local/python/3.10.4/lib/python3.10/site-packages/airflow/example_dags/example_branch_operator_decorator.py
[2023-05-07T22:27:31.077+0000] {logging_mixin.py:137} INFO - [2023-05-07T22:27:31.077+0000] {dag.py:2690} INFO - Sync 1 DAGs
[2023-05-07T22:27:31.099+0000] {logging_mixin.py:137} INFO - [2023-05-07T22:27:31.098+0000] {dag.py:3437} INFO - Setting next_dagrun for example_branch_python_operator_decorator to 2023-05-06T00:00:00+00:00, run_after=2023-05-07T00:00:00+00:00
[2023-05-07T22:27:31.147+0000] {processor.py:175} INFO - Processing /usr/local/python/3.10.4/lib/python3.10/site-packages/airflow/example_dags/example_branch_operator_decorator.py took 0.116 seconds
[2023-05-07T22:28:15.295+0000] {processor.py:153} INFO - Started process (PID=12579) to work on /usr/local/python/3.10.4/lib/python3.10/site-packages/airflow/example_dags/example_branch_operator_decorator.py
[2023-05-07T22:28:15.296+0000] {processor.py:743} INFO - Processing file /usr/local/python/3.10.4/lib/python3.10/site-packages/airflow/example_dags/example_branch_operator_decorator.py for tasks to queue
[2023-05-07T22:28:15.297+0000] {logging_mixin.py:137} INFO - [2023-05-07T22:28:15.297+0000] {dagbag.py:538} INFO - Filling up the DagBag from /usr/local/python/3.10.4/lib/python3.10/site-packages/airflow/example_dags/example_branch_operator_decorator.py
[2023-05-07T22:28:15.321+0000] {processor.py:753} INFO - DAG(s) dict_keys(['example_branch_python_operator_decorator']) retrieved from /usr/local/python/3.10.4/lib/python3.10/site-packages/airflow/example_dags/example_branch_operator_decorator.py
[2023-05-07T22:28:15.338+0000] {logging_mixin.py:137} INFO - [2023-05-07T22:28:15.338+0000] {dag.py:2690} INFO - Sync 1 DAGs
[2023-05-07T22:28:15.356+0000] {logging_mixin.py:137} INFO - [2023-05-07T22:28:15.356+0000] {dag.py:3437} INFO - Setting next_dagrun for example_branch_python_operator_decorator to 2023-05-06T00:00:00+00:00, run_after=2023-05-07T00:00:00+00:00
[2023-05-07T22:28:15.398+0000] {processor.py:175} INFO - Processing /usr/local/python/3.10.4/lib/python3.10/site-packages/airflow/example_dags/example_branch_operator_decorator.py took 0.105 seconds
[2023-05-07T22:28:58.325+0000] {processor.py:153} INFO - Started process (PID=12869) to work on /usr/local/python/3.10.4/lib/python3.10/site-packages/airflow/example_dags/example_branch_operator_decorator.py
[2023-05-07T22:28:58.326+0000] {processor.py:743} INFO - Processing file /usr/local/python/3.10.4/lib/python3.10/site-packages/airflow/example_dags/example_branch_operator_decorator.py for tasks to queue
[2023-05-07T22:28:58.326+0000] {logging_mixin.py:137} INFO - [2023-05-07T22:28:58.326+0000] {dagbag.py:538} INFO - Filling up the DagBag from /usr/local/python/3.10.4/lib/python3.10/site-packages/airflow/example_dags/example_branch_operator_decorator.py
[2023-05-07T22:28:58.359+0000] {processor.py:753} INFO - DAG(s) dict_keys(['example_branch_python_operator_decorator']) retrieved from /usr/local/python/3.10.4/lib/python3.10/site-packages/airflow/example_dags/example_branch_operator_decorator.py
[2023-05-07T22:28:58.376+0000] {logging_mixin.py:137} INFO - [2023-05-07T22:28:58.376+0000] {dag.py:2690} INFO - Sync 1 DAGs
[2023-05-07T22:28:58.395+0000] {logging_mixin.py:137} INFO - [2023-05-07T22:28:58.395+0000] {dag.py:3437} INFO - Setting next_dagrun for example_branch_python_operator_decorator to 2023-05-06T00:00:00+00:00, run_after=2023-05-07T00:00:00+00:00
[2023-05-07T22:28:58.556+0000] {processor.py:175} INFO - Processing /usr/local/python/3.10.4/lib/python3.10/site-packages/airflow/example_dags/example_branch_operator_decorator.py took 0.234 seconds
[2023-05-07T22:29:41.255+0000] {processor.py:153} INFO - Started process (PID=13158) to work on /usr/local/python/3.10.4/lib/python3.10/site-packages/airflow/example_dags/example_branch_operator_decorator.py
[2023-05-07T22:29:41.256+0000] {processor.py:743} INFO - Processing file /usr/local/python/3.10.4/lib/python3.10/site-packages/airflow/example_dags/example_branch_operator_decorator.py for tasks to queue
[2023-05-07T22:29:41.256+0000] {logging_mixin.py:137} INFO - [2023-05-07T22:29:41.256+0000] {dagbag.py:538} INFO - Filling up the DagBag from /usr/local/python/3.10.4/lib/python3.10/site-packages/airflow/example_dags/example_branch_operator_decorator.py
[2023-05-07T22:29:41.280+0000] {processor.py:753} INFO - DAG(s) dict_keys(['example_branch_python_operator_decorator']) retrieved from /usr/local/python/3.10.4/lib/python3.10/site-packages/airflow/example_dags/example_branch_operator_decorator.py
[2023-05-07T22:29:41.296+0000] {logging_mixin.py:137} INFO - [2023-05-07T22:29:41.296+0000] {dag.py:2690} INFO - Sync 1 DAGs
[2023-05-07T22:29:41.315+0000] {logging_mixin.py:137} INFO - [2023-05-07T22:29:41.315+0000] {dag.py:3437} INFO - Setting next_dagrun for example_branch_python_operator_decorator to 2023-05-06T00:00:00+00:00, run_after=2023-05-07T00:00:00+00:00
[2023-05-07T22:29:41.466+0000] {processor.py:175} INFO - Processing /usr/local/python/3.10.4/lib/python3.10/site-packages/airflow/example_dags/example_branch_operator_decorator.py took 0.215 seconds
[2023-05-07T22:30:20.942+0000] {processor.py:153} INFO - Started process (PID=13442) to work on /usr/local/python/3.10.4/lib/python3.10/site-packages/airflow/example_dags/example_branch_operator_decorator.py
[2023-05-07T22:30:20.943+0000] {processor.py:743} INFO - Processing file /usr/local/python/3.10.4/lib/python3.10/site-packages/airflow/example_dags/example_branch_operator_decorator.py for tasks to queue
[2023-05-07T22:30:20.943+0000] {logging_mixin.py:137} INFO - [2023-05-07T22:30:20.943+0000] {dagbag.py:538} INFO - Filling up the DagBag from /usr/local/python/3.10.4/lib/python3.10/site-packages/airflow/example_dags/example_branch_operator_decorator.py
[2023-05-07T22:30:20.967+0000] {processor.py:753} INFO - DAG(s) dict_keys(['example_branch_python_operator_decorator']) retrieved from /usr/local/python/3.10.4/lib/python3.10/site-packages/airflow/example_dags/example_branch_operator_decorator.py
[2023-05-07T22:30:20.984+0000] {logging_mixin.py:137} INFO - [2023-05-07T22:30:20.984+0000] {dag.py:2690} INFO - Sync 1 DAGs
[2023-05-07T22:30:21.114+0000] {logging_mixin.py:137} INFO - [2023-05-07T22:30:21.114+0000] {dag.py:3437} INFO - Setting next_dagrun for example_branch_python_operator_decorator to 2023-05-06T00:00:00+00:00, run_after=2023-05-07T00:00:00+00:00
[2023-05-07T22:30:21.155+0000] {processor.py:175} INFO - Processing /usr/local/python/3.10.4/lib/python3.10/site-packages/airflow/example_dags/example_branch_operator_decorator.py took 0.217 seconds
[2023-05-07T22:31:10.936+0000] {processor.py:153} INFO - Started process (PID=13773) to work on /usr/local/python/3.10.4/lib/python3.10/site-packages/airflow/example_dags/example_branch_operator_decorator.py
[2023-05-07T22:31:10.936+0000] {processor.py:743} INFO - Processing file /usr/local/python/3.10.4/lib/python3.10/site-packages/airflow/example_dags/example_branch_operator_decorator.py for tasks to queue
[2023-05-07T22:31:10.937+0000] {logging_mixin.py:137} INFO - [2023-05-07T22:31:10.937+0000] {dagbag.py:538} INFO - Filling up the DagBag from /usr/local/python/3.10.4/lib/python3.10/site-packages/airflow/example_dags/example_branch_operator_decorator.py
[2023-05-07T22:31:10.964+0000] {processor.py:753} INFO - DAG(s) dict_keys(['example_branch_python_operator_decorator']) retrieved from /usr/local/python/3.10.4/lib/python3.10/site-packages/airflow/example_dags/example_branch_operator_decorator.py
[2023-05-07T22:31:10.983+0000] {logging_mixin.py:137} INFO - [2023-05-07T22:31:10.983+0000] {dag.py:2690} INFO - Sync 1 DAGs
[2023-05-07T22:31:11.112+0000] {logging_mixin.py:137} INFO - [2023-05-07T22:31:11.112+0000] {dag.py:3437} INFO - Setting next_dagrun for example_branch_python_operator_decorator to 2023-05-06T00:00:00+00:00, run_after=2023-05-07T00:00:00+00:00
[2023-05-07T22:31:11.152+0000] {processor.py:175} INFO - Processing /usr/local/python/3.10.4/lib/python3.10/site-packages/airflow/example_dags/example_branch_operator_decorator.py took 0.219 seconds
[2023-05-07T22:31:59.573+0000] {processor.py:153} INFO - Started process (PID=14091) to work on /usr/local/python/3.10.4/lib/python3.10/site-packages/airflow/example_dags/example_branch_operator_decorator.py
[2023-05-07T22:31:59.573+0000] {processor.py:743} INFO - Processing file /usr/local/python/3.10.4/lib/python3.10/site-packages/airflow/example_dags/example_branch_operator_decorator.py for tasks to queue
[2023-05-07T22:31:59.574+0000] {logging_mixin.py:137} INFO - [2023-05-07T22:31:59.574+0000] {dagbag.py:538} INFO - Filling up the DagBag from /usr/local/python/3.10.4/lib/python3.10/site-packages/airflow/example_dags/example_branch_operator_decorator.py
[2023-05-07T22:31:59.598+0000] {processor.py:753} INFO - DAG(s) dict_keys(['example_branch_python_operator_decorator']) retrieved from /usr/local/python/3.10.4/lib/python3.10/site-packages/airflow/example_dags/example_branch_operator_decorator.py
[2023-05-07T22:31:59.759+0000] {logging_mixin.py:137} INFO - [2023-05-07T22:31:59.758+0000] {dag.py:2690} INFO - Sync 1 DAGs
[2023-05-07T22:31:59.784+0000] {logging_mixin.py:137} INFO - [2023-05-07T22:31:59.784+0000] {dag.py:3437} INFO - Setting next_dagrun for example_branch_python_operator_decorator to 2023-05-06T00:00:00+00:00, run_after=2023-05-07T00:00:00+00:00
[2023-05-07T22:31:59.829+0000] {processor.py:175} INFO - Processing /usr/local/python/3.10.4/lib/python3.10/site-packages/airflow/example_dags/example_branch_operator_decorator.py took 0.260 seconds
[2023-05-07T22:32:43.840+0000] {processor.py:153} INFO - Started process (PID=14416) to work on /usr/local/python/3.10.4/lib/python3.10/site-packages/airflow/example_dags/example_branch_operator_decorator.py
[2023-05-07T22:32:43.840+0000] {processor.py:743} INFO - Processing file /usr/local/python/3.10.4/lib/python3.10/site-packages/airflow/example_dags/example_branch_operator_decorator.py for tasks to queue
[2023-05-07T22:32:43.841+0000] {logging_mixin.py:137} INFO - [2023-05-07T22:32:43.841+0000] {dagbag.py:538} INFO - Filling up the DagBag from /usr/local/python/3.10.4/lib/python3.10/site-packages/airflow/example_dags/example_branch_operator_decorator.py
[2023-05-07T22:32:43.979+0000] {processor.py:753} INFO - DAG(s) dict_keys(['example_branch_python_operator_decorator']) retrieved from /usr/local/python/3.10.4/lib/python3.10/site-packages/airflow/example_dags/example_branch_operator_decorator.py
[2023-05-07T22:32:43.993+0000] {logging_mixin.py:137} INFO - [2023-05-07T22:32:43.993+0000] {dag.py:2690} INFO - Sync 1 DAGs
[2023-05-07T22:32:44.009+0000] {logging_mixin.py:137} INFO - [2023-05-07T22:32:44.009+0000] {dag.py:3437} INFO - Setting next_dagrun for example_branch_python_operator_decorator to 2023-05-06T00:00:00+00:00, run_after=2023-05-07T00:00:00+00:00
[2023-05-07T22:32:44.049+0000] {processor.py:175} INFO - Processing /usr/local/python/3.10.4/lib/python3.10/site-packages/airflow/example_dags/example_branch_operator_decorator.py took 0.213 seconds
[2023-05-07T22:33:34.295+0000] {processor.py:153} INFO - Started process (PID=14772) to work on /usr/local/python/3.10.4/lib/python3.10/site-packages/airflow/example_dags/example_branch_operator_decorator.py
[2023-05-07T22:33:34.295+0000] {processor.py:743} INFO - Processing file /usr/local/python/3.10.4/lib/python3.10/site-packages/airflow/example_dags/example_branch_operator_decorator.py for tasks to queue
[2023-05-07T22:33:34.296+0000] {logging_mixin.py:137} INFO - [2023-05-07T22:33:34.296+0000] {dagbag.py:538} INFO - Filling up the DagBag from /usr/local/python/3.10.4/lib/python3.10/site-packages/airflow/example_dags/example_branch_operator_decorator.py
[2023-05-07T22:33:34.431+0000] {processor.py:753} INFO - DAG(s) dict_keys(['example_branch_python_operator_decorator']) retrieved from /usr/local/python/3.10.4/lib/python3.10/site-packages/airflow/example_dags/example_branch_operator_decorator.py
[2023-05-07T22:33:34.449+0000] {logging_mixin.py:137} INFO - [2023-05-07T22:33:34.449+0000] {dag.py:2690} INFO - Sync 1 DAGs
[2023-05-07T22:33:34.476+0000] {logging_mixin.py:137} INFO - [2023-05-07T22:33:34.476+0000] {dag.py:3437} INFO - Setting next_dagrun for example_branch_python_operator_decorator to 2023-05-06T00:00:00+00:00, run_after=2023-05-07T00:00:00+00:00
[2023-05-07T22:33:34.538+0000] {processor.py:175} INFO - Processing /usr/local/python/3.10.4/lib/python3.10/site-packages/airflow/example_dags/example_branch_operator_decorator.py took 0.247 seconds
[2023-05-07T22:34:22.989+0000] {processor.py:153} INFO - Started process (PID=15159) to work on /usr/local/python/3.10.4/lib/python3.10/site-packages/airflow/example_dags/example_branch_operator_decorator.py
[2023-05-07T22:34:22.990+0000] {processor.py:743} INFO - Processing file /usr/local/python/3.10.4/lib/python3.10/site-packages/airflow/example_dags/example_branch_operator_decorator.py for tasks to queue
[2023-05-07T22:34:22.990+0000] {logging_mixin.py:137} INFO - [2023-05-07T22:34:22.990+0000] {dagbag.py:538} INFO - Filling up the DagBag from /usr/local/python/3.10.4/lib/python3.10/site-packages/airflow/example_dags/example_branch_operator_decorator.py
[2023-05-07T22:34:23.191+0000] {processor.py:753} INFO - DAG(s) dict_keys(['example_branch_python_operator_decorator']) retrieved from /usr/local/python/3.10.4/lib/python3.10/site-packages/airflow/example_dags/example_branch_operator_decorator.py
[2023-05-07T22:34:23.211+0000] {logging_mixin.py:137} INFO - [2023-05-07T22:34:23.211+0000] {dag.py:2690} INFO - Sync 1 DAGs
[2023-05-07T22:34:23.241+0000] {logging_mixin.py:137} INFO - [2023-05-07T22:34:23.241+0000] {dag.py:3437} INFO - Setting next_dagrun for example_branch_python_operator_decorator to 2023-05-06T00:00:00+00:00, run_after=2023-05-07T00:00:00+00:00
[2023-05-07T22:34:23.283+0000] {processor.py:175} INFO - Processing /usr/local/python/3.10.4/lib/python3.10/site-packages/airflow/example_dags/example_branch_operator_decorator.py took 0.297 seconds
[2023-05-07T22:35:03.855+0000] {processor.py:153} INFO - Started process (PID=15444) to work on /usr/local/python/3.10.4/lib/python3.10/site-packages/airflow/example_dags/example_branch_operator_decorator.py
[2023-05-07T22:35:03.856+0000] {processor.py:743} INFO - Processing file /usr/local/python/3.10.4/lib/python3.10/site-packages/airflow/example_dags/example_branch_operator_decorator.py for tasks to queue
[2023-05-07T22:35:03.857+0000] {logging_mixin.py:137} INFO - [2023-05-07T22:35:03.856+0000] {dagbag.py:538} INFO - Filling up the DagBag from /usr/local/python/3.10.4/lib/python3.10/site-packages/airflow/example_dags/example_branch_operator_decorator.py
[2023-05-07T22:35:03.886+0000] {processor.py:753} INFO - DAG(s) dict_keys(['example_branch_python_operator_decorator']) retrieved from /usr/local/python/3.10.4/lib/python3.10/site-packages/airflow/example_dags/example_branch_operator_decorator.py
[2023-05-07T22:35:03.913+0000] {logging_mixin.py:137} INFO - [2023-05-07T22:35:03.912+0000] {dag.py:2690} INFO - Sync 1 DAGs
[2023-05-07T22:35:03.941+0000] {logging_mixin.py:137} INFO - [2023-05-07T22:35:03.941+0000] {dag.py:3437} INFO - Setting next_dagrun for example_branch_python_operator_decorator to 2023-05-06T00:00:00+00:00, run_after=2023-05-07T00:00:00+00:00
[2023-05-07T22:35:03.994+0000] {processor.py:175} INFO - Processing /usr/local/python/3.10.4/lib/python3.10/site-packages/airflow/example_dags/example_branch_operator_decorator.py took 0.142 seconds
[2023-05-07T22:35:44.267+0000] {processor.py:153} INFO - Started process (PID=15722) to work on /usr/local/python/3.10.4/lib/python3.10/site-packages/airflow/example_dags/example_branch_operator_decorator.py
[2023-05-07T22:35:44.267+0000] {processor.py:743} INFO - Processing file /usr/local/python/3.10.4/lib/python3.10/site-packages/airflow/example_dags/example_branch_operator_decorator.py for tasks to queue
[2023-05-07T22:35:44.268+0000] {logging_mixin.py:137} INFO - [2023-05-07T22:35:44.268+0000] {dagbag.py:538} INFO - Filling up the DagBag from /usr/local/python/3.10.4/lib/python3.10/site-packages/airflow/example_dags/example_branch_operator_decorator.py
[2023-05-07T22:35:44.299+0000] {processor.py:753} INFO - DAG(s) dict_keys(['example_branch_python_operator_decorator']) retrieved from /usr/local/python/3.10.4/lib/python3.10/site-packages/airflow/example_dags/example_branch_operator_decorator.py
[2023-05-07T22:35:44.317+0000] {logging_mixin.py:137} INFO - [2023-05-07T22:35:44.317+0000] {dag.py:2690} INFO - Sync 1 DAGs
[2023-05-07T22:35:44.335+0000] {logging_mixin.py:137} INFO - [2023-05-07T22:35:44.335+0000] {dag.py:3437} INFO - Setting next_dagrun for example_branch_python_operator_decorator to 2023-05-06T00:00:00+00:00, run_after=2023-05-07T00:00:00+00:00
[2023-05-07T22:35:44.383+0000] {processor.py:175} INFO - Processing /usr/local/python/3.10.4/lib/python3.10/site-packages/airflow/example_dags/example_branch_operator_decorator.py took 0.119 seconds
[2023-05-07T22:36:30.449+0000] {processor.py:153} INFO - Started process (PID=16065) to work on /usr/local/python/3.10.4/lib/python3.10/site-packages/airflow/example_dags/example_branch_operator_decorator.py
[2023-05-07T22:36:30.450+0000] {processor.py:743} INFO - Processing file /usr/local/python/3.10.4/lib/python3.10/site-packages/airflow/example_dags/example_branch_operator_decorator.py for tasks to queue
[2023-05-07T22:36:30.451+0000] {logging_mixin.py:137} INFO - [2023-05-07T22:36:30.450+0000] {dagbag.py:538} INFO - Filling up the DagBag from /usr/local/python/3.10.4/lib/python3.10/site-packages/airflow/example_dags/example_branch_operator_decorator.py
[2023-05-07T22:36:30.475+0000] {processor.py:753} INFO - DAG(s) dict_keys(['example_branch_python_operator_decorator']) retrieved from /usr/local/python/3.10.4/lib/python3.10/site-packages/airflow/example_dags/example_branch_operator_decorator.py
[2023-05-07T22:36:30.493+0000] {logging_mixin.py:137} INFO - [2023-05-07T22:36:30.492+0000] {dag.py:2690} INFO - Sync 1 DAGs
[2023-05-07T22:36:30.511+0000] {logging_mixin.py:137} INFO - [2023-05-07T22:36:30.511+0000] {dag.py:3437} INFO - Setting next_dagrun for example_branch_python_operator_decorator to 2023-05-06T00:00:00+00:00, run_after=2023-05-07T00:00:00+00:00
[2023-05-07T22:36:30.552+0000] {processor.py:175} INFO - Processing /usr/local/python/3.10.4/lib/python3.10/site-packages/airflow/example_dags/example_branch_operator_decorator.py took 0.105 seconds
[2023-05-07T22:37:13.445+0000] {processor.py:153} INFO - Started process (PID=16364) to work on /usr/local/python/3.10.4/lib/python3.10/site-packages/airflow/example_dags/example_branch_operator_decorator.py
[2023-05-07T22:37:13.446+0000] {processor.py:743} INFO - Processing file /usr/local/python/3.10.4/lib/python3.10/site-packages/airflow/example_dags/example_branch_operator_decorator.py for tasks to queue
[2023-05-07T22:37:13.446+0000] {logging_mixin.py:137} INFO - [2023-05-07T22:37:13.446+0000] {dagbag.py:538} INFO - Filling up the DagBag from /usr/local/python/3.10.4/lib/python3.10/site-packages/airflow/example_dags/example_branch_operator_decorator.py
[2023-05-07T22:37:13.471+0000] {processor.py:753} INFO - DAG(s) dict_keys(['example_branch_python_operator_decorator']) retrieved from /usr/local/python/3.10.4/lib/python3.10/site-packages/airflow/example_dags/example_branch_operator_decorator.py
[2023-05-07T22:37:13.488+0000] {logging_mixin.py:137} INFO - [2023-05-07T22:37:13.488+0000] {dag.py:2690} INFO - Sync 1 DAGs
[2023-05-07T22:37:13.514+0000] {logging_mixin.py:137} INFO - [2023-05-07T22:37:13.514+0000] {dag.py:3437} INFO - Setting next_dagrun for example_branch_python_operator_decorator to 2023-05-06T00:00:00+00:00, run_after=2023-05-07T00:00:00+00:00
[2023-05-07T22:37:13.559+0000] {processor.py:175} INFO - Processing /usr/local/python/3.10.4/lib/python3.10/site-packages/airflow/example_dags/example_branch_operator_decorator.py took 0.117 seconds
[2023-05-07T22:37:57.700+0000] {processor.py:153} INFO - Started process (PID=16688) to work on /usr/local/python/3.10.4/lib/python3.10/site-packages/airflow/example_dags/example_branch_operator_decorator.py
[2023-05-07T22:37:57.701+0000] {processor.py:743} INFO - Processing file /usr/local/python/3.10.4/lib/python3.10/site-packages/airflow/example_dags/example_branch_operator_decorator.py for tasks to queue
[2023-05-07T22:37:57.702+0000] {logging_mixin.py:137} INFO - [2023-05-07T22:37:57.702+0000] {dagbag.py:538} INFO - Filling up the DagBag from /usr/local/python/3.10.4/lib/python3.10/site-packages/airflow/example_dags/example_branch_operator_decorator.py
[2023-05-07T22:37:57.740+0000] {processor.py:753} INFO - DAG(s) dict_keys(['example_branch_python_operator_decorator']) retrieved from /usr/local/python/3.10.4/lib/python3.10/site-packages/airflow/example_dags/example_branch_operator_decorator.py
[2023-05-07T22:37:57.775+0000] {logging_mixin.py:137} INFO - [2023-05-07T22:37:57.775+0000] {dag.py:2690} INFO - Sync 1 DAGs
[2023-05-07T22:37:57.806+0000] {logging_mixin.py:137} INFO - [2023-05-07T22:37:57.806+0000] {dag.py:3437} INFO - Setting next_dagrun for example_branch_python_operator_decorator to 2023-05-06T00:00:00+00:00, run_after=2023-05-07T00:00:00+00:00
[2023-05-07T22:37:57.857+0000] {processor.py:175} INFO - Processing /usr/local/python/3.10.4/lib/python3.10/site-packages/airflow/example_dags/example_branch_operator_decorator.py took 0.161 seconds
[2023-05-07T22:38:42.699+0000] {processor.py:153} INFO - Started process (PID=17026) to work on /usr/local/python/3.10.4/lib/python3.10/site-packages/airflow/example_dags/example_branch_operator_decorator.py
[2023-05-07T22:38:42.700+0000] {processor.py:743} INFO - Processing file /usr/local/python/3.10.4/lib/python3.10/site-packages/airflow/example_dags/example_branch_operator_decorator.py for tasks to queue
[2023-05-07T22:38:42.700+0000] {logging_mixin.py:137} INFO - [2023-05-07T22:38:42.700+0000] {dagbag.py:538} INFO - Filling up the DagBag from /usr/local/python/3.10.4/lib/python3.10/site-packages/airflow/example_dags/example_branch_operator_decorator.py
[2023-05-07T22:38:42.725+0000] {processor.py:753} INFO - DAG(s) dict_keys(['example_branch_python_operator_decorator']) retrieved from /usr/local/python/3.10.4/lib/python3.10/site-packages/airflow/example_dags/example_branch_operator_decorator.py
[2023-05-07T22:38:42.743+0000] {logging_mixin.py:137} INFO - [2023-05-07T22:38:42.743+0000] {dag.py:2690} INFO - Sync 1 DAGs
[2023-05-07T22:38:42.762+0000] {logging_mixin.py:137} INFO - [2023-05-07T22:38:42.762+0000] {dag.py:3437} INFO - Setting next_dagrun for example_branch_python_operator_decorator to 2023-05-06T00:00:00+00:00, run_after=2023-05-07T00:00:00+00:00
[2023-05-07T22:38:42.804+0000] {processor.py:175} INFO - Processing /usr/local/python/3.10.4/lib/python3.10/site-packages/airflow/example_dags/example_branch_operator_decorator.py took 0.108 seconds
[2023-05-07T22:39:26.014+0000] {processor.py:153} INFO - Started process (PID=17332) to work on /usr/local/python/3.10.4/lib/python3.10/site-packages/airflow/example_dags/example_branch_operator_decorator.py
[2023-05-07T22:39:26.015+0000] {processor.py:743} INFO - Processing file /usr/local/python/3.10.4/lib/python3.10/site-packages/airflow/example_dags/example_branch_operator_decorator.py for tasks to queue
[2023-05-07T22:39:26.015+0000] {logging_mixin.py:137} INFO - [2023-05-07T22:39:26.015+0000] {dagbag.py:538} INFO - Filling up the DagBag from /usr/local/python/3.10.4/lib/python3.10/site-packages/airflow/example_dags/example_branch_operator_decorator.py
[2023-05-07T22:39:26.040+0000] {processor.py:753} INFO - DAG(s) dict_keys(['example_branch_python_operator_decorator']) retrieved from /usr/local/python/3.10.4/lib/python3.10/site-packages/airflow/example_dags/example_branch_operator_decorator.py
[2023-05-07T22:39:26.057+0000] {logging_mixin.py:137} INFO - [2023-05-07T22:39:26.056+0000] {dag.py:2690} INFO - Sync 1 DAGs
[2023-05-07T22:39:26.076+0000] {logging_mixin.py:137} INFO - [2023-05-07T22:39:26.076+0000] {dag.py:3437} INFO - Setting next_dagrun for example_branch_python_operator_decorator to 2023-05-06T00:00:00+00:00, run_after=2023-05-07T00:00:00+00:00
[2023-05-07T22:39:26.116+0000] {processor.py:175} INFO - Processing /usr/local/python/3.10.4/lib/python3.10/site-packages/airflow/example_dags/example_branch_operator_decorator.py took 0.105 seconds
[2023-05-07T22:40:09.266+0000] {processor.py:153} INFO - Started process (PID=17648) to work on /usr/local/python/3.10.4/lib/python3.10/site-packages/airflow/example_dags/example_branch_operator_decorator.py
[2023-05-07T22:40:09.266+0000] {processor.py:743} INFO - Processing file /usr/local/python/3.10.4/lib/python3.10/site-packages/airflow/example_dags/example_branch_operator_decorator.py for tasks to queue
[2023-05-07T22:40:09.267+0000] {logging_mixin.py:137} INFO - [2023-05-07T22:40:09.267+0000] {dagbag.py:538} INFO - Filling up the DagBag from /usr/local/python/3.10.4/lib/python3.10/site-packages/airflow/example_dags/example_branch_operator_decorator.py
[2023-05-07T22:40:09.291+0000] {processor.py:753} INFO - DAG(s) dict_keys(['example_branch_python_operator_decorator']) retrieved from /usr/local/python/3.10.4/lib/python3.10/site-packages/airflow/example_dags/example_branch_operator_decorator.py
[2023-05-07T22:40:09.309+0000] {logging_mixin.py:137} INFO - [2023-05-07T22:40:09.309+0000] {dag.py:2690} INFO - Sync 1 DAGs
[2023-05-07T22:40:09.327+0000] {logging_mixin.py:137} INFO - [2023-05-07T22:40:09.326+0000] {dag.py:3437} INFO - Setting next_dagrun for example_branch_python_operator_decorator to 2023-05-06T00:00:00+00:00, run_after=2023-05-07T00:00:00+00:00
[2023-05-07T22:40:09.368+0000] {processor.py:175} INFO - Processing /usr/local/python/3.10.4/lib/python3.10/site-packages/airflow/example_dags/example_branch_operator_decorator.py took 0.106 seconds
[2023-05-07T22:40:50.951+0000] {processor.py:153} INFO - Started process (PID=17972) to work on /usr/local/python/3.10.4/lib/python3.10/site-packages/airflow/example_dags/example_branch_operator_decorator.py
[2023-05-07T22:40:50.952+0000] {processor.py:743} INFO - Processing file /usr/local/python/3.10.4/lib/python3.10/site-packages/airflow/example_dags/example_branch_operator_decorator.py for tasks to queue
[2023-05-07T22:40:50.953+0000] {logging_mixin.py:137} INFO - [2023-05-07T22:40:50.953+0000] {dagbag.py:538} INFO - Filling up the DagBag from /usr/local/python/3.10.4/lib/python3.10/site-packages/airflow/example_dags/example_branch_operator_decorator.py
[2023-05-07T22:40:50.977+0000] {processor.py:753} INFO - DAG(s) dict_keys(['example_branch_python_operator_decorator']) retrieved from /usr/local/python/3.10.4/lib/python3.10/site-packages/airflow/example_dags/example_branch_operator_decorator.py
[2023-05-07T22:40:50.995+0000] {logging_mixin.py:137} INFO - [2023-05-07T22:40:50.995+0000] {dag.py:2690} INFO - Sync 1 DAGs
[2023-05-07T22:40:51.013+0000] {logging_mixin.py:137} INFO - [2023-05-07T22:40:51.013+0000] {dag.py:3437} INFO - Setting next_dagrun for example_branch_python_operator_decorator to 2023-05-06T00:00:00+00:00, run_after=2023-05-07T00:00:00+00:00
[2023-05-07T22:40:51.053+0000] {processor.py:175} INFO - Processing /usr/local/python/3.10.4/lib/python3.10/site-packages/airflow/example_dags/example_branch_operator_decorator.py took 0.104 seconds
[2023-05-07T22:41:30.606+0000] {processor.py:153} INFO - Started process (PID=18254) to work on /usr/local/python/3.10.4/lib/python3.10/site-packages/airflow/example_dags/example_branch_operator_decorator.py
[2023-05-07T22:41:30.606+0000] {processor.py:743} INFO - Processing file /usr/local/python/3.10.4/lib/python3.10/site-packages/airflow/example_dags/example_branch_operator_decorator.py for tasks to queue
[2023-05-07T22:41:30.608+0000] {logging_mixin.py:137} INFO - [2023-05-07T22:41:30.608+0000] {dagbag.py:538} INFO - Filling up the DagBag from /usr/local/python/3.10.4/lib/python3.10/site-packages/airflow/example_dags/example_branch_operator_decorator.py
[2023-05-07T22:41:30.632+0000] {processor.py:753} INFO - DAG(s) dict_keys(['example_branch_python_operator_decorator']) retrieved from /usr/local/python/3.10.4/lib/python3.10/site-packages/airflow/example_dags/example_branch_operator_decorator.py
[2023-05-07T22:41:30.649+0000] {logging_mixin.py:137} INFO - [2023-05-07T22:41:30.648+0000] {dag.py:2690} INFO - Sync 1 DAGs
[2023-05-07T22:41:30.666+0000] {logging_mixin.py:137} INFO - [2023-05-07T22:41:30.666+0000] {dag.py:3437} INFO - Setting next_dagrun for example_branch_python_operator_decorator to 2023-05-06T00:00:00+00:00, run_after=2023-05-07T00:00:00+00:00
[2023-05-07T22:41:30.706+0000] {processor.py:175} INFO - Processing /usr/local/python/3.10.4/lib/python3.10/site-packages/airflow/example_dags/example_branch_operator_decorator.py took 0.105 seconds
[2023-05-07T22:42:10.968+0000] {processor.py:153} INFO - Started process (PID=18586) to work on /usr/local/python/3.10.4/lib/python3.10/site-packages/airflow/example_dags/example_branch_operator_decorator.py
[2023-05-07T22:42:10.969+0000] {processor.py:743} INFO - Processing file /usr/local/python/3.10.4/lib/python3.10/site-packages/airflow/example_dags/example_branch_operator_decorator.py for tasks to queue
[2023-05-07T22:42:10.969+0000] {logging_mixin.py:137} INFO - [2023-05-07T22:42:10.969+0000] {dagbag.py:538} INFO - Filling up the DagBag from /usr/local/python/3.10.4/lib/python3.10/site-packages/airflow/example_dags/example_branch_operator_decorator.py
[2023-05-07T22:42:10.996+0000] {processor.py:753} INFO - DAG(s) dict_keys(['example_branch_python_operator_decorator']) retrieved from /usr/local/python/3.10.4/lib/python3.10/site-packages/airflow/example_dags/example_branch_operator_decorator.py
[2023-05-07T22:42:11.012+0000] {logging_mixin.py:137} INFO - [2023-05-07T22:42:11.012+0000] {dag.py:2690} INFO - Sync 1 DAGs
[2023-05-07T22:42:11.030+0000] {logging_mixin.py:137} INFO - [2023-05-07T22:42:11.030+0000] {dag.py:3437} INFO - Setting next_dagrun for example_branch_python_operator_decorator to 2023-05-06T00:00:00+00:00, run_after=2023-05-07T00:00:00+00:00
[2023-05-07T22:42:11.081+0000] {processor.py:175} INFO - Processing /usr/local/python/3.10.4/lib/python3.10/site-packages/airflow/example_dags/example_branch_operator_decorator.py took 0.116 seconds
[2023-05-07T22:42:54.045+0000] {processor.py:153} INFO - Started process (PID=18960) to work on /usr/local/python/3.10.4/lib/python3.10/site-packages/airflow/example_dags/example_branch_operator_decorator.py
[2023-05-07T22:42:54.046+0000] {processor.py:743} INFO - Processing file /usr/local/python/3.10.4/lib/python3.10/site-packages/airflow/example_dags/example_branch_operator_decorator.py for tasks to queue
[2023-05-07T22:42:54.047+0000] {logging_mixin.py:137} INFO - [2023-05-07T22:42:54.047+0000] {dagbag.py:538} INFO - Filling up the DagBag from /usr/local/python/3.10.4/lib/python3.10/site-packages/airflow/example_dags/example_branch_operator_decorator.py
[2023-05-07T22:42:54.071+0000] {processor.py:753} INFO - DAG(s) dict_keys(['example_branch_python_operator_decorator']) retrieved from /usr/local/python/3.10.4/lib/python3.10/site-packages/airflow/example_dags/example_branch_operator_decorator.py
[2023-05-07T22:42:54.088+0000] {logging_mixin.py:137} INFO - [2023-05-07T22:42:54.088+0000] {dag.py:2690} INFO - Sync 1 DAGs
[2023-05-07T22:42:54.107+0000] {logging_mixin.py:137} INFO - [2023-05-07T22:42:54.107+0000] {dag.py:3437} INFO - Setting next_dagrun for example_branch_python_operator_decorator to 2023-05-06T00:00:00+00:00, run_after=2023-05-07T00:00:00+00:00
[2023-05-07T22:42:54.148+0000] {processor.py:175} INFO - Processing /usr/local/python/3.10.4/lib/python3.10/site-packages/airflow/example_dags/example_branch_operator_decorator.py took 0.105 seconds
[2023-05-07T22:43:38.616+0000] {processor.py:153} INFO - Started process (PID=19480) to work on /usr/local/python/3.10.4/lib/python3.10/site-packages/airflow/example_dags/example_branch_operator_decorator.py
[2023-05-07T22:43:38.617+0000] {processor.py:743} INFO - Processing file /usr/local/python/3.10.4/lib/python3.10/site-packages/airflow/example_dags/example_branch_operator_decorator.py for tasks to queue
[2023-05-07T22:43:38.617+0000] {logging_mixin.py:137} INFO - [2023-05-07T22:43:38.617+0000] {dagbag.py:538} INFO - Filling up the DagBag from /usr/local/python/3.10.4/lib/python3.10/site-packages/airflow/example_dags/example_branch_operator_decorator.py
[2023-05-07T22:43:38.641+0000] {processor.py:753} INFO - DAG(s) dict_keys(['example_branch_python_operator_decorator']) retrieved from /usr/local/python/3.10.4/lib/python3.10/site-packages/airflow/example_dags/example_branch_operator_decorator.py
[2023-05-07T22:43:38.658+0000] {logging_mixin.py:137} INFO - [2023-05-07T22:43:38.658+0000] {dag.py:2690} INFO - Sync 1 DAGs
[2023-05-07T22:43:38.676+0000] {logging_mixin.py:137} INFO - [2023-05-07T22:43:38.676+0000] {dag.py:3437} INFO - Setting next_dagrun for example_branch_python_operator_decorator to 2023-05-06T00:00:00+00:00, run_after=2023-05-07T00:00:00+00:00
[2023-05-07T22:43:38.716+0000] {processor.py:175} INFO - Processing /usr/local/python/3.10.4/lib/python3.10/site-packages/airflow/example_dags/example_branch_operator_decorator.py took 0.103 seconds
[2023-05-07T22:44:18.762+0000] {processor.py:153} INFO - Started process (PID=19909) to work on /usr/local/python/3.10.4/lib/python3.10/site-packages/airflow/example_dags/example_branch_operator_decorator.py
[2023-05-07T22:44:18.763+0000] {processor.py:743} INFO - Processing file /usr/local/python/3.10.4/lib/python3.10/site-packages/airflow/example_dags/example_branch_operator_decorator.py for tasks to queue
[2023-05-07T22:44:18.763+0000] {logging_mixin.py:137} INFO - [2023-05-07T22:44:18.763+0000] {dagbag.py:538} INFO - Filling up the DagBag from /usr/local/python/3.10.4/lib/python3.10/site-packages/airflow/example_dags/example_branch_operator_decorator.py
[2023-05-07T22:44:18.788+0000] {processor.py:753} INFO - DAG(s) dict_keys(['example_branch_python_operator_decorator']) retrieved from /usr/local/python/3.10.4/lib/python3.10/site-packages/airflow/example_dags/example_branch_operator_decorator.py
[2023-05-07T22:44:18.805+0000] {logging_mixin.py:137} INFO - [2023-05-07T22:44:18.805+0000] {dag.py:2690} INFO - Sync 1 DAGs
[2023-05-07T22:44:18.824+0000] {logging_mixin.py:137} INFO - [2023-05-07T22:44:18.824+0000] {dag.py:3437} INFO - Setting next_dagrun for example_branch_python_operator_decorator to 2023-05-06T00:00:00+00:00, run_after=2023-05-07T00:00:00+00:00
[2023-05-07T22:44:18.868+0000] {processor.py:175} INFO - Processing /usr/local/python/3.10.4/lib/python3.10/site-packages/airflow/example_dags/example_branch_operator_decorator.py took 0.109 seconds
[2023-05-07T22:45:03.029+0000] {processor.py:153} INFO - Started process (PID=20276) to work on /usr/local/python/3.10.4/lib/python3.10/site-packages/airflow/example_dags/example_branch_operator_decorator.py
[2023-05-07T22:45:03.030+0000] {processor.py:743} INFO - Processing file /usr/local/python/3.10.4/lib/python3.10/site-packages/airflow/example_dags/example_branch_operator_decorator.py for tasks to queue
[2023-05-07T22:45:03.030+0000] {logging_mixin.py:137} INFO - [2023-05-07T22:45:03.030+0000] {dagbag.py:538} INFO - Filling up the DagBag from /usr/local/python/3.10.4/lib/python3.10/site-packages/airflow/example_dags/example_branch_operator_decorator.py
[2023-05-07T22:45:03.054+0000] {processor.py:753} INFO - DAG(s) dict_keys(['example_branch_python_operator_decorator']) retrieved from /usr/local/python/3.10.4/lib/python3.10/site-packages/airflow/example_dags/example_branch_operator_decorator.py
[2023-05-07T22:45:03.072+0000] {logging_mixin.py:137} INFO - [2023-05-07T22:45:03.072+0000] {dag.py:2690} INFO - Sync 1 DAGs
[2023-05-07T22:45:03.091+0000] {logging_mixin.py:137} INFO - [2023-05-07T22:45:03.091+0000] {dag.py:3437} INFO - Setting next_dagrun for example_branch_python_operator_decorator to 2023-05-06T00:00:00+00:00, run_after=2023-05-07T00:00:00+00:00
[2023-05-07T22:45:03.138+0000] {processor.py:175} INFO - Processing /usr/local/python/3.10.4/lib/python3.10/site-packages/airflow/example_dags/example_branch_operator_decorator.py took 0.113 seconds
[2023-05-07T22:45:47.342+0000] {processor.py:153} INFO - Started process (PID=20709) to work on /usr/local/python/3.10.4/lib/python3.10/site-packages/airflow/example_dags/example_branch_operator_decorator.py
[2023-05-07T22:45:47.343+0000] {processor.py:743} INFO - Processing file /usr/local/python/3.10.4/lib/python3.10/site-packages/airflow/example_dags/example_branch_operator_decorator.py for tasks to queue
[2023-05-07T22:45:47.343+0000] {logging_mixin.py:137} INFO - [2023-05-07T22:45:47.343+0000] {dagbag.py:538} INFO - Filling up the DagBag from /usr/local/python/3.10.4/lib/python3.10/site-packages/airflow/example_dags/example_branch_operator_decorator.py
[2023-05-07T22:45:47.370+0000] {processor.py:753} INFO - DAG(s) dict_keys(['example_branch_python_operator_decorator']) retrieved from /usr/local/python/3.10.4/lib/python3.10/site-packages/airflow/example_dags/example_branch_operator_decorator.py
[2023-05-07T22:45:47.388+0000] {logging_mixin.py:137} INFO - [2023-05-07T22:45:47.387+0000] {dag.py:2690} INFO - Sync 1 DAGs
[2023-05-07T22:45:47.406+0000] {logging_mixin.py:137} INFO - [2023-05-07T22:45:47.405+0000] {dag.py:3437} INFO - Setting next_dagrun for example_branch_python_operator_decorator to 2023-05-06T00:00:00+00:00, run_after=2023-05-07T00:00:00+00:00
[2023-05-07T22:45:47.448+0000] {processor.py:175} INFO - Processing /usr/local/python/3.10.4/lib/python3.10/site-packages/airflow/example_dags/example_branch_operator_decorator.py took 0.109 seconds
[2023-05-07T22:46:30.358+0000] {processor.py:153} INFO - Started process (PID=21176) to work on /usr/local/python/3.10.4/lib/python3.10/site-packages/airflow/example_dags/example_branch_operator_decorator.py
[2023-05-07T22:46:30.359+0000] {processor.py:743} INFO - Processing file /usr/local/python/3.10.4/lib/python3.10/site-packages/airflow/example_dags/example_branch_operator_decorator.py for tasks to queue
[2023-05-07T22:46:30.359+0000] {logging_mixin.py:137} INFO - [2023-05-07T22:46:30.359+0000] {dagbag.py:538} INFO - Filling up the DagBag from /usr/local/python/3.10.4/lib/python3.10/site-packages/airflow/example_dags/example_branch_operator_decorator.py
[2023-05-07T22:46:30.383+0000] {processor.py:753} INFO - DAG(s) dict_keys(['example_branch_python_operator_decorator']) retrieved from /usr/local/python/3.10.4/lib/python3.10/site-packages/airflow/example_dags/example_branch_operator_decorator.py
[2023-05-07T22:46:30.400+0000] {logging_mixin.py:137} INFO - [2023-05-07T22:46:30.400+0000] {dag.py:2690} INFO - Sync 1 DAGs
[2023-05-07T22:46:30.418+0000] {logging_mixin.py:137} INFO - [2023-05-07T22:46:30.418+0000] {dag.py:3437} INFO - Setting next_dagrun for example_branch_python_operator_decorator to 2023-05-06T00:00:00+00:00, run_after=2023-05-07T00:00:00+00:00
[2023-05-07T22:46:30.459+0000] {processor.py:175} INFO - Processing /usr/local/python/3.10.4/lib/python3.10/site-packages/airflow/example_dags/example_branch_operator_decorator.py took 0.104 seconds
[2023-05-07T22:47:14.626+0000] {processor.py:153} INFO - Started process (PID=21551) to work on /usr/local/python/3.10.4/lib/python3.10/site-packages/airflow/example_dags/example_branch_operator_decorator.py
[2023-05-07T22:47:14.627+0000] {processor.py:743} INFO - Processing file /usr/local/python/3.10.4/lib/python3.10/site-packages/airflow/example_dags/example_branch_operator_decorator.py for tasks to queue
[2023-05-07T22:47:14.628+0000] {logging_mixin.py:137} INFO - [2023-05-07T22:47:14.628+0000] {dagbag.py:538} INFO - Filling up the DagBag from /usr/local/python/3.10.4/lib/python3.10/site-packages/airflow/example_dags/example_branch_operator_decorator.py
[2023-05-07T22:47:14.652+0000] {processor.py:753} INFO - DAG(s) dict_keys(['example_branch_python_operator_decorator']) retrieved from /usr/local/python/3.10.4/lib/python3.10/site-packages/airflow/example_dags/example_branch_operator_decorator.py
[2023-05-07T22:47:14.669+0000] {logging_mixin.py:137} INFO - [2023-05-07T22:47:14.669+0000] {dag.py:2690} INFO - Sync 1 DAGs
[2023-05-07T22:47:14.688+0000] {logging_mixin.py:137} INFO - [2023-05-07T22:47:14.688+0000] {dag.py:3437} INFO - Setting next_dagrun for example_branch_python_operator_decorator to 2023-05-06T00:00:00+00:00, run_after=2023-05-07T00:00:00+00:00
[2023-05-07T22:47:14.730+0000] {processor.py:175} INFO - Processing /usr/local/python/3.10.4/lib/python3.10/site-packages/airflow/example_dags/example_branch_operator_decorator.py took 0.107 seconds
[2023-05-07T22:47:55.241+0000] {processor.py:153} INFO - Started process (PID=21832) to work on /usr/local/python/3.10.4/lib/python3.10/site-packages/airflow/example_dags/example_branch_operator_decorator.py
[2023-05-07T22:47:55.242+0000] {processor.py:743} INFO - Processing file /usr/local/python/3.10.4/lib/python3.10/site-packages/airflow/example_dags/example_branch_operator_decorator.py for tasks to queue
[2023-05-07T22:47:55.242+0000] {logging_mixin.py:137} INFO - [2023-05-07T22:47:55.242+0000] {dagbag.py:538} INFO - Filling up the DagBag from /usr/local/python/3.10.4/lib/python3.10/site-packages/airflow/example_dags/example_branch_operator_decorator.py
[2023-05-07T22:47:55.268+0000] {processor.py:753} INFO - DAG(s) dict_keys(['example_branch_python_operator_decorator']) retrieved from /usr/local/python/3.10.4/lib/python3.10/site-packages/airflow/example_dags/example_branch_operator_decorator.py
[2023-05-07T22:47:55.285+0000] {logging_mixin.py:137} INFO - [2023-05-07T22:47:55.285+0000] {dag.py:2690} INFO - Sync 1 DAGs
[2023-05-07T22:47:55.305+0000] {logging_mixin.py:137} INFO - [2023-05-07T22:47:55.305+0000] {dag.py:3437} INFO - Setting next_dagrun for example_branch_python_operator_decorator to 2023-05-06T00:00:00+00:00, run_after=2023-05-07T00:00:00+00:00
[2023-05-07T22:47:55.345+0000] {processor.py:175} INFO - Processing /usr/local/python/3.10.4/lib/python3.10/site-packages/airflow/example_dags/example_branch_operator_decorator.py took 0.106 seconds
[2023-05-07T22:48:40.377+0000] {processor.py:153} INFO - Started process (PID=22272) to work on /usr/local/python/3.10.4/lib/python3.10/site-packages/airflow/example_dags/example_branch_operator_decorator.py
[2023-05-07T22:48:40.378+0000] {processor.py:743} INFO - Processing file /usr/local/python/3.10.4/lib/python3.10/site-packages/airflow/example_dags/example_branch_operator_decorator.py for tasks to queue
[2023-05-07T22:48:40.379+0000] {logging_mixin.py:137} INFO - [2023-05-07T22:48:40.379+0000] {dagbag.py:538} INFO - Filling up the DagBag from /usr/local/python/3.10.4/lib/python3.10/site-packages/airflow/example_dags/example_branch_operator_decorator.py
[2023-05-07T22:48:40.404+0000] {processor.py:753} INFO - DAG(s) dict_keys(['example_branch_python_operator_decorator']) retrieved from /usr/local/python/3.10.4/lib/python3.10/site-packages/airflow/example_dags/example_branch_operator_decorator.py
[2023-05-07T22:48:40.429+0000] {logging_mixin.py:137} INFO - [2023-05-07T22:48:40.429+0000] {dag.py:2690} INFO - Sync 1 DAGs
[2023-05-07T22:48:40.452+0000] {logging_mixin.py:137} INFO - [2023-05-07T22:48:40.452+0000] {dag.py:3437} INFO - Setting next_dagrun for example_branch_python_operator_decorator to 2023-05-06T00:00:00+00:00, run_after=2023-05-07T00:00:00+00:00
[2023-05-07T22:48:40.492+0000] {processor.py:175} INFO - Processing /usr/local/python/3.10.4/lib/python3.10/site-packages/airflow/example_dags/example_branch_operator_decorator.py took 0.117 seconds
[2023-05-07T22:49:25.221+0000] {processor.py:153} INFO - Started process (PID=22768) to work on /usr/local/python/3.10.4/lib/python3.10/site-packages/airflow/example_dags/example_branch_operator_decorator.py
[2023-05-07T22:49:25.222+0000] {processor.py:743} INFO - Processing file /usr/local/python/3.10.4/lib/python3.10/site-packages/airflow/example_dags/example_branch_operator_decorator.py for tasks to queue
[2023-05-07T22:49:25.223+0000] {logging_mixin.py:137} INFO - [2023-05-07T22:49:25.223+0000] {dagbag.py:538} INFO - Filling up the DagBag from /usr/local/python/3.10.4/lib/python3.10/site-packages/airflow/example_dags/example_branch_operator_decorator.py
[2023-05-07T22:49:25.248+0000] {processor.py:753} INFO - DAG(s) dict_keys(['example_branch_python_operator_decorator']) retrieved from /usr/local/python/3.10.4/lib/python3.10/site-packages/airflow/example_dags/example_branch_operator_decorator.py
[2023-05-07T22:49:25.277+0000] {logging_mixin.py:137} INFO - [2023-05-07T22:49:25.277+0000] {dag.py:2690} INFO - Sync 1 DAGs
[2023-05-07T22:49:25.296+0000] {logging_mixin.py:137} INFO - [2023-05-07T22:49:25.296+0000] {dag.py:3437} INFO - Setting next_dagrun for example_branch_python_operator_decorator to 2023-05-06T00:00:00+00:00, run_after=2023-05-07T00:00:00+00:00
[2023-05-07T22:49:25.337+0000] {processor.py:175} INFO - Processing /usr/local/python/3.10.4/lib/python3.10/site-packages/airflow/example_dags/example_branch_operator_decorator.py took 0.119 seconds
[2023-05-07T22:50:07.685+0000] {processor.py:153} INFO - Started process (PID=23109) to work on /usr/local/python/3.10.4/lib/python3.10/site-packages/airflow/example_dags/example_branch_operator_decorator.py
[2023-05-07T22:50:07.686+0000] {processor.py:743} INFO - Processing file /usr/local/python/3.10.4/lib/python3.10/site-packages/airflow/example_dags/example_branch_operator_decorator.py for tasks to queue
[2023-05-07T22:50:07.686+0000] {logging_mixin.py:137} INFO - [2023-05-07T22:50:07.686+0000] {dagbag.py:538} INFO - Filling up the DagBag from /usr/local/python/3.10.4/lib/python3.10/site-packages/airflow/example_dags/example_branch_operator_decorator.py
[2023-05-07T22:50:07.711+0000] {processor.py:753} INFO - DAG(s) dict_keys(['example_branch_python_operator_decorator']) retrieved from /usr/local/python/3.10.4/lib/python3.10/site-packages/airflow/example_dags/example_branch_operator_decorator.py
[2023-05-07T22:50:07.728+0000] {logging_mixin.py:137} INFO - [2023-05-07T22:50:07.728+0000] {dag.py:2690} INFO - Sync 1 DAGs
[2023-05-07T22:50:07.746+0000] {logging_mixin.py:137} INFO - [2023-05-07T22:50:07.746+0000] {dag.py:3437} INFO - Setting next_dagrun for example_branch_python_operator_decorator to 2023-05-06T00:00:00+00:00, run_after=2023-05-07T00:00:00+00:00
[2023-05-07T22:50:07.785+0000] {processor.py:175} INFO - Processing /usr/local/python/3.10.4/lib/python3.10/site-packages/airflow/example_dags/example_branch_operator_decorator.py took 0.103 seconds
[2023-05-07T22:50:50.199+0000] {processor.py:153} INFO - Started process (PID=23431) to work on /usr/local/python/3.10.4/lib/python3.10/site-packages/airflow/example_dags/example_branch_operator_decorator.py
[2023-05-07T22:50:50.200+0000] {processor.py:743} INFO - Processing file /usr/local/python/3.10.4/lib/python3.10/site-packages/airflow/example_dags/example_branch_operator_decorator.py for tasks to queue
[2023-05-07T22:50:50.201+0000] {logging_mixin.py:137} INFO - [2023-05-07T22:50:50.200+0000] {dagbag.py:538} INFO - Filling up the DagBag from /usr/local/python/3.10.4/lib/python3.10/site-packages/airflow/example_dags/example_branch_operator_decorator.py
[2023-05-07T22:50:50.233+0000] {processor.py:753} INFO - DAG(s) dict_keys(['example_branch_python_operator_decorator']) retrieved from /usr/local/python/3.10.4/lib/python3.10/site-packages/airflow/example_dags/example_branch_operator_decorator.py
[2023-05-07T22:50:50.250+0000] {logging_mixin.py:137} INFO - [2023-05-07T22:50:50.250+0000] {dag.py:2690} INFO - Sync 1 DAGs
[2023-05-07T22:50:50.269+0000] {logging_mixin.py:137} INFO - [2023-05-07T22:50:50.269+0000] {dag.py:3437} INFO - Setting next_dagrun for example_branch_python_operator_decorator to 2023-05-06T00:00:00+00:00, run_after=2023-05-07T00:00:00+00:00
[2023-05-07T22:50:50.310+0000] {processor.py:175} INFO - Processing /usr/local/python/3.10.4/lib/python3.10/site-packages/airflow/example_dags/example_branch_operator_decorator.py took 0.114 seconds
[2023-05-07T22:51:33.413+0000] {processor.py:153} INFO - Started process (PID=23815) to work on /usr/local/python/3.10.4/lib/python3.10/site-packages/airflow/example_dags/example_branch_operator_decorator.py
[2023-05-07T22:51:33.414+0000] {processor.py:743} INFO - Processing file /usr/local/python/3.10.4/lib/python3.10/site-packages/airflow/example_dags/example_branch_operator_decorator.py for tasks to queue
[2023-05-07T22:51:33.414+0000] {logging_mixin.py:137} INFO - [2023-05-07T22:51:33.414+0000] {dagbag.py:538} INFO - Filling up the DagBag from /usr/local/python/3.10.4/lib/python3.10/site-packages/airflow/example_dags/example_branch_operator_decorator.py
[2023-05-07T22:51:33.437+0000] {processor.py:753} INFO - DAG(s) dict_keys(['example_branch_python_operator_decorator']) retrieved from /usr/local/python/3.10.4/lib/python3.10/site-packages/airflow/example_dags/example_branch_operator_decorator.py
[2023-05-07T22:51:33.454+0000] {logging_mixin.py:137} INFO - [2023-05-07T22:51:33.454+0000] {dag.py:2690} INFO - Sync 1 DAGs
[2023-05-07T22:51:33.473+0000] {logging_mixin.py:137} INFO - [2023-05-07T22:51:33.473+0000] {dag.py:3437} INFO - Setting next_dagrun for example_branch_python_operator_decorator to 2023-05-06T00:00:00+00:00, run_after=2023-05-07T00:00:00+00:00
[2023-05-07T22:51:33.515+0000] {processor.py:175} INFO - Processing /usr/local/python/3.10.4/lib/python3.10/site-packages/airflow/example_dags/example_branch_operator_decorator.py took 0.106 seconds
[2023-05-07T22:52:15.493+0000] {processor.py:153} INFO - Started process (PID=24004) to work on /usr/local/python/3.10.4/lib/python3.10/site-packages/airflow/example_dags/example_branch_operator_decorator.py
[2023-05-07T22:52:15.494+0000] {processor.py:743} INFO - Processing file /usr/local/python/3.10.4/lib/python3.10/site-packages/airflow/example_dags/example_branch_operator_decorator.py for tasks to queue
[2023-05-07T22:52:15.494+0000] {logging_mixin.py:137} INFO - [2023-05-07T22:52:15.494+0000] {dagbag.py:538} INFO - Filling up the DagBag from /usr/local/python/3.10.4/lib/python3.10/site-packages/airflow/example_dags/example_branch_operator_decorator.py
[2023-05-07T22:52:15.519+0000] {processor.py:753} INFO - DAG(s) dict_keys(['example_branch_python_operator_decorator']) retrieved from /usr/local/python/3.10.4/lib/python3.10/site-packages/airflow/example_dags/example_branch_operator_decorator.py
[2023-05-07T22:52:15.536+0000] {logging_mixin.py:137} INFO - [2023-05-07T22:52:15.535+0000] {dag.py:2690} INFO - Sync 1 DAGs
[2023-05-07T22:52:15.555+0000] {logging_mixin.py:137} INFO - [2023-05-07T22:52:15.555+0000] {dag.py:3437} INFO - Setting next_dagrun for example_branch_python_operator_decorator to 2023-05-06T00:00:00+00:00, run_after=2023-05-07T00:00:00+00:00
[2023-05-07T22:52:15.598+0000] {processor.py:175} INFO - Processing /usr/local/python/3.10.4/lib/python3.10/site-packages/airflow/example_dags/example_branch_operator_decorator.py took 0.108 seconds
[2023-05-07T22:52:58.372+0000] {processor.py:153} INFO - Started process (PID=24658) to work on /usr/local/python/3.10.4/lib/python3.10/site-packages/airflow/example_dags/example_branch_operator_decorator.py
[2023-05-07T22:52:58.374+0000] {processor.py:743} INFO - Processing file /usr/local/python/3.10.4/lib/python3.10/site-packages/airflow/example_dags/example_branch_operator_decorator.py for tasks to queue
[2023-05-07T22:52:58.375+0000] {logging_mixin.py:137} INFO - [2023-05-07T22:52:58.375+0000] {dagbag.py:538} INFO - Filling up the DagBag from /usr/local/python/3.10.4/lib/python3.10/site-packages/airflow/example_dags/example_branch_operator_decorator.py
[2023-05-07T22:52:58.427+0000] {processor.py:753} INFO - DAG(s) dict_keys(['example_branch_python_operator_decorator']) retrieved from /usr/local/python/3.10.4/lib/python3.10/site-packages/airflow/example_dags/example_branch_operator_decorator.py
[2023-05-07T22:52:58.463+0000] {logging_mixin.py:137} INFO - [2023-05-07T22:52:58.463+0000] {dag.py:2690} INFO - Sync 1 DAGs
[2023-05-07T22:52:58.490+0000] {logging_mixin.py:137} INFO - [2023-05-07T22:52:58.489+0000] {dag.py:3437} INFO - Setting next_dagrun for example_branch_python_operator_decorator to 2023-05-06T00:00:00+00:00, run_after=2023-05-07T00:00:00+00:00
[2023-05-07T22:52:58.550+0000] {processor.py:175} INFO - Processing /usr/local/python/3.10.4/lib/python3.10/site-packages/airflow/example_dags/example_branch_operator_decorator.py took 0.185 seconds
