[2023-05-07T22:22:15.214+0000] {processor.py:153} INFO - Started process (PID=9851) to work on /usr/local/python/3.10.4/lib/python3.10/site-packages/airflow/example_dags/example_latest_only.py
[2023-05-07T22:22:15.215+0000] {processor.py:743} INFO - Processing file /usr/local/python/3.10.4/lib/python3.10/site-packages/airflow/example_dags/example_latest_only.py for tasks to queue
[2023-05-07T22:22:15.216+0000] {logging_mixin.py:137} INFO - [2023-05-07T22:22:15.216+0000] {dagbag.py:538} INFO - Filling up the DagBag from /usr/local/python/3.10.4/lib/python3.10/site-packages/airflow/example_dags/example_latest_only.py
[2023-05-07T22:22:15.228+0000] {processor.py:753} INFO - DAG(s) dict_keys(['latest_only']) retrieved from /usr/local/python/3.10.4/lib/python3.10/site-packages/airflow/example_dags/example_latest_only.py
[2023-05-07T22:22:15.378+0000] {logging_mixin.py:137} INFO - [2023-05-07T22:22:15.377+0000] {manager.py:504} INFO - Created Permission View: can edit on DAG:latest_only
[2023-05-07T22:22:15.412+0000] {logging_mixin.py:137} INFO - [2023-05-07T22:22:15.412+0000] {manager.py:504} INFO - Created Permission View: can delete on DAG:latest_only
[2023-05-07T22:22:15.447+0000] {logging_mixin.py:137} INFO - [2023-05-07T22:22:15.447+0000] {manager.py:504} INFO - Created Permission View: can read on DAG:latest_only
[2023-05-07T22:22:15.447+0000] {logging_mixin.py:137} INFO - [2023-05-07T22:22:15.447+0000] {dag.py:2690} INFO - Sync 1 DAGs
[2023-05-07T22:22:15.456+0000] {logging_mixin.py:137} INFO - [2023-05-07T22:22:15.456+0000] {dag.py:2711} INFO - Creating ORM DAG for latest_only
[2023-05-07T22:22:15.464+0000] {logging_mixin.py:137} INFO - [2023-05-07T22:22:15.463+0000] {dag.py:3437} INFO - Setting next_dagrun for latest_only to 2023-05-07T18:22:15.463778+00:00, run_after=2023-05-07T22:22:15.463778+00:00
[2023-05-07T22:22:15.512+0000] {processor.py:175} INFO - Processing /usr/local/python/3.10.4/lib/python3.10/site-packages/airflow/example_dags/example_latest_only.py took 0.301 seconds
[2023-05-07T22:23:00.538+0000] {processor.py:153} INFO - Started process (PID=10186) to work on /usr/local/python/3.10.4/lib/python3.10/site-packages/airflow/example_dags/example_latest_only.py
[2023-05-07T22:23:00.539+0000] {processor.py:743} INFO - Processing file /usr/local/python/3.10.4/lib/python3.10/site-packages/airflow/example_dags/example_latest_only.py for tasks to queue
[2023-05-07T22:23:00.539+0000] {logging_mixin.py:137} INFO - [2023-05-07T22:23:00.539+0000] {dagbag.py:538} INFO - Filling up the DagBag from /usr/local/python/3.10.4/lib/python3.10/site-packages/airflow/example_dags/example_latest_only.py
[2023-05-07T22:23:00.552+0000] {processor.py:753} INFO - DAG(s) dict_keys(['latest_only']) retrieved from /usr/local/python/3.10.4/lib/python3.10/site-packages/airflow/example_dags/example_latest_only.py
[2023-05-07T22:23:00.569+0000] {logging_mixin.py:137} INFO - [2023-05-07T22:23:00.569+0000] {dag.py:2690} INFO - Sync 1 DAGs
[2023-05-07T22:23:00.586+0000] {logging_mixin.py:137} INFO - [2023-05-07T22:23:00.586+0000] {dag.py:3437} INFO - Setting next_dagrun for latest_only to 2023-05-07T18:23:00.585931+00:00, run_after=2023-05-07T22:23:00.585931+00:00
[2023-05-07T22:23:00.628+0000] {processor.py:175} INFO - Processing /usr/local/python/3.10.4/lib/python3.10/site-packages/airflow/example_dags/example_latest_only.py took 0.093 seconds
[2023-05-07T22:23:41.204+0000] {processor.py:153} INFO - Started process (PID=10572) to work on /usr/local/python/3.10.4/lib/python3.10/site-packages/airflow/example_dags/example_latest_only.py
[2023-05-07T22:23:41.204+0000] {processor.py:743} INFO - Processing file /usr/local/python/3.10.4/lib/python3.10/site-packages/airflow/example_dags/example_latest_only.py for tasks to queue
[2023-05-07T22:23:41.205+0000] {logging_mixin.py:137} INFO - [2023-05-07T22:23:41.205+0000] {dagbag.py:538} INFO - Filling up the DagBag from /usr/local/python/3.10.4/lib/python3.10/site-packages/airflow/example_dags/example_latest_only.py
[2023-05-07T22:23:41.217+0000] {processor.py:753} INFO - DAG(s) dict_keys(['latest_only']) retrieved from /usr/local/python/3.10.4/lib/python3.10/site-packages/airflow/example_dags/example_latest_only.py
[2023-05-07T22:23:41.234+0000] {logging_mixin.py:137} INFO - [2023-05-07T22:23:41.234+0000] {dag.py:2690} INFO - Sync 1 DAGs
[2023-05-07T22:23:41.250+0000] {logging_mixin.py:137} INFO - [2023-05-07T22:23:41.250+0000] {dag.py:3437} INFO - Setting next_dagrun for latest_only to 2023-05-07T18:23:41.250385+00:00, run_after=2023-05-07T22:23:41.250385+00:00
[2023-05-07T22:23:41.294+0000] {processor.py:175} INFO - Processing /usr/local/python/3.10.4/lib/python3.10/site-packages/airflow/example_dags/example_latest_only.py took 0.093 seconds
[2023-05-07T22:24:21.508+0000] {processor.py:153} INFO - Started process (PID=10878) to work on /usr/local/python/3.10.4/lib/python3.10/site-packages/airflow/example_dags/example_latest_only.py
[2023-05-07T22:24:21.508+0000] {processor.py:743} INFO - Processing file /usr/local/python/3.10.4/lib/python3.10/site-packages/airflow/example_dags/example_latest_only.py for tasks to queue
[2023-05-07T22:24:21.509+0000] {logging_mixin.py:137} INFO - [2023-05-07T22:24:21.509+0000] {dagbag.py:538} INFO - Filling up the DagBag from /usr/local/python/3.10.4/lib/python3.10/site-packages/airflow/example_dags/example_latest_only.py
[2023-05-07T22:24:21.522+0000] {processor.py:753} INFO - DAG(s) dict_keys(['latest_only']) retrieved from /usr/local/python/3.10.4/lib/python3.10/site-packages/airflow/example_dags/example_latest_only.py
[2023-05-07T22:24:21.538+0000] {logging_mixin.py:137} INFO - [2023-05-07T22:24:21.538+0000] {dag.py:2690} INFO - Sync 1 DAGs
[2023-05-07T22:24:21.555+0000] {logging_mixin.py:137} INFO - [2023-05-07T22:24:21.555+0000] {dag.py:3437} INFO - Setting next_dagrun for latest_only to 2023-05-07T18:24:21.555163+00:00, run_after=2023-05-07T22:24:21.555163+00:00
[2023-05-07T22:24:21.597+0000] {processor.py:175} INFO - Processing /usr/local/python/3.10.4/lib/python3.10/site-packages/airflow/example_dags/example_latest_only.py took 0.093 seconds
[2023-05-07T22:25:09.382+0000] {processor.py:153} INFO - Started process (PID=11247) to work on /usr/local/python/3.10.4/lib/python3.10/site-packages/airflow/example_dags/example_latest_only.py
[2023-05-07T22:25:09.386+0000] {processor.py:743} INFO - Processing file /usr/local/python/3.10.4/lib/python3.10/site-packages/airflow/example_dags/example_latest_only.py for tasks to queue
[2023-05-07T22:25:09.386+0000] {logging_mixin.py:137} INFO - [2023-05-07T22:25:09.386+0000] {dagbag.py:538} INFO - Filling up the DagBag from /usr/local/python/3.10.4/lib/python3.10/site-packages/airflow/example_dags/example_latest_only.py
[2023-05-07T22:25:09.399+0000] {processor.py:753} INFO - DAG(s) dict_keys(['latest_only']) retrieved from /usr/local/python/3.10.4/lib/python3.10/site-packages/airflow/example_dags/example_latest_only.py
[2023-05-07T22:25:09.415+0000] {logging_mixin.py:137} INFO - [2023-05-07T22:25:09.415+0000] {dag.py:2690} INFO - Sync 1 DAGs
[2023-05-07T22:25:09.432+0000] {logging_mixin.py:137} INFO - [2023-05-07T22:25:09.432+0000] {dag.py:3437} INFO - Setting next_dagrun for latest_only to 2023-05-07T18:25:09.432097+00:00, run_after=2023-05-07T22:25:09.432097+00:00
[2023-05-07T22:25:09.476+0000] {processor.py:175} INFO - Processing /usr/local/python/3.10.4/lib/python3.10/site-packages/airflow/example_dags/example_latest_only.py took 0.097 seconds
[2023-05-07T22:25:51.636+0000] {processor.py:153} INFO - Started process (PID=11571) to work on /usr/local/python/3.10.4/lib/python3.10/site-packages/airflow/example_dags/example_latest_only.py
[2023-05-07T22:25:51.638+0000] {processor.py:743} INFO - Processing file /usr/local/python/3.10.4/lib/python3.10/site-packages/airflow/example_dags/example_latest_only.py for tasks to queue
[2023-05-07T22:25:51.639+0000] {logging_mixin.py:137} INFO - [2023-05-07T22:25:51.638+0000] {dagbag.py:538} INFO - Filling up the DagBag from /usr/local/python/3.10.4/lib/python3.10/site-packages/airflow/example_dags/example_latest_only.py
[2023-05-07T22:25:51.660+0000] {processor.py:753} INFO - DAG(s) dict_keys(['latest_only']) retrieved from /usr/local/python/3.10.4/lib/python3.10/site-packages/airflow/example_dags/example_latest_only.py
[2023-05-07T22:25:51.679+0000] {logging_mixin.py:137} INFO - [2023-05-07T22:25:51.679+0000] {dag.py:2690} INFO - Sync 1 DAGs
[2023-05-07T22:25:51.697+0000] {logging_mixin.py:137} INFO - [2023-05-07T22:25:51.697+0000] {dag.py:3437} INFO - Setting next_dagrun for latest_only to 2023-05-07T18:25:51.697071+00:00, run_after=2023-05-07T22:25:51.697071+00:00
[2023-05-07T22:25:51.739+0000] {processor.py:175} INFO - Processing /usr/local/python/3.10.4/lib/python3.10/site-packages/airflow/example_dags/example_latest_only.py took 0.107 seconds
[2023-05-07T22:26:28.299+0000] {processor.py:153} INFO - Started process (PID=11823) to work on /usr/local/python/3.10.4/lib/python3.10/site-packages/airflow/example_dags/example_latest_only.py
[2023-05-07T22:26:28.300+0000] {processor.py:743} INFO - Processing file /usr/local/python/3.10.4/lib/python3.10/site-packages/airflow/example_dags/example_latest_only.py for tasks to queue
[2023-05-07T22:26:28.300+0000] {logging_mixin.py:137} INFO - [2023-05-07T22:26:28.300+0000] {dagbag.py:538} INFO - Filling up the DagBag from /usr/local/python/3.10.4/lib/python3.10/site-packages/airflow/example_dags/example_latest_only.py
[2023-05-07T22:26:28.313+0000] {processor.py:753} INFO - DAG(s) dict_keys(['latest_only']) retrieved from /usr/local/python/3.10.4/lib/python3.10/site-packages/airflow/example_dags/example_latest_only.py
[2023-05-07T22:26:28.328+0000] {logging_mixin.py:137} INFO - [2023-05-07T22:26:28.328+0000] {dag.py:2690} INFO - Sync 1 DAGs
[2023-05-07T22:26:28.346+0000] {logging_mixin.py:137} INFO - [2023-05-07T22:26:28.346+0000] {dag.py:3437} INFO - Setting next_dagrun for latest_only to 2023-05-07T18:26:28.346564+00:00, run_after=2023-05-07T22:26:28.346564+00:00
[2023-05-07T22:26:28.387+0000] {processor.py:175} INFO - Processing /usr/local/python/3.10.4/lib/python3.10/site-packages/airflow/example_dags/example_latest_only.py took 0.091 seconds
[2023-05-07T22:27:10.036+0000] {processor.py:153} INFO - Started process (PID=12106) to work on /usr/local/python/3.10.4/lib/python3.10/site-packages/airflow/example_dags/example_latest_only.py
[2023-05-07T22:27:10.037+0000] {processor.py:743} INFO - Processing file /usr/local/python/3.10.4/lib/python3.10/site-packages/airflow/example_dags/example_latest_only.py for tasks to queue
[2023-05-07T22:27:10.038+0000] {logging_mixin.py:137} INFO - [2023-05-07T22:27:10.038+0000] {dagbag.py:538} INFO - Filling up the DagBag from /usr/local/python/3.10.4/lib/python3.10/site-packages/airflow/example_dags/example_latest_only.py
[2023-05-07T22:27:10.050+0000] {processor.py:753} INFO - DAG(s) dict_keys(['latest_only']) retrieved from /usr/local/python/3.10.4/lib/python3.10/site-packages/airflow/example_dags/example_latest_only.py
[2023-05-07T22:27:10.067+0000] {logging_mixin.py:137} INFO - [2023-05-07T22:27:10.067+0000] {dag.py:2690} INFO - Sync 1 DAGs
[2023-05-07T22:27:10.088+0000] {logging_mixin.py:137} INFO - [2023-05-07T22:27:10.088+0000] {dag.py:3437} INFO - Setting next_dagrun for latest_only to 2023-05-07T18:27:10.088315+00:00, run_after=2023-05-07T22:27:10.088315+00:00
[2023-05-07T22:27:10.130+0000] {processor.py:175} INFO - Processing /usr/local/python/3.10.4/lib/python3.10/site-packages/airflow/example_dags/example_latest_only.py took 0.096 seconds
[2023-05-07T22:27:53.090+0000] {processor.py:153} INFO - Started process (PID=12394) to work on /usr/local/python/3.10.4/lib/python3.10/site-packages/airflow/example_dags/example_latest_only.py
[2023-05-07T22:27:53.091+0000] {processor.py:743} INFO - Processing file /usr/local/python/3.10.4/lib/python3.10/site-packages/airflow/example_dags/example_latest_only.py for tasks to queue
[2023-05-07T22:27:53.092+0000] {logging_mixin.py:137} INFO - [2023-05-07T22:27:53.092+0000] {dagbag.py:538} INFO - Filling up the DagBag from /usr/local/python/3.10.4/lib/python3.10/site-packages/airflow/example_dags/example_latest_only.py
[2023-05-07T22:27:53.105+0000] {processor.py:753} INFO - DAG(s) dict_keys(['latest_only']) retrieved from /usr/local/python/3.10.4/lib/python3.10/site-packages/airflow/example_dags/example_latest_only.py
[2023-05-07T22:27:53.128+0000] {logging_mixin.py:137} INFO - [2023-05-07T22:27:53.128+0000] {dag.py:2690} INFO - Sync 1 DAGs
[2023-05-07T22:27:53.156+0000] {logging_mixin.py:137} INFO - [2023-05-07T22:27:53.156+0000] {dag.py:3437} INFO - Setting next_dagrun for latest_only to 2023-05-07T18:27:53.156413+00:00, run_after=2023-05-07T22:27:53.156413+00:00
[2023-05-07T22:27:53.203+0000] {processor.py:175} INFO - Processing /usr/local/python/3.10.4/lib/python3.10/site-packages/airflow/example_dags/example_latest_only.py took 0.116 seconds
[2023-05-07T22:28:35.768+0000] {processor.py:153} INFO - Started process (PID=12721) to work on /usr/local/python/3.10.4/lib/python3.10/site-packages/airflow/example_dags/example_latest_only.py
[2023-05-07T22:28:35.769+0000] {processor.py:743} INFO - Processing file /usr/local/python/3.10.4/lib/python3.10/site-packages/airflow/example_dags/example_latest_only.py for tasks to queue
[2023-05-07T22:28:35.770+0000] {logging_mixin.py:137} INFO - [2023-05-07T22:28:35.770+0000] {dagbag.py:538} INFO - Filling up the DagBag from /usr/local/python/3.10.4/lib/python3.10/site-packages/airflow/example_dags/example_latest_only.py
[2023-05-07T22:28:35.783+0000] {processor.py:753} INFO - DAG(s) dict_keys(['latest_only']) retrieved from /usr/local/python/3.10.4/lib/python3.10/site-packages/airflow/example_dags/example_latest_only.py
[2023-05-07T22:28:35.799+0000] {logging_mixin.py:137} INFO - [2023-05-07T22:28:35.798+0000] {dag.py:2690} INFO - Sync 1 DAGs
[2023-05-07T22:28:35.815+0000] {logging_mixin.py:137} INFO - [2023-05-07T22:28:35.815+0000] {dag.py:3437} INFO - Setting next_dagrun for latest_only to 2023-05-07T18:28:35.815537+00:00, run_after=2023-05-07T22:28:35.815537+00:00
[2023-05-07T22:28:35.858+0000] {processor.py:175} INFO - Processing /usr/local/python/3.10.4/lib/python3.10/site-packages/airflow/example_dags/example_latest_only.py took 0.093 seconds
[2023-05-07T22:29:21.736+0000] {processor.py:153} INFO - Started process (PID=13018) to work on /usr/local/python/3.10.4/lib/python3.10/site-packages/airflow/example_dags/example_latest_only.py
[2023-05-07T22:29:21.737+0000] {processor.py:743} INFO - Processing file /usr/local/python/3.10.4/lib/python3.10/site-packages/airflow/example_dags/example_latest_only.py for tasks to queue
[2023-05-07T22:29:21.738+0000] {logging_mixin.py:137} INFO - [2023-05-07T22:29:21.738+0000] {dagbag.py:538} INFO - Filling up the DagBag from /usr/local/python/3.10.4/lib/python3.10/site-packages/airflow/example_dags/example_latest_only.py
[2023-05-07T22:29:21.751+0000] {processor.py:753} INFO - DAG(s) dict_keys(['latest_only']) retrieved from /usr/local/python/3.10.4/lib/python3.10/site-packages/airflow/example_dags/example_latest_only.py
[2023-05-07T22:29:21.766+0000] {logging_mixin.py:137} INFO - [2023-05-07T22:29:21.766+0000] {dag.py:2690} INFO - Sync 1 DAGs
[2023-05-07T22:29:21.784+0000] {logging_mixin.py:137} INFO - [2023-05-07T22:29:21.784+0000] {dag.py:3437} INFO - Setting next_dagrun for latest_only to 2023-05-07T18:29:21.784242+00:00, run_after=2023-05-07T22:29:21.784242+00:00
[2023-05-07T22:29:21.824+0000] {processor.py:175} INFO - Processing /usr/local/python/3.10.4/lib/python3.10/site-packages/airflow/example_dags/example_latest_only.py took 0.091 seconds
[2023-05-07T22:30:03.841+0000] {processor.py:153} INFO - Started process (PID=13315) to work on /usr/local/python/3.10.4/lib/python3.10/site-packages/airflow/example_dags/example_latest_only.py
[2023-05-07T22:30:03.842+0000] {processor.py:743} INFO - Processing file /usr/local/python/3.10.4/lib/python3.10/site-packages/airflow/example_dags/example_latest_only.py for tasks to queue
[2023-05-07T22:30:03.843+0000] {logging_mixin.py:137} INFO - [2023-05-07T22:30:03.843+0000] {dagbag.py:538} INFO - Filling up the DagBag from /usr/local/python/3.10.4/lib/python3.10/site-packages/airflow/example_dags/example_latest_only.py
[2023-05-07T22:30:03.859+0000] {processor.py:753} INFO - DAG(s) dict_keys(['latest_only']) retrieved from /usr/local/python/3.10.4/lib/python3.10/site-packages/airflow/example_dags/example_latest_only.py
[2023-05-07T22:30:03.875+0000] {logging_mixin.py:137} INFO - [2023-05-07T22:30:03.875+0000] {dag.py:2690} INFO - Sync 1 DAGs
[2023-05-07T22:30:03.892+0000] {logging_mixin.py:137} INFO - [2023-05-07T22:30:03.892+0000] {dag.py:3437} INFO - Setting next_dagrun for latest_only to 2023-05-07T18:30:03.891908+00:00, run_after=2023-05-07T22:30:03.891908+00:00
[2023-05-07T22:30:04.067+0000] {processor.py:175} INFO - Processing /usr/local/python/3.10.4/lib/python3.10/site-packages/airflow/example_dags/example_latest_only.py took 0.229 seconds
[2023-05-07T22:30:48.833+0000] {processor.py:153} INFO - Started process (PID=13628) to work on /usr/local/python/3.10.4/lib/python3.10/site-packages/airflow/example_dags/example_latest_only.py
[2023-05-07T22:30:48.843+0000] {processor.py:743} INFO - Processing file /usr/local/python/3.10.4/lib/python3.10/site-packages/airflow/example_dags/example_latest_only.py for tasks to queue
[2023-05-07T22:30:48.843+0000] {logging_mixin.py:137} INFO - [2023-05-07T22:30:48.843+0000] {dagbag.py:538} INFO - Filling up the DagBag from /usr/local/python/3.10.4/lib/python3.10/site-packages/airflow/example_dags/example_latest_only.py
[2023-05-07T22:30:48.866+0000] {processor.py:753} INFO - DAG(s) dict_keys(['latest_only']) retrieved from /usr/local/python/3.10.4/lib/python3.10/site-packages/airflow/example_dags/example_latest_only.py
[2023-05-07T22:30:48.908+0000] {logging_mixin.py:137} INFO - [2023-05-07T22:30:48.908+0000] {dag.py:2690} INFO - Sync 1 DAGs
[2023-05-07T22:30:49.096+0000] {logging_mixin.py:137} INFO - [2023-05-07T22:30:49.096+0000] {dag.py:3437} INFO - Setting next_dagrun for latest_only to 2023-05-07T18:30:49.095893+00:00, run_after=2023-05-07T22:30:49.095893+00:00
[2023-05-07T22:30:49.136+0000] {processor.py:175} INFO - Processing /usr/local/python/3.10.4/lib/python3.10/site-packages/airflow/example_dags/example_latest_only.py took 0.316 seconds
[2023-05-07T22:31:39.747+0000] {processor.py:153} INFO - Started process (PID=13977) to work on /usr/local/python/3.10.4/lib/python3.10/site-packages/airflow/example_dags/example_latest_only.py
[2023-05-07T22:31:39.748+0000] {processor.py:743} INFO - Processing file /usr/local/python/3.10.4/lib/python3.10/site-packages/airflow/example_dags/example_latest_only.py for tasks to queue
[2023-05-07T22:31:39.748+0000] {logging_mixin.py:137} INFO - [2023-05-07T22:31:39.748+0000] {dagbag.py:538} INFO - Filling up the DagBag from /usr/local/python/3.10.4/lib/python3.10/site-packages/airflow/example_dags/example_latest_only.py
[2023-05-07T22:31:39.761+0000] {processor.py:753} INFO - DAG(s) dict_keys(['latest_only']) retrieved from /usr/local/python/3.10.4/lib/python3.10/site-packages/airflow/example_dags/example_latest_only.py
[2023-05-07T22:31:39.777+0000] {logging_mixin.py:137} INFO - [2023-05-07T22:31:39.777+0000] {dag.py:2690} INFO - Sync 1 DAGs
[2023-05-07T22:31:39.899+0000] {logging_mixin.py:137} INFO - [2023-05-07T22:31:39.899+0000] {dag.py:3437} INFO - Setting next_dagrun for latest_only to 2023-05-07T18:31:39.899027+00:00, run_after=2023-05-07T22:31:39.899027+00:00
[2023-05-07T22:31:39.946+0000] {processor.py:175} INFO - Processing /usr/local/python/3.10.4/lib/python3.10/site-packages/airflow/example_dags/example_latest_only.py took 0.202 seconds
[2023-05-07T22:32:24.639+0000] {processor.py:153} INFO - Started process (PID=14272) to work on /usr/local/python/3.10.4/lib/python3.10/site-packages/airflow/example_dags/example_latest_only.py
[2023-05-07T22:32:24.640+0000] {processor.py:743} INFO - Processing file /usr/local/python/3.10.4/lib/python3.10/site-packages/airflow/example_dags/example_latest_only.py for tasks to queue
[2023-05-07T22:32:24.641+0000] {logging_mixin.py:137} INFO - [2023-05-07T22:32:24.641+0000] {dagbag.py:538} INFO - Filling up the DagBag from /usr/local/python/3.10.4/lib/python3.10/site-packages/airflow/example_dags/example_latest_only.py
[2023-05-07T22:32:24.657+0000] {processor.py:753} INFO - DAG(s) dict_keys(['latest_only']) retrieved from /usr/local/python/3.10.4/lib/python3.10/site-packages/airflow/example_dags/example_latest_only.py
[2023-05-07T22:32:24.788+0000] {logging_mixin.py:137} INFO - [2023-05-07T22:32:24.788+0000] {dag.py:2690} INFO - Sync 1 DAGs
[2023-05-07T22:32:24.803+0000] {logging_mixin.py:137} INFO - [2023-05-07T22:32:24.803+0000] {dag.py:3437} INFO - Setting next_dagrun for latest_only to 2023-05-07T18:32:24.803340+00:00, run_after=2023-05-07T22:32:24.803340+00:00
[2023-05-07T22:32:24.843+0000] {processor.py:175} INFO - Processing /usr/local/python/3.10.4/lib/python3.10/site-packages/airflow/example_dags/example_latest_only.py took 0.207 seconds
[2023-05-07T22:33:12.283+0000] {processor.py:153} INFO - Started process (PID=14624) to work on /usr/local/python/3.10.4/lib/python3.10/site-packages/airflow/example_dags/example_latest_only.py
[2023-05-07T22:33:12.284+0000] {processor.py:743} INFO - Processing file /usr/local/python/3.10.4/lib/python3.10/site-packages/airflow/example_dags/example_latest_only.py for tasks to queue
[2023-05-07T22:33:12.284+0000] {logging_mixin.py:137} INFO - [2023-05-07T22:33:12.284+0000] {dagbag.py:538} INFO - Filling up the DagBag from /usr/local/python/3.10.4/lib/python3.10/site-packages/airflow/example_dags/example_latest_only.py
[2023-05-07T22:33:12.296+0000] {processor.py:753} INFO - DAG(s) dict_keys(['latest_only']) retrieved from /usr/local/python/3.10.4/lib/python3.10/site-packages/airflow/example_dags/example_latest_only.py
[2023-05-07T22:33:12.421+0000] {logging_mixin.py:137} INFO - [2023-05-07T22:33:12.421+0000] {dag.py:2690} INFO - Sync 1 DAGs
[2023-05-07T22:33:12.440+0000] {logging_mixin.py:137} INFO - [2023-05-07T22:33:12.440+0000] {dag.py:3437} INFO - Setting next_dagrun for latest_only to 2023-05-07T18:33:12.440006+00:00, run_after=2023-05-07T22:33:12.440006+00:00
[2023-05-07T22:33:12.480+0000] {processor.py:175} INFO - Processing /usr/local/python/3.10.4/lib/python3.10/site-packages/airflow/example_dags/example_latest_only.py took 0.200 seconds
[2023-05-07T22:34:01.693+0000] {processor.py:153} INFO - Started process (PID=15010) to work on /usr/local/python/3.10.4/lib/python3.10/site-packages/airflow/example_dags/example_latest_only.py
[2023-05-07T22:34:01.694+0000] {processor.py:743} INFO - Processing file /usr/local/python/3.10.4/lib/python3.10/site-packages/airflow/example_dags/example_latest_only.py for tasks to queue
[2023-05-07T22:34:01.695+0000] {logging_mixin.py:137} INFO - [2023-05-07T22:34:01.694+0000] {dagbag.py:538} INFO - Filling up the DagBag from /usr/local/python/3.10.4/lib/python3.10/site-packages/airflow/example_dags/example_latest_only.py
[2023-05-07T22:34:01.823+0000] {processor.py:753} INFO - DAG(s) dict_keys(['latest_only']) retrieved from /usr/local/python/3.10.4/lib/python3.10/site-packages/airflow/example_dags/example_latest_only.py
[2023-05-07T22:34:01.836+0000] {logging_mixin.py:137} INFO - [2023-05-07T22:34:01.835+0000] {dag.py:2690} INFO - Sync 1 DAGs
[2023-05-07T22:34:01.850+0000] {logging_mixin.py:137} INFO - [2023-05-07T22:34:01.850+0000] {dag.py:3437} INFO - Setting next_dagrun for latest_only to 2023-05-07T18:34:01.850273+00:00, run_after=2023-05-07T22:34:01.850273+00:00
[2023-05-07T22:34:01.891+0000] {processor.py:175} INFO - Processing /usr/local/python/3.10.4/lib/python3.10/site-packages/airflow/example_dags/example_latest_only.py took 0.201 seconds
[2023-05-07T22:34:47.380+0000] {processor.py:153} INFO - Started process (PID=15340) to work on /usr/local/python/3.10.4/lib/python3.10/site-packages/airflow/example_dags/example_latest_only.py
[2023-05-07T22:34:47.381+0000] {processor.py:743} INFO - Processing file /usr/local/python/3.10.4/lib/python3.10/site-packages/airflow/example_dags/example_latest_only.py for tasks to queue
[2023-05-07T22:34:47.381+0000] {logging_mixin.py:137} INFO - [2023-05-07T22:34:47.381+0000] {dagbag.py:538} INFO - Filling up the DagBag from /usr/local/python/3.10.4/lib/python3.10/site-packages/airflow/example_dags/example_latest_only.py
[2023-05-07T22:34:47.394+0000] {processor.py:753} INFO - DAG(s) dict_keys(['latest_only']) retrieved from /usr/local/python/3.10.4/lib/python3.10/site-packages/airflow/example_dags/example_latest_only.py
[2023-05-07T22:34:47.410+0000] {logging_mixin.py:137} INFO - [2023-05-07T22:34:47.410+0000] {dag.py:2690} INFO - Sync 1 DAGs
[2023-05-07T22:34:47.427+0000] {logging_mixin.py:137} INFO - [2023-05-07T22:34:47.427+0000] {dag.py:3437} INFO - Setting next_dagrun for latest_only to 2023-05-07T18:34:47.427094+00:00, run_after=2023-05-07T22:34:47.427094+00:00
[2023-05-07T22:34:47.470+0000] {processor.py:175} INFO - Processing /usr/local/python/3.10.4/lib/python3.10/site-packages/airflow/example_dags/example_latest_only.py took 0.093 seconds
[2023-05-07T22:35:27.323+0000] {processor.py:153} INFO - Started process (PID=15616) to work on /usr/local/python/3.10.4/lib/python3.10/site-packages/airflow/example_dags/example_latest_only.py
[2023-05-07T22:35:27.324+0000] {processor.py:743} INFO - Processing file /usr/local/python/3.10.4/lib/python3.10/site-packages/airflow/example_dags/example_latest_only.py for tasks to queue
[2023-05-07T22:35:27.325+0000] {logging_mixin.py:137} INFO - [2023-05-07T22:35:27.325+0000] {dagbag.py:538} INFO - Filling up the DagBag from /usr/local/python/3.10.4/lib/python3.10/site-packages/airflow/example_dags/example_latest_only.py
[2023-05-07T22:35:27.338+0000] {processor.py:753} INFO - DAG(s) dict_keys(['latest_only']) retrieved from /usr/local/python/3.10.4/lib/python3.10/site-packages/airflow/example_dags/example_latest_only.py
[2023-05-07T22:35:27.354+0000] {logging_mixin.py:137} INFO - [2023-05-07T22:35:27.354+0000] {dag.py:2690} INFO - Sync 1 DAGs
[2023-05-07T22:35:27.372+0000] {logging_mixin.py:137} INFO - [2023-05-07T22:35:27.372+0000] {dag.py:3437} INFO - Setting next_dagrun for latest_only to 2023-05-07T18:35:27.372345+00:00, run_after=2023-05-07T22:35:27.372345+00:00
[2023-05-07T22:35:27.413+0000] {processor.py:175} INFO - Processing /usr/local/python/3.10.4/lib/python3.10/site-packages/airflow/example_dags/example_latest_only.py took 0.093 seconds
[2023-05-07T22:36:02.937+0000] {processor.py:153} INFO - Started process (PID=15854) to work on /usr/local/python/3.10.4/lib/python3.10/site-packages/airflow/example_dags/example_latest_only.py
[2023-05-07T22:36:02.938+0000] {processor.py:743} INFO - Processing file /usr/local/python/3.10.4/lib/python3.10/site-packages/airflow/example_dags/example_latest_only.py for tasks to queue
[2023-05-07T22:36:02.938+0000] {logging_mixin.py:137} INFO - [2023-05-07T22:36:02.938+0000] {dagbag.py:538} INFO - Filling up the DagBag from /usr/local/python/3.10.4/lib/python3.10/site-packages/airflow/example_dags/example_latest_only.py
[2023-05-07T22:36:02.952+0000] {processor.py:753} INFO - DAG(s) dict_keys(['latest_only']) retrieved from /usr/local/python/3.10.4/lib/python3.10/site-packages/airflow/example_dags/example_latest_only.py
[2023-05-07T22:36:02.968+0000] {logging_mixin.py:137} INFO - [2023-05-07T22:36:02.968+0000] {dag.py:2690} INFO - Sync 1 DAGs
[2023-05-07T22:36:02.988+0000] {logging_mixin.py:137} INFO - [2023-05-07T22:36:02.988+0000] {dag.py:3437} INFO - Setting next_dagrun for latest_only to 2023-05-07T18:36:02.988303+00:00, run_after=2023-05-07T22:36:02.988303+00:00
[2023-05-07T22:36:03.036+0000] {processor.py:175} INFO - Processing /usr/local/python/3.10.4/lib/python3.10/site-packages/airflow/example_dags/example_latest_only.py took 0.102 seconds
[2023-05-07T22:36:40.987+0000] {processor.py:153} INFO - Started process (PID=16142) to work on /usr/local/python/3.10.4/lib/python3.10/site-packages/airflow/example_dags/example_latest_only.py
[2023-05-07T22:36:40.987+0000] {processor.py:743} INFO - Processing file /usr/local/python/3.10.4/lib/python3.10/site-packages/airflow/example_dags/example_latest_only.py for tasks to queue
[2023-05-07T22:36:40.988+0000] {logging_mixin.py:137} INFO - [2023-05-07T22:36:40.988+0000] {dagbag.py:538} INFO - Filling up the DagBag from /usr/local/python/3.10.4/lib/python3.10/site-packages/airflow/example_dags/example_latest_only.py
[2023-05-07T22:36:41.000+0000] {processor.py:753} INFO - DAG(s) dict_keys(['latest_only']) retrieved from /usr/local/python/3.10.4/lib/python3.10/site-packages/airflow/example_dags/example_latest_only.py
[2023-05-07T22:36:41.017+0000] {logging_mixin.py:137} INFO - [2023-05-07T22:36:41.017+0000] {dag.py:2690} INFO - Sync 1 DAGs
[2023-05-07T22:36:41.034+0000] {logging_mixin.py:137} INFO - [2023-05-07T22:36:41.034+0000] {dag.py:3437} INFO - Setting next_dagrun for latest_only to 2023-05-07T18:36:41.034318+00:00, run_after=2023-05-07T22:36:41.034318+00:00
[2023-05-07T22:36:41.077+0000] {processor.py:175} INFO - Processing /usr/local/python/3.10.4/lib/python3.10/site-packages/airflow/example_dags/example_latest_only.py took 0.093 seconds
[2023-05-07T22:37:22.946+0000] {processor.py:153} INFO - Started process (PID=16434) to work on /usr/local/python/3.10.4/lib/python3.10/site-packages/airflow/example_dags/example_latest_only.py
[2023-05-07T22:37:22.947+0000] {processor.py:743} INFO - Processing file /usr/local/python/3.10.4/lib/python3.10/site-packages/airflow/example_dags/example_latest_only.py for tasks to queue
[2023-05-07T22:37:22.948+0000] {logging_mixin.py:137} INFO - [2023-05-07T22:37:22.948+0000] {dagbag.py:538} INFO - Filling up the DagBag from /usr/local/python/3.10.4/lib/python3.10/site-packages/airflow/example_dags/example_latest_only.py
[2023-05-07T22:37:22.961+0000] {processor.py:753} INFO - DAG(s) dict_keys(['latest_only']) retrieved from /usr/local/python/3.10.4/lib/python3.10/site-packages/airflow/example_dags/example_latest_only.py
[2023-05-07T22:37:22.978+0000] {logging_mixin.py:137} INFO - [2023-05-07T22:37:22.978+0000] {dag.py:2690} INFO - Sync 1 DAGs
[2023-05-07T22:37:22.995+0000] {logging_mixin.py:137} INFO - [2023-05-07T22:37:22.995+0000] {dag.py:3437} INFO - Setting next_dagrun for latest_only to 2023-05-07T18:37:22.995428+00:00, run_after=2023-05-07T22:37:22.995428+00:00
[2023-05-07T22:37:23.036+0000] {processor.py:175} INFO - Processing /usr/local/python/3.10.4/lib/python3.10/site-packages/airflow/example_dags/example_latest_only.py took 0.093 seconds
[2023-05-07T22:38:05.839+0000] {processor.py:153} INFO - Started process (PID=16757) to work on /usr/local/python/3.10.4/lib/python3.10/site-packages/airflow/example_dags/example_latest_only.py
[2023-05-07T22:38:05.839+0000] {processor.py:743} INFO - Processing file /usr/local/python/3.10.4/lib/python3.10/site-packages/airflow/example_dags/example_latest_only.py for tasks to queue
[2023-05-07T22:38:05.840+0000] {logging_mixin.py:137} INFO - [2023-05-07T22:38:05.840+0000] {dagbag.py:538} INFO - Filling up the DagBag from /usr/local/python/3.10.4/lib/python3.10/site-packages/airflow/example_dags/example_latest_only.py
[2023-05-07T22:38:05.852+0000] {processor.py:753} INFO - DAG(s) dict_keys(['latest_only']) retrieved from /usr/local/python/3.10.4/lib/python3.10/site-packages/airflow/example_dags/example_latest_only.py
[2023-05-07T22:38:05.868+0000] {logging_mixin.py:137} INFO - [2023-05-07T22:38:05.868+0000] {dag.py:2690} INFO - Sync 1 DAGs
[2023-05-07T22:38:05.885+0000] {logging_mixin.py:137} INFO - [2023-05-07T22:38:05.884+0000] {dag.py:3437} INFO - Setting next_dagrun for latest_only to 2023-05-07T18:38:05.884747+00:00, run_after=2023-05-07T22:38:05.884747+00:00
[2023-05-07T22:38:05.927+0000] {processor.py:175} INFO - Processing /usr/local/python/3.10.4/lib/python3.10/site-packages/airflow/example_dags/example_latest_only.py took 0.092 seconds
[2023-05-07T22:38:50.729+0000] {processor.py:153} INFO - Started process (PID=17082) to work on /usr/local/python/3.10.4/lib/python3.10/site-packages/airflow/example_dags/example_latest_only.py
[2023-05-07T22:38:50.730+0000] {processor.py:743} INFO - Processing file /usr/local/python/3.10.4/lib/python3.10/site-packages/airflow/example_dags/example_latest_only.py for tasks to queue
[2023-05-07T22:38:50.731+0000] {logging_mixin.py:137} INFO - [2023-05-07T22:38:50.731+0000] {dagbag.py:538} INFO - Filling up the DagBag from /usr/local/python/3.10.4/lib/python3.10/site-packages/airflow/example_dags/example_latest_only.py
[2023-05-07T22:38:50.744+0000] {processor.py:753} INFO - DAG(s) dict_keys(['latest_only']) retrieved from /usr/local/python/3.10.4/lib/python3.10/site-packages/airflow/example_dags/example_latest_only.py
[2023-05-07T22:38:50.760+0000] {logging_mixin.py:137} INFO - [2023-05-07T22:38:50.760+0000] {dag.py:2690} INFO - Sync 1 DAGs
[2023-05-07T22:38:50.778+0000] {logging_mixin.py:137} INFO - [2023-05-07T22:38:50.777+0000] {dag.py:3437} INFO - Setting next_dagrun for latest_only to 2023-05-07T18:38:50.777730+00:00, run_after=2023-05-07T22:38:50.777730+00:00
[2023-05-07T22:38:50.821+0000] {processor.py:175} INFO - Processing /usr/local/python/3.10.4/lib/python3.10/site-packages/airflow/example_dags/example_latest_only.py took 0.094 seconds
[2023-05-07T22:39:33.956+0000] {processor.py:153} INFO - Started process (PID=17391) to work on /usr/local/python/3.10.4/lib/python3.10/site-packages/airflow/example_dags/example_latest_only.py
[2023-05-07T22:39:33.957+0000] {processor.py:743} INFO - Processing file /usr/local/python/3.10.4/lib/python3.10/site-packages/airflow/example_dags/example_latest_only.py for tasks to queue
[2023-05-07T22:39:33.957+0000] {logging_mixin.py:137} INFO - [2023-05-07T22:39:33.957+0000] {dagbag.py:538} INFO - Filling up the DagBag from /usr/local/python/3.10.4/lib/python3.10/site-packages/airflow/example_dags/example_latest_only.py
[2023-05-07T22:39:33.970+0000] {processor.py:753} INFO - DAG(s) dict_keys(['latest_only']) retrieved from /usr/local/python/3.10.4/lib/python3.10/site-packages/airflow/example_dags/example_latest_only.py
[2023-05-07T22:39:33.986+0000] {logging_mixin.py:137} INFO - [2023-05-07T22:39:33.986+0000] {dag.py:2690} INFO - Sync 1 DAGs
[2023-05-07T22:39:34.004+0000] {logging_mixin.py:137} INFO - [2023-05-07T22:39:34.004+0000] {dag.py:3437} INFO - Setting next_dagrun for latest_only to 2023-05-07T18:39:34.004217+00:00, run_after=2023-05-07T22:39:34.004217+00:00
[2023-05-07T22:39:34.055+0000] {processor.py:175} INFO - Processing /usr/local/python/3.10.4/lib/python3.10/site-packages/airflow/example_dags/example_latest_only.py took 0.102 seconds
[2023-05-07T22:40:15.803+0000] {processor.py:153} INFO - Started process (PID=17703) to work on /usr/local/python/3.10.4/lib/python3.10/site-packages/airflow/example_dags/example_latest_only.py
[2023-05-07T22:40:15.803+0000] {processor.py:743} INFO - Processing file /usr/local/python/3.10.4/lib/python3.10/site-packages/airflow/example_dags/example_latest_only.py for tasks to queue
[2023-05-07T22:40:15.804+0000] {logging_mixin.py:137} INFO - [2023-05-07T22:40:15.804+0000] {dagbag.py:538} INFO - Filling up the DagBag from /usr/local/python/3.10.4/lib/python3.10/site-packages/airflow/example_dags/example_latest_only.py
[2023-05-07T22:40:15.816+0000] {processor.py:753} INFO - DAG(s) dict_keys(['latest_only']) retrieved from /usr/local/python/3.10.4/lib/python3.10/site-packages/airflow/example_dags/example_latest_only.py
[2023-05-07T22:40:15.835+0000] {logging_mixin.py:137} INFO - [2023-05-07T22:40:15.834+0000] {dag.py:2690} INFO - Sync 1 DAGs
[2023-05-07T22:40:15.852+0000] {logging_mixin.py:137} INFO - [2023-05-07T22:40:15.852+0000] {dag.py:3437} INFO - Setting next_dagrun for latest_only to 2023-05-07T18:40:15.851798+00:00, run_after=2023-05-07T22:40:15.851798+00:00
[2023-05-07T22:40:15.892+0000] {processor.py:175} INFO - Processing /usr/local/python/3.10.4/lib/python3.10/site-packages/airflow/example_dags/example_latest_only.py took 0.093 seconds
[2023-05-07T22:40:58.626+0000] {processor.py:153} INFO - Started process (PID=18033) to work on /usr/local/python/3.10.4/lib/python3.10/site-packages/airflow/example_dags/example_latest_only.py
[2023-05-07T22:40:58.627+0000] {processor.py:743} INFO - Processing file /usr/local/python/3.10.4/lib/python3.10/site-packages/airflow/example_dags/example_latest_only.py for tasks to queue
[2023-05-07T22:40:58.628+0000] {logging_mixin.py:137} INFO - [2023-05-07T22:40:58.628+0000] {dagbag.py:538} INFO - Filling up the DagBag from /usr/local/python/3.10.4/lib/python3.10/site-packages/airflow/example_dags/example_latest_only.py
[2023-05-07T22:40:58.641+0000] {processor.py:753} INFO - DAG(s) dict_keys(['latest_only']) retrieved from /usr/local/python/3.10.4/lib/python3.10/site-packages/airflow/example_dags/example_latest_only.py
[2023-05-07T22:40:58.657+0000] {logging_mixin.py:137} INFO - [2023-05-07T22:40:58.657+0000] {dag.py:2690} INFO - Sync 1 DAGs
[2023-05-07T22:40:58.673+0000] {logging_mixin.py:137} INFO - [2023-05-07T22:40:58.673+0000] {dag.py:3437} INFO - Setting next_dagrun for latest_only to 2023-05-07T18:40:58.673519+00:00, run_after=2023-05-07T22:40:58.673519+00:00
[2023-05-07T22:40:58.713+0000] {processor.py:175} INFO - Processing /usr/local/python/3.10.4/lib/python3.10/site-packages/airflow/example_dags/example_latest_only.py took 0.090 seconds
[2023-05-07T22:41:36.549+0000] {processor.py:153} INFO - Started process (PID=18305) to work on /usr/local/python/3.10.4/lib/python3.10/site-packages/airflow/example_dags/example_latest_only.py
[2023-05-07T22:41:36.549+0000] {processor.py:743} INFO - Processing file /usr/local/python/3.10.4/lib/python3.10/site-packages/airflow/example_dags/example_latest_only.py for tasks to queue
[2023-05-07T22:41:36.550+0000] {logging_mixin.py:137} INFO - [2023-05-07T22:41:36.550+0000] {dagbag.py:538} INFO - Filling up the DagBag from /usr/local/python/3.10.4/lib/python3.10/site-packages/airflow/example_dags/example_latest_only.py
[2023-05-07T22:41:36.563+0000] {processor.py:753} INFO - DAG(s) dict_keys(['latest_only']) retrieved from /usr/local/python/3.10.4/lib/python3.10/site-packages/airflow/example_dags/example_latest_only.py
[2023-05-07T22:41:36.579+0000] {logging_mixin.py:137} INFO - [2023-05-07T22:41:36.579+0000] {dag.py:2690} INFO - Sync 1 DAGs
[2023-05-07T22:41:36.596+0000] {logging_mixin.py:137} INFO - [2023-05-07T22:41:36.596+0000] {dag.py:3437} INFO - Setting next_dagrun for latest_only to 2023-05-07T18:41:36.596343+00:00, run_after=2023-05-07T22:41:36.596343+00:00
[2023-05-07T22:41:36.636+0000] {processor.py:175} INFO - Processing /usr/local/python/3.10.4/lib/python3.10/site-packages/airflow/example_dags/example_latest_only.py took 0.091 seconds
[2023-05-07T22:42:17.371+0000] {processor.py:153} INFO - Started process (PID=18657) to work on /usr/local/python/3.10.4/lib/python3.10/site-packages/airflow/example_dags/example_latest_only.py
[2023-05-07T22:42:17.372+0000] {processor.py:743} INFO - Processing file /usr/local/python/3.10.4/lib/python3.10/site-packages/airflow/example_dags/example_latest_only.py for tasks to queue
[2023-05-07T22:42:17.372+0000] {logging_mixin.py:137} INFO - [2023-05-07T22:42:17.372+0000] {dagbag.py:538} INFO - Filling up the DagBag from /usr/local/python/3.10.4/lib/python3.10/site-packages/airflow/example_dags/example_latest_only.py
[2023-05-07T22:42:17.386+0000] {processor.py:753} INFO - DAG(s) dict_keys(['latest_only']) retrieved from /usr/local/python/3.10.4/lib/python3.10/site-packages/airflow/example_dags/example_latest_only.py
[2023-05-07T22:42:17.402+0000] {logging_mixin.py:137} INFO - [2023-05-07T22:42:17.402+0000] {dag.py:2690} INFO - Sync 1 DAGs
[2023-05-07T22:42:17.419+0000] {logging_mixin.py:137} INFO - [2023-05-07T22:42:17.419+0000] {dag.py:3437} INFO - Setting next_dagrun for latest_only to 2023-05-07T18:42:17.419302+00:00, run_after=2023-05-07T22:42:17.419302+00:00
[2023-05-07T22:42:17.459+0000] {processor.py:175} INFO - Processing /usr/local/python/3.10.4/lib/python3.10/site-packages/airflow/example_dags/example_latest_only.py took 0.092 seconds
[2023-05-07T22:43:01.839+0000] {processor.py:153} INFO - Started process (PID=19046) to work on /usr/local/python/3.10.4/lib/python3.10/site-packages/airflow/example_dags/example_latest_only.py
[2023-05-07T22:43:01.840+0000] {processor.py:743} INFO - Processing file /usr/local/python/3.10.4/lib/python3.10/site-packages/airflow/example_dags/example_latest_only.py for tasks to queue
[2023-05-07T22:43:01.841+0000] {logging_mixin.py:137} INFO - [2023-05-07T22:43:01.841+0000] {dagbag.py:538} INFO - Filling up the DagBag from /usr/local/python/3.10.4/lib/python3.10/site-packages/airflow/example_dags/example_latest_only.py
[2023-05-07T22:43:01.854+0000] {processor.py:753} INFO - DAG(s) dict_keys(['latest_only']) retrieved from /usr/local/python/3.10.4/lib/python3.10/site-packages/airflow/example_dags/example_latest_only.py
[2023-05-07T22:43:01.870+0000] {logging_mixin.py:137} INFO - [2023-05-07T22:43:01.870+0000] {dag.py:2690} INFO - Sync 1 DAGs
[2023-05-07T22:43:01.886+0000] {logging_mixin.py:137} INFO - [2023-05-07T22:43:01.886+0000] {dag.py:3437} INFO - Setting next_dagrun for latest_only to 2023-05-07T18:43:01.886568+00:00, run_after=2023-05-07T22:43:01.886568+00:00
[2023-05-07T22:43:01.928+0000] {processor.py:175} INFO - Processing /usr/local/python/3.10.4/lib/python3.10/site-packages/airflow/example_dags/example_latest_only.py took 0.092 seconds
[2023-05-07T22:43:44.271+0000] {processor.py:153} INFO - Started process (PID=19525) to work on /usr/local/python/3.10.4/lib/python3.10/site-packages/airflow/example_dags/example_latest_only.py
[2023-05-07T22:43:44.272+0000] {processor.py:743} INFO - Processing file /usr/local/python/3.10.4/lib/python3.10/site-packages/airflow/example_dags/example_latest_only.py for tasks to queue
[2023-05-07T22:43:44.273+0000] {logging_mixin.py:137} INFO - [2023-05-07T22:43:44.273+0000] {dagbag.py:538} INFO - Filling up the DagBag from /usr/local/python/3.10.4/lib/python3.10/site-packages/airflow/example_dags/example_latest_only.py
[2023-05-07T22:43:44.285+0000] {processor.py:753} INFO - DAG(s) dict_keys(['latest_only']) retrieved from /usr/local/python/3.10.4/lib/python3.10/site-packages/airflow/example_dags/example_latest_only.py
[2023-05-07T22:43:44.301+0000] {logging_mixin.py:137} INFO - [2023-05-07T22:43:44.301+0000] {dag.py:2690} INFO - Sync 1 DAGs
[2023-05-07T22:43:44.319+0000] {logging_mixin.py:137} INFO - [2023-05-07T22:43:44.318+0000] {dag.py:3437} INFO - Setting next_dagrun for latest_only to 2023-05-07T18:43:44.318696+00:00, run_after=2023-05-07T22:43:44.318696+00:00
[2023-05-07T22:43:44.358+0000] {processor.py:175} INFO - Processing /usr/local/python/3.10.4/lib/python3.10/site-packages/airflow/example_dags/example_latest_only.py took 0.090 seconds
[2023-05-07T22:44:26.118+0000] {processor.py:153} INFO - Started process (PID=19971) to work on /usr/local/python/3.10.4/lib/python3.10/site-packages/airflow/example_dags/example_latest_only.py
[2023-05-07T22:44:26.119+0000] {processor.py:743} INFO - Processing file /usr/local/python/3.10.4/lib/python3.10/site-packages/airflow/example_dags/example_latest_only.py for tasks to queue
[2023-05-07T22:44:26.119+0000] {logging_mixin.py:137} INFO - [2023-05-07T22:44:26.119+0000] {dagbag.py:538} INFO - Filling up the DagBag from /usr/local/python/3.10.4/lib/python3.10/site-packages/airflow/example_dags/example_latest_only.py
[2023-05-07T22:44:26.132+0000] {processor.py:753} INFO - DAG(s) dict_keys(['latest_only']) retrieved from /usr/local/python/3.10.4/lib/python3.10/site-packages/airflow/example_dags/example_latest_only.py
[2023-05-07T22:44:26.148+0000] {logging_mixin.py:137} INFO - [2023-05-07T22:44:26.148+0000] {dag.py:2690} INFO - Sync 1 DAGs
[2023-05-07T22:44:26.166+0000] {logging_mixin.py:137} INFO - [2023-05-07T22:44:26.166+0000] {dag.py:3437} INFO - Setting next_dagrun for latest_only to 2023-05-07T18:44:26.166115+00:00, run_after=2023-05-07T22:44:26.166115+00:00
[2023-05-07T22:44:26.206+0000] {processor.py:175} INFO - Processing /usr/local/python/3.10.4/lib/python3.10/site-packages/airflow/example_dags/example_latest_only.py took 0.091 seconds
[2023-05-07T22:45:07.818+0000] {processor.py:153} INFO - Started process (PID=20326) to work on /usr/local/python/3.10.4/lib/python3.10/site-packages/airflow/example_dags/example_latest_only.py
[2023-05-07T22:45:07.819+0000] {processor.py:743} INFO - Processing file /usr/local/python/3.10.4/lib/python3.10/site-packages/airflow/example_dags/example_latest_only.py for tasks to queue
[2023-05-07T22:45:07.820+0000] {logging_mixin.py:137} INFO - [2023-05-07T22:45:07.819+0000] {dagbag.py:538} INFO - Filling up the DagBag from /usr/local/python/3.10.4/lib/python3.10/site-packages/airflow/example_dags/example_latest_only.py
[2023-05-07T22:45:07.832+0000] {processor.py:753} INFO - DAG(s) dict_keys(['latest_only']) retrieved from /usr/local/python/3.10.4/lib/python3.10/site-packages/airflow/example_dags/example_latest_only.py
[2023-05-07T22:45:07.848+0000] {logging_mixin.py:137} INFO - [2023-05-07T22:45:07.848+0000] {dag.py:2690} INFO - Sync 1 DAGs
[2023-05-07T22:45:07.865+0000] {logging_mixin.py:137} INFO - [2023-05-07T22:45:07.865+0000] {dag.py:3437} INFO - Setting next_dagrun for latest_only to 2023-05-07T18:45:07.865200+00:00, run_after=2023-05-07T22:45:07.865200+00:00
[2023-05-07T22:45:07.906+0000] {processor.py:175} INFO - Processing /usr/local/python/3.10.4/lib/python3.10/site-packages/airflow/example_dags/example_latest_only.py took 0.090 seconds
[2023-05-07T22:45:42.995+0000] {processor.py:153} INFO - Started process (PID=20682) to work on /usr/local/python/3.10.4/lib/python3.10/site-packages/airflow/example_dags/example_latest_only.py
[2023-05-07T22:45:42.996+0000] {processor.py:743} INFO - Processing file /usr/local/python/3.10.4/lib/python3.10/site-packages/airflow/example_dags/example_latest_only.py for tasks to queue
[2023-05-07T22:45:42.997+0000] {logging_mixin.py:137} INFO - [2023-05-07T22:45:42.997+0000] {dagbag.py:538} INFO - Filling up the DagBag from /usr/local/python/3.10.4/lib/python3.10/site-packages/airflow/example_dags/example_latest_only.py
[2023-05-07T22:45:43.010+0000] {processor.py:753} INFO - DAG(s) dict_keys(['latest_only']) retrieved from /usr/local/python/3.10.4/lib/python3.10/site-packages/airflow/example_dags/example_latest_only.py
[2023-05-07T22:45:43.026+0000] {logging_mixin.py:137} INFO - [2023-05-07T22:45:43.026+0000] {dag.py:2690} INFO - Sync 1 DAGs
[2023-05-07T22:45:43.043+0000] {logging_mixin.py:137} INFO - [2023-05-07T22:45:43.043+0000] {dag.py:3437} INFO - Setting next_dagrun for latest_only to 2023-05-07T18:45:43.043103+00:00, run_after=2023-05-07T22:45:43.043103+00:00
[2023-05-07T22:45:43.084+0000] {processor.py:175} INFO - Processing /usr/local/python/3.10.4/lib/python3.10/site-packages/airflow/example_dags/example_latest_only.py took 0.092 seconds
[2023-05-07T22:46:24.648+0000] {processor.py:153} INFO - Started process (PID=21112) to work on /usr/local/python/3.10.4/lib/python3.10/site-packages/airflow/example_dags/example_latest_only.py
[2023-05-07T22:46:24.649+0000] {processor.py:743} INFO - Processing file /usr/local/python/3.10.4/lib/python3.10/site-packages/airflow/example_dags/example_latest_only.py for tasks to queue
[2023-05-07T22:46:24.649+0000] {logging_mixin.py:137} INFO - [2023-05-07T22:46:24.649+0000] {dagbag.py:538} INFO - Filling up the DagBag from /usr/local/python/3.10.4/lib/python3.10/site-packages/airflow/example_dags/example_latest_only.py
[2023-05-07T22:46:24.662+0000] {processor.py:753} INFO - DAG(s) dict_keys(['latest_only']) retrieved from /usr/local/python/3.10.4/lib/python3.10/site-packages/airflow/example_dags/example_latest_only.py
[2023-05-07T22:46:24.678+0000] {logging_mixin.py:137} INFO - [2023-05-07T22:46:24.678+0000] {dag.py:2690} INFO - Sync 1 DAGs
[2023-05-07T22:46:24.694+0000] {logging_mixin.py:137} INFO - [2023-05-07T22:46:24.694+0000] {dag.py:3437} INFO - Setting next_dagrun for latest_only to 2023-05-07T18:46:24.694352+00:00, run_after=2023-05-07T22:46:24.694352+00:00
[2023-05-07T22:46:24.735+0000] {processor.py:175} INFO - Processing /usr/local/python/3.10.4/lib/python3.10/site-packages/airflow/example_dags/example_latest_only.py took 0.090 seconds
[2023-05-07T22:47:03.893+0000] {processor.py:153} INFO - Started process (PID=21478) to work on /usr/local/python/3.10.4/lib/python3.10/site-packages/airflow/example_dags/example_latest_only.py
[2023-05-07T22:47:03.894+0000] {processor.py:743} INFO - Processing file /usr/local/python/3.10.4/lib/python3.10/site-packages/airflow/example_dags/example_latest_only.py for tasks to queue
[2023-05-07T22:47:03.895+0000] {logging_mixin.py:137} INFO - [2023-05-07T22:47:03.895+0000] {dagbag.py:538} INFO - Filling up the DagBag from /usr/local/python/3.10.4/lib/python3.10/site-packages/airflow/example_dags/example_latest_only.py
[2023-05-07T22:47:03.912+0000] {processor.py:753} INFO - DAG(s) dict_keys(['latest_only']) retrieved from /usr/local/python/3.10.4/lib/python3.10/site-packages/airflow/example_dags/example_latest_only.py
[2023-05-07T22:47:03.928+0000] {logging_mixin.py:137} INFO - [2023-05-07T22:47:03.928+0000] {dag.py:2690} INFO - Sync 1 DAGs
[2023-05-07T22:47:03.945+0000] {logging_mixin.py:137} INFO - [2023-05-07T22:47:03.945+0000] {dag.py:3437} INFO - Setting next_dagrun for latest_only to 2023-05-07T18:47:03.945060+00:00, run_after=2023-05-07T22:47:03.945060+00:00
[2023-05-07T22:47:03.985+0000] {processor.py:175} INFO - Processing /usr/local/python/3.10.4/lib/python3.10/site-packages/airflow/example_dags/example_latest_only.py took 0.096 seconds
[2023-05-07T22:47:44.427+0000] {processor.py:153} INFO - Started process (PID=21758) to work on /usr/local/python/3.10.4/lib/python3.10/site-packages/airflow/example_dags/example_latest_only.py
[2023-05-07T22:47:44.428+0000] {processor.py:743} INFO - Processing file /usr/local/python/3.10.4/lib/python3.10/site-packages/airflow/example_dags/example_latest_only.py for tasks to queue
[2023-05-07T22:47:44.429+0000] {logging_mixin.py:137} INFO - [2023-05-07T22:47:44.429+0000] {dagbag.py:538} INFO - Filling up the DagBag from /usr/local/python/3.10.4/lib/python3.10/site-packages/airflow/example_dags/example_latest_only.py
[2023-05-07T22:47:44.443+0000] {processor.py:753} INFO - DAG(s) dict_keys(['latest_only']) retrieved from /usr/local/python/3.10.4/lib/python3.10/site-packages/airflow/example_dags/example_latest_only.py
[2023-05-07T22:47:44.459+0000] {logging_mixin.py:137} INFO - [2023-05-07T22:47:44.459+0000] {dag.py:2690} INFO - Sync 1 DAGs
[2023-05-07T22:47:44.476+0000] {logging_mixin.py:137} INFO - [2023-05-07T22:47:44.476+0000] {dag.py:3437} INFO - Setting next_dagrun for latest_only to 2023-05-07T18:47:44.476657+00:00, run_after=2023-05-07T22:47:44.476657+00:00
[2023-05-07T22:47:44.518+0000] {processor.py:175} INFO - Processing /usr/local/python/3.10.4/lib/python3.10/site-packages/airflow/example_dags/example_latest_only.py took 0.094 seconds
[2023-05-07T22:48:26.824+0000] {processor.py:153} INFO - Started process (PID=22145) to work on /usr/local/python/3.10.4/lib/python3.10/site-packages/airflow/example_dags/example_latest_only.py
[2023-05-07T22:48:26.825+0000] {processor.py:743} INFO - Processing file /usr/local/python/3.10.4/lib/python3.10/site-packages/airflow/example_dags/example_latest_only.py for tasks to queue
[2023-05-07T22:48:26.825+0000] {logging_mixin.py:137} INFO - [2023-05-07T22:48:26.825+0000] {dagbag.py:538} INFO - Filling up the DagBag from /usr/local/python/3.10.4/lib/python3.10/site-packages/airflow/example_dags/example_latest_only.py
[2023-05-07T22:48:26.838+0000] {processor.py:753} INFO - DAG(s) dict_keys(['latest_only']) retrieved from /usr/local/python/3.10.4/lib/python3.10/site-packages/airflow/example_dags/example_latest_only.py
[2023-05-07T22:48:26.854+0000] {logging_mixin.py:137} INFO - [2023-05-07T22:48:26.854+0000] {dag.py:2690} INFO - Sync 1 DAGs
[2023-05-07T22:48:26.872+0000] {logging_mixin.py:137} INFO - [2023-05-07T22:48:26.871+0000] {dag.py:3437} INFO - Setting next_dagrun for latest_only to 2023-05-07T18:48:26.871792+00:00, run_after=2023-05-07T22:48:26.871792+00:00
[2023-05-07T22:48:26.926+0000] {processor.py:175} INFO - Processing /usr/local/python/3.10.4/lib/python3.10/site-packages/airflow/example_dags/example_latest_only.py took 0.105 seconds
[2023-05-07T22:49:11.881+0000] {processor.py:153} INFO - Started process (PID=22615) to work on /usr/local/python/3.10.4/lib/python3.10/site-packages/airflow/example_dags/example_latest_only.py
[2023-05-07T22:49:11.882+0000] {processor.py:743} INFO - Processing file /usr/local/python/3.10.4/lib/python3.10/site-packages/airflow/example_dags/example_latest_only.py for tasks to queue
[2023-05-07T22:49:11.882+0000] {logging_mixin.py:137} INFO - [2023-05-07T22:49:11.882+0000] {dagbag.py:538} INFO - Filling up the DagBag from /usr/local/python/3.10.4/lib/python3.10/site-packages/airflow/example_dags/example_latest_only.py
[2023-05-07T22:49:11.895+0000] {processor.py:753} INFO - DAG(s) dict_keys(['latest_only']) retrieved from /usr/local/python/3.10.4/lib/python3.10/site-packages/airflow/example_dags/example_latest_only.py
[2023-05-07T22:49:11.912+0000] {logging_mixin.py:137} INFO - [2023-05-07T22:49:11.912+0000] {dag.py:2690} INFO - Sync 1 DAGs
[2023-05-07T22:49:11.929+0000] {logging_mixin.py:137} INFO - [2023-05-07T22:49:11.929+0000] {dag.py:3437} INFO - Setting next_dagrun for latest_only to 2023-05-07T18:49:11.929530+00:00, run_after=2023-05-07T22:49:11.929530+00:00
[2023-05-07T22:49:11.971+0000] {processor.py:175} INFO - Processing /usr/local/python/3.10.4/lib/python3.10/site-packages/airflow/example_dags/example_latest_only.py took 0.093 seconds
[2023-05-07T22:49:55.012+0000] {processor.py:153} INFO - Started process (PID=23017) to work on /usr/local/python/3.10.4/lib/python3.10/site-packages/airflow/example_dags/example_latest_only.py
[2023-05-07T22:49:55.013+0000] {processor.py:743} INFO - Processing file /usr/local/python/3.10.4/lib/python3.10/site-packages/airflow/example_dags/example_latest_only.py for tasks to queue
[2023-05-07T22:49:55.014+0000] {logging_mixin.py:137} INFO - [2023-05-07T22:49:55.014+0000] {dagbag.py:538} INFO - Filling up the DagBag from /usr/local/python/3.10.4/lib/python3.10/site-packages/airflow/example_dags/example_latest_only.py
[2023-05-07T22:49:55.031+0000] {processor.py:753} INFO - DAG(s) dict_keys(['latest_only']) retrieved from /usr/local/python/3.10.4/lib/python3.10/site-packages/airflow/example_dags/example_latest_only.py
[2023-05-07T22:49:55.049+0000] {logging_mixin.py:137} INFO - [2023-05-07T22:49:55.049+0000] {dag.py:2690} INFO - Sync 1 DAGs
[2023-05-07T22:49:55.067+0000] {logging_mixin.py:137} INFO - [2023-05-07T22:49:55.067+0000] {dag.py:3437} INFO - Setting next_dagrun for latest_only to 2023-05-07T18:49:55.067258+00:00, run_after=2023-05-07T22:49:55.067258+00:00
[2023-05-07T22:49:55.108+0000] {processor.py:175} INFO - Processing /usr/local/python/3.10.4/lib/python3.10/site-packages/airflow/example_dags/example_latest_only.py took 0.098 seconds
[2023-05-07T22:50:36.813+0000] {processor.py:153} INFO - Started process (PID=23326) to work on /usr/local/python/3.10.4/lib/python3.10/site-packages/airflow/example_dags/example_latest_only.py
[2023-05-07T22:50:36.813+0000] {processor.py:743} INFO - Processing file /usr/local/python/3.10.4/lib/python3.10/site-packages/airflow/example_dags/example_latest_only.py for tasks to queue
[2023-05-07T22:50:36.814+0000] {logging_mixin.py:137} INFO - [2023-05-07T22:50:36.814+0000] {dagbag.py:538} INFO - Filling up the DagBag from /usr/local/python/3.10.4/lib/python3.10/site-packages/airflow/example_dags/example_latest_only.py
[2023-05-07T22:50:36.827+0000] {processor.py:753} INFO - DAG(s) dict_keys(['latest_only']) retrieved from /usr/local/python/3.10.4/lib/python3.10/site-packages/airflow/example_dags/example_latest_only.py
[2023-05-07T22:50:36.843+0000] {logging_mixin.py:137} INFO - [2023-05-07T22:50:36.843+0000] {dag.py:2690} INFO - Sync 1 DAGs
[2023-05-07T22:50:36.861+0000] {logging_mixin.py:137} INFO - [2023-05-07T22:50:36.861+0000] {dag.py:3437} INFO - Setting next_dagrun for latest_only to 2023-05-07T18:50:36.860760+00:00, run_after=2023-05-07T22:50:36.860760+00:00
[2023-05-07T22:50:36.902+0000] {processor.py:175} INFO - Processing /usr/local/python/3.10.4/lib/python3.10/site-packages/airflow/example_dags/example_latest_only.py took 0.092 seconds
[2023-05-07T22:51:21.706+0000] {processor.py:153} INFO - Started process (PID=23729) to work on /usr/local/python/3.10.4/lib/python3.10/site-packages/airflow/example_dags/example_latest_only.py
[2023-05-07T22:51:21.706+0000] {processor.py:743} INFO - Processing file /usr/local/python/3.10.4/lib/python3.10/site-packages/airflow/example_dags/example_latest_only.py for tasks to queue
[2023-05-07T22:51:21.707+0000] {logging_mixin.py:137} INFO - [2023-05-07T22:51:21.707+0000] {dagbag.py:538} INFO - Filling up the DagBag from /usr/local/python/3.10.4/lib/python3.10/site-packages/airflow/example_dags/example_latest_only.py
[2023-05-07T22:51:21.720+0000] {processor.py:753} INFO - DAG(s) dict_keys(['latest_only']) retrieved from /usr/local/python/3.10.4/lib/python3.10/site-packages/airflow/example_dags/example_latest_only.py
[2023-05-07T22:51:21.735+0000] {logging_mixin.py:137} INFO - [2023-05-07T22:51:21.735+0000] {dag.py:2690} INFO - Sync 1 DAGs
[2023-05-07T22:51:21.752+0000] {logging_mixin.py:137} INFO - [2023-05-07T22:51:21.752+0000] {dag.py:3437} INFO - Setting next_dagrun for latest_only to 2023-05-07T18:51:21.751805+00:00, run_after=2023-05-07T22:51:21.751805+00:00
[2023-05-07T22:51:21.792+0000] {processor.py:175} INFO - Processing /usr/local/python/3.10.4/lib/python3.10/site-packages/airflow/example_dags/example_latest_only.py took 0.090 seconds
[2023-05-07T22:52:02.588+0000] {processor.py:153} INFO - Started process (PID=23960) to work on /usr/local/python/3.10.4/lib/python3.10/site-packages/airflow/example_dags/example_latest_only.py
[2023-05-07T22:52:02.589+0000] {processor.py:743} INFO - Processing file /usr/local/python/3.10.4/lib/python3.10/site-packages/airflow/example_dags/example_latest_only.py for tasks to queue
[2023-05-07T22:52:02.589+0000] {logging_mixin.py:137} INFO - [2023-05-07T22:52:02.589+0000] {dagbag.py:538} INFO - Filling up the DagBag from /usr/local/python/3.10.4/lib/python3.10/site-packages/airflow/example_dags/example_latest_only.py
[2023-05-07T22:52:02.601+0000] {processor.py:753} INFO - DAG(s) dict_keys(['latest_only']) retrieved from /usr/local/python/3.10.4/lib/python3.10/site-packages/airflow/example_dags/example_latest_only.py
[2023-05-07T22:52:02.617+0000] {logging_mixin.py:137} INFO - [2023-05-07T22:52:02.617+0000] {dag.py:2690} INFO - Sync 1 DAGs
[2023-05-07T22:52:02.634+0000] {logging_mixin.py:137} INFO - [2023-05-07T22:52:02.634+0000] {dag.py:3437} INFO - Setting next_dagrun for latest_only to 2023-05-07T18:52:02.634351+00:00, run_after=2023-05-07T22:52:02.634351+00:00
[2023-05-07T22:52:02.673+0000] {processor.py:175} INFO - Processing /usr/local/python/3.10.4/lib/python3.10/site-packages/airflow/example_dags/example_latest_only.py took 0.089 seconds
[2023-05-07T22:52:45.910+0000] {processor.py:153} INFO - Started process (PID=24102) to work on /usr/local/python/3.10.4/lib/python3.10/site-packages/airflow/example_dags/example_latest_only.py
[2023-05-07T22:52:45.911+0000] {processor.py:743} INFO - Processing file /usr/local/python/3.10.4/lib/python3.10/site-packages/airflow/example_dags/example_latest_only.py for tasks to queue
[2023-05-07T22:52:45.912+0000] {logging_mixin.py:137} INFO - [2023-05-07T22:52:45.911+0000] {dagbag.py:538} INFO - Filling up the DagBag from /usr/local/python/3.10.4/lib/python3.10/site-packages/airflow/example_dags/example_latest_only.py
[2023-05-07T22:52:45.923+0000] {processor.py:753} INFO - DAG(s) dict_keys(['latest_only']) retrieved from /usr/local/python/3.10.4/lib/python3.10/site-packages/airflow/example_dags/example_latest_only.py
[2023-05-07T22:52:45.939+0000] {logging_mixin.py:137} INFO - [2023-05-07T22:52:45.939+0000] {dag.py:2690} INFO - Sync 1 DAGs
[2023-05-07T22:52:45.956+0000] {logging_mixin.py:137} INFO - [2023-05-07T22:52:45.956+0000] {dag.py:3437} INFO - Setting next_dagrun for latest_only to 2023-05-07T18:52:45.956338+00:00, run_after=2023-05-07T22:52:45.956338+00:00
[2023-05-07T22:52:45.996+0000] {processor.py:175} INFO - Processing /usr/local/python/3.10.4/lib/python3.10/site-packages/airflow/example_dags/example_latest_only.py took 0.090 seconds
[2023-05-07T22:53:29.341+0000] {processor.py:153} INFO - Started process (PID=25184) to work on /usr/local/python/3.10.4/lib/python3.10/site-packages/airflow/example_dags/example_latest_only.py
[2023-05-07T22:53:29.349+0000] {processor.py:743} INFO - Processing file /usr/local/python/3.10.4/lib/python3.10/site-packages/airflow/example_dags/example_latest_only.py for tasks to queue
[2023-05-07T22:53:29.350+0000] {logging_mixin.py:137} INFO - [2023-05-07T22:53:29.349+0000] {dagbag.py:538} INFO - Filling up the DagBag from /usr/local/python/3.10.4/lib/python3.10/site-packages/airflow/example_dags/example_latest_only.py
[2023-05-07T22:53:29.374+0000] {processor.py:753} INFO - DAG(s) dict_keys(['latest_only']) retrieved from /usr/local/python/3.10.4/lib/python3.10/site-packages/airflow/example_dags/example_latest_only.py
[2023-05-07T22:53:29.394+0000] {logging_mixin.py:137} INFO - [2023-05-07T22:53:29.394+0000] {dag.py:2690} INFO - Sync 1 DAGs
[2023-05-07T22:53:29.411+0000] {logging_mixin.py:137} INFO - [2023-05-07T22:53:29.411+0000] {dag.py:3437} INFO - Setting next_dagrun for latest_only to 2023-05-07T18:53:29.411530+00:00, run_after=2023-05-07T22:53:29.411530+00:00
[2023-05-07T22:53:29.455+0000] {processor.py:175} INFO - Processing /usr/local/python/3.10.4/lib/python3.10/site-packages/airflow/example_dags/example_latest_only.py took 0.118 seconds
[2023-05-07T22:54:13.993+0000] {processor.py:153} INFO - Started process (PID=25566) to work on /usr/local/python/3.10.4/lib/python3.10/site-packages/airflow/example_dags/example_latest_only.py
[2023-05-07T22:54:13.994+0000] {processor.py:743} INFO - Processing file /usr/local/python/3.10.4/lib/python3.10/site-packages/airflow/example_dags/example_latest_only.py for tasks to queue
[2023-05-07T22:54:13.995+0000] {logging_mixin.py:137} INFO - [2023-05-07T22:54:13.995+0000] {dagbag.py:538} INFO - Filling up the DagBag from /usr/local/python/3.10.4/lib/python3.10/site-packages/airflow/example_dags/example_latest_only.py
[2023-05-07T22:54:14.008+0000] {processor.py:753} INFO - DAG(s) dict_keys(['latest_only']) retrieved from /usr/local/python/3.10.4/lib/python3.10/site-packages/airflow/example_dags/example_latest_only.py
[2023-05-07T22:54:14.024+0000] {logging_mixin.py:137} INFO - [2023-05-07T22:54:14.024+0000] {dag.py:2690} INFO - Sync 1 DAGs
[2023-05-07T22:54:14.040+0000] {logging_mixin.py:137} INFO - [2023-05-07T22:54:14.040+0000] {dag.py:3437} INFO - Setting next_dagrun for latest_only to 2023-05-07T18:54:14.040403+00:00, run_after=2023-05-07T22:54:14.040403+00:00
[2023-05-07T22:54:14.082+0000] {processor.py:175} INFO - Processing /usr/local/python/3.10.4/lib/python3.10/site-packages/airflow/example_dags/example_latest_only.py took 0.092 seconds
[2023-05-07T22:54:55.082+0000] {processor.py:153} INFO - Started process (PID=25871) to work on /usr/local/python/3.10.4/lib/python3.10/site-packages/airflow/example_dags/example_latest_only.py
[2023-05-07T22:54:55.083+0000] {processor.py:743} INFO - Processing file /usr/local/python/3.10.4/lib/python3.10/site-packages/airflow/example_dags/example_latest_only.py for tasks to queue
[2023-05-07T22:54:55.084+0000] {logging_mixin.py:137} INFO - [2023-05-07T22:54:55.083+0000] {dagbag.py:538} INFO - Filling up the DagBag from /usr/local/python/3.10.4/lib/python3.10/site-packages/airflow/example_dags/example_latest_only.py
[2023-05-07T22:54:55.096+0000] {processor.py:753} INFO - DAG(s) dict_keys(['latest_only']) retrieved from /usr/local/python/3.10.4/lib/python3.10/site-packages/airflow/example_dags/example_latest_only.py
[2023-05-07T22:54:55.113+0000] {logging_mixin.py:137} INFO - [2023-05-07T22:54:55.113+0000] {dag.py:2690} INFO - Sync 1 DAGs
[2023-05-07T22:54:55.130+0000] {logging_mixin.py:137} INFO - [2023-05-07T22:54:55.129+0000] {dag.py:3437} INFO - Setting next_dagrun for latest_only to 2023-05-07T18:54:55.129792+00:00, run_after=2023-05-07T22:54:55.129792+00:00
[2023-05-07T22:54:55.169+0000] {processor.py:175} INFO - Processing /usr/local/python/3.10.4/lib/python3.10/site-packages/airflow/example_dags/example_latest_only.py took 0.090 seconds
[2023-05-07T22:55:34.945+0000] {processor.py:153} INFO - Started process (PID=26157) to work on /usr/local/python/3.10.4/lib/python3.10/site-packages/airflow/example_dags/example_latest_only.py
[2023-05-07T22:55:34.946+0000] {processor.py:743} INFO - Processing file /usr/local/python/3.10.4/lib/python3.10/site-packages/airflow/example_dags/example_latest_only.py for tasks to queue
[2023-05-07T22:55:34.946+0000] {logging_mixin.py:137} INFO - [2023-05-07T22:55:34.946+0000] {dagbag.py:538} INFO - Filling up the DagBag from /usr/local/python/3.10.4/lib/python3.10/site-packages/airflow/example_dags/example_latest_only.py
[2023-05-07T22:55:34.959+0000] {processor.py:753} INFO - DAG(s) dict_keys(['latest_only']) retrieved from /usr/local/python/3.10.4/lib/python3.10/site-packages/airflow/example_dags/example_latest_only.py
[2023-05-07T22:55:34.976+0000] {logging_mixin.py:137} INFO - [2023-05-07T22:55:34.976+0000] {dag.py:2690} INFO - Sync 1 DAGs
[2023-05-07T22:55:34.993+0000] {logging_mixin.py:137} INFO - [2023-05-07T22:55:34.992+0000] {dag.py:3437} INFO - Setting next_dagrun for latest_only to 2023-05-07T18:55:34.992656+00:00, run_after=2023-05-07T22:55:34.992656+00:00
[2023-05-07T22:55:35.035+0000] {processor.py:175} INFO - Processing /usr/local/python/3.10.4/lib/python3.10/site-packages/airflow/example_dags/example_latest_only.py took 0.093 seconds
[2023-05-07T22:56:10.624+0000] {processor.py:153} INFO - Started process (PID=26396) to work on /usr/local/python/3.10.4/lib/python3.10/site-packages/airflow/example_dags/example_latest_only.py
[2023-05-07T22:56:10.625+0000] {processor.py:743} INFO - Processing file /usr/local/python/3.10.4/lib/python3.10/site-packages/airflow/example_dags/example_latest_only.py for tasks to queue
[2023-05-07T22:56:10.626+0000] {logging_mixin.py:137} INFO - [2023-05-07T22:56:10.626+0000] {dagbag.py:538} INFO - Filling up the DagBag from /usr/local/python/3.10.4/lib/python3.10/site-packages/airflow/example_dags/example_latest_only.py
[2023-05-07T22:56:10.638+0000] {processor.py:753} INFO - DAG(s) dict_keys(['latest_only']) retrieved from /usr/local/python/3.10.4/lib/python3.10/site-packages/airflow/example_dags/example_latest_only.py
[2023-05-07T22:56:10.654+0000] {logging_mixin.py:137} INFO - [2023-05-07T22:56:10.654+0000] {dag.py:2690} INFO - Sync 1 DAGs
[2023-05-07T22:56:10.671+0000] {logging_mixin.py:137} INFO - [2023-05-07T22:56:10.671+0000] {dag.py:3437} INFO - Setting next_dagrun for latest_only to 2023-05-07T18:56:10.671055+00:00, run_after=2023-05-07T22:56:10.671055+00:00
[2023-05-07T22:56:10.716+0000] {processor.py:175} INFO - Processing /usr/local/python/3.10.4/lib/python3.10/site-packages/airflow/example_dags/example_latest_only.py took 0.095 seconds
[2023-05-07T22:56:53.256+0000] {processor.py:153} INFO - Started process (PID=26705) to work on /usr/local/python/3.10.4/lib/python3.10/site-packages/airflow/example_dags/example_latest_only.py
[2023-05-07T22:56:53.257+0000] {processor.py:743} INFO - Processing file /usr/local/python/3.10.4/lib/python3.10/site-packages/airflow/example_dags/example_latest_only.py for tasks to queue
[2023-05-07T22:56:53.257+0000] {logging_mixin.py:137} INFO - [2023-05-07T22:56:53.257+0000] {dagbag.py:538} INFO - Filling up the DagBag from /usr/local/python/3.10.4/lib/python3.10/site-packages/airflow/example_dags/example_latest_only.py
[2023-05-07T22:56:53.270+0000] {processor.py:753} INFO - DAG(s) dict_keys(['latest_only']) retrieved from /usr/local/python/3.10.4/lib/python3.10/site-packages/airflow/example_dags/example_latest_only.py
[2023-05-07T22:56:53.285+0000] {logging_mixin.py:137} INFO - [2023-05-07T22:56:53.285+0000] {dag.py:2690} INFO - Sync 1 DAGs
[2023-05-07T22:56:53.303+0000] {logging_mixin.py:137} INFO - [2023-05-07T22:56:53.303+0000] {dag.py:3437} INFO - Setting next_dagrun for latest_only to 2023-05-07T18:56:53.302949+00:00, run_after=2023-05-07T22:56:53.302949+00:00
[2023-05-07T22:56:53.349+0000] {processor.py:175} INFO - Processing /usr/local/python/3.10.4/lib/python3.10/site-packages/airflow/example_dags/example_latest_only.py took 0.097 seconds
[2023-05-07T22:57:34.201+0000] {processor.py:153} INFO - Started process (PID=26988) to work on /usr/local/python/3.10.4/lib/python3.10/site-packages/airflow/example_dags/example_latest_only.py
[2023-05-07T22:57:34.201+0000] {processor.py:743} INFO - Processing file /usr/local/python/3.10.4/lib/python3.10/site-packages/airflow/example_dags/example_latest_only.py for tasks to queue
[2023-05-07T22:57:34.202+0000] {logging_mixin.py:137} INFO - [2023-05-07T22:57:34.202+0000] {dagbag.py:538} INFO - Filling up the DagBag from /usr/local/python/3.10.4/lib/python3.10/site-packages/airflow/example_dags/example_latest_only.py
[2023-05-07T22:57:34.216+0000] {processor.py:753} INFO - DAG(s) dict_keys(['latest_only']) retrieved from /usr/local/python/3.10.4/lib/python3.10/site-packages/airflow/example_dags/example_latest_only.py
[2023-05-07T22:57:34.233+0000] {logging_mixin.py:137} INFO - [2023-05-07T22:57:34.233+0000] {dag.py:2690} INFO - Sync 1 DAGs
[2023-05-07T22:57:34.252+0000] {logging_mixin.py:137} INFO - [2023-05-07T22:57:34.252+0000] {dag.py:3437} INFO - Setting next_dagrun for latest_only to 2023-05-07T18:57:34.251939+00:00, run_after=2023-05-07T22:57:34.251939+00:00
[2023-05-07T22:57:34.292+0000] {processor.py:175} INFO - Processing /usr/local/python/3.10.4/lib/python3.10/site-packages/airflow/example_dags/example_latest_only.py took 0.094 seconds
