[2023-05-07T22:22:16.666+0000] {processor.py:153} INFO - Started process (PID=9879) to work on /usr/local/python/3.10.4/lib/python3.10/site-packages/airflow/example_dags/example_short_circuit_decorator.py
[2023-05-07T22:22:16.667+0000] {processor.py:743} INFO - Processing file /usr/local/python/3.10.4/lib/python3.10/site-packages/airflow/example_dags/example_short_circuit_decorator.py for tasks to queue
[2023-05-07T22:22:16.667+0000] {logging_mixin.py:137} INFO - [2023-05-07T22:22:16.667+0000] {dagbag.py:538} INFO - Filling up the DagBag from /usr/local/python/3.10.4/lib/python3.10/site-packages/airflow/example_dags/example_short_circuit_decorator.py
[2023-05-07T22:22:16.691+0000] {processor.py:753} INFO - DAG(s) dict_keys(['example_short_circuit_decorator']) retrieved from /usr/local/python/3.10.4/lib/python3.10/site-packages/airflow/example_dags/example_short_circuit_decorator.py
[2023-05-07T22:22:16.841+0000] {logging_mixin.py:137} INFO - [2023-05-07T22:22:16.841+0000] {manager.py:504} INFO - Created Permission View: can edit on DAG:example_short_circuit_decorator
[2023-05-07T22:22:16.874+0000] {logging_mixin.py:137} INFO - [2023-05-07T22:22:16.873+0000] {manager.py:504} INFO - Created Permission View: can delete on DAG:example_short_circuit_decorator
[2023-05-07T22:22:16.904+0000] {logging_mixin.py:137} INFO - [2023-05-07T22:22:16.904+0000] {manager.py:504} INFO - Created Permission View: can read on DAG:example_short_circuit_decorator
[2023-05-07T22:22:16.904+0000] {logging_mixin.py:137} INFO - [2023-05-07T22:22:16.904+0000] {dag.py:2690} INFO - Sync 1 DAGs
[2023-05-07T22:22:16.913+0000] {logging_mixin.py:137} INFO - [2023-05-07T22:22:16.913+0000] {dag.py:2711} INFO - Creating ORM DAG for example_short_circuit_decorator
[2023-05-07T22:22:16.920+0000] {logging_mixin.py:137} INFO - [2023-05-07T22:22:16.920+0000] {dag.py:3437} INFO - Setting next_dagrun for example_short_circuit_decorator to 2023-05-06T22:22:16.920644+00:00, run_after=2023-05-07T22:22:16.920644+00:00
[2023-05-07T22:22:16.967+0000] {processor.py:175} INFO - Processing /usr/local/python/3.10.4/lib/python3.10/site-packages/airflow/example_dags/example_short_circuit_decorator.py took 0.304 seconds
[2023-05-07T22:23:01.677+0000] {processor.py:153} INFO - Started process (PID=10193) to work on /usr/local/python/3.10.4/lib/python3.10/site-packages/airflow/example_dags/example_short_circuit_decorator.py
[2023-05-07T22:23:01.678+0000] {processor.py:743} INFO - Processing file /usr/local/python/3.10.4/lib/python3.10/site-packages/airflow/example_dags/example_short_circuit_decorator.py for tasks to queue
[2023-05-07T22:23:01.678+0000] {logging_mixin.py:137} INFO - [2023-05-07T22:23:01.678+0000] {dagbag.py:538} INFO - Filling up the DagBag from /usr/local/python/3.10.4/lib/python3.10/site-packages/airflow/example_dags/example_short_circuit_decorator.py
[2023-05-07T22:23:01.705+0000] {processor.py:753} INFO - DAG(s) dict_keys(['example_short_circuit_decorator']) retrieved from /usr/local/python/3.10.4/lib/python3.10/site-packages/airflow/example_dags/example_short_circuit_decorator.py
[2023-05-07T22:23:01.723+0000] {logging_mixin.py:137} INFO - [2023-05-07T22:23:01.722+0000] {dag.py:2690} INFO - Sync 1 DAGs
[2023-05-07T22:23:01.739+0000] {logging_mixin.py:137} INFO - [2023-05-07T22:23:01.739+0000] {dag.py:3437} INFO - Setting next_dagrun for example_short_circuit_decorator to 2023-05-06T22:23:01.739200+00:00, run_after=2023-05-07T22:23:01.739200+00:00
[2023-05-07T22:23:01.780+0000] {processor.py:175} INFO - Processing /usr/local/python/3.10.4/lib/python3.10/site-packages/airflow/example_dags/example_short_circuit_decorator.py took 0.106 seconds
[2023-05-07T22:23:42.339+0000] {processor.py:153} INFO - Started process (PID=10586) to work on /usr/local/python/3.10.4/lib/python3.10/site-packages/airflow/example_dags/example_short_circuit_decorator.py
[2023-05-07T22:23:42.340+0000] {processor.py:743} INFO - Processing file /usr/local/python/3.10.4/lib/python3.10/site-packages/airflow/example_dags/example_short_circuit_decorator.py for tasks to queue
[2023-05-07T22:23:42.340+0000] {logging_mixin.py:137} INFO - [2023-05-07T22:23:42.340+0000] {dagbag.py:538} INFO - Filling up the DagBag from /usr/local/python/3.10.4/lib/python3.10/site-packages/airflow/example_dags/example_short_circuit_decorator.py
[2023-05-07T22:23:42.366+0000] {processor.py:753} INFO - DAG(s) dict_keys(['example_short_circuit_decorator']) retrieved from /usr/local/python/3.10.4/lib/python3.10/site-packages/airflow/example_dags/example_short_circuit_decorator.py
[2023-05-07T22:23:42.384+0000] {logging_mixin.py:137} INFO - [2023-05-07T22:23:42.384+0000] {dag.py:2690} INFO - Sync 1 DAGs
[2023-05-07T22:23:42.401+0000] {logging_mixin.py:137} INFO - [2023-05-07T22:23:42.400+0000] {dag.py:3437} INFO - Setting next_dagrun for example_short_circuit_decorator to 2023-05-06T22:23:42.400306+00:00, run_after=2023-05-07T22:23:42.400306+00:00
[2023-05-07T22:23:42.446+0000] {processor.py:175} INFO - Processing /usr/local/python/3.10.4/lib/python3.10/site-packages/airflow/example_dags/example_short_circuit_decorator.py took 0.110 seconds
[2023-05-07T22:24:22.682+0000] {processor.py:153} INFO - Started process (PID=10879) to work on /usr/local/python/3.10.4/lib/python3.10/site-packages/airflow/example_dags/example_short_circuit_decorator.py
[2023-05-07T22:24:22.683+0000] {processor.py:743} INFO - Processing file /usr/local/python/3.10.4/lib/python3.10/site-packages/airflow/example_dags/example_short_circuit_decorator.py for tasks to queue
[2023-05-07T22:24:22.683+0000] {logging_mixin.py:137} INFO - [2023-05-07T22:24:22.683+0000] {dagbag.py:538} INFO - Filling up the DagBag from /usr/local/python/3.10.4/lib/python3.10/site-packages/airflow/example_dags/example_short_circuit_decorator.py
[2023-05-07T22:24:22.719+0000] {processor.py:753} INFO - DAG(s) dict_keys(['example_short_circuit_decorator']) retrieved from /usr/local/python/3.10.4/lib/python3.10/site-packages/airflow/example_dags/example_short_circuit_decorator.py
[2023-05-07T22:24:22.744+0000] {logging_mixin.py:137} INFO - [2023-05-07T22:24:22.744+0000] {dag.py:2690} INFO - Sync 1 DAGs
[2023-05-07T22:24:22.769+0000] {logging_mixin.py:137} INFO - [2023-05-07T22:24:22.769+0000] {dag.py:3437} INFO - Setting next_dagrun for example_short_circuit_decorator to 2023-05-06T22:24:22.768849+00:00, run_after=2023-05-07T22:24:22.768849+00:00
[2023-05-07T22:24:22.842+0000] {processor.py:175} INFO - Processing /usr/local/python/3.10.4/lib/python3.10/site-packages/airflow/example_dags/example_short_circuit_decorator.py took 0.164 seconds
[2023-05-07T22:25:09.777+0000] {processor.py:153} INFO - Started process (PID=11248) to work on /usr/local/python/3.10.4/lib/python3.10/site-packages/airflow/example_dags/example_short_circuit_decorator.py
[2023-05-07T22:25:09.779+0000] {processor.py:743} INFO - Processing file /usr/local/python/3.10.4/lib/python3.10/site-packages/airflow/example_dags/example_short_circuit_decorator.py for tasks to queue
[2023-05-07T22:25:09.779+0000] {logging_mixin.py:137} INFO - [2023-05-07T22:25:09.779+0000] {dagbag.py:538} INFO - Filling up the DagBag from /usr/local/python/3.10.4/lib/python3.10/site-packages/airflow/example_dags/example_short_circuit_decorator.py
[2023-05-07T22:25:09.803+0000] {processor.py:753} INFO - DAG(s) dict_keys(['example_short_circuit_decorator']) retrieved from /usr/local/python/3.10.4/lib/python3.10/site-packages/airflow/example_dags/example_short_circuit_decorator.py
[2023-05-07T22:25:09.820+0000] {logging_mixin.py:137} INFO - [2023-05-07T22:25:09.820+0000] {dag.py:2690} INFO - Sync 1 DAGs
[2023-05-07T22:25:09.838+0000] {logging_mixin.py:137} INFO - [2023-05-07T22:25:09.838+0000] {dag.py:3437} INFO - Setting next_dagrun for example_short_circuit_decorator to 2023-05-06T22:25:09.838005+00:00, run_after=2023-05-07T22:25:09.838005+00:00
[2023-05-07T22:25:09.881+0000] {processor.py:175} INFO - Processing /usr/local/python/3.10.4/lib/python3.10/site-packages/airflow/example_dags/example_short_circuit_decorator.py took 0.107 seconds
[2023-05-07T22:25:52.906+0000] {processor.py:153} INFO - Started process (PID=11584) to work on /usr/local/python/3.10.4/lib/python3.10/site-packages/airflow/example_dags/example_short_circuit_decorator.py
[2023-05-07T22:25:52.906+0000] {processor.py:743} INFO - Processing file /usr/local/python/3.10.4/lib/python3.10/site-packages/airflow/example_dags/example_short_circuit_decorator.py for tasks to queue
[2023-05-07T22:25:52.907+0000] {logging_mixin.py:137} INFO - [2023-05-07T22:25:52.907+0000] {dagbag.py:538} INFO - Filling up the DagBag from /usr/local/python/3.10.4/lib/python3.10/site-packages/airflow/example_dags/example_short_circuit_decorator.py
[2023-05-07T22:25:52.930+0000] {processor.py:753} INFO - DAG(s) dict_keys(['example_short_circuit_decorator']) retrieved from /usr/local/python/3.10.4/lib/python3.10/site-packages/airflow/example_dags/example_short_circuit_decorator.py
[2023-05-07T22:25:52.948+0000] {logging_mixin.py:137} INFO - [2023-05-07T22:25:52.948+0000] {dag.py:2690} INFO - Sync 1 DAGs
[2023-05-07T22:25:52.965+0000] {logging_mixin.py:137} INFO - [2023-05-07T22:25:52.965+0000] {dag.py:3437} INFO - Setting next_dagrun for example_short_circuit_decorator to 2023-05-06T22:25:52.965625+00:00, run_after=2023-05-07T22:25:52.965625+00:00
[2023-05-07T22:25:53.006+0000] {processor.py:175} INFO - Processing /usr/local/python/3.10.4/lib/python3.10/site-packages/airflow/example_dags/example_short_circuit_decorator.py took 0.103 seconds
[2023-05-07T22:26:29.466+0000] {processor.py:153} INFO - Started process (PID=11836) to work on /usr/local/python/3.10.4/lib/python3.10/site-packages/airflow/example_dags/example_short_circuit_decorator.py
[2023-05-07T22:26:29.467+0000] {processor.py:743} INFO - Processing file /usr/local/python/3.10.4/lib/python3.10/site-packages/airflow/example_dags/example_short_circuit_decorator.py for tasks to queue
[2023-05-07T22:26:29.468+0000] {logging_mixin.py:137} INFO - [2023-05-07T22:26:29.468+0000] {dagbag.py:538} INFO - Filling up the DagBag from /usr/local/python/3.10.4/lib/python3.10/site-packages/airflow/example_dags/example_short_circuit_decorator.py
[2023-05-07T22:26:29.491+0000] {processor.py:753} INFO - DAG(s) dict_keys(['example_short_circuit_decorator']) retrieved from /usr/local/python/3.10.4/lib/python3.10/site-packages/airflow/example_dags/example_short_circuit_decorator.py
[2023-05-07T22:26:29.508+0000] {logging_mixin.py:137} INFO - [2023-05-07T22:26:29.507+0000] {dag.py:2690} INFO - Sync 1 DAGs
[2023-05-07T22:26:29.525+0000] {logging_mixin.py:137} INFO - [2023-05-07T22:26:29.525+0000] {dag.py:3437} INFO - Setting next_dagrun for example_short_circuit_decorator to 2023-05-06T22:26:29.524823+00:00, run_after=2023-05-07T22:26:29.524823+00:00
[2023-05-07T22:26:29.575+0000] {processor.py:175} INFO - Processing /usr/local/python/3.10.4/lib/python3.10/site-packages/airflow/example_dags/example_short_circuit_decorator.py took 0.111 seconds
[2023-05-07T22:27:11.208+0000] {processor.py:153} INFO - Started process (PID=12113) to work on /usr/local/python/3.10.4/lib/python3.10/site-packages/airflow/example_dags/example_short_circuit_decorator.py
[2023-05-07T22:27:11.209+0000] {processor.py:743} INFO - Processing file /usr/local/python/3.10.4/lib/python3.10/site-packages/airflow/example_dags/example_short_circuit_decorator.py for tasks to queue
[2023-05-07T22:27:11.209+0000] {logging_mixin.py:137} INFO - [2023-05-07T22:27:11.209+0000] {dagbag.py:538} INFO - Filling up the DagBag from /usr/local/python/3.10.4/lib/python3.10/site-packages/airflow/example_dags/example_short_circuit_decorator.py
[2023-05-07T22:27:11.241+0000] {processor.py:753} INFO - DAG(s) dict_keys(['example_short_circuit_decorator']) retrieved from /usr/local/python/3.10.4/lib/python3.10/site-packages/airflow/example_dags/example_short_circuit_decorator.py
[2023-05-07T22:27:11.267+0000] {logging_mixin.py:137} INFO - [2023-05-07T22:27:11.267+0000] {dag.py:2690} INFO - Sync 1 DAGs
[2023-05-07T22:27:11.293+0000] {logging_mixin.py:137} INFO - [2023-05-07T22:27:11.293+0000] {dag.py:3437} INFO - Setting next_dagrun for example_short_circuit_decorator to 2023-05-06T22:27:11.293313+00:00, run_after=2023-05-07T22:27:11.293313+00:00
[2023-05-07T22:27:11.344+0000] {processor.py:175} INFO - Processing /usr/local/python/3.10.4/lib/python3.10/site-packages/airflow/example_dags/example_short_circuit_decorator.py took 0.139 seconds
[2023-05-07T22:27:54.325+0000] {processor.py:153} INFO - Started process (PID=12429) to work on /usr/local/python/3.10.4/lib/python3.10/site-packages/airflow/example_dags/example_short_circuit_decorator.py
[2023-05-07T22:27:54.325+0000] {processor.py:743} INFO - Processing file /usr/local/python/3.10.4/lib/python3.10/site-packages/airflow/example_dags/example_short_circuit_decorator.py for tasks to queue
[2023-05-07T22:27:54.326+0000] {logging_mixin.py:137} INFO - [2023-05-07T22:27:54.326+0000] {dagbag.py:538} INFO - Filling up the DagBag from /usr/local/python/3.10.4/lib/python3.10/site-packages/airflow/example_dags/example_short_circuit_decorator.py
[2023-05-07T22:27:54.351+0000] {processor.py:753} INFO - DAG(s) dict_keys(['example_short_circuit_decorator']) retrieved from /usr/local/python/3.10.4/lib/python3.10/site-packages/airflow/example_dags/example_short_circuit_decorator.py
[2023-05-07T22:27:54.372+0000] {logging_mixin.py:137} INFO - [2023-05-07T22:27:54.372+0000] {dag.py:2690} INFO - Sync 1 DAGs
[2023-05-07T22:27:54.390+0000] {logging_mixin.py:137} INFO - [2023-05-07T22:27:54.390+0000] {dag.py:3437} INFO - Setting next_dagrun for example_short_circuit_decorator to 2023-05-06T22:27:54.390028+00:00, run_after=2023-05-07T22:27:54.390028+00:00
[2023-05-07T22:27:54.432+0000] {processor.py:175} INFO - Processing /usr/local/python/3.10.4/lib/python3.10/site-packages/airflow/example_dags/example_short_circuit_decorator.py took 0.110 seconds
[2023-05-07T22:28:36.906+0000] {processor.py:153} INFO - Started process (PID=12722) to work on /usr/local/python/3.10.4/lib/python3.10/site-packages/airflow/example_dags/example_short_circuit_decorator.py
[2023-05-07T22:28:36.907+0000] {processor.py:743} INFO - Processing file /usr/local/python/3.10.4/lib/python3.10/site-packages/airflow/example_dags/example_short_circuit_decorator.py for tasks to queue
[2023-05-07T22:28:36.907+0000] {logging_mixin.py:137} INFO - [2023-05-07T22:28:36.907+0000] {dagbag.py:538} INFO - Filling up the DagBag from /usr/local/python/3.10.4/lib/python3.10/site-packages/airflow/example_dags/example_short_circuit_decorator.py
[2023-05-07T22:28:36.931+0000] {processor.py:753} INFO - DAG(s) dict_keys(['example_short_circuit_decorator']) retrieved from /usr/local/python/3.10.4/lib/python3.10/site-packages/airflow/example_dags/example_short_circuit_decorator.py
[2023-05-07T22:28:36.948+0000] {logging_mixin.py:137} INFO - [2023-05-07T22:28:36.948+0000] {dag.py:2690} INFO - Sync 1 DAGs
[2023-05-07T22:28:36.964+0000] {logging_mixin.py:137} INFO - [2023-05-07T22:28:36.964+0000] {dag.py:3437} INFO - Setting next_dagrun for example_short_circuit_decorator to 2023-05-06T22:28:36.964595+00:00, run_after=2023-05-07T22:28:36.964595+00:00
[2023-05-07T22:28:37.009+0000] {processor.py:175} INFO - Processing /usr/local/python/3.10.4/lib/python3.10/site-packages/airflow/example_dags/example_short_circuit_decorator.py took 0.107 seconds
[2023-05-07T22:29:22.871+0000] {processor.py:153} INFO - Started process (PID=13025) to work on /usr/local/python/3.10.4/lib/python3.10/site-packages/airflow/example_dags/example_short_circuit_decorator.py
[2023-05-07T22:29:22.872+0000] {processor.py:743} INFO - Processing file /usr/local/python/3.10.4/lib/python3.10/site-packages/airflow/example_dags/example_short_circuit_decorator.py for tasks to queue
[2023-05-07T22:29:22.873+0000] {logging_mixin.py:137} INFO - [2023-05-07T22:29:22.872+0000] {dagbag.py:538} INFO - Filling up the DagBag from /usr/local/python/3.10.4/lib/python3.10/site-packages/airflow/example_dags/example_short_circuit_decorator.py
[2023-05-07T22:29:22.896+0000] {processor.py:753} INFO - DAG(s) dict_keys(['example_short_circuit_decorator']) retrieved from /usr/local/python/3.10.4/lib/python3.10/site-packages/airflow/example_dags/example_short_circuit_decorator.py
[2023-05-07T22:29:22.912+0000] {logging_mixin.py:137} INFO - [2023-05-07T22:29:22.912+0000] {dag.py:2690} INFO - Sync 1 DAGs
[2023-05-07T22:29:22.936+0000] {logging_mixin.py:137} INFO - [2023-05-07T22:29:22.936+0000] {dag.py:3437} INFO - Setting next_dagrun for example_short_circuit_decorator to 2023-05-06T22:29:22.934289+00:00, run_after=2023-05-07T22:29:22.934289+00:00
[2023-05-07T22:29:23.098+0000] {processor.py:175} INFO - Processing /usr/local/python/3.10.4/lib/python3.10/site-packages/airflow/example_dags/example_short_circuit_decorator.py took 0.229 seconds
[2023-05-07T22:30:05.193+0000] {processor.py:153} INFO - Started process (PID=13328) to work on /usr/local/python/3.10.4/lib/python3.10/site-packages/airflow/example_dags/example_short_circuit_decorator.py
[2023-05-07T22:30:05.194+0000] {processor.py:743} INFO - Processing file /usr/local/python/3.10.4/lib/python3.10/site-packages/airflow/example_dags/example_short_circuit_decorator.py for tasks to queue
[2023-05-07T22:30:05.195+0000] {logging_mixin.py:137} INFO - [2023-05-07T22:30:05.194+0000] {dagbag.py:538} INFO - Filling up the DagBag from /usr/local/python/3.10.4/lib/python3.10/site-packages/airflow/example_dags/example_short_circuit_decorator.py
[2023-05-07T22:30:05.221+0000] {processor.py:753} INFO - DAG(s) dict_keys(['example_short_circuit_decorator']) retrieved from /usr/local/python/3.10.4/lib/python3.10/site-packages/airflow/example_dags/example_short_circuit_decorator.py
[2023-05-07T22:30:05.240+0000] {logging_mixin.py:137} INFO - [2023-05-07T22:30:05.239+0000] {dag.py:2690} INFO - Sync 1 DAGs
[2023-05-07T22:30:05.374+0000] {logging_mixin.py:137} INFO - [2023-05-07T22:30:05.374+0000] {dag.py:3437} INFO - Setting next_dagrun for example_short_circuit_decorator to 2023-05-06T22:30:05.374159+00:00, run_after=2023-05-07T22:30:05.374159+00:00
[2023-05-07T22:30:05.416+0000] {processor.py:175} INFO - Processing /usr/local/python/3.10.4/lib/python3.10/site-packages/airflow/example_dags/example_short_circuit_decorator.py took 0.227 seconds
[2023-05-07T22:30:50.256+0000] {processor.py:153} INFO - Started process (PID=13635) to work on /usr/local/python/3.10.4/lib/python3.10/site-packages/airflow/example_dags/example_short_circuit_decorator.py
[2023-05-07T22:30:50.257+0000] {processor.py:743} INFO - Processing file /usr/local/python/3.10.4/lib/python3.10/site-packages/airflow/example_dags/example_short_circuit_decorator.py for tasks to queue
[2023-05-07T22:30:50.258+0000] {logging_mixin.py:137} INFO - [2023-05-07T22:30:50.257+0000] {dagbag.py:538} INFO - Filling up the DagBag from /usr/local/python/3.10.4/lib/python3.10/site-packages/airflow/example_dags/example_short_circuit_decorator.py
[2023-05-07T22:30:50.281+0000] {processor.py:753} INFO - DAG(s) dict_keys(['example_short_circuit_decorator']) retrieved from /usr/local/python/3.10.4/lib/python3.10/site-packages/airflow/example_dags/example_short_circuit_decorator.py
[2023-05-07T22:30:50.298+0000] {logging_mixin.py:137} INFO - [2023-05-07T22:30:50.298+0000] {dag.py:2690} INFO - Sync 1 DAGs
[2023-05-07T22:30:50.428+0000] {logging_mixin.py:137} INFO - [2023-05-07T22:30:50.428+0000] {dag.py:3437} INFO - Setting next_dagrun for example_short_circuit_decorator to 2023-05-06T22:30:50.428662+00:00, run_after=2023-05-07T22:30:50.428662+00:00
[2023-05-07T22:30:50.468+0000] {processor.py:175} INFO - Processing /usr/local/python/3.10.4/lib/python3.10/site-packages/airflow/example_dags/example_short_circuit_decorator.py took 0.215 seconds
[2023-05-07T22:31:40.251+0000] {processor.py:153} INFO - Started process (PID=13978) to work on /usr/local/python/3.10.4/lib/python3.10/site-packages/airflow/example_dags/example_short_circuit_decorator.py
[2023-05-07T22:31:40.252+0000] {processor.py:743} INFO - Processing file /usr/local/python/3.10.4/lib/python3.10/site-packages/airflow/example_dags/example_short_circuit_decorator.py for tasks to queue
[2023-05-07T22:31:40.252+0000] {logging_mixin.py:137} INFO - [2023-05-07T22:31:40.252+0000] {dagbag.py:538} INFO - Filling up the DagBag from /usr/local/python/3.10.4/lib/python3.10/site-packages/airflow/example_dags/example_short_circuit_decorator.py
[2023-05-07T22:31:40.276+0000] {processor.py:753} INFO - DAG(s) dict_keys(['example_short_circuit_decorator']) retrieved from /usr/local/python/3.10.4/lib/python3.10/site-packages/airflow/example_dags/example_short_circuit_decorator.py
[2023-05-07T22:31:40.416+0000] {logging_mixin.py:137} INFO - [2023-05-07T22:31:40.416+0000] {dag.py:2690} INFO - Sync 1 DAGs
[2023-05-07T22:31:40.436+0000] {logging_mixin.py:137} INFO - [2023-05-07T22:31:40.435+0000] {dag.py:3437} INFO - Setting next_dagrun for example_short_circuit_decorator to 2023-05-06T22:31:40.435691+00:00, run_after=2023-05-07T22:31:40.435691+00:00
[2023-05-07T22:31:40.477+0000] {processor.py:175} INFO - Processing /usr/local/python/3.10.4/lib/python3.10/site-packages/airflow/example_dags/example_short_circuit_decorator.py took 0.229 seconds
[2023-05-07T22:32:25.974+0000] {processor.py:153} INFO - Started process (PID=14283) to work on /usr/local/python/3.10.4/lib/python3.10/site-packages/airflow/example_dags/example_short_circuit_decorator.py
[2023-05-07T22:32:25.974+0000] {processor.py:743} INFO - Processing file /usr/local/python/3.10.4/lib/python3.10/site-packages/airflow/example_dags/example_short_circuit_decorator.py for tasks to queue
[2023-05-07T22:32:25.975+0000] {logging_mixin.py:137} INFO - [2023-05-07T22:32:25.975+0000] {dagbag.py:538} INFO - Filling up the DagBag from /usr/local/python/3.10.4/lib/python3.10/site-packages/airflow/example_dags/example_short_circuit_decorator.py
[2023-05-07T22:32:25.999+0000] {processor.py:753} INFO - DAG(s) dict_keys(['example_short_circuit_decorator']) retrieved from /usr/local/python/3.10.4/lib/python3.10/site-packages/airflow/example_dags/example_short_circuit_decorator.py
[2023-05-07T22:32:26.127+0000] {logging_mixin.py:137} INFO - [2023-05-07T22:32:26.127+0000] {dag.py:2690} INFO - Sync 1 DAGs
[2023-05-07T22:32:26.143+0000] {logging_mixin.py:137} INFO - [2023-05-07T22:32:26.143+0000] {dag.py:3437} INFO - Setting next_dagrun for example_short_circuit_decorator to 2023-05-06T22:32:26.142865+00:00, run_after=2023-05-07T22:32:26.142865+00:00
[2023-05-07T22:32:26.183+0000] {processor.py:175} INFO - Processing /usr/local/python/3.10.4/lib/python3.10/site-packages/airflow/example_dags/example_short_circuit_decorator.py took 0.213 seconds
[2023-05-07T22:33:13.620+0000] {processor.py:153} INFO - Started process (PID=14632) to work on /usr/local/python/3.10.4/lib/python3.10/site-packages/airflow/example_dags/example_short_circuit_decorator.py
[2023-05-07T22:33:13.621+0000] {processor.py:743} INFO - Processing file /usr/local/python/3.10.4/lib/python3.10/site-packages/airflow/example_dags/example_short_circuit_decorator.py for tasks to queue
[2023-05-07T22:33:13.622+0000] {logging_mixin.py:137} INFO - [2023-05-07T22:33:13.622+0000] {dagbag.py:538} INFO - Filling up the DagBag from /usr/local/python/3.10.4/lib/python3.10/site-packages/airflow/example_dags/example_short_circuit_decorator.py
[2023-05-07T22:33:13.758+0000] {processor.py:753} INFO - DAG(s) dict_keys(['example_short_circuit_decorator']) retrieved from /usr/local/python/3.10.4/lib/python3.10/site-packages/airflow/example_dags/example_short_circuit_decorator.py
[2023-05-07T22:33:13.772+0000] {logging_mixin.py:137} INFO - [2023-05-07T22:33:13.772+0000] {dag.py:2690} INFO - Sync 1 DAGs
[2023-05-07T22:33:13.788+0000] {logging_mixin.py:137} INFO - [2023-05-07T22:33:13.788+0000] {dag.py:3437} INFO - Setting next_dagrun for example_short_circuit_decorator to 2023-05-06T22:33:13.787836+00:00, run_after=2023-05-07T22:33:13.787836+00:00
[2023-05-07T22:33:13.830+0000] {processor.py:175} INFO - Processing /usr/local/python/3.10.4/lib/python3.10/site-packages/airflow/example_dags/example_short_circuit_decorator.py took 0.213 seconds
[2023-05-07T22:34:03.062+0000] {processor.py:153} INFO - Started process (PID=15031) to work on /usr/local/python/3.10.4/lib/python3.10/site-packages/airflow/example_dags/example_short_circuit_decorator.py
[2023-05-07T22:34:03.062+0000] {processor.py:743} INFO - Processing file /usr/local/python/3.10.4/lib/python3.10/site-packages/airflow/example_dags/example_short_circuit_decorator.py for tasks to queue
[2023-05-07T22:34:03.064+0000] {logging_mixin.py:137} INFO - [2023-05-07T22:34:03.064+0000] {dagbag.py:538} INFO - Filling up the DagBag from /usr/local/python/3.10.4/lib/python3.10/site-packages/airflow/example_dags/example_short_circuit_decorator.py
[2023-05-07T22:34:03.195+0000] {processor.py:753} INFO - DAG(s) dict_keys(['example_short_circuit_decorator']) retrieved from /usr/local/python/3.10.4/lib/python3.10/site-packages/airflow/example_dags/example_short_circuit_decorator.py
[2023-05-07T22:34:03.208+0000] {logging_mixin.py:137} INFO - [2023-05-07T22:34:03.208+0000] {dag.py:2690} INFO - Sync 1 DAGs
[2023-05-07T22:34:03.223+0000] {logging_mixin.py:137} INFO - [2023-05-07T22:34:03.223+0000] {dag.py:3437} INFO - Setting next_dagrun for example_short_circuit_decorator to 2023-05-06T22:34:03.223178+00:00, run_after=2023-05-07T22:34:03.223178+00:00
[2023-05-07T22:34:03.264+0000] {processor.py:175} INFO - Processing /usr/local/python/3.10.4/lib/python3.10/site-packages/airflow/example_dags/example_short_circuit_decorator.py took 0.205 seconds
[2023-05-07T22:34:48.517+0000] {processor.py:153} INFO - Started process (PID=15341) to work on /usr/local/python/3.10.4/lib/python3.10/site-packages/airflow/example_dags/example_short_circuit_decorator.py
[2023-05-07T22:34:48.518+0000] {processor.py:743} INFO - Processing file /usr/local/python/3.10.4/lib/python3.10/site-packages/airflow/example_dags/example_short_circuit_decorator.py for tasks to queue
[2023-05-07T22:34:48.518+0000] {logging_mixin.py:137} INFO - [2023-05-07T22:34:48.518+0000] {dagbag.py:538} INFO - Filling up the DagBag from /usr/local/python/3.10.4/lib/python3.10/site-packages/airflow/example_dags/example_short_circuit_decorator.py
[2023-05-07T22:34:48.542+0000] {processor.py:753} INFO - DAG(s) dict_keys(['example_short_circuit_decorator']) retrieved from /usr/local/python/3.10.4/lib/python3.10/site-packages/airflow/example_dags/example_short_circuit_decorator.py
[2023-05-07T22:34:48.560+0000] {logging_mixin.py:137} INFO - [2023-05-07T22:34:48.560+0000] {dag.py:2690} INFO - Sync 1 DAGs
[2023-05-07T22:34:48.578+0000] {logging_mixin.py:137} INFO - [2023-05-07T22:34:48.578+0000] {dag.py:3437} INFO - Setting next_dagrun for example_short_circuit_decorator to 2023-05-06T22:34:48.578099+00:00, run_after=2023-05-07T22:34:48.578099+00:00
[2023-05-07T22:34:48.635+0000] {processor.py:175} INFO - Processing /usr/local/python/3.10.4/lib/python3.10/site-packages/airflow/example_dags/example_short_circuit_decorator.py took 0.121 seconds
[2023-05-07T22:35:28.468+0000] {processor.py:153} INFO - Started process (PID=15625) to work on /usr/local/python/3.10.4/lib/python3.10/site-packages/airflow/example_dags/example_short_circuit_decorator.py
[2023-05-07T22:35:28.469+0000] {processor.py:743} INFO - Processing file /usr/local/python/3.10.4/lib/python3.10/site-packages/airflow/example_dags/example_short_circuit_decorator.py for tasks to queue
[2023-05-07T22:35:28.469+0000] {logging_mixin.py:137} INFO - [2023-05-07T22:35:28.469+0000] {dagbag.py:538} INFO - Filling up the DagBag from /usr/local/python/3.10.4/lib/python3.10/site-packages/airflow/example_dags/example_short_circuit_decorator.py
[2023-05-07T22:35:28.493+0000] {processor.py:753} INFO - DAG(s) dict_keys(['example_short_circuit_decorator']) retrieved from /usr/local/python/3.10.4/lib/python3.10/site-packages/airflow/example_dags/example_short_circuit_decorator.py
[2023-05-07T22:35:28.509+0000] {logging_mixin.py:137} INFO - [2023-05-07T22:35:28.509+0000] {dag.py:2690} INFO - Sync 1 DAGs
[2023-05-07T22:35:28.527+0000] {logging_mixin.py:137} INFO - [2023-05-07T22:35:28.527+0000] {dag.py:3437} INFO - Setting next_dagrun for example_short_circuit_decorator to 2023-05-06T22:35:28.527230+00:00, run_after=2023-05-07T22:35:28.527230+00:00
[2023-05-07T22:35:28.589+0000] {processor.py:175} INFO - Processing /usr/local/python/3.10.4/lib/python3.10/site-packages/airflow/example_dags/example_short_circuit_decorator.py took 0.125 seconds
[2023-05-07T22:36:04.207+0000] {processor.py:153} INFO - Started process (PID=15861) to work on /usr/local/python/3.10.4/lib/python3.10/site-packages/airflow/example_dags/example_short_circuit_decorator.py
[2023-05-07T22:36:04.207+0000] {processor.py:743} INFO - Processing file /usr/local/python/3.10.4/lib/python3.10/site-packages/airflow/example_dags/example_short_circuit_decorator.py for tasks to queue
[2023-05-07T22:36:04.208+0000] {logging_mixin.py:137} INFO - [2023-05-07T22:36:04.208+0000] {dagbag.py:538} INFO - Filling up the DagBag from /usr/local/python/3.10.4/lib/python3.10/site-packages/airflow/example_dags/example_short_circuit_decorator.py
[2023-05-07T22:36:04.232+0000] {processor.py:753} INFO - DAG(s) dict_keys(['example_short_circuit_decorator']) retrieved from /usr/local/python/3.10.4/lib/python3.10/site-packages/airflow/example_dags/example_short_circuit_decorator.py
[2023-05-07T22:36:04.250+0000] {logging_mixin.py:137} INFO - [2023-05-07T22:36:04.249+0000] {dag.py:2690} INFO - Sync 1 DAGs
[2023-05-07T22:36:04.266+0000] {logging_mixin.py:137} INFO - [2023-05-07T22:36:04.266+0000] {dag.py:3437} INFO - Setting next_dagrun for example_short_circuit_decorator to 2023-05-06T22:36:04.266449+00:00, run_after=2023-05-07T22:36:04.266449+00:00
[2023-05-07T22:36:04.307+0000] {processor.py:175} INFO - Processing /usr/local/python/3.10.4/lib/python3.10/site-packages/airflow/example_dags/example_short_circuit_decorator.py took 0.103 seconds
[2023-05-07T22:36:48.149+0000] {processor.py:153} INFO - Started process (PID=16197) to work on /usr/local/python/3.10.4/lib/python3.10/site-packages/airflow/example_dags/example_short_circuit_decorator.py
[2023-05-07T22:36:48.149+0000] {processor.py:743} INFO - Processing file /usr/local/python/3.10.4/lib/python3.10/site-packages/airflow/example_dags/example_short_circuit_decorator.py for tasks to queue
[2023-05-07T22:36:48.150+0000] {logging_mixin.py:137} INFO - [2023-05-07T22:36:48.150+0000] {dagbag.py:538} INFO - Filling up the DagBag from /usr/local/python/3.10.4/lib/python3.10/site-packages/airflow/example_dags/example_short_circuit_decorator.py
[2023-05-07T22:36:48.174+0000] {processor.py:753} INFO - DAG(s) dict_keys(['example_short_circuit_decorator']) retrieved from /usr/local/python/3.10.4/lib/python3.10/site-packages/airflow/example_dags/example_short_circuit_decorator.py
[2023-05-07T22:36:48.191+0000] {logging_mixin.py:137} INFO - [2023-05-07T22:36:48.191+0000] {dag.py:2690} INFO - Sync 1 DAGs
[2023-05-07T22:36:48.208+0000] {logging_mixin.py:137} INFO - [2023-05-07T22:36:48.208+0000] {dag.py:3437} INFO - Setting next_dagrun for example_short_circuit_decorator to 2023-05-06T22:36:48.208525+00:00, run_after=2023-05-07T22:36:48.208525+00:00
[2023-05-07T22:36:48.252+0000] {processor.py:175} INFO - Processing /usr/local/python/3.10.4/lib/python3.10/site-packages/airflow/example_dags/example_short_circuit_decorator.py took 0.107 seconds
[2023-05-07T22:37:28.584+0000] {processor.py:153} INFO - Started process (PID=16485) to work on /usr/local/python/3.10.4/lib/python3.10/site-packages/airflow/example_dags/example_short_circuit_decorator.py
[2023-05-07T22:37:28.586+0000] {processor.py:743} INFO - Processing file /usr/local/python/3.10.4/lib/python3.10/site-packages/airflow/example_dags/example_short_circuit_decorator.py for tasks to queue
[2023-05-07T22:37:28.586+0000] {logging_mixin.py:137} INFO - [2023-05-07T22:37:28.586+0000] {dagbag.py:538} INFO - Filling up the DagBag from /usr/local/python/3.10.4/lib/python3.10/site-packages/airflow/example_dags/example_short_circuit_decorator.py
[2023-05-07T22:37:28.623+0000] {processor.py:753} INFO - DAG(s) dict_keys(['example_short_circuit_decorator']) retrieved from /usr/local/python/3.10.4/lib/python3.10/site-packages/airflow/example_dags/example_short_circuit_decorator.py
[2023-05-07T22:37:28.654+0000] {logging_mixin.py:137} INFO - [2023-05-07T22:37:28.653+0000] {dag.py:2690} INFO - Sync 1 DAGs
[2023-05-07T22:37:28.671+0000] {logging_mixin.py:137} INFO - [2023-05-07T22:37:28.671+0000] {dag.py:3437} INFO - Setting next_dagrun for example_short_circuit_decorator to 2023-05-06T22:37:28.671054+00:00, run_after=2023-05-07T22:37:28.671054+00:00
[2023-05-07T22:37:28.717+0000] {processor.py:175} INFO - Processing /usr/local/python/3.10.4/lib/python3.10/site-packages/airflow/example_dags/example_short_circuit_decorator.py took 0.137 seconds
[2023-05-07T22:38:06.979+0000] {processor.py:153} INFO - Started process (PID=16758) to work on /usr/local/python/3.10.4/lib/python3.10/site-packages/airflow/example_dags/example_short_circuit_decorator.py
[2023-05-07T22:38:06.980+0000] {processor.py:743} INFO - Processing file /usr/local/python/3.10.4/lib/python3.10/site-packages/airflow/example_dags/example_short_circuit_decorator.py for tasks to queue
[2023-05-07T22:38:06.981+0000] {logging_mixin.py:137} INFO - [2023-05-07T22:38:06.981+0000] {dagbag.py:538} INFO - Filling up the DagBag from /usr/local/python/3.10.4/lib/python3.10/site-packages/airflow/example_dags/example_short_circuit_decorator.py
[2023-05-07T22:38:07.016+0000] {processor.py:753} INFO - DAG(s) dict_keys(['example_short_circuit_decorator']) retrieved from /usr/local/python/3.10.4/lib/python3.10/site-packages/airflow/example_dags/example_short_circuit_decorator.py
[2023-05-07T22:38:07.038+0000] {logging_mixin.py:137} INFO - [2023-05-07T22:38:07.038+0000] {dag.py:2690} INFO - Sync 1 DAGs
[2023-05-07T22:38:07.055+0000] {logging_mixin.py:137} INFO - [2023-05-07T22:38:07.055+0000] {dag.py:3437} INFO - Setting next_dagrun for example_short_circuit_decorator to 2023-05-06T22:38:07.055277+00:00, run_after=2023-05-07T22:38:07.055277+00:00
[2023-05-07T22:38:07.098+0000] {processor.py:175} INFO - Processing /usr/local/python/3.10.4/lib/python3.10/site-packages/airflow/example_dags/example_short_circuit_decorator.py took 0.122 seconds
[2023-05-07T22:38:51.913+0000] {processor.py:153} INFO - Started process (PID=17083) to work on /usr/local/python/3.10.4/lib/python3.10/site-packages/airflow/example_dags/example_short_circuit_decorator.py
[2023-05-07T22:38:51.914+0000] {processor.py:743} INFO - Processing file /usr/local/python/3.10.4/lib/python3.10/site-packages/airflow/example_dags/example_short_circuit_decorator.py for tasks to queue
[2023-05-07T22:38:51.915+0000] {logging_mixin.py:137} INFO - [2023-05-07T22:38:51.914+0000] {dagbag.py:538} INFO - Filling up the DagBag from /usr/local/python/3.10.4/lib/python3.10/site-packages/airflow/example_dags/example_short_circuit_decorator.py
[2023-05-07T22:38:51.938+0000] {processor.py:753} INFO - DAG(s) dict_keys(['example_short_circuit_decorator']) retrieved from /usr/local/python/3.10.4/lib/python3.10/site-packages/airflow/example_dags/example_short_circuit_decorator.py
[2023-05-07T22:38:51.956+0000] {logging_mixin.py:137} INFO - [2023-05-07T22:38:51.955+0000] {dag.py:2690} INFO - Sync 1 DAGs
[2023-05-07T22:38:51.974+0000] {logging_mixin.py:137} INFO - [2023-05-07T22:38:51.973+0000] {dag.py:3437} INFO - Setting next_dagrun for example_short_circuit_decorator to 2023-05-06T22:38:51.973670+00:00, run_after=2023-05-07T22:38:51.973670+00:00
[2023-05-07T22:38:52.016+0000] {processor.py:175} INFO - Processing /usr/local/python/3.10.4/lib/python3.10/site-packages/airflow/example_dags/example_short_circuit_decorator.py took 0.106 seconds
[2023-05-07T22:39:35.191+0000] {processor.py:153} INFO - Started process (PID=17398) to work on /usr/local/python/3.10.4/lib/python3.10/site-packages/airflow/example_dags/example_short_circuit_decorator.py
[2023-05-07T22:39:35.192+0000] {processor.py:743} INFO - Processing file /usr/local/python/3.10.4/lib/python3.10/site-packages/airflow/example_dags/example_short_circuit_decorator.py for tasks to queue
[2023-05-07T22:39:35.193+0000] {logging_mixin.py:137} INFO - [2023-05-07T22:39:35.192+0000] {dagbag.py:538} INFO - Filling up the DagBag from /usr/local/python/3.10.4/lib/python3.10/site-packages/airflow/example_dags/example_short_circuit_decorator.py
[2023-05-07T22:39:35.216+0000] {processor.py:753} INFO - DAG(s) dict_keys(['example_short_circuit_decorator']) retrieved from /usr/local/python/3.10.4/lib/python3.10/site-packages/airflow/example_dags/example_short_circuit_decorator.py
[2023-05-07T22:39:35.232+0000] {logging_mixin.py:137} INFO - [2023-05-07T22:39:35.232+0000] {dag.py:2690} INFO - Sync 1 DAGs
[2023-05-07T22:39:35.250+0000] {logging_mixin.py:137} INFO - [2023-05-07T22:39:35.249+0000] {dag.py:3437} INFO - Setting next_dagrun for example_short_circuit_decorator to 2023-05-06T22:39:35.249722+00:00, run_after=2023-05-07T22:39:35.249722+00:00
[2023-05-07T22:39:35.290+0000] {processor.py:175} INFO - Processing /usr/local/python/3.10.4/lib/python3.10/site-packages/airflow/example_dags/example_short_circuit_decorator.py took 0.102 seconds
[2023-05-07T22:40:16.939+0000] {processor.py:153} INFO - Started process (PID=17717) to work on /usr/local/python/3.10.4/lib/python3.10/site-packages/airflow/example_dags/example_short_circuit_decorator.py
[2023-05-07T22:40:16.940+0000] {processor.py:743} INFO - Processing file /usr/local/python/3.10.4/lib/python3.10/site-packages/airflow/example_dags/example_short_circuit_decorator.py for tasks to queue
[2023-05-07T22:40:16.941+0000] {logging_mixin.py:137} INFO - [2023-05-07T22:40:16.941+0000] {dagbag.py:538} INFO - Filling up the DagBag from /usr/local/python/3.10.4/lib/python3.10/site-packages/airflow/example_dags/example_short_circuit_decorator.py
[2023-05-07T22:40:16.972+0000] {processor.py:753} INFO - DAG(s) dict_keys(['example_short_circuit_decorator']) retrieved from /usr/local/python/3.10.4/lib/python3.10/site-packages/airflow/example_dags/example_short_circuit_decorator.py
[2023-05-07T22:40:16.990+0000] {logging_mixin.py:137} INFO - [2023-05-07T22:40:16.990+0000] {dag.py:2690} INFO - Sync 1 DAGs
[2023-05-07T22:40:17.007+0000] {logging_mixin.py:137} INFO - [2023-05-07T22:40:17.006+0000] {dag.py:3437} INFO - Setting next_dagrun for example_short_circuit_decorator to 2023-05-06T22:40:17.006635+00:00, run_after=2023-05-07T22:40:17.006635+00:00
[2023-05-07T22:40:17.054+0000] {processor.py:175} INFO - Processing /usr/local/python/3.10.4/lib/python3.10/site-packages/airflow/example_dags/example_short_circuit_decorator.py took 0.118 seconds
[2023-05-07T22:40:59.759+0000] {processor.py:153} INFO - Started process (PID=18034) to work on /usr/local/python/3.10.4/lib/python3.10/site-packages/airflow/example_dags/example_short_circuit_decorator.py
[2023-05-07T22:40:59.760+0000] {processor.py:743} INFO - Processing file /usr/local/python/3.10.4/lib/python3.10/site-packages/airflow/example_dags/example_short_circuit_decorator.py for tasks to queue
[2023-05-07T22:40:59.760+0000] {logging_mixin.py:137} INFO - [2023-05-07T22:40:59.760+0000] {dagbag.py:538} INFO - Filling up the DagBag from /usr/local/python/3.10.4/lib/python3.10/site-packages/airflow/example_dags/example_short_circuit_decorator.py
[2023-05-07T22:40:59.785+0000] {processor.py:753} INFO - DAG(s) dict_keys(['example_short_circuit_decorator']) retrieved from /usr/local/python/3.10.4/lib/python3.10/site-packages/airflow/example_dags/example_short_circuit_decorator.py
[2023-05-07T22:40:59.803+0000] {logging_mixin.py:137} INFO - [2023-05-07T22:40:59.803+0000] {dag.py:2690} INFO - Sync 1 DAGs
[2023-05-07T22:40:59.819+0000] {logging_mixin.py:137} INFO - [2023-05-07T22:40:59.819+0000] {dag.py:3437} INFO - Setting next_dagrun for example_short_circuit_decorator to 2023-05-06T22:40:59.819196+00:00, run_after=2023-05-07T22:40:59.819196+00:00
[2023-05-07T22:40:59.860+0000] {processor.py:175} INFO - Processing /usr/local/python/3.10.4/lib/python3.10/site-packages/airflow/example_dags/example_short_circuit_decorator.py took 0.104 seconds
[2023-05-07T22:41:37.682+0000] {processor.py:153} INFO - Started process (PID=18312) to work on /usr/local/python/3.10.4/lib/python3.10/site-packages/airflow/example_dags/example_short_circuit_decorator.py
[2023-05-07T22:41:37.683+0000] {processor.py:743} INFO - Processing file /usr/local/python/3.10.4/lib/python3.10/site-packages/airflow/example_dags/example_short_circuit_decorator.py for tasks to queue
[2023-05-07T22:41:37.684+0000] {logging_mixin.py:137} INFO - [2023-05-07T22:41:37.684+0000] {dagbag.py:538} INFO - Filling up the DagBag from /usr/local/python/3.10.4/lib/python3.10/site-packages/airflow/example_dags/example_short_circuit_decorator.py
[2023-05-07T22:41:37.707+0000] {processor.py:753} INFO - DAG(s) dict_keys(['example_short_circuit_decorator']) retrieved from /usr/local/python/3.10.4/lib/python3.10/site-packages/airflow/example_dags/example_short_circuit_decorator.py
[2023-05-07T22:41:37.724+0000] {logging_mixin.py:137} INFO - [2023-05-07T22:41:37.723+0000] {dag.py:2690} INFO - Sync 1 DAGs
[2023-05-07T22:41:37.741+0000] {logging_mixin.py:137} INFO - [2023-05-07T22:41:37.740+0000] {dag.py:3437} INFO - Setting next_dagrun for example_short_circuit_decorator to 2023-05-06T22:41:37.740756+00:00, run_after=2023-05-07T22:41:37.740756+00:00
[2023-05-07T22:41:37.782+0000] {processor.py:175} INFO - Processing /usr/local/python/3.10.4/lib/python3.10/site-packages/airflow/example_dags/example_short_circuit_decorator.py took 0.103 seconds
[2023-05-07T22:42:18.505+0000] {processor.py:153} INFO - Started process (PID=18664) to work on /usr/local/python/3.10.4/lib/python3.10/site-packages/airflow/example_dags/example_short_circuit_decorator.py
[2023-05-07T22:42:18.506+0000] {processor.py:743} INFO - Processing file /usr/local/python/3.10.4/lib/python3.10/site-packages/airflow/example_dags/example_short_circuit_decorator.py for tasks to queue
[2023-05-07T22:42:18.506+0000] {logging_mixin.py:137} INFO - [2023-05-07T22:42:18.506+0000] {dagbag.py:538} INFO - Filling up the DagBag from /usr/local/python/3.10.4/lib/python3.10/site-packages/airflow/example_dags/example_short_circuit_decorator.py
[2023-05-07T22:42:18.533+0000] {processor.py:753} INFO - DAG(s) dict_keys(['example_short_circuit_decorator']) retrieved from /usr/local/python/3.10.4/lib/python3.10/site-packages/airflow/example_dags/example_short_circuit_decorator.py
[2023-05-07T22:42:18.556+0000] {logging_mixin.py:137} INFO - [2023-05-07T22:42:18.556+0000] {dag.py:2690} INFO - Sync 1 DAGs
[2023-05-07T22:42:18.573+0000] {logging_mixin.py:137} INFO - [2023-05-07T22:42:18.572+0000] {dag.py:3437} INFO - Setting next_dagrun for example_short_circuit_decorator to 2023-05-06T22:42:18.572779+00:00, run_after=2023-05-07T22:42:18.572779+00:00
[2023-05-07T22:42:18.617+0000] {processor.py:175} INFO - Processing /usr/local/python/3.10.4/lib/python3.10/site-packages/airflow/example_dags/example_short_circuit_decorator.py took 0.115 seconds
[2023-05-07T22:43:02.273+0000] {processor.py:153} INFO - Started process (PID=19047) to work on /usr/local/python/3.10.4/lib/python3.10/site-packages/airflow/example_dags/example_short_circuit_decorator.py
[2023-05-07T22:43:02.274+0000] {processor.py:743} INFO - Processing file /usr/local/python/3.10.4/lib/python3.10/site-packages/airflow/example_dags/example_short_circuit_decorator.py for tasks to queue
[2023-05-07T22:43:02.275+0000] {logging_mixin.py:137} INFO - [2023-05-07T22:43:02.275+0000] {dagbag.py:538} INFO - Filling up the DagBag from /usr/local/python/3.10.4/lib/python3.10/site-packages/airflow/example_dags/example_short_circuit_decorator.py
[2023-05-07T22:43:02.298+0000] {processor.py:753} INFO - DAG(s) dict_keys(['example_short_circuit_decorator']) retrieved from /usr/local/python/3.10.4/lib/python3.10/site-packages/airflow/example_dags/example_short_circuit_decorator.py
[2023-05-07T22:43:02.315+0000] {logging_mixin.py:137} INFO - [2023-05-07T22:43:02.315+0000] {dag.py:2690} INFO - Sync 1 DAGs
[2023-05-07T22:43:02.332+0000] {logging_mixin.py:137} INFO - [2023-05-07T22:43:02.332+0000] {dag.py:3437} INFO - Setting next_dagrun for example_short_circuit_decorator to 2023-05-06T22:43:02.332603+00:00, run_after=2023-05-07T22:43:02.332603+00:00
[2023-05-07T22:43:02.374+0000] {processor.py:175} INFO - Processing /usr/local/python/3.10.4/lib/python3.10/site-packages/airflow/example_dags/example_short_circuit_decorator.py took 0.104 seconds
[2023-05-07T22:43:45.438+0000] {processor.py:153} INFO - Started process (PID=19541) to work on /usr/local/python/3.10.4/lib/python3.10/site-packages/airflow/example_dags/example_short_circuit_decorator.py
[2023-05-07T22:43:45.439+0000] {processor.py:743} INFO - Processing file /usr/local/python/3.10.4/lib/python3.10/site-packages/airflow/example_dags/example_short_circuit_decorator.py for tasks to queue
[2023-05-07T22:43:45.440+0000] {logging_mixin.py:137} INFO - [2023-05-07T22:43:45.439+0000] {dagbag.py:538} INFO - Filling up the DagBag from /usr/local/python/3.10.4/lib/python3.10/site-packages/airflow/example_dags/example_short_circuit_decorator.py
[2023-05-07T22:43:45.463+0000] {processor.py:753} INFO - DAG(s) dict_keys(['example_short_circuit_decorator']) retrieved from /usr/local/python/3.10.4/lib/python3.10/site-packages/airflow/example_dags/example_short_circuit_decorator.py
[2023-05-07T22:43:45.486+0000] {logging_mixin.py:137} INFO - [2023-05-07T22:43:45.486+0000] {dag.py:2690} INFO - Sync 1 DAGs
[2023-05-07T22:43:45.503+0000] {logging_mixin.py:137} INFO - [2023-05-07T22:43:45.503+0000] {dag.py:3437} INFO - Setting next_dagrun for example_short_circuit_decorator to 2023-05-06T22:43:45.503239+00:00, run_after=2023-05-07T22:43:45.503239+00:00
[2023-05-07T22:43:45.543+0000] {processor.py:175} INFO - Processing /usr/local/python/3.10.4/lib/python3.10/site-packages/airflow/example_dags/example_short_circuit_decorator.py took 0.108 seconds
[2023-05-07T22:44:27.290+0000] {processor.py:153} INFO - Started process (PID=20002) to work on /usr/local/python/3.10.4/lib/python3.10/site-packages/airflow/example_dags/example_short_circuit_decorator.py
[2023-05-07T22:44:27.291+0000] {processor.py:743} INFO - Processing file /usr/local/python/3.10.4/lib/python3.10/site-packages/airflow/example_dags/example_short_circuit_decorator.py for tasks to queue
[2023-05-07T22:44:27.291+0000] {logging_mixin.py:137} INFO - [2023-05-07T22:44:27.291+0000] {dagbag.py:538} INFO - Filling up the DagBag from /usr/local/python/3.10.4/lib/python3.10/site-packages/airflow/example_dags/example_short_circuit_decorator.py
[2023-05-07T22:44:27.315+0000] {processor.py:753} INFO - DAG(s) dict_keys(['example_short_circuit_decorator']) retrieved from /usr/local/python/3.10.4/lib/python3.10/site-packages/airflow/example_dags/example_short_circuit_decorator.py
[2023-05-07T22:44:27.332+0000] {logging_mixin.py:137} INFO - [2023-05-07T22:44:27.332+0000] {dag.py:2690} INFO - Sync 1 DAGs
[2023-05-07T22:44:27.349+0000] {logging_mixin.py:137} INFO - [2023-05-07T22:44:27.349+0000] {dag.py:3437} INFO - Setting next_dagrun for example_short_circuit_decorator to 2023-05-06T22:44:27.349242+00:00, run_after=2023-05-07T22:44:27.349242+00:00
[2023-05-07T22:44:27.390+0000] {processor.py:175} INFO - Processing /usr/local/python/3.10.4/lib/python3.10/site-packages/airflow/example_dags/example_short_circuit_decorator.py took 0.103 seconds
[2023-05-07T22:45:08.022+0000] {processor.py:153} INFO - Started process (PID=20327) to work on /usr/local/python/3.10.4/lib/python3.10/site-packages/airflow/example_dags/example_short_circuit_decorator.py
[2023-05-07T22:45:08.022+0000] {processor.py:743} INFO - Processing file /usr/local/python/3.10.4/lib/python3.10/site-packages/airflow/example_dags/example_short_circuit_decorator.py for tasks to queue
[2023-05-07T22:45:08.023+0000] {logging_mixin.py:137} INFO - [2023-05-07T22:45:08.023+0000] {dagbag.py:538} INFO - Filling up the DagBag from /usr/local/python/3.10.4/lib/python3.10/site-packages/airflow/example_dags/example_short_circuit_decorator.py
[2023-05-07T22:45:08.047+0000] {processor.py:753} INFO - DAG(s) dict_keys(['example_short_circuit_decorator']) retrieved from /usr/local/python/3.10.4/lib/python3.10/site-packages/airflow/example_dags/example_short_circuit_decorator.py
[2023-05-07T22:45:08.065+0000] {logging_mixin.py:137} INFO - [2023-05-07T22:45:08.065+0000] {dag.py:2690} INFO - Sync 1 DAGs
[2023-05-07T22:45:08.088+0000] {logging_mixin.py:137} INFO - [2023-05-07T22:45:08.088+0000] {dag.py:3437} INFO - Setting next_dagrun for example_short_circuit_decorator to 2023-05-06T22:45:08.087887+00:00, run_after=2023-05-07T22:45:08.087887+00:00
[2023-05-07T22:45:08.128+0000] {processor.py:175} INFO - Processing /usr/local/python/3.10.4/lib/python3.10/site-packages/airflow/example_dags/example_short_circuit_decorator.py took 0.109 seconds
[2023-05-07T22:45:44.131+0000] {processor.py:153} INFO - Started process (PID=20683) to work on /usr/local/python/3.10.4/lib/python3.10/site-packages/airflow/example_dags/example_short_circuit_decorator.py
[2023-05-07T22:45:44.132+0000] {processor.py:743} INFO - Processing file /usr/local/python/3.10.4/lib/python3.10/site-packages/airflow/example_dags/example_short_circuit_decorator.py for tasks to queue
[2023-05-07T22:45:44.133+0000] {logging_mixin.py:137} INFO - [2023-05-07T22:45:44.133+0000] {dagbag.py:538} INFO - Filling up the DagBag from /usr/local/python/3.10.4/lib/python3.10/site-packages/airflow/example_dags/example_short_circuit_decorator.py
[2023-05-07T22:45:44.156+0000] {processor.py:753} INFO - DAG(s) dict_keys(['example_short_circuit_decorator']) retrieved from /usr/local/python/3.10.4/lib/python3.10/site-packages/airflow/example_dags/example_short_circuit_decorator.py
[2023-05-07T22:45:44.173+0000] {logging_mixin.py:137} INFO - [2023-05-07T22:45:44.173+0000] {dag.py:2690} INFO - Sync 1 DAGs
[2023-05-07T22:45:44.190+0000] {logging_mixin.py:137} INFO - [2023-05-07T22:45:44.190+0000] {dag.py:3437} INFO - Setting next_dagrun for example_short_circuit_decorator to 2023-05-06T22:45:44.190423+00:00, run_after=2023-05-07T22:45:44.190423+00:00
[2023-05-07T22:45:44.231+0000] {processor.py:175} INFO - Processing /usr/local/python/3.10.4/lib/python3.10/site-packages/airflow/example_dags/example_short_circuit_decorator.py took 0.103 seconds
[2023-05-07T22:46:25.790+0000] {processor.py:153} INFO - Started process (PID=21123) to work on /usr/local/python/3.10.4/lib/python3.10/site-packages/airflow/example_dags/example_short_circuit_decorator.py
[2023-05-07T22:46:25.791+0000] {processor.py:743} INFO - Processing file /usr/local/python/3.10.4/lib/python3.10/site-packages/airflow/example_dags/example_short_circuit_decorator.py for tasks to queue
[2023-05-07T22:46:25.792+0000] {logging_mixin.py:137} INFO - [2023-05-07T22:46:25.792+0000] {dagbag.py:538} INFO - Filling up the DagBag from /usr/local/python/3.10.4/lib/python3.10/site-packages/airflow/example_dags/example_short_circuit_decorator.py
[2023-05-07T22:46:25.815+0000] {processor.py:753} INFO - DAG(s) dict_keys(['example_short_circuit_decorator']) retrieved from /usr/local/python/3.10.4/lib/python3.10/site-packages/airflow/example_dags/example_short_circuit_decorator.py
[2023-05-07T22:46:25.832+0000] {logging_mixin.py:137} INFO - [2023-05-07T22:46:25.832+0000] {dag.py:2690} INFO - Sync 1 DAGs
[2023-05-07T22:46:25.848+0000] {logging_mixin.py:137} INFO - [2023-05-07T22:46:25.848+0000] {dag.py:3437} INFO - Setting next_dagrun for example_short_circuit_decorator to 2023-05-06T22:46:25.848365+00:00, run_after=2023-05-07T22:46:25.848365+00:00
[2023-05-07T22:46:25.887+0000] {processor.py:175} INFO - Processing /usr/local/python/3.10.4/lib/python3.10/site-packages/airflow/example_dags/example_short_circuit_decorator.py took 0.101 seconds
[2023-05-07T22:47:04.345+0000] {processor.py:153} INFO - Started process (PID=21479) to work on /usr/local/python/3.10.4/lib/python3.10/site-packages/airflow/example_dags/example_short_circuit_decorator.py
[2023-05-07T22:47:04.347+0000] {processor.py:743} INFO - Processing file /usr/local/python/3.10.4/lib/python3.10/site-packages/airflow/example_dags/example_short_circuit_decorator.py for tasks to queue
[2023-05-07T22:47:04.348+0000] {logging_mixin.py:137} INFO - [2023-05-07T22:47:04.347+0000] {dagbag.py:538} INFO - Filling up the DagBag from /usr/local/python/3.10.4/lib/python3.10/site-packages/airflow/example_dags/example_short_circuit_decorator.py
[2023-05-07T22:47:04.373+0000] {processor.py:753} INFO - DAG(s) dict_keys(['example_short_circuit_decorator']) retrieved from /usr/local/python/3.10.4/lib/python3.10/site-packages/airflow/example_dags/example_short_circuit_decorator.py
[2023-05-07T22:47:04.390+0000] {logging_mixin.py:137} INFO - [2023-05-07T22:47:04.390+0000] {dag.py:2690} INFO - Sync 1 DAGs
[2023-05-07T22:47:04.408+0000] {logging_mixin.py:137} INFO - [2023-05-07T22:47:04.408+0000] {dag.py:3437} INFO - Setting next_dagrun for example_short_circuit_decorator to 2023-05-06T22:47:04.408495+00:00, run_after=2023-05-07T22:47:04.408495+00:00
[2023-05-07T22:47:04.451+0000] {processor.py:175} INFO - Processing /usr/local/python/3.10.4/lib/python3.10/site-packages/airflow/example_dags/example_short_circuit_decorator.py took 0.110 seconds
[2023-05-07T22:47:44.823+0000] {processor.py:153} INFO - Started process (PID=21759) to work on /usr/local/python/3.10.4/lib/python3.10/site-packages/airflow/example_dags/example_short_circuit_decorator.py
[2023-05-07T22:47:44.824+0000] {processor.py:743} INFO - Processing file /usr/local/python/3.10.4/lib/python3.10/site-packages/airflow/example_dags/example_short_circuit_decorator.py for tasks to queue
[2023-05-07T22:47:44.824+0000] {logging_mixin.py:137} INFO - [2023-05-07T22:47:44.824+0000] {dagbag.py:538} INFO - Filling up the DagBag from /usr/local/python/3.10.4/lib/python3.10/site-packages/airflow/example_dags/example_short_circuit_decorator.py
[2023-05-07T22:47:44.847+0000] {processor.py:753} INFO - DAG(s) dict_keys(['example_short_circuit_decorator']) retrieved from /usr/local/python/3.10.4/lib/python3.10/site-packages/airflow/example_dags/example_short_circuit_decorator.py
[2023-05-07T22:47:44.865+0000] {logging_mixin.py:137} INFO - [2023-05-07T22:47:44.864+0000] {dag.py:2690} INFO - Sync 1 DAGs
[2023-05-07T22:47:44.882+0000] {logging_mixin.py:137} INFO - [2023-05-07T22:47:44.882+0000] {dag.py:3437} INFO - Setting next_dagrun for example_short_circuit_decorator to 2023-05-06T22:47:44.882091+00:00, run_after=2023-05-07T22:47:44.882091+00:00
[2023-05-07T22:47:44.922+0000] {processor.py:175} INFO - Processing /usr/local/python/3.10.4/lib/python3.10/site-packages/airflow/example_dags/example_short_circuit_decorator.py took 0.103 seconds
[2023-05-07T22:48:28.090+0000] {processor.py:153} INFO - Started process (PID=22161) to work on /usr/local/python/3.10.4/lib/python3.10/site-packages/airflow/example_dags/example_short_circuit_decorator.py
[2023-05-07T22:48:28.090+0000] {processor.py:743} INFO - Processing file /usr/local/python/3.10.4/lib/python3.10/site-packages/airflow/example_dags/example_short_circuit_decorator.py for tasks to queue
[2023-05-07T22:48:28.091+0000] {logging_mixin.py:137} INFO - [2023-05-07T22:48:28.091+0000] {dagbag.py:538} INFO - Filling up the DagBag from /usr/local/python/3.10.4/lib/python3.10/site-packages/airflow/example_dags/example_short_circuit_decorator.py
[2023-05-07T22:48:28.115+0000] {processor.py:753} INFO - DAG(s) dict_keys(['example_short_circuit_decorator']) retrieved from /usr/local/python/3.10.4/lib/python3.10/site-packages/airflow/example_dags/example_short_circuit_decorator.py
[2023-05-07T22:48:28.131+0000] {logging_mixin.py:137} INFO - [2023-05-07T22:48:28.131+0000] {dag.py:2690} INFO - Sync 1 DAGs
[2023-05-07T22:48:28.149+0000] {logging_mixin.py:137} INFO - [2023-05-07T22:48:28.149+0000] {dag.py:3437} INFO - Setting next_dagrun for example_short_circuit_decorator to 2023-05-06T22:48:28.148800+00:00, run_after=2023-05-07T22:48:28.148800+00:00
[2023-05-07T22:48:28.190+0000] {processor.py:175} INFO - Processing /usr/local/python/3.10.4/lib/python3.10/site-packages/airflow/example_dags/example_short_circuit_decorator.py took 0.103 seconds
[2023-05-07T22:49:13.022+0000] {processor.py:153} INFO - Started process (PID=22635) to work on /usr/local/python/3.10.4/lib/python3.10/site-packages/airflow/example_dags/example_short_circuit_decorator.py
[2023-05-07T22:49:13.023+0000] {processor.py:743} INFO - Processing file /usr/local/python/3.10.4/lib/python3.10/site-packages/airflow/example_dags/example_short_circuit_decorator.py for tasks to queue
[2023-05-07T22:49:13.023+0000] {logging_mixin.py:137} INFO - [2023-05-07T22:49:13.023+0000] {dagbag.py:538} INFO - Filling up the DagBag from /usr/local/python/3.10.4/lib/python3.10/site-packages/airflow/example_dags/example_short_circuit_decorator.py
[2023-05-07T22:49:13.055+0000] {processor.py:753} INFO - DAG(s) dict_keys(['example_short_circuit_decorator']) retrieved from /usr/local/python/3.10.4/lib/python3.10/site-packages/airflow/example_dags/example_short_circuit_decorator.py
[2023-05-07T22:49:13.076+0000] {logging_mixin.py:137} INFO - [2023-05-07T22:49:13.076+0000] {dag.py:2690} INFO - Sync 1 DAGs
[2023-05-07T22:49:13.100+0000] {logging_mixin.py:137} INFO - [2023-05-07T22:49:13.100+0000] {dag.py:3437} INFO - Setting next_dagrun for example_short_circuit_decorator to 2023-05-06T22:49:13.100299+00:00, run_after=2023-05-07T22:49:13.100299+00:00
[2023-05-07T22:49:13.218+0000] {processor.py:175} INFO - Processing /usr/local/python/3.10.4/lib/python3.10/site-packages/airflow/example_dags/example_short_circuit_decorator.py took 0.200 seconds
[2023-05-07T22:49:55.303+0000] {processor.py:153} INFO - Started process (PID=23018) to work on /usr/local/python/3.10.4/lib/python3.10/site-packages/airflow/example_dags/example_short_circuit_decorator.py
[2023-05-07T22:49:55.303+0000] {processor.py:743} INFO - Processing file /usr/local/python/3.10.4/lib/python3.10/site-packages/airflow/example_dags/example_short_circuit_decorator.py for tasks to queue
[2023-05-07T22:49:55.304+0000] {logging_mixin.py:137} INFO - [2023-05-07T22:49:55.304+0000] {dagbag.py:538} INFO - Filling up the DagBag from /usr/local/python/3.10.4/lib/python3.10/site-packages/airflow/example_dags/example_short_circuit_decorator.py
[2023-05-07T22:49:55.329+0000] {processor.py:753} INFO - DAG(s) dict_keys(['example_short_circuit_decorator']) retrieved from /usr/local/python/3.10.4/lib/python3.10/site-packages/airflow/example_dags/example_short_circuit_decorator.py
[2023-05-07T22:49:55.346+0000] {logging_mixin.py:137} INFO - [2023-05-07T22:49:55.345+0000] {dag.py:2690} INFO - Sync 1 DAGs
[2023-05-07T22:49:55.363+0000] {logging_mixin.py:137} INFO - [2023-05-07T22:49:55.362+0000] {dag.py:3437} INFO - Setting next_dagrun for example_short_circuit_decorator to 2023-05-06T22:49:55.362622+00:00, run_after=2023-05-07T22:49:55.362622+00:00
[2023-05-07T22:49:55.403+0000] {processor.py:175} INFO - Processing /usr/local/python/3.10.4/lib/python3.10/site-packages/airflow/example_dags/example_short_circuit_decorator.py took 0.103 seconds
[2023-05-07T22:50:37.353+0000] {processor.py:153} INFO - Started process (PID=23333) to work on /usr/local/python/3.10.4/lib/python3.10/site-packages/airflow/example_dags/example_short_circuit_decorator.py
[2023-05-07T22:50:37.353+0000] {processor.py:743} INFO - Processing file /usr/local/python/3.10.4/lib/python3.10/site-packages/airflow/example_dags/example_short_circuit_decorator.py for tasks to queue
[2023-05-07T22:50:37.354+0000] {logging_mixin.py:137} INFO - [2023-05-07T22:50:37.354+0000] {dagbag.py:538} INFO - Filling up the DagBag from /usr/local/python/3.10.4/lib/python3.10/site-packages/airflow/example_dags/example_short_circuit_decorator.py
[2023-05-07T22:50:37.378+0000] {processor.py:753} INFO - DAG(s) dict_keys(['example_short_circuit_decorator']) retrieved from /usr/local/python/3.10.4/lib/python3.10/site-packages/airflow/example_dags/example_short_circuit_decorator.py
[2023-05-07T22:50:37.394+0000] {logging_mixin.py:137} INFO - [2023-05-07T22:50:37.394+0000] {dag.py:2690} INFO - Sync 1 DAGs
[2023-05-07T22:50:37.411+0000] {logging_mixin.py:137} INFO - [2023-05-07T22:50:37.411+0000] {dag.py:3437} INFO - Setting next_dagrun for example_short_circuit_decorator to 2023-05-06T22:50:37.411177+00:00, run_after=2023-05-07T22:50:37.411177+00:00
[2023-05-07T22:50:37.465+0000] {processor.py:175} INFO - Processing /usr/local/python/3.10.4/lib/python3.10/site-packages/airflow/example_dags/example_short_circuit_decorator.py took 0.116 seconds
[2023-05-07T22:51:22.037+0000] {processor.py:153} INFO - Started process (PID=23730) to work on /usr/local/python/3.10.4/lib/python3.10/site-packages/airflow/example_dags/example_short_circuit_decorator.py
[2023-05-07T22:51:22.038+0000] {processor.py:743} INFO - Processing file /usr/local/python/3.10.4/lib/python3.10/site-packages/airflow/example_dags/example_short_circuit_decorator.py for tasks to queue
[2023-05-07T22:51:22.039+0000] {logging_mixin.py:137} INFO - [2023-05-07T22:51:22.039+0000] {dagbag.py:538} INFO - Filling up the DagBag from /usr/local/python/3.10.4/lib/python3.10/site-packages/airflow/example_dags/example_short_circuit_decorator.py
[2023-05-07T22:51:22.063+0000] {processor.py:753} INFO - DAG(s) dict_keys(['example_short_circuit_decorator']) retrieved from /usr/local/python/3.10.4/lib/python3.10/site-packages/airflow/example_dags/example_short_circuit_decorator.py
[2023-05-07T22:51:22.080+0000] {logging_mixin.py:137} INFO - [2023-05-07T22:51:22.080+0000] {dag.py:2690} INFO - Sync 1 DAGs
[2023-05-07T22:51:22.097+0000] {logging_mixin.py:137} INFO - [2023-05-07T22:51:22.097+0000] {dag.py:3437} INFO - Setting next_dagrun for example_short_circuit_decorator to 2023-05-06T22:51:22.097563+00:00, run_after=2023-05-07T22:51:22.097563+00:00
[2023-05-07T22:51:22.137+0000] {processor.py:175} INFO - Processing /usr/local/python/3.10.4/lib/python3.10/site-packages/airflow/example_dags/example_short_circuit_decorator.py took 0.103 seconds
[2023-05-07T22:52:02.884+0000] {processor.py:153} INFO - Started process (PID=23961) to work on /usr/local/python/3.10.4/lib/python3.10/site-packages/airflow/example_dags/example_short_circuit_decorator.py
[2023-05-07T22:52:02.884+0000] {processor.py:743} INFO - Processing file /usr/local/python/3.10.4/lib/python3.10/site-packages/airflow/example_dags/example_short_circuit_decorator.py for tasks to queue
[2023-05-07T22:52:02.885+0000] {logging_mixin.py:137} INFO - [2023-05-07T22:52:02.885+0000] {dagbag.py:538} INFO - Filling up the DagBag from /usr/local/python/3.10.4/lib/python3.10/site-packages/airflow/example_dags/example_short_circuit_decorator.py
[2023-05-07T22:52:02.908+0000] {processor.py:753} INFO - DAG(s) dict_keys(['example_short_circuit_decorator']) retrieved from /usr/local/python/3.10.4/lib/python3.10/site-packages/airflow/example_dags/example_short_circuit_decorator.py
[2023-05-07T22:52:02.925+0000] {logging_mixin.py:137} INFO - [2023-05-07T22:52:02.925+0000] {dag.py:2690} INFO - Sync 1 DAGs
[2023-05-07T22:52:02.943+0000] {logging_mixin.py:137} INFO - [2023-05-07T22:52:02.942+0000] {dag.py:3437} INFO - Setting next_dagrun for example_short_circuit_decorator to 2023-05-06T22:52:02.942690+00:00, run_after=2023-05-07T22:52:02.942690+00:00
[2023-05-07T22:52:02.982+0000] {processor.py:175} INFO - Processing /usr/local/python/3.10.4/lib/python3.10/site-packages/airflow/example_dags/example_short_circuit_decorator.py took 0.102 seconds
[2023-05-07T22:52:47.044+0000] {processor.py:153} INFO - Started process (PID=24103) to work on /usr/local/python/3.10.4/lib/python3.10/site-packages/airflow/example_dags/example_short_circuit_decorator.py
[2023-05-07T22:52:47.045+0000] {processor.py:743} INFO - Processing file /usr/local/python/3.10.4/lib/python3.10/site-packages/airflow/example_dags/example_short_circuit_decorator.py for tasks to queue
[2023-05-07T22:52:47.045+0000] {logging_mixin.py:137} INFO - [2023-05-07T22:52:47.045+0000] {dagbag.py:538} INFO - Filling up the DagBag from /usr/local/python/3.10.4/lib/python3.10/site-packages/airflow/example_dags/example_short_circuit_decorator.py
[2023-05-07T22:52:47.069+0000] {processor.py:753} INFO - DAG(s) dict_keys(['example_short_circuit_decorator']) retrieved from /usr/local/python/3.10.4/lib/python3.10/site-packages/airflow/example_dags/example_short_circuit_decorator.py
[2023-05-07T22:52:47.085+0000] {logging_mixin.py:137} INFO - [2023-05-07T22:52:47.085+0000] {dag.py:2690} INFO - Sync 1 DAGs
[2023-05-07T22:52:47.103+0000] {logging_mixin.py:137} INFO - [2023-05-07T22:52:47.103+0000] {dag.py:3437} INFO - Setting next_dagrun for example_short_circuit_decorator to 2023-05-06T22:52:47.103041+00:00, run_after=2023-05-07T22:52:47.103041+00:00
[2023-05-07T22:52:47.144+0000] {processor.py:175} INFO - Processing /usr/local/python/3.10.4/lib/python3.10/site-packages/airflow/example_dags/example_short_circuit_decorator.py took 0.102 seconds
