[2023-05-07T22:22:19.214+0000] {processor.py:153} INFO - Started process (PID=9893) to work on /usr/local/python/3.10.4/lib/python3.10/site-packages/airflow/example_dags/example_sla_dag.py
[2023-05-07T22:22:19.215+0000] {processor.py:743} INFO - Processing file /usr/local/python/3.10.4/lib/python3.10/site-packages/airflow/example_dags/example_sla_dag.py for tasks to queue
[2023-05-07T22:22:19.216+0000] {logging_mixin.py:137} INFO - [2023-05-07T22:22:19.215+0000] {dagbag.py:538} INFO - Filling up the DagBag from /usr/local/python/3.10.4/lib/python3.10/site-packages/airflow/example_dags/example_sla_dag.py
[2023-05-07T22:22:19.238+0000] {processor.py:753} INFO - DAG(s) dict_keys(['example_sla_dag']) retrieved from /usr/local/python/3.10.4/lib/python3.10/site-packages/airflow/example_dags/example_sla_dag.py
[2023-05-07T22:22:19.391+0000] {logging_mixin.py:137} INFO - [2023-05-07T22:22:19.391+0000] {manager.py:504} INFO - Created Permission View: can edit on DAG:example_sla_dag
[2023-05-07T22:22:19.425+0000] {logging_mixin.py:137} INFO - [2023-05-07T22:22:19.425+0000] {manager.py:504} INFO - Created Permission View: can delete on DAG:example_sla_dag
[2023-05-07T22:22:19.457+0000] {logging_mixin.py:137} INFO - [2023-05-07T22:22:19.456+0000] {manager.py:504} INFO - Created Permission View: can read on DAG:example_sla_dag
[2023-05-07T22:22:19.457+0000] {logging_mixin.py:137} INFO - [2023-05-07T22:22:19.457+0000] {dag.py:2690} INFO - Sync 1 DAGs
[2023-05-07T22:22:19.466+0000] {logging_mixin.py:137} INFO - [2023-05-07T22:22:19.466+0000] {dag.py:2711} INFO - Creating ORM DAG for example_sla_dag
[2023-05-07T22:22:19.477+0000] {logging_mixin.py:137} INFO - [2023-05-07T22:22:19.477+0000] {dag.py:3437} INFO - Setting next_dagrun for example_sla_dag to 2023-05-07T22:20:00+00:00, run_after=2023-05-07T22:22:00+00:00
[2023-05-07T22:22:19.526+0000] {processor.py:175} INFO - Processing /usr/local/python/3.10.4/lib/python3.10/site-packages/airflow/example_dags/example_sla_dag.py took 0.315 seconds
[2023-05-07T22:23:04.152+0000] {processor.py:153} INFO - Started process (PID=10201) to work on /usr/local/python/3.10.4/lib/python3.10/site-packages/airflow/example_dags/example_sla_dag.py
[2023-05-07T22:23:04.153+0000] {processor.py:743} INFO - Processing file /usr/local/python/3.10.4/lib/python3.10/site-packages/airflow/example_dags/example_sla_dag.py for tasks to queue
[2023-05-07T22:23:04.153+0000] {logging_mixin.py:137} INFO - [2023-05-07T22:23:04.153+0000] {dagbag.py:538} INFO - Filling up the DagBag from /usr/local/python/3.10.4/lib/python3.10/site-packages/airflow/example_dags/example_sla_dag.py
[2023-05-07T22:23:04.176+0000] {processor.py:753} INFO - DAG(s) dict_keys(['example_sla_dag']) retrieved from /usr/local/python/3.10.4/lib/python3.10/site-packages/airflow/example_dags/example_sla_dag.py
[2023-05-07T22:23:04.193+0000] {logging_mixin.py:137} INFO - [2023-05-07T22:23:04.193+0000] {dag.py:2690} INFO - Sync 1 DAGs
[2023-05-07T22:23:04.213+0000] {logging_mixin.py:137} INFO - [2023-05-07T22:23:04.213+0000] {dag.py:3437} INFO - Setting next_dagrun for example_sla_dag to 2023-05-07T22:20:00+00:00, run_after=2023-05-07T22:22:00+00:00
[2023-05-07T22:23:04.255+0000] {processor.py:175} INFO - Processing /usr/local/python/3.10.4/lib/python3.10/site-packages/airflow/example_dags/example_sla_dag.py took 0.106 seconds
[2023-05-07T22:23:44.811+0000] {processor.py:153} INFO - Started process (PID=10597) to work on /usr/local/python/3.10.4/lib/python3.10/site-packages/airflow/example_dags/example_sla_dag.py
[2023-05-07T22:23:44.812+0000] {processor.py:743} INFO - Processing file /usr/local/python/3.10.4/lib/python3.10/site-packages/airflow/example_dags/example_sla_dag.py for tasks to queue
[2023-05-07T22:23:44.813+0000] {logging_mixin.py:137} INFO - [2023-05-07T22:23:44.813+0000] {dagbag.py:538} INFO - Filling up the DagBag from /usr/local/python/3.10.4/lib/python3.10/site-packages/airflow/example_dags/example_sla_dag.py
[2023-05-07T22:23:44.836+0000] {processor.py:753} INFO - DAG(s) dict_keys(['example_sla_dag']) retrieved from /usr/local/python/3.10.4/lib/python3.10/site-packages/airflow/example_dags/example_sla_dag.py
[2023-05-07T22:23:44.852+0000] {logging_mixin.py:137} INFO - [2023-05-07T22:23:44.852+0000] {dag.py:2690} INFO - Sync 1 DAGs
[2023-05-07T22:23:44.872+0000] {logging_mixin.py:137} INFO - [2023-05-07T22:23:44.872+0000] {dag.py:3437} INFO - Setting next_dagrun for example_sla_dag to 2023-05-07T22:20:00+00:00, run_after=2023-05-07T22:22:00+00:00
[2023-05-07T22:23:44.912+0000] {processor.py:175} INFO - Processing /usr/local/python/3.10.4/lib/python3.10/site-packages/airflow/example_dags/example_sla_dag.py took 0.103 seconds
[2023-05-07T22:24:25.372+0000] {processor.py:153} INFO - Started process (PID=10919) to work on /usr/local/python/3.10.4/lib/python3.10/site-packages/airflow/example_dags/example_sla_dag.py
[2023-05-07T22:24:25.379+0000] {processor.py:743} INFO - Processing file /usr/local/python/3.10.4/lib/python3.10/site-packages/airflow/example_dags/example_sla_dag.py for tasks to queue
[2023-05-07T22:24:25.381+0000] {logging_mixin.py:137} INFO - [2023-05-07T22:24:25.380+0000] {dagbag.py:538} INFO - Filling up the DagBag from /usr/local/python/3.10.4/lib/python3.10/site-packages/airflow/example_dags/example_sla_dag.py
[2023-05-07T22:24:25.423+0000] {processor.py:753} INFO - DAG(s) dict_keys(['example_sla_dag']) retrieved from /usr/local/python/3.10.4/lib/python3.10/site-packages/airflow/example_dags/example_sla_dag.py
[2023-05-07T22:24:25.446+0000] {logging_mixin.py:137} INFO - [2023-05-07T22:24:25.446+0000] {dag.py:2690} INFO - Sync 1 DAGs
[2023-05-07T22:24:25.476+0000] {logging_mixin.py:137} INFO - [2023-05-07T22:24:25.476+0000] {dag.py:3437} INFO - Setting next_dagrun for example_sla_dag to 2023-05-07T22:22:00+00:00, run_after=2023-05-07T22:24:00+00:00
[2023-05-07T22:24:25.536+0000] {processor.py:175} INFO - Processing /usr/local/python/3.10.4/lib/python3.10/site-packages/airflow/example_dags/example_sla_dag.py took 0.170 seconds
[2023-05-07T22:25:12.049+0000] {processor.py:153} INFO - Started process (PID=11282) to work on /usr/local/python/3.10.4/lib/python3.10/site-packages/airflow/example_dags/example_sla_dag.py
[2023-05-07T22:25:12.050+0000] {processor.py:743} INFO - Processing file /usr/local/python/3.10.4/lib/python3.10/site-packages/airflow/example_dags/example_sla_dag.py for tasks to queue
[2023-05-07T22:25:12.051+0000] {logging_mixin.py:137} INFO - [2023-05-07T22:25:12.051+0000] {dagbag.py:538} INFO - Filling up the DagBag from /usr/local/python/3.10.4/lib/python3.10/site-packages/airflow/example_dags/example_sla_dag.py
[2023-05-07T22:25:12.074+0000] {processor.py:753} INFO - DAG(s) dict_keys(['example_sla_dag']) retrieved from /usr/local/python/3.10.4/lib/python3.10/site-packages/airflow/example_dags/example_sla_dag.py
[2023-05-07T22:25:12.089+0000] {logging_mixin.py:137} INFO - [2023-05-07T22:25:12.089+0000] {dag.py:2690} INFO - Sync 1 DAGs
[2023-05-07T22:25:12.111+0000] {logging_mixin.py:137} INFO - [2023-05-07T22:25:12.110+0000] {dag.py:3437} INFO - Setting next_dagrun for example_sla_dag to 2023-05-07T22:22:00+00:00, run_after=2023-05-07T22:24:00+00:00
[2023-05-07T22:25:12.152+0000] {processor.py:175} INFO - Processing /usr/local/python/3.10.4/lib/python3.10/site-packages/airflow/example_dags/example_sla_dag.py took 0.106 seconds
[2023-05-07T22:25:55.377+0000] {processor.py:153} INFO - Started process (PID=11595) to work on /usr/local/python/3.10.4/lib/python3.10/site-packages/airflow/example_dags/example_sla_dag.py
[2023-05-07T22:25:55.378+0000] {processor.py:743} INFO - Processing file /usr/local/python/3.10.4/lib/python3.10/site-packages/airflow/example_dags/example_sla_dag.py for tasks to queue
[2023-05-07T22:25:55.379+0000] {logging_mixin.py:137} INFO - [2023-05-07T22:25:55.379+0000] {dagbag.py:538} INFO - Filling up the DagBag from /usr/local/python/3.10.4/lib/python3.10/site-packages/airflow/example_dags/example_sla_dag.py
[2023-05-07T22:25:55.402+0000] {processor.py:753} INFO - DAG(s) dict_keys(['example_sla_dag']) retrieved from /usr/local/python/3.10.4/lib/python3.10/site-packages/airflow/example_dags/example_sla_dag.py
[2023-05-07T22:25:55.418+0000] {logging_mixin.py:137} INFO - [2023-05-07T22:25:55.418+0000] {dag.py:2690} INFO - Sync 1 DAGs
[2023-05-07T22:25:55.439+0000] {logging_mixin.py:137} INFO - [2023-05-07T22:25:55.439+0000] {dag.py:3437} INFO - Setting next_dagrun for example_sla_dag to 2023-05-07T22:22:00+00:00, run_after=2023-05-07T22:24:00+00:00
[2023-05-07T22:25:55.479+0000] {processor.py:175} INFO - Processing /usr/local/python/3.10.4/lib/python3.10/site-packages/airflow/example_dags/example_sla_dag.py took 0.105 seconds
[2023-05-07T22:26:37.466+0000] {processor.py:153} INFO - Started process (PID=11893) to work on /usr/local/python/3.10.4/lib/python3.10/site-packages/airflow/example_dags/example_sla_dag.py
[2023-05-07T22:26:37.466+0000] {processor.py:743} INFO - Processing file /usr/local/python/3.10.4/lib/python3.10/site-packages/airflow/example_dags/example_sla_dag.py for tasks to queue
[2023-05-07T22:26:37.467+0000] {logging_mixin.py:137} INFO - [2023-05-07T22:26:37.467+0000] {dagbag.py:538} INFO - Filling up the DagBag from /usr/local/python/3.10.4/lib/python3.10/site-packages/airflow/example_dags/example_sla_dag.py
[2023-05-07T22:26:37.489+0000] {processor.py:753} INFO - DAG(s) dict_keys(['example_sla_dag']) retrieved from /usr/local/python/3.10.4/lib/python3.10/site-packages/airflow/example_dags/example_sla_dag.py
[2023-05-07T22:26:37.505+0000] {logging_mixin.py:137} INFO - [2023-05-07T22:26:37.505+0000] {dag.py:2690} INFO - Sync 1 DAGs
[2023-05-07T22:26:37.526+0000] {logging_mixin.py:137} INFO - [2023-05-07T22:26:37.526+0000] {dag.py:3437} INFO - Setting next_dagrun for example_sla_dag to 2023-05-07T22:24:00+00:00, run_after=2023-05-07T22:26:00+00:00
[2023-05-07T22:26:37.567+0000] {processor.py:175} INFO - Processing /usr/local/python/3.10.4/lib/python3.10/site-packages/airflow/example_dags/example_sla_dag.py took 0.104 seconds
[2023-05-07T22:27:18.163+0000] {processor.py:153} INFO - Started process (PID=12169) to work on /usr/local/python/3.10.4/lib/python3.10/site-packages/airflow/example_dags/example_sla_dag.py
[2023-05-07T22:27:18.164+0000] {processor.py:743} INFO - Processing file /usr/local/python/3.10.4/lib/python3.10/site-packages/airflow/example_dags/example_sla_dag.py for tasks to queue
[2023-05-07T22:27:18.164+0000] {logging_mixin.py:137} INFO - [2023-05-07T22:27:18.164+0000] {dagbag.py:538} INFO - Filling up the DagBag from /usr/local/python/3.10.4/lib/python3.10/site-packages/airflow/example_dags/example_sla_dag.py
[2023-05-07T22:27:18.187+0000] {processor.py:753} INFO - DAG(s) dict_keys(['example_sla_dag']) retrieved from /usr/local/python/3.10.4/lib/python3.10/site-packages/airflow/example_dags/example_sla_dag.py
[2023-05-07T22:27:18.203+0000] {logging_mixin.py:137} INFO - [2023-05-07T22:27:18.203+0000] {dag.py:2690} INFO - Sync 1 DAGs
[2023-05-07T22:27:18.224+0000] {logging_mixin.py:137} INFO - [2023-05-07T22:27:18.224+0000] {dag.py:3437} INFO - Setting next_dagrun for example_sla_dag to 2023-05-07T22:24:00+00:00, run_after=2023-05-07T22:26:00+00:00
[2023-05-07T22:27:18.264+0000] {processor.py:175} INFO - Processing /usr/local/python/3.10.4/lib/python3.10/site-packages/airflow/example_dags/example_sla_dag.py took 0.105 seconds
[2023-05-07T22:28:02.360+0000] {processor.py:153} INFO - Started process (PID=12469) to work on /usr/local/python/3.10.4/lib/python3.10/site-packages/airflow/example_dags/example_sla_dag.py
[2023-05-07T22:28:02.361+0000] {processor.py:743} INFO - Processing file /usr/local/python/3.10.4/lib/python3.10/site-packages/airflow/example_dags/example_sla_dag.py for tasks to queue
[2023-05-07T22:28:02.361+0000] {logging_mixin.py:137} INFO - [2023-05-07T22:28:02.361+0000] {dagbag.py:538} INFO - Filling up the DagBag from /usr/local/python/3.10.4/lib/python3.10/site-packages/airflow/example_dags/example_sla_dag.py
[2023-05-07T22:28:02.386+0000] {processor.py:753} INFO - DAG(s) dict_keys(['example_sla_dag']) retrieved from /usr/local/python/3.10.4/lib/python3.10/site-packages/airflow/example_dags/example_sla_dag.py
[2023-05-07T22:28:02.402+0000] {logging_mixin.py:137} INFO - [2023-05-07T22:28:02.402+0000] {dag.py:2690} INFO - Sync 1 DAGs
[2023-05-07T22:28:02.422+0000] {logging_mixin.py:137} INFO - [2023-05-07T22:28:02.422+0000] {dag.py:3437} INFO - Setting next_dagrun for example_sla_dag to 2023-05-07T22:26:00+00:00, run_after=2023-05-07T22:28:00+00:00
[2023-05-07T22:28:02.463+0000] {processor.py:175} INFO - Processing /usr/local/python/3.10.4/lib/python3.10/site-packages/airflow/example_dags/example_sla_dag.py took 0.106 seconds
[2023-05-07T22:28:44.112+0000] {processor.py:153} INFO - Started process (PID=12759) to work on /usr/local/python/3.10.4/lib/python3.10/site-packages/airflow/example_dags/example_sla_dag.py
[2023-05-07T22:28:44.113+0000] {processor.py:743} INFO - Processing file /usr/local/python/3.10.4/lib/python3.10/site-packages/airflow/example_dags/example_sla_dag.py for tasks to queue
[2023-05-07T22:28:44.113+0000] {logging_mixin.py:137} INFO - [2023-05-07T22:28:44.113+0000] {dagbag.py:538} INFO - Filling up the DagBag from /usr/local/python/3.10.4/lib/python3.10/site-packages/airflow/example_dags/example_sla_dag.py
[2023-05-07T22:28:44.136+0000] {processor.py:753} INFO - DAG(s) dict_keys(['example_sla_dag']) retrieved from /usr/local/python/3.10.4/lib/python3.10/site-packages/airflow/example_dags/example_sla_dag.py
[2023-05-07T22:28:44.153+0000] {logging_mixin.py:137} INFO - [2023-05-07T22:28:44.153+0000] {dag.py:2690} INFO - Sync 1 DAGs
[2023-05-07T22:28:44.172+0000] {logging_mixin.py:137} INFO - [2023-05-07T22:28:44.172+0000] {dag.py:3437} INFO - Setting next_dagrun for example_sla_dag to 2023-05-07T22:26:00+00:00, run_after=2023-05-07T22:28:00+00:00
[2023-05-07T22:28:44.213+0000] {processor.py:175} INFO - Processing /usr/local/python/3.10.4/lib/python3.10/site-packages/airflow/example_dags/example_sla_dag.py took 0.105 seconds
[2023-05-07T22:29:25.445+0000] {processor.py:153} INFO - Started process (PID=13039) to work on /usr/local/python/3.10.4/lib/python3.10/site-packages/airflow/example_dags/example_sla_dag.py
[2023-05-07T22:29:25.446+0000] {processor.py:743} INFO - Processing file /usr/local/python/3.10.4/lib/python3.10/site-packages/airflow/example_dags/example_sla_dag.py for tasks to queue
[2023-05-07T22:29:25.446+0000] {logging_mixin.py:137} INFO - [2023-05-07T22:29:25.446+0000] {dagbag.py:538} INFO - Filling up the DagBag from /usr/local/python/3.10.4/lib/python3.10/site-packages/airflow/example_dags/example_sla_dag.py
[2023-05-07T22:29:25.470+0000] {processor.py:753} INFO - DAG(s) dict_keys(['example_sla_dag']) retrieved from /usr/local/python/3.10.4/lib/python3.10/site-packages/airflow/example_dags/example_sla_dag.py
[2023-05-07T22:29:25.487+0000] {logging_mixin.py:137} INFO - [2023-05-07T22:29:25.487+0000] {dag.py:2690} INFO - Sync 1 DAGs
[2023-05-07T22:29:25.508+0000] {logging_mixin.py:137} INFO - [2023-05-07T22:29:25.508+0000] {dag.py:3437} INFO - Setting next_dagrun for example_sla_dag to 2023-05-07T22:26:00+00:00, run_after=2023-05-07T22:28:00+00:00
[2023-05-07T22:29:25.657+0000] {processor.py:175} INFO - Processing /usr/local/python/3.10.4/lib/python3.10/site-packages/airflow/example_dags/example_sla_dag.py took 0.215 seconds
[2023-05-07T22:30:06.948+0000] {processor.py:153} INFO - Started process (PID=13342) to work on /usr/local/python/3.10.4/lib/python3.10/site-packages/airflow/example_dags/example_sla_dag.py
[2023-05-07T22:30:06.949+0000] {processor.py:743} INFO - Processing file /usr/local/python/3.10.4/lib/python3.10/site-packages/airflow/example_dags/example_sla_dag.py for tasks to queue
[2023-05-07T22:30:06.950+0000] {logging_mixin.py:137} INFO - [2023-05-07T22:30:06.950+0000] {dagbag.py:538} INFO - Filling up the DagBag from /usr/local/python/3.10.4/lib/python3.10/site-packages/airflow/example_dags/example_sla_dag.py
[2023-05-07T22:30:06.980+0000] {processor.py:753} INFO - DAG(s) dict_keys(['example_sla_dag']) retrieved from /usr/local/python/3.10.4/lib/python3.10/site-packages/airflow/example_dags/example_sla_dag.py
[2023-05-07T22:30:07.010+0000] {logging_mixin.py:137} INFO - [2023-05-07T22:30:07.006+0000] {dag.py:2690} INFO - Sync 1 DAGs
[2023-05-07T22:30:07.182+0000] {logging_mixin.py:137} INFO - [2023-05-07T22:30:07.182+0000] {dag.py:3437} INFO - Setting next_dagrun for example_sla_dag to 2023-05-07T22:28:00+00:00, run_after=2023-05-07T22:30:00+00:00
[2023-05-07T22:30:07.222+0000] {processor.py:175} INFO - Processing /usr/local/python/3.10.4/lib/python3.10/site-packages/airflow/example_dags/example_sla_dag.py took 0.278 seconds
[2023-05-07T22:30:52.953+0000] {processor.py:153} INFO - Started process (PID=13649) to work on /usr/local/python/3.10.4/lib/python3.10/site-packages/airflow/example_dags/example_sla_dag.py
[2023-05-07T22:30:52.954+0000] {processor.py:743} INFO - Processing file /usr/local/python/3.10.4/lib/python3.10/site-packages/airflow/example_dags/example_sla_dag.py for tasks to queue
[2023-05-07T22:30:52.954+0000] {logging_mixin.py:137} INFO - [2023-05-07T22:30:52.954+0000] {dagbag.py:538} INFO - Filling up the DagBag from /usr/local/python/3.10.4/lib/python3.10/site-packages/airflow/example_dags/example_sla_dag.py
[2023-05-07T22:30:52.978+0000] {processor.py:753} INFO - DAG(s) dict_keys(['example_sla_dag']) retrieved from /usr/local/python/3.10.4/lib/python3.10/site-packages/airflow/example_dags/example_sla_dag.py
[2023-05-07T22:30:52.994+0000] {logging_mixin.py:137} INFO - [2023-05-07T22:30:52.994+0000] {dag.py:2690} INFO - Sync 1 DAGs
[2023-05-07T22:30:53.120+0000] {logging_mixin.py:137} INFO - [2023-05-07T22:30:53.120+0000] {dag.py:3437} INFO - Setting next_dagrun for example_sla_dag to 2023-05-07T22:28:00+00:00, run_after=2023-05-07T22:30:00+00:00
[2023-05-07T22:30:53.160+0000] {processor.py:175} INFO - Processing /usr/local/python/3.10.4/lib/python3.10/site-packages/airflow/example_dags/example_sla_dag.py took 0.210 seconds
[2023-05-07T22:31:42.927+0000] {processor.py:153} INFO - Started process (PID=13986) to work on /usr/local/python/3.10.4/lib/python3.10/site-packages/airflow/example_dags/example_sla_dag.py
[2023-05-07T22:31:42.927+0000] {processor.py:743} INFO - Processing file /usr/local/python/3.10.4/lib/python3.10/site-packages/airflow/example_dags/example_sla_dag.py for tasks to queue
[2023-05-07T22:31:42.928+0000] {logging_mixin.py:137} INFO - [2023-05-07T22:31:42.928+0000] {dagbag.py:538} INFO - Filling up the DagBag from /usr/local/python/3.10.4/lib/python3.10/site-packages/airflow/example_dags/example_sla_dag.py
[2023-05-07T22:31:42.952+0000] {processor.py:753} INFO - DAG(s) dict_keys(['example_sla_dag']) retrieved from /usr/local/python/3.10.4/lib/python3.10/site-packages/airflow/example_dags/example_sla_dag.py
[2023-05-07T22:31:42.968+0000] {logging_mixin.py:137} INFO - [2023-05-07T22:31:42.968+0000] {dag.py:2690} INFO - Sync 1 DAGs
[2023-05-07T22:31:43.181+0000] {logging_mixin.py:137} INFO - [2023-05-07T22:31:43.180+0000] {dag.py:3437} INFO - Setting next_dagrun for example_sla_dag to 2023-05-07T22:28:00+00:00, run_after=2023-05-07T22:30:00+00:00
[2023-05-07T22:31:43.264+0000] {processor.py:175} INFO - Processing /usr/local/python/3.10.4/lib/python3.10/site-packages/airflow/example_dags/example_sla_dag.py took 0.340 seconds
[2023-05-07T22:32:27.731+0000] {processor.py:153} INFO - Started process (PID=14291) to work on /usr/local/python/3.10.4/lib/python3.10/site-packages/airflow/example_dags/example_sla_dag.py
[2023-05-07T22:32:27.731+0000] {processor.py:743} INFO - Processing file /usr/local/python/3.10.4/lib/python3.10/site-packages/airflow/example_dags/example_sla_dag.py for tasks to queue
[2023-05-07T22:32:27.732+0000] {logging_mixin.py:137} INFO - [2023-05-07T22:32:27.732+0000] {dagbag.py:538} INFO - Filling up the DagBag from /usr/local/python/3.10.4/lib/python3.10/site-packages/airflow/example_dags/example_sla_dag.py
[2023-05-07T22:32:27.756+0000] {processor.py:753} INFO - DAG(s) dict_keys(['example_sla_dag']) retrieved from /usr/local/python/3.10.4/lib/python3.10/site-packages/airflow/example_dags/example_sla_dag.py
[2023-05-07T22:32:27.882+0000] {logging_mixin.py:137} INFO - [2023-05-07T22:32:27.882+0000] {dag.py:2690} INFO - Sync 1 DAGs
[2023-05-07T22:32:27.900+0000] {logging_mixin.py:137} INFO - [2023-05-07T22:32:27.900+0000] {dag.py:3437} INFO - Setting next_dagrun for example_sla_dag to 2023-05-07T22:30:00+00:00, run_after=2023-05-07T22:32:00+00:00
[2023-05-07T22:32:27.941+0000] {processor.py:175} INFO - Processing /usr/local/python/3.10.4/lib/python3.10/site-packages/airflow/example_dags/example_sla_dag.py took 0.214 seconds
[2023-05-07T22:33:16.335+0000] {processor.py:153} INFO - Started process (PID=14646) to work on /usr/local/python/3.10.4/lib/python3.10/site-packages/airflow/example_dags/example_sla_dag.py
[2023-05-07T22:33:16.336+0000] {processor.py:743} INFO - Processing file /usr/local/python/3.10.4/lib/python3.10/site-packages/airflow/example_dags/example_sla_dag.py for tasks to queue
[2023-05-07T22:33:16.336+0000] {logging_mixin.py:137} INFO - [2023-05-07T22:33:16.336+0000] {dagbag.py:538} INFO - Filling up the DagBag from /usr/local/python/3.10.4/lib/python3.10/site-packages/airflow/example_dags/example_sla_dag.py
[2023-05-07T22:33:16.474+0000] {processor.py:753} INFO - DAG(s) dict_keys(['example_sla_dag']) retrieved from /usr/local/python/3.10.4/lib/python3.10/site-packages/airflow/example_dags/example_sla_dag.py
[2023-05-07T22:33:16.487+0000] {logging_mixin.py:137} INFO - [2023-05-07T22:33:16.486+0000] {dag.py:2690} INFO - Sync 1 DAGs
[2023-05-07T22:33:16.504+0000] {logging_mixin.py:137} INFO - [2023-05-07T22:33:16.504+0000] {dag.py:3437} INFO - Setting next_dagrun for example_sla_dag to 2023-05-07T22:30:00+00:00, run_after=2023-05-07T22:32:00+00:00
[2023-05-07T22:33:16.547+0000] {processor.py:175} INFO - Processing /usr/local/python/3.10.4/lib/python3.10/site-packages/airflow/example_dags/example_sla_dag.py took 0.215 seconds
[2023-05-07T22:34:05.090+0000] {processor.py:153} INFO - Started process (PID=15045) to work on /usr/local/python/3.10.4/lib/python3.10/site-packages/airflow/example_dags/example_sla_dag.py
[2023-05-07T22:34:05.091+0000] {processor.py:743} INFO - Processing file /usr/local/python/3.10.4/lib/python3.10/site-packages/airflow/example_dags/example_sla_dag.py for tasks to queue
[2023-05-07T22:34:05.091+0000] {logging_mixin.py:137} INFO - [2023-05-07T22:34:05.091+0000] {dagbag.py:538} INFO - Filling up the DagBag from /usr/local/python/3.10.4/lib/python3.10/site-packages/airflow/example_dags/example_sla_dag.py
[2023-05-07T22:34:05.221+0000] {processor.py:753} INFO - DAG(s) dict_keys(['example_sla_dag']) retrieved from /usr/local/python/3.10.4/lib/python3.10/site-packages/airflow/example_dags/example_sla_dag.py
[2023-05-07T22:34:05.233+0000] {logging_mixin.py:137} INFO - [2023-05-07T22:34:05.233+0000] {dag.py:2690} INFO - Sync 1 DAGs
[2023-05-07T22:34:05.251+0000] {logging_mixin.py:137} INFO - [2023-05-07T22:34:05.251+0000] {dag.py:3437} INFO - Setting next_dagrun for example_sla_dag to 2023-05-07T22:32:00+00:00, run_after=2023-05-07T22:34:00+00:00
[2023-05-07T22:34:05.292+0000] {processor.py:175} INFO - Processing /usr/local/python/3.10.4/lib/python3.10/site-packages/airflow/example_dags/example_sla_dag.py took 0.205 seconds
[2023-05-07T22:34:50.587+0000] {processor.py:153} INFO - Started process (PID=15352) to work on /usr/local/python/3.10.4/lib/python3.10/site-packages/airflow/example_dags/example_sla_dag.py
[2023-05-07T22:34:50.587+0000] {processor.py:743} INFO - Processing file /usr/local/python/3.10.4/lib/python3.10/site-packages/airflow/example_dags/example_sla_dag.py for tasks to queue
[2023-05-07T22:34:50.588+0000] {logging_mixin.py:137} INFO - [2023-05-07T22:34:50.588+0000] {dagbag.py:538} INFO - Filling up the DagBag from /usr/local/python/3.10.4/lib/python3.10/site-packages/airflow/example_dags/example_sla_dag.py
[2023-05-07T22:34:50.611+0000] {processor.py:753} INFO - DAG(s) dict_keys(['example_sla_dag']) retrieved from /usr/local/python/3.10.4/lib/python3.10/site-packages/airflow/example_dags/example_sla_dag.py
[2023-05-07T22:34:50.627+0000] {logging_mixin.py:137} INFO - [2023-05-07T22:34:50.627+0000] {dag.py:2690} INFO - Sync 1 DAGs
[2023-05-07T22:34:50.648+0000] {logging_mixin.py:137} INFO - [2023-05-07T22:34:50.648+0000] {dag.py:3437} INFO - Setting next_dagrun for example_sla_dag to 2023-05-07T22:32:00+00:00, run_after=2023-05-07T22:34:00+00:00
[2023-05-07T22:34:50.690+0000] {processor.py:175} INFO - Processing /usr/local/python/3.10.4/lib/python3.10/site-packages/airflow/example_dags/example_sla_dag.py took 0.106 seconds
[2023-05-07T22:35:30.934+0000] {processor.py:153} INFO - Started process (PID=15637) to work on /usr/local/python/3.10.4/lib/python3.10/site-packages/airflow/example_dags/example_sla_dag.py
[2023-05-07T22:35:30.934+0000] {processor.py:743} INFO - Processing file /usr/local/python/3.10.4/lib/python3.10/site-packages/airflow/example_dags/example_sla_dag.py for tasks to queue
[2023-05-07T22:35:30.935+0000] {logging_mixin.py:137} INFO - [2023-05-07T22:35:30.935+0000] {dagbag.py:538} INFO - Filling up the DagBag from /usr/local/python/3.10.4/lib/python3.10/site-packages/airflow/example_dags/example_sla_dag.py
[2023-05-07T22:35:30.959+0000] {processor.py:753} INFO - DAG(s) dict_keys(['example_sla_dag']) retrieved from /usr/local/python/3.10.4/lib/python3.10/site-packages/airflow/example_dags/example_sla_dag.py
[2023-05-07T22:35:30.975+0000] {logging_mixin.py:137} INFO - [2023-05-07T22:35:30.975+0000] {dag.py:2690} INFO - Sync 1 DAGs
[2023-05-07T22:35:30.996+0000] {logging_mixin.py:137} INFO - [2023-05-07T22:35:30.996+0000] {dag.py:3437} INFO - Setting next_dagrun for example_sla_dag to 2023-05-07T22:32:00+00:00, run_after=2023-05-07T22:34:00+00:00
[2023-05-07T22:35:31.037+0000] {processor.py:175} INFO - Processing /usr/local/python/3.10.4/lib/python3.10/site-packages/airflow/example_dags/example_sla_dag.py took 0.106 seconds
[2023-05-07T22:36:14.747+0000] {processor.py:153} INFO - Started process (PID=15932) to work on /usr/local/python/3.10.4/lib/python3.10/site-packages/airflow/example_dags/example_sla_dag.py
[2023-05-07T22:36:14.748+0000] {processor.py:743} INFO - Processing file /usr/local/python/3.10.4/lib/python3.10/site-packages/airflow/example_dags/example_sla_dag.py for tasks to queue
[2023-05-07T22:36:14.748+0000] {logging_mixin.py:137} INFO - [2023-05-07T22:36:14.748+0000] {dagbag.py:538} INFO - Filling up the DagBag from /usr/local/python/3.10.4/lib/python3.10/site-packages/airflow/example_dags/example_sla_dag.py
[2023-05-07T22:36:14.772+0000] {processor.py:753} INFO - DAG(s) dict_keys(['example_sla_dag']) retrieved from /usr/local/python/3.10.4/lib/python3.10/site-packages/airflow/example_dags/example_sla_dag.py
[2023-05-07T22:36:14.790+0000] {logging_mixin.py:137} INFO - [2023-05-07T22:36:14.790+0000] {dag.py:2690} INFO - Sync 1 DAGs
[2023-05-07T22:36:14.810+0000] {logging_mixin.py:137} INFO - [2023-05-07T22:36:14.810+0000] {dag.py:3437} INFO - Setting next_dagrun for example_sla_dag to 2023-05-07T22:34:00+00:00, run_after=2023-05-07T22:36:00+00:00
[2023-05-07T22:36:14.852+0000] {processor.py:175} INFO - Processing /usr/local/python/3.10.4/lib/python3.10/site-packages/airflow/example_dags/example_sla_dag.py took 0.109 seconds
[2023-05-07T22:36:50.253+0000] {processor.py:153} INFO - Started process (PID=16205) to work on /usr/local/python/3.10.4/lib/python3.10/site-packages/airflow/example_dags/example_sla_dag.py
[2023-05-07T22:36:50.253+0000] {processor.py:743} INFO - Processing file /usr/local/python/3.10.4/lib/python3.10/site-packages/airflow/example_dags/example_sla_dag.py for tasks to queue
[2023-05-07T22:36:50.254+0000] {logging_mixin.py:137} INFO - [2023-05-07T22:36:50.254+0000] {dagbag.py:538} INFO - Filling up the DagBag from /usr/local/python/3.10.4/lib/python3.10/site-packages/airflow/example_dags/example_sla_dag.py
[2023-05-07T22:36:50.277+0000] {processor.py:753} INFO - DAG(s) dict_keys(['example_sla_dag']) retrieved from /usr/local/python/3.10.4/lib/python3.10/site-packages/airflow/example_dags/example_sla_dag.py
[2023-05-07T22:36:50.294+0000] {logging_mixin.py:137} INFO - [2023-05-07T22:36:50.293+0000] {dag.py:2690} INFO - Sync 1 DAGs
[2023-05-07T22:36:50.313+0000] {logging_mixin.py:137} INFO - [2023-05-07T22:36:50.313+0000] {dag.py:3437} INFO - Setting next_dagrun for example_sla_dag to 2023-05-07T22:34:00+00:00, run_after=2023-05-07T22:36:00+00:00
[2023-05-07T22:36:50.356+0000] {processor.py:175} INFO - Processing /usr/local/python/3.10.4/lib/python3.10/site-packages/airflow/example_dags/example_sla_dag.py took 0.106 seconds
[2023-05-07T22:37:31.052+0000] {processor.py:153} INFO - Started process (PID=16502) to work on /usr/local/python/3.10.4/lib/python3.10/site-packages/airflow/example_dags/example_sla_dag.py
[2023-05-07T22:37:31.053+0000] {processor.py:743} INFO - Processing file /usr/local/python/3.10.4/lib/python3.10/site-packages/airflow/example_dags/example_sla_dag.py for tasks to queue
[2023-05-07T22:37:31.054+0000] {logging_mixin.py:137} INFO - [2023-05-07T22:37:31.054+0000] {dagbag.py:538} INFO - Filling up the DagBag from /usr/local/python/3.10.4/lib/python3.10/site-packages/airflow/example_dags/example_sla_dag.py
[2023-05-07T22:37:31.080+0000] {processor.py:753} INFO - DAG(s) dict_keys(['example_sla_dag']) retrieved from /usr/local/python/3.10.4/lib/python3.10/site-packages/airflow/example_dags/example_sla_dag.py
[2023-05-07T22:37:31.096+0000] {logging_mixin.py:137} INFO - [2023-05-07T22:37:31.096+0000] {dag.py:2690} INFO - Sync 1 DAGs
[2023-05-07T22:37:31.116+0000] {logging_mixin.py:137} INFO - [2023-05-07T22:37:31.116+0000] {dag.py:3437} INFO - Setting next_dagrun for example_sla_dag to 2023-05-07T22:34:00+00:00, run_after=2023-05-07T22:36:00+00:00
[2023-05-07T22:37:31.157+0000] {processor.py:175} INFO - Processing /usr/local/python/3.10.4/lib/python3.10/site-packages/airflow/example_dags/example_sla_dag.py took 0.107 seconds
[2023-05-07T22:38:16.455+0000] {processor.py:153} INFO - Started process (PID=16834) to work on /usr/local/python/3.10.4/lib/python3.10/site-packages/airflow/example_dags/example_sla_dag.py
[2023-05-07T22:38:16.456+0000] {processor.py:743} INFO - Processing file /usr/local/python/3.10.4/lib/python3.10/site-packages/airflow/example_dags/example_sla_dag.py for tasks to queue
[2023-05-07T22:38:16.456+0000] {logging_mixin.py:137} INFO - [2023-05-07T22:38:16.456+0000] {dagbag.py:538} INFO - Filling up the DagBag from /usr/local/python/3.10.4/lib/python3.10/site-packages/airflow/example_dags/example_sla_dag.py
[2023-05-07T22:38:16.479+0000] {processor.py:753} INFO - DAG(s) dict_keys(['example_sla_dag']) retrieved from /usr/local/python/3.10.4/lib/python3.10/site-packages/airflow/example_dags/example_sla_dag.py
[2023-05-07T22:38:16.496+0000] {logging_mixin.py:137} INFO - [2023-05-07T22:38:16.496+0000] {dag.py:2690} INFO - Sync 1 DAGs
[2023-05-07T22:38:16.516+0000] {logging_mixin.py:137} INFO - [2023-05-07T22:38:16.516+0000] {dag.py:3437} INFO - Setting next_dagrun for example_sla_dag to 2023-05-07T22:36:00+00:00, run_after=2023-05-07T22:38:00+00:00
[2023-05-07T22:38:16.558+0000] {processor.py:175} INFO - Processing /usr/local/python/3.10.4/lib/python3.10/site-packages/airflow/example_dags/example_sla_dag.py took 0.106 seconds
[2023-05-07T22:39:01.184+0000] {processor.py:153} INFO - Started process (PID=17155) to work on /usr/local/python/3.10.4/lib/python3.10/site-packages/airflow/example_dags/example_sla_dag.py
[2023-05-07T22:39:01.185+0000] {processor.py:743} INFO - Processing file /usr/local/python/3.10.4/lib/python3.10/site-packages/airflow/example_dags/example_sla_dag.py for tasks to queue
[2023-05-07T22:39:01.185+0000] {logging_mixin.py:137} INFO - [2023-05-07T22:39:01.185+0000] {dagbag.py:538} INFO - Filling up the DagBag from /usr/local/python/3.10.4/lib/python3.10/site-packages/airflow/example_dags/example_sla_dag.py
[2023-05-07T22:39:01.210+0000] {processor.py:753} INFO - DAG(s) dict_keys(['example_sla_dag']) retrieved from /usr/local/python/3.10.4/lib/python3.10/site-packages/airflow/example_dags/example_sla_dag.py
[2023-05-07T22:39:01.227+0000] {logging_mixin.py:137} INFO - [2023-05-07T22:39:01.227+0000] {dag.py:2690} INFO - Sync 1 DAGs
[2023-05-07T22:39:01.249+0000] {logging_mixin.py:137} INFO - [2023-05-07T22:39:01.249+0000] {dag.py:3437} INFO - Setting next_dagrun for example_sla_dag to 2023-05-07T22:36:00+00:00, run_after=2023-05-07T22:38:00+00:00
[2023-05-07T22:39:01.289+0000] {processor.py:175} INFO - Processing /usr/local/python/3.10.4/lib/python3.10/site-packages/airflow/example_dags/example_sla_dag.py took 0.108 seconds
[2023-05-07T22:39:45.562+0000] {processor.py:153} INFO - Started process (PID=17475) to work on /usr/local/python/3.10.4/lib/python3.10/site-packages/airflow/example_dags/example_sla_dag.py
[2023-05-07T22:39:45.563+0000] {processor.py:743} INFO - Processing file /usr/local/python/3.10.4/lib/python3.10/site-packages/airflow/example_dags/example_sla_dag.py for tasks to queue
[2023-05-07T22:39:45.564+0000] {logging_mixin.py:137} INFO - [2023-05-07T22:39:45.564+0000] {dagbag.py:538} INFO - Filling up the DagBag from /usr/local/python/3.10.4/lib/python3.10/site-packages/airflow/example_dags/example_sla_dag.py
[2023-05-07T22:39:45.586+0000] {processor.py:753} INFO - DAG(s) dict_keys(['example_sla_dag']) retrieved from /usr/local/python/3.10.4/lib/python3.10/site-packages/airflow/example_dags/example_sla_dag.py
[2023-05-07T22:39:45.602+0000] {logging_mixin.py:137} INFO - [2023-05-07T22:39:45.602+0000] {dag.py:2690} INFO - Sync 1 DAGs
[2023-05-07T22:39:45.623+0000] {logging_mixin.py:137} INFO - [2023-05-07T22:39:45.623+0000] {dag.py:3437} INFO - Setting next_dagrun for example_sla_dag to 2023-05-07T22:36:00+00:00, run_after=2023-05-07T22:38:00+00:00
[2023-05-07T22:39:45.662+0000] {processor.py:175} INFO - Processing /usr/local/python/3.10.4/lib/python3.10/site-packages/airflow/example_dags/example_sla_dag.py took 0.103 seconds
[2023-05-07T22:40:26.246+0000] {processor.py:153} INFO - Started process (PID=17795) to work on /usr/local/python/3.10.4/lib/python3.10/site-packages/airflow/example_dags/example_sla_dag.py
[2023-05-07T22:40:26.247+0000] {processor.py:743} INFO - Processing file /usr/local/python/3.10.4/lib/python3.10/site-packages/airflow/example_dags/example_sla_dag.py for tasks to queue
[2023-05-07T22:40:26.248+0000] {logging_mixin.py:137} INFO - [2023-05-07T22:40:26.248+0000] {dagbag.py:538} INFO - Filling up the DagBag from /usr/local/python/3.10.4/lib/python3.10/site-packages/airflow/example_dags/example_sla_dag.py
[2023-05-07T22:40:26.272+0000] {processor.py:753} INFO - DAG(s) dict_keys(['example_sla_dag']) retrieved from /usr/local/python/3.10.4/lib/python3.10/site-packages/airflow/example_dags/example_sla_dag.py
[2023-05-07T22:40:26.289+0000] {logging_mixin.py:137} INFO - [2023-05-07T22:40:26.289+0000] {dag.py:2690} INFO - Sync 1 DAGs
[2023-05-07T22:40:26.308+0000] {logging_mixin.py:137} INFO - [2023-05-07T22:40:26.308+0000] {dag.py:3437} INFO - Setting next_dagrun for example_sla_dag to 2023-05-07T22:38:00+00:00, run_after=2023-05-07T22:40:00+00:00
[2023-05-07T22:40:26.349+0000] {processor.py:175} INFO - Processing /usr/local/python/3.10.4/lib/python3.10/site-packages/airflow/example_dags/example_sla_dag.py took 0.106 seconds
[2023-05-07T22:41:06.660+0000] {processor.py:153} INFO - Started process (PID=18090) to work on /usr/local/python/3.10.4/lib/python3.10/site-packages/airflow/example_dags/example_sla_dag.py
[2023-05-07T22:41:06.660+0000] {processor.py:743} INFO - Processing file /usr/local/python/3.10.4/lib/python3.10/site-packages/airflow/example_dags/example_sla_dag.py for tasks to queue
[2023-05-07T22:41:06.661+0000] {logging_mixin.py:137} INFO - [2023-05-07T22:41:06.661+0000] {dagbag.py:538} INFO - Filling up the DagBag from /usr/local/python/3.10.4/lib/python3.10/site-packages/airflow/example_dags/example_sla_dag.py
[2023-05-07T22:41:06.683+0000] {processor.py:753} INFO - DAG(s) dict_keys(['example_sla_dag']) retrieved from /usr/local/python/3.10.4/lib/python3.10/site-packages/airflow/example_dags/example_sla_dag.py
[2023-05-07T22:41:06.700+0000] {logging_mixin.py:137} INFO - [2023-05-07T22:41:06.700+0000] {dag.py:2690} INFO - Sync 1 DAGs
[2023-05-07T22:41:06.719+0000] {logging_mixin.py:137} INFO - [2023-05-07T22:41:06.719+0000] {dag.py:3437} INFO - Setting next_dagrun for example_sla_dag to 2023-05-07T22:38:00+00:00, run_after=2023-05-07T22:40:00+00:00
[2023-05-07T22:41:06.759+0000] {processor.py:175} INFO - Processing /usr/local/python/3.10.4/lib/python3.10/site-packages/airflow/example_dags/example_sla_dag.py took 0.102 seconds
[2023-05-07T22:41:45.841+0000] {processor.py:153} INFO - Started process (PID=18380) to work on /usr/local/python/3.10.4/lib/python3.10/site-packages/airflow/example_dags/example_sla_dag.py
[2023-05-07T22:41:45.842+0000] {processor.py:743} INFO - Processing file /usr/local/python/3.10.4/lib/python3.10/site-packages/airflow/example_dags/example_sla_dag.py for tasks to queue
[2023-05-07T22:41:45.843+0000] {logging_mixin.py:137} INFO - [2023-05-07T22:41:45.842+0000] {dagbag.py:538} INFO - Filling up the DagBag from /usr/local/python/3.10.4/lib/python3.10/site-packages/airflow/example_dags/example_sla_dag.py
[2023-05-07T22:41:45.866+0000] {processor.py:753} INFO - DAG(s) dict_keys(['example_sla_dag']) retrieved from /usr/local/python/3.10.4/lib/python3.10/site-packages/airflow/example_dags/example_sla_dag.py
[2023-05-07T22:41:45.882+0000] {logging_mixin.py:137} INFO - [2023-05-07T22:41:45.881+0000] {dag.py:2690} INFO - Sync 1 DAGs
[2023-05-07T22:41:45.901+0000] {logging_mixin.py:137} INFO - [2023-05-07T22:41:45.901+0000] {dag.py:3437} INFO - Setting next_dagrun for example_sla_dag to 2023-05-07T22:38:00+00:00, run_after=2023-05-07T22:40:00+00:00
[2023-05-07T22:41:45.940+0000] {processor.py:175} INFO - Processing /usr/local/python/3.10.4/lib/python3.10/site-packages/airflow/example_dags/example_sla_dag.py took 0.102 seconds
[2023-05-07T22:42:26.564+0000] {processor.py:153} INFO - Started process (PID=18746) to work on /usr/local/python/3.10.4/lib/python3.10/site-packages/airflow/example_dags/example_sla_dag.py
[2023-05-07T22:42:26.565+0000] {processor.py:743} INFO - Processing file /usr/local/python/3.10.4/lib/python3.10/site-packages/airflow/example_dags/example_sla_dag.py for tasks to queue
[2023-05-07T22:42:26.566+0000] {logging_mixin.py:137} INFO - [2023-05-07T22:42:26.565+0000] {dagbag.py:538} INFO - Filling up the DagBag from /usr/local/python/3.10.4/lib/python3.10/site-packages/airflow/example_dags/example_sla_dag.py
[2023-05-07T22:42:26.589+0000] {processor.py:753} INFO - DAG(s) dict_keys(['example_sla_dag']) retrieved from /usr/local/python/3.10.4/lib/python3.10/site-packages/airflow/example_dags/example_sla_dag.py
[2023-05-07T22:42:26.606+0000] {logging_mixin.py:137} INFO - [2023-05-07T22:42:26.606+0000] {dag.py:2690} INFO - Sync 1 DAGs
[2023-05-07T22:42:26.632+0000] {logging_mixin.py:137} INFO - [2023-05-07T22:42:26.632+0000] {dag.py:3437} INFO - Setting next_dagrun for example_sla_dag to 2023-05-07T22:40:00+00:00, run_after=2023-05-07T22:42:00+00:00
[2023-05-07T22:42:26.676+0000] {processor.py:175} INFO - Processing /usr/local/python/3.10.4/lib/python3.10/site-packages/airflow/example_dags/example_sla_dag.py took 0.115 seconds
[2023-05-07T22:43:12.319+0000] {processor.py:153} INFO - Started process (PID=19159) to work on /usr/local/python/3.10.4/lib/python3.10/site-packages/airflow/example_dags/example_sla_dag.py
[2023-05-07T22:43:12.320+0000] {processor.py:743} INFO - Processing file /usr/local/python/3.10.4/lib/python3.10/site-packages/airflow/example_dags/example_sla_dag.py for tasks to queue
[2023-05-07T22:43:12.321+0000] {logging_mixin.py:137} INFO - [2023-05-07T22:43:12.320+0000] {dagbag.py:538} INFO - Filling up the DagBag from /usr/local/python/3.10.4/lib/python3.10/site-packages/airflow/example_dags/example_sla_dag.py
[2023-05-07T22:43:12.344+0000] {processor.py:753} INFO - DAG(s) dict_keys(['example_sla_dag']) retrieved from /usr/local/python/3.10.4/lib/python3.10/site-packages/airflow/example_dags/example_sla_dag.py
[2023-05-07T22:43:12.360+0000] {logging_mixin.py:137} INFO - [2023-05-07T22:43:12.360+0000] {dag.py:2690} INFO - Sync 1 DAGs
[2023-05-07T22:43:12.381+0000] {logging_mixin.py:137} INFO - [2023-05-07T22:43:12.381+0000] {dag.py:3437} INFO - Setting next_dagrun for example_sla_dag to 2023-05-07T22:40:00+00:00, run_after=2023-05-07T22:42:00+00:00
[2023-05-07T22:43:12.420+0000] {processor.py:175} INFO - Processing /usr/local/python/3.10.4/lib/python3.10/site-packages/airflow/example_dags/example_sla_dag.py took 0.104 seconds
[2023-05-07T22:43:54.021+0000] {processor.py:153} INFO - Started process (PID=19625) to work on /usr/local/python/3.10.4/lib/python3.10/site-packages/airflow/example_dags/example_sla_dag.py
[2023-05-07T22:43:54.022+0000] {processor.py:743} INFO - Processing file /usr/local/python/3.10.4/lib/python3.10/site-packages/airflow/example_dags/example_sla_dag.py for tasks to queue
[2023-05-07T22:43:54.023+0000] {logging_mixin.py:137} INFO - [2023-05-07T22:43:54.023+0000] {dagbag.py:538} INFO - Filling up the DagBag from /usr/local/python/3.10.4/lib/python3.10/site-packages/airflow/example_dags/example_sla_dag.py
[2023-05-07T22:43:54.045+0000] {processor.py:753} INFO - DAG(s) dict_keys(['example_sla_dag']) retrieved from /usr/local/python/3.10.4/lib/python3.10/site-packages/airflow/example_dags/example_sla_dag.py
[2023-05-07T22:43:54.061+0000] {logging_mixin.py:137} INFO - [2023-05-07T22:43:54.061+0000] {dag.py:2690} INFO - Sync 1 DAGs
[2023-05-07T22:43:54.081+0000] {logging_mixin.py:137} INFO - [2023-05-07T22:43:54.081+0000] {dag.py:3437} INFO - Setting next_dagrun for example_sla_dag to 2023-05-07T22:40:00+00:00, run_after=2023-05-07T22:42:00+00:00
[2023-05-07T22:43:54.122+0000] {processor.py:175} INFO - Processing /usr/local/python/3.10.4/lib/python3.10/site-packages/airflow/example_dags/example_sla_dag.py took 0.104 seconds
[2023-05-07T22:44:35.874+0000] {processor.py:153} INFO - Started process (PID=20070) to work on /usr/local/python/3.10.4/lib/python3.10/site-packages/airflow/example_dags/example_sla_dag.py
[2023-05-07T22:44:35.875+0000] {processor.py:743} INFO - Processing file /usr/local/python/3.10.4/lib/python3.10/site-packages/airflow/example_dags/example_sla_dag.py for tasks to queue
[2023-05-07T22:44:35.876+0000] {logging_mixin.py:137} INFO - [2023-05-07T22:44:35.876+0000] {dagbag.py:538} INFO - Filling up the DagBag from /usr/local/python/3.10.4/lib/python3.10/site-packages/airflow/example_dags/example_sla_dag.py
[2023-05-07T22:44:35.899+0000] {processor.py:753} INFO - DAG(s) dict_keys(['example_sla_dag']) retrieved from /usr/local/python/3.10.4/lib/python3.10/site-packages/airflow/example_dags/example_sla_dag.py
[2023-05-07T22:44:35.915+0000] {logging_mixin.py:137} INFO - [2023-05-07T22:44:35.915+0000] {dag.py:2690} INFO - Sync 1 DAGs
[2023-05-07T22:44:35.934+0000] {logging_mixin.py:137} INFO - [2023-05-07T22:44:35.934+0000] {dag.py:3437} INFO - Setting next_dagrun for example_sla_dag to 2023-05-07T22:42:00+00:00, run_after=2023-05-07T22:44:00+00:00
[2023-05-07T22:44:35.975+0000] {processor.py:175} INFO - Processing /usr/local/python/3.10.4/lib/python3.10/site-packages/airflow/example_dags/example_sla_dag.py took 0.103 seconds
[2023-05-07T22:45:14.473+0000] {processor.py:153} INFO - Started process (PID=20378) to work on /usr/local/python/3.10.4/lib/python3.10/site-packages/airflow/example_dags/example_sla_dag.py
[2023-05-07T22:45:14.474+0000] {processor.py:743} INFO - Processing file /usr/local/python/3.10.4/lib/python3.10/site-packages/airflow/example_dags/example_sla_dag.py for tasks to queue
[2023-05-07T22:45:14.475+0000] {logging_mixin.py:137} INFO - [2023-05-07T22:45:14.475+0000] {dagbag.py:538} INFO - Filling up the DagBag from /usr/local/python/3.10.4/lib/python3.10/site-packages/airflow/example_dags/example_sla_dag.py
[2023-05-07T22:45:14.503+0000] {processor.py:753} INFO - DAG(s) dict_keys(['example_sla_dag']) retrieved from /usr/local/python/3.10.4/lib/python3.10/site-packages/airflow/example_dags/example_sla_dag.py
[2023-05-07T22:45:14.519+0000] {logging_mixin.py:137} INFO - [2023-05-07T22:45:14.519+0000] {dag.py:2690} INFO - Sync 1 DAGs
[2023-05-07T22:45:14.538+0000] {logging_mixin.py:137} INFO - [2023-05-07T22:45:14.538+0000] {dag.py:3437} INFO - Setting next_dagrun for example_sla_dag to 2023-05-07T22:42:00+00:00, run_after=2023-05-07T22:44:00+00:00
[2023-05-07T22:45:14.580+0000] {processor.py:175} INFO - Processing /usr/local/python/3.10.4/lib/python3.10/site-packages/airflow/example_dags/example_sla_dag.py took 0.110 seconds
[2023-05-07T22:45:52.200+0000] {processor.py:153} INFO - Started process (PID=20753) to work on /usr/local/python/3.10.4/lib/python3.10/site-packages/airflow/example_dags/example_sla_dag.py
[2023-05-07T22:45:52.201+0000] {processor.py:743} INFO - Processing file /usr/local/python/3.10.4/lib/python3.10/site-packages/airflow/example_dags/example_sla_dag.py for tasks to queue
[2023-05-07T22:45:52.202+0000] {logging_mixin.py:137} INFO - [2023-05-07T22:45:52.202+0000] {dagbag.py:538} INFO - Filling up the DagBag from /usr/local/python/3.10.4/lib/python3.10/site-packages/airflow/example_dags/example_sla_dag.py
[2023-05-07T22:45:52.226+0000] {processor.py:753} INFO - DAG(s) dict_keys(['example_sla_dag']) retrieved from /usr/local/python/3.10.4/lib/python3.10/site-packages/airflow/example_dags/example_sla_dag.py
[2023-05-07T22:45:52.242+0000] {logging_mixin.py:137} INFO - [2023-05-07T22:45:52.242+0000] {dag.py:2690} INFO - Sync 1 DAGs
[2023-05-07T22:45:52.261+0000] {logging_mixin.py:137} INFO - [2023-05-07T22:45:52.261+0000] {dag.py:3437} INFO - Setting next_dagrun for example_sla_dag to 2023-05-07T22:42:00+00:00, run_after=2023-05-07T22:44:00+00:00
[2023-05-07T22:45:52.300+0000] {processor.py:175} INFO - Processing /usr/local/python/3.10.4/lib/python3.10/site-packages/airflow/example_dags/example_sla_dag.py took 0.103 seconds
[2023-05-07T22:46:35.197+0000] {processor.py:153} INFO - Started process (PID=21202) to work on /usr/local/python/3.10.4/lib/python3.10/site-packages/airflow/example_dags/example_sla_dag.py
[2023-05-07T22:46:35.197+0000] {processor.py:743} INFO - Processing file /usr/local/python/3.10.4/lib/python3.10/site-packages/airflow/example_dags/example_sla_dag.py for tasks to queue
[2023-05-07T22:46:35.198+0000] {logging_mixin.py:137} INFO - [2023-05-07T22:46:35.198+0000] {dagbag.py:538} INFO - Filling up the DagBag from /usr/local/python/3.10.4/lib/python3.10/site-packages/airflow/example_dags/example_sla_dag.py
[2023-05-07T22:46:35.221+0000] {processor.py:753} INFO - DAG(s) dict_keys(['example_sla_dag']) retrieved from /usr/local/python/3.10.4/lib/python3.10/site-packages/airflow/example_dags/example_sla_dag.py
[2023-05-07T22:46:35.236+0000] {logging_mixin.py:137} INFO - [2023-05-07T22:46:35.236+0000] {dag.py:2690} INFO - Sync 1 DAGs
[2023-05-07T22:46:35.262+0000] {logging_mixin.py:137} INFO - [2023-05-07T22:46:35.262+0000] {dag.py:3437} INFO - Setting next_dagrun for example_sla_dag to 2023-05-07T22:44:00+00:00, run_after=2023-05-07T22:46:00+00:00
[2023-05-07T22:46:35.317+0000] {processor.py:175} INFO - Processing /usr/local/python/3.10.4/lib/python3.10/site-packages/airflow/example_dags/example_sla_dag.py took 0.124 seconds
[2023-05-07T22:47:10.591+0000] {processor.py:153} INFO - Started process (PID=21529) to work on /usr/local/python/3.10.4/lib/python3.10/site-packages/airflow/example_dags/example_sla_dag.py
[2023-05-07T22:47:10.592+0000] {processor.py:743} INFO - Processing file /usr/local/python/3.10.4/lib/python3.10/site-packages/airflow/example_dags/example_sla_dag.py for tasks to queue
[2023-05-07T22:47:10.592+0000] {logging_mixin.py:137} INFO - [2023-05-07T22:47:10.592+0000] {dagbag.py:538} INFO - Filling up the DagBag from /usr/local/python/3.10.4/lib/python3.10/site-packages/airflow/example_dags/example_sla_dag.py
[2023-05-07T22:47:10.615+0000] {processor.py:753} INFO - DAG(s) dict_keys(['example_sla_dag']) retrieved from /usr/local/python/3.10.4/lib/python3.10/site-packages/airflow/example_dags/example_sla_dag.py
[2023-05-07T22:47:10.631+0000] {logging_mixin.py:137} INFO - [2023-05-07T22:47:10.631+0000] {dag.py:2690} INFO - Sync 1 DAGs
[2023-05-07T22:47:10.651+0000] {logging_mixin.py:137} INFO - [2023-05-07T22:47:10.651+0000] {dag.py:3437} INFO - Setting next_dagrun for example_sla_dag to 2023-05-07T22:44:00+00:00, run_after=2023-05-07T22:46:00+00:00
[2023-05-07T22:47:10.691+0000] {processor.py:175} INFO - Processing /usr/local/python/3.10.4/lib/python3.10/site-packages/airflow/example_dags/example_sla_dag.py took 0.103 seconds
[2023-05-07T22:47:51.240+0000] {processor.py:153} INFO - Started process (PID=21813) to work on /usr/local/python/3.10.4/lib/python3.10/site-packages/airflow/example_dags/example_sla_dag.py
[2023-05-07T22:47:51.241+0000] {processor.py:743} INFO - Processing file /usr/local/python/3.10.4/lib/python3.10/site-packages/airflow/example_dags/example_sla_dag.py for tasks to queue
[2023-05-07T22:47:51.241+0000] {logging_mixin.py:137} INFO - [2023-05-07T22:47:51.241+0000] {dagbag.py:538} INFO - Filling up the DagBag from /usr/local/python/3.10.4/lib/python3.10/site-packages/airflow/example_dags/example_sla_dag.py
[2023-05-07T22:47:51.266+0000] {processor.py:753} INFO - DAG(s) dict_keys(['example_sla_dag']) retrieved from /usr/local/python/3.10.4/lib/python3.10/site-packages/airflow/example_dags/example_sla_dag.py
[2023-05-07T22:47:51.282+0000] {logging_mixin.py:137} INFO - [2023-05-07T22:47:51.281+0000] {dag.py:2690} INFO - Sync 1 DAGs
[2023-05-07T22:47:51.303+0000] {logging_mixin.py:137} INFO - [2023-05-07T22:47:51.303+0000] {dag.py:3437} INFO - Setting next_dagrun for example_sla_dag to 2023-05-07T22:44:00+00:00, run_after=2023-05-07T22:46:00+00:00
[2023-05-07T22:47:51.346+0000] {processor.py:175} INFO - Processing /usr/local/python/3.10.4/lib/python3.10/site-packages/airflow/example_dags/example_sla_dag.py took 0.109 seconds
[2023-05-07T22:48:30.241+0000] {processor.py:153} INFO - Started process (PID=22171) to work on /usr/local/python/3.10.4/lib/python3.10/site-packages/airflow/example_dags/example_sla_dag.py
[2023-05-07T22:48:30.242+0000] {processor.py:743} INFO - Processing file /usr/local/python/3.10.4/lib/python3.10/site-packages/airflow/example_dags/example_sla_dag.py for tasks to queue
[2023-05-07T22:48:30.243+0000] {logging_mixin.py:137} INFO - [2023-05-07T22:48:30.243+0000] {dagbag.py:538} INFO - Filling up the DagBag from /usr/local/python/3.10.4/lib/python3.10/site-packages/airflow/example_dags/example_sla_dag.py
[2023-05-07T22:48:30.266+0000] {processor.py:753} INFO - DAG(s) dict_keys(['example_sla_dag']) retrieved from /usr/local/python/3.10.4/lib/python3.10/site-packages/airflow/example_dags/example_sla_dag.py
[2023-05-07T22:48:30.282+0000] {logging_mixin.py:137} INFO - [2023-05-07T22:48:30.282+0000] {dag.py:2690} INFO - Sync 1 DAGs
[2023-05-07T22:48:30.303+0000] {logging_mixin.py:137} INFO - [2023-05-07T22:48:30.303+0000] {dag.py:3437} INFO - Setting next_dagrun for example_sla_dag to 2023-05-07T22:46:00+00:00, run_after=2023-05-07T22:48:00+00:00
[2023-05-07T22:48:30.344+0000] {processor.py:175} INFO - Processing /usr/local/python/3.10.4/lib/python3.10/site-packages/airflow/example_dags/example_sla_dag.py took 0.106 seconds
[2023-05-07T22:49:14.784+0000] {processor.py:153} INFO - Started process (PID=22651) to work on /usr/local/python/3.10.4/lib/python3.10/site-packages/airflow/example_dags/example_sla_dag.py
[2023-05-07T22:49:14.786+0000] {processor.py:743} INFO - Processing file /usr/local/python/3.10.4/lib/python3.10/site-packages/airflow/example_dags/example_sla_dag.py for tasks to queue
[2023-05-07T22:49:14.786+0000] {logging_mixin.py:137} INFO - [2023-05-07T22:49:14.786+0000] {dagbag.py:538} INFO - Filling up the DagBag from /usr/local/python/3.10.4/lib/python3.10/site-packages/airflow/example_dags/example_sla_dag.py
[2023-05-07T22:49:14.822+0000] {processor.py:753} INFO - DAG(s) dict_keys(['example_sla_dag']) retrieved from /usr/local/python/3.10.4/lib/python3.10/site-packages/airflow/example_dags/example_sla_dag.py
[2023-05-07T22:49:14.848+0000] {logging_mixin.py:137} INFO - [2023-05-07T22:49:14.848+0000] {dag.py:2690} INFO - Sync 1 DAGs
[2023-05-07T22:49:14.881+0000] {logging_mixin.py:137} INFO - [2023-05-07T22:49:14.880+0000] {dag.py:3437} INFO - Setting next_dagrun for example_sla_dag to 2023-05-07T22:46:00+00:00, run_after=2023-05-07T22:48:00+00:00
[2023-05-07T22:49:14.923+0000] {processor.py:175} INFO - Processing /usr/local/python/3.10.4/lib/python3.10/site-packages/airflow/example_dags/example_sla_dag.py took 0.143 seconds
[2023-05-07T22:49:57.806+0000] {processor.py:153} INFO - Started process (PID=23033) to work on /usr/local/python/3.10.4/lib/python3.10/site-packages/airflow/example_dags/example_sla_dag.py
[2023-05-07T22:49:57.807+0000] {processor.py:743} INFO - Processing file /usr/local/python/3.10.4/lib/python3.10/site-packages/airflow/example_dags/example_sla_dag.py for tasks to queue
[2023-05-07T22:49:57.807+0000] {logging_mixin.py:137} INFO - [2023-05-07T22:49:57.807+0000] {dagbag.py:538} INFO - Filling up the DagBag from /usr/local/python/3.10.4/lib/python3.10/site-packages/airflow/example_dags/example_sla_dag.py
[2023-05-07T22:49:57.830+0000] {processor.py:753} INFO - DAG(s) dict_keys(['example_sla_dag']) retrieved from /usr/local/python/3.10.4/lib/python3.10/site-packages/airflow/example_dags/example_sla_dag.py
[2023-05-07T22:49:57.847+0000] {logging_mixin.py:137} INFO - [2023-05-07T22:49:57.846+0000] {dag.py:2690} INFO - Sync 1 DAGs
[2023-05-07T22:49:57.867+0000] {logging_mixin.py:137} INFO - [2023-05-07T22:49:57.866+0000] {dag.py:3437} INFO - Setting next_dagrun for example_sla_dag to 2023-05-07T22:46:00+00:00, run_after=2023-05-07T22:48:00+00:00
[2023-05-07T22:49:57.906+0000] {processor.py:175} INFO - Processing /usr/local/python/3.10.4/lib/python3.10/site-packages/airflow/example_dags/example_sla_dag.py took 0.103 seconds
[2023-05-07T22:50:39.856+0000] {processor.py:153} INFO - Started process (PID=23350) to work on /usr/local/python/3.10.4/lib/python3.10/site-packages/airflow/example_dags/example_sla_dag.py
[2023-05-07T22:50:39.856+0000] {processor.py:743} INFO - Processing file /usr/local/python/3.10.4/lib/python3.10/site-packages/airflow/example_dags/example_sla_dag.py for tasks to queue
[2023-05-07T22:50:39.857+0000] {logging_mixin.py:137} INFO - [2023-05-07T22:50:39.857+0000] {dagbag.py:538} INFO - Filling up the DagBag from /usr/local/python/3.10.4/lib/python3.10/site-packages/airflow/example_dags/example_sla_dag.py
[2023-05-07T22:50:39.880+0000] {processor.py:753} INFO - DAG(s) dict_keys(['example_sla_dag']) retrieved from /usr/local/python/3.10.4/lib/python3.10/site-packages/airflow/example_dags/example_sla_dag.py
[2023-05-07T22:50:39.896+0000] {logging_mixin.py:137} INFO - [2023-05-07T22:50:39.896+0000] {dag.py:2690} INFO - Sync 1 DAGs
[2023-05-07T22:50:39.916+0000] {logging_mixin.py:137} INFO - [2023-05-07T22:50:39.916+0000] {dag.py:3437} INFO - Setting next_dagrun for example_sla_dag to 2023-05-07T22:48:00+00:00, run_after=2023-05-07T22:50:00+00:00
[2023-05-07T22:50:39.957+0000] {processor.py:175} INFO - Processing /usr/local/python/3.10.4/lib/python3.10/site-packages/airflow/example_dags/example_sla_dag.py took 0.105 seconds
[2023-05-07T22:51:23.562+0000] {processor.py:153} INFO - Started process (PID=23738) to work on /usr/local/python/3.10.4/lib/python3.10/site-packages/airflow/example_dags/example_sla_dag.py
[2023-05-07T22:51:23.563+0000] {processor.py:743} INFO - Processing file /usr/local/python/3.10.4/lib/python3.10/site-packages/airflow/example_dags/example_sla_dag.py for tasks to queue
[2023-05-07T22:51:23.563+0000] {logging_mixin.py:137} INFO - [2023-05-07T22:51:23.563+0000] {dagbag.py:538} INFO - Filling up the DagBag from /usr/local/python/3.10.4/lib/python3.10/site-packages/airflow/example_dags/example_sla_dag.py
[2023-05-07T22:51:23.586+0000] {processor.py:753} INFO - DAG(s) dict_keys(['example_sla_dag']) retrieved from /usr/local/python/3.10.4/lib/python3.10/site-packages/airflow/example_dags/example_sla_dag.py
[2023-05-07T22:51:23.602+0000] {logging_mixin.py:137} INFO - [2023-05-07T22:51:23.602+0000] {dag.py:2690} INFO - Sync 1 DAGs
[2023-05-07T22:51:23.621+0000] {logging_mixin.py:137} INFO - [2023-05-07T22:51:23.621+0000] {dag.py:3437} INFO - Setting next_dagrun for example_sla_dag to 2023-05-07T22:48:00+00:00, run_after=2023-05-07T22:50:00+00:00
[2023-05-07T22:51:23.664+0000] {processor.py:175} INFO - Processing /usr/local/python/3.10.4/lib/python3.10/site-packages/airflow/example_dags/example_sla_dag.py took 0.105 seconds
[2023-05-07T22:52:05.102+0000] {processor.py:153} INFO - Started process (PID=23963) to work on /usr/local/python/3.10.4/lib/python3.10/site-packages/airflow/example_dags/example_sla_dag.py
[2023-05-07T22:52:05.102+0000] {processor.py:743} INFO - Processing file /usr/local/python/3.10.4/lib/python3.10/site-packages/airflow/example_dags/example_sla_dag.py for tasks to queue
[2023-05-07T22:52:05.103+0000] {logging_mixin.py:137} INFO - [2023-05-07T22:52:05.103+0000] {dagbag.py:538} INFO - Filling up the DagBag from /usr/local/python/3.10.4/lib/python3.10/site-packages/airflow/example_dags/example_sla_dag.py
[2023-05-07T22:52:05.126+0000] {processor.py:753} INFO - DAG(s) dict_keys(['example_sla_dag']) retrieved from /usr/local/python/3.10.4/lib/python3.10/site-packages/airflow/example_dags/example_sla_dag.py
[2023-05-07T22:52:05.142+0000] {logging_mixin.py:137} INFO - [2023-05-07T22:52:05.141+0000] {dag.py:2690} INFO - Sync 1 DAGs
[2023-05-07T22:52:05.162+0000] {logging_mixin.py:137} INFO - [2023-05-07T22:52:05.162+0000] {dag.py:3437} INFO - Setting next_dagrun for example_sla_dag to 2023-05-07T22:50:00+00:00, run_after=2023-05-07T22:52:00+00:00
[2023-05-07T22:52:05.204+0000] {processor.py:175} INFO - Processing /usr/local/python/3.10.4/lib/python3.10/site-packages/airflow/example_dags/example_sla_dag.py took 0.105 seconds
[2023-05-07T22:52:49.197+0000] {processor.py:153} INFO - Started process (PID=24124) to work on /usr/local/python/3.10.4/lib/python3.10/site-packages/airflow/example_dags/example_sla_dag.py
[2023-05-07T22:52:49.198+0000] {processor.py:743} INFO - Processing file /usr/local/python/3.10.4/lib/python3.10/site-packages/airflow/example_dags/example_sla_dag.py for tasks to queue
[2023-05-07T22:52:49.199+0000] {logging_mixin.py:137} INFO - [2023-05-07T22:52:49.198+0000] {dagbag.py:538} INFO - Filling up the DagBag from /usr/local/python/3.10.4/lib/python3.10/site-packages/airflow/example_dags/example_sla_dag.py
[2023-05-07T22:52:49.224+0000] {processor.py:753} INFO - DAG(s) dict_keys(['example_sla_dag']) retrieved from /usr/local/python/3.10.4/lib/python3.10/site-packages/airflow/example_dags/example_sla_dag.py
[2023-05-07T22:52:49.240+0000] {logging_mixin.py:137} INFO - [2023-05-07T22:52:49.239+0000] {dag.py:2690} INFO - Sync 1 DAGs
[2023-05-07T22:52:49.260+0000] {logging_mixin.py:137} INFO - [2023-05-07T22:52:49.260+0000] {dag.py:3437} INFO - Setting next_dagrun for example_sla_dag to 2023-05-07T22:50:00+00:00, run_after=2023-05-07T22:52:00+00:00
[2023-05-07T22:52:49.300+0000] {processor.py:175} INFO - Processing /usr/local/python/3.10.4/lib/python3.10/site-packages/airflow/example_dags/example_sla_dag.py took 0.106 seconds
