[2023-05-07T22:22:03.175+0000] {processor.py:153} INFO - Started process (PID=9770) to work on /usr/local/python/3.10.4/lib/python3.10/site-packages/airflow/example_dags/tutorial_taskflow_api.py
[2023-05-07T22:22:03.176+0000] {processor.py:743} INFO - Processing file /usr/local/python/3.10.4/lib/python3.10/site-packages/airflow/example_dags/tutorial_taskflow_api.py for tasks to queue
[2023-05-07T22:22:03.176+0000] {logging_mixin.py:137} INFO - [2023-05-07T22:22:03.176+0000] {dagbag.py:538} INFO - Filling up the DagBag from /usr/local/python/3.10.4/lib/python3.10/site-packages/airflow/example_dags/tutorial_taskflow_api.py
[2023-05-07T22:22:03.199+0000] {processor.py:753} INFO - DAG(s) dict_keys(['tutorial_taskflow_api']) retrieved from /usr/local/python/3.10.4/lib/python3.10/site-packages/airflow/example_dags/tutorial_taskflow_api.py
[2023-05-07T22:22:03.376+0000] {logging_mixin.py:137} INFO - [2023-05-07T22:22:03.376+0000] {manager.py:504} INFO - Created Permission View: can edit on DAG:tutorial_taskflow_api
[2023-05-07T22:22:03.409+0000] {logging_mixin.py:137} INFO - [2023-05-07T22:22:03.409+0000] {manager.py:504} INFO - Created Permission View: can delete on DAG:tutorial_taskflow_api
[2023-05-07T22:22:03.438+0000] {logging_mixin.py:137} INFO - [2023-05-07T22:22:03.438+0000] {manager.py:504} INFO - Created Permission View: can read on DAG:tutorial_taskflow_api
[2023-05-07T22:22:03.438+0000] {logging_mixin.py:137} INFO - [2023-05-07T22:22:03.438+0000] {dag.py:2690} INFO - Sync 1 DAGs
[2023-05-07T22:22:03.447+0000] {logging_mixin.py:137} INFO - [2023-05-07T22:22:03.447+0000] {dag.py:2711} INFO - Creating ORM DAG for tutorial_taskflow_api
[2023-05-07T22:22:03.455+0000] {logging_mixin.py:137} INFO - [2023-05-07T22:22:03.455+0000] {dag.py:3437} INFO - Setting next_dagrun for tutorial_taskflow_api to None, run_after=None
[2023-05-07T22:22:03.501+0000] {processor.py:175} INFO - Processing /usr/local/python/3.10.4/lib/python3.10/site-packages/airflow/example_dags/tutorial_taskflow_api.py took 0.329 seconds
[2023-05-07T22:22:50.117+0000] {processor.py:153} INFO - Started process (PID=10114) to work on /usr/local/python/3.10.4/lib/python3.10/site-packages/airflow/example_dags/tutorial_taskflow_api.py
[2023-05-07T22:22:50.118+0000] {processor.py:743} INFO - Processing file /usr/local/python/3.10.4/lib/python3.10/site-packages/airflow/example_dags/tutorial_taskflow_api.py for tasks to queue
[2023-05-07T22:22:50.119+0000] {logging_mixin.py:137} INFO - [2023-05-07T22:22:50.119+0000] {dagbag.py:538} INFO - Filling up the DagBag from /usr/local/python/3.10.4/lib/python3.10/site-packages/airflow/example_dags/tutorial_taskflow_api.py
[2023-05-07T22:22:50.140+0000] {processor.py:753} INFO - DAG(s) dict_keys(['tutorial_taskflow_api']) retrieved from /usr/local/python/3.10.4/lib/python3.10/site-packages/airflow/example_dags/tutorial_taskflow_api.py
[2023-05-07T22:22:50.157+0000] {logging_mixin.py:137} INFO - [2023-05-07T22:22:50.157+0000] {dag.py:2690} INFO - Sync 1 DAGs
[2023-05-07T22:22:50.174+0000] {logging_mixin.py:137} INFO - [2023-05-07T22:22:50.174+0000] {dag.py:3437} INFO - Setting next_dagrun for tutorial_taskflow_api to None, run_after=None
[2023-05-07T22:22:50.215+0000] {processor.py:175} INFO - Processing /usr/local/python/3.10.4/lib/python3.10/site-packages/airflow/example_dags/tutorial_taskflow_api.py took 0.100 seconds
[2023-05-07T22:23:29.227+0000] {processor.py:153} INFO - Started process (PID=10435) to work on /usr/local/python/3.10.4/lib/python3.10/site-packages/airflow/example_dags/tutorial_taskflow_api.py
[2023-05-07T22:23:29.227+0000] {processor.py:743} INFO - Processing file /usr/local/python/3.10.4/lib/python3.10/site-packages/airflow/example_dags/tutorial_taskflow_api.py for tasks to queue
[2023-05-07T22:23:29.228+0000] {logging_mixin.py:137} INFO - [2023-05-07T22:23:29.228+0000] {dagbag.py:538} INFO - Filling up the DagBag from /usr/local/python/3.10.4/lib/python3.10/site-packages/airflow/example_dags/tutorial_taskflow_api.py
[2023-05-07T22:23:29.250+0000] {processor.py:753} INFO - DAG(s) dict_keys(['tutorial_taskflow_api']) retrieved from /usr/local/python/3.10.4/lib/python3.10/site-packages/airflow/example_dags/tutorial_taskflow_api.py
[2023-05-07T22:23:29.266+0000] {logging_mixin.py:137} INFO - [2023-05-07T22:23:29.265+0000] {dag.py:2690} INFO - Sync 1 DAGs
[2023-05-07T22:23:29.282+0000] {logging_mixin.py:137} INFO - [2023-05-07T22:23:29.282+0000] {dag.py:3437} INFO - Setting next_dagrun for tutorial_taskflow_api to None, run_after=None
[2023-05-07T22:23:29.325+0000] {processor.py:175} INFO - Processing /usr/local/python/3.10.4/lib/python3.10/site-packages/airflow/example_dags/tutorial_taskflow_api.py took 0.101 seconds
[2023-05-07T22:24:09.435+0000] {processor.py:153} INFO - Started process (PID=10788) to work on /usr/local/python/3.10.4/lib/python3.10/site-packages/airflow/example_dags/tutorial_taskflow_api.py
[2023-05-07T22:24:09.436+0000] {processor.py:743} INFO - Processing file /usr/local/python/3.10.4/lib/python3.10/site-packages/airflow/example_dags/tutorial_taskflow_api.py for tasks to queue
[2023-05-07T22:24:09.436+0000] {logging_mixin.py:137} INFO - [2023-05-07T22:24:09.436+0000] {dagbag.py:538} INFO - Filling up the DagBag from /usr/local/python/3.10.4/lib/python3.10/site-packages/airflow/example_dags/tutorial_taskflow_api.py
[2023-05-07T22:24:09.459+0000] {processor.py:753} INFO - DAG(s) dict_keys(['tutorial_taskflow_api']) retrieved from /usr/local/python/3.10.4/lib/python3.10/site-packages/airflow/example_dags/tutorial_taskflow_api.py
[2023-05-07T22:24:09.475+0000] {logging_mixin.py:137} INFO - [2023-05-07T22:24:09.475+0000] {dag.py:2690} INFO - Sync 1 DAGs
[2023-05-07T22:24:09.491+0000] {logging_mixin.py:137} INFO - [2023-05-07T22:24:09.491+0000] {dag.py:3437} INFO - Setting next_dagrun for tutorial_taskflow_api to None, run_after=None
[2023-05-07T22:24:09.535+0000] {processor.py:175} INFO - Processing /usr/local/python/3.10.4/lib/python3.10/site-packages/airflow/example_dags/tutorial_taskflow_api.py took 0.103 seconds
[2023-05-07T22:24:48.669+0000] {processor.py:153} INFO - Started process (PID=11095) to work on /usr/local/python/3.10.4/lib/python3.10/site-packages/airflow/example_dags/tutorial_taskflow_api.py
[2023-05-07T22:24:48.670+0000] {processor.py:743} INFO - Processing file /usr/local/python/3.10.4/lib/python3.10/site-packages/airflow/example_dags/tutorial_taskflow_api.py for tasks to queue
[2023-05-07T22:24:48.671+0000] {logging_mixin.py:137} INFO - [2023-05-07T22:24:48.671+0000] {dagbag.py:538} INFO - Filling up the DagBag from /usr/local/python/3.10.4/lib/python3.10/site-packages/airflow/example_dags/tutorial_taskflow_api.py
[2023-05-07T22:24:48.728+0000] {processor.py:753} INFO - DAG(s) dict_keys(['tutorial_taskflow_api']) retrieved from /usr/local/python/3.10.4/lib/python3.10/site-packages/airflow/example_dags/tutorial_taskflow_api.py
[2023-05-07T22:24:48.752+0000] {logging_mixin.py:137} INFO - [2023-05-07T22:24:48.751+0000] {dag.py:2690} INFO - Sync 1 DAGs
[2023-05-07T22:24:48.800+0000] {logging_mixin.py:137} INFO - [2023-05-07T22:24:48.800+0000] {dag.py:3437} INFO - Setting next_dagrun for tutorial_taskflow_api to None, run_after=None
[2023-05-07T22:24:48.868+0000] {processor.py:175} INFO - Processing /usr/local/python/3.10.4/lib/python3.10/site-packages/airflow/example_dags/tutorial_taskflow_api.py took 0.203 seconds
[2023-05-07T22:25:30.090+0000] {processor.py:153} INFO - Started process (PID=11400) to work on /usr/local/python/3.10.4/lib/python3.10/site-packages/airflow/example_dags/tutorial_taskflow_api.py
[2023-05-07T22:25:30.091+0000] {processor.py:743} INFO - Processing file /usr/local/python/3.10.4/lib/python3.10/site-packages/airflow/example_dags/tutorial_taskflow_api.py for tasks to queue
[2023-05-07T22:25:30.091+0000] {logging_mixin.py:137} INFO - [2023-05-07T22:25:30.091+0000] {dagbag.py:538} INFO - Filling up the DagBag from /usr/local/python/3.10.4/lib/python3.10/site-packages/airflow/example_dags/tutorial_taskflow_api.py
[2023-05-07T22:25:30.112+0000] {processor.py:753} INFO - DAG(s) dict_keys(['tutorial_taskflow_api']) retrieved from /usr/local/python/3.10.4/lib/python3.10/site-packages/airflow/example_dags/tutorial_taskflow_api.py
[2023-05-07T22:25:30.129+0000] {logging_mixin.py:137} INFO - [2023-05-07T22:25:30.129+0000] {dag.py:2690} INFO - Sync 1 DAGs
[2023-05-07T22:25:30.148+0000] {logging_mixin.py:137} INFO - [2023-05-07T22:25:30.147+0000] {dag.py:3437} INFO - Setting next_dagrun for tutorial_taskflow_api to None, run_after=None
[2023-05-07T22:25:30.188+0000] {processor.py:175} INFO - Processing /usr/local/python/3.10.4/lib/python3.10/site-packages/airflow/example_dags/tutorial_taskflow_api.py took 0.101 seconds
[2023-05-07T22:26:02.139+0000] {processor.py:153} INFO - Started process (PID=11648) to work on /usr/local/python/3.10.4/lib/python3.10/site-packages/airflow/example_dags/tutorial_taskflow_api.py
[2023-05-07T22:26:02.140+0000] {processor.py:743} INFO - Processing file /usr/local/python/3.10.4/lib/python3.10/site-packages/airflow/example_dags/tutorial_taskflow_api.py for tasks to queue
[2023-05-07T22:26:02.141+0000] {logging_mixin.py:137} INFO - [2023-05-07T22:26:02.141+0000] {dagbag.py:538} INFO - Filling up the DagBag from /usr/local/python/3.10.4/lib/python3.10/site-packages/airflow/example_dags/tutorial_taskflow_api.py
[2023-05-07T22:26:02.162+0000] {processor.py:753} INFO - DAG(s) dict_keys(['tutorial_taskflow_api']) retrieved from /usr/local/python/3.10.4/lib/python3.10/site-packages/airflow/example_dags/tutorial_taskflow_api.py
[2023-05-07T22:26:02.179+0000] {logging_mixin.py:137} INFO - [2023-05-07T22:26:02.179+0000] {dag.py:2690} INFO - Sync 1 DAGs
[2023-05-07T22:26:02.198+0000] {logging_mixin.py:137} INFO - [2023-05-07T22:26:02.197+0000] {dag.py:3437} INFO - Setting next_dagrun for tutorial_taskflow_api to None, run_after=None
[2023-05-07T22:26:02.237+0000] {processor.py:175} INFO - Processing /usr/local/python/3.10.4/lib/python3.10/site-packages/airflow/example_dags/tutorial_taskflow_api.py took 0.101 seconds
[2023-05-07T22:26:33.755+0000] {processor.py:153} INFO - Started process (PID=11871) to work on /usr/local/python/3.10.4/lib/python3.10/site-packages/airflow/example_dags/tutorial_taskflow_api.py
[2023-05-07T22:26:33.756+0000] {processor.py:743} INFO - Processing file /usr/local/python/3.10.4/lib/python3.10/site-packages/airflow/example_dags/tutorial_taskflow_api.py for tasks to queue
[2023-05-07T22:26:33.756+0000] {logging_mixin.py:137} INFO - [2023-05-07T22:26:33.756+0000] {dagbag.py:538} INFO - Filling up the DagBag from /usr/local/python/3.10.4/lib/python3.10/site-packages/airflow/example_dags/tutorial_taskflow_api.py
[2023-05-07T22:26:33.779+0000] {processor.py:753} INFO - DAG(s) dict_keys(['tutorial_taskflow_api']) retrieved from /usr/local/python/3.10.4/lib/python3.10/site-packages/airflow/example_dags/tutorial_taskflow_api.py
[2023-05-07T22:26:33.795+0000] {logging_mixin.py:137} INFO - [2023-05-07T22:26:33.795+0000] {dag.py:2690} INFO - Sync 1 DAGs
[2023-05-07T22:26:33.812+0000] {logging_mixin.py:137} INFO - [2023-05-07T22:26:33.812+0000] {dag.py:3437} INFO - Setting next_dagrun for tutorial_taskflow_api to None, run_after=None
[2023-05-07T22:26:33.853+0000] {processor.py:175} INFO - Processing /usr/local/python/3.10.4/lib/python3.10/site-packages/airflow/example_dags/tutorial_taskflow_api.py took 0.101 seconds
[2023-05-07T22:27:06.061+0000] {processor.py:153} INFO - Started process (PID=12087) to work on /usr/local/python/3.10.4/lib/python3.10/site-packages/airflow/example_dags/tutorial_taskflow_api.py
[2023-05-07T22:27:06.063+0000] {processor.py:743} INFO - Processing file /usr/local/python/3.10.4/lib/python3.10/site-packages/airflow/example_dags/tutorial_taskflow_api.py for tasks to queue
[2023-05-07T22:27:06.064+0000] {logging_mixin.py:137} INFO - [2023-05-07T22:27:06.064+0000] {dagbag.py:538} INFO - Filling up the DagBag from /usr/local/python/3.10.4/lib/python3.10/site-packages/airflow/example_dags/tutorial_taskflow_api.py
[2023-05-07T22:27:06.086+0000] {processor.py:753} INFO - DAG(s) dict_keys(['tutorial_taskflow_api']) retrieved from /usr/local/python/3.10.4/lib/python3.10/site-packages/airflow/example_dags/tutorial_taskflow_api.py
[2023-05-07T22:27:06.102+0000] {logging_mixin.py:137} INFO - [2023-05-07T22:27:06.102+0000] {dag.py:2690} INFO - Sync 1 DAGs
[2023-05-07T22:27:06.119+0000] {logging_mixin.py:137} INFO - [2023-05-07T22:27:06.119+0000] {dag.py:3437} INFO - Setting next_dagrun for tutorial_taskflow_api to None, run_after=None
[2023-05-07T22:27:06.161+0000] {processor.py:175} INFO - Processing /usr/local/python/3.10.4/lib/python3.10/site-packages/airflow/example_dags/tutorial_taskflow_api.py took 0.103 seconds
[2023-05-07T22:27:37.489+0000] {processor.py:153} INFO - Started process (PID=12303) to work on /usr/local/python/3.10.4/lib/python3.10/site-packages/airflow/example_dags/tutorial_taskflow_api.py
[2023-05-07T22:27:37.489+0000] {processor.py:743} INFO - Processing file /usr/local/python/3.10.4/lib/python3.10/site-packages/airflow/example_dags/tutorial_taskflow_api.py for tasks to queue
[2023-05-07T22:27:37.490+0000] {logging_mixin.py:137} INFO - [2023-05-07T22:27:37.490+0000] {dagbag.py:538} INFO - Filling up the DagBag from /usr/local/python/3.10.4/lib/python3.10/site-packages/airflow/example_dags/tutorial_taskflow_api.py
[2023-05-07T22:27:37.511+0000] {processor.py:753} INFO - DAG(s) dict_keys(['tutorial_taskflow_api']) retrieved from /usr/local/python/3.10.4/lib/python3.10/site-packages/airflow/example_dags/tutorial_taskflow_api.py
[2023-05-07T22:27:37.527+0000] {logging_mixin.py:137} INFO - [2023-05-07T22:27:37.527+0000] {dag.py:2690} INFO - Sync 1 DAGs
[2023-05-07T22:27:37.544+0000] {logging_mixin.py:137} INFO - [2023-05-07T22:27:37.544+0000] {dag.py:3437} INFO - Setting next_dagrun for tutorial_taskflow_api to None, run_after=None
[2023-05-07T22:27:37.585+0000] {processor.py:175} INFO - Processing /usr/local/python/3.10.4/lib/python3.10/site-packages/airflow/example_dags/tutorial_taskflow_api.py took 0.100 seconds
[2023-05-07T22:28:11.164+0000] {processor.py:153} INFO - Started process (PID=12537) to work on /usr/local/python/3.10.4/lib/python3.10/site-packages/airflow/example_dags/tutorial_taskflow_api.py
[2023-05-07T22:28:11.164+0000] {processor.py:743} INFO - Processing file /usr/local/python/3.10.4/lib/python3.10/site-packages/airflow/example_dags/tutorial_taskflow_api.py for tasks to queue
[2023-05-07T22:28:11.165+0000] {logging_mixin.py:137} INFO - [2023-05-07T22:28:11.165+0000] {dagbag.py:538} INFO - Filling up the DagBag from /usr/local/python/3.10.4/lib/python3.10/site-packages/airflow/example_dags/tutorial_taskflow_api.py
[2023-05-07T22:28:11.186+0000] {processor.py:753} INFO - DAG(s) dict_keys(['tutorial_taskflow_api']) retrieved from /usr/local/python/3.10.4/lib/python3.10/site-packages/airflow/example_dags/tutorial_taskflow_api.py
[2023-05-07T22:28:11.203+0000] {logging_mixin.py:137} INFO - [2023-05-07T22:28:11.203+0000] {dag.py:2690} INFO - Sync 1 DAGs
[2023-05-07T22:28:11.220+0000] {logging_mixin.py:137} INFO - [2023-05-07T22:28:11.219+0000] {dag.py:3437} INFO - Setting next_dagrun for tutorial_taskflow_api to None, run_after=None
[2023-05-07T22:28:11.263+0000] {processor.py:175} INFO - Processing /usr/local/python/3.10.4/lib/python3.10/site-packages/airflow/example_dags/tutorial_taskflow_api.py took 0.102 seconds
[2023-05-07T22:28:43.724+0000] {processor.py:153} INFO - Started process (PID=12758) to work on /usr/local/python/3.10.4/lib/python3.10/site-packages/airflow/example_dags/tutorial_taskflow_api.py
[2023-05-07T22:28:43.725+0000] {processor.py:743} INFO - Processing file /usr/local/python/3.10.4/lib/python3.10/site-packages/airflow/example_dags/tutorial_taskflow_api.py for tasks to queue
[2023-05-07T22:28:43.726+0000] {logging_mixin.py:137} INFO - [2023-05-07T22:28:43.726+0000] {dagbag.py:538} INFO - Filling up the DagBag from /usr/local/python/3.10.4/lib/python3.10/site-packages/airflow/example_dags/tutorial_taskflow_api.py
[2023-05-07T22:28:43.747+0000] {processor.py:753} INFO - DAG(s) dict_keys(['tutorial_taskflow_api']) retrieved from /usr/local/python/3.10.4/lib/python3.10/site-packages/airflow/example_dags/tutorial_taskflow_api.py
[2023-05-07T22:28:43.763+0000] {logging_mixin.py:137} INFO - [2023-05-07T22:28:43.763+0000] {dag.py:2690} INFO - Sync 1 DAGs
[2023-05-07T22:28:43.779+0000] {logging_mixin.py:137} INFO - [2023-05-07T22:28:43.779+0000] {dag.py:3437} INFO - Setting next_dagrun for tutorial_taskflow_api to None, run_after=None
[2023-05-07T22:28:43.822+0000] {processor.py:175} INFO - Processing /usr/local/python/3.10.4/lib/python3.10/site-packages/airflow/example_dags/tutorial_taskflow_api.py took 0.100 seconds
[2023-05-07T22:29:19.792+0000] {processor.py:153} INFO - Started process (PID=13010) to work on /usr/local/python/3.10.4/lib/python3.10/site-packages/airflow/example_dags/tutorial_taskflow_api.py
[2023-05-07T22:29:19.793+0000] {processor.py:743} INFO - Processing file /usr/local/python/3.10.4/lib/python3.10/site-packages/airflow/example_dags/tutorial_taskflow_api.py for tasks to queue
[2023-05-07T22:29:19.794+0000] {logging_mixin.py:137} INFO - [2023-05-07T22:29:19.794+0000] {dagbag.py:538} INFO - Filling up the DagBag from /usr/local/python/3.10.4/lib/python3.10/site-packages/airflow/example_dags/tutorial_taskflow_api.py
[2023-05-07T22:29:19.814+0000] {processor.py:753} INFO - DAG(s) dict_keys(['tutorial_taskflow_api']) retrieved from /usr/local/python/3.10.4/lib/python3.10/site-packages/airflow/example_dags/tutorial_taskflow_api.py
[2023-05-07T22:29:19.830+0000] {logging_mixin.py:137} INFO - [2023-05-07T22:29:19.830+0000] {dag.py:2690} INFO - Sync 1 DAGs
[2023-05-07T22:29:19.847+0000] {logging_mixin.py:137} INFO - [2023-05-07T22:29:19.846+0000] {dag.py:3437} INFO - Setting next_dagrun for tutorial_taskflow_api to None, run_after=None
[2023-05-07T22:29:20.000+0000] {processor.py:175} INFO - Processing /usr/local/python/3.10.4/lib/python3.10/site-packages/airflow/example_dags/tutorial_taskflow_api.py took 0.211 seconds
[2023-05-07T22:30:01.133+0000] {processor.py:153} INFO - Started process (PID=13304) to work on /usr/local/python/3.10.4/lib/python3.10/site-packages/airflow/example_dags/tutorial_taskflow_api.py
[2023-05-07T22:30:01.134+0000] {processor.py:743} INFO - Processing file /usr/local/python/3.10.4/lib/python3.10/site-packages/airflow/example_dags/tutorial_taskflow_api.py for tasks to queue
[2023-05-07T22:30:01.135+0000] {logging_mixin.py:137} INFO - [2023-05-07T22:30:01.135+0000] {dagbag.py:538} INFO - Filling up the DagBag from /usr/local/python/3.10.4/lib/python3.10/site-packages/airflow/example_dags/tutorial_taskflow_api.py
[2023-05-07T22:30:01.157+0000] {processor.py:753} INFO - DAG(s) dict_keys(['tutorial_taskflow_api']) retrieved from /usr/local/python/3.10.4/lib/python3.10/site-packages/airflow/example_dags/tutorial_taskflow_api.py
[2023-05-07T22:30:01.173+0000] {logging_mixin.py:137} INFO - [2023-05-07T22:30:01.173+0000] {dag.py:2690} INFO - Sync 1 DAGs
[2023-05-07T22:30:01.316+0000] {logging_mixin.py:137} INFO - [2023-05-07T22:30:01.316+0000] {dag.py:3437} INFO - Setting next_dagrun for tutorial_taskflow_api to None, run_after=None
[2023-05-07T22:30:01.358+0000] {processor.py:175} INFO - Processing /usr/local/python/3.10.4/lib/python3.10/site-packages/airflow/example_dags/tutorial_taskflow_api.py took 0.227 seconds
[2023-05-07T22:30:46.481+0000] {processor.py:153} INFO - Started process (PID=13603) to work on /usr/local/python/3.10.4/lib/python3.10/site-packages/airflow/example_dags/tutorial_taskflow_api.py
[2023-05-07T22:30:46.482+0000] {processor.py:743} INFO - Processing file /usr/local/python/3.10.4/lib/python3.10/site-packages/airflow/example_dags/tutorial_taskflow_api.py for tasks to queue
[2023-05-07T22:30:46.483+0000] {logging_mixin.py:137} INFO - [2023-05-07T22:30:46.483+0000] {dagbag.py:538} INFO - Filling up the DagBag from /usr/local/python/3.10.4/lib/python3.10/site-packages/airflow/example_dags/tutorial_taskflow_api.py
[2023-05-07T22:30:46.504+0000] {processor.py:753} INFO - DAG(s) dict_keys(['tutorial_taskflow_api']) retrieved from /usr/local/python/3.10.4/lib/python3.10/site-packages/airflow/example_dags/tutorial_taskflow_api.py
[2023-05-07T22:30:46.522+0000] {logging_mixin.py:137} INFO - [2023-05-07T22:30:46.521+0000] {dag.py:2690} INFO - Sync 1 DAGs
[2023-05-07T22:30:46.649+0000] {logging_mixin.py:137} INFO - [2023-05-07T22:30:46.649+0000] {dag.py:3437} INFO - Setting next_dagrun for tutorial_taskflow_api to None, run_after=None
[2023-05-07T22:30:46.692+0000] {processor.py:175} INFO - Processing /usr/local/python/3.10.4/lib/python3.10/site-packages/airflow/example_dags/tutorial_taskflow_api.py took 0.214 seconds
[2023-05-07T22:31:19.779+0000] {processor.py:153} INFO - Started process (PID=13839) to work on /usr/local/python/3.10.4/lib/python3.10/site-packages/airflow/example_dags/tutorial_taskflow_api.py
[2023-05-07T22:31:19.780+0000] {processor.py:743} INFO - Processing file /usr/local/python/3.10.4/lib/python3.10/site-packages/airflow/example_dags/tutorial_taskflow_api.py for tasks to queue
[2023-05-07T22:31:19.780+0000] {logging_mixin.py:137} INFO - [2023-05-07T22:31:19.780+0000] {dagbag.py:538} INFO - Filling up the DagBag from /usr/local/python/3.10.4/lib/python3.10/site-packages/airflow/example_dags/tutorial_taskflow_api.py
[2023-05-07T22:31:19.801+0000] {processor.py:753} INFO - DAG(s) dict_keys(['tutorial_taskflow_api']) retrieved from /usr/local/python/3.10.4/lib/python3.10/site-packages/airflow/example_dags/tutorial_taskflow_api.py
[2023-05-07T22:31:19.819+0000] {logging_mixin.py:137} INFO - [2023-05-07T22:31:19.819+0000] {dag.py:2690} INFO - Sync 1 DAGs
[2023-05-07T22:31:19.945+0000] {logging_mixin.py:137} INFO - [2023-05-07T22:31:19.945+0000] {dag.py:3437} INFO - Setting next_dagrun for tutorial_taskflow_api to None, run_after=None
[2023-05-07T22:31:19.985+0000] {processor.py:175} INFO - Processing /usr/local/python/3.10.4/lib/python3.10/site-packages/airflow/example_dags/tutorial_taskflow_api.py took 0.209 seconds
[2023-05-07T22:31:52.626+0000] {processor.py:153} INFO - Started process (PID=14055) to work on /usr/local/python/3.10.4/lib/python3.10/site-packages/airflow/example_dags/tutorial_taskflow_api.py
[2023-05-07T22:31:52.627+0000] {processor.py:743} INFO - Processing file /usr/local/python/3.10.4/lib/python3.10/site-packages/airflow/example_dags/tutorial_taskflow_api.py for tasks to queue
[2023-05-07T22:31:52.627+0000] {logging_mixin.py:137} INFO - [2023-05-07T22:31:52.627+0000] {dagbag.py:538} INFO - Filling up the DagBag from /usr/local/python/3.10.4/lib/python3.10/site-packages/airflow/example_dags/tutorial_taskflow_api.py
[2023-05-07T22:31:52.648+0000] {processor.py:753} INFO - DAG(s) dict_keys(['tutorial_taskflow_api']) retrieved from /usr/local/python/3.10.4/lib/python3.10/site-packages/airflow/example_dags/tutorial_taskflow_api.py
[2023-05-07T22:31:52.775+0000] {logging_mixin.py:137} INFO - [2023-05-07T22:31:52.775+0000] {dag.py:2690} INFO - Sync 1 DAGs
[2023-05-07T22:31:52.791+0000] {logging_mixin.py:137} INFO - [2023-05-07T22:31:52.791+0000] {dag.py:3437} INFO - Setting next_dagrun for tutorial_taskflow_api to None, run_after=None
[2023-05-07T22:31:52.831+0000] {processor.py:175} INFO - Processing /usr/local/python/3.10.4/lib/python3.10/site-packages/airflow/example_dags/tutorial_taskflow_api.py took 0.208 seconds
[2023-05-07T22:32:37.099+0000] {processor.py:153} INFO - Started process (PID=14364) to work on /usr/local/python/3.10.4/lib/python3.10/site-packages/airflow/example_dags/tutorial_taskflow_api.py
[2023-05-07T22:32:37.100+0000] {processor.py:743} INFO - Processing file /usr/local/python/3.10.4/lib/python3.10/site-packages/airflow/example_dags/tutorial_taskflow_api.py for tasks to queue
[2023-05-07T22:32:37.101+0000] {logging_mixin.py:137} INFO - [2023-05-07T22:32:37.101+0000] {dagbag.py:538} INFO - Filling up the DagBag from /usr/local/python/3.10.4/lib/python3.10/site-packages/airflow/example_dags/tutorial_taskflow_api.py
[2023-05-07T22:32:37.122+0000] {processor.py:753} INFO - DAG(s) dict_keys(['tutorial_taskflow_api']) retrieved from /usr/local/python/3.10.4/lib/python3.10/site-packages/airflow/example_dags/tutorial_taskflow_api.py
[2023-05-07T22:32:37.250+0000] {logging_mixin.py:137} INFO - [2023-05-07T22:32:37.250+0000] {dag.py:2690} INFO - Sync 1 DAGs
[2023-05-07T22:32:37.265+0000] {logging_mixin.py:137} INFO - [2023-05-07T22:32:37.265+0000] {dag.py:3437} INFO - Setting next_dagrun for tutorial_taskflow_api to None, run_after=None
[2023-05-07T22:32:37.306+0000] {processor.py:175} INFO - Processing /usr/local/python/3.10.4/lib/python3.10/site-packages/airflow/example_dags/tutorial_taskflow_api.py took 0.210 seconds
[2023-05-07T22:33:25.737+0000] {processor.py:153} INFO - Started process (PID=14708) to work on /usr/local/python/3.10.4/lib/python3.10/site-packages/airflow/example_dags/tutorial_taskflow_api.py
[2023-05-07T22:33:25.738+0000] {processor.py:743} INFO - Processing file /usr/local/python/3.10.4/lib/python3.10/site-packages/airflow/example_dags/tutorial_taskflow_api.py for tasks to queue
[2023-05-07T22:33:25.738+0000] {logging_mixin.py:137} INFO - [2023-05-07T22:33:25.738+0000] {dagbag.py:538} INFO - Filling up the DagBag from /usr/local/python/3.10.4/lib/python3.10/site-packages/airflow/example_dags/tutorial_taskflow_api.py
[2023-05-07T22:33:25.873+0000] {processor.py:753} INFO - DAG(s) dict_keys(['tutorial_taskflow_api']) retrieved from /usr/local/python/3.10.4/lib/python3.10/site-packages/airflow/example_dags/tutorial_taskflow_api.py
[2023-05-07T22:33:25.885+0000] {logging_mixin.py:137} INFO - [2023-05-07T22:33:25.885+0000] {dag.py:2690} INFO - Sync 1 DAGs
[2023-05-07T22:33:25.901+0000] {logging_mixin.py:137} INFO - [2023-05-07T22:33:25.901+0000] {dag.py:3437} INFO - Setting next_dagrun for tutorial_taskflow_api to None, run_after=None
[2023-05-07T22:33:25.944+0000] {processor.py:175} INFO - Processing /usr/local/python/3.10.4/lib/python3.10/site-packages/airflow/example_dags/tutorial_taskflow_api.py took 0.210 seconds
[2023-05-07T22:33:59.030+0000] {processor.py:153} INFO - Started process (PID=14986) to work on /usr/local/python/3.10.4/lib/python3.10/site-packages/airflow/example_dags/tutorial_taskflow_api.py
[2023-05-07T22:33:59.030+0000] {processor.py:743} INFO - Processing file /usr/local/python/3.10.4/lib/python3.10/site-packages/airflow/example_dags/tutorial_taskflow_api.py for tasks to queue
[2023-05-07T22:33:59.031+0000] {logging_mixin.py:137} INFO - [2023-05-07T22:33:59.031+0000] {dagbag.py:538} INFO - Filling up the DagBag from /usr/local/python/3.10.4/lib/python3.10/site-packages/airflow/example_dags/tutorial_taskflow_api.py
[2023-05-07T22:33:59.158+0000] {processor.py:753} INFO - DAG(s) dict_keys(['tutorial_taskflow_api']) retrieved from /usr/local/python/3.10.4/lib/python3.10/site-packages/airflow/example_dags/tutorial_taskflow_api.py
[2023-05-07T22:33:59.174+0000] {logging_mixin.py:137} INFO - [2023-05-07T22:33:59.174+0000] {dag.py:2690} INFO - Sync 1 DAGs
[2023-05-07T22:33:59.222+0000] {logging_mixin.py:137} INFO - [2023-05-07T22:33:59.210+0000] {dag.py:3437} INFO - Setting next_dagrun for tutorial_taskflow_api to None, run_after=None
[2023-05-07T22:33:59.300+0000] {processor.py:175} INFO - Processing /usr/local/python/3.10.4/lib/python3.10/site-packages/airflow/example_dags/tutorial_taskflow_api.py took 0.273 seconds
[2023-05-07T22:34:44.049+0000] {processor.py:153} INFO - Started process (PID=15319) to work on /usr/local/python/3.10.4/lib/python3.10/site-packages/airflow/example_dags/tutorial_taskflow_api.py
[2023-05-07T22:34:44.050+0000] {processor.py:743} INFO - Processing file /usr/local/python/3.10.4/lib/python3.10/site-packages/airflow/example_dags/tutorial_taskflow_api.py for tasks to queue
[2023-05-07T22:34:44.051+0000] {logging_mixin.py:137} INFO - [2023-05-07T22:34:44.051+0000] {dagbag.py:538} INFO - Filling up the DagBag from /usr/local/python/3.10.4/lib/python3.10/site-packages/airflow/example_dags/tutorial_taskflow_api.py
[2023-05-07T22:34:44.071+0000] {processor.py:753} INFO - DAG(s) dict_keys(['tutorial_taskflow_api']) retrieved from /usr/local/python/3.10.4/lib/python3.10/site-packages/airflow/example_dags/tutorial_taskflow_api.py
[2023-05-07T22:34:44.087+0000] {logging_mixin.py:137} INFO - [2023-05-07T22:34:44.087+0000] {dag.py:2690} INFO - Sync 1 DAGs
[2023-05-07T22:34:44.105+0000] {logging_mixin.py:137} INFO - [2023-05-07T22:34:44.104+0000] {dag.py:3437} INFO - Setting next_dagrun for tutorial_taskflow_api to None, run_after=None
[2023-05-07T22:34:44.146+0000] {processor.py:175} INFO - Processing /usr/local/python/3.10.4/lib/python3.10/site-packages/airflow/example_dags/tutorial_taskflow_api.py took 0.099 seconds
[2023-05-07T22:35:18.152+0000] {processor.py:153} INFO - Started process (PID=15558) to work on /usr/local/python/3.10.4/lib/python3.10/site-packages/airflow/example_dags/tutorial_taskflow_api.py
[2023-05-07T22:35:18.153+0000] {processor.py:743} INFO - Processing file /usr/local/python/3.10.4/lib/python3.10/site-packages/airflow/example_dags/tutorial_taskflow_api.py for tasks to queue
[2023-05-07T22:35:18.154+0000] {logging_mixin.py:137} INFO - [2023-05-07T22:35:18.153+0000] {dagbag.py:538} INFO - Filling up the DagBag from /usr/local/python/3.10.4/lib/python3.10/site-packages/airflow/example_dags/tutorial_taskflow_api.py
[2023-05-07T22:35:18.180+0000] {processor.py:753} INFO - DAG(s) dict_keys(['tutorial_taskflow_api']) retrieved from /usr/local/python/3.10.4/lib/python3.10/site-packages/airflow/example_dags/tutorial_taskflow_api.py
[2023-05-07T22:35:18.197+0000] {logging_mixin.py:137} INFO - [2023-05-07T22:35:18.197+0000] {dag.py:2690} INFO - Sync 1 DAGs
[2023-05-07T22:35:18.218+0000] {logging_mixin.py:137} INFO - [2023-05-07T22:35:18.218+0000] {dag.py:3437} INFO - Setting next_dagrun for tutorial_taskflow_api to None, run_after=None
[2023-05-07T22:35:18.259+0000] {processor.py:175} INFO - Processing /usr/local/python/3.10.4/lib/python3.10/site-packages/airflow/example_dags/tutorial_taskflow_api.py took 0.110 seconds
[2023-05-07T22:36:00.077+0000] {processor.py:153} INFO - Started process (PID=15845) to work on /usr/local/python/3.10.4/lib/python3.10/site-packages/airflow/example_dags/tutorial_taskflow_api.py
[2023-05-07T22:36:00.077+0000] {processor.py:743} INFO - Processing file /usr/local/python/3.10.4/lib/python3.10/site-packages/airflow/example_dags/tutorial_taskflow_api.py for tasks to queue
[2023-05-07T22:36:00.078+0000] {logging_mixin.py:137} INFO - [2023-05-07T22:36:00.078+0000] {dagbag.py:538} INFO - Filling up the DagBag from /usr/local/python/3.10.4/lib/python3.10/site-packages/airflow/example_dags/tutorial_taskflow_api.py
[2023-05-07T22:36:00.099+0000] {processor.py:753} INFO - DAG(s) dict_keys(['tutorial_taskflow_api']) retrieved from /usr/local/python/3.10.4/lib/python3.10/site-packages/airflow/example_dags/tutorial_taskflow_api.py
[2023-05-07T22:36:00.117+0000] {logging_mixin.py:137} INFO - [2023-05-07T22:36:00.117+0000] {dag.py:2690} INFO - Sync 1 DAGs
[2023-05-07T22:36:00.133+0000] {logging_mixin.py:137} INFO - [2023-05-07T22:36:00.133+0000] {dag.py:3437} INFO - Setting next_dagrun for tutorial_taskflow_api to None, run_after=None
[2023-05-07T22:36:00.176+0000] {processor.py:175} INFO - Processing /usr/local/python/3.10.4/lib/python3.10/site-packages/airflow/example_dags/tutorial_taskflow_api.py took 0.103 seconds
[2023-05-07T22:36:34.451+0000] {processor.py:153} INFO - Started process (PID=16088) to work on /usr/local/python/3.10.4/lib/python3.10/site-packages/airflow/example_dags/tutorial_taskflow_api.py
[2023-05-07T22:36:34.452+0000] {processor.py:743} INFO - Processing file /usr/local/python/3.10.4/lib/python3.10/site-packages/airflow/example_dags/tutorial_taskflow_api.py for tasks to queue
[2023-05-07T22:36:34.453+0000] {logging_mixin.py:137} INFO - [2023-05-07T22:36:34.453+0000] {dagbag.py:538} INFO - Filling up the DagBag from /usr/local/python/3.10.4/lib/python3.10/site-packages/airflow/example_dags/tutorial_taskflow_api.py
[2023-05-07T22:36:34.478+0000] {processor.py:753} INFO - DAG(s) dict_keys(['tutorial_taskflow_api']) retrieved from /usr/local/python/3.10.4/lib/python3.10/site-packages/airflow/example_dags/tutorial_taskflow_api.py
[2023-05-07T22:36:34.495+0000] {logging_mixin.py:137} INFO - [2023-05-07T22:36:34.494+0000] {dag.py:2690} INFO - Sync 1 DAGs
[2023-05-07T22:36:34.511+0000] {logging_mixin.py:137} INFO - [2023-05-07T22:36:34.511+0000] {dag.py:3437} INFO - Setting next_dagrun for tutorial_taskflow_api to None, run_after=None
[2023-05-07T22:36:34.552+0000] {processor.py:175} INFO - Processing /usr/local/python/3.10.4/lib/python3.10/site-packages/airflow/example_dags/tutorial_taskflow_api.py took 0.105 seconds
[2023-05-07T22:37:07.131+0000] {processor.py:153} INFO - Started process (PID=16325) to work on /usr/local/python/3.10.4/lib/python3.10/site-packages/airflow/example_dags/tutorial_taskflow_api.py
[2023-05-07T22:37:07.132+0000] {processor.py:743} INFO - Processing file /usr/local/python/3.10.4/lib/python3.10/site-packages/airflow/example_dags/tutorial_taskflow_api.py for tasks to queue
[2023-05-07T22:37:07.132+0000] {logging_mixin.py:137} INFO - [2023-05-07T22:37:07.132+0000] {dagbag.py:538} INFO - Filling up the DagBag from /usr/local/python/3.10.4/lib/python3.10/site-packages/airflow/example_dags/tutorial_taskflow_api.py
[2023-05-07T22:37:07.167+0000] {processor.py:753} INFO - DAG(s) dict_keys(['tutorial_taskflow_api']) retrieved from /usr/local/python/3.10.4/lib/python3.10/site-packages/airflow/example_dags/tutorial_taskflow_api.py
[2023-05-07T22:37:07.189+0000] {logging_mixin.py:137} INFO - [2023-05-07T22:37:07.189+0000] {dag.py:2690} INFO - Sync 1 DAGs
[2023-05-07T22:37:07.206+0000] {logging_mixin.py:137} INFO - [2023-05-07T22:37:07.205+0000] {dag.py:3437} INFO - Setting next_dagrun for tutorial_taskflow_api to None, run_after=None
[2023-05-07T22:37:07.246+0000] {processor.py:175} INFO - Processing /usr/local/python/3.10.4/lib/python3.10/site-packages/airflow/example_dags/tutorial_taskflow_api.py took 0.119 seconds
[2023-05-07T22:37:41.040+0000] {processor.py:153} INFO - Started process (PID=16577) to work on /usr/local/python/3.10.4/lib/python3.10/site-packages/airflow/example_dags/tutorial_taskflow_api.py
[2023-05-07T22:37:41.041+0000] {processor.py:743} INFO - Processing file /usr/local/python/3.10.4/lib/python3.10/site-packages/airflow/example_dags/tutorial_taskflow_api.py for tasks to queue
[2023-05-07T22:37:41.041+0000] {logging_mixin.py:137} INFO - [2023-05-07T22:37:41.041+0000] {dagbag.py:538} INFO - Filling up the DagBag from /usr/local/python/3.10.4/lib/python3.10/site-packages/airflow/example_dags/tutorial_taskflow_api.py
[2023-05-07T22:37:41.063+0000] {processor.py:753} INFO - DAG(s) dict_keys(['tutorial_taskflow_api']) retrieved from /usr/local/python/3.10.4/lib/python3.10/site-packages/airflow/example_dags/tutorial_taskflow_api.py
[2023-05-07T22:37:41.080+0000] {logging_mixin.py:137} INFO - [2023-05-07T22:37:41.079+0000] {dag.py:2690} INFO - Sync 1 DAGs
[2023-05-07T22:37:41.096+0000] {logging_mixin.py:137} INFO - [2023-05-07T22:37:41.096+0000] {dag.py:3437} INFO - Setting next_dagrun for tutorial_taskflow_api to None, run_after=None
[2023-05-07T22:37:41.139+0000] {processor.py:175} INFO - Processing /usr/local/python/3.10.4/lib/python3.10/site-packages/airflow/example_dags/tutorial_taskflow_api.py took 0.102 seconds
[2023-05-07T22:38:15.221+0000] {processor.py:153} INFO - Started process (PID=16820) to work on /usr/local/python/3.10.4/lib/python3.10/site-packages/airflow/example_dags/tutorial_taskflow_api.py
[2023-05-07T22:38:15.221+0000] {processor.py:743} INFO - Processing file /usr/local/python/3.10.4/lib/python3.10/site-packages/airflow/example_dags/tutorial_taskflow_api.py for tasks to queue
[2023-05-07T22:38:15.222+0000] {logging_mixin.py:137} INFO - [2023-05-07T22:38:15.222+0000] {dagbag.py:538} INFO - Filling up the DagBag from /usr/local/python/3.10.4/lib/python3.10/site-packages/airflow/example_dags/tutorial_taskflow_api.py
[2023-05-07T22:38:15.253+0000] {processor.py:753} INFO - DAG(s) dict_keys(['tutorial_taskflow_api']) retrieved from /usr/local/python/3.10.4/lib/python3.10/site-packages/airflow/example_dags/tutorial_taskflow_api.py
[2023-05-07T22:38:15.276+0000] {logging_mixin.py:137} INFO - [2023-05-07T22:38:15.276+0000] {dag.py:2690} INFO - Sync 1 DAGs
[2023-05-07T22:38:15.293+0000] {logging_mixin.py:137} INFO - [2023-05-07T22:38:15.293+0000] {dag.py:3437} INFO - Setting next_dagrun for tutorial_taskflow_api to None, run_after=None
[2023-05-07T22:38:15.343+0000] {processor.py:175} INFO - Processing /usr/local/python/3.10.4/lib/python3.10/site-packages/airflow/example_dags/tutorial_taskflow_api.py took 0.127 seconds
[2023-05-07T22:38:48.505+0000] {processor.py:153} INFO - Started process (PID=17056) to work on /usr/local/python/3.10.4/lib/python3.10/site-packages/airflow/example_dags/tutorial_taskflow_api.py
[2023-05-07T22:38:48.506+0000] {processor.py:743} INFO - Processing file /usr/local/python/3.10.4/lib/python3.10/site-packages/airflow/example_dags/tutorial_taskflow_api.py for tasks to queue
[2023-05-07T22:38:48.506+0000] {logging_mixin.py:137} INFO - [2023-05-07T22:38:48.506+0000] {dagbag.py:538} INFO - Filling up the DagBag from /usr/local/python/3.10.4/lib/python3.10/site-packages/airflow/example_dags/tutorial_taskflow_api.py
[2023-05-07T22:38:48.530+0000] {processor.py:753} INFO - DAG(s) dict_keys(['tutorial_taskflow_api']) retrieved from /usr/local/python/3.10.4/lib/python3.10/site-packages/airflow/example_dags/tutorial_taskflow_api.py
[2023-05-07T22:38:48.547+0000] {logging_mixin.py:137} INFO - [2023-05-07T22:38:48.547+0000] {dag.py:2690} INFO - Sync 1 DAGs
[2023-05-07T22:38:48.565+0000] {logging_mixin.py:137} INFO - [2023-05-07T22:38:48.565+0000] {dag.py:3437} INFO - Setting next_dagrun for tutorial_taskflow_api to None, run_after=None
[2023-05-07T22:38:48.605+0000] {processor.py:175} INFO - Processing /usr/local/python/3.10.4/lib/python3.10/site-packages/airflow/example_dags/tutorial_taskflow_api.py took 0.103 seconds
[2023-05-07T22:39:28.809+0000] {processor.py:153} INFO - Started process (PID=17341) to work on /usr/local/python/3.10.4/lib/python3.10/site-packages/airflow/example_dags/tutorial_taskflow_api.py
[2023-05-07T22:39:28.810+0000] {processor.py:743} INFO - Processing file /usr/local/python/3.10.4/lib/python3.10/site-packages/airflow/example_dags/tutorial_taskflow_api.py for tasks to queue
[2023-05-07T22:39:28.811+0000] {logging_mixin.py:137} INFO - [2023-05-07T22:39:28.810+0000] {dagbag.py:538} INFO - Filling up the DagBag from /usr/local/python/3.10.4/lib/python3.10/site-packages/airflow/example_dags/tutorial_taskflow_api.py
[2023-05-07T22:39:28.848+0000] {processor.py:753} INFO - DAG(s) dict_keys(['tutorial_taskflow_api']) retrieved from /usr/local/python/3.10.4/lib/python3.10/site-packages/airflow/example_dags/tutorial_taskflow_api.py
[2023-05-07T22:39:28.867+0000] {logging_mixin.py:137} INFO - [2023-05-07T22:39:28.867+0000] {dag.py:2690} INFO - Sync 1 DAGs
[2023-05-07T22:39:28.888+0000] {logging_mixin.py:137} INFO - [2023-05-07T22:39:28.888+0000] {dag.py:3437} INFO - Setting next_dagrun for tutorial_taskflow_api to None, run_after=None
[2023-05-07T22:39:28.931+0000] {processor.py:175} INFO - Processing /usr/local/python/3.10.4/lib/python3.10/site-packages/airflow/example_dags/tutorial_taskflow_api.py took 0.125 seconds
[2023-05-07T22:40:02.566+0000] {processor.py:153} INFO - Started process (PID=17614) to work on /usr/local/python/3.10.4/lib/python3.10/site-packages/airflow/example_dags/tutorial_taskflow_api.py
[2023-05-07T22:40:02.567+0000] {processor.py:743} INFO - Processing file /usr/local/python/3.10.4/lib/python3.10/site-packages/airflow/example_dags/tutorial_taskflow_api.py for tasks to queue
[2023-05-07T22:40:02.567+0000] {logging_mixin.py:137} INFO - [2023-05-07T22:40:02.567+0000] {dagbag.py:538} INFO - Filling up the DagBag from /usr/local/python/3.10.4/lib/python3.10/site-packages/airflow/example_dags/tutorial_taskflow_api.py
[2023-05-07T22:40:02.589+0000] {processor.py:753} INFO - DAG(s) dict_keys(['tutorial_taskflow_api']) retrieved from /usr/local/python/3.10.4/lib/python3.10/site-packages/airflow/example_dags/tutorial_taskflow_api.py
[2023-05-07T22:40:02.607+0000] {logging_mixin.py:137} INFO - [2023-05-07T22:40:02.606+0000] {dag.py:2690} INFO - Sync 1 DAGs
[2023-05-07T22:40:02.624+0000] {logging_mixin.py:137} INFO - [2023-05-07T22:40:02.624+0000] {dag.py:3437} INFO - Setting next_dagrun for tutorial_taskflow_api to None, run_after=None
[2023-05-07T22:40:02.664+0000] {processor.py:175} INFO - Processing /usr/local/python/3.10.4/lib/python3.10/site-packages/airflow/example_dags/tutorial_taskflow_api.py took 0.101 seconds
[2023-05-07T22:40:44.247+0000] {processor.py:153} INFO - Started process (PID=17938) to work on /usr/local/python/3.10.4/lib/python3.10/site-packages/airflow/example_dags/tutorial_taskflow_api.py
[2023-05-07T22:40:44.248+0000] {processor.py:743} INFO - Processing file /usr/local/python/3.10.4/lib/python3.10/site-packages/airflow/example_dags/tutorial_taskflow_api.py for tasks to queue
[2023-05-07T22:40:44.249+0000] {logging_mixin.py:137} INFO - [2023-05-07T22:40:44.249+0000] {dagbag.py:538} INFO - Filling up the DagBag from /usr/local/python/3.10.4/lib/python3.10/site-packages/airflow/example_dags/tutorial_taskflow_api.py
[2023-05-07T22:40:44.269+0000] {processor.py:753} INFO - DAG(s) dict_keys(['tutorial_taskflow_api']) retrieved from /usr/local/python/3.10.4/lib/python3.10/site-packages/airflow/example_dags/tutorial_taskflow_api.py
[2023-05-07T22:40:44.286+0000] {logging_mixin.py:137} INFO - [2023-05-07T22:40:44.286+0000] {dag.py:2690} INFO - Sync 1 DAGs
[2023-05-07T22:40:44.302+0000] {logging_mixin.py:137} INFO - [2023-05-07T22:40:44.302+0000] {dag.py:3437} INFO - Setting next_dagrun for tutorial_taskflow_api to None, run_after=None
[2023-05-07T22:40:44.345+0000] {processor.py:175} INFO - Processing /usr/local/python/3.10.4/lib/python3.10/site-packages/airflow/example_dags/tutorial_taskflow_api.py took 0.101 seconds
[2023-05-07T22:41:23.742+0000] {processor.py:153} INFO - Started process (PID=18214) to work on /usr/local/python/3.10.4/lib/python3.10/site-packages/airflow/example_dags/tutorial_taskflow_api.py
[2023-05-07T22:41:23.743+0000] {processor.py:743} INFO - Processing file /usr/local/python/3.10.4/lib/python3.10/site-packages/airflow/example_dags/tutorial_taskflow_api.py for tasks to queue
[2023-05-07T22:41:23.744+0000] {logging_mixin.py:137} INFO - [2023-05-07T22:41:23.743+0000] {dagbag.py:538} INFO - Filling up the DagBag from /usr/local/python/3.10.4/lib/python3.10/site-packages/airflow/example_dags/tutorial_taskflow_api.py
[2023-05-07T22:41:23.764+0000] {processor.py:753} INFO - DAG(s) dict_keys(['tutorial_taskflow_api']) retrieved from /usr/local/python/3.10.4/lib/python3.10/site-packages/airflow/example_dags/tutorial_taskflow_api.py
[2023-05-07T22:41:23.781+0000] {logging_mixin.py:137} INFO - [2023-05-07T22:41:23.781+0000] {dag.py:2690} INFO - Sync 1 DAGs
[2023-05-07T22:41:23.797+0000] {logging_mixin.py:137} INFO - [2023-05-07T22:41:23.797+0000] {dag.py:3437} INFO - Setting next_dagrun for tutorial_taskflow_api to None, run_after=None
[2023-05-07T22:41:23.838+0000] {processor.py:175} INFO - Processing /usr/local/python/3.10.4/lib/python3.10/site-packages/airflow/example_dags/tutorial_taskflow_api.py took 0.099 seconds
[2023-05-07T22:42:04.034+0000] {processor.py:153} INFO - Started process (PID=18519) to work on /usr/local/python/3.10.4/lib/python3.10/site-packages/airflow/example_dags/tutorial_taskflow_api.py
[2023-05-07T22:42:04.034+0000] {processor.py:743} INFO - Processing file /usr/local/python/3.10.4/lib/python3.10/site-packages/airflow/example_dags/tutorial_taskflow_api.py for tasks to queue
[2023-05-07T22:42:04.035+0000] {logging_mixin.py:137} INFO - [2023-05-07T22:42:04.035+0000] {dagbag.py:538} INFO - Filling up the DagBag from /usr/local/python/3.10.4/lib/python3.10/site-packages/airflow/example_dags/tutorial_taskflow_api.py
[2023-05-07T22:42:04.060+0000] {processor.py:753} INFO - DAG(s) dict_keys(['tutorial_taskflow_api']) retrieved from /usr/local/python/3.10.4/lib/python3.10/site-packages/airflow/example_dags/tutorial_taskflow_api.py
[2023-05-07T22:42:04.084+0000] {logging_mixin.py:137} INFO - [2023-05-07T22:42:04.084+0000] {dag.py:2690} INFO - Sync 1 DAGs
[2023-05-07T22:42:04.107+0000] {logging_mixin.py:137} INFO - [2023-05-07T22:42:04.107+0000] {dag.py:3437} INFO - Setting next_dagrun for tutorial_taskflow_api to None, run_after=None
[2023-05-07T22:42:04.152+0000] {processor.py:175} INFO - Processing /usr/local/python/3.10.4/lib/python3.10/site-packages/airflow/example_dags/tutorial_taskflow_api.py took 0.122 seconds
[2023-05-07T22:42:46.185+0000] {processor.py:153} INFO - Started process (PID=18913) to work on /usr/local/python/3.10.4/lib/python3.10/site-packages/airflow/example_dags/tutorial_taskflow_api.py
[2023-05-07T22:42:46.186+0000] {processor.py:743} INFO - Processing file /usr/local/python/3.10.4/lib/python3.10/site-packages/airflow/example_dags/tutorial_taskflow_api.py for tasks to queue
[2023-05-07T22:42:46.187+0000] {logging_mixin.py:137} INFO - [2023-05-07T22:42:46.187+0000] {dagbag.py:538} INFO - Filling up the DagBag from /usr/local/python/3.10.4/lib/python3.10/site-packages/airflow/example_dags/tutorial_taskflow_api.py
[2023-05-07T22:42:46.208+0000] {processor.py:753} INFO - DAG(s) dict_keys(['tutorial_taskflow_api']) retrieved from /usr/local/python/3.10.4/lib/python3.10/site-packages/airflow/example_dags/tutorial_taskflow_api.py
[2023-05-07T22:42:46.224+0000] {logging_mixin.py:137} INFO - [2023-05-07T22:42:46.224+0000] {dag.py:2690} INFO - Sync 1 DAGs
[2023-05-07T22:42:46.240+0000] {logging_mixin.py:137} INFO - [2023-05-07T22:42:46.240+0000] {dag.py:3437} INFO - Setting next_dagrun for tutorial_taskflow_api to None, run_after=None
[2023-05-07T22:42:46.281+0000] {processor.py:175} INFO - Processing /usr/local/python/3.10.4/lib/python3.10/site-packages/airflow/example_dags/tutorial_taskflow_api.py took 0.098 seconds
[2023-05-07T22:43:20.282+0000] {processor.py:153} INFO - Started process (PID=19233) to work on /usr/local/python/3.10.4/lib/python3.10/site-packages/airflow/example_dags/tutorial_taskflow_api.py
[2023-05-07T22:43:20.283+0000] {processor.py:743} INFO - Processing file /usr/local/python/3.10.4/lib/python3.10/site-packages/airflow/example_dags/tutorial_taskflow_api.py for tasks to queue
[2023-05-07T22:43:20.283+0000] {logging_mixin.py:137} INFO - [2023-05-07T22:43:20.283+0000] {dagbag.py:538} INFO - Filling up the DagBag from /usr/local/python/3.10.4/lib/python3.10/site-packages/airflow/example_dags/tutorial_taskflow_api.py
[2023-05-07T22:43:20.305+0000] {processor.py:753} INFO - DAG(s) dict_keys(['tutorial_taskflow_api']) retrieved from /usr/local/python/3.10.4/lib/python3.10/site-packages/airflow/example_dags/tutorial_taskflow_api.py
[2023-05-07T22:43:20.321+0000] {logging_mixin.py:137} INFO - [2023-05-07T22:43:20.321+0000] {dag.py:2690} INFO - Sync 1 DAGs
[2023-05-07T22:43:20.340+0000] {logging_mixin.py:137} INFO - [2023-05-07T22:43:20.339+0000] {dag.py:3437} INFO - Setting next_dagrun for tutorial_taskflow_api to None, run_after=None
[2023-05-07T22:43:20.387+0000] {processor.py:175} INFO - Processing /usr/local/python/3.10.4/lib/python3.10/site-packages/airflow/example_dags/tutorial_taskflow_api.py took 0.108 seconds
[2023-05-07T22:43:51.945+0000] {processor.py:153} INFO - Started process (PID=19614) to work on /usr/local/python/3.10.4/lib/python3.10/site-packages/airflow/example_dags/tutorial_taskflow_api.py
[2023-05-07T22:43:51.945+0000] {processor.py:743} INFO - Processing file /usr/local/python/3.10.4/lib/python3.10/site-packages/airflow/example_dags/tutorial_taskflow_api.py for tasks to queue
[2023-05-07T22:43:51.946+0000] {logging_mixin.py:137} INFO - [2023-05-07T22:43:51.946+0000] {dagbag.py:538} INFO - Filling up the DagBag from /usr/local/python/3.10.4/lib/python3.10/site-packages/airflow/example_dags/tutorial_taskflow_api.py
[2023-05-07T22:43:51.966+0000] {processor.py:753} INFO - DAG(s) dict_keys(['tutorial_taskflow_api']) retrieved from /usr/local/python/3.10.4/lib/python3.10/site-packages/airflow/example_dags/tutorial_taskflow_api.py
[2023-05-07T22:43:51.984+0000] {logging_mixin.py:137} INFO - [2023-05-07T22:43:51.984+0000] {dag.py:2690} INFO - Sync 1 DAGs
[2023-05-07T22:43:52.002+0000] {logging_mixin.py:137} INFO - [2023-05-07T22:43:52.001+0000] {dag.py:3437} INFO - Setting next_dagrun for tutorial_taskflow_api to None, run_after=None
[2023-05-07T22:43:52.043+0000] {processor.py:175} INFO - Processing /usr/local/python/3.10.4/lib/python3.10/site-packages/airflow/example_dags/tutorial_taskflow_api.py took 0.102 seconds
[2023-05-07T22:44:33.794+0000] {processor.py:153} INFO - Started process (PID=20059) to work on /usr/local/python/3.10.4/lib/python3.10/site-packages/airflow/example_dags/tutorial_taskflow_api.py
[2023-05-07T22:44:33.794+0000] {processor.py:743} INFO - Processing file /usr/local/python/3.10.4/lib/python3.10/site-packages/airflow/example_dags/tutorial_taskflow_api.py for tasks to queue
[2023-05-07T22:44:33.795+0000] {logging_mixin.py:137} INFO - [2023-05-07T22:44:33.795+0000] {dagbag.py:538} INFO - Filling up the DagBag from /usr/local/python/3.10.4/lib/python3.10/site-packages/airflow/example_dags/tutorial_taskflow_api.py
[2023-05-07T22:44:33.816+0000] {processor.py:753} INFO - DAG(s) dict_keys(['tutorial_taskflow_api']) retrieved from /usr/local/python/3.10.4/lib/python3.10/site-packages/airflow/example_dags/tutorial_taskflow_api.py
[2023-05-07T22:44:33.832+0000] {logging_mixin.py:137} INFO - [2023-05-07T22:44:33.832+0000] {dag.py:2690} INFO - Sync 1 DAGs
[2023-05-07T22:44:33.849+0000] {logging_mixin.py:137} INFO - [2023-05-07T22:44:33.849+0000] {dag.py:3437} INFO - Setting next_dagrun for tutorial_taskflow_api to None, run_after=None
[2023-05-07T22:44:33.889+0000] {processor.py:175} INFO - Processing /usr/local/python/3.10.4/lib/python3.10/site-packages/airflow/example_dags/tutorial_taskflow_api.py took 0.098 seconds
[2023-05-07T22:45:05.347+0000] {processor.py:153} INFO - Started process (PID=20297) to work on /usr/local/python/3.10.4/lib/python3.10/site-packages/airflow/example_dags/tutorial_taskflow_api.py
[2023-05-07T22:45:05.347+0000] {processor.py:743} INFO - Processing file /usr/local/python/3.10.4/lib/python3.10/site-packages/airflow/example_dags/tutorial_taskflow_api.py for tasks to queue
[2023-05-07T22:45:05.348+0000] {logging_mixin.py:137} INFO - [2023-05-07T22:45:05.348+0000] {dagbag.py:538} INFO - Filling up the DagBag from /usr/local/python/3.10.4/lib/python3.10/site-packages/airflow/example_dags/tutorial_taskflow_api.py
[2023-05-07T22:45:05.369+0000] {processor.py:753} INFO - DAG(s) dict_keys(['tutorial_taskflow_api']) retrieved from /usr/local/python/3.10.4/lib/python3.10/site-packages/airflow/example_dags/tutorial_taskflow_api.py
[2023-05-07T22:45:05.386+0000] {logging_mixin.py:137} INFO - [2023-05-07T22:45:05.386+0000] {dag.py:2690} INFO - Sync 1 DAGs
[2023-05-07T22:45:05.404+0000] {logging_mixin.py:137} INFO - [2023-05-07T22:45:05.403+0000] {dag.py:3437} INFO - Setting next_dagrun for tutorial_taskflow_api to None, run_after=None
[2023-05-07T22:45:05.443+0000] {processor.py:175} INFO - Processing /usr/local/python/3.10.4/lib/python3.10/site-packages/airflow/example_dags/tutorial_taskflow_api.py took 0.099 seconds
[2023-05-07T22:45:40.527+0000] {processor.py:153} INFO - Started process (PID=20659) to work on /usr/local/python/3.10.4/lib/python3.10/site-packages/airflow/example_dags/tutorial_taskflow_api.py
[2023-05-07T22:45:40.528+0000] {processor.py:743} INFO - Processing file /usr/local/python/3.10.4/lib/python3.10/site-packages/airflow/example_dags/tutorial_taskflow_api.py for tasks to queue
[2023-05-07T22:45:40.528+0000] {logging_mixin.py:137} INFO - [2023-05-07T22:45:40.528+0000] {dagbag.py:538} INFO - Filling up the DagBag from /usr/local/python/3.10.4/lib/python3.10/site-packages/airflow/example_dags/tutorial_taskflow_api.py
[2023-05-07T22:45:40.551+0000] {processor.py:753} INFO - DAG(s) dict_keys(['tutorial_taskflow_api']) retrieved from /usr/local/python/3.10.4/lib/python3.10/site-packages/airflow/example_dags/tutorial_taskflow_api.py
[2023-05-07T22:45:40.567+0000] {logging_mixin.py:137} INFO - [2023-05-07T22:45:40.567+0000] {dag.py:2690} INFO - Sync 1 DAGs
[2023-05-07T22:45:40.584+0000] {logging_mixin.py:137} INFO - [2023-05-07T22:45:40.584+0000] {dag.py:3437} INFO - Setting next_dagrun for tutorial_taskflow_api to None, run_after=None
[2023-05-07T22:45:40.630+0000] {processor.py:175} INFO - Processing /usr/local/python/3.10.4/lib/python3.10/site-packages/airflow/example_dags/tutorial_taskflow_api.py took 0.106 seconds
[2023-05-07T22:46:15.741+0000] {processor.py:153} INFO - Started process (PID=20974) to work on /usr/local/python/3.10.4/lib/python3.10/site-packages/airflow/example_dags/tutorial_taskflow_api.py
[2023-05-07T22:46:15.742+0000] {processor.py:743} INFO - Processing file /usr/local/python/3.10.4/lib/python3.10/site-packages/airflow/example_dags/tutorial_taskflow_api.py for tasks to queue
[2023-05-07T22:46:15.742+0000] {logging_mixin.py:137} INFO - [2023-05-07T22:46:15.742+0000] {dagbag.py:538} INFO - Filling up the DagBag from /usr/local/python/3.10.4/lib/python3.10/site-packages/airflow/example_dags/tutorial_taskflow_api.py
[2023-05-07T22:46:15.763+0000] {processor.py:753} INFO - DAG(s) dict_keys(['tutorial_taskflow_api']) retrieved from /usr/local/python/3.10.4/lib/python3.10/site-packages/airflow/example_dags/tutorial_taskflow_api.py
[2023-05-07T22:46:15.785+0000] {logging_mixin.py:137} INFO - [2023-05-07T22:46:15.785+0000] {dag.py:2690} INFO - Sync 1 DAGs
[2023-05-07T22:46:15.803+0000] {logging_mixin.py:137} INFO - [2023-05-07T22:46:15.803+0000] {dag.py:3437} INFO - Setting next_dagrun for tutorial_taskflow_api to None, run_after=None
[2023-05-07T22:46:15.842+0000] {processor.py:175} INFO - Processing /usr/local/python/3.10.4/lib/python3.10/site-packages/airflow/example_dags/tutorial_taskflow_api.py took 0.104 seconds
[2023-05-07T22:46:57.323+0000] {processor.py:153} INFO - Started process (PID=21424) to work on /usr/local/python/3.10.4/lib/python3.10/site-packages/airflow/example_dags/tutorial_taskflow_api.py
[2023-05-07T22:46:57.324+0000] {processor.py:743} INFO - Processing file /usr/local/python/3.10.4/lib/python3.10/site-packages/airflow/example_dags/tutorial_taskflow_api.py for tasks to queue
[2023-05-07T22:46:57.324+0000] {logging_mixin.py:137} INFO - [2023-05-07T22:46:57.324+0000] {dagbag.py:538} INFO - Filling up the DagBag from /usr/local/python/3.10.4/lib/python3.10/site-packages/airflow/example_dags/tutorial_taskflow_api.py
[2023-05-07T22:46:57.345+0000] {processor.py:753} INFO - DAG(s) dict_keys(['tutorial_taskflow_api']) retrieved from /usr/local/python/3.10.4/lib/python3.10/site-packages/airflow/example_dags/tutorial_taskflow_api.py
[2023-05-07T22:46:57.361+0000] {logging_mixin.py:137} INFO - [2023-05-07T22:46:57.361+0000] {dag.py:2690} INFO - Sync 1 DAGs
[2023-05-07T22:46:57.377+0000] {logging_mixin.py:137} INFO - [2023-05-07T22:46:57.377+0000] {dag.py:3437} INFO - Setting next_dagrun for tutorial_taskflow_api to None, run_after=None
[2023-05-07T22:46:57.422+0000] {processor.py:175} INFO - Processing /usr/local/python/3.10.4/lib/python3.10/site-packages/airflow/example_dags/tutorial_taskflow_api.py took 0.102 seconds
[2023-05-07T22:47:30.396+0000] {processor.py:153} INFO - Started process (PID=21653) to work on /usr/local/python/3.10.4/lib/python3.10/site-packages/airflow/example_dags/tutorial_taskflow_api.py
[2023-05-07T22:47:30.397+0000] {processor.py:743} INFO - Processing file /usr/local/python/3.10.4/lib/python3.10/site-packages/airflow/example_dags/tutorial_taskflow_api.py for tasks to queue
[2023-05-07T22:47:30.400+0000] {logging_mixin.py:137} INFO - [2023-05-07T22:47:30.399+0000] {dagbag.py:538} INFO - Filling up the DagBag from /usr/local/python/3.10.4/lib/python3.10/site-packages/airflow/example_dags/tutorial_taskflow_api.py
[2023-05-07T22:47:30.431+0000] {processor.py:753} INFO - DAG(s) dict_keys(['tutorial_taskflow_api']) retrieved from /usr/local/python/3.10.4/lib/python3.10/site-packages/airflow/example_dags/tutorial_taskflow_api.py
[2023-05-07T22:47:30.461+0000] {logging_mixin.py:137} INFO - [2023-05-07T22:47:30.461+0000] {dag.py:2690} INFO - Sync 1 DAGs
[2023-05-07T22:47:30.478+0000] {logging_mixin.py:137} INFO - [2023-05-07T22:47:30.478+0000] {dag.py:3437} INFO - Setting next_dagrun for tutorial_taskflow_api to None, run_after=None
[2023-05-07T22:47:30.527+0000] {processor.py:175} INFO - Processing /usr/local/python/3.10.4/lib/python3.10/site-packages/airflow/example_dags/tutorial_taskflow_api.py took 0.138 seconds
[2023-05-07T22:48:09.767+0000] {processor.py:153} INFO - Started process (PID=21974) to work on /usr/local/python/3.10.4/lib/python3.10/site-packages/airflow/example_dags/tutorial_taskflow_api.py
[2023-05-07T22:48:09.768+0000] {processor.py:743} INFO - Processing file /usr/local/python/3.10.4/lib/python3.10/site-packages/airflow/example_dags/tutorial_taskflow_api.py for tasks to queue
[2023-05-07T22:48:09.768+0000] {logging_mixin.py:137} INFO - [2023-05-07T22:48:09.768+0000] {dagbag.py:538} INFO - Filling up the DagBag from /usr/local/python/3.10.4/lib/python3.10/site-packages/airflow/example_dags/tutorial_taskflow_api.py
[2023-05-07T22:48:09.790+0000] {processor.py:753} INFO - DAG(s) dict_keys(['tutorial_taskflow_api']) retrieved from /usr/local/python/3.10.4/lib/python3.10/site-packages/airflow/example_dags/tutorial_taskflow_api.py
[2023-05-07T22:48:09.807+0000] {logging_mixin.py:137} INFO - [2023-05-07T22:48:09.807+0000] {dag.py:2690} INFO - Sync 1 DAGs
[2023-05-07T22:48:09.825+0000] {logging_mixin.py:137} INFO - [2023-05-07T22:48:09.825+0000] {dag.py:3437} INFO - Setting next_dagrun for tutorial_taskflow_api to None, run_after=None
[2023-05-07T22:48:09.867+0000] {processor.py:175} INFO - Processing /usr/local/python/3.10.4/lib/python3.10/site-packages/airflow/example_dags/tutorial_taskflow_api.py took 0.103 seconds
[2023-05-07T22:48:44.727+0000] {processor.py:153} INFO - Started process (PID=22328) to work on /usr/local/python/3.10.4/lib/python3.10/site-packages/airflow/example_dags/tutorial_taskflow_api.py
[2023-05-07T22:48:44.728+0000] {processor.py:743} INFO - Processing file /usr/local/python/3.10.4/lib/python3.10/site-packages/airflow/example_dags/tutorial_taskflow_api.py for tasks to queue
[2023-05-07T22:48:44.729+0000] {logging_mixin.py:137} INFO - [2023-05-07T22:48:44.729+0000] {dagbag.py:538} INFO - Filling up the DagBag from /usr/local/python/3.10.4/lib/python3.10/site-packages/airflow/example_dags/tutorial_taskflow_api.py
[2023-05-07T22:48:44.750+0000] {processor.py:753} INFO - DAG(s) dict_keys(['tutorial_taskflow_api']) retrieved from /usr/local/python/3.10.4/lib/python3.10/site-packages/airflow/example_dags/tutorial_taskflow_api.py
[2023-05-07T22:48:44.768+0000] {logging_mixin.py:137} INFO - [2023-05-07T22:48:44.767+0000] {dag.py:2690} INFO - Sync 1 DAGs
[2023-05-07T22:48:44.785+0000] {logging_mixin.py:137} INFO - [2023-05-07T22:48:44.785+0000] {dag.py:3437} INFO - Setting next_dagrun for tutorial_taskflow_api to None, run_after=None
[2023-05-07T22:48:44.827+0000] {processor.py:175} INFO - Processing /usr/local/python/3.10.4/lib/python3.10/site-packages/airflow/example_dags/tutorial_taskflow_api.py took 0.102 seconds
[2023-05-07T22:49:18.485+0000] {processor.py:153} INFO - Started process (PID=22681) to work on /usr/local/python/3.10.4/lib/python3.10/site-packages/airflow/example_dags/tutorial_taskflow_api.py
[2023-05-07T22:49:18.486+0000] {processor.py:743} INFO - Processing file /usr/local/python/3.10.4/lib/python3.10/site-packages/airflow/example_dags/tutorial_taskflow_api.py for tasks to queue
[2023-05-07T22:49:18.486+0000] {logging_mixin.py:137} INFO - [2023-05-07T22:49:18.486+0000] {dagbag.py:538} INFO - Filling up the DagBag from /usr/local/python/3.10.4/lib/python3.10/site-packages/airflow/example_dags/tutorial_taskflow_api.py
[2023-05-07T22:49:18.507+0000] {processor.py:753} INFO - DAG(s) dict_keys(['tutorial_taskflow_api']) retrieved from /usr/local/python/3.10.4/lib/python3.10/site-packages/airflow/example_dags/tutorial_taskflow_api.py
[2023-05-07T22:49:18.525+0000] {logging_mixin.py:137} INFO - [2023-05-07T22:49:18.524+0000] {dag.py:2690} INFO - Sync 1 DAGs
[2023-05-07T22:49:18.541+0000] {logging_mixin.py:137} INFO - [2023-05-07T22:49:18.541+0000] {dag.py:3437} INFO - Setting next_dagrun for tutorial_taskflow_api to None, run_after=None
[2023-05-07T22:49:18.585+0000] {processor.py:175} INFO - Processing /usr/local/python/3.10.4/lib/python3.10/site-packages/airflow/example_dags/tutorial_taskflow_api.py took 0.104 seconds
[2023-05-07T22:49:50.036+0000] {processor.py:153} INFO - Started process (PID=22967) to work on /usr/local/python/3.10.4/lib/python3.10/site-packages/airflow/example_dags/tutorial_taskflow_api.py
[2023-05-07T22:49:50.037+0000] {processor.py:743} INFO - Processing file /usr/local/python/3.10.4/lib/python3.10/site-packages/airflow/example_dags/tutorial_taskflow_api.py for tasks to queue
[2023-05-07T22:49:50.037+0000] {logging_mixin.py:137} INFO - [2023-05-07T22:49:50.037+0000] {dagbag.py:538} INFO - Filling up the DagBag from /usr/local/python/3.10.4/lib/python3.10/site-packages/airflow/example_dags/tutorial_taskflow_api.py
[2023-05-07T22:49:50.058+0000] {processor.py:753} INFO - DAG(s) dict_keys(['tutorial_taskflow_api']) retrieved from /usr/local/python/3.10.4/lib/python3.10/site-packages/airflow/example_dags/tutorial_taskflow_api.py
[2023-05-07T22:49:50.076+0000] {logging_mixin.py:137} INFO - [2023-05-07T22:49:50.076+0000] {dag.py:2690} INFO - Sync 1 DAGs
[2023-05-07T22:49:50.096+0000] {logging_mixin.py:137} INFO - [2023-05-07T22:49:50.096+0000] {dag.py:3437} INFO - Setting next_dagrun for tutorial_taskflow_api to None, run_after=None
[2023-05-07T22:49:50.141+0000] {processor.py:175} INFO - Processing /usr/local/python/3.10.4/lib/python3.10/site-packages/airflow/example_dags/tutorial_taskflow_api.py took 0.108 seconds
[2023-05-07T22:50:23.949+0000] {processor.py:153} INFO - Started process (PID=23223) to work on /usr/local/python/3.10.4/lib/python3.10/site-packages/airflow/example_dags/tutorial_taskflow_api.py
[2023-05-07T22:50:23.950+0000] {processor.py:743} INFO - Processing file /usr/local/python/3.10.4/lib/python3.10/site-packages/airflow/example_dags/tutorial_taskflow_api.py for tasks to queue
[2023-05-07T22:50:23.952+0000] {logging_mixin.py:137} INFO - [2023-05-07T22:50:23.952+0000] {dagbag.py:538} INFO - Filling up the DagBag from /usr/local/python/3.10.4/lib/python3.10/site-packages/airflow/example_dags/tutorial_taskflow_api.py
[2023-05-07T22:50:23.972+0000] {processor.py:753} INFO - DAG(s) dict_keys(['tutorial_taskflow_api']) retrieved from /usr/local/python/3.10.4/lib/python3.10/site-packages/airflow/example_dags/tutorial_taskflow_api.py
[2023-05-07T22:50:23.992+0000] {logging_mixin.py:137} INFO - [2023-05-07T22:50:23.992+0000] {dag.py:2690} INFO - Sync 1 DAGs
[2023-05-07T22:50:24.017+0000] {logging_mixin.py:137} INFO - [2023-05-07T22:50:24.017+0000] {dag.py:3437} INFO - Setting next_dagrun for tutorial_taskflow_api to None, run_after=None
[2023-05-07T22:50:24.068+0000] {processor.py:175} INFO - Processing /usr/local/python/3.10.4/lib/python3.10/site-packages/airflow/example_dags/tutorial_taskflow_api.py took 0.121 seconds
[2023-05-07T22:50:56.702+0000] {processor.py:153} INFO - Started process (PID=23495) to work on /usr/local/python/3.10.4/lib/python3.10/site-packages/airflow/example_dags/tutorial_taskflow_api.py
[2023-05-07T22:50:56.702+0000] {processor.py:743} INFO - Processing file /usr/local/python/3.10.4/lib/python3.10/site-packages/airflow/example_dags/tutorial_taskflow_api.py for tasks to queue
[2023-05-07T22:50:56.703+0000] {logging_mixin.py:137} INFO - [2023-05-07T22:50:56.703+0000] {dagbag.py:538} INFO - Filling up the DagBag from /usr/local/python/3.10.4/lib/python3.10/site-packages/airflow/example_dags/tutorial_taskflow_api.py
[2023-05-07T22:50:56.724+0000] {processor.py:753} INFO - DAG(s) dict_keys(['tutorial_taskflow_api']) retrieved from /usr/local/python/3.10.4/lib/python3.10/site-packages/airflow/example_dags/tutorial_taskflow_api.py
[2023-05-07T22:50:56.740+0000] {logging_mixin.py:137} INFO - [2023-05-07T22:50:56.740+0000] {dag.py:2690} INFO - Sync 1 DAGs
[2023-05-07T22:50:56.756+0000] {logging_mixin.py:137} INFO - [2023-05-07T22:50:56.756+0000] {dag.py:3437} INFO - Setting next_dagrun for tutorial_taskflow_api to None, run_after=None
[2023-05-07T22:50:56.796+0000] {processor.py:175} INFO - Processing /usr/local/python/3.10.4/lib/python3.10/site-packages/airflow/example_dags/tutorial_taskflow_api.py took 0.098 seconds
[2023-05-07T22:51:29.829+0000] {processor.py:153} INFO - Started process (PID=23794) to work on /usr/local/python/3.10.4/lib/python3.10/site-packages/airflow/example_dags/tutorial_taskflow_api.py
[2023-05-07T22:51:29.830+0000] {processor.py:743} INFO - Processing file /usr/local/python/3.10.4/lib/python3.10/site-packages/airflow/example_dags/tutorial_taskflow_api.py for tasks to queue
[2023-05-07T22:51:29.831+0000] {logging_mixin.py:137} INFO - [2023-05-07T22:51:29.830+0000] {dagbag.py:538} INFO - Filling up the DagBag from /usr/local/python/3.10.4/lib/python3.10/site-packages/airflow/example_dags/tutorial_taskflow_api.py
[2023-05-07T22:51:29.855+0000] {processor.py:753} INFO - DAG(s) dict_keys(['tutorial_taskflow_api']) retrieved from /usr/local/python/3.10.4/lib/python3.10/site-packages/airflow/example_dags/tutorial_taskflow_api.py
[2023-05-07T22:51:29.873+0000] {logging_mixin.py:137} INFO - [2023-05-07T22:51:29.872+0000] {dag.py:2690} INFO - Sync 1 DAGs
[2023-05-07T22:51:29.889+0000] {logging_mixin.py:137} INFO - [2023-05-07T22:51:29.888+0000] {dag.py:3437} INFO - Setting next_dagrun for tutorial_taskflow_api to None, run_after=None
[2023-05-07T22:51:29.929+0000] {processor.py:175} INFO - Processing /usr/local/python/3.10.4/lib/python3.10/site-packages/airflow/example_dags/tutorial_taskflow_api.py took 0.103 seconds
[2023-05-07T22:52:11.391+0000] {processor.py:153} INFO - Started process (PID=23994) to work on /usr/local/python/3.10.4/lib/python3.10/site-packages/airflow/example_dags/tutorial_taskflow_api.py
[2023-05-07T22:52:11.391+0000] {processor.py:743} INFO - Processing file /usr/local/python/3.10.4/lib/python3.10/site-packages/airflow/example_dags/tutorial_taskflow_api.py for tasks to queue
[2023-05-07T22:52:11.392+0000] {logging_mixin.py:137} INFO - [2023-05-07T22:52:11.392+0000] {dagbag.py:538} INFO - Filling up the DagBag from /usr/local/python/3.10.4/lib/python3.10/site-packages/airflow/example_dags/tutorial_taskflow_api.py
[2023-05-07T22:52:11.413+0000] {processor.py:753} INFO - DAG(s) dict_keys(['tutorial_taskflow_api']) retrieved from /usr/local/python/3.10.4/lib/python3.10/site-packages/airflow/example_dags/tutorial_taskflow_api.py
[2023-05-07T22:52:11.429+0000] {logging_mixin.py:137} INFO - [2023-05-07T22:52:11.429+0000] {dag.py:2690} INFO - Sync 1 DAGs
[2023-05-07T22:52:11.446+0000] {logging_mixin.py:137} INFO - [2023-05-07T22:52:11.446+0000] {dag.py:3437} INFO - Setting next_dagrun for tutorial_taskflow_api to None, run_after=None
[2023-05-07T22:52:11.488+0000] {processor.py:175} INFO - Processing /usr/local/python/3.10.4/lib/python3.10/site-packages/airflow/example_dags/tutorial_taskflow_api.py took 0.101 seconds
[2023-05-07T22:52:43.535+0000] {processor.py:153} INFO - Started process (PID=24100) to work on /usr/local/python/3.10.4/lib/python3.10/site-packages/airflow/example_dags/tutorial_taskflow_api.py
[2023-05-07T22:52:43.536+0000] {processor.py:743} INFO - Processing file /usr/local/python/3.10.4/lib/python3.10/site-packages/airflow/example_dags/tutorial_taskflow_api.py for tasks to queue
[2023-05-07T22:52:43.537+0000] {logging_mixin.py:137} INFO - [2023-05-07T22:52:43.536+0000] {dagbag.py:538} INFO - Filling up the DagBag from /usr/local/python/3.10.4/lib/python3.10/site-packages/airflow/example_dags/tutorial_taskflow_api.py
[2023-05-07T22:52:43.557+0000] {processor.py:753} INFO - DAG(s) dict_keys(['tutorial_taskflow_api']) retrieved from /usr/local/python/3.10.4/lib/python3.10/site-packages/airflow/example_dags/tutorial_taskflow_api.py
[2023-05-07T22:52:43.574+0000] {logging_mixin.py:137} INFO - [2023-05-07T22:52:43.574+0000] {dag.py:2690} INFO - Sync 1 DAGs
[2023-05-07T22:52:43.591+0000] {logging_mixin.py:137} INFO - [2023-05-07T22:52:43.591+0000] {dag.py:3437} INFO - Setting next_dagrun for tutorial_taskflow_api to None, run_after=None
[2023-05-07T22:52:43.630+0000] {processor.py:175} INFO - Processing /usr/local/python/3.10.4/lib/python3.10/site-packages/airflow/example_dags/tutorial_taskflow_api.py took 0.097 seconds
[2023-05-07T22:53:24.553+0000] {processor.py:153} INFO - Started process (PID=25147) to work on /usr/local/python/3.10.4/lib/python3.10/site-packages/airflow/example_dags/tutorial_taskflow_api.py
[2023-05-07T22:53:24.554+0000] {processor.py:743} INFO - Processing file /usr/local/python/3.10.4/lib/python3.10/site-packages/airflow/example_dags/tutorial_taskflow_api.py for tasks to queue
[2023-05-07T22:53:24.554+0000] {logging_mixin.py:137} INFO - [2023-05-07T22:53:24.554+0000] {dagbag.py:538} INFO - Filling up the DagBag from /usr/local/python/3.10.4/lib/python3.10/site-packages/airflow/example_dags/tutorial_taskflow_api.py
[2023-05-07T22:53:24.582+0000] {processor.py:753} INFO - DAG(s) dict_keys(['tutorial_taskflow_api']) retrieved from /usr/local/python/3.10.4/lib/python3.10/site-packages/airflow/example_dags/tutorial_taskflow_api.py
[2023-05-07T22:53:24.599+0000] {logging_mixin.py:137} INFO - [2023-05-07T22:53:24.599+0000] {dag.py:2690} INFO - Sync 1 DAGs
[2023-05-07T22:53:24.616+0000] {logging_mixin.py:137} INFO - [2023-05-07T22:53:24.616+0000] {dag.py:3437} INFO - Setting next_dagrun for tutorial_taskflow_api to None, run_after=None
[2023-05-07T22:53:24.655+0000] {processor.py:175} INFO - Processing /usr/local/python/3.10.4/lib/python3.10/site-packages/airflow/example_dags/tutorial_taskflow_api.py took 0.106 seconds
