[2023-05-07T22:21:59.831+0000] {processor.py:153} INFO - Started process (PID=9748) to work on /usr/local/python/3.10.4/lib/python3.10/site-packages/airflow/example_dags/tutorial.py
[2023-05-07T22:21:59.832+0000] {processor.py:743} INFO - Processing file /usr/local/python/3.10.4/lib/python3.10/site-packages/airflow/example_dags/tutorial.py for tasks to queue
[2023-05-07T22:21:59.833+0000] {logging_mixin.py:137} INFO - [2023-05-07T22:21:59.833+0000] {dagbag.py:538} INFO - Filling up the DagBag from /usr/local/python/3.10.4/lib/python3.10/site-packages/airflow/example_dags/tutorial.py
[2023-05-07T22:21:59.852+0000] {processor.py:753} INFO - DAG(s) dict_keys(['tutorial']) retrieved from /usr/local/python/3.10.4/lib/python3.10/site-packages/airflow/example_dags/tutorial.py
[2023-05-07T22:22:00.049+0000] {logging_mixin.py:137} INFO - [2023-05-07T22:22:00.049+0000] {manager.py:504} INFO - Created Permission View: can edit on DAG:tutorial
[2023-05-07T22:22:00.083+0000] {logging_mixin.py:137} INFO - [2023-05-07T22:22:00.083+0000] {manager.py:504} INFO - Created Permission View: can delete on DAG:tutorial
[2023-05-07T22:22:00.115+0000] {logging_mixin.py:137} INFO - [2023-05-07T22:22:00.115+0000] {manager.py:504} INFO - Created Permission View: can read on DAG:tutorial
[2023-05-07T22:22:00.116+0000] {logging_mixin.py:137} INFO - [2023-05-07T22:22:00.116+0000] {dag.py:2690} INFO - Sync 1 DAGs
[2023-05-07T22:22:00.129+0000] {logging_mixin.py:137} INFO - [2023-05-07T22:22:00.129+0000] {dag.py:2711} INFO - Creating ORM DAG for tutorial
[2023-05-07T22:22:00.141+0000] {logging_mixin.py:137} INFO - [2023-05-07T22:22:00.141+0000] {dag.py:3437} INFO - Setting next_dagrun for tutorial to 2023-05-06T22:22:00.141420+00:00, run_after=2023-05-07T22:22:00.141420+00:00
[2023-05-07T22:22:00.196+0000] {processor.py:175} INFO - Processing /usr/local/python/3.10.4/lib/python3.10/site-packages/airflow/example_dags/tutorial.py took 0.369 seconds
[2023-05-07T22:22:47.174+0000] {processor.py:153} INFO - Started process (PID=10099) to work on /usr/local/python/3.10.4/lib/python3.10/site-packages/airflow/example_dags/tutorial.py
[2023-05-07T22:22:47.175+0000] {processor.py:743} INFO - Processing file /usr/local/python/3.10.4/lib/python3.10/site-packages/airflow/example_dags/tutorial.py for tasks to queue
[2023-05-07T22:22:47.176+0000] {logging_mixin.py:137} INFO - [2023-05-07T22:22:47.175+0000] {dagbag.py:538} INFO - Filling up the DagBag from /usr/local/python/3.10.4/lib/python3.10/site-packages/airflow/example_dags/tutorial.py
[2023-05-07T22:22:47.189+0000] {processor.py:753} INFO - DAG(s) dict_keys(['tutorial']) retrieved from /usr/local/python/3.10.4/lib/python3.10/site-packages/airflow/example_dags/tutorial.py
[2023-05-07T22:22:47.208+0000] {logging_mixin.py:137} INFO - [2023-05-07T22:22:47.208+0000] {dag.py:2690} INFO - Sync 1 DAGs
[2023-05-07T22:22:47.229+0000] {logging_mixin.py:137} INFO - [2023-05-07T22:22:47.229+0000] {dag.py:3437} INFO - Setting next_dagrun for tutorial to 2023-05-06T22:22:47.228857+00:00, run_after=2023-05-07T22:22:47.228857+00:00
[2023-05-07T22:22:47.270+0000] {processor.py:175} INFO - Processing /usr/local/python/3.10.4/lib/python3.10/site-packages/airflow/example_dags/tutorial.py took 0.099 seconds
[2023-05-07T22:23:26.467+0000] {processor.py:153} INFO - Started process (PID=10359) to work on /usr/local/python/3.10.4/lib/python3.10/site-packages/airflow/example_dags/tutorial.py
[2023-05-07T22:23:26.468+0000] {processor.py:743} INFO - Processing file /usr/local/python/3.10.4/lib/python3.10/site-packages/airflow/example_dags/tutorial.py for tasks to queue
[2023-05-07T22:23:26.469+0000] {logging_mixin.py:137} INFO - [2023-05-07T22:23:26.469+0000] {dagbag.py:538} INFO - Filling up the DagBag from /usr/local/python/3.10.4/lib/python3.10/site-packages/airflow/example_dags/tutorial.py
[2023-05-07T22:23:26.482+0000] {processor.py:753} INFO - DAG(s) dict_keys(['tutorial']) retrieved from /usr/local/python/3.10.4/lib/python3.10/site-packages/airflow/example_dags/tutorial.py
[2023-05-07T22:23:26.499+0000] {logging_mixin.py:137} INFO - [2023-05-07T22:23:26.498+0000] {dag.py:2690} INFO - Sync 1 DAGs
[2023-05-07T22:23:26.515+0000] {logging_mixin.py:137} INFO - [2023-05-07T22:23:26.515+0000] {dag.py:3437} INFO - Setting next_dagrun for tutorial to 2023-05-06T22:23:26.515476+00:00, run_after=2023-05-07T22:23:26.515476+00:00
[2023-05-07T22:23:26.558+0000] {processor.py:175} INFO - Processing /usr/local/python/3.10.4/lib/python3.10/site-packages/airflow/example_dags/tutorial.py took 0.094 seconds
[2023-05-07T22:23:59.655+0000] {processor.py:153} INFO - Started process (PID=10715) to work on /usr/local/python/3.10.4/lib/python3.10/site-packages/airflow/example_dags/tutorial.py
[2023-05-07T22:23:59.656+0000] {processor.py:743} INFO - Processing file /usr/local/python/3.10.4/lib/python3.10/site-packages/airflow/example_dags/tutorial.py for tasks to queue
[2023-05-07T22:23:59.656+0000] {logging_mixin.py:137} INFO - [2023-05-07T22:23:59.656+0000] {dagbag.py:538} INFO - Filling up the DagBag from /usr/local/python/3.10.4/lib/python3.10/site-packages/airflow/example_dags/tutorial.py
[2023-05-07T22:23:59.670+0000] {processor.py:753} INFO - DAG(s) dict_keys(['tutorial']) retrieved from /usr/local/python/3.10.4/lib/python3.10/site-packages/airflow/example_dags/tutorial.py
[2023-05-07T22:23:59.689+0000] {logging_mixin.py:137} INFO - [2023-05-07T22:23:59.689+0000] {dag.py:2690} INFO - Sync 1 DAGs
[2023-05-07T22:23:59.706+0000] {logging_mixin.py:137} INFO - [2023-05-07T22:23:59.706+0000] {dag.py:3437} INFO - Setting next_dagrun for tutorial to 2023-05-06T22:23:59.706284+00:00, run_after=2023-05-07T22:23:59.706284+00:00
[2023-05-07T22:23:59.751+0000] {processor.py:175} INFO - Processing /usr/local/python/3.10.4/lib/python3.10/site-packages/airflow/example_dags/tutorial.py took 0.100 seconds
[2023-05-07T22:24:44.718+0000] {processor.py:153} INFO - Started process (PID=11080) to work on /usr/local/python/3.10.4/lib/python3.10/site-packages/airflow/example_dags/tutorial.py
[2023-05-07T22:24:44.739+0000] {processor.py:743} INFO - Processing file /usr/local/python/3.10.4/lib/python3.10/site-packages/airflow/example_dags/tutorial.py for tasks to queue
[2023-05-07T22:24:44.740+0000] {logging_mixin.py:137} INFO - [2023-05-07T22:24:44.740+0000] {dagbag.py:538} INFO - Filling up the DagBag from /usr/local/python/3.10.4/lib/python3.10/site-packages/airflow/example_dags/tutorial.py
[2023-05-07T22:24:44.850+0000] {processor.py:753} INFO - DAG(s) dict_keys(['tutorial']) retrieved from /usr/local/python/3.10.4/lib/python3.10/site-packages/airflow/example_dags/tutorial.py
[2023-05-07T22:24:44.910+0000] {logging_mixin.py:137} INFO - [2023-05-07T22:24:44.910+0000] {dag.py:2690} INFO - Sync 1 DAGs
[2023-05-07T22:24:44.974+0000] {logging_mixin.py:137} INFO - [2023-05-07T22:24:44.970+0000] {dag.py:3437} INFO - Setting next_dagrun for tutorial to 2023-05-06T22:24:44.970377+00:00, run_after=2023-05-07T22:24:44.970377+00:00
[2023-05-07T22:24:45.075+0000] {processor.py:175} INFO - Processing /usr/local/python/3.10.4/lib/python3.10/site-packages/airflow/example_dags/tutorial.py took 0.361 seconds
[2023-05-07T22:25:16.626+0000] {processor.py:153} INFO - Started process (PID=11307) to work on /usr/local/python/3.10.4/lib/python3.10/site-packages/airflow/example_dags/tutorial.py
[2023-05-07T22:25:16.627+0000] {processor.py:743} INFO - Processing file /usr/local/python/3.10.4/lib/python3.10/site-packages/airflow/example_dags/tutorial.py for tasks to queue
[2023-05-07T22:25:16.628+0000] {logging_mixin.py:137} INFO - [2023-05-07T22:25:16.628+0000] {dagbag.py:538} INFO - Filling up the DagBag from /usr/local/python/3.10.4/lib/python3.10/site-packages/airflow/example_dags/tutorial.py
[2023-05-07T22:25:16.641+0000] {processor.py:753} INFO - DAG(s) dict_keys(['tutorial']) retrieved from /usr/local/python/3.10.4/lib/python3.10/site-packages/airflow/example_dags/tutorial.py
[2023-05-07T22:25:16.658+0000] {logging_mixin.py:137} INFO - [2023-05-07T22:25:16.658+0000] {dag.py:2690} INFO - Sync 1 DAGs
[2023-05-07T22:25:16.675+0000] {logging_mixin.py:137} INFO - [2023-05-07T22:25:16.675+0000] {dag.py:3437} INFO - Setting next_dagrun for tutorial to 2023-05-06T22:25:16.674983+00:00, run_after=2023-05-07T22:25:16.674983+00:00
[2023-05-07T22:25:16.716+0000] {processor.py:175} INFO - Processing /usr/local/python/3.10.4/lib/python3.10/site-packages/airflow/example_dags/tutorial.py took 0.093 seconds
[2023-05-07T22:25:49.374+0000] {processor.py:153} INFO - Started process (PID=11545) to work on /usr/local/python/3.10.4/lib/python3.10/site-packages/airflow/example_dags/tutorial.py
[2023-05-07T22:25:49.375+0000] {processor.py:743} INFO - Processing file /usr/local/python/3.10.4/lib/python3.10/site-packages/airflow/example_dags/tutorial.py for tasks to queue
[2023-05-07T22:25:49.375+0000] {logging_mixin.py:137} INFO - [2023-05-07T22:25:49.375+0000] {dagbag.py:538} INFO - Filling up the DagBag from /usr/local/python/3.10.4/lib/python3.10/site-packages/airflow/example_dags/tutorial.py
[2023-05-07T22:25:49.389+0000] {processor.py:753} INFO - DAG(s) dict_keys(['tutorial']) retrieved from /usr/local/python/3.10.4/lib/python3.10/site-packages/airflow/example_dags/tutorial.py
[2023-05-07T22:25:49.406+0000] {logging_mixin.py:137} INFO - [2023-05-07T22:25:49.406+0000] {dag.py:2690} INFO - Sync 1 DAGs
[2023-05-07T22:25:49.424+0000] {logging_mixin.py:137} INFO - [2023-05-07T22:25:49.424+0000] {dag.py:3437} INFO - Setting next_dagrun for tutorial to 2023-05-06T22:25:49.423775+00:00, run_after=2023-05-07T22:25:49.423775+00:00
[2023-05-07T22:25:49.465+0000] {processor.py:175} INFO - Processing /usr/local/python/3.10.4/lib/python3.10/site-packages/airflow/example_dags/tutorial.py took 0.094 seconds
[2023-05-07T22:26:23.128+0000] {processor.py:153} INFO - Started process (PID=11800) to work on /usr/local/python/3.10.4/lib/python3.10/site-packages/airflow/example_dags/tutorial.py
[2023-05-07T22:26:23.128+0000] {processor.py:743} INFO - Processing file /usr/local/python/3.10.4/lib/python3.10/site-packages/airflow/example_dags/tutorial.py for tasks to queue
[2023-05-07T22:26:23.129+0000] {logging_mixin.py:137} INFO - [2023-05-07T22:26:23.129+0000] {dagbag.py:538} INFO - Filling up the DagBag from /usr/local/python/3.10.4/lib/python3.10/site-packages/airflow/example_dags/tutorial.py
[2023-05-07T22:26:23.143+0000] {processor.py:753} INFO - DAG(s) dict_keys(['tutorial']) retrieved from /usr/local/python/3.10.4/lib/python3.10/site-packages/airflow/example_dags/tutorial.py
[2023-05-07T22:26:23.160+0000] {logging_mixin.py:137} INFO - [2023-05-07T22:26:23.160+0000] {dag.py:2690} INFO - Sync 1 DAGs
[2023-05-07T22:26:23.179+0000] {logging_mixin.py:137} INFO - [2023-05-07T22:26:23.179+0000] {dag.py:3437} INFO - Setting next_dagrun for tutorial to 2023-05-06T22:26:23.178892+00:00, run_after=2023-05-07T22:26:23.178892+00:00
[2023-05-07T22:26:23.220+0000] {processor.py:175} INFO - Processing /usr/local/python/3.10.4/lib/python3.10/site-packages/airflow/example_dags/tutorial.py took 0.096 seconds
[2023-05-07T22:26:54.037+0000] {processor.py:153} INFO - Started process (PID=12012) to work on /usr/local/python/3.10.4/lib/python3.10/site-packages/airflow/example_dags/tutorial.py
[2023-05-07T22:26:54.038+0000] {processor.py:743} INFO - Processing file /usr/local/python/3.10.4/lib/python3.10/site-packages/airflow/example_dags/tutorial.py for tasks to queue
[2023-05-07T22:26:54.038+0000] {logging_mixin.py:137} INFO - [2023-05-07T22:26:54.038+0000] {dagbag.py:538} INFO - Filling up the DagBag from /usr/local/python/3.10.4/lib/python3.10/site-packages/airflow/example_dags/tutorial.py
[2023-05-07T22:26:54.052+0000] {processor.py:753} INFO - DAG(s) dict_keys(['tutorial']) retrieved from /usr/local/python/3.10.4/lib/python3.10/site-packages/airflow/example_dags/tutorial.py
[2023-05-07T22:26:54.069+0000] {logging_mixin.py:137} INFO - [2023-05-07T22:26:54.069+0000] {dag.py:2690} INFO - Sync 1 DAGs
[2023-05-07T22:26:54.086+0000] {logging_mixin.py:137} INFO - [2023-05-07T22:26:54.086+0000] {dag.py:3437} INFO - Setting next_dagrun for tutorial to 2023-05-06T22:26:54.086456+00:00, run_after=2023-05-07T22:26:54.086456+00:00
[2023-05-07T22:26:54.134+0000] {processor.py:175} INFO - Processing /usr/local/python/3.10.4/lib/python3.10/site-packages/airflow/example_dags/tutorial.py took 0.100 seconds
[2023-05-07T22:27:24.646+0000] {processor.py:153} INFO - Started process (PID=12217) to work on /usr/local/python/3.10.4/lib/python3.10/site-packages/airflow/example_dags/tutorial.py
[2023-05-07T22:27:24.647+0000] {processor.py:743} INFO - Processing file /usr/local/python/3.10.4/lib/python3.10/site-packages/airflow/example_dags/tutorial.py for tasks to queue
[2023-05-07T22:27:24.648+0000] {logging_mixin.py:137} INFO - [2023-05-07T22:27:24.647+0000] {dagbag.py:538} INFO - Filling up the DagBag from /usr/local/python/3.10.4/lib/python3.10/site-packages/airflow/example_dags/tutorial.py
[2023-05-07T22:27:24.661+0000] {processor.py:753} INFO - DAG(s) dict_keys(['tutorial']) retrieved from /usr/local/python/3.10.4/lib/python3.10/site-packages/airflow/example_dags/tutorial.py
[2023-05-07T22:27:24.678+0000] {logging_mixin.py:137} INFO - [2023-05-07T22:27:24.678+0000] {dag.py:2690} INFO - Sync 1 DAGs
[2023-05-07T22:27:24.694+0000] {logging_mixin.py:137} INFO - [2023-05-07T22:27:24.694+0000] {dag.py:3437} INFO - Setting next_dagrun for tutorial to 2023-05-06T22:27:24.694450+00:00, run_after=2023-05-07T22:27:24.694450+00:00
[2023-05-07T22:27:24.735+0000] {processor.py:175} INFO - Processing /usr/local/python/3.10.4/lib/python3.10/site-packages/airflow/example_dags/tutorial.py took 0.092 seconds
[2023-05-07T22:27:58.359+0000] {processor.py:153} INFO - Started process (PID=12445) to work on /usr/local/python/3.10.4/lib/python3.10/site-packages/airflow/example_dags/tutorial.py
[2023-05-07T22:27:58.360+0000] {processor.py:743} INFO - Processing file /usr/local/python/3.10.4/lib/python3.10/site-packages/airflow/example_dags/tutorial.py for tasks to queue
[2023-05-07T22:27:58.361+0000] {logging_mixin.py:137} INFO - [2023-05-07T22:27:58.361+0000] {dagbag.py:538} INFO - Filling up the DagBag from /usr/local/python/3.10.4/lib/python3.10/site-packages/airflow/example_dags/tutorial.py
[2023-05-07T22:27:58.380+0000] {processor.py:753} INFO - DAG(s) dict_keys(['tutorial']) retrieved from /usr/local/python/3.10.4/lib/python3.10/site-packages/airflow/example_dags/tutorial.py
[2023-05-07T22:27:58.410+0000] {logging_mixin.py:137} INFO - [2023-05-07T22:27:58.409+0000] {dag.py:2690} INFO - Sync 1 DAGs
[2023-05-07T22:27:58.433+0000] {logging_mixin.py:137} INFO - [2023-05-07T22:27:58.433+0000] {dag.py:3437} INFO - Setting next_dagrun for tutorial to 2023-05-06T22:27:58.433270+00:00, run_after=2023-05-07T22:27:58.433270+00:00
[2023-05-07T22:27:58.474+0000] {processor.py:175} INFO - Processing /usr/local/python/3.10.4/lib/python3.10/site-packages/airflow/example_dags/tutorial.py took 0.119 seconds
[2023-05-07T22:28:32.053+0000] {processor.py:153} INFO - Started process (PID=12680) to work on /usr/local/python/3.10.4/lib/python3.10/site-packages/airflow/example_dags/tutorial.py
[2023-05-07T22:28:32.054+0000] {processor.py:743} INFO - Processing file /usr/local/python/3.10.4/lib/python3.10/site-packages/airflow/example_dags/tutorial.py for tasks to queue
[2023-05-07T22:28:32.054+0000] {logging_mixin.py:137} INFO - [2023-05-07T22:28:32.054+0000] {dagbag.py:538} INFO - Filling up the DagBag from /usr/local/python/3.10.4/lib/python3.10/site-packages/airflow/example_dags/tutorial.py
[2023-05-07T22:28:32.068+0000] {processor.py:753} INFO - DAG(s) dict_keys(['tutorial']) retrieved from /usr/local/python/3.10.4/lib/python3.10/site-packages/airflow/example_dags/tutorial.py
[2023-05-07T22:28:32.085+0000] {logging_mixin.py:137} INFO - [2023-05-07T22:28:32.085+0000] {dag.py:2690} INFO - Sync 1 DAGs
[2023-05-07T22:28:32.102+0000] {logging_mixin.py:137} INFO - [2023-05-07T22:28:32.102+0000] {dag.py:3437} INFO - Setting next_dagrun for tutorial to 2023-05-06T22:28:32.102309+00:00, run_after=2023-05-07T22:28:32.102309+00:00
[2023-05-07T22:28:32.145+0000] {processor.py:175} INFO - Processing /usr/local/python/3.10.4/lib/python3.10/site-packages/airflow/example_dags/tutorial.py took 0.095 seconds
[2023-05-07T22:29:04.405+0000] {processor.py:153} INFO - Started process (PID=12899) to work on /usr/local/python/3.10.4/lib/python3.10/site-packages/airflow/example_dags/tutorial.py
[2023-05-07T22:29:04.406+0000] {processor.py:743} INFO - Processing file /usr/local/python/3.10.4/lib/python3.10/site-packages/airflow/example_dags/tutorial.py for tasks to queue
[2023-05-07T22:29:04.406+0000] {logging_mixin.py:137} INFO - [2023-05-07T22:29:04.406+0000] {dagbag.py:538} INFO - Filling up the DagBag from /usr/local/python/3.10.4/lib/python3.10/site-packages/airflow/example_dags/tutorial.py
[2023-05-07T22:29:04.421+0000] {processor.py:753} INFO - DAG(s) dict_keys(['tutorial']) retrieved from /usr/local/python/3.10.4/lib/python3.10/site-packages/airflow/example_dags/tutorial.py
[2023-05-07T22:29:04.439+0000] {logging_mixin.py:137} INFO - [2023-05-07T22:29:04.438+0000] {dag.py:2690} INFO - Sync 1 DAGs
[2023-05-07T22:29:04.469+0000] {logging_mixin.py:137} INFO - [2023-05-07T22:29:04.469+0000] {dag.py:3437} INFO - Setting next_dagrun for tutorial to 2023-05-06T22:29:04.469343+00:00, run_after=2023-05-07T22:29:04.469343+00:00
[2023-05-07T22:29:04.512+0000] {processor.py:175} INFO - Processing /usr/local/python/3.10.4/lib/python3.10/site-packages/airflow/example_dags/tutorial.py took 0.110 seconds
[2023-05-07T22:29:47.180+0000] {processor.py:153} INFO - Started process (PID=13209) to work on /usr/local/python/3.10.4/lib/python3.10/site-packages/airflow/example_dags/tutorial.py
[2023-05-07T22:29:47.181+0000] {processor.py:743} INFO - Processing file /usr/local/python/3.10.4/lib/python3.10/site-packages/airflow/example_dags/tutorial.py for tasks to queue
[2023-05-07T22:29:47.182+0000] {logging_mixin.py:137} INFO - [2023-05-07T22:29:47.182+0000] {dagbag.py:538} INFO - Filling up the DagBag from /usr/local/python/3.10.4/lib/python3.10/site-packages/airflow/example_dags/tutorial.py
[2023-05-07T22:29:47.195+0000] {processor.py:753} INFO - DAG(s) dict_keys(['tutorial']) retrieved from /usr/local/python/3.10.4/lib/python3.10/site-packages/airflow/example_dags/tutorial.py
[2023-05-07T22:29:47.213+0000] {logging_mixin.py:137} INFO - [2023-05-07T22:29:47.212+0000] {dag.py:2690} INFO - Sync 1 DAGs
[2023-05-07T22:29:47.229+0000] {logging_mixin.py:137} INFO - [2023-05-07T22:29:47.229+0000] {dag.py:3437} INFO - Setting next_dagrun for tutorial to 2023-05-06T22:29:47.229367+00:00, run_after=2023-05-07T22:29:47.229367+00:00
[2023-05-07T22:29:47.273+0000] {processor.py:175} INFO - Processing /usr/local/python/3.10.4/lib/python3.10/site-packages/airflow/example_dags/tutorial.py took 0.096 seconds
[2023-05-07T22:30:27.664+0000] {processor.py:153} INFO - Started process (PID=13489) to work on /usr/local/python/3.10.4/lib/python3.10/site-packages/airflow/example_dags/tutorial.py
[2023-05-07T22:30:27.665+0000] {processor.py:743} INFO - Processing file /usr/local/python/3.10.4/lib/python3.10/site-packages/airflow/example_dags/tutorial.py for tasks to queue
[2023-05-07T22:30:27.665+0000] {logging_mixin.py:137} INFO - [2023-05-07T22:30:27.665+0000] {dagbag.py:538} INFO - Filling up the DagBag from /usr/local/python/3.10.4/lib/python3.10/site-packages/airflow/example_dags/tutorial.py
[2023-05-07T22:30:27.680+0000] {processor.py:753} INFO - DAG(s) dict_keys(['tutorial']) retrieved from /usr/local/python/3.10.4/lib/python3.10/site-packages/airflow/example_dags/tutorial.py
[2023-05-07T22:30:27.697+0000] {logging_mixin.py:137} INFO - [2023-05-07T22:30:27.697+0000] {dag.py:2690} INFO - Sync 1 DAGs
[2023-05-07T22:30:27.715+0000] {logging_mixin.py:137} INFO - [2023-05-07T22:30:27.715+0000] {dag.py:3437} INFO - Setting next_dagrun for tutorial to 2023-05-06T22:30:27.715258+00:00, run_after=2023-05-07T22:30:27.715258+00:00
[2023-05-07T22:30:27.876+0000] {processor.py:175} INFO - Processing /usr/local/python/3.10.4/lib/python3.10/site-packages/airflow/example_dags/tutorial.py took 0.215 seconds
[2023-05-07T22:31:00.135+0000] {processor.py:153} INFO - Started process (PID=13703) to work on /usr/local/python/3.10.4/lib/python3.10/site-packages/airflow/example_dags/tutorial.py
[2023-05-07T22:31:00.136+0000] {processor.py:743} INFO - Processing file /usr/local/python/3.10.4/lib/python3.10/site-packages/airflow/example_dags/tutorial.py for tasks to queue
[2023-05-07T22:31:00.137+0000] {logging_mixin.py:137} INFO - [2023-05-07T22:31:00.137+0000] {dagbag.py:538} INFO - Filling up the DagBag from /usr/local/python/3.10.4/lib/python3.10/site-packages/airflow/example_dags/tutorial.py
[2023-05-07T22:31:00.153+0000] {processor.py:753} INFO - DAG(s) dict_keys(['tutorial']) retrieved from /usr/local/python/3.10.4/lib/python3.10/site-packages/airflow/example_dags/tutorial.py
[2023-05-07T22:31:00.174+0000] {logging_mixin.py:137} INFO - [2023-05-07T22:31:00.174+0000] {dag.py:2690} INFO - Sync 1 DAGs
[2023-05-07T22:31:00.300+0000] {logging_mixin.py:137} INFO - [2023-05-07T22:31:00.299+0000] {dag.py:3437} INFO - Setting next_dagrun for tutorial to 2023-05-06T22:31:00.299744+00:00, run_after=2023-05-07T22:31:00.299744+00:00
[2023-05-07T22:31:00.341+0000] {processor.py:175} INFO - Processing /usr/local/python/3.10.4/lib/python3.10/site-packages/airflow/example_dags/tutorial.py took 0.211 seconds
[2023-05-07T22:31:34.378+0000] {processor.py:153} INFO - Started process (PID=13929) to work on /usr/local/python/3.10.4/lib/python3.10/site-packages/airflow/example_dags/tutorial.py
[2023-05-07T22:31:34.379+0000] {processor.py:743} INFO - Processing file /usr/local/python/3.10.4/lib/python3.10/site-packages/airflow/example_dags/tutorial.py for tasks to queue
[2023-05-07T22:31:34.380+0000] {logging_mixin.py:137} INFO - [2023-05-07T22:31:34.380+0000] {dagbag.py:538} INFO - Filling up the DagBag from /usr/local/python/3.10.4/lib/python3.10/site-packages/airflow/example_dags/tutorial.py
[2023-05-07T22:31:34.393+0000] {processor.py:753} INFO - DAG(s) dict_keys(['tutorial']) retrieved from /usr/local/python/3.10.4/lib/python3.10/site-packages/airflow/example_dags/tutorial.py
[2023-05-07T22:31:34.410+0000] {logging_mixin.py:137} INFO - [2023-05-07T22:31:34.410+0000] {dag.py:2690} INFO - Sync 1 DAGs
[2023-05-07T22:31:34.535+0000] {logging_mixin.py:137} INFO - [2023-05-07T22:31:34.535+0000] {dag.py:3437} INFO - Setting next_dagrun for tutorial to 2023-05-06T22:31:34.535630+00:00, run_after=2023-05-07T22:31:34.535630+00:00
[2023-05-07T22:31:34.580+0000] {processor.py:175} INFO - Processing /usr/local/python/3.10.4/lib/python3.10/site-packages/airflow/example_dags/tutorial.py took 0.204 seconds
[2023-05-07T22:32:04.865+0000] {processor.py:153} INFO - Started process (PID=14141) to work on /usr/local/python/3.10.4/lib/python3.10/site-packages/airflow/example_dags/tutorial.py
[2023-05-07T22:32:04.866+0000] {processor.py:743} INFO - Processing file /usr/local/python/3.10.4/lib/python3.10/site-packages/airflow/example_dags/tutorial.py for tasks to queue
[2023-05-07T22:32:04.866+0000] {logging_mixin.py:137} INFO - [2023-05-07T22:32:04.866+0000] {dagbag.py:538} INFO - Filling up the DagBag from /usr/local/python/3.10.4/lib/python3.10/site-packages/airflow/example_dags/tutorial.py
[2023-05-07T22:32:04.880+0000] {processor.py:753} INFO - DAG(s) dict_keys(['tutorial']) retrieved from /usr/local/python/3.10.4/lib/python3.10/site-packages/airflow/example_dags/tutorial.py
[2023-05-07T22:32:04.898+0000] {logging_mixin.py:137} INFO - [2023-05-07T22:32:04.898+0000] {dag.py:2690} INFO - Sync 1 DAGs
[2023-05-07T22:32:05.027+0000] {logging_mixin.py:137} INFO - [2023-05-07T22:32:05.027+0000] {dag.py:3437} INFO - Setting next_dagrun for tutorial to 2023-05-06T22:32:05.027433+00:00, run_after=2023-05-07T22:32:05.027433+00:00
[2023-05-07T22:32:05.072+0000] {processor.py:175} INFO - Processing /usr/local/python/3.10.4/lib/python3.10/site-packages/airflow/example_dags/tutorial.py took 0.210 seconds
[2023-05-07T22:32:50.584+0000] {processor.py:153} INFO - Started process (PID=14451) to work on /usr/local/python/3.10.4/lib/python3.10/site-packages/airflow/example_dags/tutorial.py
[2023-05-07T22:32:50.585+0000] {processor.py:743} INFO - Processing file /usr/local/python/3.10.4/lib/python3.10/site-packages/airflow/example_dags/tutorial.py for tasks to queue
[2023-05-07T22:32:50.586+0000] {logging_mixin.py:137} INFO - [2023-05-07T22:32:50.586+0000] {dagbag.py:538} INFO - Filling up the DagBag from /usr/local/python/3.10.4/lib/python3.10/site-packages/airflow/example_dags/tutorial.py
[2023-05-07T22:32:50.599+0000] {processor.py:753} INFO - DAG(s) dict_keys(['tutorial']) retrieved from /usr/local/python/3.10.4/lib/python3.10/site-packages/airflow/example_dags/tutorial.py
[2023-05-07T22:32:50.724+0000] {logging_mixin.py:137} INFO - [2023-05-07T22:32:50.723+0000] {dag.py:2690} INFO - Sync 1 DAGs
[2023-05-07T22:32:50.738+0000] {logging_mixin.py:137} INFO - [2023-05-07T22:32:50.738+0000] {dag.py:3437} INFO - Setting next_dagrun for tutorial to 2023-05-06T22:32:50.738558+00:00, run_after=2023-05-07T22:32:50.738558+00:00
[2023-05-07T22:32:50.782+0000] {processor.py:175} INFO - Processing /usr/local/python/3.10.4/lib/python3.10/site-packages/airflow/example_dags/tutorial.py took 0.200 seconds
[2023-05-07T22:33:23.956+0000] {processor.py:153} INFO - Started process (PID=14700) to work on /usr/local/python/3.10.4/lib/python3.10/site-packages/airflow/example_dags/tutorial.py
[2023-05-07T22:33:23.957+0000] {processor.py:743} INFO - Processing file /usr/local/python/3.10.4/lib/python3.10/site-packages/airflow/example_dags/tutorial.py for tasks to queue
[2023-05-07T22:33:23.958+0000] {logging_mixin.py:137} INFO - [2023-05-07T22:33:23.957+0000] {dagbag.py:538} INFO - Filling up the DagBag from /usr/local/python/3.10.4/lib/python3.10/site-packages/airflow/example_dags/tutorial.py
[2023-05-07T22:33:23.971+0000] {processor.py:753} INFO - DAG(s) dict_keys(['tutorial']) retrieved from /usr/local/python/3.10.4/lib/python3.10/site-packages/airflow/example_dags/tutorial.py
[2023-05-07T22:33:24.099+0000] {logging_mixin.py:137} INFO - [2023-05-07T22:33:24.099+0000] {dag.py:2690} INFO - Sync 1 DAGs
[2023-05-07T22:33:24.113+0000] {logging_mixin.py:137} INFO - [2023-05-07T22:33:24.113+0000] {dag.py:3437} INFO - Setting next_dagrun for tutorial to 2023-05-06T22:33:24.113481+00:00, run_after=2023-05-07T22:33:24.113481+00:00
[2023-05-07T22:33:24.155+0000] {processor.py:175} INFO - Processing /usr/local/python/3.10.4/lib/python3.10/site-packages/airflow/example_dags/tutorial.py took 0.201 seconds
[2023-05-07T22:33:56.311+0000] {processor.py:153} INFO - Started process (PID=14954) to work on /usr/local/python/3.10.4/lib/python3.10/site-packages/airflow/example_dags/tutorial.py
[2023-05-07T22:33:56.312+0000] {processor.py:743} INFO - Processing file /usr/local/python/3.10.4/lib/python3.10/site-packages/airflow/example_dags/tutorial.py for tasks to queue
[2023-05-07T22:33:56.313+0000] {logging_mixin.py:137} INFO - [2023-05-07T22:33:56.313+0000] {dagbag.py:538} INFO - Filling up the DagBag from /usr/local/python/3.10.4/lib/python3.10/site-packages/airflow/example_dags/tutorial.py
[2023-05-07T22:33:56.467+0000] {processor.py:753} INFO - DAG(s) dict_keys(['tutorial']) retrieved from /usr/local/python/3.10.4/lib/python3.10/site-packages/airflow/example_dags/tutorial.py
[2023-05-07T22:33:56.489+0000] {logging_mixin.py:137} INFO - [2023-05-07T22:33:56.489+0000] {dag.py:2690} INFO - Sync 1 DAGs
[2023-05-07T22:33:56.515+0000] {logging_mixin.py:137} INFO - [2023-05-07T22:33:56.515+0000] {dag.py:3437} INFO - Setting next_dagrun for tutorial to 2023-05-06T22:33:56.515120+00:00, run_after=2023-05-07T22:33:56.515120+00:00
[2023-05-07T22:33:56.567+0000] {processor.py:175} INFO - Processing /usr/local/python/3.10.4/lib/python3.10/site-packages/airflow/example_dags/tutorial.py took 0.260 seconds
[2023-05-07T22:34:28.455+0000] {processor.py:153} INFO - Started process (PID=15206) to work on /usr/local/python/3.10.4/lib/python3.10/site-packages/airflow/example_dags/tutorial.py
[2023-05-07T22:34:28.456+0000] {processor.py:743} INFO - Processing file /usr/local/python/3.10.4/lib/python3.10/site-packages/airflow/example_dags/tutorial.py for tasks to queue
[2023-05-07T22:34:28.456+0000] {logging_mixin.py:137} INFO - [2023-05-07T22:34:28.456+0000] {dagbag.py:538} INFO - Filling up the DagBag from /usr/local/python/3.10.4/lib/python3.10/site-packages/airflow/example_dags/tutorial.py
[2023-05-07T22:34:28.582+0000] {processor.py:753} INFO - DAG(s) dict_keys(['tutorial']) retrieved from /usr/local/python/3.10.4/lib/python3.10/site-packages/airflow/example_dags/tutorial.py
[2023-05-07T22:34:28.596+0000] {logging_mixin.py:137} INFO - [2023-05-07T22:34:28.596+0000] {dag.py:2690} INFO - Sync 1 DAGs
[2023-05-07T22:34:28.610+0000] {logging_mixin.py:137} INFO - [2023-05-07T22:34:28.610+0000] {dag.py:3437} INFO - Setting next_dagrun for tutorial to 2023-05-06T22:34:28.610629+00:00, run_after=2023-05-07T22:34:28.610629+00:00
[2023-05-07T22:34:28.654+0000] {processor.py:175} INFO - Processing /usr/local/python/3.10.4/lib/python3.10/site-packages/airflow/example_dags/tutorial.py took 0.202 seconds
[2023-05-07T22:35:07.602+0000] {processor.py:153} INFO - Started process (PID=15484) to work on /usr/local/python/3.10.4/lib/python3.10/site-packages/airflow/example_dags/tutorial.py
[2023-05-07T22:35:07.603+0000] {processor.py:743} INFO - Processing file /usr/local/python/3.10.4/lib/python3.10/site-packages/airflow/example_dags/tutorial.py for tasks to queue
[2023-05-07T22:35:07.604+0000] {logging_mixin.py:137} INFO - [2023-05-07T22:35:07.604+0000] {dagbag.py:538} INFO - Filling up the DagBag from /usr/local/python/3.10.4/lib/python3.10/site-packages/airflow/example_dags/tutorial.py
[2023-05-07T22:35:07.617+0000] {processor.py:753} INFO - DAG(s) dict_keys(['tutorial']) retrieved from /usr/local/python/3.10.4/lib/python3.10/site-packages/airflow/example_dags/tutorial.py
[2023-05-07T22:35:07.636+0000] {logging_mixin.py:137} INFO - [2023-05-07T22:35:07.636+0000] {dag.py:2690} INFO - Sync 1 DAGs
[2023-05-07T22:35:07.653+0000] {logging_mixin.py:137} INFO - [2023-05-07T22:35:07.653+0000] {dag.py:3437} INFO - Setting next_dagrun for tutorial to 2023-05-06T22:35:07.653633+00:00, run_after=2023-05-07T22:35:07.653633+00:00
[2023-05-07T22:35:07.696+0000] {processor.py:175} INFO - Processing /usr/local/python/3.10.4/lib/python3.10/site-packages/airflow/example_dags/tutorial.py took 0.097 seconds
[2023-05-07T22:35:48.404+0000] {processor.py:153} INFO - Started process (PID=15759) to work on /usr/local/python/3.10.4/lib/python3.10/site-packages/airflow/example_dags/tutorial.py
[2023-05-07T22:35:48.405+0000] {processor.py:743} INFO - Processing file /usr/local/python/3.10.4/lib/python3.10/site-packages/airflow/example_dags/tutorial.py for tasks to queue
[2023-05-07T22:35:48.406+0000] {logging_mixin.py:137} INFO - [2023-05-07T22:35:48.406+0000] {dagbag.py:538} INFO - Filling up the DagBag from /usr/local/python/3.10.4/lib/python3.10/site-packages/airflow/example_dags/tutorial.py
[2023-05-07T22:35:48.421+0000] {processor.py:753} INFO - DAG(s) dict_keys(['tutorial']) retrieved from /usr/local/python/3.10.4/lib/python3.10/site-packages/airflow/example_dags/tutorial.py
[2023-05-07T22:35:48.437+0000] {logging_mixin.py:137} INFO - [2023-05-07T22:35:48.437+0000] {dag.py:2690} INFO - Sync 1 DAGs
[2023-05-07T22:35:48.455+0000] {logging_mixin.py:137} INFO - [2023-05-07T22:35:48.455+0000] {dag.py:3437} INFO - Setting next_dagrun for tutorial to 2023-05-06T22:35:48.455145+00:00, run_after=2023-05-07T22:35:48.455145+00:00
[2023-05-07T22:35:48.498+0000] {processor.py:175} INFO - Processing /usr/local/python/3.10.4/lib/python3.10/site-packages/airflow/example_dags/tutorial.py took 0.098 seconds
[2023-05-07T22:36:23.622+0000] {processor.py:153} INFO - Started process (PID=16003) to work on /usr/local/python/3.10.4/lib/python3.10/site-packages/airflow/example_dags/tutorial.py
[2023-05-07T22:36:23.623+0000] {processor.py:743} INFO - Processing file /usr/local/python/3.10.4/lib/python3.10/site-packages/airflow/example_dags/tutorial.py for tasks to queue
[2023-05-07T22:36:23.623+0000] {logging_mixin.py:137} INFO - [2023-05-07T22:36:23.623+0000] {dagbag.py:538} INFO - Filling up the DagBag from /usr/local/python/3.10.4/lib/python3.10/site-packages/airflow/example_dags/tutorial.py
[2023-05-07T22:36:23.636+0000] {processor.py:753} INFO - DAG(s) dict_keys(['tutorial']) retrieved from /usr/local/python/3.10.4/lib/python3.10/site-packages/airflow/example_dags/tutorial.py
[2023-05-07T22:36:23.659+0000] {logging_mixin.py:137} INFO - [2023-05-07T22:36:23.659+0000] {dag.py:2690} INFO - Sync 1 DAGs
[2023-05-07T22:36:23.676+0000] {logging_mixin.py:137} INFO - [2023-05-07T22:36:23.676+0000] {dag.py:3437} INFO - Setting next_dagrun for tutorial to 2023-05-06T22:36:23.676100+00:00, run_after=2023-05-07T22:36:23.676100+00:00
[2023-05-07T22:36:23.718+0000] {processor.py:175} INFO - Processing /usr/local/python/3.10.4/lib/python3.10/site-packages/airflow/example_dags/tutorial.py took 0.099 seconds
[2023-05-07T22:36:57.148+0000] {processor.py:153} INFO - Started process (PID=16261) to work on /usr/local/python/3.10.4/lib/python3.10/site-packages/airflow/example_dags/tutorial.py
[2023-05-07T22:36:57.149+0000] {processor.py:743} INFO - Processing file /usr/local/python/3.10.4/lib/python3.10/site-packages/airflow/example_dags/tutorial.py for tasks to queue
[2023-05-07T22:36:57.150+0000] {logging_mixin.py:137} INFO - [2023-05-07T22:36:57.149+0000] {dagbag.py:538} INFO - Filling up the DagBag from /usr/local/python/3.10.4/lib/python3.10/site-packages/airflow/example_dags/tutorial.py
[2023-05-07T22:36:57.163+0000] {processor.py:753} INFO - DAG(s) dict_keys(['tutorial']) retrieved from /usr/local/python/3.10.4/lib/python3.10/site-packages/airflow/example_dags/tutorial.py
[2023-05-07T22:36:57.180+0000] {logging_mixin.py:137} INFO - [2023-05-07T22:36:57.180+0000] {dag.py:2690} INFO - Sync 1 DAGs
[2023-05-07T22:36:57.197+0000] {logging_mixin.py:137} INFO - [2023-05-07T22:36:57.197+0000] {dag.py:3437} INFO - Setting next_dagrun for tutorial to 2023-05-06T22:36:57.196842+00:00, run_after=2023-05-07T22:36:57.196842+00:00
[2023-05-07T22:36:57.239+0000] {processor.py:175} INFO - Processing /usr/local/python/3.10.4/lib/python3.10/site-packages/airflow/example_dags/tutorial.py took 0.094 seconds
[2023-05-07T22:37:37.500+0000] {processor.py:153} INFO - Started process (PID=16553) to work on /usr/local/python/3.10.4/lib/python3.10/site-packages/airflow/example_dags/tutorial.py
[2023-05-07T22:37:37.501+0000] {processor.py:743} INFO - Processing file /usr/local/python/3.10.4/lib/python3.10/site-packages/airflow/example_dags/tutorial.py for tasks to queue
[2023-05-07T22:37:37.501+0000] {logging_mixin.py:137} INFO - [2023-05-07T22:37:37.501+0000] {dagbag.py:538} INFO - Filling up the DagBag from /usr/local/python/3.10.4/lib/python3.10/site-packages/airflow/example_dags/tutorial.py
[2023-05-07T22:37:37.515+0000] {processor.py:753} INFO - DAG(s) dict_keys(['tutorial']) retrieved from /usr/local/python/3.10.4/lib/python3.10/site-packages/airflow/example_dags/tutorial.py
[2023-05-07T22:37:37.532+0000] {logging_mixin.py:137} INFO - [2023-05-07T22:37:37.532+0000] {dag.py:2690} INFO - Sync 1 DAGs
[2023-05-07T22:37:37.550+0000] {logging_mixin.py:137} INFO - [2023-05-07T22:37:37.549+0000] {dag.py:3437} INFO - Setting next_dagrun for tutorial to 2023-05-06T22:37:37.549797+00:00, run_after=2023-05-07T22:37:37.549797+00:00
[2023-05-07T22:37:37.590+0000] {processor.py:175} INFO - Processing /usr/local/python/3.10.4/lib/python3.10/site-packages/airflow/example_dags/tutorial.py took 0.093 seconds
[2023-05-07T22:38:12.344+0000] {processor.py:153} INFO - Started process (PID=16808) to work on /usr/local/python/3.10.4/lib/python3.10/site-packages/airflow/example_dags/tutorial.py
[2023-05-07T22:38:12.345+0000] {processor.py:743} INFO - Processing file /usr/local/python/3.10.4/lib/python3.10/site-packages/airflow/example_dags/tutorial.py for tasks to queue
[2023-05-07T22:38:12.345+0000] {logging_mixin.py:137} INFO - [2023-05-07T22:38:12.345+0000] {dagbag.py:538} INFO - Filling up the DagBag from /usr/local/python/3.10.4/lib/python3.10/site-packages/airflow/example_dags/tutorial.py
[2023-05-07T22:38:12.359+0000] {processor.py:753} INFO - DAG(s) dict_keys(['tutorial']) retrieved from /usr/local/python/3.10.4/lib/python3.10/site-packages/airflow/example_dags/tutorial.py
[2023-05-07T22:38:12.376+0000] {logging_mixin.py:137} INFO - [2023-05-07T22:38:12.376+0000] {dag.py:2690} INFO - Sync 1 DAGs
[2023-05-07T22:38:12.394+0000] {logging_mixin.py:137} INFO - [2023-05-07T22:38:12.394+0000] {dag.py:3437} INFO - Setting next_dagrun for tutorial to 2023-05-06T22:38:12.393938+00:00, run_after=2023-05-07T22:38:12.393938+00:00
[2023-05-07T22:38:12.435+0000] {processor.py:175} INFO - Processing /usr/local/python/3.10.4/lib/python3.10/site-packages/airflow/example_dags/tutorial.py took 0.094 seconds
[2023-05-07T22:38:45.463+0000] {processor.py:153} INFO - Started process (PID=17035) to work on /usr/local/python/3.10.4/lib/python3.10/site-packages/airflow/example_dags/tutorial.py
[2023-05-07T22:38:45.464+0000] {processor.py:743} INFO - Processing file /usr/local/python/3.10.4/lib/python3.10/site-packages/airflow/example_dags/tutorial.py for tasks to queue
[2023-05-07T22:38:45.464+0000] {logging_mixin.py:137} INFO - [2023-05-07T22:38:45.464+0000] {dagbag.py:538} INFO - Filling up the DagBag from /usr/local/python/3.10.4/lib/python3.10/site-packages/airflow/example_dags/tutorial.py
[2023-05-07T22:38:45.478+0000] {processor.py:753} INFO - DAG(s) dict_keys(['tutorial']) retrieved from /usr/local/python/3.10.4/lib/python3.10/site-packages/airflow/example_dags/tutorial.py
[2023-05-07T22:38:45.496+0000] {logging_mixin.py:137} INFO - [2023-05-07T22:38:45.496+0000] {dag.py:2690} INFO - Sync 1 DAGs
[2023-05-07T22:38:45.517+0000] {logging_mixin.py:137} INFO - [2023-05-07T22:38:45.517+0000] {dag.py:3437} INFO - Setting next_dagrun for tutorial to 2023-05-06T22:38:45.517213+00:00, run_after=2023-05-07T22:38:45.517213+00:00
[2023-05-07T22:38:45.559+0000] {processor.py:175} INFO - Processing /usr/local/python/3.10.4/lib/python3.10/site-packages/airflow/example_dags/tutorial.py took 0.099 seconds
[2023-05-07T22:39:18.268+0000] {processor.py:153} INFO - Started process (PID=17264) to work on /usr/local/python/3.10.4/lib/python3.10/site-packages/airflow/example_dags/tutorial.py
[2023-05-07T22:39:18.269+0000] {processor.py:743} INFO - Processing file /usr/local/python/3.10.4/lib/python3.10/site-packages/airflow/example_dags/tutorial.py for tasks to queue
[2023-05-07T22:39:18.269+0000] {logging_mixin.py:137} INFO - [2023-05-07T22:39:18.269+0000] {dagbag.py:538} INFO - Filling up the DagBag from /usr/local/python/3.10.4/lib/python3.10/site-packages/airflow/example_dags/tutorial.py
[2023-05-07T22:39:18.282+0000] {processor.py:753} INFO - DAG(s) dict_keys(['tutorial']) retrieved from /usr/local/python/3.10.4/lib/python3.10/site-packages/airflow/example_dags/tutorial.py
[2023-05-07T22:39:18.308+0000] {logging_mixin.py:137} INFO - [2023-05-07T22:39:18.308+0000] {dag.py:2690} INFO - Sync 1 DAGs
[2023-05-07T22:39:18.342+0000] {logging_mixin.py:137} INFO - [2023-05-07T22:39:18.342+0000] {dag.py:3437} INFO - Setting next_dagrun for tutorial to 2023-05-06T22:39:18.342312+00:00, run_after=2023-05-07T22:39:18.342312+00:00
[2023-05-07T22:39:18.387+0000] {processor.py:175} INFO - Processing /usr/local/python/3.10.4/lib/python3.10/site-packages/airflow/example_dags/tutorial.py took 0.122 seconds
[2023-05-07T22:39:51.937+0000] {processor.py:153} INFO - Started process (PID=17532) to work on /usr/local/python/3.10.4/lib/python3.10/site-packages/airflow/example_dags/tutorial.py
[2023-05-07T22:39:51.938+0000] {processor.py:743} INFO - Processing file /usr/local/python/3.10.4/lib/python3.10/site-packages/airflow/example_dags/tutorial.py for tasks to queue
[2023-05-07T22:39:51.938+0000] {logging_mixin.py:137} INFO - [2023-05-07T22:39:51.938+0000] {dagbag.py:538} INFO - Filling up the DagBag from /usr/local/python/3.10.4/lib/python3.10/site-packages/airflow/example_dags/tutorial.py
[2023-05-07T22:39:51.953+0000] {processor.py:753} INFO - DAG(s) dict_keys(['tutorial']) retrieved from /usr/local/python/3.10.4/lib/python3.10/site-packages/airflow/example_dags/tutorial.py
[2023-05-07T22:39:51.970+0000] {logging_mixin.py:137} INFO - [2023-05-07T22:39:51.970+0000] {dag.py:2690} INFO - Sync 1 DAGs
[2023-05-07T22:39:51.989+0000] {logging_mixin.py:137} INFO - [2023-05-07T22:39:51.988+0000] {dag.py:3437} INFO - Setting next_dagrun for tutorial to 2023-05-06T22:39:51.988740+00:00, run_after=2023-05-07T22:39:51.988740+00:00
[2023-05-07T22:39:52.030+0000] {processor.py:175} INFO - Processing /usr/local/python/3.10.4/lib/python3.10/site-packages/airflow/example_dags/tutorial.py took 0.095 seconds
[2023-05-07T22:40:22.434+0000] {processor.py:153} INFO - Started process (PID=17774) to work on /usr/local/python/3.10.4/lib/python3.10/site-packages/airflow/example_dags/tutorial.py
[2023-05-07T22:40:22.435+0000] {processor.py:743} INFO - Processing file /usr/local/python/3.10.4/lib/python3.10/site-packages/airflow/example_dags/tutorial.py for tasks to queue
[2023-05-07T22:40:22.435+0000] {logging_mixin.py:137} INFO - [2023-05-07T22:40:22.435+0000] {dagbag.py:538} INFO - Filling up the DagBag from /usr/local/python/3.10.4/lib/python3.10/site-packages/airflow/example_dags/tutorial.py
[2023-05-07T22:40:22.449+0000] {processor.py:753} INFO - DAG(s) dict_keys(['tutorial']) retrieved from /usr/local/python/3.10.4/lib/python3.10/site-packages/airflow/example_dags/tutorial.py
[2023-05-07T22:40:22.466+0000] {logging_mixin.py:137} INFO - [2023-05-07T22:40:22.466+0000] {dag.py:2690} INFO - Sync 1 DAGs
[2023-05-07T22:40:22.483+0000] {logging_mixin.py:137} INFO - [2023-05-07T22:40:22.483+0000] {dag.py:3437} INFO - Setting next_dagrun for tutorial to 2023-05-06T22:40:22.482830+00:00, run_after=2023-05-07T22:40:22.482830+00:00
[2023-05-07T22:40:22.524+0000] {processor.py:175} INFO - Processing /usr/local/python/3.10.4/lib/python3.10/site-packages/airflow/example_dags/tutorial.py took 0.093 seconds
[2023-05-07T22:40:54.690+0000] {processor.py:153} INFO - Started process (PID=18011) to work on /usr/local/python/3.10.4/lib/python3.10/site-packages/airflow/example_dags/tutorial.py
[2023-05-07T22:40:54.691+0000] {processor.py:743} INFO - Processing file /usr/local/python/3.10.4/lib/python3.10/site-packages/airflow/example_dags/tutorial.py for tasks to queue
[2023-05-07T22:40:54.692+0000] {logging_mixin.py:137} INFO - [2023-05-07T22:40:54.691+0000] {dagbag.py:538} INFO - Filling up the DagBag from /usr/local/python/3.10.4/lib/python3.10/site-packages/airflow/example_dags/tutorial.py
[2023-05-07T22:40:54.705+0000] {processor.py:753} INFO - DAG(s) dict_keys(['tutorial']) retrieved from /usr/local/python/3.10.4/lib/python3.10/site-packages/airflow/example_dags/tutorial.py
[2023-05-07T22:40:54.723+0000] {logging_mixin.py:137} INFO - [2023-05-07T22:40:54.722+0000] {dag.py:2690} INFO - Sync 1 DAGs
[2023-05-07T22:40:54.740+0000] {logging_mixin.py:137} INFO - [2023-05-07T22:40:54.739+0000] {dag.py:3437} INFO - Setting next_dagrun for tutorial to 2023-05-06T22:40:54.739673+00:00, run_after=2023-05-07T22:40:54.739673+00:00
[2023-05-07T22:40:54.781+0000] {processor.py:175} INFO - Processing /usr/local/python/3.10.4/lib/python3.10/site-packages/airflow/example_dags/tutorial.py took 0.094 seconds
[2023-05-07T22:41:32.413+0000] {processor.py:153} INFO - Started process (PID=18262) to work on /usr/local/python/3.10.4/lib/python3.10/site-packages/airflow/example_dags/tutorial.py
[2023-05-07T22:41:32.414+0000] {processor.py:743} INFO - Processing file /usr/local/python/3.10.4/lib/python3.10/site-packages/airflow/example_dags/tutorial.py for tasks to queue
[2023-05-07T22:41:32.414+0000] {logging_mixin.py:137} INFO - [2023-05-07T22:41:32.414+0000] {dagbag.py:538} INFO - Filling up the DagBag from /usr/local/python/3.10.4/lib/python3.10/site-packages/airflow/example_dags/tutorial.py
[2023-05-07T22:41:32.427+0000] {processor.py:753} INFO - DAG(s) dict_keys(['tutorial']) retrieved from /usr/local/python/3.10.4/lib/python3.10/site-packages/airflow/example_dags/tutorial.py
[2023-05-07T22:41:32.449+0000] {logging_mixin.py:137} INFO - [2023-05-07T22:41:32.449+0000] {dag.py:2690} INFO - Sync 1 DAGs
[2023-05-07T22:41:32.466+0000] {logging_mixin.py:137} INFO - [2023-05-07T22:41:32.465+0000] {dag.py:3437} INFO - Setting next_dagrun for tutorial to 2023-05-06T22:41:32.465779+00:00, run_after=2023-05-07T22:41:32.465779+00:00
[2023-05-07T22:41:32.506+0000] {processor.py:175} INFO - Processing /usr/local/python/3.10.4/lib/python3.10/site-packages/airflow/example_dags/tutorial.py took 0.096 seconds
[2023-05-07T22:42:02.895+0000] {processor.py:153} INFO - Started process (PID=18500) to work on /usr/local/python/3.10.4/lib/python3.10/site-packages/airflow/example_dags/tutorial.py
[2023-05-07T22:42:02.895+0000] {processor.py:743} INFO - Processing file /usr/local/python/3.10.4/lib/python3.10/site-packages/airflow/example_dags/tutorial.py for tasks to queue
[2023-05-07T22:42:02.896+0000] {logging_mixin.py:137} INFO - [2023-05-07T22:42:02.896+0000] {dagbag.py:538} INFO - Filling up the DagBag from /usr/local/python/3.10.4/lib/python3.10/site-packages/airflow/example_dags/tutorial.py
[2023-05-07T22:42:02.910+0000] {processor.py:753} INFO - DAG(s) dict_keys(['tutorial']) retrieved from /usr/local/python/3.10.4/lib/python3.10/site-packages/airflow/example_dags/tutorial.py
[2023-05-07T22:42:02.927+0000] {logging_mixin.py:137} INFO - [2023-05-07T22:42:02.927+0000] {dag.py:2690} INFO - Sync 1 DAGs
[2023-05-07T22:42:02.944+0000] {logging_mixin.py:137} INFO - [2023-05-07T22:42:02.944+0000] {dag.py:3437} INFO - Setting next_dagrun for tutorial to 2023-05-06T22:42:02.943796+00:00, run_after=2023-05-07T22:42:02.943796+00:00
[2023-05-07T22:42:02.985+0000] {processor.py:175} INFO - Processing /usr/local/python/3.10.4/lib/python3.10/site-packages/airflow/example_dags/tutorial.py took 0.093 seconds
[2023-05-07T22:42:33.636+0000] {processor.py:153} INFO - Started process (PID=18793) to work on /usr/local/python/3.10.4/lib/python3.10/site-packages/airflow/example_dags/tutorial.py
[2023-05-07T22:42:33.636+0000] {processor.py:743} INFO - Processing file /usr/local/python/3.10.4/lib/python3.10/site-packages/airflow/example_dags/tutorial.py for tasks to queue
[2023-05-07T22:42:33.637+0000] {logging_mixin.py:137} INFO - [2023-05-07T22:42:33.637+0000] {dagbag.py:538} INFO - Filling up the DagBag from /usr/local/python/3.10.4/lib/python3.10/site-packages/airflow/example_dags/tutorial.py
[2023-05-07T22:42:33.651+0000] {processor.py:753} INFO - DAG(s) dict_keys(['tutorial']) retrieved from /usr/local/python/3.10.4/lib/python3.10/site-packages/airflow/example_dags/tutorial.py
[2023-05-07T22:42:33.668+0000] {logging_mixin.py:137} INFO - [2023-05-07T22:42:33.668+0000] {dag.py:2690} INFO - Sync 1 DAGs
[2023-05-07T22:42:33.684+0000] {logging_mixin.py:137} INFO - [2023-05-07T22:42:33.684+0000] {dag.py:3437} INFO - Setting next_dagrun for tutorial to 2023-05-06T22:42:33.684429+00:00, run_after=2023-05-07T22:42:33.684429+00:00
[2023-05-07T22:42:33.727+0000] {processor.py:175} INFO - Processing /usr/local/python/3.10.4/lib/python3.10/site-packages/airflow/example_dags/tutorial.py took 0.094 seconds
[2023-05-07T22:43:07.540+0000] {processor.py:153} INFO - Started process (PID=19104) to work on /usr/local/python/3.10.4/lib/python3.10/site-packages/airflow/example_dags/tutorial.py
[2023-05-07T22:43:07.541+0000] {processor.py:743} INFO - Processing file /usr/local/python/3.10.4/lib/python3.10/site-packages/airflow/example_dags/tutorial.py for tasks to queue
[2023-05-07T22:43:07.541+0000] {logging_mixin.py:137} INFO - [2023-05-07T22:43:07.541+0000] {dagbag.py:538} INFO - Filling up the DagBag from /usr/local/python/3.10.4/lib/python3.10/site-packages/airflow/example_dags/tutorial.py
[2023-05-07T22:43:07.555+0000] {processor.py:753} INFO - DAG(s) dict_keys(['tutorial']) retrieved from /usr/local/python/3.10.4/lib/python3.10/site-packages/airflow/example_dags/tutorial.py
[2023-05-07T22:43:07.572+0000] {logging_mixin.py:137} INFO - [2023-05-07T22:43:07.571+0000] {dag.py:2690} INFO - Sync 1 DAGs
[2023-05-07T22:43:07.589+0000] {logging_mixin.py:137} INFO - [2023-05-07T22:43:07.589+0000] {dag.py:3437} INFO - Setting next_dagrun for tutorial to 2023-05-06T22:43:07.588896+00:00, run_after=2023-05-07T22:43:07.588896+00:00
[2023-05-07T22:43:07.629+0000] {processor.py:175} INFO - Processing /usr/local/python/3.10.4/lib/python3.10/site-packages/airflow/example_dags/tutorial.py took 0.092 seconds
[2023-05-07T22:43:40.277+0000] {processor.py:153} INFO - Started process (PID=19497) to work on /usr/local/python/3.10.4/lib/python3.10/site-packages/airflow/example_dags/tutorial.py
[2023-05-07T22:43:40.278+0000] {processor.py:743} INFO - Processing file /usr/local/python/3.10.4/lib/python3.10/site-packages/airflow/example_dags/tutorial.py for tasks to queue
[2023-05-07T22:43:40.279+0000] {logging_mixin.py:137} INFO - [2023-05-07T22:43:40.279+0000] {dagbag.py:538} INFO - Filling up the DagBag from /usr/local/python/3.10.4/lib/python3.10/site-packages/airflow/example_dags/tutorial.py
[2023-05-07T22:43:40.297+0000] {processor.py:753} INFO - DAG(s) dict_keys(['tutorial']) retrieved from /usr/local/python/3.10.4/lib/python3.10/site-packages/airflow/example_dags/tutorial.py
[2023-05-07T22:43:40.322+0000] {logging_mixin.py:137} INFO - [2023-05-07T22:43:40.322+0000] {dag.py:2690} INFO - Sync 1 DAGs
[2023-05-07T22:43:40.351+0000] {logging_mixin.py:137} INFO - [2023-05-07T22:43:40.351+0000] {dag.py:3437} INFO - Setting next_dagrun for tutorial to 2023-05-06T22:43:40.351330+00:00, run_after=2023-05-07T22:43:40.351330+00:00
[2023-05-07T22:43:40.404+0000] {processor.py:175} INFO - Processing /usr/local/python/3.10.4/lib/python3.10/site-packages/airflow/example_dags/tutorial.py took 0.131 seconds
[2023-05-07T22:44:20.949+0000] {processor.py:153} INFO - Started process (PID=19920) to work on /usr/local/python/3.10.4/lib/python3.10/site-packages/airflow/example_dags/tutorial.py
[2023-05-07T22:44:20.950+0000] {processor.py:743} INFO - Processing file /usr/local/python/3.10.4/lib/python3.10/site-packages/airflow/example_dags/tutorial.py for tasks to queue
[2023-05-07T22:44:20.951+0000] {logging_mixin.py:137} INFO - [2023-05-07T22:44:20.950+0000] {dagbag.py:538} INFO - Filling up the DagBag from /usr/local/python/3.10.4/lib/python3.10/site-packages/airflow/example_dags/tutorial.py
[2023-05-07T22:44:20.964+0000] {processor.py:753} INFO - DAG(s) dict_keys(['tutorial']) retrieved from /usr/local/python/3.10.4/lib/python3.10/site-packages/airflow/example_dags/tutorial.py
[2023-05-07T22:44:20.982+0000] {logging_mixin.py:137} INFO - [2023-05-07T22:44:20.982+0000] {dag.py:2690} INFO - Sync 1 DAGs
[2023-05-07T22:44:20.999+0000] {logging_mixin.py:137} INFO - [2023-05-07T22:44:20.999+0000] {dag.py:3437} INFO - Setting next_dagrun for tutorial to 2023-05-06T22:44:20.999551+00:00, run_after=2023-05-07T22:44:20.999551+00:00
[2023-05-07T22:44:21.041+0000] {processor.py:175} INFO - Processing /usr/local/python/3.10.4/lib/python3.10/site-packages/airflow/example_dags/tutorial.py took 0.095 seconds
[2023-05-07T22:44:54.787+0000] {processor.py:153} INFO - Started process (PID=20212) to work on /usr/local/python/3.10.4/lib/python3.10/site-packages/airflow/example_dags/tutorial.py
[2023-05-07T22:44:54.788+0000] {processor.py:743} INFO - Processing file /usr/local/python/3.10.4/lib/python3.10/site-packages/airflow/example_dags/tutorial.py for tasks to queue
[2023-05-07T22:44:54.788+0000] {logging_mixin.py:137} INFO - [2023-05-07T22:44:54.788+0000] {dagbag.py:538} INFO - Filling up the DagBag from /usr/local/python/3.10.4/lib/python3.10/site-packages/airflow/example_dags/tutorial.py
[2023-05-07T22:44:54.802+0000] {processor.py:753} INFO - DAG(s) dict_keys(['tutorial']) retrieved from /usr/local/python/3.10.4/lib/python3.10/site-packages/airflow/example_dags/tutorial.py
[2023-05-07T22:44:54.820+0000] {logging_mixin.py:137} INFO - [2023-05-07T22:44:54.820+0000] {dag.py:2690} INFO - Sync 1 DAGs
[2023-05-07T22:44:54.838+0000] {logging_mixin.py:137} INFO - [2023-05-07T22:44:54.838+0000] {dag.py:3437} INFO - Setting next_dagrun for tutorial to 2023-05-06T22:44:54.838018+00:00, run_after=2023-05-07T22:44:54.838018+00:00
[2023-05-07T22:44:54.880+0000] {processor.py:175} INFO - Processing /usr/local/python/3.10.4/lib/python3.10/site-packages/airflow/example_dags/tutorial.py took 0.096 seconds
[2023-05-07T22:45:31.321+0000] {processor.py:153} INFO - Started process (PID=20570) to work on /usr/local/python/3.10.4/lib/python3.10/site-packages/airflow/example_dags/tutorial.py
[2023-05-07T22:45:31.322+0000] {processor.py:743} INFO - Processing file /usr/local/python/3.10.4/lib/python3.10/site-packages/airflow/example_dags/tutorial.py for tasks to queue
[2023-05-07T22:45:31.322+0000] {logging_mixin.py:137} INFO - [2023-05-07T22:45:31.322+0000] {dagbag.py:538} INFO - Filling up the DagBag from /usr/local/python/3.10.4/lib/python3.10/site-packages/airflow/example_dags/tutorial.py
[2023-05-07T22:45:31.336+0000] {processor.py:753} INFO - DAG(s) dict_keys(['tutorial']) retrieved from /usr/local/python/3.10.4/lib/python3.10/site-packages/airflow/example_dags/tutorial.py
[2023-05-07T22:45:31.355+0000] {logging_mixin.py:137} INFO - [2023-05-07T22:45:31.355+0000] {dag.py:2690} INFO - Sync 1 DAGs
[2023-05-07T22:45:31.372+0000] {logging_mixin.py:137} INFO - [2023-05-07T22:45:31.372+0000] {dag.py:3437} INFO - Setting next_dagrun for tutorial to 2023-05-06T22:45:31.371852+00:00, run_after=2023-05-07T22:45:31.371852+00:00
[2023-05-07T22:45:31.414+0000] {processor.py:175} INFO - Processing /usr/local/python/3.10.4/lib/python3.10/site-packages/airflow/example_dags/tutorial.py took 0.096 seconds
[2023-05-07T22:46:12.977+0000] {processor.py:153} INFO - Started process (PID=20959) to work on /usr/local/python/3.10.4/lib/python3.10/site-packages/airflow/example_dags/tutorial.py
[2023-05-07T22:46:12.978+0000] {processor.py:743} INFO - Processing file /usr/local/python/3.10.4/lib/python3.10/site-packages/airflow/example_dags/tutorial.py for tasks to queue
[2023-05-07T22:46:12.978+0000] {logging_mixin.py:137} INFO - [2023-05-07T22:46:12.978+0000] {dagbag.py:538} INFO - Filling up the DagBag from /usr/local/python/3.10.4/lib/python3.10/site-packages/airflow/example_dags/tutorial.py
[2023-05-07T22:46:12.992+0000] {processor.py:753} INFO - DAG(s) dict_keys(['tutorial']) retrieved from /usr/local/python/3.10.4/lib/python3.10/site-packages/airflow/example_dags/tutorial.py
[2023-05-07T22:46:13.008+0000] {logging_mixin.py:137} INFO - [2023-05-07T22:46:13.008+0000] {dag.py:2690} INFO - Sync 1 DAGs
[2023-05-07T22:46:13.025+0000] {logging_mixin.py:137} INFO - [2023-05-07T22:46:13.025+0000] {dag.py:3437} INFO - Setting next_dagrun for tutorial to 2023-05-06T22:46:13.024710+00:00, run_after=2023-05-07T22:46:13.024710+00:00
[2023-05-07T22:46:13.064+0000] {processor.py:175} INFO - Processing /usr/local/python/3.10.4/lib/python3.10/site-packages/airflow/example_dags/tutorial.py took 0.091 seconds
[2023-05-07T22:46:45.830+0000] {processor.py:153} INFO - Started process (PID=21292) to work on /usr/local/python/3.10.4/lib/python3.10/site-packages/airflow/example_dags/tutorial.py
[2023-05-07T22:46:45.831+0000] {processor.py:743} INFO - Processing file /usr/local/python/3.10.4/lib/python3.10/site-packages/airflow/example_dags/tutorial.py for tasks to queue
[2023-05-07T22:46:45.832+0000] {logging_mixin.py:137} INFO - [2023-05-07T22:46:45.832+0000] {dagbag.py:538} INFO - Filling up the DagBag from /usr/local/python/3.10.4/lib/python3.10/site-packages/airflow/example_dags/tutorial.py
[2023-05-07T22:46:45.851+0000] {processor.py:753} INFO - DAG(s) dict_keys(['tutorial']) retrieved from /usr/local/python/3.10.4/lib/python3.10/site-packages/airflow/example_dags/tutorial.py
[2023-05-07T22:46:45.874+0000] {logging_mixin.py:137} INFO - [2023-05-07T22:46:45.874+0000] {dag.py:2690} INFO - Sync 1 DAGs
[2023-05-07T22:46:45.898+0000] {logging_mixin.py:137} INFO - [2023-05-07T22:46:45.898+0000] {dag.py:3437} INFO - Setting next_dagrun for tutorial to 2023-05-06T22:46:45.897907+00:00, run_after=2023-05-07T22:46:45.897907+00:00
[2023-05-07T22:46:45.960+0000] {processor.py:175} INFO - Processing /usr/local/python/3.10.4/lib/python3.10/site-packages/airflow/example_dags/tutorial.py took 0.134 seconds
[2023-05-07T22:47:19.583+0000] {processor.py:153} INFO - Started process (PID=21580) to work on /usr/local/python/3.10.4/lib/python3.10/site-packages/airflow/example_dags/tutorial.py
[2023-05-07T22:47:19.584+0000] {processor.py:743} INFO - Processing file /usr/local/python/3.10.4/lib/python3.10/site-packages/airflow/example_dags/tutorial.py for tasks to queue
[2023-05-07T22:47:19.584+0000] {logging_mixin.py:137} INFO - [2023-05-07T22:47:19.584+0000] {dagbag.py:538} INFO - Filling up the DagBag from /usr/local/python/3.10.4/lib/python3.10/site-packages/airflow/example_dags/tutorial.py
[2023-05-07T22:47:19.598+0000] {processor.py:753} INFO - DAG(s) dict_keys(['tutorial']) retrieved from /usr/local/python/3.10.4/lib/python3.10/site-packages/airflow/example_dags/tutorial.py
[2023-05-07T22:47:19.616+0000] {logging_mixin.py:137} INFO - [2023-05-07T22:47:19.616+0000] {dag.py:2690} INFO - Sync 1 DAGs
[2023-05-07T22:47:19.637+0000] {logging_mixin.py:137} INFO - [2023-05-07T22:47:19.637+0000] {dag.py:3437} INFO - Setting next_dagrun for tutorial to 2023-05-06T22:47:19.637267+00:00, run_after=2023-05-07T22:47:19.637267+00:00
[2023-05-07T22:47:19.678+0000] {processor.py:175} INFO - Processing /usr/local/python/3.10.4/lib/python3.10/site-packages/airflow/example_dags/tutorial.py took 0.098 seconds
[2023-05-07T22:47:59.529+0000] {processor.py:153} INFO - Started process (PID=21858) to work on /usr/local/python/3.10.4/lib/python3.10/site-packages/airflow/example_dags/tutorial.py
[2023-05-07T22:47:59.529+0000] {processor.py:743} INFO - Processing file /usr/local/python/3.10.4/lib/python3.10/site-packages/airflow/example_dags/tutorial.py for tasks to queue
[2023-05-07T22:47:59.530+0000] {logging_mixin.py:137} INFO - [2023-05-07T22:47:59.530+0000] {dagbag.py:538} INFO - Filling up the DagBag from /usr/local/python/3.10.4/lib/python3.10/site-packages/airflow/example_dags/tutorial.py
[2023-05-07T22:47:59.543+0000] {processor.py:753} INFO - DAG(s) dict_keys(['tutorial']) retrieved from /usr/local/python/3.10.4/lib/python3.10/site-packages/airflow/example_dags/tutorial.py
[2023-05-07T22:47:59.561+0000] {logging_mixin.py:137} INFO - [2023-05-07T22:47:59.561+0000] {dag.py:2690} INFO - Sync 1 DAGs
[2023-05-07T22:47:59.578+0000] {logging_mixin.py:137} INFO - [2023-05-07T22:47:59.578+0000] {dag.py:3437} INFO - Setting next_dagrun for tutorial to 2023-05-06T22:47:59.578165+00:00, run_after=2023-05-07T22:47:59.578165+00:00
[2023-05-07T22:47:59.622+0000] {processor.py:175} INFO - Processing /usr/local/python/3.10.4/lib/python3.10/site-packages/airflow/example_dags/tutorial.py took 0.097 seconds
[2023-05-07T22:48:33.258+0000] {processor.py:153} INFO - Started process (PID=22211) to work on /usr/local/python/3.10.4/lib/python3.10/site-packages/airflow/example_dags/tutorial.py
[2023-05-07T22:48:33.259+0000] {processor.py:743} INFO - Processing file /usr/local/python/3.10.4/lib/python3.10/site-packages/airflow/example_dags/tutorial.py for tasks to queue
[2023-05-07T22:48:33.260+0000] {logging_mixin.py:137} INFO - [2023-05-07T22:48:33.260+0000] {dagbag.py:538} INFO - Filling up the DagBag from /usr/local/python/3.10.4/lib/python3.10/site-packages/airflow/example_dags/tutorial.py
[2023-05-07T22:48:33.273+0000] {processor.py:753} INFO - DAG(s) dict_keys(['tutorial']) retrieved from /usr/local/python/3.10.4/lib/python3.10/site-packages/airflow/example_dags/tutorial.py
[2023-05-07T22:48:33.290+0000] {logging_mixin.py:137} INFO - [2023-05-07T22:48:33.290+0000] {dag.py:2690} INFO - Sync 1 DAGs
[2023-05-07T22:48:33.309+0000] {logging_mixin.py:137} INFO - [2023-05-07T22:48:33.308+0000] {dag.py:3437} INFO - Setting next_dagrun for tutorial to 2023-05-06T22:48:33.308778+00:00, run_after=2023-05-07T22:48:33.308778+00:00
[2023-05-07T22:48:33.350+0000] {processor.py:175} INFO - Processing /usr/local/python/3.10.4/lib/python3.10/site-packages/airflow/example_dags/tutorial.py took 0.095 seconds
[2023-05-07T22:49:05.851+0000] {processor.py:153} INFO - Started process (PID=22571) to work on /usr/local/python/3.10.4/lib/python3.10/site-packages/airflow/example_dags/tutorial.py
[2023-05-07T22:49:05.852+0000] {processor.py:743} INFO - Processing file /usr/local/python/3.10.4/lib/python3.10/site-packages/airflow/example_dags/tutorial.py for tasks to queue
[2023-05-07T22:49:05.853+0000] {logging_mixin.py:137} INFO - [2023-05-07T22:49:05.852+0000] {dagbag.py:538} INFO - Filling up the DagBag from /usr/local/python/3.10.4/lib/python3.10/site-packages/airflow/example_dags/tutorial.py
[2023-05-07T22:49:05.873+0000] {processor.py:753} INFO - DAG(s) dict_keys(['tutorial']) retrieved from /usr/local/python/3.10.4/lib/python3.10/site-packages/airflow/example_dags/tutorial.py
[2023-05-07T22:49:05.896+0000] {logging_mixin.py:137} INFO - [2023-05-07T22:49:05.896+0000] {dag.py:2690} INFO - Sync 1 DAGs
[2023-05-07T22:49:05.923+0000] {logging_mixin.py:137} INFO - [2023-05-07T22:49:05.923+0000] {dag.py:3437} INFO - Setting next_dagrun for tutorial to 2023-05-06T22:49:05.923331+00:00, run_after=2023-05-07T22:49:05.923331+00:00
[2023-05-07T22:49:05.979+0000] {processor.py:175} INFO - Processing /usr/local/python/3.10.4/lib/python3.10/site-packages/airflow/example_dags/tutorial.py took 0.138 seconds
[2023-05-07T22:49:40.025+0000] {processor.py:153} INFO - Started process (PID=22897) to work on /usr/local/python/3.10.4/lib/python3.10/site-packages/airflow/example_dags/tutorial.py
[2023-05-07T22:49:40.026+0000] {processor.py:743} INFO - Processing file /usr/local/python/3.10.4/lib/python3.10/site-packages/airflow/example_dags/tutorial.py for tasks to queue
[2023-05-07T22:49:40.027+0000] {logging_mixin.py:137} INFO - [2023-05-07T22:49:40.027+0000] {dagbag.py:538} INFO - Filling up the DagBag from /usr/local/python/3.10.4/lib/python3.10/site-packages/airflow/example_dags/tutorial.py
[2023-05-07T22:49:40.040+0000] {processor.py:753} INFO - DAG(s) dict_keys(['tutorial']) retrieved from /usr/local/python/3.10.4/lib/python3.10/site-packages/airflow/example_dags/tutorial.py
[2023-05-07T22:49:40.058+0000] {logging_mixin.py:137} INFO - [2023-05-07T22:49:40.058+0000] {dag.py:2690} INFO - Sync 1 DAGs
[2023-05-07T22:49:40.076+0000] {logging_mixin.py:137} INFO - [2023-05-07T22:49:40.076+0000] {dag.py:3437} INFO - Setting next_dagrun for tutorial to 2023-05-06T22:49:40.076317+00:00, run_after=2023-05-07T22:49:40.076317+00:00
[2023-05-07T22:49:40.121+0000] {processor.py:175} INFO - Processing /usr/local/python/3.10.4/lib/python3.10/site-packages/airflow/example_dags/tutorial.py took 0.098 seconds
[2023-05-07T22:50:11.108+0000] {processor.py:153} INFO - Started process (PID=23128) to work on /usr/local/python/3.10.4/lib/python3.10/site-packages/airflow/example_dags/tutorial.py
[2023-05-07T22:50:11.108+0000] {processor.py:743} INFO - Processing file /usr/local/python/3.10.4/lib/python3.10/site-packages/airflow/example_dags/tutorial.py for tasks to queue
[2023-05-07T22:50:11.109+0000] {logging_mixin.py:137} INFO - [2023-05-07T22:50:11.109+0000] {dagbag.py:538} INFO - Filling up the DagBag from /usr/local/python/3.10.4/lib/python3.10/site-packages/airflow/example_dags/tutorial.py
[2023-05-07T22:50:11.122+0000] {processor.py:753} INFO - DAG(s) dict_keys(['tutorial']) retrieved from /usr/local/python/3.10.4/lib/python3.10/site-packages/airflow/example_dags/tutorial.py
[2023-05-07T22:50:11.140+0000] {logging_mixin.py:137} INFO - [2023-05-07T22:50:11.140+0000] {dag.py:2690} INFO - Sync 1 DAGs
[2023-05-07T22:50:11.157+0000] {logging_mixin.py:137} INFO - [2023-05-07T22:50:11.156+0000] {dag.py:3437} INFO - Setting next_dagrun for tutorial to 2023-05-06T22:50:11.156761+00:00, run_after=2023-05-07T22:50:11.156761+00:00
[2023-05-07T22:50:11.198+0000] {processor.py:175} INFO - Processing /usr/local/python/3.10.4/lib/python3.10/site-packages/airflow/example_dags/tutorial.py took 0.093 seconds
[2023-05-07T22:50:42.620+0000] {processor.py:153} INFO - Started process (PID=23361) to work on /usr/local/python/3.10.4/lib/python3.10/site-packages/airflow/example_dags/tutorial.py
[2023-05-07T22:50:42.621+0000] {processor.py:743} INFO - Processing file /usr/local/python/3.10.4/lib/python3.10/site-packages/airflow/example_dags/tutorial.py for tasks to queue
[2023-05-07T22:50:42.622+0000] {logging_mixin.py:137} INFO - [2023-05-07T22:50:42.621+0000] {dagbag.py:538} INFO - Filling up the DagBag from /usr/local/python/3.10.4/lib/python3.10/site-packages/airflow/example_dags/tutorial.py
[2023-05-07T22:50:42.637+0000] {processor.py:753} INFO - DAG(s) dict_keys(['tutorial']) retrieved from /usr/local/python/3.10.4/lib/python3.10/site-packages/airflow/example_dags/tutorial.py
[2023-05-07T22:50:42.654+0000] {logging_mixin.py:137} INFO - [2023-05-07T22:50:42.654+0000] {dag.py:2690} INFO - Sync 1 DAGs
[2023-05-07T22:50:42.671+0000] {logging_mixin.py:137} INFO - [2023-05-07T22:50:42.671+0000] {dag.py:3437} INFO - Setting next_dagrun for tutorial to 2023-05-06T22:50:42.671157+00:00, run_after=2023-05-07T22:50:42.671157+00:00
[2023-05-07T22:50:42.712+0000] {processor.py:175} INFO - Processing /usr/local/python/3.10.4/lib/python3.10/site-packages/airflow/example_dags/tutorial.py took 0.097 seconds
[2023-05-07T22:51:17.864+0000] {processor.py:153} INFO - Started process (PID=23700) to work on /usr/local/python/3.10.4/lib/python3.10/site-packages/airflow/example_dags/tutorial.py
[2023-05-07T22:51:17.865+0000] {processor.py:743} INFO - Processing file /usr/local/python/3.10.4/lib/python3.10/site-packages/airflow/example_dags/tutorial.py for tasks to queue
[2023-05-07T22:51:17.866+0000] {logging_mixin.py:137} INFO - [2023-05-07T22:51:17.866+0000] {dagbag.py:538} INFO - Filling up the DagBag from /usr/local/python/3.10.4/lib/python3.10/site-packages/airflow/example_dags/tutorial.py
[2023-05-07T22:51:17.879+0000] {processor.py:753} INFO - DAG(s) dict_keys(['tutorial']) retrieved from /usr/local/python/3.10.4/lib/python3.10/site-packages/airflow/example_dags/tutorial.py
[2023-05-07T22:51:17.897+0000] {logging_mixin.py:137} INFO - [2023-05-07T22:51:17.897+0000] {dag.py:2690} INFO - Sync 1 DAGs
[2023-05-07T22:51:17.913+0000] {logging_mixin.py:137} INFO - [2023-05-07T22:51:17.913+0000] {dag.py:3437} INFO - Setting next_dagrun for tutorial to 2023-05-06T22:51:17.913603+00:00, run_after=2023-05-07T22:51:17.913603+00:00
[2023-05-07T22:51:17.968+0000] {processor.py:175} INFO - Processing /usr/local/python/3.10.4/lib/python3.10/site-packages/airflow/example_dags/tutorial.py took 0.106 seconds
[2023-05-07T22:51:48.195+0000] {processor.py:153} INFO - Started process (PID=23909) to work on /usr/local/python/3.10.4/lib/python3.10/site-packages/airflow/example_dags/tutorial.py
[2023-05-07T22:51:48.196+0000] {processor.py:743} INFO - Processing file /usr/local/python/3.10.4/lib/python3.10/site-packages/airflow/example_dags/tutorial.py for tasks to queue
[2023-05-07T22:51:48.197+0000] {logging_mixin.py:137} INFO - [2023-05-07T22:51:48.197+0000] {dagbag.py:538} INFO - Filling up the DagBag from /usr/local/python/3.10.4/lib/python3.10/site-packages/airflow/example_dags/tutorial.py
[2023-05-07T22:51:48.210+0000] {processor.py:753} INFO - DAG(s) dict_keys(['tutorial']) retrieved from /usr/local/python/3.10.4/lib/python3.10/site-packages/airflow/example_dags/tutorial.py
[2023-05-07T22:51:48.227+0000] {logging_mixin.py:137} INFO - [2023-05-07T22:51:48.227+0000] {dag.py:2690} INFO - Sync 1 DAGs
[2023-05-07T22:51:48.244+0000] {logging_mixin.py:137} INFO - [2023-05-07T22:51:48.244+0000] {dag.py:3437} INFO - Setting next_dagrun for tutorial to 2023-05-06T22:51:48.243971+00:00, run_after=2023-05-07T22:51:48.243971+00:00
[2023-05-07T22:51:48.291+0000] {processor.py:175} INFO - Processing /usr/local/python/3.10.4/lib/python3.10/site-packages/airflow/example_dags/tutorial.py took 0.099 seconds
[2023-05-07T22:52:20.208+0000] {processor.py:153} INFO - Started process (PID=24033) to work on /usr/local/python/3.10.4/lib/python3.10/site-packages/airflow/example_dags/tutorial.py
[2023-05-07T22:52:20.209+0000] {processor.py:743} INFO - Processing file /usr/local/python/3.10.4/lib/python3.10/site-packages/airflow/example_dags/tutorial.py for tasks to queue
[2023-05-07T22:52:20.210+0000] {logging_mixin.py:137} INFO - [2023-05-07T22:52:20.210+0000] {dagbag.py:538} INFO - Filling up the DagBag from /usr/local/python/3.10.4/lib/python3.10/site-packages/airflow/example_dags/tutorial.py
[2023-05-07T22:52:20.223+0000] {processor.py:753} INFO - DAG(s) dict_keys(['tutorial']) retrieved from /usr/local/python/3.10.4/lib/python3.10/site-packages/airflow/example_dags/tutorial.py
[2023-05-07T22:52:20.240+0000] {logging_mixin.py:137} INFO - [2023-05-07T22:52:20.240+0000] {dag.py:2690} INFO - Sync 1 DAGs
[2023-05-07T22:52:20.258+0000] {logging_mixin.py:137} INFO - [2023-05-07T22:52:20.258+0000] {dag.py:3437} INFO - Setting next_dagrun for tutorial to 2023-05-06T22:52:20.257945+00:00, run_after=2023-05-07T22:52:20.257945+00:00
[2023-05-07T22:52:20.299+0000] {processor.py:175} INFO - Processing /usr/local/python/3.10.4/lib/python3.10/site-packages/airflow/example_dags/tutorial.py took 0.094 seconds
[2023-05-07T22:52:53.195+0000] {processor.py:153} INFO - Started process (PID=24128) to work on /usr/local/python/3.10.4/lib/python3.10/site-packages/airflow/example_dags/tutorial.py
[2023-05-07T22:52:53.196+0000] {processor.py:743} INFO - Processing file /usr/local/python/3.10.4/lib/python3.10/site-packages/airflow/example_dags/tutorial.py for tasks to queue
[2023-05-07T22:52:53.197+0000] {logging_mixin.py:137} INFO - [2023-05-07T22:52:53.196+0000] {dagbag.py:538} INFO - Filling up the DagBag from /usr/local/python/3.10.4/lib/python3.10/site-packages/airflow/example_dags/tutorial.py
[2023-05-07T22:52:53.210+0000] {processor.py:753} INFO - DAG(s) dict_keys(['tutorial']) retrieved from /usr/local/python/3.10.4/lib/python3.10/site-packages/airflow/example_dags/tutorial.py
[2023-05-07T22:52:53.232+0000] {logging_mixin.py:137} INFO - [2023-05-07T22:52:53.232+0000] {dag.py:2690} INFO - Sync 1 DAGs
[2023-05-07T22:52:53.250+0000] {logging_mixin.py:137} INFO - [2023-05-07T22:52:53.249+0000] {dag.py:3437} INFO - Setting next_dagrun for tutorial to 2023-05-06T22:52:53.249719+00:00, run_after=2023-05-07T22:52:53.249719+00:00
[2023-05-07T22:52:53.288+0000] {processor.py:175} INFO - Processing /usr/local/python/3.10.4/lib/python3.10/site-packages/airflow/example_dags/tutorial.py took 0.096 seconds
