[2023-05-07T22:22:02.716+0000] {processor.py:153} INFO - Started process (PID=9769) to work on /usr/local/python/3.10.4/lib/python3.10/site-packages/airflow/example_dags/tutorial_dag.py
[2023-05-07T22:22:02.717+0000] {processor.py:743} INFO - Processing file /usr/local/python/3.10.4/lib/python3.10/site-packages/airflow/example_dags/tutorial_dag.py for tasks to queue
[2023-05-07T22:22:02.718+0000] {logging_mixin.py:137} INFO - [2023-05-07T22:22:02.717+0000] {dagbag.py:538} INFO - Filling up the DagBag from /usr/local/python/3.10.4/lib/python3.10/site-packages/airflow/example_dags/tutorial_dag.py
[2023-05-07T22:22:02.730+0000] {processor.py:753} INFO - DAG(s) dict_keys(['tutorial_dag']) retrieved from /usr/local/python/3.10.4/lib/python3.10/site-packages/airflow/example_dags/tutorial_dag.py
[2023-05-07T22:22:02.874+0000] {logging_mixin.py:137} INFO - [2023-05-07T22:22:02.874+0000] {manager.py:504} INFO - Created Permission View: can edit on DAG:tutorial_dag
[2023-05-07T22:22:02.906+0000] {logging_mixin.py:137} INFO - [2023-05-07T22:22:02.905+0000] {manager.py:504} INFO - Created Permission View: can delete on DAG:tutorial_dag
[2023-05-07T22:22:02.937+0000] {logging_mixin.py:137} INFO - [2023-05-07T22:22:02.936+0000] {manager.py:504} INFO - Created Permission View: can read on DAG:tutorial_dag
[2023-05-07T22:22:02.937+0000] {logging_mixin.py:137} INFO - [2023-05-07T22:22:02.937+0000] {dag.py:2690} INFO - Sync 1 DAGs
[2023-05-07T22:22:02.947+0000] {logging_mixin.py:137} INFO - [2023-05-07T22:22:02.947+0000] {dag.py:2711} INFO - Creating ORM DAG for tutorial_dag
[2023-05-07T22:22:02.954+0000] {logging_mixin.py:137} INFO - [2023-05-07T22:22:02.954+0000] {dag.py:3437} INFO - Setting next_dagrun for tutorial_dag to None, run_after=None
[2023-05-07T22:22:02.999+0000] {processor.py:175} INFO - Processing /usr/local/python/3.10.4/lib/python3.10/site-packages/airflow/example_dags/tutorial_dag.py took 0.285 seconds
[2023-05-07T22:22:48.979+0000] {processor.py:153} INFO - Started process (PID=10107) to work on /usr/local/python/3.10.4/lib/python3.10/site-packages/airflow/example_dags/tutorial_dag.py
[2023-05-07T22:22:48.980+0000] {processor.py:743} INFO - Processing file /usr/local/python/3.10.4/lib/python3.10/site-packages/airflow/example_dags/tutorial_dag.py for tasks to queue
[2023-05-07T22:22:48.981+0000] {logging_mixin.py:137} INFO - [2023-05-07T22:22:48.980+0000] {dagbag.py:538} INFO - Filling up the DagBag from /usr/local/python/3.10.4/lib/python3.10/site-packages/airflow/example_dags/tutorial_dag.py
[2023-05-07T22:22:48.993+0000] {processor.py:753} INFO - DAG(s) dict_keys(['tutorial_dag']) retrieved from /usr/local/python/3.10.4/lib/python3.10/site-packages/airflow/example_dags/tutorial_dag.py
[2023-05-07T22:22:49.011+0000] {logging_mixin.py:137} INFO - [2023-05-07T22:22:49.011+0000] {dag.py:2690} INFO - Sync 1 DAGs
[2023-05-07T22:22:49.028+0000] {logging_mixin.py:137} INFO - [2023-05-07T22:22:49.027+0000] {dag.py:3437} INFO - Setting next_dagrun for tutorial_dag to None, run_after=None
[2023-05-07T22:22:49.070+0000] {processor.py:175} INFO - Processing /usr/local/python/3.10.4/lib/python3.10/site-packages/airflow/example_dags/tutorial_dag.py took 0.094 seconds
[2023-05-07T22:23:28.849+0000] {processor.py:153} INFO - Started process (PID=10434) to work on /usr/local/python/3.10.4/lib/python3.10/site-packages/airflow/example_dags/tutorial_dag.py
[2023-05-07T22:23:28.850+0000] {processor.py:743} INFO - Processing file /usr/local/python/3.10.4/lib/python3.10/site-packages/airflow/example_dags/tutorial_dag.py for tasks to queue
[2023-05-07T22:23:28.850+0000] {logging_mixin.py:137} INFO - [2023-05-07T22:23:28.850+0000] {dagbag.py:538} INFO - Filling up the DagBag from /usr/local/python/3.10.4/lib/python3.10/site-packages/airflow/example_dags/tutorial_dag.py
[2023-05-07T22:23:28.863+0000] {processor.py:753} INFO - DAG(s) dict_keys(['tutorial_dag']) retrieved from /usr/local/python/3.10.4/lib/python3.10/site-packages/airflow/example_dags/tutorial_dag.py
[2023-05-07T22:23:28.880+0000] {logging_mixin.py:137} INFO - [2023-05-07T22:23:28.880+0000] {dag.py:2690} INFO - Sync 1 DAGs
[2023-05-07T22:23:28.897+0000] {logging_mixin.py:137} INFO - [2023-05-07T22:23:28.897+0000] {dag.py:3437} INFO - Setting next_dagrun for tutorial_dag to None, run_after=None
[2023-05-07T22:23:28.938+0000] {processor.py:175} INFO - Processing /usr/local/python/3.10.4/lib/python3.10/site-packages/airflow/example_dags/tutorial_dag.py took 0.092 seconds
[2023-05-07T22:24:08.298+0000] {processor.py:153} INFO - Started process (PID=10781) to work on /usr/local/python/3.10.4/lib/python3.10/site-packages/airflow/example_dags/tutorial_dag.py
[2023-05-07T22:24:08.299+0000] {processor.py:743} INFO - Processing file /usr/local/python/3.10.4/lib/python3.10/site-packages/airflow/example_dags/tutorial_dag.py for tasks to queue
[2023-05-07T22:24:08.299+0000] {logging_mixin.py:137} INFO - [2023-05-07T22:24:08.299+0000] {dagbag.py:538} INFO - Filling up the DagBag from /usr/local/python/3.10.4/lib/python3.10/site-packages/airflow/example_dags/tutorial_dag.py
[2023-05-07T22:24:08.313+0000] {processor.py:753} INFO - DAG(s) dict_keys(['tutorial_dag']) retrieved from /usr/local/python/3.10.4/lib/python3.10/site-packages/airflow/example_dags/tutorial_dag.py
[2023-05-07T22:24:08.330+0000] {logging_mixin.py:137} INFO - [2023-05-07T22:24:08.330+0000] {dag.py:2690} INFO - Sync 1 DAGs
[2023-05-07T22:24:08.347+0000] {logging_mixin.py:137} INFO - [2023-05-07T22:24:08.347+0000] {dag.py:3437} INFO - Setting next_dagrun for tutorial_dag to None, run_after=None
[2023-05-07T22:24:08.389+0000] {processor.py:175} INFO - Processing /usr/local/python/3.10.4/lib/python3.10/site-packages/airflow/example_dags/tutorial_dag.py took 0.094 seconds
[2023-05-07T22:24:47.412+0000] {processor.py:153} INFO - Started process (PID=11088) to work on /usr/local/python/3.10.4/lib/python3.10/site-packages/airflow/example_dags/tutorial_dag.py
[2023-05-07T22:24:47.417+0000] {processor.py:743} INFO - Processing file /usr/local/python/3.10.4/lib/python3.10/site-packages/airflow/example_dags/tutorial_dag.py for tasks to queue
[2023-05-07T22:24:47.420+0000] {logging_mixin.py:137} INFO - [2023-05-07T22:24:47.420+0000] {dagbag.py:538} INFO - Filling up the DagBag from /usr/local/python/3.10.4/lib/python3.10/site-packages/airflow/example_dags/tutorial_dag.py
[2023-05-07T22:24:47.438+0000] {processor.py:753} INFO - DAG(s) dict_keys(['tutorial_dag']) retrieved from /usr/local/python/3.10.4/lib/python3.10/site-packages/airflow/example_dags/tutorial_dag.py
[2023-05-07T22:24:47.479+0000] {logging_mixin.py:137} INFO - [2023-05-07T22:24:47.479+0000] {dag.py:2690} INFO - Sync 1 DAGs
[2023-05-07T22:24:47.504+0000] {logging_mixin.py:137} INFO - [2023-05-07T22:24:47.504+0000] {dag.py:3437} INFO - Setting next_dagrun for tutorial_dag to None, run_after=None
[2023-05-07T22:24:47.566+0000] {processor.py:175} INFO - Processing /usr/local/python/3.10.4/lib/python3.10/site-packages/airflow/example_dags/tutorial_dag.py took 0.169 seconds
[2023-05-07T22:25:28.953+0000] {processor.py:153} INFO - Started process (PID=11393) to work on /usr/local/python/3.10.4/lib/python3.10/site-packages/airflow/example_dags/tutorial_dag.py
[2023-05-07T22:25:28.954+0000] {processor.py:743} INFO - Processing file /usr/local/python/3.10.4/lib/python3.10/site-packages/airflow/example_dags/tutorial_dag.py for tasks to queue
[2023-05-07T22:25:28.954+0000] {logging_mixin.py:137} INFO - [2023-05-07T22:25:28.954+0000] {dagbag.py:538} INFO - Filling up the DagBag from /usr/local/python/3.10.4/lib/python3.10/site-packages/airflow/example_dags/tutorial_dag.py
[2023-05-07T22:25:28.967+0000] {processor.py:753} INFO - DAG(s) dict_keys(['tutorial_dag']) retrieved from /usr/local/python/3.10.4/lib/python3.10/site-packages/airflow/example_dags/tutorial_dag.py
[2023-05-07T22:25:28.986+0000] {logging_mixin.py:137} INFO - [2023-05-07T22:25:28.986+0000] {dag.py:2690} INFO - Sync 1 DAGs
[2023-05-07T22:25:29.003+0000] {logging_mixin.py:137} INFO - [2023-05-07T22:25:29.002+0000] {dag.py:3437} INFO - Setting next_dagrun for tutorial_dag to None, run_after=None
[2023-05-07T22:25:29.045+0000] {processor.py:175} INFO - Processing /usr/local/python/3.10.4/lib/python3.10/site-packages/airflow/example_dags/tutorial_dag.py took 0.095 seconds
[2023-05-07T22:26:01.376+0000] {processor.py:153} INFO - Started process (PID=11635) to work on /usr/local/python/3.10.4/lib/python3.10/site-packages/airflow/example_dags/tutorial_dag.py
[2023-05-07T22:26:01.377+0000] {processor.py:743} INFO - Processing file /usr/local/python/3.10.4/lib/python3.10/site-packages/airflow/example_dags/tutorial_dag.py for tasks to queue
[2023-05-07T22:26:01.378+0000] {logging_mixin.py:137} INFO - [2023-05-07T22:26:01.378+0000] {dagbag.py:538} INFO - Filling up the DagBag from /usr/local/python/3.10.4/lib/python3.10/site-packages/airflow/example_dags/tutorial_dag.py
[2023-05-07T22:26:01.393+0000] {processor.py:753} INFO - DAG(s) dict_keys(['tutorial_dag']) retrieved from /usr/local/python/3.10.4/lib/python3.10/site-packages/airflow/example_dags/tutorial_dag.py
[2023-05-07T22:26:01.419+0000] {logging_mixin.py:137} INFO - [2023-05-07T22:26:01.419+0000] {dag.py:2690} INFO - Sync 1 DAGs
[2023-05-07T22:26:01.446+0000] {logging_mixin.py:137} INFO - [2023-05-07T22:26:01.445+0000] {dag.py:3437} INFO - Setting next_dagrun for tutorial_dag to None, run_after=None
[2023-05-07T22:26:01.497+0000] {processor.py:175} INFO - Processing /usr/local/python/3.10.4/lib/python3.10/site-packages/airflow/example_dags/tutorial_dag.py took 0.127 seconds
[2023-05-07T22:26:33.464+0000] {processor.py:153} INFO - Started process (PID=11870) to work on /usr/local/python/3.10.4/lib/python3.10/site-packages/airflow/example_dags/tutorial_dag.py
[2023-05-07T22:26:33.465+0000] {processor.py:743} INFO - Processing file /usr/local/python/3.10.4/lib/python3.10/site-packages/airflow/example_dags/tutorial_dag.py for tasks to queue
[2023-05-07T22:26:33.465+0000] {logging_mixin.py:137} INFO - [2023-05-07T22:26:33.465+0000] {dagbag.py:538} INFO - Filling up the DagBag from /usr/local/python/3.10.4/lib/python3.10/site-packages/airflow/example_dags/tutorial_dag.py
[2023-05-07T22:26:33.478+0000] {processor.py:753} INFO - DAG(s) dict_keys(['tutorial_dag']) retrieved from /usr/local/python/3.10.4/lib/python3.10/site-packages/airflow/example_dags/tutorial_dag.py
[2023-05-07T22:26:33.496+0000] {logging_mixin.py:137} INFO - [2023-05-07T22:26:33.496+0000] {dag.py:2690} INFO - Sync 1 DAGs
[2023-05-07T22:26:33.513+0000] {logging_mixin.py:137} INFO - [2023-05-07T22:26:33.513+0000] {dag.py:3437} INFO - Setting next_dagrun for tutorial_dag to None, run_after=None
[2023-05-07T22:26:33.553+0000] {processor.py:175} INFO - Processing /usr/local/python/3.10.4/lib/python3.10/site-packages/airflow/example_dags/tutorial_dag.py took 0.092 seconds
[2023-05-07T22:27:04.867+0000] {processor.py:153} INFO - Started process (PID=12084) to work on /usr/local/python/3.10.4/lib/python3.10/site-packages/airflow/example_dags/tutorial_dag.py
[2023-05-07T22:27:04.868+0000] {processor.py:743} INFO - Processing file /usr/local/python/3.10.4/lib/python3.10/site-packages/airflow/example_dags/tutorial_dag.py for tasks to queue
[2023-05-07T22:27:04.868+0000] {logging_mixin.py:137} INFO - [2023-05-07T22:27:04.868+0000] {dagbag.py:538} INFO - Filling up the DagBag from /usr/local/python/3.10.4/lib/python3.10/site-packages/airflow/example_dags/tutorial_dag.py
[2023-05-07T22:27:04.881+0000] {processor.py:753} INFO - DAG(s) dict_keys(['tutorial_dag']) retrieved from /usr/local/python/3.10.4/lib/python3.10/site-packages/airflow/example_dags/tutorial_dag.py
[2023-05-07T22:27:04.898+0000] {logging_mixin.py:137} INFO - [2023-05-07T22:27:04.898+0000] {dag.py:2690} INFO - Sync 1 DAGs
[2023-05-07T22:27:04.916+0000] {logging_mixin.py:137} INFO - [2023-05-07T22:27:04.915+0000] {dag.py:3437} INFO - Setting next_dagrun for tutorial_dag to None, run_after=None
[2023-05-07T22:27:04.957+0000] {processor.py:175} INFO - Processing /usr/local/python/3.10.4/lib/python3.10/site-packages/airflow/example_dags/tutorial_dag.py took 0.093 seconds
[2023-05-07T22:27:36.299+0000] {processor.py:153} INFO - Started process (PID=12294) to work on /usr/local/python/3.10.4/lib/python3.10/site-packages/airflow/example_dags/tutorial_dag.py
[2023-05-07T22:27:36.300+0000] {processor.py:743} INFO - Processing file /usr/local/python/3.10.4/lib/python3.10/site-packages/airflow/example_dags/tutorial_dag.py for tasks to queue
[2023-05-07T22:27:36.301+0000] {logging_mixin.py:137} INFO - [2023-05-07T22:27:36.301+0000] {dagbag.py:538} INFO - Filling up the DagBag from /usr/local/python/3.10.4/lib/python3.10/site-packages/airflow/example_dags/tutorial_dag.py
[2023-05-07T22:27:36.313+0000] {processor.py:753} INFO - DAG(s) dict_keys(['tutorial_dag']) retrieved from /usr/local/python/3.10.4/lib/python3.10/site-packages/airflow/example_dags/tutorial_dag.py
[2023-05-07T22:27:36.331+0000] {logging_mixin.py:137} INFO - [2023-05-07T22:27:36.331+0000] {dag.py:2690} INFO - Sync 1 DAGs
[2023-05-07T22:27:36.349+0000] {logging_mixin.py:137} INFO - [2023-05-07T22:27:36.348+0000] {dag.py:3437} INFO - Setting next_dagrun for tutorial_dag to None, run_after=None
[2023-05-07T22:27:36.392+0000] {processor.py:175} INFO - Processing /usr/local/python/3.10.4/lib/python3.10/site-packages/airflow/example_dags/tutorial_dag.py took 0.095 seconds
[2023-05-07T22:28:10.029+0000] {processor.py:153} INFO - Started process (PID=12530) to work on /usr/local/python/3.10.4/lib/python3.10/site-packages/airflow/example_dags/tutorial_dag.py
[2023-05-07T22:28:10.029+0000] {processor.py:743} INFO - Processing file /usr/local/python/3.10.4/lib/python3.10/site-packages/airflow/example_dags/tutorial_dag.py for tasks to queue
[2023-05-07T22:28:10.030+0000] {logging_mixin.py:137} INFO - [2023-05-07T22:28:10.030+0000] {dagbag.py:538} INFO - Filling up the DagBag from /usr/local/python/3.10.4/lib/python3.10/site-packages/airflow/example_dags/tutorial_dag.py
[2023-05-07T22:28:10.042+0000] {processor.py:753} INFO - DAG(s) dict_keys(['tutorial_dag']) retrieved from /usr/local/python/3.10.4/lib/python3.10/site-packages/airflow/example_dags/tutorial_dag.py
[2023-05-07T22:28:10.060+0000] {logging_mixin.py:137} INFO - [2023-05-07T22:28:10.060+0000] {dag.py:2690} INFO - Sync 1 DAGs
[2023-05-07T22:28:10.077+0000] {logging_mixin.py:137} INFO - [2023-05-07T22:28:10.077+0000] {dag.py:3437} INFO - Setting next_dagrun for tutorial_dag to None, run_after=None
[2023-05-07T22:28:10.118+0000] {processor.py:175} INFO - Processing /usr/local/python/3.10.4/lib/python3.10/site-packages/airflow/example_dags/tutorial_dag.py took 0.092 seconds
[2023-05-07T22:28:42.583+0000] {processor.py:153} INFO - Started process (PID=12751) to work on /usr/local/python/3.10.4/lib/python3.10/site-packages/airflow/example_dags/tutorial_dag.py
[2023-05-07T22:28:42.584+0000] {processor.py:743} INFO - Processing file /usr/local/python/3.10.4/lib/python3.10/site-packages/airflow/example_dags/tutorial_dag.py for tasks to queue
[2023-05-07T22:28:42.585+0000] {logging_mixin.py:137} INFO - [2023-05-07T22:28:42.585+0000] {dagbag.py:538} INFO - Filling up the DagBag from /usr/local/python/3.10.4/lib/python3.10/site-packages/airflow/example_dags/tutorial_dag.py
[2023-05-07T22:28:42.598+0000] {processor.py:753} INFO - DAG(s) dict_keys(['tutorial_dag']) retrieved from /usr/local/python/3.10.4/lib/python3.10/site-packages/airflow/example_dags/tutorial_dag.py
[2023-05-07T22:28:42.615+0000] {logging_mixin.py:137} INFO - [2023-05-07T22:28:42.615+0000] {dag.py:2690} INFO - Sync 1 DAGs
[2023-05-07T22:28:42.632+0000] {logging_mixin.py:137} INFO - [2023-05-07T22:28:42.632+0000] {dag.py:3437} INFO - Setting next_dagrun for tutorial_dag to None, run_after=None
[2023-05-07T22:28:42.673+0000] {processor.py:175} INFO - Processing /usr/local/python/3.10.4/lib/python3.10/site-packages/airflow/example_dags/tutorial_dag.py took 0.092 seconds
[2023-05-07T22:29:18.641+0000] {processor.py:153} INFO - Started process (PID=13003) to work on /usr/local/python/3.10.4/lib/python3.10/site-packages/airflow/example_dags/tutorial_dag.py
[2023-05-07T22:29:18.642+0000] {processor.py:743} INFO - Processing file /usr/local/python/3.10.4/lib/python3.10/site-packages/airflow/example_dags/tutorial_dag.py for tasks to queue
[2023-05-07T22:29:18.642+0000] {logging_mixin.py:137} INFO - [2023-05-07T22:29:18.642+0000] {dagbag.py:538} INFO - Filling up the DagBag from /usr/local/python/3.10.4/lib/python3.10/site-packages/airflow/example_dags/tutorial_dag.py
[2023-05-07T22:29:18.655+0000] {processor.py:753} INFO - DAG(s) dict_keys(['tutorial_dag']) retrieved from /usr/local/python/3.10.4/lib/python3.10/site-packages/airflow/example_dags/tutorial_dag.py
[2023-05-07T22:29:18.673+0000] {logging_mixin.py:137} INFO - [2023-05-07T22:29:18.673+0000] {dag.py:2690} INFO - Sync 1 DAGs
[2023-05-07T22:29:18.690+0000] {logging_mixin.py:137} INFO - [2023-05-07T22:29:18.689+0000] {dag.py:3437} INFO - Setting next_dagrun for tutorial_dag to None, run_after=None
[2023-05-07T22:29:18.735+0000] {processor.py:175} INFO - Processing /usr/local/python/3.10.4/lib/python3.10/site-packages/airflow/example_dags/tutorial_dag.py took 0.096 seconds
[2023-05-07T22:29:59.793+0000] {processor.py:153} INFO - Started process (PID=13297) to work on /usr/local/python/3.10.4/lib/python3.10/site-packages/airflow/example_dags/tutorial_dag.py
[2023-05-07T22:29:59.794+0000] {processor.py:743} INFO - Processing file /usr/local/python/3.10.4/lib/python3.10/site-packages/airflow/example_dags/tutorial_dag.py for tasks to queue
[2023-05-07T22:29:59.795+0000] {logging_mixin.py:137} INFO - [2023-05-07T22:29:59.795+0000] {dagbag.py:538} INFO - Filling up the DagBag from /usr/local/python/3.10.4/lib/python3.10/site-packages/airflow/example_dags/tutorial_dag.py
[2023-05-07T22:29:59.808+0000] {processor.py:753} INFO - DAG(s) dict_keys(['tutorial_dag']) retrieved from /usr/local/python/3.10.4/lib/python3.10/site-packages/airflow/example_dags/tutorial_dag.py
[2023-05-07T22:29:59.826+0000] {logging_mixin.py:137} INFO - [2023-05-07T22:29:59.826+0000] {dag.py:2690} INFO - Sync 1 DAGs
[2023-05-07T22:29:59.842+0000] {logging_mixin.py:137} INFO - [2023-05-07T22:29:59.842+0000] {dag.py:3437} INFO - Setting next_dagrun for tutorial_dag to None, run_after=None
[2023-05-07T22:29:59.994+0000] {processor.py:175} INFO - Processing /usr/local/python/3.10.4/lib/python3.10/site-packages/airflow/example_dags/tutorial_dag.py took 0.203 seconds
[2023-05-07T22:30:45.108+0000] {processor.py:153} INFO - Started process (PID=13590) to work on /usr/local/python/3.10.4/lib/python3.10/site-packages/airflow/example_dags/tutorial_dag.py
[2023-05-07T22:30:45.109+0000] {processor.py:743} INFO - Processing file /usr/local/python/3.10.4/lib/python3.10/site-packages/airflow/example_dags/tutorial_dag.py for tasks to queue
[2023-05-07T22:30:45.109+0000] {logging_mixin.py:137} INFO - [2023-05-07T22:30:45.109+0000] {dagbag.py:538} INFO - Filling up the DagBag from /usr/local/python/3.10.4/lib/python3.10/site-packages/airflow/example_dags/tutorial_dag.py
[2023-05-07T22:30:45.122+0000] {processor.py:753} INFO - DAG(s) dict_keys(['tutorial_dag']) retrieved from /usr/local/python/3.10.4/lib/python3.10/site-packages/airflow/example_dags/tutorial_dag.py
[2023-05-07T22:30:45.138+0000] {logging_mixin.py:137} INFO - [2023-05-07T22:30:45.138+0000] {dag.py:2690} INFO - Sync 1 DAGs
[2023-05-07T22:30:45.265+0000] {logging_mixin.py:137} INFO - [2023-05-07T22:30:45.264+0000] {dag.py:3437} INFO - Setting next_dagrun for tutorial_dag to None, run_after=None
[2023-05-07T22:30:45.305+0000] {processor.py:175} INFO - Processing /usr/local/python/3.10.4/lib/python3.10/site-packages/airflow/example_dags/tutorial_dag.py took 0.200 seconds
[2023-05-07T22:31:18.436+0000] {processor.py:153} INFO - Started process (PID=13820) to work on /usr/local/python/3.10.4/lib/python3.10/site-packages/airflow/example_dags/tutorial_dag.py
[2023-05-07T22:31:18.437+0000] {processor.py:743} INFO - Processing file /usr/local/python/3.10.4/lib/python3.10/site-packages/airflow/example_dags/tutorial_dag.py for tasks to queue
[2023-05-07T22:31:18.438+0000] {logging_mixin.py:137} INFO - [2023-05-07T22:31:18.438+0000] {dagbag.py:538} INFO - Filling up the DagBag from /usr/local/python/3.10.4/lib/python3.10/site-packages/airflow/example_dags/tutorial_dag.py
[2023-05-07T22:31:18.451+0000] {processor.py:753} INFO - DAG(s) dict_keys(['tutorial_dag']) retrieved from /usr/local/python/3.10.4/lib/python3.10/site-packages/airflow/example_dags/tutorial_dag.py
[2023-05-07T22:31:18.468+0000] {logging_mixin.py:137} INFO - [2023-05-07T22:31:18.468+0000] {dag.py:2690} INFO - Sync 1 DAGs
[2023-05-07T22:31:18.596+0000] {logging_mixin.py:137} INFO - [2023-05-07T22:31:18.596+0000] {dag.py:3437} INFO - Setting next_dagrun for tutorial_dag to None, run_after=None
[2023-05-07T22:31:18.636+0000] {processor.py:175} INFO - Processing /usr/local/python/3.10.4/lib/python3.10/site-packages/airflow/example_dags/tutorial_dag.py took 0.202 seconds
[2023-05-07T22:31:51.861+0000] {processor.py:153} INFO - Started process (PID=14054) to work on /usr/local/python/3.10.4/lib/python3.10/site-packages/airflow/example_dags/tutorial_dag.py
[2023-05-07T22:31:51.862+0000] {processor.py:743} INFO - Processing file /usr/local/python/3.10.4/lib/python3.10/site-packages/airflow/example_dags/tutorial_dag.py for tasks to queue
[2023-05-07T22:31:51.862+0000] {logging_mixin.py:137} INFO - [2023-05-07T22:31:51.862+0000] {dagbag.py:538} INFO - Filling up the DagBag from /usr/local/python/3.10.4/lib/python3.10/site-packages/airflow/example_dags/tutorial_dag.py
[2023-05-07T22:31:51.875+0000] {processor.py:753} INFO - DAG(s) dict_keys(['tutorial_dag']) retrieved from /usr/local/python/3.10.4/lib/python3.10/site-packages/airflow/example_dags/tutorial_dag.py
[2023-05-07T22:31:51.894+0000] {logging_mixin.py:137} INFO - [2023-05-07T22:31:51.894+0000] {dag.py:2690} INFO - Sync 1 DAGs
[2023-05-07T22:31:52.023+0000] {logging_mixin.py:137} INFO - [2023-05-07T22:31:52.023+0000] {dag.py:3437} INFO - Setting next_dagrun for tutorial_dag to None, run_after=None
[2023-05-07T22:31:52.065+0000] {processor.py:175} INFO - Processing /usr/local/python/3.10.4/lib/python3.10/site-packages/airflow/example_dags/tutorial_dag.py took 0.207 seconds
[2023-05-07T22:32:35.776+0000] {processor.py:153} INFO - Started process (PID=14352) to work on /usr/local/python/3.10.4/lib/python3.10/site-packages/airflow/example_dags/tutorial_dag.py
[2023-05-07T22:32:35.777+0000] {processor.py:743} INFO - Processing file /usr/local/python/3.10.4/lib/python3.10/site-packages/airflow/example_dags/tutorial_dag.py for tasks to queue
[2023-05-07T22:32:35.778+0000] {logging_mixin.py:137} INFO - [2023-05-07T22:32:35.777+0000] {dagbag.py:538} INFO - Filling up the DagBag from /usr/local/python/3.10.4/lib/python3.10/site-packages/airflow/example_dags/tutorial_dag.py
[2023-05-07T22:32:35.796+0000] {processor.py:753} INFO - DAG(s) dict_keys(['tutorial_dag']) retrieved from /usr/local/python/3.10.4/lib/python3.10/site-packages/airflow/example_dags/tutorial_dag.py
[2023-05-07T22:32:35.967+0000] {logging_mixin.py:137} INFO - [2023-05-07T22:32:35.967+0000] {dag.py:2690} INFO - Sync 1 DAGs
[2023-05-07T22:32:35.982+0000] {logging_mixin.py:137} INFO - [2023-05-07T22:32:35.982+0000] {dag.py:3437} INFO - Setting next_dagrun for tutorial_dag to None, run_after=None
[2023-05-07T22:32:36.022+0000] {processor.py:175} INFO - Processing /usr/local/python/3.10.4/lib/python3.10/site-packages/airflow/example_dags/tutorial_dag.py took 0.250 seconds
[2023-05-07T22:33:08.651+0000] {processor.py:153} INFO - Started process (PID=14590) to work on /usr/local/python/3.10.4/lib/python3.10/site-packages/airflow/example_dags/tutorial_dag.py
[2023-05-07T22:33:08.652+0000] {processor.py:743} INFO - Processing file /usr/local/python/3.10.4/lib/python3.10/site-packages/airflow/example_dags/tutorial_dag.py for tasks to queue
[2023-05-07T22:33:08.652+0000] {logging_mixin.py:137} INFO - [2023-05-07T22:33:08.652+0000] {dagbag.py:538} INFO - Filling up the DagBag from /usr/local/python/3.10.4/lib/python3.10/site-packages/airflow/example_dags/tutorial_dag.py
[2023-05-07T22:33:08.665+0000] {processor.py:753} INFO - DAG(s) dict_keys(['tutorial_dag']) retrieved from /usr/local/python/3.10.4/lib/python3.10/site-packages/airflow/example_dags/tutorial_dag.py
[2023-05-07T22:33:08.787+0000] {logging_mixin.py:137} INFO - [2023-05-07T22:33:08.787+0000] {dag.py:2690} INFO - Sync 1 DAGs
[2023-05-07T22:33:08.801+0000] {logging_mixin.py:137} INFO - [2023-05-07T22:33:08.801+0000] {dag.py:3437} INFO - Setting next_dagrun for tutorial_dag to None, run_after=None
[2023-05-07T22:33:08.841+0000] {processor.py:175} INFO - Processing /usr/local/python/3.10.4/lib/python3.10/site-packages/airflow/example_dags/tutorial_dag.py took 0.193 seconds
[2023-05-07T22:33:41.841+0000] {processor.py:153} INFO - Started process (PID=14809) to work on /usr/local/python/3.10.4/lib/python3.10/site-packages/airflow/example_dags/tutorial_dag.py
[2023-05-07T22:33:41.841+0000] {processor.py:743} INFO - Processing file /usr/local/python/3.10.4/lib/python3.10/site-packages/airflow/example_dags/tutorial_dag.py for tasks to queue
[2023-05-07T22:33:41.842+0000] {logging_mixin.py:137} INFO - [2023-05-07T22:33:41.842+0000] {dagbag.py:538} INFO - Filling up the DagBag from /usr/local/python/3.10.4/lib/python3.10/site-packages/airflow/example_dags/tutorial_dag.py
[2023-05-07T22:33:41.964+0000] {processor.py:753} INFO - DAG(s) dict_keys(['tutorial_dag']) retrieved from /usr/local/python/3.10.4/lib/python3.10/site-packages/airflow/example_dags/tutorial_dag.py
[2023-05-07T22:33:41.977+0000] {logging_mixin.py:137} INFO - [2023-05-07T22:33:41.976+0000] {dag.py:2690} INFO - Sync 1 DAGs
[2023-05-07T22:33:41.992+0000] {logging_mixin.py:137} INFO - [2023-05-07T22:33:41.992+0000] {dag.py:3437} INFO - Setting next_dagrun for tutorial_dag to None, run_after=None
[2023-05-07T22:33:42.032+0000] {processor.py:175} INFO - Processing /usr/local/python/3.10.4/lib/python3.10/site-packages/airflow/example_dags/tutorial_dag.py took 0.194 seconds
[2023-05-07T22:34:13.715+0000] {processor.py:153} INFO - Started process (PID=15103) to work on /usr/local/python/3.10.4/lib/python3.10/site-packages/airflow/example_dags/tutorial_dag.py
[2023-05-07T22:34:13.716+0000] {processor.py:743} INFO - Processing file /usr/local/python/3.10.4/lib/python3.10/site-packages/airflow/example_dags/tutorial_dag.py for tasks to queue
[2023-05-07T22:34:13.717+0000] {logging_mixin.py:137} INFO - [2023-05-07T22:34:13.717+0000] {dagbag.py:538} INFO - Filling up the DagBag from /usr/local/python/3.10.4/lib/python3.10/site-packages/airflow/example_dags/tutorial_dag.py
[2023-05-07T22:34:13.861+0000] {processor.py:753} INFO - DAG(s) dict_keys(['tutorial_dag']) retrieved from /usr/local/python/3.10.4/lib/python3.10/site-packages/airflow/example_dags/tutorial_dag.py
[2023-05-07T22:34:13.874+0000] {logging_mixin.py:137} INFO - [2023-05-07T22:34:13.874+0000] {dag.py:2690} INFO - Sync 1 DAGs
[2023-05-07T22:34:13.888+0000] {logging_mixin.py:137} INFO - [2023-05-07T22:34:13.888+0000] {dag.py:3437} INFO - Setting next_dagrun for tutorial_dag to None, run_after=None
[2023-05-07T22:34:13.929+0000] {processor.py:175} INFO - Processing /usr/local/python/3.10.4/lib/python3.10/site-packages/airflow/example_dags/tutorial_dag.py took 0.216 seconds
[2023-05-07T22:34:55.675+0000] {processor.py:153} INFO - Started process (PID=15400) to work on /usr/local/python/3.10.4/lib/python3.10/site-packages/airflow/example_dags/tutorial_dag.py
[2023-05-07T22:34:55.676+0000] {processor.py:743} INFO - Processing file /usr/local/python/3.10.4/lib/python3.10/site-packages/airflow/example_dags/tutorial_dag.py for tasks to queue
[2023-05-07T22:34:55.677+0000] {logging_mixin.py:137} INFO - [2023-05-07T22:34:55.676+0000] {dagbag.py:538} INFO - Filling up the DagBag from /usr/local/python/3.10.4/lib/python3.10/site-packages/airflow/example_dags/tutorial_dag.py
[2023-05-07T22:34:55.689+0000] {processor.py:753} INFO - DAG(s) dict_keys(['tutorial_dag']) retrieved from /usr/local/python/3.10.4/lib/python3.10/site-packages/airflow/example_dags/tutorial_dag.py
[2023-05-07T22:34:55.707+0000] {logging_mixin.py:137} INFO - [2023-05-07T22:34:55.707+0000] {dag.py:2690} INFO - Sync 1 DAGs
[2023-05-07T22:34:55.725+0000] {logging_mixin.py:137} INFO - [2023-05-07T22:34:55.725+0000] {dag.py:3437} INFO - Setting next_dagrun for tutorial_dag to None, run_after=None
[2023-05-07T22:34:55.767+0000] {processor.py:175} INFO - Processing /usr/local/python/3.10.4/lib/python3.10/site-packages/airflow/example_dags/tutorial_dag.py took 0.096 seconds
[2023-05-07T22:35:26.049+0000] {processor.py:153} INFO - Started process (PID=15615) to work on /usr/local/python/3.10.4/lib/python3.10/site-packages/airflow/example_dags/tutorial_dag.py
[2023-05-07T22:35:26.050+0000] {processor.py:743} INFO - Processing file /usr/local/python/3.10.4/lib/python3.10/site-packages/airflow/example_dags/tutorial_dag.py for tasks to queue
[2023-05-07T22:35:26.051+0000] {logging_mixin.py:137} INFO - [2023-05-07T22:35:26.051+0000] {dagbag.py:538} INFO - Filling up the DagBag from /usr/local/python/3.10.4/lib/python3.10/site-packages/airflow/example_dags/tutorial_dag.py
[2023-05-07T22:35:26.064+0000] {processor.py:753} INFO - DAG(s) dict_keys(['tutorial_dag']) retrieved from /usr/local/python/3.10.4/lib/python3.10/site-packages/airflow/example_dags/tutorial_dag.py
[2023-05-07T22:35:26.082+0000] {logging_mixin.py:137} INFO - [2023-05-07T22:35:26.082+0000] {dag.py:2690} INFO - Sync 1 DAGs
[2023-05-07T22:35:26.100+0000] {logging_mixin.py:137} INFO - [2023-05-07T22:35:26.100+0000] {dag.py:3437} INFO - Setting next_dagrun for tutorial_dag to None, run_after=None
[2023-05-07T22:35:26.147+0000] {processor.py:175} INFO - Processing /usr/local/python/3.10.4/lib/python3.10/site-packages/airflow/example_dags/tutorial_dag.py took 0.101 seconds
[2023-05-07T22:35:58.939+0000] {processor.py:153} INFO - Started process (PID=15838) to work on /usr/local/python/3.10.4/lib/python3.10/site-packages/airflow/example_dags/tutorial_dag.py
[2023-05-07T22:35:58.940+0000] {processor.py:743} INFO - Processing file /usr/local/python/3.10.4/lib/python3.10/site-packages/airflow/example_dags/tutorial_dag.py for tasks to queue
[2023-05-07T22:35:58.941+0000] {logging_mixin.py:137} INFO - [2023-05-07T22:35:58.941+0000] {dagbag.py:538} INFO - Filling up the DagBag from /usr/local/python/3.10.4/lib/python3.10/site-packages/airflow/example_dags/tutorial_dag.py
[2023-05-07T22:35:58.954+0000] {processor.py:753} INFO - DAG(s) dict_keys(['tutorial_dag']) retrieved from /usr/local/python/3.10.4/lib/python3.10/site-packages/airflow/example_dags/tutorial_dag.py
[2023-05-07T22:35:58.972+0000] {logging_mixin.py:137} INFO - [2023-05-07T22:35:58.971+0000] {dag.py:2690} INFO - Sync 1 DAGs
[2023-05-07T22:35:58.990+0000] {logging_mixin.py:137} INFO - [2023-05-07T22:35:58.990+0000] {dag.py:3437} INFO - Setting next_dagrun for tutorial_dag to None, run_after=None
[2023-05-07T22:35:59.031+0000] {processor.py:175} INFO - Processing /usr/local/python/3.10.4/lib/python3.10/site-packages/airflow/example_dags/tutorial_dag.py took 0.095 seconds
[2023-05-07T22:36:34.152+0000] {processor.py:153} INFO - Started process (PID=16081) to work on /usr/local/python/3.10.4/lib/python3.10/site-packages/airflow/example_dags/tutorial_dag.py
[2023-05-07T22:36:34.153+0000] {processor.py:743} INFO - Processing file /usr/local/python/3.10.4/lib/python3.10/site-packages/airflow/example_dags/tutorial_dag.py for tasks to queue
[2023-05-07T22:36:34.154+0000] {logging_mixin.py:137} INFO - [2023-05-07T22:36:34.154+0000] {dagbag.py:538} INFO - Filling up the DagBag from /usr/local/python/3.10.4/lib/python3.10/site-packages/airflow/example_dags/tutorial_dag.py
[2023-05-07T22:36:34.167+0000] {processor.py:753} INFO - DAG(s) dict_keys(['tutorial_dag']) retrieved from /usr/local/python/3.10.4/lib/python3.10/site-packages/airflow/example_dags/tutorial_dag.py
[2023-05-07T22:36:34.185+0000] {logging_mixin.py:137} INFO - [2023-05-07T22:36:34.185+0000] {dag.py:2690} INFO - Sync 1 DAGs
[2023-05-07T22:36:34.203+0000] {logging_mixin.py:137} INFO - [2023-05-07T22:36:34.202+0000] {dag.py:3437} INFO - Setting next_dagrun for tutorial_dag to None, run_after=None
[2023-05-07T22:36:34.242+0000] {processor.py:175} INFO - Processing /usr/local/python/3.10.4/lib/python3.10/site-packages/airflow/example_dags/tutorial_dag.py took 0.093 seconds
[2023-05-07T22:37:05.962+0000] {processor.py:153} INFO - Started process (PID=16305) to work on /usr/local/python/3.10.4/lib/python3.10/site-packages/airflow/example_dags/tutorial_dag.py
[2023-05-07T22:37:05.962+0000] {processor.py:743} INFO - Processing file /usr/local/python/3.10.4/lib/python3.10/site-packages/airflow/example_dags/tutorial_dag.py for tasks to queue
[2023-05-07T22:37:05.963+0000] {logging_mixin.py:137} INFO - [2023-05-07T22:37:05.963+0000] {dagbag.py:538} INFO - Filling up the DagBag from /usr/local/python/3.10.4/lib/python3.10/site-packages/airflow/example_dags/tutorial_dag.py
[2023-05-07T22:37:05.976+0000] {processor.py:753} INFO - DAG(s) dict_keys(['tutorial_dag']) retrieved from /usr/local/python/3.10.4/lib/python3.10/site-packages/airflow/example_dags/tutorial_dag.py
[2023-05-07T22:37:05.995+0000] {logging_mixin.py:137} INFO - [2023-05-07T22:37:05.995+0000] {dag.py:2690} INFO - Sync 1 DAGs
[2023-05-07T22:37:06.012+0000] {logging_mixin.py:137} INFO - [2023-05-07T22:37:06.012+0000] {dag.py:3437} INFO - Setting next_dagrun for tutorial_dag to None, run_after=None
[2023-05-07T22:37:06.052+0000] {processor.py:175} INFO - Processing /usr/local/python/3.10.4/lib/python3.10/site-packages/airflow/example_dags/tutorial_dag.py took 0.094 seconds
[2023-05-07T22:37:39.904+0000] {processor.py:153} INFO - Started process (PID=16570) to work on /usr/local/python/3.10.4/lib/python3.10/site-packages/airflow/example_dags/tutorial_dag.py
[2023-05-07T22:37:39.904+0000] {processor.py:743} INFO - Processing file /usr/local/python/3.10.4/lib/python3.10/site-packages/airflow/example_dags/tutorial_dag.py for tasks to queue
[2023-05-07T22:37:39.905+0000] {logging_mixin.py:137} INFO - [2023-05-07T22:37:39.905+0000] {dagbag.py:538} INFO - Filling up the DagBag from /usr/local/python/3.10.4/lib/python3.10/site-packages/airflow/example_dags/tutorial_dag.py
[2023-05-07T22:37:39.919+0000] {processor.py:753} INFO - DAG(s) dict_keys(['tutorial_dag']) retrieved from /usr/local/python/3.10.4/lib/python3.10/site-packages/airflow/example_dags/tutorial_dag.py
[2023-05-07T22:37:39.935+0000] {logging_mixin.py:137} INFO - [2023-05-07T22:37:39.935+0000] {dag.py:2690} INFO - Sync 1 DAGs
[2023-05-07T22:37:39.953+0000] {logging_mixin.py:137} INFO - [2023-05-07T22:37:39.953+0000] {dag.py:3437} INFO - Setting next_dagrun for tutorial_dag to None, run_after=None
[2023-05-07T22:37:39.994+0000] {processor.py:175} INFO - Processing /usr/local/python/3.10.4/lib/python3.10/site-packages/airflow/example_dags/tutorial_dag.py took 0.094 seconds
[2023-05-07T22:38:13.867+0000] {processor.py:153} INFO - Started process (PID=16816) to work on /usr/local/python/3.10.4/lib/python3.10/site-packages/airflow/example_dags/tutorial_dag.py
[2023-05-07T22:38:13.868+0000] {processor.py:743} INFO - Processing file /usr/local/python/3.10.4/lib/python3.10/site-packages/airflow/example_dags/tutorial_dag.py for tasks to queue
[2023-05-07T22:38:13.869+0000] {logging_mixin.py:137} INFO - [2023-05-07T22:38:13.869+0000] {dagbag.py:538} INFO - Filling up the DagBag from /usr/local/python/3.10.4/lib/python3.10/site-packages/airflow/example_dags/tutorial_dag.py
[2023-05-07T22:38:13.882+0000] {processor.py:753} INFO - DAG(s) dict_keys(['tutorial_dag']) retrieved from /usr/local/python/3.10.4/lib/python3.10/site-packages/airflow/example_dags/tutorial_dag.py
[2023-05-07T22:38:13.898+0000] {logging_mixin.py:137} INFO - [2023-05-07T22:38:13.898+0000] {dag.py:2690} INFO - Sync 1 DAGs
[2023-05-07T22:38:13.915+0000] {logging_mixin.py:137} INFO - [2023-05-07T22:38:13.915+0000] {dag.py:3437} INFO - Setting next_dagrun for tutorial_dag to None, run_after=None
[2023-05-07T22:38:13.961+0000] {processor.py:175} INFO - Processing /usr/local/python/3.10.4/lib/python3.10/site-packages/airflow/example_dags/tutorial_dag.py took 0.096 seconds
[2023-05-07T22:38:47.974+0000] {processor.py:153} INFO - Started process (PID=17049) to work on /usr/local/python/3.10.4/lib/python3.10/site-packages/airflow/example_dags/tutorial_dag.py
[2023-05-07T22:38:47.974+0000] {processor.py:743} INFO - Processing file /usr/local/python/3.10.4/lib/python3.10/site-packages/airflow/example_dags/tutorial_dag.py for tasks to queue
[2023-05-07T22:38:47.975+0000] {logging_mixin.py:137} INFO - [2023-05-07T22:38:47.975+0000] {dagbag.py:538} INFO - Filling up the DagBag from /usr/local/python/3.10.4/lib/python3.10/site-packages/airflow/example_dags/tutorial_dag.py
[2023-05-07T22:38:47.988+0000] {processor.py:753} INFO - DAG(s) dict_keys(['tutorial_dag']) retrieved from /usr/local/python/3.10.4/lib/python3.10/site-packages/airflow/example_dags/tutorial_dag.py
[2023-05-07T22:38:48.005+0000] {logging_mixin.py:137} INFO - [2023-05-07T22:38:48.005+0000] {dag.py:2690} INFO - Sync 1 DAGs
[2023-05-07T22:38:48.021+0000] {logging_mixin.py:137} INFO - [2023-05-07T22:38:48.021+0000] {dag.py:3437} INFO - Setting next_dagrun for tutorial_dag to None, run_after=None
[2023-05-07T22:38:48.063+0000] {processor.py:175} INFO - Processing /usr/local/python/3.10.4/lib/python3.10/site-packages/airflow/example_dags/tutorial_dag.py took 0.092 seconds
[2023-05-07T22:39:20.219+0000] {processor.py:153} INFO - Started process (PID=17297) to work on /usr/local/python/3.10.4/lib/python3.10/site-packages/airflow/example_dags/tutorial_dag.py
[2023-05-07T22:39:20.220+0000] {processor.py:743} INFO - Processing file /usr/local/python/3.10.4/lib/python3.10/site-packages/airflow/example_dags/tutorial_dag.py for tasks to queue
[2023-05-07T22:39:20.220+0000] {logging_mixin.py:137} INFO - [2023-05-07T22:39:20.220+0000] {dagbag.py:538} INFO - Filling up the DagBag from /usr/local/python/3.10.4/lib/python3.10/site-packages/airflow/example_dags/tutorial_dag.py
[2023-05-07T22:39:20.233+0000] {processor.py:753} INFO - DAG(s) dict_keys(['tutorial_dag']) retrieved from /usr/local/python/3.10.4/lib/python3.10/site-packages/airflow/example_dags/tutorial_dag.py
[2023-05-07T22:39:20.249+0000] {logging_mixin.py:137} INFO - [2023-05-07T22:39:20.249+0000] {dag.py:2690} INFO - Sync 1 DAGs
[2023-05-07T22:39:20.266+0000] {logging_mixin.py:137} INFO - [2023-05-07T22:39:20.266+0000] {dag.py:3437} INFO - Setting next_dagrun for tutorial_dag to None, run_after=None
[2023-05-07T22:39:20.309+0000] {processor.py:175} INFO - Processing /usr/local/python/3.10.4/lib/python3.10/site-packages/airflow/example_dags/tutorial_dag.py took 0.093 seconds
[2023-05-07T22:39:53.664+0000] {processor.py:153} INFO - Started process (PID=17540) to work on /usr/local/python/3.10.4/lib/python3.10/site-packages/airflow/example_dags/tutorial_dag.py
[2023-05-07T22:39:53.665+0000] {processor.py:743} INFO - Processing file /usr/local/python/3.10.4/lib/python3.10/site-packages/airflow/example_dags/tutorial_dag.py for tasks to queue
[2023-05-07T22:39:53.665+0000] {logging_mixin.py:137} INFO - [2023-05-07T22:39:53.665+0000] {dagbag.py:538} INFO - Filling up the DagBag from /usr/local/python/3.10.4/lib/python3.10/site-packages/airflow/example_dags/tutorial_dag.py
[2023-05-07T22:39:53.678+0000] {processor.py:753} INFO - DAG(s) dict_keys(['tutorial_dag']) retrieved from /usr/local/python/3.10.4/lib/python3.10/site-packages/airflow/example_dags/tutorial_dag.py
[2023-05-07T22:39:53.694+0000] {logging_mixin.py:137} INFO - [2023-05-07T22:39:53.694+0000] {dag.py:2690} INFO - Sync 1 DAGs
[2023-05-07T22:39:53.712+0000] {logging_mixin.py:137} INFO - [2023-05-07T22:39:53.712+0000] {dag.py:3437} INFO - Setting next_dagrun for tutorial_dag to None, run_after=None
[2023-05-07T22:39:53.754+0000] {processor.py:175} INFO - Processing /usr/local/python/3.10.4/lib/python3.10/site-packages/airflow/example_dags/tutorial_dag.py took 0.093 seconds
[2023-05-07T22:40:33.828+0000] {processor.py:153} INFO - Started process (PID=17862) to work on /usr/local/python/3.10.4/lib/python3.10/site-packages/airflow/example_dags/tutorial_dag.py
[2023-05-07T22:40:33.829+0000] {processor.py:743} INFO - Processing file /usr/local/python/3.10.4/lib/python3.10/site-packages/airflow/example_dags/tutorial_dag.py for tasks to queue
[2023-05-07T22:40:33.829+0000] {logging_mixin.py:137} INFO - [2023-05-07T22:40:33.829+0000] {dagbag.py:538} INFO - Filling up the DagBag from /usr/local/python/3.10.4/lib/python3.10/site-packages/airflow/example_dags/tutorial_dag.py
[2023-05-07T22:40:33.842+0000] {processor.py:753} INFO - DAG(s) dict_keys(['tutorial_dag']) retrieved from /usr/local/python/3.10.4/lib/python3.10/site-packages/airflow/example_dags/tutorial_dag.py
[2023-05-07T22:40:33.858+0000] {logging_mixin.py:137} INFO - [2023-05-07T22:40:33.858+0000] {dag.py:2690} INFO - Sync 1 DAGs
[2023-05-07T22:40:33.875+0000] {logging_mixin.py:137} INFO - [2023-05-07T22:40:33.875+0000] {dag.py:3437} INFO - Setting next_dagrun for tutorial_dag to None, run_after=None
[2023-05-07T22:40:33.916+0000] {processor.py:175} INFO - Processing /usr/local/python/3.10.4/lib/python3.10/site-packages/airflow/example_dags/tutorial_dag.py took 0.091 seconds
[2023-05-07T22:41:13.196+0000] {processor.py:153} INFO - Started process (PID=18138) to work on /usr/local/python/3.10.4/lib/python3.10/site-packages/airflow/example_dags/tutorial_dag.py
[2023-05-07T22:41:13.197+0000] {processor.py:743} INFO - Processing file /usr/local/python/3.10.4/lib/python3.10/site-packages/airflow/example_dags/tutorial_dag.py for tasks to queue
[2023-05-07T22:41:13.197+0000] {logging_mixin.py:137} INFO - [2023-05-07T22:41:13.197+0000] {dagbag.py:538} INFO - Filling up the DagBag from /usr/local/python/3.10.4/lib/python3.10/site-packages/airflow/example_dags/tutorial_dag.py
[2023-05-07T22:41:13.210+0000] {processor.py:753} INFO - DAG(s) dict_keys(['tutorial_dag']) retrieved from /usr/local/python/3.10.4/lib/python3.10/site-packages/airflow/example_dags/tutorial_dag.py
[2023-05-07T22:41:13.228+0000] {logging_mixin.py:137} INFO - [2023-05-07T22:41:13.228+0000] {dag.py:2690} INFO - Sync 1 DAGs
[2023-05-07T22:41:13.250+0000] {logging_mixin.py:137} INFO - [2023-05-07T22:41:13.249+0000] {dag.py:3437} INFO - Setting next_dagrun for tutorial_dag to None, run_after=None
[2023-05-07T22:41:13.295+0000] {processor.py:175} INFO - Processing /usr/local/python/3.10.4/lib/python3.10/site-packages/airflow/example_dags/tutorial_dag.py took 0.102 seconds
[2023-05-07T22:41:53.999+0000] {processor.py:153} INFO - Started process (PID=18440) to work on /usr/local/python/3.10.4/lib/python3.10/site-packages/airflow/example_dags/tutorial_dag.py
[2023-05-07T22:41:54.000+0000] {processor.py:743} INFO - Processing file /usr/local/python/3.10.4/lib/python3.10/site-packages/airflow/example_dags/tutorial_dag.py for tasks to queue
[2023-05-07T22:41:54.001+0000] {logging_mixin.py:137} INFO - [2023-05-07T22:41:54.001+0000] {dagbag.py:538} INFO - Filling up the DagBag from /usr/local/python/3.10.4/lib/python3.10/site-packages/airflow/example_dags/tutorial_dag.py
[2023-05-07T22:41:54.017+0000] {processor.py:753} INFO - DAG(s) dict_keys(['tutorial_dag']) retrieved from /usr/local/python/3.10.4/lib/python3.10/site-packages/airflow/example_dags/tutorial_dag.py
[2023-05-07T22:41:54.035+0000] {logging_mixin.py:137} INFO - [2023-05-07T22:41:54.035+0000] {dag.py:2690} INFO - Sync 1 DAGs
[2023-05-07T22:41:54.051+0000] {logging_mixin.py:137} INFO - [2023-05-07T22:41:54.051+0000] {dag.py:3437} INFO - Setting next_dagrun for tutorial_dag to None, run_after=None
[2023-05-07T22:41:54.091+0000] {processor.py:175} INFO - Processing /usr/local/python/3.10.4/lib/python3.10/site-packages/airflow/example_dags/tutorial_dag.py took 0.097 seconds
[2023-05-07T22:42:34.774+0000] {processor.py:153} INFO - Started process (PID=18817) to work on /usr/local/python/3.10.4/lib/python3.10/site-packages/airflow/example_dags/tutorial_dag.py
[2023-05-07T22:42:34.776+0000] {processor.py:743} INFO - Processing file /usr/local/python/3.10.4/lib/python3.10/site-packages/airflow/example_dags/tutorial_dag.py for tasks to queue
[2023-05-07T22:42:34.776+0000] {logging_mixin.py:137} INFO - [2023-05-07T22:42:34.776+0000] {dagbag.py:538} INFO - Filling up the DagBag from /usr/local/python/3.10.4/lib/python3.10/site-packages/airflow/example_dags/tutorial_dag.py
[2023-05-07T22:42:34.789+0000] {processor.py:753} INFO - DAG(s) dict_keys(['tutorial_dag']) retrieved from /usr/local/python/3.10.4/lib/python3.10/site-packages/airflow/example_dags/tutorial_dag.py
[2023-05-07T22:42:34.811+0000] {logging_mixin.py:137} INFO - [2023-05-07T22:42:34.811+0000] {dag.py:2690} INFO - Sync 1 DAGs
[2023-05-07T22:42:34.828+0000] {logging_mixin.py:137} INFO - [2023-05-07T22:42:34.828+0000] {dag.py:3437} INFO - Setting next_dagrun for tutorial_dag to None, run_after=None
[2023-05-07T22:42:34.869+0000] {processor.py:175} INFO - Processing /usr/local/python/3.10.4/lib/python3.10/site-packages/airflow/example_dags/tutorial_dag.py took 0.098 seconds
[2023-05-07T22:43:08.710+0000] {processor.py:153} INFO - Started process (PID=19126) to work on /usr/local/python/3.10.4/lib/python3.10/site-packages/airflow/example_dags/tutorial_dag.py
[2023-05-07T22:43:08.711+0000] {processor.py:743} INFO - Processing file /usr/local/python/3.10.4/lib/python3.10/site-packages/airflow/example_dags/tutorial_dag.py for tasks to queue
[2023-05-07T22:43:08.711+0000] {logging_mixin.py:137} INFO - [2023-05-07T22:43:08.711+0000] {dagbag.py:538} INFO - Filling up the DagBag from /usr/local/python/3.10.4/lib/python3.10/site-packages/airflow/example_dags/tutorial_dag.py
[2023-05-07T22:43:08.725+0000] {processor.py:753} INFO - DAG(s) dict_keys(['tutorial_dag']) retrieved from /usr/local/python/3.10.4/lib/python3.10/site-packages/airflow/example_dags/tutorial_dag.py
[2023-05-07T22:43:08.741+0000] {logging_mixin.py:137} INFO - [2023-05-07T22:43:08.741+0000] {dag.py:2690} INFO - Sync 1 DAGs
[2023-05-07T22:43:08.769+0000] {logging_mixin.py:137} INFO - [2023-05-07T22:43:08.769+0000] {dag.py:3437} INFO - Setting next_dagrun for tutorial_dag to None, run_after=None
[2023-05-07T22:43:08.815+0000] {processor.py:175} INFO - Processing /usr/local/python/3.10.4/lib/python3.10/site-packages/airflow/example_dags/tutorial_dag.py took 0.108 seconds
[2023-05-07T22:43:41.519+0000] {processor.py:153} INFO - Started process (PID=19513) to work on /usr/local/python/3.10.4/lib/python3.10/site-packages/airflow/example_dags/tutorial_dag.py
[2023-05-07T22:43:41.520+0000] {processor.py:743} INFO - Processing file /usr/local/python/3.10.4/lib/python3.10/site-packages/airflow/example_dags/tutorial_dag.py for tasks to queue
[2023-05-07T22:43:41.520+0000] {logging_mixin.py:137} INFO - [2023-05-07T22:43:41.520+0000] {dagbag.py:538} INFO - Filling up the DagBag from /usr/local/python/3.10.4/lib/python3.10/site-packages/airflow/example_dags/tutorial_dag.py
[2023-05-07T22:43:41.533+0000] {processor.py:753} INFO - DAG(s) dict_keys(['tutorial_dag']) retrieved from /usr/local/python/3.10.4/lib/python3.10/site-packages/airflow/example_dags/tutorial_dag.py
[2023-05-07T22:43:41.556+0000] {logging_mixin.py:137} INFO - [2023-05-07T22:43:41.556+0000] {dag.py:2690} INFO - Sync 1 DAGs
[2023-05-07T22:43:41.579+0000] {logging_mixin.py:137} INFO - [2023-05-07T22:43:41.579+0000] {dag.py:3437} INFO - Setting next_dagrun for tutorial_dag to None, run_after=None
[2023-05-07T22:43:41.627+0000] {processor.py:175} INFO - Processing /usr/local/python/3.10.4/lib/python3.10/site-packages/airflow/example_dags/tutorial_dag.py took 0.111 seconds
[2023-05-07T22:44:23.356+0000] {processor.py:153} INFO - Started process (PID=19934) to work on /usr/local/python/3.10.4/lib/python3.10/site-packages/airflow/example_dags/tutorial_dag.py
[2023-05-07T22:44:23.357+0000] {processor.py:743} INFO - Processing file /usr/local/python/3.10.4/lib/python3.10/site-packages/airflow/example_dags/tutorial_dag.py for tasks to queue
[2023-05-07T22:44:23.357+0000] {logging_mixin.py:137} INFO - [2023-05-07T22:44:23.357+0000] {dagbag.py:538} INFO - Filling up the DagBag from /usr/local/python/3.10.4/lib/python3.10/site-packages/airflow/example_dags/tutorial_dag.py
[2023-05-07T22:44:23.370+0000] {processor.py:753} INFO - DAG(s) dict_keys(['tutorial_dag']) retrieved from /usr/local/python/3.10.4/lib/python3.10/site-packages/airflow/example_dags/tutorial_dag.py
[2023-05-07T22:44:23.387+0000] {logging_mixin.py:137} INFO - [2023-05-07T22:44:23.387+0000] {dag.py:2690} INFO - Sync 1 DAGs
[2023-05-07T22:44:23.408+0000] {logging_mixin.py:137} INFO - [2023-05-07T22:44:23.408+0000] {dag.py:3437} INFO - Setting next_dagrun for tutorial_dag to None, run_after=None
[2023-05-07T22:44:23.450+0000] {processor.py:175} INFO - Processing /usr/local/python/3.10.4/lib/python3.10/site-packages/airflow/example_dags/tutorial_dag.py took 0.097 seconds
[2023-05-07T22:44:56.347+0000] {processor.py:153} INFO - Started process (PID=20223) to work on /usr/local/python/3.10.4/lib/python3.10/site-packages/airflow/example_dags/tutorial_dag.py
[2023-05-07T22:44:56.348+0000] {processor.py:743} INFO - Processing file /usr/local/python/3.10.4/lib/python3.10/site-packages/airflow/example_dags/tutorial_dag.py for tasks to queue
[2023-05-07T22:44:56.348+0000] {logging_mixin.py:137} INFO - [2023-05-07T22:44:56.348+0000] {dagbag.py:538} INFO - Filling up the DagBag from /usr/local/python/3.10.4/lib/python3.10/site-packages/airflow/example_dags/tutorial_dag.py
[2023-05-07T22:44:56.361+0000] {processor.py:753} INFO - DAG(s) dict_keys(['tutorial_dag']) retrieved from /usr/local/python/3.10.4/lib/python3.10/site-packages/airflow/example_dags/tutorial_dag.py
[2023-05-07T22:44:56.377+0000] {logging_mixin.py:137} INFO - [2023-05-07T22:44:56.377+0000] {dag.py:2690} INFO - Sync 1 DAGs
[2023-05-07T22:44:56.394+0000] {logging_mixin.py:137} INFO - [2023-05-07T22:44:56.394+0000] {dag.py:3437} INFO - Setting next_dagrun for tutorial_dag to None, run_after=None
[2023-05-07T22:44:56.433+0000] {processor.py:175} INFO - Processing /usr/local/python/3.10.4/lib/python3.10/site-packages/airflow/example_dags/tutorial_dag.py took 0.089 seconds
[2023-05-07T22:45:33.535+0000] {processor.py:153} INFO - Started process (PID=20581) to work on /usr/local/python/3.10.4/lib/python3.10/site-packages/airflow/example_dags/tutorial_dag.py
[2023-05-07T22:45:33.536+0000] {processor.py:743} INFO - Processing file /usr/local/python/3.10.4/lib/python3.10/site-packages/airflow/example_dags/tutorial_dag.py for tasks to queue
[2023-05-07T22:45:33.537+0000] {logging_mixin.py:137} INFO - [2023-05-07T22:45:33.537+0000] {dagbag.py:538} INFO - Filling up the DagBag from /usr/local/python/3.10.4/lib/python3.10/site-packages/airflow/example_dags/tutorial_dag.py
[2023-05-07T22:45:33.550+0000] {processor.py:753} INFO - DAG(s) dict_keys(['tutorial_dag']) retrieved from /usr/local/python/3.10.4/lib/python3.10/site-packages/airflow/example_dags/tutorial_dag.py
[2023-05-07T22:45:33.567+0000] {logging_mixin.py:137} INFO - [2023-05-07T22:45:33.567+0000] {dag.py:2690} INFO - Sync 1 DAGs
[2023-05-07T22:45:33.585+0000] {logging_mixin.py:137} INFO - [2023-05-07T22:45:33.584+0000] {dag.py:3437} INFO - Setting next_dagrun for tutorial_dag to None, run_after=None
[2023-05-07T22:45:33.626+0000] {processor.py:175} INFO - Processing /usr/local/python/3.10.4/lib/python3.10/site-packages/airflow/example_dags/tutorial_dag.py took 0.093 seconds
[2023-05-07T22:46:15.349+0000] {processor.py:153} INFO - Started process (PID=20973) to work on /usr/local/python/3.10.4/lib/python3.10/site-packages/airflow/example_dags/tutorial_dag.py
[2023-05-07T22:46:15.350+0000] {processor.py:743} INFO - Processing file /usr/local/python/3.10.4/lib/python3.10/site-packages/airflow/example_dags/tutorial_dag.py for tasks to queue
[2023-05-07T22:46:15.351+0000] {logging_mixin.py:137} INFO - [2023-05-07T22:46:15.350+0000] {dagbag.py:538} INFO - Filling up the DagBag from /usr/local/python/3.10.4/lib/python3.10/site-packages/airflow/example_dags/tutorial_dag.py
[2023-05-07T22:46:15.363+0000] {processor.py:753} INFO - DAG(s) dict_keys(['tutorial_dag']) retrieved from /usr/local/python/3.10.4/lib/python3.10/site-packages/airflow/example_dags/tutorial_dag.py
[2023-05-07T22:46:15.380+0000] {logging_mixin.py:137} INFO - [2023-05-07T22:46:15.380+0000] {dag.py:2690} INFO - Sync 1 DAGs
[2023-05-07T22:46:15.397+0000] {logging_mixin.py:137} INFO - [2023-05-07T22:46:15.396+0000] {dag.py:3437} INFO - Setting next_dagrun for tutorial_dag to None, run_after=None
[2023-05-07T22:46:15.435+0000] {processor.py:175} INFO - Processing /usr/local/python/3.10.4/lib/python3.10/site-packages/airflow/example_dags/tutorial_dag.py took 0.089 seconds
[2023-05-07T22:46:56.508+0000] {processor.py:153} INFO - Started process (PID=21420) to work on /usr/local/python/3.10.4/lib/python3.10/site-packages/airflow/example_dags/tutorial_dag.py
[2023-05-07T22:46:56.509+0000] {processor.py:743} INFO - Processing file /usr/local/python/3.10.4/lib/python3.10/site-packages/airflow/example_dags/tutorial_dag.py for tasks to queue
[2023-05-07T22:46:56.510+0000] {logging_mixin.py:137} INFO - [2023-05-07T22:46:56.510+0000] {dagbag.py:538} INFO - Filling up the DagBag from /usr/local/python/3.10.4/lib/python3.10/site-packages/airflow/example_dags/tutorial_dag.py
[2023-05-07T22:46:56.522+0000] {processor.py:753} INFO - DAG(s) dict_keys(['tutorial_dag']) retrieved from /usr/local/python/3.10.4/lib/python3.10/site-packages/airflow/example_dags/tutorial_dag.py
[2023-05-07T22:46:56.540+0000] {logging_mixin.py:137} INFO - [2023-05-07T22:46:56.540+0000] {dag.py:2690} INFO - Sync 1 DAGs
[2023-05-07T22:46:56.557+0000] {logging_mixin.py:137} INFO - [2023-05-07T22:46:56.556+0000] {dag.py:3437} INFO - Setting next_dagrun for tutorial_dag to None, run_after=None
[2023-05-07T22:46:56.598+0000] {processor.py:175} INFO - Processing /usr/local/python/3.10.4/lib/python3.10/site-packages/airflow/example_dags/tutorial_dag.py took 0.092 seconds
[2023-05-07T22:47:29.205+0000] {processor.py:153} INFO - Started process (PID=21637) to work on /usr/local/python/3.10.4/lib/python3.10/site-packages/airflow/example_dags/tutorial_dag.py
[2023-05-07T22:47:29.206+0000] {processor.py:743} INFO - Processing file /usr/local/python/3.10.4/lib/python3.10/site-packages/airflow/example_dags/tutorial_dag.py for tasks to queue
[2023-05-07T22:47:29.206+0000] {logging_mixin.py:137} INFO - [2023-05-07T22:47:29.206+0000] {dagbag.py:538} INFO - Filling up the DagBag from /usr/local/python/3.10.4/lib/python3.10/site-packages/airflow/example_dags/tutorial_dag.py
[2023-05-07T22:47:29.219+0000] {processor.py:753} INFO - DAG(s) dict_keys(['tutorial_dag']) retrieved from /usr/local/python/3.10.4/lib/python3.10/site-packages/airflow/example_dags/tutorial_dag.py
[2023-05-07T22:47:29.237+0000] {logging_mixin.py:137} INFO - [2023-05-07T22:47:29.237+0000] {dag.py:2690} INFO - Sync 1 DAGs
[2023-05-07T22:47:29.254+0000] {logging_mixin.py:137} INFO - [2023-05-07T22:47:29.254+0000] {dag.py:3437} INFO - Setting next_dagrun for tutorial_dag to None, run_after=None
[2023-05-07T22:47:29.298+0000] {processor.py:175} INFO - Processing /usr/local/python/3.10.4/lib/python3.10/site-packages/airflow/example_dags/tutorial_dag.py took 0.096 seconds
[2023-05-07T22:48:01.776+0000] {processor.py:153} INFO - Started process (PID=21893) to work on /usr/local/python/3.10.4/lib/python3.10/site-packages/airflow/example_dags/tutorial_dag.py
[2023-05-07T22:48:01.777+0000] {processor.py:743} INFO - Processing file /usr/local/python/3.10.4/lib/python3.10/site-packages/airflow/example_dags/tutorial_dag.py for tasks to queue
[2023-05-07T22:48:01.777+0000] {logging_mixin.py:137} INFO - [2023-05-07T22:48:01.777+0000] {dagbag.py:538} INFO - Filling up the DagBag from /usr/local/python/3.10.4/lib/python3.10/site-packages/airflow/example_dags/tutorial_dag.py
[2023-05-07T22:48:01.790+0000] {processor.py:753} INFO - DAG(s) dict_keys(['tutorial_dag']) retrieved from /usr/local/python/3.10.4/lib/python3.10/site-packages/airflow/example_dags/tutorial_dag.py
[2023-05-07T22:48:01.807+0000] {logging_mixin.py:137} INFO - [2023-05-07T22:48:01.806+0000] {dag.py:2690} INFO - Sync 1 DAGs
[2023-05-07T22:48:01.824+0000] {logging_mixin.py:137} INFO - [2023-05-07T22:48:01.824+0000] {dag.py:3437} INFO - Setting next_dagrun for tutorial_dag to None, run_after=None
[2023-05-07T22:48:01.866+0000] {processor.py:175} INFO - Processing /usr/local/python/3.10.4/lib/python3.10/site-packages/airflow/example_dags/tutorial_dag.py took 0.093 seconds
[2023-05-07T22:48:35.561+0000] {processor.py:153} INFO - Started process (PID=22222) to work on /usr/local/python/3.10.4/lib/python3.10/site-packages/airflow/example_dags/tutorial_dag.py
[2023-05-07T22:48:35.562+0000] {processor.py:743} INFO - Processing file /usr/local/python/3.10.4/lib/python3.10/site-packages/airflow/example_dags/tutorial_dag.py for tasks to queue
[2023-05-07T22:48:35.563+0000] {logging_mixin.py:137} INFO - [2023-05-07T22:48:35.562+0000] {dagbag.py:538} INFO - Filling up the DagBag from /usr/local/python/3.10.4/lib/python3.10/site-packages/airflow/example_dags/tutorial_dag.py
[2023-05-07T22:48:35.579+0000] {processor.py:753} INFO - DAG(s) dict_keys(['tutorial_dag']) retrieved from /usr/local/python/3.10.4/lib/python3.10/site-packages/airflow/example_dags/tutorial_dag.py
[2023-05-07T22:48:35.598+0000] {logging_mixin.py:137} INFO - [2023-05-07T22:48:35.598+0000] {dag.py:2690} INFO - Sync 1 DAGs
[2023-05-07T22:48:35.617+0000] {logging_mixin.py:137} INFO - [2023-05-07T22:48:35.616+0000] {dag.py:3437} INFO - Setting next_dagrun for tutorial_dag to None, run_after=None
[2023-05-07T22:48:35.657+0000] {processor.py:175} INFO - Processing /usr/local/python/3.10.4/lib/python3.10/site-packages/airflow/example_dags/tutorial_dag.py took 0.100 seconds
[2023-05-07T22:49:08.341+0000] {processor.py:153} INFO - Started process (PID=22594) to work on /usr/local/python/3.10.4/lib/python3.10/site-packages/airflow/example_dags/tutorial_dag.py
[2023-05-07T22:49:08.341+0000] {processor.py:743} INFO - Processing file /usr/local/python/3.10.4/lib/python3.10/site-packages/airflow/example_dags/tutorial_dag.py for tasks to queue
[2023-05-07T22:49:08.342+0000] {logging_mixin.py:137} INFO - [2023-05-07T22:49:08.342+0000] {dagbag.py:538} INFO - Filling up the DagBag from /usr/local/python/3.10.4/lib/python3.10/site-packages/airflow/example_dags/tutorial_dag.py
[2023-05-07T22:49:08.356+0000] {processor.py:753} INFO - DAG(s) dict_keys(['tutorial_dag']) retrieved from /usr/local/python/3.10.4/lib/python3.10/site-packages/airflow/example_dags/tutorial_dag.py
[2023-05-07T22:49:08.373+0000] {logging_mixin.py:137} INFO - [2023-05-07T22:49:08.373+0000] {dag.py:2690} INFO - Sync 1 DAGs
[2023-05-07T22:49:08.390+0000] {logging_mixin.py:137} INFO - [2023-05-07T22:49:08.390+0000] {dag.py:3437} INFO - Setting next_dagrun for tutorial_dag to None, run_after=None
[2023-05-07T22:49:08.430+0000] {processor.py:175} INFO - Processing /usr/local/python/3.10.4/lib/python3.10/site-packages/airflow/example_dags/tutorial_dag.py took 0.092 seconds
[2023-05-07T22:49:42.500+0000] {processor.py:153} INFO - Started process (PID=22911) to work on /usr/local/python/3.10.4/lib/python3.10/site-packages/airflow/example_dags/tutorial_dag.py
[2023-05-07T22:49:42.501+0000] {processor.py:743} INFO - Processing file /usr/local/python/3.10.4/lib/python3.10/site-packages/airflow/example_dags/tutorial_dag.py for tasks to queue
[2023-05-07T22:49:42.501+0000] {logging_mixin.py:137} INFO - [2023-05-07T22:49:42.501+0000] {dagbag.py:538} INFO - Filling up the DagBag from /usr/local/python/3.10.4/lib/python3.10/site-packages/airflow/example_dags/tutorial_dag.py
[2023-05-07T22:49:42.514+0000] {processor.py:753} INFO - DAG(s) dict_keys(['tutorial_dag']) retrieved from /usr/local/python/3.10.4/lib/python3.10/site-packages/airflow/example_dags/tutorial_dag.py
[2023-05-07T22:49:42.531+0000] {logging_mixin.py:137} INFO - [2023-05-07T22:49:42.531+0000] {dag.py:2690} INFO - Sync 1 DAGs
[2023-05-07T22:49:42.547+0000] {logging_mixin.py:137} INFO - [2023-05-07T22:49:42.547+0000] {dag.py:3437} INFO - Setting next_dagrun for tutorial_dag to None, run_after=None
[2023-05-07T22:49:42.587+0000] {processor.py:175} INFO - Processing /usr/local/python/3.10.4/lib/python3.10/site-packages/airflow/example_dags/tutorial_dag.py took 0.091 seconds
[2023-05-07T22:50:22.813+0000] {processor.py:153} INFO - Started process (PID=23213) to work on /usr/local/python/3.10.4/lib/python3.10/site-packages/airflow/example_dags/tutorial_dag.py
[2023-05-07T22:50:22.814+0000] {processor.py:743} INFO - Processing file /usr/local/python/3.10.4/lib/python3.10/site-packages/airflow/example_dags/tutorial_dag.py for tasks to queue
[2023-05-07T22:50:22.814+0000] {logging_mixin.py:137} INFO - [2023-05-07T22:50:22.814+0000] {dagbag.py:538} INFO - Filling up the DagBag from /usr/local/python/3.10.4/lib/python3.10/site-packages/airflow/example_dags/tutorial_dag.py
[2023-05-07T22:50:22.828+0000] {processor.py:753} INFO - DAG(s) dict_keys(['tutorial_dag']) retrieved from /usr/local/python/3.10.4/lib/python3.10/site-packages/airflow/example_dags/tutorial_dag.py
[2023-05-07T22:50:22.844+0000] {logging_mixin.py:137} INFO - [2023-05-07T22:50:22.844+0000] {dag.py:2690} INFO - Sync 1 DAGs
[2023-05-07T22:50:22.861+0000] {logging_mixin.py:137} INFO - [2023-05-07T22:50:22.861+0000] {dag.py:3437} INFO - Setting next_dagrun for tutorial_dag to None, run_after=None
[2023-05-07T22:50:22.903+0000] {processor.py:175} INFO - Processing /usr/local/python/3.10.4/lib/python3.10/site-packages/airflow/example_dags/tutorial_dag.py took 0.093 seconds
[2023-05-07T22:50:55.566+0000] {processor.py:153} INFO - Started process (PID=23488) to work on /usr/local/python/3.10.4/lib/python3.10/site-packages/airflow/example_dags/tutorial_dag.py
[2023-05-07T22:50:55.567+0000] {processor.py:743} INFO - Processing file /usr/local/python/3.10.4/lib/python3.10/site-packages/airflow/example_dags/tutorial_dag.py for tasks to queue
[2023-05-07T22:50:55.567+0000] {logging_mixin.py:137} INFO - [2023-05-07T22:50:55.567+0000] {dagbag.py:538} INFO - Filling up the DagBag from /usr/local/python/3.10.4/lib/python3.10/site-packages/airflow/example_dags/tutorial_dag.py
[2023-05-07T22:50:55.580+0000] {processor.py:753} INFO - DAG(s) dict_keys(['tutorial_dag']) retrieved from /usr/local/python/3.10.4/lib/python3.10/site-packages/airflow/example_dags/tutorial_dag.py
[2023-05-07T22:50:55.596+0000] {logging_mixin.py:137} INFO - [2023-05-07T22:50:55.596+0000] {dag.py:2690} INFO - Sync 1 DAGs
[2023-05-07T22:50:55.612+0000] {logging_mixin.py:137} INFO - [2023-05-07T22:50:55.612+0000] {dag.py:3437} INFO - Setting next_dagrun for tutorial_dag to None, run_after=None
[2023-05-07T22:50:55.651+0000] {processor.py:175} INFO - Processing /usr/local/python/3.10.4/lib/python3.10/site-packages/airflow/example_dags/tutorial_dag.py took 0.088 seconds
[2023-05-07T22:51:29.436+0000] {processor.py:153} INFO - Started process (PID=23793) to work on /usr/local/python/3.10.4/lib/python3.10/site-packages/airflow/example_dags/tutorial_dag.py
[2023-05-07T22:51:29.437+0000] {processor.py:743} INFO - Processing file /usr/local/python/3.10.4/lib/python3.10/site-packages/airflow/example_dags/tutorial_dag.py for tasks to queue
[2023-05-07T22:51:29.438+0000] {logging_mixin.py:137} INFO - [2023-05-07T22:51:29.438+0000] {dagbag.py:538} INFO - Filling up the DagBag from /usr/local/python/3.10.4/lib/python3.10/site-packages/airflow/example_dags/tutorial_dag.py
[2023-05-07T22:51:29.451+0000] {processor.py:753} INFO - DAG(s) dict_keys(['tutorial_dag']) retrieved from /usr/local/python/3.10.4/lib/python3.10/site-packages/airflow/example_dags/tutorial_dag.py
[2023-05-07T22:51:29.468+0000] {logging_mixin.py:137} INFO - [2023-05-07T22:51:29.468+0000] {dag.py:2690} INFO - Sync 1 DAGs
[2023-05-07T22:51:29.484+0000] {logging_mixin.py:137} INFO - [2023-05-07T22:51:29.484+0000] {dag.py:3437} INFO - Setting next_dagrun for tutorial_dag to None, run_after=None
[2023-05-07T22:51:29.524+0000] {processor.py:175} INFO - Processing /usr/local/python/3.10.4/lib/python3.10/site-packages/airflow/example_dags/tutorial_dag.py took 0.091 seconds
[2023-05-07T22:52:10.256+0000] {processor.py:153} INFO - Started process (PID=23993) to work on /usr/local/python/3.10.4/lib/python3.10/site-packages/airflow/example_dags/tutorial_dag.py
[2023-05-07T22:52:10.256+0000] {processor.py:743} INFO - Processing file /usr/local/python/3.10.4/lib/python3.10/site-packages/airflow/example_dags/tutorial_dag.py for tasks to queue
[2023-05-07T22:52:10.257+0000] {logging_mixin.py:137} INFO - [2023-05-07T22:52:10.257+0000] {dagbag.py:538} INFO - Filling up the DagBag from /usr/local/python/3.10.4/lib/python3.10/site-packages/airflow/example_dags/tutorial_dag.py
[2023-05-07T22:52:10.270+0000] {processor.py:753} INFO - DAG(s) dict_keys(['tutorial_dag']) retrieved from /usr/local/python/3.10.4/lib/python3.10/site-packages/airflow/example_dags/tutorial_dag.py
[2023-05-07T22:52:10.286+0000] {logging_mixin.py:137} INFO - [2023-05-07T22:52:10.286+0000] {dag.py:2690} INFO - Sync 1 DAGs
[2023-05-07T22:52:10.304+0000] {logging_mixin.py:137} INFO - [2023-05-07T22:52:10.304+0000] {dag.py:3437} INFO - Setting next_dagrun for tutorial_dag to None, run_after=None
[2023-05-07T22:52:10.344+0000] {processor.py:175} INFO - Processing /usr/local/python/3.10.4/lib/python3.10/site-packages/airflow/example_dags/tutorial_dag.py took 0.091 seconds
[2023-05-07T22:52:42.666+0000] {processor.py:153} INFO - Started process (PID=24094) to work on /usr/local/python/3.10.4/lib/python3.10/site-packages/airflow/example_dags/tutorial_dag.py
[2023-05-07T22:52:42.667+0000] {processor.py:743} INFO - Processing file /usr/local/python/3.10.4/lib/python3.10/site-packages/airflow/example_dags/tutorial_dag.py for tasks to queue
[2023-05-07T22:52:42.668+0000] {logging_mixin.py:137} INFO - [2023-05-07T22:52:42.668+0000] {dagbag.py:538} INFO - Filling up the DagBag from /usr/local/python/3.10.4/lib/python3.10/site-packages/airflow/example_dags/tutorial_dag.py
[2023-05-07T22:52:42.686+0000] {processor.py:753} INFO - DAG(s) dict_keys(['tutorial_dag']) retrieved from /usr/local/python/3.10.4/lib/python3.10/site-packages/airflow/example_dags/tutorial_dag.py
[2023-05-07T22:52:42.715+0000] {logging_mixin.py:137} INFO - [2023-05-07T22:52:42.715+0000] {dag.py:2690} INFO - Sync 1 DAGs
[2023-05-07T22:52:42.738+0000] {logging_mixin.py:137} INFO - [2023-05-07T22:52:42.737+0000] {dag.py:3437} INFO - Setting next_dagrun for tutorial_dag to None, run_after=None
[2023-05-07T22:52:42.779+0000] {processor.py:175} INFO - Processing /usr/local/python/3.10.4/lib/python3.10/site-packages/airflow/example_dags/tutorial_dag.py took 0.116 seconds
[2023-05-07T22:53:14.000+0000] {processor.py:153} INFO - Started process (PID=25079) to work on /usr/local/python/3.10.4/lib/python3.10/site-packages/airflow/example_dags/tutorial_dag.py
[2023-05-07T22:53:14.000+0000] {processor.py:743} INFO - Processing file /usr/local/python/3.10.4/lib/python3.10/site-packages/airflow/example_dags/tutorial_dag.py for tasks to queue
[2023-05-07T22:53:14.001+0000] {logging_mixin.py:137} INFO - [2023-05-07T22:53:14.001+0000] {dagbag.py:538} INFO - Filling up the DagBag from /usr/local/python/3.10.4/lib/python3.10/site-packages/airflow/example_dags/tutorial_dag.py
[2023-05-07T22:53:14.018+0000] {processor.py:753} INFO - DAG(s) dict_keys(['tutorial_dag']) retrieved from /usr/local/python/3.10.4/lib/python3.10/site-packages/airflow/example_dags/tutorial_dag.py
[2023-05-07T22:53:14.038+0000] {logging_mixin.py:137} INFO - [2023-05-07T22:53:14.038+0000] {dag.py:2690} INFO - Sync 1 DAGs
[2023-05-07T22:53:14.055+0000] {logging_mixin.py:137} INFO - [2023-05-07T22:53:14.055+0000] {dag.py:3437} INFO - Setting next_dagrun for tutorial_dag to None, run_after=None
[2023-05-07T22:53:14.096+0000] {processor.py:175} INFO - Processing /usr/local/python/3.10.4/lib/python3.10/site-packages/airflow/example_dags/tutorial_dag.py took 0.100 seconds
[2023-05-07T22:53:49.341+0000] {processor.py:153} INFO - Started process (PID=25376) to work on /usr/local/python/3.10.4/lib/python3.10/site-packages/airflow/example_dags/tutorial_dag.py
[2023-05-07T22:53:49.342+0000] {processor.py:743} INFO - Processing file /usr/local/python/3.10.4/lib/python3.10/site-packages/airflow/example_dags/tutorial_dag.py for tasks to queue
[2023-05-07T22:53:49.343+0000] {logging_mixin.py:137} INFO - [2023-05-07T22:53:49.343+0000] {dagbag.py:538} INFO - Filling up the DagBag from /usr/local/python/3.10.4/lib/python3.10/site-packages/airflow/example_dags/tutorial_dag.py
[2023-05-07T22:53:49.356+0000] {processor.py:753} INFO - DAG(s) dict_keys(['tutorial_dag']) retrieved from /usr/local/python/3.10.4/lib/python3.10/site-packages/airflow/example_dags/tutorial_dag.py
[2023-05-07T22:53:49.374+0000] {logging_mixin.py:137} INFO - [2023-05-07T22:53:49.374+0000] {dag.py:2690} INFO - Sync 1 DAGs
[2023-05-07T22:53:49.394+0000] {logging_mixin.py:137} INFO - [2023-05-07T22:53:49.394+0000] {dag.py:3437} INFO - Setting next_dagrun for tutorial_dag to None, run_after=None
[2023-05-07T22:53:49.437+0000] {processor.py:175} INFO - Processing /usr/local/python/3.10.4/lib/python3.10/site-packages/airflow/example_dags/tutorial_dag.py took 0.101 seconds
[2023-05-07T22:54:22.025+0000] {processor.py:153} INFO - Started process (PID=25627) to work on /usr/local/python/3.10.4/lib/python3.10/site-packages/airflow/example_dags/tutorial_dag.py
[2023-05-07T22:54:22.026+0000] {processor.py:743} INFO - Processing file /usr/local/python/3.10.4/lib/python3.10/site-packages/airflow/example_dags/tutorial_dag.py for tasks to queue
[2023-05-07T22:54:22.027+0000] {logging_mixin.py:137} INFO - [2023-05-07T22:54:22.027+0000] {dagbag.py:538} INFO - Filling up the DagBag from /usr/local/python/3.10.4/lib/python3.10/site-packages/airflow/example_dags/tutorial_dag.py
[2023-05-07T22:54:22.041+0000] {processor.py:753} INFO - DAG(s) dict_keys(['tutorial_dag']) retrieved from /usr/local/python/3.10.4/lib/python3.10/site-packages/airflow/example_dags/tutorial_dag.py
[2023-05-07T22:54:22.058+0000] {logging_mixin.py:137} INFO - [2023-05-07T22:54:22.058+0000] {dag.py:2690} INFO - Sync 1 DAGs
[2023-05-07T22:54:22.074+0000] {logging_mixin.py:137} INFO - [2023-05-07T22:54:22.074+0000] {dag.py:3437} INFO - Setting next_dagrun for tutorial_dag to None, run_after=None
[2023-05-07T22:54:22.114+0000] {processor.py:175} INFO - Processing /usr/local/python/3.10.4/lib/python3.10/site-packages/airflow/example_dags/tutorial_dag.py took 0.091 seconds
[2023-05-07T22:54:53.478+0000] {processor.py:153} INFO - Started process (PID=25869) to work on /usr/local/python/3.10.4/lib/python3.10/site-packages/airflow/example_dags/tutorial_dag.py
[2023-05-07T22:54:53.479+0000] {processor.py:743} INFO - Processing file /usr/local/python/3.10.4/lib/python3.10/site-packages/airflow/example_dags/tutorial_dag.py for tasks to queue
[2023-05-07T22:54:53.480+0000] {logging_mixin.py:137} INFO - [2023-05-07T22:54:53.480+0000] {dagbag.py:538} INFO - Filling up the DagBag from /usr/local/python/3.10.4/lib/python3.10/site-packages/airflow/example_dags/tutorial_dag.py
[2023-05-07T22:54:53.493+0000] {processor.py:753} INFO - DAG(s) dict_keys(['tutorial_dag']) retrieved from /usr/local/python/3.10.4/lib/python3.10/site-packages/airflow/example_dags/tutorial_dag.py
[2023-05-07T22:54:53.511+0000] {logging_mixin.py:137} INFO - [2023-05-07T22:54:53.511+0000] {dag.py:2690} INFO - Sync 1 DAGs
[2023-05-07T22:54:53.528+0000] {logging_mixin.py:137} INFO - [2023-05-07T22:54:53.528+0000] {dag.py:3437} INFO - Setting next_dagrun for tutorial_dag to None, run_after=None
[2023-05-07T22:54:53.568+0000] {processor.py:175} INFO - Processing /usr/local/python/3.10.4/lib/python3.10/site-packages/airflow/example_dags/tutorial_dag.py took 0.093 seconds
[2023-05-07T22:55:32.513+0000] {processor.py:153} INFO - Started process (PID=26140) to work on /usr/local/python/3.10.4/lib/python3.10/site-packages/airflow/example_dags/tutorial_dag.py
[2023-05-07T22:55:32.524+0000] {processor.py:743} INFO - Processing file /usr/local/python/3.10.4/lib/python3.10/site-packages/airflow/example_dags/tutorial_dag.py for tasks to queue
[2023-05-07T22:55:32.528+0000] {logging_mixin.py:137} INFO - [2023-05-07T22:55:32.528+0000] {dagbag.py:538} INFO - Filling up the DagBag from /usr/local/python/3.10.4/lib/python3.10/site-packages/airflow/example_dags/tutorial_dag.py
[2023-05-07T22:55:32.591+0000] {processor.py:753} INFO - DAG(s) dict_keys(['tutorial_dag']) retrieved from /usr/local/python/3.10.4/lib/python3.10/site-packages/airflow/example_dags/tutorial_dag.py
[2023-05-07T22:55:32.638+0000] {logging_mixin.py:137} INFO - [2023-05-07T22:55:32.638+0000] {dag.py:2690} INFO - Sync 1 DAGs
[2023-05-07T22:55:32.655+0000] {logging_mixin.py:137} INFO - [2023-05-07T22:55:32.654+0000] {dag.py:3437} INFO - Setting next_dagrun for tutorial_dag to None, run_after=None
[2023-05-07T22:55:32.695+0000] {processor.py:175} INFO - Processing /usr/local/python/3.10.4/lib/python3.10/site-packages/airflow/example_dags/tutorial_dag.py took 0.222 seconds
[2023-05-07T22:56:06.046+0000] {processor.py:153} INFO - Started process (PID=26373) to work on /usr/local/python/3.10.4/lib/python3.10/site-packages/airflow/example_dags/tutorial_dag.py
[2023-05-07T22:56:06.047+0000] {processor.py:743} INFO - Processing file /usr/local/python/3.10.4/lib/python3.10/site-packages/airflow/example_dags/tutorial_dag.py for tasks to queue
[2023-05-07T22:56:06.048+0000] {logging_mixin.py:137} INFO - [2023-05-07T22:56:06.048+0000] {dagbag.py:538} INFO - Filling up the DagBag from /usr/local/python/3.10.4/lib/python3.10/site-packages/airflow/example_dags/tutorial_dag.py
[2023-05-07T22:56:06.061+0000] {processor.py:753} INFO - DAG(s) dict_keys(['tutorial_dag']) retrieved from /usr/local/python/3.10.4/lib/python3.10/site-packages/airflow/example_dags/tutorial_dag.py
[2023-05-07T22:56:06.077+0000] {logging_mixin.py:137} INFO - [2023-05-07T22:56:06.077+0000] {dag.py:2690} INFO - Sync 1 DAGs
[2023-05-07T22:56:06.094+0000] {logging_mixin.py:137} INFO - [2023-05-07T22:56:06.094+0000] {dag.py:3437} INFO - Setting next_dagrun for tutorial_dag to None, run_after=None
[2023-05-07T22:56:06.148+0000] {processor.py:175} INFO - Processing /usr/local/python/3.10.4/lib/python3.10/site-packages/airflow/example_dags/tutorial_dag.py took 0.105 seconds
[2023-05-07T22:56:37.539+0000] {processor.py:153} INFO - Started process (PID=26585) to work on /usr/local/python/3.10.4/lib/python3.10/site-packages/airflow/example_dags/tutorial_dag.py
[2023-05-07T22:56:37.540+0000] {processor.py:743} INFO - Processing file /usr/local/python/3.10.4/lib/python3.10/site-packages/airflow/example_dags/tutorial_dag.py for tasks to queue
[2023-05-07T22:56:37.541+0000] {logging_mixin.py:137} INFO - [2023-05-07T22:56:37.541+0000] {dagbag.py:538} INFO - Filling up the DagBag from /usr/local/python/3.10.4/lib/python3.10/site-packages/airflow/example_dags/tutorial_dag.py
[2023-05-07T22:56:37.554+0000] {processor.py:753} INFO - DAG(s) dict_keys(['tutorial_dag']) retrieved from /usr/local/python/3.10.4/lib/python3.10/site-packages/airflow/example_dags/tutorial_dag.py
[2023-05-07T22:56:37.571+0000] {logging_mixin.py:137} INFO - [2023-05-07T22:56:37.570+0000] {dag.py:2690} INFO - Sync 1 DAGs
[2023-05-07T22:56:37.588+0000] {logging_mixin.py:137} INFO - [2023-05-07T22:56:37.588+0000] {dag.py:3437} INFO - Setting next_dagrun for tutorial_dag to None, run_after=None
[2023-05-07T22:56:37.630+0000] {processor.py:175} INFO - Processing /usr/local/python/3.10.4/lib/python3.10/site-packages/airflow/example_dags/tutorial_dag.py took 0.094 seconds
[2023-05-07T22:57:09.250+0000] {processor.py:153} INFO - Started process (PID=26806) to work on /usr/local/python/3.10.4/lib/python3.10/site-packages/airflow/example_dags/tutorial_dag.py
[2023-05-07T22:57:09.251+0000] {processor.py:743} INFO - Processing file /usr/local/python/3.10.4/lib/python3.10/site-packages/airflow/example_dags/tutorial_dag.py for tasks to queue
[2023-05-07T22:57:09.251+0000] {logging_mixin.py:137} INFO - [2023-05-07T22:57:09.251+0000] {dagbag.py:538} INFO - Filling up the DagBag from /usr/local/python/3.10.4/lib/python3.10/site-packages/airflow/example_dags/tutorial_dag.py
[2023-05-07T22:57:09.264+0000] {processor.py:753} INFO - DAG(s) dict_keys(['tutorial_dag']) retrieved from /usr/local/python/3.10.4/lib/python3.10/site-packages/airflow/example_dags/tutorial_dag.py
[2023-05-07T22:57:09.280+0000] {logging_mixin.py:137} INFO - [2023-05-07T22:57:09.280+0000] {dag.py:2690} INFO - Sync 1 DAGs
[2023-05-07T22:57:09.296+0000] {logging_mixin.py:137} INFO - [2023-05-07T22:57:09.296+0000] {dag.py:3437} INFO - Setting next_dagrun for tutorial_dag to None, run_after=None
[2023-05-07T22:57:09.337+0000] {processor.py:175} INFO - Processing /usr/local/python/3.10.4/lib/python3.10/site-packages/airflow/example_dags/tutorial_dag.py took 0.090 seconds
[2023-05-07T22:57:51.099+0000] {processor.py:153} INFO - Started process (PID=27108) to work on /usr/local/python/3.10.4/lib/python3.10/site-packages/airflow/example_dags/tutorial_dag.py
[2023-05-07T22:57:51.100+0000] {processor.py:743} INFO - Processing file /usr/local/python/3.10.4/lib/python3.10/site-packages/airflow/example_dags/tutorial_dag.py for tasks to queue
[2023-05-07T22:57:51.100+0000] {logging_mixin.py:137} INFO - [2023-05-07T22:57:51.100+0000] {dagbag.py:538} INFO - Filling up the DagBag from /usr/local/python/3.10.4/lib/python3.10/site-packages/airflow/example_dags/tutorial_dag.py
[2023-05-07T22:57:51.113+0000] {processor.py:753} INFO - DAG(s) dict_keys(['tutorial_dag']) retrieved from /usr/local/python/3.10.4/lib/python3.10/site-packages/airflow/example_dags/tutorial_dag.py
[2023-05-07T22:57:51.130+0000] {logging_mixin.py:137} INFO - [2023-05-07T22:57:51.130+0000] {dag.py:2690} INFO - Sync 1 DAGs
[2023-05-07T22:57:51.147+0000] {logging_mixin.py:137} INFO - [2023-05-07T22:57:51.147+0000] {dag.py:3437} INFO - Setting next_dagrun for tutorial_dag to None, run_after=None
[2023-05-07T22:57:51.188+0000] {processor.py:175} INFO - Processing /usr/local/python/3.10.4/lib/python3.10/site-packages/airflow/example_dags/tutorial_dag.py took 0.092 seconds
