[2023-05-07T22:21:58.239+0000] {processor.py:153} INFO - Started process (PID=9729) to work on /usr/local/python/3.10.4/lib/python3.10/site-packages/airflow/example_dags/tutorial_taskflow_api_virtualenv.py
[2023-05-07T22:21:58.240+0000] {processor.py:743} INFO - Processing file /usr/local/python/3.10.4/lib/python3.10/site-packages/airflow/example_dags/tutorial_taskflow_api_virtualenv.py for tasks to queue
[2023-05-07T22:21:58.241+0000] {logging_mixin.py:137} INFO - [2023-05-07T22:21:58.240+0000] {dagbag.py:538} INFO - Filling up the DagBag from /usr/local/python/3.10.4/lib/python3.10/site-packages/airflow/example_dags/tutorial_taskflow_api_virtualenv.py
[2023-05-07T22:21:58.349+0000] {processor.py:753} INFO - DAG(s) dict_keys(['tutorial_taskflow_api_virtualenv']) retrieved from /usr/local/python/3.10.4/lib/python3.10/site-packages/airflow/example_dags/tutorial_taskflow_api_virtualenv.py
[2023-05-07T22:21:58.542+0000] {logging_mixin.py:137} INFO - [2023-05-07T22:21:58.542+0000] {manager.py:504} INFO - Created Permission View: can edit on DAG:tutorial_taskflow_api_virtualenv
[2023-05-07T22:21:58.574+0000] {logging_mixin.py:137} INFO - [2023-05-07T22:21:58.574+0000] {manager.py:504} INFO - Created Permission View: can delete on DAG:tutorial_taskflow_api_virtualenv
[2023-05-07T22:21:58.604+0000] {logging_mixin.py:137} INFO - [2023-05-07T22:21:58.603+0000] {manager.py:504} INFO - Created Permission View: can read on DAG:tutorial_taskflow_api_virtualenv
[2023-05-07T22:21:58.604+0000] {logging_mixin.py:137} INFO - [2023-05-07T22:21:58.604+0000] {dag.py:2690} INFO - Sync 1 DAGs
[2023-05-07T22:21:58.613+0000] {logging_mixin.py:137} INFO - [2023-05-07T22:21:58.613+0000] {dag.py:2711} INFO - Creating ORM DAG for tutorial_taskflow_api_virtualenv
[2023-05-07T22:21:58.624+0000] {logging_mixin.py:137} INFO - [2023-05-07T22:21:58.624+0000] {dag.py:3437} INFO - Setting next_dagrun for tutorial_taskflow_api_virtualenv to None, run_after=None
[2023-05-07T22:21:58.666+0000] {processor.py:175} INFO - Processing /usr/local/python/3.10.4/lib/python3.10/site-packages/airflow/example_dags/tutorial_taskflow_api_virtualenv.py took 0.432 seconds
[2023-05-07T22:22:46.735+0000] {processor.py:153} INFO - Started process (PID=10098) to work on /usr/local/python/3.10.4/lib/python3.10/site-packages/airflow/example_dags/tutorial_taskflow_api_virtualenv.py
[2023-05-07T22:22:46.736+0000] {processor.py:743} INFO - Processing file /usr/local/python/3.10.4/lib/python3.10/site-packages/airflow/example_dags/tutorial_taskflow_api_virtualenv.py for tasks to queue
[2023-05-07T22:22:46.737+0000] {logging_mixin.py:137} INFO - [2023-05-07T22:22:46.736+0000] {dagbag.py:538} INFO - Filling up the DagBag from /usr/local/python/3.10.4/lib/python3.10/site-packages/airflow/example_dags/tutorial_taskflow_api_virtualenv.py
[2023-05-07T22:22:46.759+0000] {processor.py:753} INFO - DAG(s) dict_keys(['tutorial_taskflow_api_virtualenv']) retrieved from /usr/local/python/3.10.4/lib/python3.10/site-packages/airflow/example_dags/tutorial_taskflow_api_virtualenv.py
[2023-05-07T22:22:46.779+0000] {logging_mixin.py:137} INFO - [2023-05-07T22:22:46.779+0000] {dag.py:2690} INFO - Sync 1 DAGs
[2023-05-07T22:22:46.796+0000] {logging_mixin.py:137} INFO - [2023-05-07T22:22:46.796+0000] {dag.py:3437} INFO - Setting next_dagrun for tutorial_taskflow_api_virtualenv to None, run_after=None
[2023-05-07T22:22:46.840+0000] {processor.py:175} INFO - Processing /usr/local/python/3.10.4/lib/python3.10/site-packages/airflow/example_dags/tutorial_taskflow_api_virtualenv.py took 0.108 seconds
[2023-05-07T22:23:25.227+0000] {processor.py:153} INFO - Started process (PID=10346) to work on /usr/local/python/3.10.4/lib/python3.10/site-packages/airflow/example_dags/tutorial_taskflow_api_virtualenv.py
[2023-05-07T22:23:25.228+0000] {processor.py:743} INFO - Processing file /usr/local/python/3.10.4/lib/python3.10/site-packages/airflow/example_dags/tutorial_taskflow_api_virtualenv.py for tasks to queue
[2023-05-07T22:23:25.228+0000] {logging_mixin.py:137} INFO - [2023-05-07T22:23:25.228+0000] {dagbag.py:538} INFO - Filling up the DagBag from /usr/local/python/3.10.4/lib/python3.10/site-packages/airflow/example_dags/tutorial_taskflow_api_virtualenv.py
[2023-05-07T22:23:25.251+0000] {processor.py:753} INFO - DAG(s) dict_keys(['tutorial_taskflow_api_virtualenv']) retrieved from /usr/local/python/3.10.4/lib/python3.10/site-packages/airflow/example_dags/tutorial_taskflow_api_virtualenv.py
[2023-05-07T22:23:25.269+0000] {logging_mixin.py:137} INFO - [2023-05-07T22:23:25.268+0000] {dag.py:2690} INFO - Sync 1 DAGs
[2023-05-07T22:23:25.286+0000] {logging_mixin.py:137} INFO - [2023-05-07T22:23:25.286+0000] {dag.py:3437} INFO - Setting next_dagrun for tutorial_taskflow_api_virtualenv to None, run_after=None
[2023-05-07T22:23:25.328+0000] {processor.py:175} INFO - Processing /usr/local/python/3.10.4/lib/python3.10/site-packages/airflow/example_dags/tutorial_taskflow_api_virtualenv.py took 0.104 seconds
[2023-05-07T22:23:58.413+0000] {processor.py:153} INFO - Started process (PID=10708) to work on /usr/local/python/3.10.4/lib/python3.10/site-packages/airflow/example_dags/tutorial_taskflow_api_virtualenv.py
[2023-05-07T22:23:58.414+0000] {processor.py:743} INFO - Processing file /usr/local/python/3.10.4/lib/python3.10/site-packages/airflow/example_dags/tutorial_taskflow_api_virtualenv.py for tasks to queue
[2023-05-07T22:23:58.415+0000] {logging_mixin.py:137} INFO - [2023-05-07T22:23:58.415+0000] {dagbag.py:538} INFO - Filling up the DagBag from /usr/local/python/3.10.4/lib/python3.10/site-packages/airflow/example_dags/tutorial_taskflow_api_virtualenv.py
[2023-05-07T22:23:58.438+0000] {processor.py:753} INFO - DAG(s) dict_keys(['tutorial_taskflow_api_virtualenv']) retrieved from /usr/local/python/3.10.4/lib/python3.10/site-packages/airflow/example_dags/tutorial_taskflow_api_virtualenv.py
[2023-05-07T22:23:58.455+0000] {logging_mixin.py:137} INFO - [2023-05-07T22:23:58.455+0000] {dag.py:2690} INFO - Sync 1 DAGs
[2023-05-07T22:23:58.471+0000] {logging_mixin.py:137} INFO - [2023-05-07T22:23:58.471+0000] {dag.py:3437} INFO - Setting next_dagrun for tutorial_taskflow_api_virtualenv to None, run_after=None
[2023-05-07T22:23:58.511+0000] {processor.py:175} INFO - Processing /usr/local/python/3.10.4/lib/python3.10/site-packages/airflow/example_dags/tutorial_taskflow_api_virtualenv.py took 0.101 seconds
[2023-05-07T22:24:29.372+0000] {processor.py:153} INFO - Started process (PID=10982) to work on /usr/local/python/3.10.4/lib/python3.10/site-packages/airflow/example_dags/tutorial_taskflow_api_virtualenv.py
[2023-05-07T22:24:29.374+0000] {processor.py:743} INFO - Processing file /usr/local/python/3.10.4/lib/python3.10/site-packages/airflow/example_dags/tutorial_taskflow_api_virtualenv.py for tasks to queue
[2023-05-07T22:24:29.380+0000] {logging_mixin.py:137} INFO - [2023-05-07T22:24:29.380+0000] {dagbag.py:538} INFO - Filling up the DagBag from /usr/local/python/3.10.4/lib/python3.10/site-packages/airflow/example_dags/tutorial_taskflow_api_virtualenv.py
[2023-05-07T22:24:29.472+0000] {processor.py:753} INFO - DAG(s) dict_keys(['tutorial_taskflow_api_virtualenv']) retrieved from /usr/local/python/3.10.4/lib/python3.10/site-packages/airflow/example_dags/tutorial_taskflow_api_virtualenv.py
[2023-05-07T22:24:29.549+0000] {logging_mixin.py:137} INFO - [2023-05-07T22:24:29.549+0000] {dag.py:2690} INFO - Sync 1 DAGs
[2023-05-07T22:24:29.616+0000] {logging_mixin.py:137} INFO - [2023-05-07T22:24:29.612+0000] {dag.py:3437} INFO - Setting next_dagrun for tutorial_taskflow_api_virtualenv to None, run_after=None
[2023-05-07T22:24:29.711+0000] {processor.py:175} INFO - Processing /usr/local/python/3.10.4/lib/python3.10/site-packages/airflow/example_dags/tutorial_taskflow_api_virtualenv.py took 0.343 seconds
[2023-05-07T22:25:01.811+0000] {processor.py:153} INFO - Started process (PID=11204) to work on /usr/local/python/3.10.4/lib/python3.10/site-packages/airflow/example_dags/tutorial_taskflow_api_virtualenv.py
[2023-05-07T22:25:01.815+0000] {processor.py:743} INFO - Processing file /usr/local/python/3.10.4/lib/python3.10/site-packages/airflow/example_dags/tutorial_taskflow_api_virtualenv.py for tasks to queue
[2023-05-07T22:25:01.815+0000] {logging_mixin.py:137} INFO - [2023-05-07T22:25:01.815+0000] {dagbag.py:538} INFO - Filling up the DagBag from /usr/local/python/3.10.4/lib/python3.10/site-packages/airflow/example_dags/tutorial_taskflow_api_virtualenv.py
[2023-05-07T22:25:01.837+0000] {processor.py:753} INFO - DAG(s) dict_keys(['tutorial_taskflow_api_virtualenv']) retrieved from /usr/local/python/3.10.4/lib/python3.10/site-packages/airflow/example_dags/tutorial_taskflow_api_virtualenv.py
[2023-05-07T22:25:01.855+0000] {logging_mixin.py:137} INFO - [2023-05-07T22:25:01.855+0000] {dag.py:2690} INFO - Sync 1 DAGs
[2023-05-07T22:25:01.873+0000] {logging_mixin.py:137} INFO - [2023-05-07T22:25:01.872+0000] {dag.py:3437} INFO - Setting next_dagrun for tutorial_taskflow_api_virtualenv to None, run_after=None
[2023-05-07T22:25:01.914+0000] {processor.py:175} INFO - Processing /usr/local/python/3.10.4/lib/python3.10/site-packages/airflow/example_dags/tutorial_taskflow_api_virtualenv.py took 0.105 seconds
[2023-05-07T22:25:39.529+0000] {processor.py:153} INFO - Started process (PID=11475) to work on /usr/local/python/3.10.4/lib/python3.10/site-packages/airflow/example_dags/tutorial_taskflow_api_virtualenv.py
[2023-05-07T22:25:39.529+0000] {processor.py:743} INFO - Processing file /usr/local/python/3.10.4/lib/python3.10/site-packages/airflow/example_dags/tutorial_taskflow_api_virtualenv.py for tasks to queue
[2023-05-07T22:25:39.530+0000] {logging_mixin.py:137} INFO - [2023-05-07T22:25:39.530+0000] {dagbag.py:538} INFO - Filling up the DagBag from /usr/local/python/3.10.4/lib/python3.10/site-packages/airflow/example_dags/tutorial_taskflow_api_virtualenv.py
[2023-05-07T22:25:39.552+0000] {processor.py:753} INFO - DAG(s) dict_keys(['tutorial_taskflow_api_virtualenv']) retrieved from /usr/local/python/3.10.4/lib/python3.10/site-packages/airflow/example_dags/tutorial_taskflow_api_virtualenv.py
[2023-05-07T22:25:39.570+0000] {logging_mixin.py:137} INFO - [2023-05-07T22:25:39.569+0000] {dag.py:2690} INFO - Sync 1 DAGs
[2023-05-07T22:25:39.588+0000] {logging_mixin.py:137} INFO - [2023-05-07T22:25:39.588+0000] {dag.py:3437} INFO - Setting next_dagrun for tutorial_taskflow_api_virtualenv to None, run_after=None
[2023-05-07T22:25:39.629+0000] {processor.py:175} INFO - Processing /usr/local/python/3.10.4/lib/python3.10/site-packages/airflow/example_dags/tutorial_taskflow_api_virtualenv.py took 0.103 seconds
[2023-05-07T22:26:12.687+0000] {processor.py:153} INFO - Started process (PID=11725) to work on /usr/local/python/3.10.4/lib/python3.10/site-packages/airflow/example_dags/tutorial_taskflow_api_virtualenv.py
[2023-05-07T22:26:12.687+0000] {processor.py:743} INFO - Processing file /usr/local/python/3.10.4/lib/python3.10/site-packages/airflow/example_dags/tutorial_taskflow_api_virtualenv.py for tasks to queue
[2023-05-07T22:26:12.688+0000] {logging_mixin.py:137} INFO - [2023-05-07T22:26:12.688+0000] {dagbag.py:538} INFO - Filling up the DagBag from /usr/local/python/3.10.4/lib/python3.10/site-packages/airflow/example_dags/tutorial_taskflow_api_virtualenv.py
[2023-05-07T22:26:12.710+0000] {processor.py:753} INFO - DAG(s) dict_keys(['tutorial_taskflow_api_virtualenv']) retrieved from /usr/local/python/3.10.4/lib/python3.10/site-packages/airflow/example_dags/tutorial_taskflow_api_virtualenv.py
[2023-05-07T22:26:12.728+0000] {logging_mixin.py:137} INFO - [2023-05-07T22:26:12.727+0000] {dag.py:2690} INFO - Sync 1 DAGs
[2023-05-07T22:26:12.745+0000] {logging_mixin.py:137} INFO - [2023-05-07T22:26:12.745+0000] {dag.py:3437} INFO - Setting next_dagrun for tutorial_taskflow_api_virtualenv to None, run_after=None
[2023-05-07T22:26:12.785+0000] {processor.py:175} INFO - Processing /usr/local/python/3.10.4/lib/python3.10/site-packages/airflow/example_dags/tutorial_taskflow_api_virtualenv.py took 0.102 seconds
[2023-05-07T22:26:43.898+0000] {processor.py:153} INFO - Started process (PID=11941) to work on /usr/local/python/3.10.4/lib/python3.10/site-packages/airflow/example_dags/tutorial_taskflow_api_virtualenv.py
[2023-05-07T22:26:43.899+0000] {processor.py:743} INFO - Processing file /usr/local/python/3.10.4/lib/python3.10/site-packages/airflow/example_dags/tutorial_taskflow_api_virtualenv.py for tasks to queue
[2023-05-07T22:26:43.900+0000] {logging_mixin.py:137} INFO - [2023-05-07T22:26:43.900+0000] {dagbag.py:538} INFO - Filling up the DagBag from /usr/local/python/3.10.4/lib/python3.10/site-packages/airflow/example_dags/tutorial_taskflow_api_virtualenv.py
[2023-05-07T22:26:43.923+0000] {processor.py:753} INFO - DAG(s) dict_keys(['tutorial_taskflow_api_virtualenv']) retrieved from /usr/local/python/3.10.4/lib/python3.10/site-packages/airflow/example_dags/tutorial_taskflow_api_virtualenv.py
[2023-05-07T22:26:43.941+0000] {logging_mixin.py:137} INFO - [2023-05-07T22:26:43.940+0000] {dag.py:2690} INFO - Sync 1 DAGs
[2023-05-07T22:26:43.957+0000] {logging_mixin.py:137} INFO - [2023-05-07T22:26:43.957+0000] {dag.py:3437} INFO - Setting next_dagrun for tutorial_taskflow_api_virtualenv to None, run_after=None
[2023-05-07T22:26:44.000+0000] {processor.py:175} INFO - Processing /usr/local/python/3.10.4/lib/python3.10/site-packages/airflow/example_dags/tutorial_taskflow_api_virtualenv.py took 0.105 seconds
[2023-05-07T22:27:15.207+0000] {processor.py:153} INFO - Started process (PID=12154) to work on /usr/local/python/3.10.4/lib/python3.10/site-packages/airflow/example_dags/tutorial_taskflow_api_virtualenv.py
[2023-05-07T22:27:15.208+0000] {processor.py:743} INFO - Processing file /usr/local/python/3.10.4/lib/python3.10/site-packages/airflow/example_dags/tutorial_taskflow_api_virtualenv.py for tasks to queue
[2023-05-07T22:27:15.208+0000] {logging_mixin.py:137} INFO - [2023-05-07T22:27:15.208+0000] {dagbag.py:538} INFO - Filling up the DagBag from /usr/local/python/3.10.4/lib/python3.10/site-packages/airflow/example_dags/tutorial_taskflow_api_virtualenv.py
[2023-05-07T22:27:15.230+0000] {processor.py:753} INFO - DAG(s) dict_keys(['tutorial_taskflow_api_virtualenv']) retrieved from /usr/local/python/3.10.4/lib/python3.10/site-packages/airflow/example_dags/tutorial_taskflow_api_virtualenv.py
[2023-05-07T22:27:15.248+0000] {logging_mixin.py:137} INFO - [2023-05-07T22:27:15.248+0000] {dag.py:2690} INFO - Sync 1 DAGs
[2023-05-07T22:27:15.264+0000] {logging_mixin.py:137} INFO - [2023-05-07T22:27:15.264+0000] {dag.py:3437} INFO - Setting next_dagrun for tutorial_taskflow_api_virtualenv to None, run_after=None
[2023-05-07T22:27:15.304+0000] {processor.py:175} INFO - Processing /usr/local/python/3.10.4/lib/python3.10/site-packages/airflow/example_dags/tutorial_taskflow_api_virtualenv.py took 0.101 seconds
[2023-05-07T22:27:47.811+0000] {processor.py:153} INFO - Started process (PID=12371) to work on /usr/local/python/3.10.4/lib/python3.10/site-packages/airflow/example_dags/tutorial_taskflow_api_virtualenv.py
[2023-05-07T22:27:47.812+0000] {processor.py:743} INFO - Processing file /usr/local/python/3.10.4/lib/python3.10/site-packages/airflow/example_dags/tutorial_taskflow_api_virtualenv.py for tasks to queue
[2023-05-07T22:27:47.812+0000] {logging_mixin.py:137} INFO - [2023-05-07T22:27:47.812+0000] {dagbag.py:538} INFO - Filling up the DagBag from /usr/local/python/3.10.4/lib/python3.10/site-packages/airflow/example_dags/tutorial_taskflow_api_virtualenv.py
[2023-05-07T22:27:47.834+0000] {processor.py:753} INFO - DAG(s) dict_keys(['tutorial_taskflow_api_virtualenv']) retrieved from /usr/local/python/3.10.4/lib/python3.10/site-packages/airflow/example_dags/tutorial_taskflow_api_virtualenv.py
[2023-05-07T22:27:47.852+0000] {logging_mixin.py:137} INFO - [2023-05-07T22:27:47.852+0000] {dag.py:2690} INFO - Sync 1 DAGs
[2023-05-07T22:27:47.869+0000] {logging_mixin.py:137} INFO - [2023-05-07T22:27:47.868+0000] {dag.py:3437} INFO - Setting next_dagrun for tutorial_taskflow_api_virtualenv to None, run_after=None
[2023-05-07T22:27:47.922+0000] {processor.py:175} INFO - Processing /usr/local/python/3.10.4/lib/python3.10/site-packages/airflow/example_dags/tutorial_taskflow_api_virtualenv.py took 0.114 seconds
[2023-05-07T22:28:20.288+0000] {processor.py:153} INFO - Started process (PID=12602) to work on /usr/local/python/3.10.4/lib/python3.10/site-packages/airflow/example_dags/tutorial_taskflow_api_virtualenv.py
[2023-05-07T22:28:20.289+0000] {processor.py:743} INFO - Processing file /usr/local/python/3.10.4/lib/python3.10/site-packages/airflow/example_dags/tutorial_taskflow_api_virtualenv.py for tasks to queue
[2023-05-07T22:28:20.290+0000] {logging_mixin.py:137} INFO - [2023-05-07T22:28:20.289+0000] {dagbag.py:538} INFO - Filling up the DagBag from /usr/local/python/3.10.4/lib/python3.10/site-packages/airflow/example_dags/tutorial_taskflow_api_virtualenv.py
[2023-05-07T22:28:20.311+0000] {processor.py:753} INFO - DAG(s) dict_keys(['tutorial_taskflow_api_virtualenv']) retrieved from /usr/local/python/3.10.4/lib/python3.10/site-packages/airflow/example_dags/tutorial_taskflow_api_virtualenv.py
[2023-05-07T22:28:20.329+0000] {logging_mixin.py:137} INFO - [2023-05-07T22:28:20.328+0000] {dag.py:2690} INFO - Sync 1 DAGs
[2023-05-07T22:28:20.346+0000] {logging_mixin.py:137} INFO - [2023-05-07T22:28:20.346+0000] {dag.py:3437} INFO - Setting next_dagrun for tutorial_taskflow_api_virtualenv to None, run_after=None
[2023-05-07T22:28:20.388+0000] {processor.py:175} INFO - Processing /usr/local/python/3.10.4/lib/python3.10/site-packages/airflow/example_dags/tutorial_taskflow_api_virtualenv.py took 0.102 seconds
[2023-05-07T22:28:51.890+0000] {processor.py:153} INFO - Started process (PID=12822) to work on /usr/local/python/3.10.4/lib/python3.10/site-packages/airflow/example_dags/tutorial_taskflow_api_virtualenv.py
[2023-05-07T22:28:51.891+0000] {processor.py:743} INFO - Processing file /usr/local/python/3.10.4/lib/python3.10/site-packages/airflow/example_dags/tutorial_taskflow_api_virtualenv.py for tasks to queue
[2023-05-07T22:28:51.891+0000] {logging_mixin.py:137} INFO - [2023-05-07T22:28:51.891+0000] {dagbag.py:538} INFO - Filling up the DagBag from /usr/local/python/3.10.4/lib/python3.10/site-packages/airflow/example_dags/tutorial_taskflow_api_virtualenv.py
[2023-05-07T22:28:51.913+0000] {processor.py:753} INFO - DAG(s) dict_keys(['tutorial_taskflow_api_virtualenv']) retrieved from /usr/local/python/3.10.4/lib/python3.10/site-packages/airflow/example_dags/tutorial_taskflow_api_virtualenv.py
[2023-05-07T22:28:51.931+0000] {logging_mixin.py:137} INFO - [2023-05-07T22:28:51.931+0000] {dag.py:2690} INFO - Sync 1 DAGs
[2023-05-07T22:28:51.949+0000] {logging_mixin.py:137} INFO - [2023-05-07T22:28:51.948+0000] {dag.py:3437} INFO - Setting next_dagrun for tutorial_taskflow_api_virtualenv to None, run_after=None
[2023-05-07T22:28:51.991+0000] {processor.py:175} INFO - Processing /usr/local/python/3.10.4/lib/python3.10/site-packages/airflow/example_dags/tutorial_taskflow_api_virtualenv.py took 0.104 seconds
[2023-05-07T22:29:34.456+0000] {processor.py:153} INFO - Started process (PID=13104) to work on /usr/local/python/3.10.4/lib/python3.10/site-packages/airflow/example_dags/tutorial_taskflow_api_virtualenv.py
[2023-05-07T22:29:34.457+0000] {processor.py:743} INFO - Processing file /usr/local/python/3.10.4/lib/python3.10/site-packages/airflow/example_dags/tutorial_taskflow_api_virtualenv.py for tasks to queue
[2023-05-07T22:29:34.457+0000] {logging_mixin.py:137} INFO - [2023-05-07T22:29:34.457+0000] {dagbag.py:538} INFO - Filling up the DagBag from /usr/local/python/3.10.4/lib/python3.10/site-packages/airflow/example_dags/tutorial_taskflow_api_virtualenv.py
[2023-05-07T22:29:34.479+0000] {processor.py:753} INFO - DAG(s) dict_keys(['tutorial_taskflow_api_virtualenv']) retrieved from /usr/local/python/3.10.4/lib/python3.10/site-packages/airflow/example_dags/tutorial_taskflow_api_virtualenv.py
[2023-05-07T22:29:34.497+0000] {logging_mixin.py:137} INFO - [2023-05-07T22:29:34.497+0000] {dag.py:2690} INFO - Sync 1 DAGs
[2023-05-07T22:29:34.517+0000] {logging_mixin.py:137} INFO - [2023-05-07T22:29:34.517+0000] {dag.py:3437} INFO - Setting next_dagrun for tutorial_taskflow_api_virtualenv to None, run_after=None
[2023-05-07T22:29:34.684+0000] {processor.py:175} INFO - Processing /usr/local/python/3.10.4/lib/python3.10/site-packages/airflow/example_dags/tutorial_taskflow_api_virtualenv.py took 0.232 seconds
[2023-05-07T22:30:13.002+0000] {processor.py:153} INFO - Started process (PID=13383) to work on /usr/local/python/3.10.4/lib/python3.10/site-packages/airflow/example_dags/tutorial_taskflow_api_virtualenv.py
[2023-05-07T22:30:13.003+0000] {processor.py:743} INFO - Processing file /usr/local/python/3.10.4/lib/python3.10/site-packages/airflow/example_dags/tutorial_taskflow_api_virtualenv.py for tasks to queue
[2023-05-07T22:30:13.004+0000] {logging_mixin.py:137} INFO - [2023-05-07T22:30:13.003+0000] {dagbag.py:538} INFO - Filling up the DagBag from /usr/local/python/3.10.4/lib/python3.10/site-packages/airflow/example_dags/tutorial_taskflow_api_virtualenv.py
[2023-05-07T22:30:13.025+0000] {processor.py:753} INFO - DAG(s) dict_keys(['tutorial_taskflow_api_virtualenv']) retrieved from /usr/local/python/3.10.4/lib/python3.10/site-packages/airflow/example_dags/tutorial_taskflow_api_virtualenv.py
[2023-05-07T22:30:13.043+0000] {logging_mixin.py:137} INFO - [2023-05-07T22:30:13.043+0000] {dag.py:2690} INFO - Sync 1 DAGs
[2023-05-07T22:30:13.167+0000] {logging_mixin.py:137} INFO - [2023-05-07T22:30:13.167+0000] {dag.py:3437} INFO - Setting next_dagrun for tutorial_taskflow_api_virtualenv to None, run_after=None
[2023-05-07T22:30:13.210+0000] {processor.py:175} INFO - Processing /usr/local/python/3.10.4/lib/python3.10/site-packages/airflow/example_dags/tutorial_taskflow_api_virtualenv.py took 0.211 seconds
[2023-05-07T22:30:43.780+0000] {processor.py:153} INFO - Started process (PID=13589) to work on /usr/local/python/3.10.4/lib/python3.10/site-packages/airflow/example_dags/tutorial_taskflow_api_virtualenv.py
[2023-05-07T22:30:43.781+0000] {processor.py:743} INFO - Processing file /usr/local/python/3.10.4/lib/python3.10/site-packages/airflow/example_dags/tutorial_taskflow_api_virtualenv.py for tasks to queue
[2023-05-07T22:30:43.781+0000] {logging_mixin.py:137} INFO - [2023-05-07T22:30:43.781+0000] {dagbag.py:538} INFO - Filling up the DagBag from /usr/local/python/3.10.4/lib/python3.10/site-packages/airflow/example_dags/tutorial_taskflow_api_virtualenv.py
[2023-05-07T22:30:43.804+0000] {processor.py:753} INFO - DAG(s) dict_keys(['tutorial_taskflow_api_virtualenv']) retrieved from /usr/local/python/3.10.4/lib/python3.10/site-packages/airflow/example_dags/tutorial_taskflow_api_virtualenv.py
[2023-05-07T22:30:43.822+0000] {logging_mixin.py:137} INFO - [2023-05-07T22:30:43.821+0000] {dag.py:2690} INFO - Sync 1 DAGs
[2023-05-07T22:30:43.947+0000] {logging_mixin.py:137} INFO - [2023-05-07T22:30:43.947+0000] {dag.py:3437} INFO - Setting next_dagrun for tutorial_taskflow_api_virtualenv to None, run_after=None
[2023-05-07T22:30:43.986+0000] {processor.py:175} INFO - Processing /usr/local/python/3.10.4/lib/python3.10/site-packages/airflow/example_dags/tutorial_taskflow_api_virtualenv.py took 0.209 seconds
[2023-05-07T22:31:17.057+0000] {processor.py:153} INFO - Started process (PID=13802) to work on /usr/local/python/3.10.4/lib/python3.10/site-packages/airflow/example_dags/tutorial_taskflow_api_virtualenv.py
[2023-05-07T22:31:17.058+0000] {processor.py:743} INFO - Processing file /usr/local/python/3.10.4/lib/python3.10/site-packages/airflow/example_dags/tutorial_taskflow_api_virtualenv.py for tasks to queue
[2023-05-07T22:31:17.059+0000] {logging_mixin.py:137} INFO - [2023-05-07T22:31:17.058+0000] {dagbag.py:538} INFO - Filling up the DagBag from /usr/local/python/3.10.4/lib/python3.10/site-packages/airflow/example_dags/tutorial_taskflow_api_virtualenv.py
[2023-05-07T22:31:17.082+0000] {processor.py:753} INFO - DAG(s) dict_keys(['tutorial_taskflow_api_virtualenv']) retrieved from /usr/local/python/3.10.4/lib/python3.10/site-packages/airflow/example_dags/tutorial_taskflow_api_virtualenv.py
[2023-05-07T22:31:17.100+0000] {logging_mixin.py:137} INFO - [2023-05-07T22:31:17.100+0000] {dag.py:2690} INFO - Sync 1 DAGs
[2023-05-07T22:31:17.249+0000] {logging_mixin.py:137} INFO - [2023-05-07T22:31:17.248+0000] {dag.py:3437} INFO - Setting next_dagrun for tutorial_taskflow_api_virtualenv to None, run_after=None
[2023-05-07T22:31:17.290+0000] {processor.py:175} INFO - Processing /usr/local/python/3.10.4/lib/python3.10/site-packages/airflow/example_dags/tutorial_taskflow_api_virtualenv.py took 0.236 seconds
[2023-05-07T22:31:50.523+0000] {processor.py:153} INFO - Started process (PID=14047) to work on /usr/local/python/3.10.4/lib/python3.10/site-packages/airflow/example_dags/tutorial_taskflow_api_virtualenv.py
[2023-05-07T22:31:50.523+0000] {processor.py:743} INFO - Processing file /usr/local/python/3.10.4/lib/python3.10/site-packages/airflow/example_dags/tutorial_taskflow_api_virtualenv.py for tasks to queue
[2023-05-07T22:31:50.524+0000] {logging_mixin.py:137} INFO - [2023-05-07T22:31:50.524+0000] {dagbag.py:538} INFO - Filling up the DagBag from /usr/local/python/3.10.4/lib/python3.10/site-packages/airflow/example_dags/tutorial_taskflow_api_virtualenv.py
[2023-05-07T22:31:50.554+0000] {processor.py:753} INFO - DAG(s) dict_keys(['tutorial_taskflow_api_virtualenv']) retrieved from /usr/local/python/3.10.4/lib/python3.10/site-packages/airflow/example_dags/tutorial_taskflow_api_virtualenv.py
[2023-05-07T22:31:50.680+0000] {logging_mixin.py:137} INFO - [2023-05-07T22:31:50.680+0000] {dag.py:2690} INFO - Sync 1 DAGs
[2023-05-07T22:31:50.696+0000] {logging_mixin.py:137} INFO - [2023-05-07T22:31:50.696+0000] {dag.py:3437} INFO - Setting next_dagrun for tutorial_taskflow_api_virtualenv to None, run_after=None
[2023-05-07T22:31:50.743+0000] {processor.py:175} INFO - Processing /usr/local/python/3.10.4/lib/python3.10/site-packages/airflow/example_dags/tutorial_taskflow_api_virtualenv.py took 0.223 seconds
[2023-05-07T22:32:34.433+0000] {processor.py:153} INFO - Started process (PID=14342) to work on /usr/local/python/3.10.4/lib/python3.10/site-packages/airflow/example_dags/tutorial_taskflow_api_virtualenv.py
[2023-05-07T22:32:34.434+0000] {processor.py:743} INFO - Processing file /usr/local/python/3.10.4/lib/python3.10/site-packages/airflow/example_dags/tutorial_taskflow_api_virtualenv.py for tasks to queue
[2023-05-07T22:32:34.434+0000] {logging_mixin.py:137} INFO - [2023-05-07T22:32:34.434+0000] {dagbag.py:538} INFO - Filling up the DagBag from /usr/local/python/3.10.4/lib/python3.10/site-packages/airflow/example_dags/tutorial_taskflow_api_virtualenv.py
[2023-05-07T22:32:34.456+0000] {processor.py:753} INFO - DAG(s) dict_keys(['tutorial_taskflow_api_virtualenv']) retrieved from /usr/local/python/3.10.4/lib/python3.10/site-packages/airflow/example_dags/tutorial_taskflow_api_virtualenv.py
[2023-05-07T22:32:34.582+0000] {logging_mixin.py:137} INFO - [2023-05-07T22:32:34.581+0000] {dag.py:2690} INFO - Sync 1 DAGs
[2023-05-07T22:32:34.596+0000] {logging_mixin.py:137} INFO - [2023-05-07T22:32:34.596+0000] {dag.py:3437} INFO - Setting next_dagrun for tutorial_taskflow_api_virtualenv to None, run_after=None
[2023-05-07T22:32:34.637+0000] {processor.py:175} INFO - Processing /usr/local/python/3.10.4/lib/python3.10/site-packages/airflow/example_dags/tutorial_taskflow_api_virtualenv.py took 0.207 seconds
[2023-05-07T22:33:07.329+0000] {processor.py:153} INFO - Started process (PID=14583) to work on /usr/local/python/3.10.4/lib/python3.10/site-packages/airflow/example_dags/tutorial_taskflow_api_virtualenv.py
[2023-05-07T22:33:07.330+0000] {processor.py:743} INFO - Processing file /usr/local/python/3.10.4/lib/python3.10/site-packages/airflow/example_dags/tutorial_taskflow_api_virtualenv.py for tasks to queue
[2023-05-07T22:33:07.330+0000] {logging_mixin.py:137} INFO - [2023-05-07T22:33:07.330+0000] {dagbag.py:538} INFO - Filling up the DagBag from /usr/local/python/3.10.4/lib/python3.10/site-packages/airflow/example_dags/tutorial_taskflow_api_virtualenv.py
[2023-05-07T22:33:07.465+0000] {processor.py:753} INFO - DAG(s) dict_keys(['tutorial_taskflow_api_virtualenv']) retrieved from /usr/local/python/3.10.4/lib/python3.10/site-packages/airflow/example_dags/tutorial_taskflow_api_virtualenv.py
[2023-05-07T22:33:07.481+0000] {logging_mixin.py:137} INFO - [2023-05-07T22:33:07.481+0000] {dag.py:2690} INFO - Sync 1 DAGs
[2023-05-07T22:33:07.497+0000] {logging_mixin.py:137} INFO - [2023-05-07T22:33:07.497+0000] {dag.py:3437} INFO - Setting next_dagrun for tutorial_taskflow_api_virtualenv to None, run_after=None
[2023-05-07T22:33:07.537+0000] {processor.py:175} INFO - Processing /usr/local/python/3.10.4/lib/python3.10/site-packages/airflow/example_dags/tutorial_taskflow_api_virtualenv.py took 0.210 seconds
[2023-05-07T22:33:40.470+0000] {processor.py:153} INFO - Started process (PID=14802) to work on /usr/local/python/3.10.4/lib/python3.10/site-packages/airflow/example_dags/tutorial_taskflow_api_virtualenv.py
[2023-05-07T22:33:40.471+0000] {processor.py:743} INFO - Processing file /usr/local/python/3.10.4/lib/python3.10/site-packages/airflow/example_dags/tutorial_taskflow_api_virtualenv.py for tasks to queue
[2023-05-07T22:33:40.471+0000] {logging_mixin.py:137} INFO - [2023-05-07T22:33:40.471+0000] {dagbag.py:538} INFO - Filling up the DagBag from /usr/local/python/3.10.4/lib/python3.10/site-packages/airflow/example_dags/tutorial_taskflow_api_virtualenv.py
[2023-05-07T22:33:40.606+0000] {processor.py:753} INFO - DAG(s) dict_keys(['tutorial_taskflow_api_virtualenv']) retrieved from /usr/local/python/3.10.4/lib/python3.10/site-packages/airflow/example_dags/tutorial_taskflow_api_virtualenv.py
[2023-05-07T22:33:40.619+0000] {logging_mixin.py:137} INFO - [2023-05-07T22:33:40.619+0000] {dag.py:2690} INFO - Sync 1 DAGs
[2023-05-07T22:33:40.633+0000] {logging_mixin.py:137} INFO - [2023-05-07T22:33:40.633+0000] {dag.py:3437} INFO - Setting next_dagrun for tutorial_taskflow_api_virtualenv to None, run_after=None
[2023-05-07T22:33:40.680+0000] {processor.py:175} INFO - Processing /usr/local/python/3.10.4/lib/python3.10/site-packages/airflow/example_dags/tutorial_taskflow_api_virtualenv.py took 0.213 seconds
[2023-05-07T22:34:12.346+0000] {processor.py:153} INFO - Started process (PID=15084) to work on /usr/local/python/3.10.4/lib/python3.10/site-packages/airflow/example_dags/tutorial_taskflow_api_virtualenv.py
[2023-05-07T22:34:12.347+0000] {processor.py:743} INFO - Processing file /usr/local/python/3.10.4/lib/python3.10/site-packages/airflow/example_dags/tutorial_taskflow_api_virtualenv.py for tasks to queue
[2023-05-07T22:34:12.348+0000] {logging_mixin.py:137} INFO - [2023-05-07T22:34:12.347+0000] {dagbag.py:538} INFO - Filling up the DagBag from /usr/local/python/3.10.4/lib/python3.10/site-packages/airflow/example_dags/tutorial_taskflow_api_virtualenv.py
[2023-05-07T22:34:12.483+0000] {processor.py:753} INFO - DAG(s) dict_keys(['tutorial_taskflow_api_virtualenv']) retrieved from /usr/local/python/3.10.4/lib/python3.10/site-packages/airflow/example_dags/tutorial_taskflow_api_virtualenv.py
[2023-05-07T22:34:12.497+0000] {logging_mixin.py:137} INFO - [2023-05-07T22:34:12.497+0000] {dag.py:2690} INFO - Sync 1 DAGs
[2023-05-07T22:34:12.513+0000] {logging_mixin.py:137} INFO - [2023-05-07T22:34:12.513+0000] {dag.py:3437} INFO - Setting next_dagrun for tutorial_taskflow_api_virtualenv to None, run_after=None
[2023-05-07T22:34:12.552+0000] {processor.py:175} INFO - Processing /usr/local/python/3.10.4/lib/python3.10/site-packages/airflow/example_dags/tutorial_taskflow_api_virtualenv.py took 0.209 seconds
[2023-05-07T22:34:42.813+0000] {processor.py:153} INFO - Started process (PID=15299) to work on /usr/local/python/3.10.4/lib/python3.10/site-packages/airflow/example_dags/tutorial_taskflow_api_virtualenv.py
[2023-05-07T22:34:42.814+0000] {processor.py:743} INFO - Processing file /usr/local/python/3.10.4/lib/python3.10/site-packages/airflow/example_dags/tutorial_taskflow_api_virtualenv.py for tasks to queue
[2023-05-07T22:34:42.815+0000] {logging_mixin.py:137} INFO - [2023-05-07T22:34:42.815+0000] {dagbag.py:538} INFO - Filling up the DagBag from /usr/local/python/3.10.4/lib/python3.10/site-packages/airflow/example_dags/tutorial_taskflow_api_virtualenv.py
[2023-05-07T22:34:42.836+0000] {processor.py:753} INFO - DAG(s) dict_keys(['tutorial_taskflow_api_virtualenv']) retrieved from /usr/local/python/3.10.4/lib/python3.10/site-packages/airflow/example_dags/tutorial_taskflow_api_virtualenv.py
[2023-05-07T22:34:42.853+0000] {logging_mixin.py:137} INFO - [2023-05-07T22:34:42.853+0000] {dag.py:2690} INFO - Sync 1 DAGs
[2023-05-07T22:34:42.870+0000] {logging_mixin.py:137} INFO - [2023-05-07T22:34:42.870+0000] {dag.py:3437} INFO - Setting next_dagrun for tutorial_taskflow_api_virtualenv to None, run_after=None
[2023-05-07T22:34:42.911+0000] {processor.py:175} INFO - Processing /usr/local/python/3.10.4/lib/python3.10/site-packages/airflow/example_dags/tutorial_taskflow_api_virtualenv.py took 0.101 seconds
[2023-05-07T22:35:16.911+0000] {processor.py:153} INFO - Started process (PID=15545) to work on /usr/local/python/3.10.4/lib/python3.10/site-packages/airflow/example_dags/tutorial_taskflow_api_virtualenv.py
[2023-05-07T22:35:16.912+0000] {processor.py:743} INFO - Processing file /usr/local/python/3.10.4/lib/python3.10/site-packages/airflow/example_dags/tutorial_taskflow_api_virtualenv.py for tasks to queue
[2023-05-07T22:35:16.913+0000] {logging_mixin.py:137} INFO - [2023-05-07T22:35:16.913+0000] {dagbag.py:538} INFO - Filling up the DagBag from /usr/local/python/3.10.4/lib/python3.10/site-packages/airflow/example_dags/tutorial_taskflow_api_virtualenv.py
[2023-05-07T22:35:16.934+0000] {processor.py:753} INFO - DAG(s) dict_keys(['tutorial_taskflow_api_virtualenv']) retrieved from /usr/local/python/3.10.4/lib/python3.10/site-packages/airflow/example_dags/tutorial_taskflow_api_virtualenv.py
[2023-05-07T22:35:16.953+0000] {logging_mixin.py:137} INFO - [2023-05-07T22:35:16.953+0000] {dag.py:2690} INFO - Sync 1 DAGs
[2023-05-07T22:35:16.970+0000] {logging_mixin.py:137} INFO - [2023-05-07T22:35:16.970+0000] {dag.py:3437} INFO - Setting next_dagrun for tutorial_taskflow_api_virtualenv to None, run_after=None
[2023-05-07T22:35:17.013+0000] {processor.py:175} INFO - Processing /usr/local/python/3.10.4/lib/python3.10/site-packages/airflow/example_dags/tutorial_taskflow_api_virtualenv.py took 0.105 seconds
[2023-05-07T22:35:47.128+0000] {processor.py:153} INFO - Started process (PID=15758) to work on /usr/local/python/3.10.4/lib/python3.10/site-packages/airflow/example_dags/tutorial_taskflow_api_virtualenv.py
[2023-05-07T22:35:47.128+0000] {processor.py:743} INFO - Processing file /usr/local/python/3.10.4/lib/python3.10/site-packages/airflow/example_dags/tutorial_taskflow_api_virtualenv.py for tasks to queue
[2023-05-07T22:35:47.129+0000] {logging_mixin.py:137} INFO - [2023-05-07T22:35:47.129+0000] {dagbag.py:538} INFO - Filling up the DagBag from /usr/local/python/3.10.4/lib/python3.10/site-packages/airflow/example_dags/tutorial_taskflow_api_virtualenv.py
[2023-05-07T22:35:47.151+0000] {processor.py:753} INFO - DAG(s) dict_keys(['tutorial_taskflow_api_virtualenv']) retrieved from /usr/local/python/3.10.4/lib/python3.10/site-packages/airflow/example_dags/tutorial_taskflow_api_virtualenv.py
[2023-05-07T22:35:47.170+0000] {logging_mixin.py:137} INFO - [2023-05-07T22:35:47.170+0000] {dag.py:2690} INFO - Sync 1 DAGs
[2023-05-07T22:35:47.187+0000] {logging_mixin.py:137} INFO - [2023-05-07T22:35:47.187+0000] {dag.py:3437} INFO - Setting next_dagrun for tutorial_taskflow_api_virtualenv to None, run_after=None
[2023-05-07T22:35:47.229+0000] {processor.py:175} INFO - Processing /usr/local/python/3.10.4/lib/python3.10/site-packages/airflow/example_dags/tutorial_taskflow_api_virtualenv.py took 0.104 seconds
[2023-05-07T22:36:22.386+0000] {processor.py:153} INFO - Started process (PID=16002) to work on /usr/local/python/3.10.4/lib/python3.10/site-packages/airflow/example_dags/tutorial_taskflow_api_virtualenv.py
[2023-05-07T22:36:22.386+0000] {processor.py:743} INFO - Processing file /usr/local/python/3.10.4/lib/python3.10/site-packages/airflow/example_dags/tutorial_taskflow_api_virtualenv.py for tasks to queue
[2023-05-07T22:36:22.387+0000] {logging_mixin.py:137} INFO - [2023-05-07T22:36:22.387+0000] {dagbag.py:538} INFO - Filling up the DagBag from /usr/local/python/3.10.4/lib/python3.10/site-packages/airflow/example_dags/tutorial_taskflow_api_virtualenv.py
[2023-05-07T22:36:22.408+0000] {processor.py:753} INFO - DAG(s) dict_keys(['tutorial_taskflow_api_virtualenv']) retrieved from /usr/local/python/3.10.4/lib/python3.10/site-packages/airflow/example_dags/tutorial_taskflow_api_virtualenv.py
[2023-05-07T22:36:22.427+0000] {logging_mixin.py:137} INFO - [2023-05-07T22:36:22.426+0000] {dag.py:2690} INFO - Sync 1 DAGs
[2023-05-07T22:36:22.443+0000] {logging_mixin.py:137} INFO - [2023-05-07T22:36:22.443+0000] {dag.py:3437} INFO - Setting next_dagrun for tutorial_taskflow_api_virtualenv to None, run_after=None
[2023-05-07T22:36:22.487+0000] {processor.py:175} INFO - Processing /usr/local/python/3.10.4/lib/python3.10/site-packages/airflow/example_dags/tutorial_taskflow_api_virtualenv.py took 0.105 seconds
[2023-05-07T22:36:56.692+0000] {processor.py:153} INFO - Started process (PID=16254) to work on /usr/local/python/3.10.4/lib/python3.10/site-packages/airflow/example_dags/tutorial_taskflow_api_virtualenv.py
[2023-05-07T22:36:56.693+0000] {processor.py:743} INFO - Processing file /usr/local/python/3.10.4/lib/python3.10/site-packages/airflow/example_dags/tutorial_taskflow_api_virtualenv.py for tasks to queue
[2023-05-07T22:36:56.694+0000] {logging_mixin.py:137} INFO - [2023-05-07T22:36:56.694+0000] {dagbag.py:538} INFO - Filling up the DagBag from /usr/local/python/3.10.4/lib/python3.10/site-packages/airflow/example_dags/tutorial_taskflow_api_virtualenv.py
[2023-05-07T22:36:56.716+0000] {processor.py:753} INFO - DAG(s) dict_keys(['tutorial_taskflow_api_virtualenv']) retrieved from /usr/local/python/3.10.4/lib/python3.10/site-packages/airflow/example_dags/tutorial_taskflow_api_virtualenv.py
[2023-05-07T22:36:56.733+0000] {logging_mixin.py:137} INFO - [2023-05-07T22:36:56.733+0000] {dag.py:2690} INFO - Sync 1 DAGs
[2023-05-07T22:36:56.750+0000] {logging_mixin.py:137} INFO - [2023-05-07T22:36:56.750+0000] {dag.py:3437} INFO - Setting next_dagrun for tutorial_taskflow_api_virtualenv to None, run_after=None
[2023-05-07T22:36:56.790+0000] {processor.py:175} INFO - Processing /usr/local/python/3.10.4/lib/python3.10/site-packages/airflow/example_dags/tutorial_taskflow_api_virtualenv.py took 0.101 seconds
[2023-05-07T22:37:26.945+0000] {processor.py:153} INFO - Started process (PID=16459) to work on /usr/local/python/3.10.4/lib/python3.10/site-packages/airflow/example_dags/tutorial_taskflow_api_virtualenv.py
[2023-05-07T22:37:26.946+0000] {processor.py:743} INFO - Processing file /usr/local/python/3.10.4/lib/python3.10/site-packages/airflow/example_dags/tutorial_taskflow_api_virtualenv.py for tasks to queue
[2023-05-07T22:37:26.946+0000] {logging_mixin.py:137} INFO - [2023-05-07T22:37:26.946+0000] {dagbag.py:538} INFO - Filling up the DagBag from /usr/local/python/3.10.4/lib/python3.10/site-packages/airflow/example_dags/tutorial_taskflow_api_virtualenv.py
[2023-05-07T22:37:26.984+0000] {processor.py:753} INFO - DAG(s) dict_keys(['tutorial_taskflow_api_virtualenv']) retrieved from /usr/local/python/3.10.4/lib/python3.10/site-packages/airflow/example_dags/tutorial_taskflow_api_virtualenv.py
[2023-05-07T22:37:27.001+0000] {logging_mixin.py:137} INFO - [2023-05-07T22:37:27.001+0000] {dag.py:2690} INFO - Sync 1 DAGs
[2023-05-07T22:37:27.021+0000] {logging_mixin.py:137} INFO - [2023-05-07T22:37:27.021+0000] {dag.py:3437} INFO - Setting next_dagrun for tutorial_taskflow_api_virtualenv to None, run_after=None
[2023-05-07T22:37:27.067+0000] {processor.py:175} INFO - Processing /usr/local/python/3.10.4/lib/python3.10/site-packages/airflow/example_dags/tutorial_taskflow_api_virtualenv.py took 0.125 seconds
[2023-05-07T22:38:00.699+0000] {processor.py:153} INFO - Started process (PID=16724) to work on /usr/local/python/3.10.4/lib/python3.10/site-packages/airflow/example_dags/tutorial_taskflow_api_virtualenv.py
[2023-05-07T22:38:00.699+0000] {processor.py:743} INFO - Processing file /usr/local/python/3.10.4/lib/python3.10/site-packages/airflow/example_dags/tutorial_taskflow_api_virtualenv.py for tasks to queue
[2023-05-07T22:38:00.700+0000] {logging_mixin.py:137} INFO - [2023-05-07T22:38:00.700+0000] {dagbag.py:538} INFO - Filling up the DagBag from /usr/local/python/3.10.4/lib/python3.10/site-packages/airflow/example_dags/tutorial_taskflow_api_virtualenv.py
[2023-05-07T22:38:00.722+0000] {processor.py:753} INFO - DAG(s) dict_keys(['tutorial_taskflow_api_virtualenv']) retrieved from /usr/local/python/3.10.4/lib/python3.10/site-packages/airflow/example_dags/tutorial_taskflow_api_virtualenv.py
[2023-05-07T22:38:00.740+0000] {logging_mixin.py:137} INFO - [2023-05-07T22:38:00.739+0000] {dag.py:2690} INFO - Sync 1 DAGs
[2023-05-07T22:38:00.756+0000] {logging_mixin.py:137} INFO - [2023-05-07T22:38:00.756+0000] {dag.py:3437} INFO - Setting next_dagrun for tutorial_taskflow_api_virtualenv to None, run_after=None
[2023-05-07T22:38:00.802+0000] {processor.py:175} INFO - Processing /usr/local/python/3.10.4/lib/python3.10/site-packages/airflow/example_dags/tutorial_taskflow_api_virtualenv.py took 0.106 seconds
[2023-05-07T22:38:34.631+0000] {processor.py:153} INFO - Started process (PID=16962) to work on /usr/local/python/3.10.4/lib/python3.10/site-packages/airflow/example_dags/tutorial_taskflow_api_virtualenv.py
[2023-05-07T22:38:34.632+0000] {processor.py:743} INFO - Processing file /usr/local/python/3.10.4/lib/python3.10/site-packages/airflow/example_dags/tutorial_taskflow_api_virtualenv.py for tasks to queue
[2023-05-07T22:38:34.633+0000] {logging_mixin.py:137} INFO - [2023-05-07T22:38:34.633+0000] {dagbag.py:538} INFO - Filling up the DagBag from /usr/local/python/3.10.4/lib/python3.10/site-packages/airflow/example_dags/tutorial_taskflow_api_virtualenv.py
[2023-05-07T22:38:34.655+0000] {processor.py:753} INFO - DAG(s) dict_keys(['tutorial_taskflow_api_virtualenv']) retrieved from /usr/local/python/3.10.4/lib/python3.10/site-packages/airflow/example_dags/tutorial_taskflow_api_virtualenv.py
[2023-05-07T22:38:34.673+0000] {logging_mixin.py:137} INFO - [2023-05-07T22:38:34.672+0000] {dag.py:2690} INFO - Sync 1 DAGs
[2023-05-07T22:38:34.690+0000] {logging_mixin.py:137} INFO - [2023-05-07T22:38:34.690+0000] {dag.py:3437} INFO - Setting next_dagrun for tutorial_taskflow_api_virtualenv to None, run_after=None
[2023-05-07T22:38:34.731+0000] {processor.py:175} INFO - Processing /usr/local/python/3.10.4/lib/python3.10/site-packages/airflow/example_dags/tutorial_taskflow_api_virtualenv.py took 0.102 seconds
[2023-05-07T22:39:07.729+0000] {processor.py:153} INFO - Started process (PID=17188) to work on /usr/local/python/3.10.4/lib/python3.10/site-packages/airflow/example_dags/tutorial_taskflow_api_virtualenv.py
[2023-05-07T22:39:07.730+0000] {processor.py:743} INFO - Processing file /usr/local/python/3.10.4/lib/python3.10/site-packages/airflow/example_dags/tutorial_taskflow_api_virtualenv.py for tasks to queue
[2023-05-07T22:39:07.731+0000] {logging_mixin.py:137} INFO - [2023-05-07T22:39:07.731+0000] {dagbag.py:538} INFO - Filling up the DagBag from /usr/local/python/3.10.4/lib/python3.10/site-packages/airflow/example_dags/tutorial_taskflow_api_virtualenv.py
[2023-05-07T22:39:07.753+0000] {processor.py:753} INFO - DAG(s) dict_keys(['tutorial_taskflow_api_virtualenv']) retrieved from /usr/local/python/3.10.4/lib/python3.10/site-packages/airflow/example_dags/tutorial_taskflow_api_virtualenv.py
[2023-05-07T22:39:07.771+0000] {logging_mixin.py:137} INFO - [2023-05-07T22:39:07.771+0000] {dag.py:2690} INFO - Sync 1 DAGs
[2023-05-07T22:39:07.789+0000] {logging_mixin.py:137} INFO - [2023-05-07T22:39:07.789+0000] {dag.py:3437} INFO - Setting next_dagrun for tutorial_taskflow_api_virtualenv to None, run_after=None
[2023-05-07T22:39:07.834+0000] {processor.py:175} INFO - Processing /usr/local/python/3.10.4/lib/python3.10/site-packages/airflow/example_dags/tutorial_taskflow_api_virtualenv.py took 0.107 seconds
[2023-05-07T22:39:40.461+0000] {processor.py:153} INFO - Started process (PID=17449) to work on /usr/local/python/3.10.4/lib/python3.10/site-packages/airflow/example_dags/tutorial_taskflow_api_virtualenv.py
[2023-05-07T22:39:40.462+0000] {processor.py:743} INFO - Processing file /usr/local/python/3.10.4/lib/python3.10/site-packages/airflow/example_dags/tutorial_taskflow_api_virtualenv.py for tasks to queue
[2023-05-07T22:39:40.462+0000] {logging_mixin.py:137} INFO - [2023-05-07T22:39:40.462+0000] {dagbag.py:538} INFO - Filling up the DagBag from /usr/local/python/3.10.4/lib/python3.10/site-packages/airflow/example_dags/tutorial_taskflow_api_virtualenv.py
[2023-05-07T22:39:40.485+0000] {processor.py:753} INFO - DAG(s) dict_keys(['tutorial_taskflow_api_virtualenv']) retrieved from /usr/local/python/3.10.4/lib/python3.10/site-packages/airflow/example_dags/tutorial_taskflow_api_virtualenv.py
[2023-05-07T22:39:40.503+0000] {logging_mixin.py:137} INFO - [2023-05-07T22:39:40.502+0000] {dag.py:2690} INFO - Sync 1 DAGs
[2023-05-07T22:39:40.520+0000] {logging_mixin.py:137} INFO - [2023-05-07T22:39:40.520+0000] {dag.py:3437} INFO - Setting next_dagrun for tutorial_taskflow_api_virtualenv to None, run_after=None
[2023-05-07T22:39:40.561+0000] {processor.py:175} INFO - Processing /usr/local/python/3.10.4/lib/python3.10/site-packages/airflow/example_dags/tutorial_taskflow_api_virtualenv.py took 0.103 seconds
[2023-05-07T22:40:12.273+0000] {processor.py:153} INFO - Started process (PID=17686) to work on /usr/local/python/3.10.4/lib/python3.10/site-packages/airflow/example_dags/tutorial_taskflow_api_virtualenv.py
[2023-05-07T22:40:12.274+0000] {processor.py:743} INFO - Processing file /usr/local/python/3.10.4/lib/python3.10/site-packages/airflow/example_dags/tutorial_taskflow_api_virtualenv.py for tasks to queue
[2023-05-07T22:40:12.274+0000] {logging_mixin.py:137} INFO - [2023-05-07T22:40:12.274+0000] {dagbag.py:538} INFO - Filling up the DagBag from /usr/local/python/3.10.4/lib/python3.10/site-packages/airflow/example_dags/tutorial_taskflow_api_virtualenv.py
[2023-05-07T22:40:12.296+0000] {processor.py:753} INFO - DAG(s) dict_keys(['tutorial_taskflow_api_virtualenv']) retrieved from /usr/local/python/3.10.4/lib/python3.10/site-packages/airflow/example_dags/tutorial_taskflow_api_virtualenv.py
[2023-05-07T22:40:12.313+0000] {logging_mixin.py:137} INFO - [2023-05-07T22:40:12.313+0000] {dag.py:2690} INFO - Sync 1 DAGs
[2023-05-07T22:40:12.331+0000] {logging_mixin.py:137} INFO - [2023-05-07T22:40:12.330+0000] {dag.py:3437} INFO - Setting next_dagrun for tutorial_taskflow_api_virtualenv to None, run_after=None
[2023-05-07T22:40:12.373+0000] {processor.py:175} INFO - Processing /usr/local/python/3.10.4/lib/python3.10/site-packages/airflow/example_dags/tutorial_taskflow_api_virtualenv.py took 0.102 seconds
[2023-05-07T22:40:43.012+0000] {processor.py:153} INFO - Started process (PID=17931) to work on /usr/local/python/3.10.4/lib/python3.10/site-packages/airflow/example_dags/tutorial_taskflow_api_virtualenv.py
[2023-05-07T22:40:43.012+0000] {processor.py:743} INFO - Processing file /usr/local/python/3.10.4/lib/python3.10/site-packages/airflow/example_dags/tutorial_taskflow_api_virtualenv.py for tasks to queue
[2023-05-07T22:40:43.013+0000] {logging_mixin.py:137} INFO - [2023-05-07T22:40:43.013+0000] {dagbag.py:538} INFO - Filling up the DagBag from /usr/local/python/3.10.4/lib/python3.10/site-packages/airflow/example_dags/tutorial_taskflow_api_virtualenv.py
[2023-05-07T22:40:43.035+0000] {processor.py:753} INFO - DAG(s) dict_keys(['tutorial_taskflow_api_virtualenv']) retrieved from /usr/local/python/3.10.4/lib/python3.10/site-packages/airflow/example_dags/tutorial_taskflow_api_virtualenv.py
[2023-05-07T22:40:43.052+0000] {logging_mixin.py:137} INFO - [2023-05-07T22:40:43.052+0000] {dag.py:2690} INFO - Sync 1 DAGs
[2023-05-07T22:40:43.069+0000] {logging_mixin.py:137} INFO - [2023-05-07T22:40:43.069+0000] {dag.py:3437} INFO - Setting next_dagrun for tutorial_taskflow_api_virtualenv to None, run_after=None
[2023-05-07T22:40:43.109+0000] {processor.py:175} INFO - Processing /usr/local/python/3.10.4/lib/python3.10/site-packages/airflow/example_dags/tutorial_taskflow_api_virtualenv.py took 0.101 seconds
[2023-05-07T22:41:22.462+0000] {processor.py:153} INFO - Started process (PID=18187) to work on /usr/local/python/3.10.4/lib/python3.10/site-packages/airflow/example_dags/tutorial_taskflow_api_virtualenv.py
[2023-05-07T22:41:22.463+0000] {processor.py:743} INFO - Processing file /usr/local/python/3.10.4/lib/python3.10/site-packages/airflow/example_dags/tutorial_taskflow_api_virtualenv.py for tasks to queue
[2023-05-07T22:41:22.464+0000] {logging_mixin.py:137} INFO - [2023-05-07T22:41:22.463+0000] {dagbag.py:538} INFO - Filling up the DagBag from /usr/local/python/3.10.4/lib/python3.10/site-packages/airflow/example_dags/tutorial_taskflow_api_virtualenv.py
[2023-05-07T22:41:22.485+0000] {processor.py:753} INFO - DAG(s) dict_keys(['tutorial_taskflow_api_virtualenv']) retrieved from /usr/local/python/3.10.4/lib/python3.10/site-packages/airflow/example_dags/tutorial_taskflow_api_virtualenv.py
[2023-05-07T22:41:22.503+0000] {logging_mixin.py:137} INFO - [2023-05-07T22:41:22.502+0000] {dag.py:2690} INFO - Sync 1 DAGs
[2023-05-07T22:41:22.519+0000] {logging_mixin.py:137} INFO - [2023-05-07T22:41:22.519+0000] {dag.py:3437} INFO - Setting next_dagrun for tutorial_taskflow_api_virtualenv to None, run_after=None
[2023-05-07T22:41:22.559+0000] {processor.py:175} INFO - Processing /usr/local/python/3.10.4/lib/python3.10/site-packages/airflow/example_dags/tutorial_taskflow_api_virtualenv.py took 0.100 seconds
[2023-05-07T22:41:52.887+0000] {processor.py:153} INFO - Started process (PID=18414) to work on /usr/local/python/3.10.4/lib/python3.10/site-packages/airflow/example_dags/tutorial_taskflow_api_virtualenv.py
[2023-05-07T22:41:52.888+0000] {processor.py:743} INFO - Processing file /usr/local/python/3.10.4/lib/python3.10/site-packages/airflow/example_dags/tutorial_taskflow_api_virtualenv.py for tasks to queue
[2023-05-07T22:41:52.890+0000] {logging_mixin.py:137} INFO - [2023-05-07T22:41:52.890+0000] {dagbag.py:538} INFO - Filling up the DagBag from /usr/local/python/3.10.4/lib/python3.10/site-packages/airflow/example_dags/tutorial_taskflow_api_virtualenv.py
[2023-05-07T22:41:52.924+0000] {processor.py:753} INFO - DAG(s) dict_keys(['tutorial_taskflow_api_virtualenv']) retrieved from /usr/local/python/3.10.4/lib/python3.10/site-packages/airflow/example_dags/tutorial_taskflow_api_virtualenv.py
[2023-05-07T22:41:52.943+0000] {logging_mixin.py:137} INFO - [2023-05-07T22:41:52.943+0000] {dag.py:2690} INFO - Sync 1 DAGs
[2023-05-07T22:41:52.959+0000] {logging_mixin.py:137} INFO - [2023-05-07T22:41:52.959+0000] {dag.py:3437} INFO - Setting next_dagrun for tutorial_taskflow_api_virtualenv to None, run_after=None
[2023-05-07T22:41:53.000+0000] {processor.py:175} INFO - Processing /usr/local/python/3.10.4/lib/python3.10/site-packages/airflow/example_dags/tutorial_taskflow_api_virtualenv.py took 0.117 seconds
[2023-05-07T22:42:23.497+0000] {processor.py:153} INFO - Started process (PID=18702) to work on /usr/local/python/3.10.4/lib/python3.10/site-packages/airflow/example_dags/tutorial_taskflow_api_virtualenv.py
[2023-05-07T22:42:23.498+0000] {processor.py:743} INFO - Processing file /usr/local/python/3.10.4/lib/python3.10/site-packages/airflow/example_dags/tutorial_taskflow_api_virtualenv.py for tasks to queue
[2023-05-07T22:42:23.498+0000] {logging_mixin.py:137} INFO - [2023-05-07T22:42:23.498+0000] {dagbag.py:538} INFO - Filling up the DagBag from /usr/local/python/3.10.4/lib/python3.10/site-packages/airflow/example_dags/tutorial_taskflow_api_virtualenv.py
[2023-05-07T22:42:23.520+0000] {processor.py:753} INFO - DAG(s) dict_keys(['tutorial_taskflow_api_virtualenv']) retrieved from /usr/local/python/3.10.4/lib/python3.10/site-packages/airflow/example_dags/tutorial_taskflow_api_virtualenv.py
[2023-05-07T22:42:23.537+0000] {logging_mixin.py:137} INFO - [2023-05-07T22:42:23.537+0000] {dag.py:2690} INFO - Sync 1 DAGs
[2023-05-07T22:42:23.554+0000] {logging_mixin.py:137} INFO - [2023-05-07T22:42:23.554+0000] {dag.py:3437} INFO - Setting next_dagrun for tutorial_taskflow_api_virtualenv to None, run_after=None
[2023-05-07T22:42:23.599+0000] {processor.py:175} INFO - Processing /usr/local/python/3.10.4/lib/python3.10/site-packages/airflow/example_dags/tutorial_taskflow_api_virtualenv.py took 0.105 seconds
[2023-05-07T22:42:56.519+0000] {processor.py:153} INFO - Started process (PID=18998) to work on /usr/local/python/3.10.4/lib/python3.10/site-packages/airflow/example_dags/tutorial_taskflow_api_virtualenv.py
[2023-05-07T22:42:56.520+0000] {processor.py:743} INFO - Processing file /usr/local/python/3.10.4/lib/python3.10/site-packages/airflow/example_dags/tutorial_taskflow_api_virtualenv.py for tasks to queue
[2023-05-07T22:42:56.520+0000] {logging_mixin.py:137} INFO - [2023-05-07T22:42:56.520+0000] {dagbag.py:538} INFO - Filling up the DagBag from /usr/local/python/3.10.4/lib/python3.10/site-packages/airflow/example_dags/tutorial_taskflow_api_virtualenv.py
[2023-05-07T22:42:56.543+0000] {processor.py:753} INFO - DAG(s) dict_keys(['tutorial_taskflow_api_virtualenv']) retrieved from /usr/local/python/3.10.4/lib/python3.10/site-packages/airflow/example_dags/tutorial_taskflow_api_virtualenv.py
[2023-05-07T22:42:56.560+0000] {logging_mixin.py:137} INFO - [2023-05-07T22:42:56.560+0000] {dag.py:2690} INFO - Sync 1 DAGs
[2023-05-07T22:42:56.578+0000] {logging_mixin.py:137} INFO - [2023-05-07T22:42:56.578+0000] {dag.py:3437} INFO - Setting next_dagrun for tutorial_taskflow_api_virtualenv to None, run_after=None
[2023-05-07T22:42:56.618+0000] {processor.py:175} INFO - Processing /usr/local/python/3.10.4/lib/python3.10/site-packages/airflow/example_dags/tutorial_taskflow_api_virtualenv.py took 0.102 seconds
[2023-05-07T22:43:29.870+0000] {processor.py:153} INFO - Started process (PID=19365) to work on /usr/local/python/3.10.4/lib/python3.10/site-packages/airflow/example_dags/tutorial_taskflow_api_virtualenv.py
[2023-05-07T22:43:29.871+0000] {processor.py:743} INFO - Processing file /usr/local/python/3.10.4/lib/python3.10/site-packages/airflow/example_dags/tutorial_taskflow_api_virtualenv.py for tasks to queue
[2023-05-07T22:43:29.872+0000] {logging_mixin.py:137} INFO - [2023-05-07T22:43:29.872+0000] {dagbag.py:538} INFO - Filling up the DagBag from /usr/local/python/3.10.4/lib/python3.10/site-packages/airflow/example_dags/tutorial_taskflow_api_virtualenv.py
[2023-05-07T22:43:29.931+0000] {processor.py:753} INFO - DAG(s) dict_keys(['tutorial_taskflow_api_virtualenv']) retrieved from /usr/local/python/3.10.4/lib/python3.10/site-packages/airflow/example_dags/tutorial_taskflow_api_virtualenv.py
[2023-05-07T22:43:29.956+0000] {logging_mixin.py:137} INFO - [2023-05-07T22:43:29.956+0000] {dag.py:2690} INFO - Sync 1 DAGs
[2023-05-07T22:43:29.984+0000] {logging_mixin.py:137} INFO - [2023-05-07T22:43:29.983+0000] {dag.py:3437} INFO - Setting next_dagrun for tutorial_taskflow_api_virtualenv to None, run_after=None
[2023-05-07T22:43:30.035+0000] {processor.py:175} INFO - Processing /usr/local/python/3.10.4/lib/python3.10/site-packages/airflow/example_dags/tutorial_taskflow_api_virtualenv.py took 0.180 seconds
[2023-05-07T22:44:01.152+0000] {processor.py:153} INFO - Started process (PID=19709) to work on /usr/local/python/3.10.4/lib/python3.10/site-packages/airflow/example_dags/tutorial_taskflow_api_virtualenv.py
[2023-05-07T22:44:01.153+0000] {processor.py:743} INFO - Processing file /usr/local/python/3.10.4/lib/python3.10/site-packages/airflow/example_dags/tutorial_taskflow_api_virtualenv.py for tasks to queue
[2023-05-07T22:44:01.154+0000] {logging_mixin.py:137} INFO - [2023-05-07T22:44:01.154+0000] {dagbag.py:538} INFO - Filling up the DagBag from /usr/local/python/3.10.4/lib/python3.10/site-packages/airflow/example_dags/tutorial_taskflow_api_virtualenv.py
[2023-05-07T22:44:01.178+0000] {processor.py:753} INFO - DAG(s) dict_keys(['tutorial_taskflow_api_virtualenv']) retrieved from /usr/local/python/3.10.4/lib/python3.10/site-packages/airflow/example_dags/tutorial_taskflow_api_virtualenv.py
[2023-05-07T22:44:01.195+0000] {logging_mixin.py:137} INFO - [2023-05-07T22:44:01.195+0000] {dag.py:2690} INFO - Sync 1 DAGs
[2023-05-07T22:44:01.213+0000] {logging_mixin.py:137} INFO - [2023-05-07T22:44:01.212+0000] {dag.py:3437} INFO - Setting next_dagrun for tutorial_taskflow_api_virtualenv to None, run_after=None
[2023-05-07T22:44:01.252+0000] {processor.py:175} INFO - Processing /usr/local/python/3.10.4/lib/python3.10/site-packages/airflow/example_dags/tutorial_taskflow_api_virtualenv.py took 0.104 seconds
[2023-05-07T22:44:32.556+0000] {processor.py:153} INFO - Started process (PID=20058) to work on /usr/local/python/3.10.4/lib/python3.10/site-packages/airflow/example_dags/tutorial_taskflow_api_virtualenv.py
[2023-05-07T22:44:32.557+0000] {processor.py:743} INFO - Processing file /usr/local/python/3.10.4/lib/python3.10/site-packages/airflow/example_dags/tutorial_taskflow_api_virtualenv.py for tasks to queue
[2023-05-07T22:44:32.558+0000] {logging_mixin.py:137} INFO - [2023-05-07T22:44:32.558+0000] {dagbag.py:538} INFO - Filling up the DagBag from /usr/local/python/3.10.4/lib/python3.10/site-packages/airflow/example_dags/tutorial_taskflow_api_virtualenv.py
[2023-05-07T22:44:32.580+0000] {processor.py:753} INFO - DAG(s) dict_keys(['tutorial_taskflow_api_virtualenv']) retrieved from /usr/local/python/3.10.4/lib/python3.10/site-packages/airflow/example_dags/tutorial_taskflow_api_virtualenv.py
[2023-05-07T22:44:32.598+0000] {logging_mixin.py:137} INFO - [2023-05-07T22:44:32.598+0000] {dag.py:2690} INFO - Sync 1 DAGs
[2023-05-07T22:44:32.614+0000] {logging_mixin.py:137} INFO - [2023-05-07T22:44:32.614+0000] {dag.py:3437} INFO - Setting next_dagrun for tutorial_taskflow_api_virtualenv to None, run_after=None
[2023-05-07T22:44:32.653+0000] {processor.py:175} INFO - Processing /usr/local/python/3.10.4/lib/python3.10/site-packages/airflow/example_dags/tutorial_taskflow_api_virtualenv.py took 0.100 seconds
[2023-05-07T22:45:04.661+0000] {processor.py:153} INFO - Started process (PID=20290) to work on /usr/local/python/3.10.4/lib/python3.10/site-packages/airflow/example_dags/tutorial_taskflow_api_virtualenv.py
[2023-05-07T22:45:04.662+0000] {processor.py:743} INFO - Processing file /usr/local/python/3.10.4/lib/python3.10/site-packages/airflow/example_dags/tutorial_taskflow_api_virtualenv.py for tasks to queue
[2023-05-07T22:45:04.663+0000] {logging_mixin.py:137} INFO - [2023-05-07T22:45:04.662+0000] {dagbag.py:538} INFO - Filling up the DagBag from /usr/local/python/3.10.4/lib/python3.10/site-packages/airflow/example_dags/tutorial_taskflow_api_virtualenv.py
[2023-05-07T22:45:04.685+0000] {processor.py:753} INFO - DAG(s) dict_keys(['tutorial_taskflow_api_virtualenv']) retrieved from /usr/local/python/3.10.4/lib/python3.10/site-packages/airflow/example_dags/tutorial_taskflow_api_virtualenv.py
[2023-05-07T22:45:04.703+0000] {logging_mixin.py:137} INFO - [2023-05-07T22:45:04.703+0000] {dag.py:2690} INFO - Sync 1 DAGs
[2023-05-07T22:45:04.719+0000] {logging_mixin.py:137} INFO - [2023-05-07T22:45:04.719+0000] {dag.py:3437} INFO - Setting next_dagrun for tutorial_taskflow_api_virtualenv to None, run_after=None
[2023-05-07T22:45:04.761+0000] {processor.py:175} INFO - Processing /usr/local/python/3.10.4/lib/python3.10/site-packages/airflow/example_dags/tutorial_taskflow_api_virtualenv.py took 0.103 seconds
[2023-05-07T22:45:39.256+0000] {processor.py:153} INFO - Started process (PID=20646) to work on /usr/local/python/3.10.4/lib/python3.10/site-packages/airflow/example_dags/tutorial_taskflow_api_virtualenv.py
[2023-05-07T22:45:39.257+0000] {processor.py:743} INFO - Processing file /usr/local/python/3.10.4/lib/python3.10/site-packages/airflow/example_dags/tutorial_taskflow_api_virtualenv.py for tasks to queue
[2023-05-07T22:45:39.257+0000] {logging_mixin.py:137} INFO - [2023-05-07T22:45:39.257+0000] {dagbag.py:538} INFO - Filling up the DagBag from /usr/local/python/3.10.4/lib/python3.10/site-packages/airflow/example_dags/tutorial_taskflow_api_virtualenv.py
[2023-05-07T22:45:39.279+0000] {processor.py:753} INFO - DAG(s) dict_keys(['tutorial_taskflow_api_virtualenv']) retrieved from /usr/local/python/3.10.4/lib/python3.10/site-packages/airflow/example_dags/tutorial_taskflow_api_virtualenv.py
[2023-05-07T22:45:39.296+0000] {logging_mixin.py:137} INFO - [2023-05-07T22:45:39.296+0000] {dag.py:2690} INFO - Sync 1 DAGs
[2023-05-07T22:45:39.313+0000] {logging_mixin.py:137} INFO - [2023-05-07T22:45:39.313+0000] {dag.py:3437} INFO - Setting next_dagrun for tutorial_taskflow_api_virtualenv to None, run_after=None
[2023-05-07T22:45:39.353+0000] {processor.py:175} INFO - Processing /usr/local/python/3.10.4/lib/python3.10/site-packages/airflow/example_dags/tutorial_taskflow_api_virtualenv.py took 0.100 seconds
[2023-05-07T22:46:11.740+0000] {processor.py:153} INFO - Started process (PID=20958) to work on /usr/local/python/3.10.4/lib/python3.10/site-packages/airflow/example_dags/tutorial_taskflow_api_virtualenv.py
[2023-05-07T22:46:11.742+0000] {processor.py:743} INFO - Processing file /usr/local/python/3.10.4/lib/python3.10/site-packages/airflow/example_dags/tutorial_taskflow_api_virtualenv.py for tasks to queue
[2023-05-07T22:46:11.742+0000] {logging_mixin.py:137} INFO - [2023-05-07T22:46:11.742+0000] {dagbag.py:538} INFO - Filling up the DagBag from /usr/local/python/3.10.4/lib/python3.10/site-packages/airflow/example_dags/tutorial_taskflow_api_virtualenv.py
[2023-05-07T22:46:11.764+0000] {processor.py:753} INFO - DAG(s) dict_keys(['tutorial_taskflow_api_virtualenv']) retrieved from /usr/local/python/3.10.4/lib/python3.10/site-packages/airflow/example_dags/tutorial_taskflow_api_virtualenv.py
[2023-05-07T22:46:11.781+0000] {logging_mixin.py:137} INFO - [2023-05-07T22:46:11.781+0000] {dag.py:2690} INFO - Sync 1 DAGs
[2023-05-07T22:46:11.798+0000] {logging_mixin.py:137} INFO - [2023-05-07T22:46:11.798+0000] {dag.py:3437} INFO - Setting next_dagrun for tutorial_taskflow_api_virtualenv to None, run_after=None
[2023-05-07T22:46:11.839+0000] {processor.py:175} INFO - Processing /usr/local/python/3.10.4/lib/python3.10/site-packages/airflow/example_dags/tutorial_taskflow_api_virtualenv.py took 0.101 seconds
[2023-05-07T22:46:44.588+0000] {processor.py:153} INFO - Started process (PID=21277) to work on /usr/local/python/3.10.4/lib/python3.10/site-packages/airflow/example_dags/tutorial_taskflow_api_virtualenv.py
[2023-05-07T22:46:44.589+0000] {processor.py:743} INFO - Processing file /usr/local/python/3.10.4/lib/python3.10/site-packages/airflow/example_dags/tutorial_taskflow_api_virtualenv.py for tasks to queue
[2023-05-07T22:46:44.590+0000] {logging_mixin.py:137} INFO - [2023-05-07T22:46:44.590+0000] {dagbag.py:538} INFO - Filling up the DagBag from /usr/local/python/3.10.4/lib/python3.10/site-packages/airflow/example_dags/tutorial_taskflow_api_virtualenv.py
[2023-05-07T22:46:44.611+0000] {processor.py:753} INFO - DAG(s) dict_keys(['tutorial_taskflow_api_virtualenv']) retrieved from /usr/local/python/3.10.4/lib/python3.10/site-packages/airflow/example_dags/tutorial_taskflow_api_virtualenv.py
[2023-05-07T22:46:44.628+0000] {logging_mixin.py:137} INFO - [2023-05-07T22:46:44.628+0000] {dag.py:2690} INFO - Sync 1 DAGs
[2023-05-07T22:46:44.645+0000] {logging_mixin.py:137} INFO - [2023-05-07T22:46:44.645+0000] {dag.py:3437} INFO - Setting next_dagrun for tutorial_taskflow_api_virtualenv to None, run_after=None
[2023-05-07T22:46:44.685+0000] {processor.py:175} INFO - Processing /usr/local/python/3.10.4/lib/python3.10/site-packages/airflow/example_dags/tutorial_taskflow_api_virtualenv.py took 0.100 seconds
[2023-05-07T22:47:18.623+0000] {processor.py:153} INFO - Started process (PID=21567) to work on /usr/local/python/3.10.4/lib/python3.10/site-packages/airflow/example_dags/tutorial_taskflow_api_virtualenv.py
[2023-05-07T22:47:18.624+0000] {processor.py:743} INFO - Processing file /usr/local/python/3.10.4/lib/python3.10/site-packages/airflow/example_dags/tutorial_taskflow_api_virtualenv.py for tasks to queue
[2023-05-07T22:47:18.625+0000] {logging_mixin.py:137} INFO - [2023-05-07T22:47:18.625+0000] {dagbag.py:538} INFO - Filling up the DagBag from /usr/local/python/3.10.4/lib/python3.10/site-packages/airflow/example_dags/tutorial_taskflow_api_virtualenv.py
[2023-05-07T22:47:18.647+0000] {processor.py:753} INFO - DAG(s) dict_keys(['tutorial_taskflow_api_virtualenv']) retrieved from /usr/local/python/3.10.4/lib/python3.10/site-packages/airflow/example_dags/tutorial_taskflow_api_virtualenv.py
[2023-05-07T22:47:18.665+0000] {logging_mixin.py:137} INFO - [2023-05-07T22:47:18.665+0000] {dag.py:2690} INFO - Sync 1 DAGs
[2023-05-07T22:47:18.682+0000] {logging_mixin.py:137} INFO - [2023-05-07T22:47:18.682+0000] {dag.py:3437} INFO - Setting next_dagrun for tutorial_taskflow_api_virtualenv to None, run_after=None
[2023-05-07T22:47:18.723+0000] {processor.py:175} INFO - Processing /usr/local/python/3.10.4/lib/python3.10/site-packages/airflow/example_dags/tutorial_taskflow_api_virtualenv.py took 0.103 seconds
[2023-05-07T22:47:49.288+0000] {processor.py:153} INFO - Started process (PID=21781) to work on /usr/local/python/3.10.4/lib/python3.10/site-packages/airflow/example_dags/tutorial_taskflow_api_virtualenv.py
[2023-05-07T22:47:49.289+0000] {processor.py:743} INFO - Processing file /usr/local/python/3.10.4/lib/python3.10/site-packages/airflow/example_dags/tutorial_taskflow_api_virtualenv.py for tasks to queue
[2023-05-07T22:47:49.290+0000] {logging_mixin.py:137} INFO - [2023-05-07T22:47:49.289+0000] {dagbag.py:538} INFO - Filling up the DagBag from /usr/local/python/3.10.4/lib/python3.10/site-packages/airflow/example_dags/tutorial_taskflow_api_virtualenv.py
[2023-05-07T22:47:49.312+0000] {processor.py:753} INFO - DAG(s) dict_keys(['tutorial_taskflow_api_virtualenv']) retrieved from /usr/local/python/3.10.4/lib/python3.10/site-packages/airflow/example_dags/tutorial_taskflow_api_virtualenv.py
[2023-05-07T22:47:49.329+0000] {logging_mixin.py:137} INFO - [2023-05-07T22:47:49.329+0000] {dag.py:2690} INFO - Sync 1 DAGs
[2023-05-07T22:47:49.346+0000] {logging_mixin.py:137} INFO - [2023-05-07T22:47:49.346+0000] {dag.py:3437} INFO - Setting next_dagrun for tutorial_taskflow_api_virtualenv to None, run_after=None
[2023-05-07T22:47:49.387+0000] {processor.py:175} INFO - Processing /usr/local/python/3.10.4/lib/python3.10/site-packages/airflow/example_dags/tutorial_taskflow_api_virtualenv.py took 0.101 seconds
[2023-05-07T22:48:21.554+0000] {processor.py:153} INFO - Started process (PID=22111) to work on /usr/local/python/3.10.4/lib/python3.10/site-packages/airflow/example_dags/tutorial_taskflow_api_virtualenv.py
[2023-05-07T22:48:21.555+0000] {processor.py:743} INFO - Processing file /usr/local/python/3.10.4/lib/python3.10/site-packages/airflow/example_dags/tutorial_taskflow_api_virtualenv.py for tasks to queue
[2023-05-07T22:48:21.556+0000] {logging_mixin.py:137} INFO - [2023-05-07T22:48:21.556+0000] {dagbag.py:538} INFO - Filling up the DagBag from /usr/local/python/3.10.4/lib/python3.10/site-packages/airflow/example_dags/tutorial_taskflow_api_virtualenv.py
[2023-05-07T22:48:21.589+0000] {processor.py:753} INFO - DAG(s) dict_keys(['tutorial_taskflow_api_virtualenv']) retrieved from /usr/local/python/3.10.4/lib/python3.10/site-packages/airflow/example_dags/tutorial_taskflow_api_virtualenv.py
[2023-05-07T22:48:21.615+0000] {logging_mixin.py:137} INFO - [2023-05-07T22:48:21.615+0000] {dag.py:2690} INFO - Sync 1 DAGs
[2023-05-07T22:48:21.639+0000] {logging_mixin.py:137} INFO - [2023-05-07T22:48:21.639+0000] {dag.py:3437} INFO - Setting next_dagrun for tutorial_taskflow_api_virtualenv to None, run_after=None
[2023-05-07T22:48:21.682+0000] {processor.py:175} INFO - Processing /usr/local/python/3.10.4/lib/python3.10/site-packages/airflow/example_dags/tutorial_taskflow_api_virtualenv.py took 0.131 seconds
[2023-05-07T22:48:55.273+0000] {processor.py:153} INFO - Started process (PID=22432) to work on /usr/local/python/3.10.4/lib/python3.10/site-packages/airflow/example_dags/tutorial_taskflow_api_virtualenv.py
[2023-05-07T22:48:55.274+0000] {processor.py:743} INFO - Processing file /usr/local/python/3.10.4/lib/python3.10/site-packages/airflow/example_dags/tutorial_taskflow_api_virtualenv.py for tasks to queue
[2023-05-07T22:48:55.274+0000] {logging_mixin.py:137} INFO - [2023-05-07T22:48:55.274+0000] {dagbag.py:538} INFO - Filling up the DagBag from /usr/local/python/3.10.4/lib/python3.10/site-packages/airflow/example_dags/tutorial_taskflow_api_virtualenv.py
[2023-05-07T22:48:55.296+0000] {processor.py:753} INFO - DAG(s) dict_keys(['tutorial_taskflow_api_virtualenv']) retrieved from /usr/local/python/3.10.4/lib/python3.10/site-packages/airflow/example_dags/tutorial_taskflow_api_virtualenv.py
[2023-05-07T22:48:55.314+0000] {logging_mixin.py:137} INFO - [2023-05-07T22:48:55.314+0000] {dag.py:2690} INFO - Sync 1 DAGs
[2023-05-07T22:48:55.330+0000] {logging_mixin.py:137} INFO - [2023-05-07T22:48:55.330+0000] {dag.py:3437} INFO - Setting next_dagrun for tutorial_taskflow_api_virtualenv to None, run_after=None
[2023-05-07T22:48:55.370+0000] {processor.py:175} INFO - Processing /usr/local/python/3.10.4/lib/python3.10/site-packages/airflow/example_dags/tutorial_taskflow_api_virtualenv.py took 0.100 seconds
[2023-05-07T22:49:29.215+0000] {processor.py:153} INFO - Started process (PID=22799) to work on /usr/local/python/3.10.4/lib/python3.10/site-packages/airflow/example_dags/tutorial_taskflow_api_virtualenv.py
[2023-05-07T22:49:29.216+0000] {processor.py:743} INFO - Processing file /usr/local/python/3.10.4/lib/python3.10/site-packages/airflow/example_dags/tutorial_taskflow_api_virtualenv.py for tasks to queue
[2023-05-07T22:49:29.216+0000] {logging_mixin.py:137} INFO - [2023-05-07T22:49:29.216+0000] {dagbag.py:538} INFO - Filling up the DagBag from /usr/local/python/3.10.4/lib/python3.10/site-packages/airflow/example_dags/tutorial_taskflow_api_virtualenv.py
[2023-05-07T22:49:29.237+0000] {processor.py:753} INFO - DAG(s) dict_keys(['tutorial_taskflow_api_virtualenv']) retrieved from /usr/local/python/3.10.4/lib/python3.10/site-packages/airflow/example_dags/tutorial_taskflow_api_virtualenv.py
[2023-05-07T22:49:29.255+0000] {logging_mixin.py:137} INFO - [2023-05-07T22:49:29.255+0000] {dag.py:2690} INFO - Sync 1 DAGs
[2023-05-07T22:49:29.272+0000] {logging_mixin.py:137} INFO - [2023-05-07T22:49:29.272+0000] {dag.py:3437} INFO - Setting next_dagrun for tutorial_taskflow_api_virtualenv to None, run_after=None
[2023-05-07T22:49:29.311+0000] {processor.py:175} INFO - Processing /usr/local/python/3.10.4/lib/python3.10/site-packages/airflow/example_dags/tutorial_taskflow_api_virtualenv.py took 0.099 seconds
[2023-05-07T22:50:00.569+0000] {processor.py:153} INFO - Started process (PID=23051) to work on /usr/local/python/3.10.4/lib/python3.10/site-packages/airflow/example_dags/tutorial_taskflow_api_virtualenv.py
[2023-05-07T22:50:00.569+0000] {processor.py:743} INFO - Processing file /usr/local/python/3.10.4/lib/python3.10/site-packages/airflow/example_dags/tutorial_taskflow_api_virtualenv.py for tasks to queue
[2023-05-07T22:50:00.570+0000] {logging_mixin.py:137} INFO - [2023-05-07T22:50:00.570+0000] {dagbag.py:538} INFO - Filling up the DagBag from /usr/local/python/3.10.4/lib/python3.10/site-packages/airflow/example_dags/tutorial_taskflow_api_virtualenv.py
[2023-05-07T22:50:00.592+0000] {processor.py:753} INFO - DAG(s) dict_keys(['tutorial_taskflow_api_virtualenv']) retrieved from /usr/local/python/3.10.4/lib/python3.10/site-packages/airflow/example_dags/tutorial_taskflow_api_virtualenv.py
[2023-05-07T22:50:00.609+0000] {logging_mixin.py:137} INFO - [2023-05-07T22:50:00.609+0000] {dag.py:2690} INFO - Sync 1 DAGs
[2023-05-07T22:50:00.626+0000] {logging_mixin.py:137} INFO - [2023-05-07T22:50:00.626+0000] {dag.py:3437} INFO - Setting next_dagrun for tutorial_taskflow_api_virtualenv to None, run_after=None
[2023-05-07T22:50:00.666+0000] {processor.py:175} INFO - Processing /usr/local/python/3.10.4/lib/python3.10/site-packages/airflow/example_dags/tutorial_taskflow_api_virtualenv.py took 0.100 seconds
[2023-05-07T22:50:32.078+0000] {processor.py:153} INFO - Started process (PID=23282) to work on /usr/local/python/3.10.4/lib/python3.10/site-packages/airflow/example_dags/tutorial_taskflow_api_virtualenv.py
[2023-05-07T22:50:32.078+0000] {processor.py:743} INFO - Processing file /usr/local/python/3.10.4/lib/python3.10/site-packages/airflow/example_dags/tutorial_taskflow_api_virtualenv.py for tasks to queue
[2023-05-07T22:50:32.079+0000] {logging_mixin.py:137} INFO - [2023-05-07T22:50:32.079+0000] {dagbag.py:538} INFO - Filling up the DagBag from /usr/local/python/3.10.4/lib/python3.10/site-packages/airflow/example_dags/tutorial_taskflow_api_virtualenv.py
[2023-05-07T22:50:32.103+0000] {processor.py:753} INFO - DAG(s) dict_keys(['tutorial_taskflow_api_virtualenv']) retrieved from /usr/local/python/3.10.4/lib/python3.10/site-packages/airflow/example_dags/tutorial_taskflow_api_virtualenv.py
[2023-05-07T22:50:32.121+0000] {logging_mixin.py:137} INFO - [2023-05-07T22:50:32.120+0000] {dag.py:2690} INFO - Sync 1 DAGs
[2023-05-07T22:50:32.137+0000] {logging_mixin.py:137} INFO - [2023-05-07T22:50:32.136+0000] {dag.py:3437} INFO - Setting next_dagrun for tutorial_taskflow_api_virtualenv to None, run_after=None
[2023-05-07T22:50:32.177+0000] {processor.py:175} INFO - Processing /usr/local/python/3.10.4/lib/python3.10/site-packages/airflow/example_dags/tutorial_taskflow_api_virtualenv.py took 0.102 seconds
[2023-05-07T22:51:06.108+0000] {processor.py:153} INFO - Started process (PID=23593) to work on /usr/local/python/3.10.4/lib/python3.10/site-packages/airflow/example_dags/tutorial_taskflow_api_virtualenv.py
[2023-05-07T22:51:06.109+0000] {processor.py:743} INFO - Processing file /usr/local/python/3.10.4/lib/python3.10/site-packages/airflow/example_dags/tutorial_taskflow_api_virtualenv.py for tasks to queue
[2023-05-07T22:51:06.110+0000] {logging_mixin.py:137} INFO - [2023-05-07T22:51:06.109+0000] {dagbag.py:538} INFO - Filling up the DagBag from /usr/local/python/3.10.4/lib/python3.10/site-packages/airflow/example_dags/tutorial_taskflow_api_virtualenv.py
[2023-05-07T22:51:06.135+0000] {processor.py:753} INFO - DAG(s) dict_keys(['tutorial_taskflow_api_virtualenv']) retrieved from /usr/local/python/3.10.4/lib/python3.10/site-packages/airflow/example_dags/tutorial_taskflow_api_virtualenv.py
[2023-05-07T22:51:06.159+0000] {logging_mixin.py:137} INFO - [2023-05-07T22:51:06.159+0000] {dag.py:2690} INFO - Sync 1 DAGs
[2023-05-07T22:51:06.178+0000] {logging_mixin.py:137} INFO - [2023-05-07T22:51:06.178+0000] {dag.py:3437} INFO - Setting next_dagrun for tutorial_taskflow_api_virtualenv to None, run_after=None
[2023-05-07T22:51:06.222+0000] {processor.py:175} INFO - Processing /usr/local/python/3.10.4/lib/python3.10/site-packages/airflow/example_dags/tutorial_taskflow_api_virtualenv.py took 0.119 seconds
[2023-05-07T22:51:37.504+0000] {processor.py:153} INFO - Started process (PID=23859) to work on /usr/local/python/3.10.4/lib/python3.10/site-packages/airflow/example_dags/tutorial_taskflow_api_virtualenv.py
[2023-05-07T22:51:37.505+0000] {processor.py:743} INFO - Processing file /usr/local/python/3.10.4/lib/python3.10/site-packages/airflow/example_dags/tutorial_taskflow_api_virtualenv.py for tasks to queue
[2023-05-07T22:51:37.506+0000] {logging_mixin.py:137} INFO - [2023-05-07T22:51:37.505+0000] {dagbag.py:538} INFO - Filling up the DagBag from /usr/local/python/3.10.4/lib/python3.10/site-packages/airflow/example_dags/tutorial_taskflow_api_virtualenv.py
[2023-05-07T22:51:37.527+0000] {processor.py:753} INFO - DAG(s) dict_keys(['tutorial_taskflow_api_virtualenv']) retrieved from /usr/local/python/3.10.4/lib/python3.10/site-packages/airflow/example_dags/tutorial_taskflow_api_virtualenv.py
[2023-05-07T22:51:37.544+0000] {logging_mixin.py:137} INFO - [2023-05-07T22:51:37.544+0000] {dag.py:2690} INFO - Sync 1 DAGs
[2023-05-07T22:51:37.560+0000] {logging_mixin.py:137} INFO - [2023-05-07T22:51:37.560+0000] {dag.py:3437} INFO - Setting next_dagrun for tutorial_taskflow_api_virtualenv to None, run_after=None
[2023-05-07T22:51:37.601+0000] {processor.py:175} INFO - Processing /usr/local/python/3.10.4/lib/python3.10/site-packages/airflow/example_dags/tutorial_taskflow_api_virtualenv.py took 0.099 seconds
[2023-05-07T22:52:09.020+0000] {processor.py:153} INFO - Started process (PID=23992) to work on /usr/local/python/3.10.4/lib/python3.10/site-packages/airflow/example_dags/tutorial_taskflow_api_virtualenv.py
[2023-05-07T22:52:09.021+0000] {processor.py:743} INFO - Processing file /usr/local/python/3.10.4/lib/python3.10/site-packages/airflow/example_dags/tutorial_taskflow_api_virtualenv.py for tasks to queue
[2023-05-07T22:52:09.021+0000] {logging_mixin.py:137} INFO - [2023-05-07T22:52:09.021+0000] {dagbag.py:538} INFO - Filling up the DagBag from /usr/local/python/3.10.4/lib/python3.10/site-packages/airflow/example_dags/tutorial_taskflow_api_virtualenv.py
[2023-05-07T22:52:09.046+0000] {processor.py:753} INFO - DAG(s) dict_keys(['tutorial_taskflow_api_virtualenv']) retrieved from /usr/local/python/3.10.4/lib/python3.10/site-packages/airflow/example_dags/tutorial_taskflow_api_virtualenv.py
[2023-05-07T22:52:09.064+0000] {logging_mixin.py:137} INFO - [2023-05-07T22:52:09.064+0000] {dag.py:2690} INFO - Sync 1 DAGs
[2023-05-07T22:52:09.081+0000] {logging_mixin.py:137} INFO - [2023-05-07T22:52:09.081+0000] {dag.py:3437} INFO - Setting next_dagrun for tutorial_taskflow_api_virtualenv to None, run_after=None
[2023-05-07T22:52:09.120+0000] {processor.py:175} INFO - Processing /usr/local/python/3.10.4/lib/python3.10/site-packages/airflow/example_dags/tutorial_taskflow_api_virtualenv.py took 0.103 seconds
[2023-05-07T22:52:41.865+0000] {processor.py:153} INFO - Started process (PID=24093) to work on /usr/local/python/3.10.4/lib/python3.10/site-packages/airflow/example_dags/tutorial_taskflow_api_virtualenv.py
[2023-05-07T22:52:41.866+0000] {processor.py:743} INFO - Processing file /usr/local/python/3.10.4/lib/python3.10/site-packages/airflow/example_dags/tutorial_taskflow_api_virtualenv.py for tasks to queue
[2023-05-07T22:52:41.866+0000] {logging_mixin.py:137} INFO - [2023-05-07T22:52:41.866+0000] {dagbag.py:538} INFO - Filling up the DagBag from /usr/local/python/3.10.4/lib/python3.10/site-packages/airflow/example_dags/tutorial_taskflow_api_virtualenv.py
[2023-05-07T22:52:41.888+0000] {processor.py:753} INFO - DAG(s) dict_keys(['tutorial_taskflow_api_virtualenv']) retrieved from /usr/local/python/3.10.4/lib/python3.10/site-packages/airflow/example_dags/tutorial_taskflow_api_virtualenv.py
[2023-05-07T22:52:41.906+0000] {logging_mixin.py:137} INFO - [2023-05-07T22:52:41.906+0000] {dag.py:2690} INFO - Sync 1 DAGs
[2023-05-07T22:52:41.924+0000] {logging_mixin.py:137} INFO - [2023-05-07T22:52:41.924+0000] {dag.py:3437} INFO - Setting next_dagrun for tutorial_taskflow_api_virtualenv to None, run_after=None
[2023-05-07T22:52:41.964+0000] {processor.py:175} INFO - Processing /usr/local/python/3.10.4/lib/python3.10/site-packages/airflow/example_dags/tutorial_taskflow_api_virtualenv.py took 0.102 seconds
[2023-05-07T22:53:13.703+0000] {processor.py:153} INFO - Started process (PID=25076) to work on /usr/local/python/3.10.4/lib/python3.10/site-packages/airflow/example_dags/tutorial_taskflow_api_virtualenv.py
[2023-05-07T22:53:13.703+0000] {processor.py:743} INFO - Processing file /usr/local/python/3.10.4/lib/python3.10/site-packages/airflow/example_dags/tutorial_taskflow_api_virtualenv.py for tasks to queue
[2023-05-07T22:53:13.704+0000] {logging_mixin.py:137} INFO - [2023-05-07T22:53:13.704+0000] {dagbag.py:538} INFO - Filling up the DagBag from /usr/local/python/3.10.4/lib/python3.10/site-packages/airflow/example_dags/tutorial_taskflow_api_virtualenv.py
[2023-05-07T22:53:13.726+0000] {processor.py:753} INFO - DAG(s) dict_keys(['tutorial_taskflow_api_virtualenv']) retrieved from /usr/local/python/3.10.4/lib/python3.10/site-packages/airflow/example_dags/tutorial_taskflow_api_virtualenv.py
[2023-05-07T22:53:13.744+0000] {logging_mixin.py:137} INFO - [2023-05-07T22:53:13.744+0000] {dag.py:2690} INFO - Sync 1 DAGs
[2023-05-07T22:53:13.761+0000] {logging_mixin.py:137} INFO - [2023-05-07T22:53:13.760+0000] {dag.py:3437} INFO - Setting next_dagrun for tutorial_taskflow_api_virtualenv to None, run_after=None
[2023-05-07T22:53:13.815+0000] {processor.py:175} INFO - Processing /usr/local/python/3.10.4/lib/python3.10/site-packages/airflow/example_dags/tutorial_taskflow_api_virtualenv.py took 0.115 seconds
[2023-05-07T22:53:48.093+0000] {processor.py:153} INFO - Started process (PID=25338) to work on /usr/local/python/3.10.4/lib/python3.10/site-packages/airflow/example_dags/tutorial_taskflow_api_virtualenv.py
[2023-05-07T22:53:48.094+0000] {processor.py:743} INFO - Processing file /usr/local/python/3.10.4/lib/python3.10/site-packages/airflow/example_dags/tutorial_taskflow_api_virtualenv.py for tasks to queue
[2023-05-07T22:53:48.095+0000] {logging_mixin.py:137} INFO - [2023-05-07T22:53:48.095+0000] {dagbag.py:538} INFO - Filling up the DagBag from /usr/local/python/3.10.4/lib/python3.10/site-packages/airflow/example_dags/tutorial_taskflow_api_virtualenv.py
[2023-05-07T22:53:48.118+0000] {processor.py:753} INFO - DAG(s) dict_keys(['tutorial_taskflow_api_virtualenv']) retrieved from /usr/local/python/3.10.4/lib/python3.10/site-packages/airflow/example_dags/tutorial_taskflow_api_virtualenv.py
[2023-05-07T22:53:48.138+0000] {logging_mixin.py:137} INFO - [2023-05-07T22:53:48.138+0000] {dag.py:2690} INFO - Sync 1 DAGs
[2023-05-07T22:53:48.155+0000] {logging_mixin.py:137} INFO - [2023-05-07T22:53:48.154+0000] {dag.py:3437} INFO - Setting next_dagrun for tutorial_taskflow_api_virtualenv to None, run_after=None
[2023-05-07T22:53:48.197+0000] {processor.py:175} INFO - Processing /usr/local/python/3.10.4/lib/python3.10/site-packages/airflow/example_dags/tutorial_taskflow_api_virtualenv.py took 0.106 seconds
[2023-05-07T22:54:21.634+0000] {processor.py:153} INFO - Started process (PID=25626) to work on /usr/local/python/3.10.4/lib/python3.10/site-packages/airflow/example_dags/tutorial_taskflow_api_virtualenv.py
[2023-05-07T22:54:21.635+0000] {processor.py:743} INFO - Processing file /usr/local/python/3.10.4/lib/python3.10/site-packages/airflow/example_dags/tutorial_taskflow_api_virtualenv.py for tasks to queue
[2023-05-07T22:54:21.635+0000] {logging_mixin.py:137} INFO - [2023-05-07T22:54:21.635+0000] {dagbag.py:538} INFO - Filling up the DagBag from /usr/local/python/3.10.4/lib/python3.10/site-packages/airflow/example_dags/tutorial_taskflow_api_virtualenv.py
[2023-05-07T22:54:21.658+0000] {processor.py:753} INFO - DAG(s) dict_keys(['tutorial_taskflow_api_virtualenv']) retrieved from /usr/local/python/3.10.4/lib/python3.10/site-packages/airflow/example_dags/tutorial_taskflow_api_virtualenv.py
[2023-05-07T22:54:21.675+0000] {logging_mixin.py:137} INFO - [2023-05-07T22:54:21.675+0000] {dag.py:2690} INFO - Sync 1 DAGs
[2023-05-07T22:54:21.693+0000] {logging_mixin.py:137} INFO - [2023-05-07T22:54:21.693+0000] {dag.py:3437} INFO - Setting next_dagrun for tutorial_taskflow_api_virtualenv to None, run_after=None
[2023-05-07T22:54:21.741+0000] {processor.py:175} INFO - Processing /usr/local/python/3.10.4/lib/python3.10/site-packages/airflow/example_dags/tutorial_taskflow_api_virtualenv.py took 0.110 seconds
[2023-05-07T22:54:53.180+0000] {processor.py:153} INFO - Started process (PID=25862) to work on /usr/local/python/3.10.4/lib/python3.10/site-packages/airflow/example_dags/tutorial_taskflow_api_virtualenv.py
[2023-05-07T22:54:53.181+0000] {processor.py:743} INFO - Processing file /usr/local/python/3.10.4/lib/python3.10/site-packages/airflow/example_dags/tutorial_taskflow_api_virtualenv.py for tasks to queue
[2023-05-07T22:54:53.182+0000] {logging_mixin.py:137} INFO - [2023-05-07T22:54:53.182+0000] {dagbag.py:538} INFO - Filling up the DagBag from /usr/local/python/3.10.4/lib/python3.10/site-packages/airflow/example_dags/tutorial_taskflow_api_virtualenv.py
[2023-05-07T22:54:53.204+0000] {processor.py:753} INFO - DAG(s) dict_keys(['tutorial_taskflow_api_virtualenv']) retrieved from /usr/local/python/3.10.4/lib/python3.10/site-packages/airflow/example_dags/tutorial_taskflow_api_virtualenv.py
[2023-05-07T22:54:53.226+0000] {logging_mixin.py:137} INFO - [2023-05-07T22:54:53.226+0000] {dag.py:2690} INFO - Sync 1 DAGs
[2023-05-07T22:54:53.252+0000] {logging_mixin.py:137} INFO - [2023-05-07T22:54:53.252+0000] {dag.py:3437} INFO - Setting next_dagrun for tutorial_taskflow_api_virtualenv to None, run_after=None
[2023-05-07T22:54:53.301+0000] {processor.py:175} INFO - Processing /usr/local/python/3.10.4/lib/python3.10/site-packages/airflow/example_dags/tutorial_taskflow_api_virtualenv.py took 0.124 seconds
[2023-05-07T22:55:31.233+0000] {processor.py:153} INFO - Started process (PID=26136) to work on /usr/local/python/3.10.4/lib/python3.10/site-packages/airflow/example_dags/tutorial_taskflow_api_virtualenv.py
[2023-05-07T22:55:31.234+0000] {processor.py:743} INFO - Processing file /usr/local/python/3.10.4/lib/python3.10/site-packages/airflow/example_dags/tutorial_taskflow_api_virtualenv.py for tasks to queue
[2023-05-07T22:55:31.235+0000] {logging_mixin.py:137} INFO - [2023-05-07T22:55:31.235+0000] {dagbag.py:538} INFO - Filling up the DagBag from /usr/local/python/3.10.4/lib/python3.10/site-packages/airflow/example_dags/tutorial_taskflow_api_virtualenv.py
[2023-05-07T22:55:31.257+0000] {processor.py:753} INFO - DAG(s) dict_keys(['tutorial_taskflow_api_virtualenv']) retrieved from /usr/local/python/3.10.4/lib/python3.10/site-packages/airflow/example_dags/tutorial_taskflow_api_virtualenv.py
[2023-05-07T22:55:31.274+0000] {logging_mixin.py:137} INFO - [2023-05-07T22:55:31.274+0000] {dag.py:2690} INFO - Sync 1 DAGs
[2023-05-07T22:55:31.292+0000] {logging_mixin.py:137} INFO - [2023-05-07T22:55:31.292+0000] {dag.py:3437} INFO - Setting next_dagrun for tutorial_taskflow_api_virtualenv to None, run_after=None
[2023-05-07T22:55:31.337+0000] {processor.py:175} INFO - Processing /usr/local/python/3.10.4/lib/python3.10/site-packages/airflow/example_dags/tutorial_taskflow_api_virtualenv.py took 0.107 seconds
[2023-05-07T22:56:05.215+0000] {processor.py:153} INFO - Started process (PID=26366) to work on /usr/local/python/3.10.4/lib/python3.10/site-packages/airflow/example_dags/tutorial_taskflow_api_virtualenv.py
[2023-05-07T22:56:05.216+0000] {processor.py:743} INFO - Processing file /usr/local/python/3.10.4/lib/python3.10/site-packages/airflow/example_dags/tutorial_taskflow_api_virtualenv.py for tasks to queue
[2023-05-07T22:56:05.216+0000] {logging_mixin.py:137} INFO - [2023-05-07T22:56:05.216+0000] {dagbag.py:538} INFO - Filling up the DagBag from /usr/local/python/3.10.4/lib/python3.10/site-packages/airflow/example_dags/tutorial_taskflow_api_virtualenv.py
[2023-05-07T22:56:05.238+0000] {processor.py:753} INFO - DAG(s) dict_keys(['tutorial_taskflow_api_virtualenv']) retrieved from /usr/local/python/3.10.4/lib/python3.10/site-packages/airflow/example_dags/tutorial_taskflow_api_virtualenv.py
[2023-05-07T22:56:05.256+0000] {logging_mixin.py:137} INFO - [2023-05-07T22:56:05.255+0000] {dag.py:2690} INFO - Sync 1 DAGs
[2023-05-07T22:56:05.273+0000] {logging_mixin.py:137} INFO - [2023-05-07T22:56:05.273+0000] {dag.py:3437} INFO - Setting next_dagrun for tutorial_taskflow_api_virtualenv to None, run_after=None
[2023-05-07T22:56:05.313+0000] {processor.py:175} INFO - Processing /usr/local/python/3.10.4/lib/python3.10/site-packages/airflow/example_dags/tutorial_taskflow_api_virtualenv.py took 0.102 seconds
[2023-05-07T22:56:36.497+0000] {processor.py:153} INFO - Started process (PID=26584) to work on /usr/local/python/3.10.4/lib/python3.10/site-packages/airflow/example_dags/tutorial_taskflow_api_virtualenv.py
[2023-05-07T22:56:36.498+0000] {processor.py:743} INFO - Processing file /usr/local/python/3.10.4/lib/python3.10/site-packages/airflow/example_dags/tutorial_taskflow_api_virtualenv.py for tasks to queue
[2023-05-07T22:56:36.498+0000] {logging_mixin.py:137} INFO - [2023-05-07T22:56:36.498+0000] {dagbag.py:538} INFO - Filling up the DagBag from /usr/local/python/3.10.4/lib/python3.10/site-packages/airflow/example_dags/tutorial_taskflow_api_virtualenv.py
[2023-05-07T22:56:36.520+0000] {processor.py:753} INFO - DAG(s) dict_keys(['tutorial_taskflow_api_virtualenv']) retrieved from /usr/local/python/3.10.4/lib/python3.10/site-packages/airflow/example_dags/tutorial_taskflow_api_virtualenv.py
[2023-05-07T22:56:36.538+0000] {logging_mixin.py:137} INFO - [2023-05-07T22:56:36.537+0000] {dag.py:2690} INFO - Sync 1 DAGs
[2023-05-07T22:56:36.555+0000] {logging_mixin.py:137} INFO - [2023-05-07T22:56:36.555+0000] {dag.py:3437} INFO - Setting next_dagrun for tutorial_taskflow_api_virtualenv to None, run_after=None
[2023-05-07T22:56:36.598+0000] {processor.py:175} INFO - Processing /usr/local/python/3.10.4/lib/python3.10/site-packages/airflow/example_dags/tutorial_taskflow_api_virtualenv.py took 0.104 seconds
[2023-05-07T22:57:08.012+0000] {processor.py:153} INFO - Started process (PID=26799) to work on /usr/local/python/3.10.4/lib/python3.10/site-packages/airflow/example_dags/tutorial_taskflow_api_virtualenv.py
[2023-05-07T22:57:08.013+0000] {processor.py:743} INFO - Processing file /usr/local/python/3.10.4/lib/python3.10/site-packages/airflow/example_dags/tutorial_taskflow_api_virtualenv.py for tasks to queue
[2023-05-07T22:57:08.013+0000] {logging_mixin.py:137} INFO - [2023-05-07T22:57:08.013+0000] {dagbag.py:538} INFO - Filling up the DagBag from /usr/local/python/3.10.4/lib/python3.10/site-packages/airflow/example_dags/tutorial_taskflow_api_virtualenv.py
[2023-05-07T22:57:08.035+0000] {processor.py:753} INFO - DAG(s) dict_keys(['tutorial_taskflow_api_virtualenv']) retrieved from /usr/local/python/3.10.4/lib/python3.10/site-packages/airflow/example_dags/tutorial_taskflow_api_virtualenv.py
[2023-05-07T22:57:08.053+0000] {logging_mixin.py:137} INFO - [2023-05-07T22:57:08.053+0000] {dag.py:2690} INFO - Sync 1 DAGs
[2023-05-07T22:57:08.070+0000] {logging_mixin.py:137} INFO - [2023-05-07T22:57:08.070+0000] {dag.py:3437} INFO - Setting next_dagrun for tutorial_taskflow_api_virtualenv to None, run_after=None
[2023-05-07T22:57:08.113+0000] {processor.py:175} INFO - Processing /usr/local/python/3.10.4/lib/python3.10/site-packages/airflow/example_dags/tutorial_taskflow_api_virtualenv.py took 0.104 seconds
[2023-05-07T22:57:38.483+0000] {processor.py:153} INFO - Started process (PID=27013) to work on /usr/local/python/3.10.4/lib/python3.10/site-packages/airflow/example_dags/tutorial_taskflow_api_virtualenv.py
[2023-05-07T22:57:38.484+0000] {processor.py:743} INFO - Processing file /usr/local/python/3.10.4/lib/python3.10/site-packages/airflow/example_dags/tutorial_taskflow_api_virtualenv.py for tasks to queue
[2023-05-07T22:57:38.485+0000] {logging_mixin.py:137} INFO - [2023-05-07T22:57:38.485+0000] {dagbag.py:538} INFO - Filling up the DagBag from /usr/local/python/3.10.4/lib/python3.10/site-packages/airflow/example_dags/tutorial_taskflow_api_virtualenv.py
[2023-05-07T22:57:38.507+0000] {processor.py:753} INFO - DAG(s) dict_keys(['tutorial_taskflow_api_virtualenv']) retrieved from /usr/local/python/3.10.4/lib/python3.10/site-packages/airflow/example_dags/tutorial_taskflow_api_virtualenv.py
[2023-05-07T22:57:38.535+0000] {logging_mixin.py:137} INFO - [2023-05-07T22:57:38.535+0000] {dag.py:2690} INFO - Sync 1 DAGs
[2023-05-07T22:57:38.551+0000] {logging_mixin.py:137} INFO - [2023-05-07T22:57:38.551+0000] {dag.py:3437} INFO - Setting next_dagrun for tutorial_taskflow_api_virtualenv to None, run_after=None
[2023-05-07T22:57:38.590+0000] {processor.py:175} INFO - Processing /usr/local/python/3.10.4/lib/python3.10/site-packages/airflow/example_dags/tutorial_taskflow_api_virtualenv.py took 0.110 seconds
