[2023-05-07T22:22:08.175+0000] {processor.py:153} INFO - Started process (PID=9818) to work on /usr/local/python/3.10.4/lib/python3.10/site-packages/airflow/example_dags/subdags/subdag.py
[2023-05-07T22:22:08.176+0000] {processor.py:743} INFO - Processing file /usr/local/python/3.10.4/lib/python3.10/site-packages/airflow/example_dags/subdags/subdag.py for tasks to queue
[2023-05-07T22:22:08.176+0000] {logging_mixin.py:137} INFO - [2023-05-07T22:22:08.176+0000] {dagbag.py:538} INFO - Filling up the DagBag from /usr/local/python/3.10.4/lib/python3.10/site-packages/airflow/example_dags/subdags/subdag.py
[2023-05-07T22:22:08.179+0000] {processor.py:755} WARNING - No viable dags retrieved from /usr/local/python/3.10.4/lib/python3.10/site-packages/airflow/example_dags/subdags/subdag.py
[2023-05-07T22:22:08.187+0000] {processor.py:175} INFO - Processing /usr/local/python/3.10.4/lib/python3.10/site-packages/airflow/example_dags/subdags/subdag.py took 0.015 seconds
[2023-05-07T22:22:54.946+0000] {processor.py:153} INFO - Started process (PID=10142) to work on /usr/local/python/3.10.4/lib/python3.10/site-packages/airflow/example_dags/subdags/subdag.py
[2023-05-07T22:22:54.947+0000] {processor.py:743} INFO - Processing file /usr/local/python/3.10.4/lib/python3.10/site-packages/airflow/example_dags/subdags/subdag.py for tasks to queue
[2023-05-07T22:22:54.947+0000] {logging_mixin.py:137} INFO - [2023-05-07T22:22:54.947+0000] {dagbag.py:538} INFO - Filling up the DagBag from /usr/local/python/3.10.4/lib/python3.10/site-packages/airflow/example_dags/subdags/subdag.py
[2023-05-07T22:22:54.951+0000] {processor.py:755} WARNING - No viable dags retrieved from /usr/local/python/3.10.4/lib/python3.10/site-packages/airflow/example_dags/subdags/subdag.py
[2023-05-07T22:22:54.958+0000] {processor.py:175} INFO - Processing /usr/local/python/3.10.4/lib/python3.10/site-packages/airflow/example_dags/subdags/subdag.py took 0.015 seconds
[2023-05-07T22:23:33.455+0000] {processor.py:153} INFO - Started process (PID=10500) to work on /usr/local/python/3.10.4/lib/python3.10/site-packages/airflow/example_dags/subdags/subdag.py
[2023-05-07T22:23:33.456+0000] {processor.py:743} INFO - Processing file /usr/local/python/3.10.4/lib/python3.10/site-packages/airflow/example_dags/subdags/subdag.py for tasks to queue
[2023-05-07T22:23:33.456+0000] {logging_mixin.py:137} INFO - [2023-05-07T22:23:33.456+0000] {dagbag.py:538} INFO - Filling up the DagBag from /usr/local/python/3.10.4/lib/python3.10/site-packages/airflow/example_dags/subdags/subdag.py
[2023-05-07T22:23:33.460+0000] {processor.py:755} WARNING - No viable dags retrieved from /usr/local/python/3.10.4/lib/python3.10/site-packages/airflow/example_dags/subdags/subdag.py
[2023-05-07T22:23:33.468+0000] {processor.py:175} INFO - Processing /usr/local/python/3.10.4/lib/python3.10/site-packages/airflow/example_dags/subdags/subdag.py took 0.016 seconds
[2023-05-07T22:24:13.570+0000] {processor.py:153} INFO - Started process (PID=10813) to work on /usr/local/python/3.10.4/lib/python3.10/site-packages/airflow/example_dags/subdags/subdag.py
[2023-05-07T22:24:13.570+0000] {processor.py:743} INFO - Processing file /usr/local/python/3.10.4/lib/python3.10/site-packages/airflow/example_dags/subdags/subdag.py for tasks to queue
[2023-05-07T22:24:13.571+0000] {logging_mixin.py:137} INFO - [2023-05-07T22:24:13.571+0000] {dagbag.py:538} INFO - Filling up the DagBag from /usr/local/python/3.10.4/lib/python3.10/site-packages/airflow/example_dags/subdags/subdag.py
[2023-05-07T22:24:13.574+0000] {processor.py:755} WARNING - No viable dags retrieved from /usr/local/python/3.10.4/lib/python3.10/site-packages/airflow/example_dags/subdags/subdag.py
[2023-05-07T22:24:13.582+0000] {processor.py:175} INFO - Processing /usr/local/python/3.10.4/lib/python3.10/site-packages/airflow/example_dags/subdags/subdag.py took 0.016 seconds
[2023-05-07T22:24:54.053+0000] {processor.py:153} INFO - Started process (PID=11138) to work on /usr/local/python/3.10.4/lib/python3.10/site-packages/airflow/example_dags/subdags/subdag.py
[2023-05-07T22:24:54.054+0000] {processor.py:743} INFO - Processing file /usr/local/python/3.10.4/lib/python3.10/site-packages/airflow/example_dags/subdags/subdag.py for tasks to queue
[2023-05-07T22:24:54.054+0000] {logging_mixin.py:137} INFO - [2023-05-07T22:24:54.054+0000] {dagbag.py:538} INFO - Filling up the DagBag from /usr/local/python/3.10.4/lib/python3.10/site-packages/airflow/example_dags/subdags/subdag.py
[2023-05-07T22:24:54.058+0000] {processor.py:755} WARNING - No viable dags retrieved from /usr/local/python/3.10.4/lib/python3.10/site-packages/airflow/example_dags/subdags/subdag.py
[2023-05-07T22:24:54.065+0000] {processor.py:175} INFO - Processing /usr/local/python/3.10.4/lib/python3.10/site-packages/airflow/example_dags/subdags/subdag.py took 0.015 seconds
[2023-05-07T22:25:33.761+0000] {processor.py:153} INFO - Started process (PID=11443) to work on /usr/local/python/3.10.4/lib/python3.10/site-packages/airflow/example_dags/subdags/subdag.py
[2023-05-07T22:25:33.762+0000] {processor.py:743} INFO - Processing file /usr/local/python/3.10.4/lib/python3.10/site-packages/airflow/example_dags/subdags/subdag.py for tasks to queue
[2023-05-07T22:25:33.763+0000] {logging_mixin.py:137} INFO - [2023-05-07T22:25:33.762+0000] {dagbag.py:538} INFO - Filling up the DagBag from /usr/local/python/3.10.4/lib/python3.10/site-packages/airflow/example_dags/subdags/subdag.py
[2023-05-07T22:25:33.766+0000] {processor.py:755} WARNING - No viable dags retrieved from /usr/local/python/3.10.4/lib/python3.10/site-packages/airflow/example_dags/subdags/subdag.py
[2023-05-07T22:25:33.774+0000] {processor.py:175} INFO - Processing /usr/local/python/3.10.4/lib/python3.10/site-packages/airflow/example_dags/subdags/subdag.py took 0.016 seconds
[2023-05-07T22:26:15.753+0000] {processor.py:153} INFO - Started process (PID=11740) to work on /usr/local/python/3.10.4/lib/python3.10/site-packages/airflow/example_dags/subdags/subdag.py
[2023-05-07T22:26:15.753+0000] {processor.py:743} INFO - Processing file /usr/local/python/3.10.4/lib/python3.10/site-packages/airflow/example_dags/subdags/subdag.py for tasks to queue
[2023-05-07T22:26:15.754+0000] {logging_mixin.py:137} INFO - [2023-05-07T22:26:15.754+0000] {dagbag.py:538} INFO - Filling up the DagBag from /usr/local/python/3.10.4/lib/python3.10/site-packages/airflow/example_dags/subdags/subdag.py
[2023-05-07T22:26:15.758+0000] {processor.py:755} WARNING - No viable dags retrieved from /usr/local/python/3.10.4/lib/python3.10/site-packages/airflow/example_dags/subdags/subdag.py
[2023-05-07T22:26:15.765+0000] {processor.py:175} INFO - Processing /usr/local/python/3.10.4/lib/python3.10/site-packages/airflow/example_dags/subdags/subdag.py took 0.015 seconds
[2023-05-07T22:26:56.942+0000] {processor.py:153} INFO - Started process (PID=12027) to work on /usr/local/python/3.10.4/lib/python3.10/site-packages/airflow/example_dags/subdags/subdag.py
[2023-05-07T22:26:56.942+0000] {processor.py:743} INFO - Processing file /usr/local/python/3.10.4/lib/python3.10/site-packages/airflow/example_dags/subdags/subdag.py for tasks to queue
[2023-05-07T22:26:56.943+0000] {logging_mixin.py:137} INFO - [2023-05-07T22:26:56.943+0000] {dagbag.py:538} INFO - Filling up the DagBag from /usr/local/python/3.10.4/lib/python3.10/site-packages/airflow/example_dags/subdags/subdag.py
[2023-05-07T22:26:56.947+0000] {processor.py:755} WARNING - No viable dags retrieved from /usr/local/python/3.10.4/lib/python3.10/site-packages/airflow/example_dags/subdags/subdag.py
[2023-05-07T22:26:56.954+0000] {processor.py:175} INFO - Processing /usr/local/python/3.10.4/lib/python3.10/site-packages/airflow/example_dags/subdags/subdag.py took 0.016 seconds
[2023-05-07T22:27:39.952+0000] {processor.py:153} INFO - Started process (PID=12315) to work on /usr/local/python/3.10.4/lib/python3.10/site-packages/airflow/example_dags/subdags/subdag.py
[2023-05-07T22:27:39.953+0000] {processor.py:743} INFO - Processing file /usr/local/python/3.10.4/lib/python3.10/site-packages/airflow/example_dags/subdags/subdag.py for tasks to queue
[2023-05-07T22:27:39.953+0000] {logging_mixin.py:137} INFO - [2023-05-07T22:27:39.953+0000] {dagbag.py:538} INFO - Filling up the DagBag from /usr/local/python/3.10.4/lib/python3.10/site-packages/airflow/example_dags/subdags/subdag.py
[2023-05-07T22:27:39.957+0000] {processor.py:755} WARNING - No viable dags retrieved from /usr/local/python/3.10.4/lib/python3.10/site-packages/airflow/example_dags/subdags/subdag.py
[2023-05-07T22:27:39.964+0000] {processor.py:175} INFO - Processing /usr/local/python/3.10.4/lib/python3.10/site-packages/airflow/example_dags/subdags/subdag.py took 0.015 seconds
[2023-05-07T22:28:22.758+0000] {processor.py:153} INFO - Started process (PID=12610) to work on /usr/local/python/3.10.4/lib/python3.10/site-packages/airflow/example_dags/subdags/subdag.py
[2023-05-07T22:28:22.759+0000] {processor.py:743} INFO - Processing file /usr/local/python/3.10.4/lib/python3.10/site-packages/airflow/example_dags/subdags/subdag.py for tasks to queue
[2023-05-07T22:28:22.759+0000] {logging_mixin.py:137} INFO - [2023-05-07T22:28:22.759+0000] {dagbag.py:538} INFO - Filling up the DagBag from /usr/local/python/3.10.4/lib/python3.10/site-packages/airflow/example_dags/subdags/subdag.py
[2023-05-07T22:28:22.763+0000] {processor.py:755} WARNING - No viable dags retrieved from /usr/local/python/3.10.4/lib/python3.10/site-packages/airflow/example_dags/subdags/subdag.py
[2023-05-07T22:28:22.771+0000] {processor.py:175} INFO - Processing /usr/local/python/3.10.4/lib/python3.10/site-packages/airflow/example_dags/subdags/subdag.py took 0.015 seconds
[2023-05-07T22:29:07.273+0000] {processor.py:153} INFO - Started process (PID=12933) to work on /usr/local/python/3.10.4/lib/python3.10/site-packages/airflow/example_dags/subdags/subdag.py
[2023-05-07T22:29:07.274+0000] {processor.py:743} INFO - Processing file /usr/local/python/3.10.4/lib/python3.10/site-packages/airflow/example_dags/subdags/subdag.py for tasks to queue
[2023-05-07T22:29:07.274+0000] {logging_mixin.py:137} INFO - [2023-05-07T22:29:07.274+0000] {dagbag.py:538} INFO - Filling up the DagBag from /usr/local/python/3.10.4/lib/python3.10/site-packages/airflow/example_dags/subdags/subdag.py
[2023-05-07T22:29:07.278+0000] {processor.py:755} WARNING - No viable dags retrieved from /usr/local/python/3.10.4/lib/python3.10/site-packages/airflow/example_dags/subdags/subdag.py
[2023-05-07T22:29:07.285+0000] {processor.py:175} INFO - Processing /usr/local/python/3.10.4/lib/python3.10/site-packages/airflow/example_dags/subdags/subdag.py took 0.016 seconds
[2023-05-07T22:29:50.468+0000] {processor.py:153} INFO - Started process (PID=13230) to work on /usr/local/python/3.10.4/lib/python3.10/site-packages/airflow/example_dags/subdags/subdag.py
[2023-05-07T22:29:50.469+0000] {processor.py:743} INFO - Processing file /usr/local/python/3.10.4/lib/python3.10/site-packages/airflow/example_dags/subdags/subdag.py for tasks to queue
[2023-05-07T22:29:50.469+0000] {logging_mixin.py:137} INFO - [2023-05-07T22:29:50.469+0000] {dagbag.py:538} INFO - Filling up the DagBag from /usr/local/python/3.10.4/lib/python3.10/site-packages/airflow/example_dags/subdags/subdag.py
[2023-05-07T22:29:50.472+0000] {processor.py:755} WARNING - No viable dags retrieved from /usr/local/python/3.10.4/lib/python3.10/site-packages/airflow/example_dags/subdags/subdag.py
[2023-05-07T22:29:50.480+0000] {processor.py:175} INFO - Processing /usr/local/python/3.10.4/lib/python3.10/site-packages/airflow/example_dags/subdags/subdag.py took 0.016 seconds
[2023-05-07T22:30:30.361+0000] {processor.py:153} INFO - Started process (PID=13504) to work on /usr/local/python/3.10.4/lib/python3.10/site-packages/airflow/example_dags/subdags/subdag.py
[2023-05-07T22:30:30.362+0000] {processor.py:743} INFO - Processing file /usr/local/python/3.10.4/lib/python3.10/site-packages/airflow/example_dags/subdags/subdag.py for tasks to queue
[2023-05-07T22:30:30.363+0000] {logging_mixin.py:137} INFO - [2023-05-07T22:30:30.363+0000] {dagbag.py:538} INFO - Filling up the DagBag from /usr/local/python/3.10.4/lib/python3.10/site-packages/airflow/example_dags/subdags/subdag.py
[2023-05-07T22:30:30.367+0000] {processor.py:755} WARNING - No viable dags retrieved from /usr/local/python/3.10.4/lib/python3.10/site-packages/airflow/example_dags/subdags/subdag.py
[2023-05-07T22:30:30.375+0000] {processor.py:175} INFO - Processing /usr/local/python/3.10.4/lib/python3.10/site-packages/airflow/example_dags/subdags/subdag.py took 0.019 seconds
[2023-05-07T22:31:21.115+0000] {processor.py:153} INFO - Started process (PID=13846) to work on /usr/local/python/3.10.4/lib/python3.10/site-packages/airflow/example_dags/subdags/subdag.py
[2023-05-07T22:31:21.116+0000] {processor.py:743} INFO - Processing file /usr/local/python/3.10.4/lib/python3.10/site-packages/airflow/example_dags/subdags/subdag.py for tasks to queue
[2023-05-07T22:31:21.117+0000] {logging_mixin.py:137} INFO - [2023-05-07T22:31:21.116+0000] {dagbag.py:538} INFO - Filling up the DagBag from /usr/local/python/3.10.4/lib/python3.10/site-packages/airflow/example_dags/subdags/subdag.py
[2023-05-07T22:31:21.120+0000] {processor.py:755} WARNING - No viable dags retrieved from /usr/local/python/3.10.4/lib/python3.10/site-packages/airflow/example_dags/subdags/subdag.py
[2023-05-07T22:31:21.128+0000] {processor.py:175} INFO - Processing /usr/local/python/3.10.4/lib/python3.10/site-packages/airflow/example_dags/subdags/subdag.py took 0.016 seconds
[2023-05-07T22:32:06.236+0000] {processor.py:153} INFO - Started process (PID=14148) to work on /usr/local/python/3.10.4/lib/python3.10/site-packages/airflow/example_dags/subdags/subdag.py
[2023-05-07T22:32:06.237+0000] {processor.py:743} INFO - Processing file /usr/local/python/3.10.4/lib/python3.10/site-packages/airflow/example_dags/subdags/subdag.py for tasks to queue
[2023-05-07T22:32:06.237+0000] {logging_mixin.py:137} INFO - [2023-05-07T22:32:06.237+0000] {dagbag.py:538} INFO - Filling up the DagBag from /usr/local/python/3.10.4/lib/python3.10/site-packages/airflow/example_dags/subdags/subdag.py
[2023-05-07T22:32:06.241+0000] {processor.py:755} WARNING - No viable dags retrieved from /usr/local/python/3.10.4/lib/python3.10/site-packages/airflow/example_dags/subdags/subdag.py
[2023-05-07T22:32:06.248+0000] {processor.py:175} INFO - Processing /usr/local/python/3.10.4/lib/python3.10/site-packages/airflow/example_dags/subdags/subdag.py took 0.015 seconds
[2023-05-07T22:32:53.249+0000] {processor.py:153} INFO - Started process (PID=14482) to work on /usr/local/python/3.10.4/lib/python3.10/site-packages/airflow/example_dags/subdags/subdag.py
[2023-05-07T22:32:53.250+0000] {processor.py:743} INFO - Processing file /usr/local/python/3.10.4/lib/python3.10/site-packages/airflow/example_dags/subdags/subdag.py for tasks to queue
[2023-05-07T22:32:53.251+0000] {logging_mixin.py:137} INFO - [2023-05-07T22:32:53.251+0000] {dagbag.py:538} INFO - Filling up the DagBag from /usr/local/python/3.10.4/lib/python3.10/site-packages/airflow/example_dags/subdags/subdag.py
[2023-05-07T22:32:53.254+0000] {processor.py:755} WARNING - No viable dags retrieved from /usr/local/python/3.10.4/lib/python3.10/site-packages/airflow/example_dags/subdags/subdag.py
[2023-05-07T22:32:53.262+0000] {processor.py:175} INFO - Processing /usr/local/python/3.10.4/lib/python3.10/site-packages/airflow/example_dags/subdags/subdag.py took 0.015 seconds
[2023-05-07T22:33:28.410+0000] {processor.py:153} INFO - Started process (PID=14728) to work on /usr/local/python/3.10.4/lib/python3.10/site-packages/airflow/example_dags/subdags/subdag.py
[2023-05-07T22:33:28.411+0000] {processor.py:743} INFO - Processing file /usr/local/python/3.10.4/lib/python3.10/site-packages/airflow/example_dags/subdags/subdag.py for tasks to queue
[2023-05-07T22:33:28.412+0000] {logging_mixin.py:137} INFO - [2023-05-07T22:33:28.412+0000] {dagbag.py:538} INFO - Filling up the DagBag from /usr/local/python/3.10.4/lib/python3.10/site-packages/airflow/example_dags/subdags/subdag.py
[2023-05-07T22:33:28.417+0000] {processor.py:755} WARNING - No viable dags retrieved from /usr/local/python/3.10.4/lib/python3.10/site-packages/airflow/example_dags/subdags/subdag.py
[2023-05-07T22:33:28.425+0000] {processor.py:175} INFO - Processing /usr/local/python/3.10.4/lib/python3.10/site-packages/airflow/example_dags/subdags/subdag.py took 0.019 seconds
[2023-05-07T22:34:15.429+0000] {processor.py:153} INFO - Started process (PID=15117) to work on /usr/local/python/3.10.4/lib/python3.10/site-packages/airflow/example_dags/subdags/subdag.py
[2023-05-07T22:34:15.431+0000] {processor.py:743} INFO - Processing file /usr/local/python/3.10.4/lib/python3.10/site-packages/airflow/example_dags/subdags/subdag.py for tasks to queue
[2023-05-07T22:34:15.432+0000] {logging_mixin.py:137} INFO - [2023-05-07T22:34:15.432+0000] {dagbag.py:538} INFO - Filling up the DagBag from /usr/local/python/3.10.4/lib/python3.10/site-packages/airflow/example_dags/subdags/subdag.py
[2023-05-07T22:34:15.436+0000] {processor.py:755} WARNING - No viable dags retrieved from /usr/local/python/3.10.4/lib/python3.10/site-packages/airflow/example_dags/subdags/subdag.py
[2023-05-07T22:34:15.552+0000] {processor.py:175} INFO - Processing /usr/local/python/3.10.4/lib/python3.10/site-packages/airflow/example_dags/subdags/subdag.py took 0.130 seconds
[2023-05-07T22:34:58.056+0000] {processor.py:153} INFO - Started process (PID=15414) to work on /usr/local/python/3.10.4/lib/python3.10/site-packages/airflow/example_dags/subdags/subdag.py
[2023-05-07T22:34:58.057+0000] {processor.py:743} INFO - Processing file /usr/local/python/3.10.4/lib/python3.10/site-packages/airflow/example_dags/subdags/subdag.py for tasks to queue
[2023-05-07T22:34:58.057+0000] {logging_mixin.py:137} INFO - [2023-05-07T22:34:58.057+0000] {dagbag.py:538} INFO - Filling up the DagBag from /usr/local/python/3.10.4/lib/python3.10/site-packages/airflow/example_dags/subdags/subdag.py
[2023-05-07T22:34:58.061+0000] {processor.py:755} WARNING - No viable dags retrieved from /usr/local/python/3.10.4/lib/python3.10/site-packages/airflow/example_dags/subdags/subdag.py
[2023-05-07T22:34:58.073+0000] {processor.py:175} INFO - Processing /usr/local/python/3.10.4/lib/python3.10/site-packages/airflow/example_dags/subdags/subdag.py took 0.020 seconds
[2023-05-07T22:35:37.861+0000] {processor.py:153} INFO - Started process (PID=15686) to work on /usr/local/python/3.10.4/lib/python3.10/site-packages/airflow/example_dags/subdags/subdag.py
[2023-05-07T22:35:37.862+0000] {processor.py:743} INFO - Processing file /usr/local/python/3.10.4/lib/python3.10/site-packages/airflow/example_dags/subdags/subdag.py for tasks to queue
[2023-05-07T22:35:37.863+0000] {logging_mixin.py:137} INFO - [2023-05-07T22:35:37.863+0000] {dagbag.py:538} INFO - Filling up the DagBag from /usr/local/python/3.10.4/lib/python3.10/site-packages/airflow/example_dags/subdags/subdag.py
[2023-05-07T22:35:37.866+0000] {processor.py:755} WARNING - No viable dags retrieved from /usr/local/python/3.10.4/lib/python3.10/site-packages/airflow/example_dags/subdags/subdag.py
[2023-05-07T22:35:37.874+0000] {processor.py:175} INFO - Processing /usr/local/python/3.10.4/lib/python3.10/site-packages/airflow/example_dags/subdags/subdag.py took 0.016 seconds
[2023-05-07T22:36:11.796+0000] {processor.py:153} INFO - Started process (PID=15923) to work on /usr/local/python/3.10.4/lib/python3.10/site-packages/airflow/example_dags/subdags/subdag.py
[2023-05-07T22:36:11.796+0000] {processor.py:743} INFO - Processing file /usr/local/python/3.10.4/lib/python3.10/site-packages/airflow/example_dags/subdags/subdag.py for tasks to queue
[2023-05-07T22:36:11.797+0000] {logging_mixin.py:137} INFO - [2023-05-07T22:36:11.797+0000] {dagbag.py:538} INFO - Filling up the DagBag from /usr/local/python/3.10.4/lib/python3.10/site-packages/airflow/example_dags/subdags/subdag.py
[2023-05-07T22:36:11.801+0000] {processor.py:755} WARNING - No viable dags retrieved from /usr/local/python/3.10.4/lib/python3.10/site-packages/airflow/example_dags/subdags/subdag.py
[2023-05-07T22:36:11.808+0000] {processor.py:175} INFO - Processing /usr/local/python/3.10.4/lib/python3.10/site-packages/airflow/example_dags/subdags/subdag.py took 0.016 seconds
[2023-05-07T22:36:46.257+0000] {processor.py:153} INFO - Started process (PID=16165) to work on /usr/local/python/3.10.4/lib/python3.10/site-packages/airflow/example_dags/subdags/subdag.py
[2023-05-07T22:36:46.259+0000] {processor.py:743} INFO - Processing file /usr/local/python/3.10.4/lib/python3.10/site-packages/airflow/example_dags/subdags/subdag.py for tasks to queue
[2023-05-07T22:36:46.260+0000] {logging_mixin.py:137} INFO - [2023-05-07T22:36:46.260+0000] {dagbag.py:538} INFO - Filling up the DagBag from /usr/local/python/3.10.4/lib/python3.10/site-packages/airflow/example_dags/subdags/subdag.py
[2023-05-07T22:36:46.264+0000] {processor.py:755} WARNING - No viable dags retrieved from /usr/local/python/3.10.4/lib/python3.10/site-packages/airflow/example_dags/subdags/subdag.py
[2023-05-07T22:36:46.272+0000] {processor.py:175} INFO - Processing /usr/local/python/3.10.4/lib/python3.10/site-packages/airflow/example_dags/subdags/subdag.py took 0.019 seconds
[2023-05-07T22:37:17.372+0000] {processor.py:153} INFO - Started process (PID=16401) to work on /usr/local/python/3.10.4/lib/python3.10/site-packages/airflow/example_dags/subdags/subdag.py
[2023-05-07T22:37:17.373+0000] {processor.py:743} INFO - Processing file /usr/local/python/3.10.4/lib/python3.10/site-packages/airflow/example_dags/subdags/subdag.py for tasks to queue
[2023-05-07T22:37:17.373+0000] {logging_mixin.py:137} INFO - [2023-05-07T22:37:17.373+0000] {dagbag.py:538} INFO - Filling up the DagBag from /usr/local/python/3.10.4/lib/python3.10/site-packages/airflow/example_dags/subdags/subdag.py
[2023-05-07T22:37:17.378+0000] {processor.py:755} WARNING - No viable dags retrieved from /usr/local/python/3.10.4/lib/python3.10/site-packages/airflow/example_dags/subdags/subdag.py
[2023-05-07T22:37:17.386+0000] {processor.py:175} INFO - Processing /usr/local/python/3.10.4/lib/python3.10/site-packages/airflow/example_dags/subdags/subdag.py took 0.017 seconds
[2023-05-07T22:37:51.395+0000] {processor.py:153} INFO - Started process (PID=16655) to work on /usr/local/python/3.10.4/lib/python3.10/site-packages/airflow/example_dags/subdags/subdag.py
[2023-05-07T22:37:51.396+0000] {processor.py:743} INFO - Processing file /usr/local/python/3.10.4/lib/python3.10/site-packages/airflow/example_dags/subdags/subdag.py for tasks to queue
[2023-05-07T22:37:51.397+0000] {logging_mixin.py:137} INFO - [2023-05-07T22:37:51.397+0000] {dagbag.py:538} INFO - Filling up the DagBag from /usr/local/python/3.10.4/lib/python3.10/site-packages/airflow/example_dags/subdags/subdag.py
[2023-05-07T22:37:51.400+0000] {processor.py:755} WARNING - No viable dags retrieved from /usr/local/python/3.10.4/lib/python3.10/site-packages/airflow/example_dags/subdags/subdag.py
[2023-05-07T22:37:51.408+0000] {processor.py:175} INFO - Processing /usr/local/python/3.10.4/lib/python3.10/site-packages/airflow/example_dags/subdags/subdag.py took 0.015 seconds
[2023-05-07T22:38:25.762+0000] {processor.py:153} INFO - Started process (PID=16898) to work on /usr/local/python/3.10.4/lib/python3.10/site-packages/airflow/example_dags/subdags/subdag.py
[2023-05-07T22:38:25.763+0000] {processor.py:743} INFO - Processing file /usr/local/python/3.10.4/lib/python3.10/site-packages/airflow/example_dags/subdags/subdag.py for tasks to queue
[2023-05-07T22:38:25.764+0000] {logging_mixin.py:137} INFO - [2023-05-07T22:38:25.763+0000] {dagbag.py:538} INFO - Filling up the DagBag from /usr/local/python/3.10.4/lib/python3.10/site-packages/airflow/example_dags/subdags/subdag.py
[2023-05-07T22:38:25.768+0000] {processor.py:755} WARNING - No viable dags retrieved from /usr/local/python/3.10.4/lib/python3.10/site-packages/airflow/example_dags/subdags/subdag.py
[2023-05-07T22:38:25.775+0000] {processor.py:175} INFO - Processing /usr/local/python/3.10.4/lib/python3.10/site-packages/airflow/example_dags/subdags/subdag.py took 0.016 seconds
[2023-05-07T22:38:59.842+0000] {processor.py:153} INFO - Started process (PID=17147) to work on /usr/local/python/3.10.4/lib/python3.10/site-packages/airflow/example_dags/subdags/subdag.py
[2023-05-07T22:38:59.843+0000] {processor.py:743} INFO - Processing file /usr/local/python/3.10.4/lib/python3.10/site-packages/airflow/example_dags/subdags/subdag.py for tasks to queue
[2023-05-07T22:38:59.844+0000] {logging_mixin.py:137} INFO - [2023-05-07T22:38:59.844+0000] {dagbag.py:538} INFO - Filling up the DagBag from /usr/local/python/3.10.4/lib/python3.10/site-packages/airflow/example_dags/subdags/subdag.py
[2023-05-07T22:38:59.847+0000] {processor.py:755} WARNING - No viable dags retrieved from /usr/local/python/3.10.4/lib/python3.10/site-packages/airflow/example_dags/subdags/subdag.py
[2023-05-07T22:38:59.855+0000] {processor.py:175} INFO - Processing /usr/local/python/3.10.4/lib/python3.10/site-packages/airflow/example_dags/subdags/subdag.py took 0.015 seconds
[2023-05-07T22:39:41.703+0000] {processor.py:153} INFO - Started process (PID=17453) to work on /usr/local/python/3.10.4/lib/python3.10/site-packages/airflow/example_dags/subdags/subdag.py
[2023-05-07T22:39:41.704+0000] {processor.py:743} INFO - Processing file /usr/local/python/3.10.4/lib/python3.10/site-packages/airflow/example_dags/subdags/subdag.py for tasks to queue
[2023-05-07T22:39:41.705+0000] {logging_mixin.py:137} INFO - [2023-05-07T22:39:41.705+0000] {dagbag.py:538} INFO - Filling up the DagBag from /usr/local/python/3.10.4/lib/python3.10/site-packages/airflow/example_dags/subdags/subdag.py
[2023-05-07T22:39:41.708+0000] {processor.py:755} WARNING - No viable dags retrieved from /usr/local/python/3.10.4/lib/python3.10/site-packages/airflow/example_dags/subdags/subdag.py
[2023-05-07T22:39:41.716+0000] {processor.py:175} INFO - Processing /usr/local/python/3.10.4/lib/python3.10/site-packages/airflow/example_dags/subdags/subdag.py took 0.015 seconds
[2023-05-07T22:40:13.509+0000] {processor.py:153} INFO - Started process (PID=17693) to work on /usr/local/python/3.10.4/lib/python3.10/site-packages/airflow/example_dags/subdags/subdag.py
[2023-05-07T22:40:13.510+0000] {processor.py:743} INFO - Processing file /usr/local/python/3.10.4/lib/python3.10/site-packages/airflow/example_dags/subdags/subdag.py for tasks to queue
[2023-05-07T22:40:13.510+0000] {logging_mixin.py:137} INFO - [2023-05-07T22:40:13.510+0000] {dagbag.py:538} INFO - Filling up the DagBag from /usr/local/python/3.10.4/lib/python3.10/site-packages/airflow/example_dags/subdags/subdag.py
[2023-05-07T22:40:13.514+0000] {processor.py:755} WARNING - No viable dags retrieved from /usr/local/python/3.10.4/lib/python3.10/site-packages/airflow/example_dags/subdags/subdag.py
[2023-05-07T22:40:13.522+0000] {processor.py:175} INFO - Processing /usr/local/python/3.10.4/lib/python3.10/site-packages/airflow/example_dags/subdags/subdag.py took 0.016 seconds
[2023-05-07T22:40:55.835+0000] {processor.py:153} INFO - Started process (PID=18012) to work on /usr/local/python/3.10.4/lib/python3.10/site-packages/airflow/example_dags/subdags/subdag.py
[2023-05-07T22:40:55.836+0000] {processor.py:743} INFO - Processing file /usr/local/python/3.10.4/lib/python3.10/site-packages/airflow/example_dags/subdags/subdag.py for tasks to queue
[2023-05-07T22:40:55.836+0000] {logging_mixin.py:137} INFO - [2023-05-07T22:40:55.836+0000] {dagbag.py:538} INFO - Filling up the DagBag from /usr/local/python/3.10.4/lib/python3.10/site-packages/airflow/example_dags/subdags/subdag.py
[2023-05-07T22:40:55.839+0000] {processor.py:755} WARNING - No viable dags retrieved from /usr/local/python/3.10.4/lib/python3.10/site-packages/airflow/example_dags/subdags/subdag.py
[2023-05-07T22:40:55.847+0000] {processor.py:175} INFO - Processing /usr/local/python/3.10.4/lib/python3.10/site-packages/airflow/example_dags/subdags/subdag.py took 0.016 seconds
[2023-05-07T22:41:33.015+0000] {processor.py:153} INFO - Started process (PID=18269) to work on /usr/local/python/3.10.4/lib/python3.10/site-packages/airflow/example_dags/subdags/subdag.py
[2023-05-07T22:41:33.015+0000] {processor.py:743} INFO - Processing file /usr/local/python/3.10.4/lib/python3.10/site-packages/airflow/example_dags/subdags/subdag.py for tasks to queue
[2023-05-07T22:41:33.016+0000] {logging_mixin.py:137} INFO - [2023-05-07T22:41:33.016+0000] {dagbag.py:538} INFO - Filling up the DagBag from /usr/local/python/3.10.4/lib/python3.10/site-packages/airflow/example_dags/subdags/subdag.py
[2023-05-07T22:41:33.019+0000] {processor.py:755} WARNING - No viable dags retrieved from /usr/local/python/3.10.4/lib/python3.10/site-packages/airflow/example_dags/subdags/subdag.py
[2023-05-07T22:41:33.028+0000] {processor.py:175} INFO - Processing /usr/local/python/3.10.4/lib/python3.10/site-packages/airflow/example_dags/subdags/subdag.py took 0.017 seconds
[2023-05-07T22:42:14.496+0000] {processor.py:153} INFO - Started process (PID=18639) to work on /usr/local/python/3.10.4/lib/python3.10/site-packages/airflow/example_dags/subdags/subdag.py
[2023-05-07T22:42:14.497+0000] {processor.py:743} INFO - Processing file /usr/local/python/3.10.4/lib/python3.10/site-packages/airflow/example_dags/subdags/subdag.py for tasks to queue
[2023-05-07T22:42:14.498+0000] {logging_mixin.py:137} INFO - [2023-05-07T22:42:14.498+0000] {dagbag.py:538} INFO - Filling up the DagBag from /usr/local/python/3.10.4/lib/python3.10/site-packages/airflow/example_dags/subdags/subdag.py
[2023-05-07T22:42:14.501+0000] {processor.py:755} WARNING - No viable dags retrieved from /usr/local/python/3.10.4/lib/python3.10/site-packages/airflow/example_dags/subdags/subdag.py
[2023-05-07T22:42:14.509+0000] {processor.py:175} INFO - Processing /usr/local/python/3.10.4/lib/python3.10/site-packages/airflow/example_dags/subdags/subdag.py took 0.015 seconds
[2023-05-07T22:42:50.213+0000] {processor.py:153} INFO - Started process (PID=18938) to work on /usr/local/python/3.10.4/lib/python3.10/site-packages/airflow/example_dags/subdags/subdag.py
[2023-05-07T22:42:50.214+0000] {processor.py:743} INFO - Processing file /usr/local/python/3.10.4/lib/python3.10/site-packages/airflow/example_dags/subdags/subdag.py for tasks to queue
[2023-05-07T22:42:50.215+0000] {logging_mixin.py:137} INFO - [2023-05-07T22:42:50.215+0000] {dagbag.py:538} INFO - Filling up the DagBag from /usr/local/python/3.10.4/lib/python3.10/site-packages/airflow/example_dags/subdags/subdag.py
[2023-05-07T22:42:50.218+0000] {processor.py:755} WARNING - No viable dags retrieved from /usr/local/python/3.10.4/lib/python3.10/site-packages/airflow/example_dags/subdags/subdag.py
[2023-05-07T22:42:50.226+0000] {processor.py:175} INFO - Processing /usr/local/python/3.10.4/lib/python3.10/site-packages/airflow/example_dags/subdags/subdag.py took 0.015 seconds
[2023-05-07T22:43:32.115+0000] {processor.py:153} INFO - Started process (PID=19412) to work on /usr/local/python/3.10.4/lib/python3.10/site-packages/airflow/example_dags/subdags/subdag.py
[2023-05-07T22:43:32.116+0000] {processor.py:743} INFO - Processing file /usr/local/python/3.10.4/lib/python3.10/site-packages/airflow/example_dags/subdags/subdag.py for tasks to queue
[2023-05-07T22:43:32.117+0000] {logging_mixin.py:137} INFO - [2023-05-07T22:43:32.117+0000] {dagbag.py:538} INFO - Filling up the DagBag from /usr/local/python/3.10.4/lib/python3.10/site-packages/airflow/example_dags/subdags/subdag.py
[2023-05-07T22:43:32.120+0000] {processor.py:755} WARNING - No viable dags retrieved from /usr/local/python/3.10.4/lib/python3.10/site-packages/airflow/example_dags/subdags/subdag.py
[2023-05-07T22:43:32.128+0000] {processor.py:175} INFO - Processing /usr/local/python/3.10.4/lib/python3.10/site-packages/airflow/example_dags/subdags/subdag.py took 0.015 seconds
[2023-05-07T22:44:11.681+0000] {processor.py:153} INFO - Started process (PID=19814) to work on /usr/local/python/3.10.4/lib/python3.10/site-packages/airflow/example_dags/subdags/subdag.py
[2023-05-07T22:44:11.682+0000] {processor.py:743} INFO - Processing file /usr/local/python/3.10.4/lib/python3.10/site-packages/airflow/example_dags/subdags/subdag.py for tasks to queue
[2023-05-07T22:44:11.683+0000] {logging_mixin.py:137} INFO - [2023-05-07T22:44:11.683+0000] {dagbag.py:538} INFO - Filling up the DagBag from /usr/local/python/3.10.4/lib/python3.10/site-packages/airflow/example_dags/subdags/subdag.py
[2023-05-07T22:44:11.687+0000] {processor.py:755} WARNING - No viable dags retrieved from /usr/local/python/3.10.4/lib/python3.10/site-packages/airflow/example_dags/subdags/subdag.py
[2023-05-07T22:44:11.694+0000] {processor.py:175} INFO - Processing /usr/local/python/3.10.4/lib/python3.10/site-packages/airflow/example_dags/subdags/subdag.py took 0.015 seconds
[2023-05-07T22:44:46.110+0000] {processor.py:153} INFO - Started process (PID=20146) to work on /usr/local/python/3.10.4/lib/python3.10/site-packages/airflow/example_dags/subdags/subdag.py
[2023-05-07T22:44:46.111+0000] {processor.py:743} INFO - Processing file /usr/local/python/3.10.4/lib/python3.10/site-packages/airflow/example_dags/subdags/subdag.py for tasks to queue
[2023-05-07T22:44:46.112+0000] {logging_mixin.py:137} INFO - [2023-05-07T22:44:46.111+0000] {dagbag.py:538} INFO - Filling up the DagBag from /usr/local/python/3.10.4/lib/python3.10/site-packages/airflow/example_dags/subdags/subdag.py
[2023-05-07T22:44:46.115+0000] {processor.py:755} WARNING - No viable dags retrieved from /usr/local/python/3.10.4/lib/python3.10/site-packages/airflow/example_dags/subdags/subdag.py
[2023-05-07T22:44:46.123+0000] {processor.py:175} INFO - Processing /usr/local/python/3.10.4/lib/python3.10/site-packages/airflow/example_dags/subdags/subdag.py took 0.016 seconds
[2023-05-07T22:45:24.808+0000] {processor.py:153} INFO - Started process (PID=20505) to work on /usr/local/python/3.10.4/lib/python3.10/site-packages/airflow/example_dags/subdags/subdag.py
[2023-05-07T22:45:24.809+0000] {processor.py:743} INFO - Processing file /usr/local/python/3.10.4/lib/python3.10/site-packages/airflow/example_dags/subdags/subdag.py for tasks to queue
[2023-05-07T22:45:24.809+0000] {logging_mixin.py:137} INFO - [2023-05-07T22:45:24.809+0000] {dagbag.py:538} INFO - Filling up the DagBag from /usr/local/python/3.10.4/lib/python3.10/site-packages/airflow/example_dags/subdags/subdag.py
[2023-05-07T22:45:24.813+0000] {processor.py:755} WARNING - No viable dags retrieved from /usr/local/python/3.10.4/lib/python3.10/site-packages/airflow/example_dags/subdags/subdag.py
[2023-05-07T22:45:24.821+0000] {processor.py:175} INFO - Processing /usr/local/python/3.10.4/lib/python3.10/site-packages/airflow/example_dags/subdags/subdag.py took 0.016 seconds
[2023-05-07T22:46:04.896+0000] {processor.py:153} INFO - Started process (PID=20897) to work on /usr/local/python/3.10.4/lib/python3.10/site-packages/airflow/example_dags/subdags/subdag.py
[2023-05-07T22:46:04.896+0000] {processor.py:743} INFO - Processing file /usr/local/python/3.10.4/lib/python3.10/site-packages/airflow/example_dags/subdags/subdag.py for tasks to queue
[2023-05-07T22:46:04.897+0000] {logging_mixin.py:137} INFO - [2023-05-07T22:46:04.897+0000] {dagbag.py:538} INFO - Filling up the DagBag from /usr/local/python/3.10.4/lib/python3.10/site-packages/airflow/example_dags/subdags/subdag.py
[2023-05-07T22:46:04.901+0000] {processor.py:755} WARNING - No viable dags retrieved from /usr/local/python/3.10.4/lib/python3.10/site-packages/airflow/example_dags/subdags/subdag.py
[2023-05-07T22:46:04.908+0000] {processor.py:175} INFO - Processing /usr/local/python/3.10.4/lib/python3.10/site-packages/airflow/example_dags/subdags/subdag.py took 0.016 seconds
[2023-05-07T22:46:48.639+0000] {processor.py:153} INFO - Started process (PID=21329) to work on /usr/local/python/3.10.4/lib/python3.10/site-packages/airflow/example_dags/subdags/subdag.py
[2023-05-07T22:46:48.640+0000] {processor.py:743} INFO - Processing file /usr/local/python/3.10.4/lib/python3.10/site-packages/airflow/example_dags/subdags/subdag.py for tasks to queue
[2023-05-07T22:46:48.640+0000] {logging_mixin.py:137} INFO - [2023-05-07T22:46:48.640+0000] {dagbag.py:538} INFO - Filling up the DagBag from /usr/local/python/3.10.4/lib/python3.10/site-packages/airflow/example_dags/subdags/subdag.py
[2023-05-07T22:46:48.645+0000] {processor.py:755} WARNING - No viable dags retrieved from /usr/local/python/3.10.4/lib/python3.10/site-packages/airflow/example_dags/subdags/subdag.py
[2023-05-07T22:46:48.655+0000] {processor.py:175} INFO - Processing /usr/local/python/3.10.4/lib/python3.10/site-packages/airflow/example_dags/subdags/subdag.py took 0.020 seconds
[2023-05-07T22:47:31.632+0000] {processor.py:153} INFO - Started process (PID=21676) to work on /usr/local/python/3.10.4/lib/python3.10/site-packages/airflow/example_dags/subdags/subdag.py
[2023-05-07T22:47:31.633+0000] {processor.py:743} INFO - Processing file /usr/local/python/3.10.4/lib/python3.10/site-packages/airflow/example_dags/subdags/subdag.py for tasks to queue
[2023-05-07T22:47:31.634+0000] {logging_mixin.py:137} INFO - [2023-05-07T22:47:31.634+0000] {dagbag.py:538} INFO - Filling up the DagBag from /usr/local/python/3.10.4/lib/python3.10/site-packages/airflow/example_dags/subdags/subdag.py
[2023-05-07T22:47:31.637+0000] {processor.py:755} WARNING - No viable dags retrieved from /usr/local/python/3.10.4/lib/python3.10/site-packages/airflow/example_dags/subdags/subdag.py
[2023-05-07T22:47:31.645+0000] {processor.py:175} INFO - Processing /usr/local/python/3.10.4/lib/python3.10/site-packages/airflow/example_dags/subdags/subdag.py took 0.015 seconds
[2023-05-07T22:48:12.282+0000] {processor.py:153} INFO - Started process (PID=22008) to work on /usr/local/python/3.10.4/lib/python3.10/site-packages/airflow/example_dags/subdags/subdag.py
[2023-05-07T22:48:12.283+0000] {processor.py:743} INFO - Processing file /usr/local/python/3.10.4/lib/python3.10/site-packages/airflow/example_dags/subdags/subdag.py for tasks to queue
[2023-05-07T22:48:12.284+0000] {logging_mixin.py:137} INFO - [2023-05-07T22:48:12.283+0000] {dagbag.py:538} INFO - Filling up the DagBag from /usr/local/python/3.10.4/lib/python3.10/site-packages/airflow/example_dags/subdags/subdag.py
[2023-05-07T22:48:12.288+0000] {processor.py:755} WARNING - No viable dags retrieved from /usr/local/python/3.10.4/lib/python3.10/site-packages/airflow/example_dags/subdags/subdag.py
[2023-05-07T22:48:12.299+0000] {processor.py:175} INFO - Processing /usr/local/python/3.10.4/lib/python3.10/site-packages/airflow/example_dags/subdags/subdag.py took 0.021 seconds
[2023-05-07T22:48:47.201+0000] {processor.py:153} INFO - Started process (PID=22339) to work on /usr/local/python/3.10.4/lib/python3.10/site-packages/airflow/example_dags/subdags/subdag.py
[2023-05-07T22:48:47.202+0000] {processor.py:743} INFO - Processing file /usr/local/python/3.10.4/lib/python3.10/site-packages/airflow/example_dags/subdags/subdag.py for tasks to queue
[2023-05-07T22:48:47.203+0000] {logging_mixin.py:137} INFO - [2023-05-07T22:48:47.203+0000] {dagbag.py:538} INFO - Filling up the DagBag from /usr/local/python/3.10.4/lib/python3.10/site-packages/airflow/example_dags/subdags/subdag.py
[2023-05-07T22:48:47.206+0000] {processor.py:755} WARNING - No viable dags retrieved from /usr/local/python/3.10.4/lib/python3.10/site-packages/airflow/example_dags/subdags/subdag.py
[2023-05-07T22:48:47.214+0000] {processor.py:175} INFO - Processing /usr/local/python/3.10.4/lib/python3.10/site-packages/airflow/example_dags/subdags/subdag.py took 0.017 seconds
[2023-05-07T22:49:20.887+0000] {processor.py:153} INFO - Started process (PID=22696) to work on /usr/local/python/3.10.4/lib/python3.10/site-packages/airflow/example_dags/subdags/subdag.py
[2023-05-07T22:49:20.888+0000] {processor.py:743} INFO - Processing file /usr/local/python/3.10.4/lib/python3.10/site-packages/airflow/example_dags/subdags/subdag.py for tasks to queue
[2023-05-07T22:49:20.888+0000] {logging_mixin.py:137} INFO - [2023-05-07T22:49:20.888+0000] {dagbag.py:538} INFO - Filling up the DagBag from /usr/local/python/3.10.4/lib/python3.10/site-packages/airflow/example_dags/subdags/subdag.py
[2023-05-07T22:49:20.892+0000] {processor.py:755} WARNING - No viable dags retrieved from /usr/local/python/3.10.4/lib/python3.10/site-packages/airflow/example_dags/subdags/subdag.py
[2023-05-07T22:49:20.900+0000] {processor.py:175} INFO - Processing /usr/local/python/3.10.4/lib/python3.10/site-packages/airflow/example_dags/subdags/subdag.py took 0.016 seconds
[2023-05-07T22:50:02.981+0000] {processor.py:153} INFO - Started process (PID=23065) to work on /usr/local/python/3.10.4/lib/python3.10/site-packages/airflow/example_dags/subdags/subdag.py
[2023-05-07T22:50:02.982+0000] {processor.py:743} INFO - Processing file /usr/local/python/3.10.4/lib/python3.10/site-packages/airflow/example_dags/subdags/subdag.py for tasks to queue
[2023-05-07T22:50:02.983+0000] {logging_mixin.py:137} INFO - [2023-05-07T22:50:02.983+0000] {dagbag.py:538} INFO - Filling up the DagBag from /usr/local/python/3.10.4/lib/python3.10/site-packages/airflow/example_dags/subdags/subdag.py
[2023-05-07T22:50:02.986+0000] {processor.py:755} WARNING - No viable dags retrieved from /usr/local/python/3.10.4/lib/python3.10/site-packages/airflow/example_dags/subdags/subdag.py
[2023-05-07T22:50:02.993+0000] {processor.py:175} INFO - Processing /usr/local/python/3.10.4/lib/python3.10/site-packages/airflow/example_dags/subdags/subdag.py took 0.016 seconds
[2023-05-07T22:50:43.791+0000] {processor.py:153} INFO - Started process (PID=23374) to work on /usr/local/python/3.10.4/lib/python3.10/site-packages/airflow/example_dags/subdags/subdag.py
[2023-05-07T22:50:43.792+0000] {processor.py:743} INFO - Processing file /usr/local/python/3.10.4/lib/python3.10/site-packages/airflow/example_dags/subdags/subdag.py for tasks to queue
[2023-05-07T22:50:43.793+0000] {logging_mixin.py:137} INFO - [2023-05-07T22:50:43.793+0000] {dagbag.py:538} INFO - Filling up the DagBag from /usr/local/python/3.10.4/lib/python3.10/site-packages/airflow/example_dags/subdags/subdag.py
[2023-05-07T22:50:43.798+0000] {processor.py:755} WARNING - No viable dags retrieved from /usr/local/python/3.10.4/lib/python3.10/site-packages/airflow/example_dags/subdags/subdag.py
[2023-05-07T22:50:43.808+0000] {processor.py:175} INFO - Processing /usr/local/python/3.10.4/lib/python3.10/site-packages/airflow/example_dags/subdags/subdag.py took 0.020 seconds
[2023-05-07T22:51:19.101+0000] {processor.py:153} INFO - Started process (PID=23714) to work on /usr/local/python/3.10.4/lib/python3.10/site-packages/airflow/example_dags/subdags/subdag.py
[2023-05-07T22:51:19.102+0000] {processor.py:743} INFO - Processing file /usr/local/python/3.10.4/lib/python3.10/site-packages/airflow/example_dags/subdags/subdag.py for tasks to queue
[2023-05-07T22:51:19.103+0000] {logging_mixin.py:137} INFO - [2023-05-07T22:51:19.103+0000] {dagbag.py:538} INFO - Filling up the DagBag from /usr/local/python/3.10.4/lib/python3.10/site-packages/airflow/example_dags/subdags/subdag.py
[2023-05-07T22:51:19.106+0000] {processor.py:755} WARNING - No viable dags retrieved from /usr/local/python/3.10.4/lib/python3.10/site-packages/airflow/example_dags/subdags/subdag.py
[2023-05-07T22:51:19.114+0000] {processor.py:175} INFO - Processing /usr/local/python/3.10.4/lib/python3.10/site-packages/airflow/example_dags/subdags/subdag.py took 0.016 seconds
[2023-05-07T22:51:59.177+0000] {processor.py:153} INFO - Started process (PID=23951) to work on /usr/local/python/3.10.4/lib/python3.10/site-packages/airflow/example_dags/subdags/subdag.py
[2023-05-07T22:51:59.178+0000] {processor.py:743} INFO - Processing file /usr/local/python/3.10.4/lib/python3.10/site-packages/airflow/example_dags/subdags/subdag.py for tasks to queue
[2023-05-07T22:51:59.178+0000] {logging_mixin.py:137} INFO - [2023-05-07T22:51:59.178+0000] {dagbag.py:538} INFO - Filling up the DagBag from /usr/local/python/3.10.4/lib/python3.10/site-packages/airflow/example_dags/subdags/subdag.py
[2023-05-07T22:51:59.182+0000] {processor.py:755} WARNING - No viable dags retrieved from /usr/local/python/3.10.4/lib/python3.10/site-packages/airflow/example_dags/subdags/subdag.py
[2023-05-07T22:51:59.189+0000] {processor.py:175} INFO - Processing /usr/local/python/3.10.4/lib/python3.10/site-packages/airflow/example_dags/subdags/subdag.py took 0.015 seconds
[2023-05-07T22:52:32.233+0000] {processor.py:153} INFO - Started process (PID=24065) to work on /usr/local/python/3.10.4/lib/python3.10/site-packages/airflow/example_dags/subdags/subdag.py
[2023-05-07T22:52:32.234+0000] {processor.py:743} INFO - Processing file /usr/local/python/3.10.4/lib/python3.10/site-packages/airflow/example_dags/subdags/subdag.py for tasks to queue
[2023-05-07T22:52:32.235+0000] {logging_mixin.py:137} INFO - [2023-05-07T22:52:32.235+0000] {dagbag.py:538} INFO - Filling up the DagBag from /usr/local/python/3.10.4/lib/python3.10/site-packages/airflow/example_dags/subdags/subdag.py
[2023-05-07T22:52:32.238+0000] {processor.py:755} WARNING - No viable dags retrieved from /usr/local/python/3.10.4/lib/python3.10/site-packages/airflow/example_dags/subdags/subdag.py
[2023-05-07T22:52:32.246+0000] {processor.py:175} INFO - Processing /usr/local/python/3.10.4/lib/python3.10/site-packages/airflow/example_dags/subdags/subdag.py took 0.016 seconds
[2023-05-07T22:53:04.931+0000] {processor.py:153} INFO - Started process (PID=24731) to work on /usr/local/python/3.10.4/lib/python3.10/site-packages/airflow/example_dags/subdags/subdag.py
[2023-05-07T22:53:04.932+0000] {processor.py:743} INFO - Processing file /usr/local/python/3.10.4/lib/python3.10/site-packages/airflow/example_dags/subdags/subdag.py for tasks to queue
[2023-05-07T22:53:04.933+0000] {logging_mixin.py:137} INFO - [2023-05-07T22:53:04.932+0000] {dagbag.py:538} INFO - Filling up the DagBag from /usr/local/python/3.10.4/lib/python3.10/site-packages/airflow/example_dags/subdags/subdag.py
[2023-05-07T22:53:04.936+0000] {processor.py:755} WARNING - No viable dags retrieved from /usr/local/python/3.10.4/lib/python3.10/site-packages/airflow/example_dags/subdags/subdag.py
[2023-05-07T22:53:04.944+0000] {processor.py:175} INFO - Processing /usr/local/python/3.10.4/lib/python3.10/site-packages/airflow/example_dags/subdags/subdag.py took 0.016 seconds
