[2023-05-07T22:22:08.611+0000] {processor.py:153} INFO - Started process (PID=9819) to work on /usr/local/python/3.10.4/lib/python3.10/site-packages/airflow/example_dags/plugins/workday.py
[2023-05-07T22:22:08.612+0000] {processor.py:743} INFO - Processing file /usr/local/python/3.10.4/lib/python3.10/site-packages/airflow/example_dags/plugins/workday.py for tasks to queue
[2023-05-07T22:22:08.613+0000] {logging_mixin.py:137} INFO - [2023-05-07T22:22:08.613+0000] {dagbag.py:538} INFO - Filling up the DagBag from /usr/local/python/3.10.4/lib/python3.10/site-packages/airflow/example_dags/plugins/workday.py
[2023-05-07T22:22:08.614+0000] {processor.py:755} WARNING - No viable dags retrieved from /usr/local/python/3.10.4/lib/python3.10/site-packages/airflow/example_dags/plugins/workday.py
[2023-05-07T22:22:08.622+0000] {processor.py:175} INFO - Processing /usr/local/python/3.10.4/lib/python3.10/site-packages/airflow/example_dags/plugins/workday.py took 0.014 seconds
[2023-05-07T22:22:56.080+0000] {processor.py:153} INFO - Started process (PID=10143) to work on /usr/local/python/3.10.4/lib/python3.10/site-packages/airflow/example_dags/plugins/workday.py
[2023-05-07T22:22:56.081+0000] {processor.py:743} INFO - Processing file /usr/local/python/3.10.4/lib/python3.10/site-packages/airflow/example_dags/plugins/workday.py for tasks to queue
[2023-05-07T22:22:56.082+0000] {logging_mixin.py:137} INFO - [2023-05-07T22:22:56.081+0000] {dagbag.py:538} INFO - Filling up the DagBag from /usr/local/python/3.10.4/lib/python3.10/site-packages/airflow/example_dags/plugins/workday.py
[2023-05-07T22:22:56.083+0000] {processor.py:755} WARNING - No viable dags retrieved from /usr/local/python/3.10.4/lib/python3.10/site-packages/airflow/example_dags/plugins/workday.py
[2023-05-07T22:22:56.091+0000] {processor.py:175} INFO - Processing /usr/local/python/3.10.4/lib/python3.10/site-packages/airflow/example_dags/plugins/workday.py took 0.013 seconds
[2023-05-07T22:23:35.772+0000] {processor.py:153} INFO - Started process (PID=10520) to work on /usr/local/python/3.10.4/lib/python3.10/site-packages/airflow/example_dags/plugins/workday.py
[2023-05-07T22:23:35.773+0000] {processor.py:743} INFO - Processing file /usr/local/python/3.10.4/lib/python3.10/site-packages/airflow/example_dags/plugins/workday.py for tasks to queue
[2023-05-07T22:23:35.774+0000] {logging_mixin.py:137} INFO - [2023-05-07T22:23:35.774+0000] {dagbag.py:538} INFO - Filling up the DagBag from /usr/local/python/3.10.4/lib/python3.10/site-packages/airflow/example_dags/plugins/workday.py
[2023-05-07T22:23:35.776+0000] {processor.py:755} WARNING - No viable dags retrieved from /usr/local/python/3.10.4/lib/python3.10/site-packages/airflow/example_dags/plugins/workday.py
[2023-05-07T22:23:35.784+0000] {processor.py:175} INFO - Processing /usr/local/python/3.10.4/lib/python3.10/site-packages/airflow/example_dags/plugins/workday.py took 0.015 seconds
[2023-05-07T22:24:14.703+0000] {processor.py:153} INFO - Started process (PID=10814) to work on /usr/local/python/3.10.4/lib/python3.10/site-packages/airflow/example_dags/plugins/workday.py
[2023-05-07T22:24:14.704+0000] {processor.py:743} INFO - Processing file /usr/local/python/3.10.4/lib/python3.10/site-packages/airflow/example_dags/plugins/workday.py for tasks to queue
[2023-05-07T22:24:14.705+0000] {logging_mixin.py:137} INFO - [2023-05-07T22:24:14.704+0000] {dagbag.py:538} INFO - Filling up the DagBag from /usr/local/python/3.10.4/lib/python3.10/site-packages/airflow/example_dags/plugins/workday.py
[2023-05-07T22:24:14.706+0000] {processor.py:755} WARNING - No viable dags retrieved from /usr/local/python/3.10.4/lib/python3.10/site-packages/airflow/example_dags/plugins/workday.py
[2023-05-07T22:24:14.714+0000] {processor.py:175} INFO - Processing /usr/local/python/3.10.4/lib/python3.10/site-packages/airflow/example_dags/plugins/workday.py took 0.014 seconds
[2023-05-07T22:25:03.059+0000] {processor.py:153} INFO - Started process (PID=11214) to work on /usr/local/python/3.10.4/lib/python3.10/site-packages/airflow/example_dags/plugins/workday.py
[2023-05-07T22:25:03.060+0000] {processor.py:743} INFO - Processing file /usr/local/python/3.10.4/lib/python3.10/site-packages/airflow/example_dags/plugins/workday.py for tasks to queue
[2023-05-07T22:25:03.061+0000] {logging_mixin.py:137} INFO - [2023-05-07T22:25:03.060+0000] {dagbag.py:538} INFO - Filling up the DagBag from /usr/local/python/3.10.4/lib/python3.10/site-packages/airflow/example_dags/plugins/workday.py
[2023-05-07T22:25:03.062+0000] {processor.py:755} WARNING - No viable dags retrieved from /usr/local/python/3.10.4/lib/python3.10/site-packages/airflow/example_dags/plugins/workday.py
[2023-05-07T22:25:03.070+0000] {processor.py:175} INFO - Processing /usr/local/python/3.10.4/lib/python3.10/site-packages/airflow/example_dags/plugins/workday.py took 0.015 seconds
[2023-05-07T22:25:40.768+0000] {processor.py:153} INFO - Started process (PID=11476) to work on /usr/local/python/3.10.4/lib/python3.10/site-packages/airflow/example_dags/plugins/workday.py
[2023-05-07T22:25:40.772+0000] {processor.py:743} INFO - Processing file /usr/local/python/3.10.4/lib/python3.10/site-packages/airflow/example_dags/plugins/workday.py for tasks to queue
[2023-05-07T22:25:40.773+0000] {logging_mixin.py:137} INFO - [2023-05-07T22:25:40.773+0000] {dagbag.py:538} INFO - Filling up the DagBag from /usr/local/python/3.10.4/lib/python3.10/site-packages/airflow/example_dags/plugins/workday.py
[2023-05-07T22:25:40.774+0000] {processor.py:755} WARNING - No viable dags retrieved from /usr/local/python/3.10.4/lib/python3.10/site-packages/airflow/example_dags/plugins/workday.py
[2023-05-07T22:25:40.784+0000] {processor.py:175} INFO - Processing /usr/local/python/3.10.4/lib/python3.10/site-packages/airflow/example_dags/plugins/workday.py took 0.020 seconds
[2023-05-07T22:26:16.916+0000] {processor.py:153} INFO - Started process (PID=11747) to work on /usr/local/python/3.10.4/lib/python3.10/site-packages/airflow/example_dags/plugins/workday.py
[2023-05-07T22:26:16.920+0000] {processor.py:743} INFO - Processing file /usr/local/python/3.10.4/lib/python3.10/site-packages/airflow/example_dags/plugins/workday.py for tasks to queue
[2023-05-07T22:26:16.921+0000] {logging_mixin.py:137} INFO - [2023-05-07T22:26:16.920+0000] {dagbag.py:538} INFO - Filling up the DagBag from /usr/local/python/3.10.4/lib/python3.10/site-packages/airflow/example_dags/plugins/workday.py
[2023-05-07T22:26:16.923+0000] {processor.py:755} WARNING - No viable dags retrieved from /usr/local/python/3.10.4/lib/python3.10/site-packages/airflow/example_dags/plugins/workday.py
[2023-05-07T22:26:16.941+0000] {processor.py:175} INFO - Processing /usr/local/python/3.10.4/lib/python3.10/site-packages/airflow/example_dags/plugins/workday.py took 0.028 seconds
[2023-05-07T22:26:58.075+0000] {processor.py:153} INFO - Started process (PID=12034) to work on /usr/local/python/3.10.4/lib/python3.10/site-packages/airflow/example_dags/plugins/workday.py
[2023-05-07T22:26:58.076+0000] {processor.py:743} INFO - Processing file /usr/local/python/3.10.4/lib/python3.10/site-packages/airflow/example_dags/plugins/workday.py for tasks to queue
[2023-05-07T22:26:58.076+0000] {logging_mixin.py:137} INFO - [2023-05-07T22:26:58.076+0000] {dagbag.py:538} INFO - Filling up the DagBag from /usr/local/python/3.10.4/lib/python3.10/site-packages/airflow/example_dags/plugins/workday.py
[2023-05-07T22:26:58.078+0000] {processor.py:755} WARNING - No viable dags retrieved from /usr/local/python/3.10.4/lib/python3.10/site-packages/airflow/example_dags/plugins/workday.py
[2023-05-07T22:26:58.086+0000] {processor.py:175} INFO - Processing /usr/local/python/3.10.4/lib/python3.10/site-packages/airflow/example_dags/plugins/workday.py took 0.014 seconds
[2023-05-07T22:27:41.087+0000] {processor.py:153} INFO - Started process (PID=12316) to work on /usr/local/python/3.10.4/lib/python3.10/site-packages/airflow/example_dags/plugins/workday.py
[2023-05-07T22:27:41.088+0000] {processor.py:743} INFO - Processing file /usr/local/python/3.10.4/lib/python3.10/site-packages/airflow/example_dags/plugins/workday.py for tasks to queue
[2023-05-07T22:27:41.088+0000] {logging_mixin.py:137} INFO - [2023-05-07T22:27:41.088+0000] {dagbag.py:538} INFO - Filling up the DagBag from /usr/local/python/3.10.4/lib/python3.10/site-packages/airflow/example_dags/plugins/workday.py
[2023-05-07T22:27:41.090+0000] {processor.py:755} WARNING - No viable dags retrieved from /usr/local/python/3.10.4/lib/python3.10/site-packages/airflow/example_dags/plugins/workday.py
[2023-05-07T22:27:41.097+0000] {processor.py:175} INFO - Processing /usr/local/python/3.10.4/lib/python3.10/site-packages/airflow/example_dags/plugins/workday.py took 0.014 seconds
[2023-05-07T22:28:23.228+0000] {processor.py:153} INFO - Started process (PID=12617) to work on /usr/local/python/3.10.4/lib/python3.10/site-packages/airflow/example_dags/plugins/workday.py
[2023-05-07T22:28:23.229+0000] {processor.py:743} INFO - Processing file /usr/local/python/3.10.4/lib/python3.10/site-packages/airflow/example_dags/plugins/workday.py for tasks to queue
[2023-05-07T22:28:23.229+0000] {logging_mixin.py:137} INFO - [2023-05-07T22:28:23.229+0000] {dagbag.py:538} INFO - Filling up the DagBag from /usr/local/python/3.10.4/lib/python3.10/site-packages/airflow/example_dags/plugins/workday.py
[2023-05-07T22:28:23.231+0000] {processor.py:755} WARNING - No viable dags retrieved from /usr/local/python/3.10.4/lib/python3.10/site-packages/airflow/example_dags/plugins/workday.py
[2023-05-07T22:28:23.239+0000] {processor.py:175} INFO - Processing /usr/local/python/3.10.4/lib/python3.10/site-packages/airflow/example_dags/plugins/workday.py took 0.014 seconds
[2023-05-07T22:29:08.420+0000] {processor.py:153} INFO - Started process (PID=12939) to work on /usr/local/python/3.10.4/lib/python3.10/site-packages/airflow/example_dags/plugins/workday.py
[2023-05-07T22:29:08.421+0000] {processor.py:743} INFO - Processing file /usr/local/python/3.10.4/lib/python3.10/site-packages/airflow/example_dags/plugins/workday.py for tasks to queue
[2023-05-07T22:29:08.422+0000] {logging_mixin.py:137} INFO - [2023-05-07T22:29:08.422+0000] {dagbag.py:538} INFO - Filling up the DagBag from /usr/local/python/3.10.4/lib/python3.10/site-packages/airflow/example_dags/plugins/workday.py
[2023-05-07T22:29:08.424+0000] {processor.py:755} WARNING - No viable dags retrieved from /usr/local/python/3.10.4/lib/python3.10/site-packages/airflow/example_dags/plugins/workday.py
[2023-05-07T22:29:08.435+0000] {processor.py:175} INFO - Processing /usr/local/python/3.10.4/lib/python3.10/site-packages/airflow/example_dags/plugins/workday.py took 0.020 seconds
[2023-05-07T22:29:51.606+0000] {processor.py:153} INFO - Started process (PID=13231) to work on /usr/local/python/3.10.4/lib/python3.10/site-packages/airflow/example_dags/plugins/workday.py
[2023-05-07T22:29:51.607+0000] {processor.py:743} INFO - Processing file /usr/local/python/3.10.4/lib/python3.10/site-packages/airflow/example_dags/plugins/workday.py for tasks to queue
[2023-05-07T22:29:51.607+0000] {logging_mixin.py:137} INFO - [2023-05-07T22:29:51.607+0000] {dagbag.py:538} INFO - Filling up the DagBag from /usr/local/python/3.10.4/lib/python3.10/site-packages/airflow/example_dags/plugins/workday.py
[2023-05-07T22:29:51.609+0000] {processor.py:755} WARNING - No viable dags retrieved from /usr/local/python/3.10.4/lib/python3.10/site-packages/airflow/example_dags/plugins/workday.py
[2023-05-07T22:29:51.617+0000] {processor.py:175} INFO - Processing /usr/local/python/3.10.4/lib/python3.10/site-packages/airflow/example_dags/plugins/workday.py took 0.014 seconds
[2023-05-07T22:30:31.494+0000] {processor.py:153} INFO - Started process (PID=13511) to work on /usr/local/python/3.10.4/lib/python3.10/site-packages/airflow/example_dags/plugins/workday.py
[2023-05-07T22:30:31.494+0000] {processor.py:743} INFO - Processing file /usr/local/python/3.10.4/lib/python3.10/site-packages/airflow/example_dags/plugins/workday.py for tasks to queue
[2023-05-07T22:30:31.495+0000] {logging_mixin.py:137} INFO - [2023-05-07T22:30:31.495+0000] {dagbag.py:538} INFO - Filling up the DagBag from /usr/local/python/3.10.4/lib/python3.10/site-packages/airflow/example_dags/plugins/workday.py
[2023-05-07T22:30:31.496+0000] {processor.py:755} WARNING - No viable dags retrieved from /usr/local/python/3.10.4/lib/python3.10/site-packages/airflow/example_dags/plugins/workday.py
[2023-05-07T22:30:31.504+0000] {processor.py:175} INFO - Processing /usr/local/python/3.10.4/lib/python3.10/site-packages/airflow/example_dags/plugins/workday.py took 0.013 seconds
[2023-05-07T22:31:22.250+0000] {processor.py:153} INFO - Started process (PID=13847) to work on /usr/local/python/3.10.4/lib/python3.10/site-packages/airflow/example_dags/plugins/workday.py
[2023-05-07T22:31:22.251+0000] {processor.py:743} INFO - Processing file /usr/local/python/3.10.4/lib/python3.10/site-packages/airflow/example_dags/plugins/workday.py for tasks to queue
[2023-05-07T22:31:22.252+0000] {logging_mixin.py:137} INFO - [2023-05-07T22:31:22.252+0000] {dagbag.py:538} INFO - Filling up the DagBag from /usr/local/python/3.10.4/lib/python3.10/site-packages/airflow/example_dags/plugins/workday.py
[2023-05-07T22:31:22.253+0000] {processor.py:755} WARNING - No viable dags retrieved from /usr/local/python/3.10.4/lib/python3.10/site-packages/airflow/example_dags/plugins/workday.py
[2023-05-07T22:31:22.262+0000] {processor.py:175} INFO - Processing /usr/local/python/3.10.4/lib/python3.10/site-packages/airflow/example_dags/plugins/workday.py took 0.015 seconds
[2023-05-07T22:32:07.371+0000] {processor.py:153} INFO - Started process (PID=14149) to work on /usr/local/python/3.10.4/lib/python3.10/site-packages/airflow/example_dags/plugins/workday.py
[2023-05-07T22:32:07.372+0000] {processor.py:743} INFO - Processing file /usr/local/python/3.10.4/lib/python3.10/site-packages/airflow/example_dags/plugins/workday.py for tasks to queue
[2023-05-07T22:32:07.372+0000] {logging_mixin.py:137} INFO - [2023-05-07T22:32:07.372+0000] {dagbag.py:538} INFO - Filling up the DagBag from /usr/local/python/3.10.4/lib/python3.10/site-packages/airflow/example_dags/plugins/workday.py
[2023-05-07T22:32:07.374+0000] {processor.py:755} WARNING - No viable dags retrieved from /usr/local/python/3.10.4/lib/python3.10/site-packages/airflow/example_dags/plugins/workday.py
[2023-05-07T22:32:07.382+0000] {processor.py:175} INFO - Processing /usr/local/python/3.10.4/lib/python3.10/site-packages/airflow/example_dags/plugins/workday.py took 0.014 seconds
[2023-05-07T22:32:53.809+0000] {processor.py:153} INFO - Started process (PID=14489) to work on /usr/local/python/3.10.4/lib/python3.10/site-packages/airflow/example_dags/plugins/workday.py
[2023-05-07T22:32:53.810+0000] {processor.py:743} INFO - Processing file /usr/local/python/3.10.4/lib/python3.10/site-packages/airflow/example_dags/plugins/workday.py for tasks to queue
[2023-05-07T22:32:53.810+0000] {logging_mixin.py:137} INFO - [2023-05-07T22:32:53.810+0000] {dagbag.py:538} INFO - Filling up the DagBag from /usr/local/python/3.10.4/lib/python3.10/site-packages/airflow/example_dags/plugins/workday.py
[2023-05-07T22:32:53.812+0000] {processor.py:755} WARNING - No viable dags retrieved from /usr/local/python/3.10.4/lib/python3.10/site-packages/airflow/example_dags/plugins/workday.py
[2023-05-07T22:32:53.821+0000] {processor.py:175} INFO - Processing /usr/local/python/3.10.4/lib/python3.10/site-packages/airflow/example_dags/plugins/workday.py took 0.015 seconds
[2023-05-07T22:33:29.542+0000] {processor.py:153} INFO - Started process (PID=14729) to work on /usr/local/python/3.10.4/lib/python3.10/site-packages/airflow/example_dags/plugins/workday.py
[2023-05-07T22:33:29.542+0000] {processor.py:743} INFO - Processing file /usr/local/python/3.10.4/lib/python3.10/site-packages/airflow/example_dags/plugins/workday.py for tasks to queue
[2023-05-07T22:33:29.543+0000] {logging_mixin.py:137} INFO - [2023-05-07T22:33:29.543+0000] {dagbag.py:538} INFO - Filling up the DagBag from /usr/local/python/3.10.4/lib/python3.10/site-packages/airflow/example_dags/plugins/workday.py
[2023-05-07T22:33:29.544+0000] {processor.py:755} WARNING - No viable dags retrieved from /usr/local/python/3.10.4/lib/python3.10/site-packages/airflow/example_dags/plugins/workday.py
[2023-05-07T22:33:29.553+0000] {processor.py:175} INFO - Processing /usr/local/python/3.10.4/lib/python3.10/site-packages/airflow/example_dags/plugins/workday.py took 0.014 seconds
[2023-05-07T22:34:16.664+0000] {processor.py:153} INFO - Started process (PID=15124) to work on /usr/local/python/3.10.4/lib/python3.10/site-packages/airflow/example_dags/plugins/workday.py
[2023-05-07T22:34:16.665+0000] {processor.py:743} INFO - Processing file /usr/local/python/3.10.4/lib/python3.10/site-packages/airflow/example_dags/plugins/workday.py for tasks to queue
[2023-05-07T22:34:16.666+0000] {logging_mixin.py:137} INFO - [2023-05-07T22:34:16.666+0000] {dagbag.py:538} INFO - Filling up the DagBag from /usr/local/python/3.10.4/lib/python3.10/site-packages/airflow/example_dags/plugins/workday.py
[2023-05-07T22:34:16.667+0000] {processor.py:755} WARNING - No viable dags retrieved from /usr/local/python/3.10.4/lib/python3.10/site-packages/airflow/example_dags/plugins/workday.py
[2023-05-07T22:34:16.785+0000] {processor.py:175} INFO - Processing /usr/local/python/3.10.4/lib/python3.10/site-packages/airflow/example_dags/plugins/workday.py took 0.123 seconds
[2023-05-07T22:34:59.222+0000] {processor.py:153} INFO - Started process (PID=15421) to work on /usr/local/python/3.10.4/lib/python3.10/site-packages/airflow/example_dags/plugins/workday.py
[2023-05-07T22:34:59.229+0000] {processor.py:743} INFO - Processing file /usr/local/python/3.10.4/lib/python3.10/site-packages/airflow/example_dags/plugins/workday.py for tasks to queue
[2023-05-07T22:34:59.230+0000] {logging_mixin.py:137} INFO - [2023-05-07T22:34:59.230+0000] {dagbag.py:538} INFO - Filling up the DagBag from /usr/local/python/3.10.4/lib/python3.10/site-packages/airflow/example_dags/plugins/workday.py
[2023-05-07T22:34:59.232+0000] {processor.py:755} WARNING - No viable dags retrieved from /usr/local/python/3.10.4/lib/python3.10/site-packages/airflow/example_dags/plugins/workday.py
[2023-05-07T22:34:59.269+0000] {processor.py:175} INFO - Processing /usr/local/python/3.10.4/lib/python3.10/site-packages/airflow/example_dags/plugins/workday.py took 0.050 seconds
[2023-05-07T22:35:38.996+0000] {processor.py:153} INFO - Started process (PID=15699) to work on /usr/local/python/3.10.4/lib/python3.10/site-packages/airflow/example_dags/plugins/workday.py
[2023-05-07T22:35:38.997+0000] {processor.py:743} INFO - Processing file /usr/local/python/3.10.4/lib/python3.10/site-packages/airflow/example_dags/plugins/workday.py for tasks to queue
[2023-05-07T22:35:38.998+0000] {logging_mixin.py:137} INFO - [2023-05-07T22:35:38.998+0000] {dagbag.py:538} INFO - Filling up the DagBag from /usr/local/python/3.10.4/lib/python3.10/site-packages/airflow/example_dags/plugins/workday.py
[2023-05-07T22:35:38.999+0000] {processor.py:755} WARNING - No viable dags retrieved from /usr/local/python/3.10.4/lib/python3.10/site-packages/airflow/example_dags/plugins/workday.py
[2023-05-07T22:35:39.008+0000] {processor.py:175} INFO - Processing /usr/local/python/3.10.4/lib/python3.10/site-packages/airflow/example_dags/plugins/workday.py took 0.015 seconds
[2023-05-07T22:36:12.932+0000] {processor.py:153} INFO - Started process (PID=15924) to work on /usr/local/python/3.10.4/lib/python3.10/site-packages/airflow/example_dags/plugins/workday.py
[2023-05-07T22:36:12.933+0000] {processor.py:743} INFO - Processing file /usr/local/python/3.10.4/lib/python3.10/site-packages/airflow/example_dags/plugins/workday.py for tasks to queue
[2023-05-07T22:36:12.933+0000] {logging_mixin.py:137} INFO - [2023-05-07T22:36:12.933+0000] {dagbag.py:538} INFO - Filling up the DagBag from /usr/local/python/3.10.4/lib/python3.10/site-packages/airflow/example_dags/plugins/workday.py
[2023-05-07T22:36:12.935+0000] {processor.py:755} WARNING - No viable dags retrieved from /usr/local/python/3.10.4/lib/python3.10/site-packages/airflow/example_dags/plugins/workday.py
[2023-05-07T22:36:12.944+0000] {processor.py:175} INFO - Processing /usr/local/python/3.10.4/lib/python3.10/site-packages/airflow/example_dags/plugins/workday.py took 0.015 seconds
[2023-05-07T22:36:47.011+0000] {processor.py:153} INFO - Started process (PID=16196) to work on /usr/local/python/3.10.4/lib/python3.10/site-packages/airflow/example_dags/plugins/workday.py
[2023-05-07T22:36:47.011+0000] {processor.py:743} INFO - Processing file /usr/local/python/3.10.4/lib/python3.10/site-packages/airflow/example_dags/plugins/workday.py for tasks to queue
[2023-05-07T22:36:47.012+0000] {logging_mixin.py:137} INFO - [2023-05-07T22:36:47.012+0000] {dagbag.py:538} INFO - Filling up the DagBag from /usr/local/python/3.10.4/lib/python3.10/site-packages/airflow/example_dags/plugins/workday.py
[2023-05-07T22:36:47.013+0000] {processor.py:755} WARNING - No viable dags retrieved from /usr/local/python/3.10.4/lib/python3.10/site-packages/airflow/example_dags/plugins/workday.py
[2023-05-07T22:36:47.026+0000] {processor.py:175} INFO - Processing /usr/local/python/3.10.4/lib/python3.10/site-packages/airflow/example_dags/plugins/workday.py took 0.018 seconds
[2023-05-07T22:37:27.444+0000] {processor.py:153} INFO - Started process (PID=16478) to work on /usr/local/python/3.10.4/lib/python3.10/site-packages/airflow/example_dags/plugins/workday.py
[2023-05-07T22:37:27.445+0000] {processor.py:743} INFO - Processing file /usr/local/python/3.10.4/lib/python3.10/site-packages/airflow/example_dags/plugins/workday.py for tasks to queue
[2023-05-07T22:37:27.445+0000] {logging_mixin.py:137} INFO - [2023-05-07T22:37:27.445+0000] {dagbag.py:538} INFO - Filling up the DagBag from /usr/local/python/3.10.4/lib/python3.10/site-packages/airflow/example_dags/plugins/workday.py
[2023-05-07T22:37:27.447+0000] {processor.py:755} WARNING - No viable dags retrieved from /usr/local/python/3.10.4/lib/python3.10/site-packages/airflow/example_dags/plugins/workday.py
[2023-05-07T22:37:27.455+0000] {processor.py:175} INFO - Processing /usr/local/python/3.10.4/lib/python3.10/site-packages/airflow/example_dags/plugins/workday.py took 0.014 seconds
[2023-05-07T22:38:01.935+0000] {processor.py:153} INFO - Started process (PID=16731) to work on /usr/local/python/3.10.4/lib/python3.10/site-packages/airflow/example_dags/plugins/workday.py
[2023-05-07T22:38:01.936+0000] {processor.py:743} INFO - Processing file /usr/local/python/3.10.4/lib/python3.10/site-packages/airflow/example_dags/plugins/workday.py for tasks to queue
[2023-05-07T22:38:01.936+0000] {logging_mixin.py:137} INFO - [2023-05-07T22:38:01.936+0000] {dagbag.py:538} INFO - Filling up the DagBag from /usr/local/python/3.10.4/lib/python3.10/site-packages/airflow/example_dags/plugins/workday.py
[2023-05-07T22:38:01.938+0000] {processor.py:755} WARNING - No viable dags retrieved from /usr/local/python/3.10.4/lib/python3.10/site-packages/airflow/example_dags/plugins/workday.py
[2023-05-07T22:38:01.946+0000] {processor.py:175} INFO - Processing /usr/local/python/3.10.4/lib/python3.10/site-packages/airflow/example_dags/plugins/workday.py took 0.014 seconds
[2023-05-07T22:38:35.028+0000] {processor.py:153} INFO - Started process (PID=16963) to work on /usr/local/python/3.10.4/lib/python3.10/site-packages/airflow/example_dags/plugins/workday.py
[2023-05-07T22:38:35.029+0000] {processor.py:743} INFO - Processing file /usr/local/python/3.10.4/lib/python3.10/site-packages/airflow/example_dags/plugins/workday.py for tasks to queue
[2023-05-07T22:38:35.029+0000] {logging_mixin.py:137} INFO - [2023-05-07T22:38:35.029+0000] {dagbag.py:538} INFO - Filling up the DagBag from /usr/local/python/3.10.4/lib/python3.10/site-packages/airflow/example_dags/plugins/workday.py
[2023-05-07T22:38:35.031+0000] {processor.py:755} WARNING - No viable dags retrieved from /usr/local/python/3.10.4/lib/python3.10/site-packages/airflow/example_dags/plugins/workday.py
[2023-05-07T22:38:35.039+0000] {processor.py:175} INFO - Processing /usr/local/python/3.10.4/lib/python3.10/site-packages/airflow/example_dags/plugins/workday.py took 0.014 seconds
[2023-05-07T22:39:08.846+0000] {processor.py:153} INFO - Started process (PID=17195) to work on /usr/local/python/3.10.4/lib/python3.10/site-packages/airflow/example_dags/plugins/workday.py
[2023-05-07T22:39:08.847+0000] {processor.py:743} INFO - Processing file /usr/local/python/3.10.4/lib/python3.10/site-packages/airflow/example_dags/plugins/workday.py for tasks to queue
[2023-05-07T22:39:08.848+0000] {logging_mixin.py:137} INFO - [2023-05-07T22:39:08.848+0000] {dagbag.py:538} INFO - Filling up the DagBag from /usr/local/python/3.10.4/lib/python3.10/site-packages/airflow/example_dags/plugins/workday.py
[2023-05-07T22:39:08.850+0000] {processor.py:755} WARNING - No viable dags retrieved from /usr/local/python/3.10.4/lib/python3.10/site-packages/airflow/example_dags/plugins/workday.py
[2023-05-07T22:39:08.861+0000] {processor.py:175} INFO - Processing /usr/local/python/3.10.4/lib/python3.10/site-packages/airflow/example_dags/plugins/workday.py took 0.019 seconds
[2023-05-07T22:39:42.854+0000] {processor.py:153} INFO - Started process (PID=17460) to work on /usr/local/python/3.10.4/lib/python3.10/site-packages/airflow/example_dags/plugins/workday.py
[2023-05-07T22:39:42.855+0000] {processor.py:743} INFO - Processing file /usr/local/python/3.10.4/lib/python3.10/site-packages/airflow/example_dags/plugins/workday.py for tasks to queue
[2023-05-07T22:39:42.855+0000] {logging_mixin.py:137} INFO - [2023-05-07T22:39:42.855+0000] {dagbag.py:538} INFO - Filling up the DagBag from /usr/local/python/3.10.4/lib/python3.10/site-packages/airflow/example_dags/plugins/workday.py
[2023-05-07T22:39:42.857+0000] {processor.py:755} WARNING - No viable dags retrieved from /usr/local/python/3.10.4/lib/python3.10/site-packages/airflow/example_dags/plugins/workday.py
[2023-05-07T22:39:42.867+0000] {processor.py:175} INFO - Processing /usr/local/python/3.10.4/lib/python3.10/site-packages/airflow/example_dags/plugins/workday.py took 0.016 seconds
[2023-05-07T22:40:23.583+0000] {processor.py:153} INFO - Started process (PID=17784) to work on /usr/local/python/3.10.4/lib/python3.10/site-packages/airflow/example_dags/plugins/workday.py
[2023-05-07T22:40:23.583+0000] {processor.py:743} INFO - Processing file /usr/local/python/3.10.4/lib/python3.10/site-packages/airflow/example_dags/plugins/workday.py for tasks to queue
[2023-05-07T22:40:23.585+0000] {logging_mixin.py:137} INFO - [2023-05-07T22:40:23.585+0000] {dagbag.py:538} INFO - Filling up the DagBag from /usr/local/python/3.10.4/lib/python3.10/site-packages/airflow/example_dags/plugins/workday.py
[2023-05-07T22:40:23.586+0000] {processor.py:755} WARNING - No viable dags retrieved from /usr/local/python/3.10.4/lib/python3.10/site-packages/airflow/example_dags/plugins/workday.py
[2023-05-07T22:40:23.594+0000] {processor.py:175} INFO - Processing /usr/local/python/3.10.4/lib/python3.10/site-packages/airflow/example_dags/plugins/workday.py took 0.014 seconds
[2023-05-07T22:40:56.222+0000] {processor.py:153} INFO - Started process (PID=18017) to work on /usr/local/python/3.10.4/lib/python3.10/site-packages/airflow/example_dags/plugins/workday.py
[2023-05-07T22:40:56.223+0000] {processor.py:743} INFO - Processing file /usr/local/python/3.10.4/lib/python3.10/site-packages/airflow/example_dags/plugins/workday.py for tasks to queue
[2023-05-07T22:40:56.224+0000] {logging_mixin.py:137} INFO - [2023-05-07T22:40:56.223+0000] {dagbag.py:538} INFO - Filling up the DagBag from /usr/local/python/3.10.4/lib/python3.10/site-packages/airflow/example_dags/plugins/workday.py
[2023-05-07T22:40:56.225+0000] {processor.py:755} WARNING - No viable dags retrieved from /usr/local/python/3.10.4/lib/python3.10/site-packages/airflow/example_dags/plugins/workday.py
[2023-05-07T22:40:56.237+0000] {processor.py:175} INFO - Processing /usr/local/python/3.10.4/lib/python3.10/site-packages/airflow/example_dags/plugins/workday.py took 0.019 seconds
[2023-05-07T22:41:34.180+0000] {processor.py:153} INFO - Started process (PID=18291) to work on /usr/local/python/3.10.4/lib/python3.10/site-packages/airflow/example_dags/plugins/workday.py
[2023-05-07T22:41:34.181+0000] {processor.py:743} INFO - Processing file /usr/local/python/3.10.4/lib/python3.10/site-packages/airflow/example_dags/plugins/workday.py for tasks to queue
[2023-05-07T22:41:34.181+0000] {logging_mixin.py:137} INFO - [2023-05-07T22:41:34.181+0000] {dagbag.py:538} INFO - Filling up the DagBag from /usr/local/python/3.10.4/lib/python3.10/site-packages/airflow/example_dags/plugins/workday.py
[2023-05-07T22:41:34.183+0000] {processor.py:755} WARNING - No viable dags retrieved from /usr/local/python/3.10.4/lib/python3.10/site-packages/airflow/example_dags/plugins/workday.py
[2023-05-07T22:41:34.190+0000] {processor.py:175} INFO - Processing /usr/local/python/3.10.4/lib/python3.10/site-packages/airflow/example_dags/plugins/workday.py took 0.014 seconds
[2023-05-07T22:42:14.968+0000] {processor.py:153} INFO - Started process (PID=18640) to work on /usr/local/python/3.10.4/lib/python3.10/site-packages/airflow/example_dags/plugins/workday.py
[2023-05-07T22:42:14.968+0000] {processor.py:743} INFO - Processing file /usr/local/python/3.10.4/lib/python3.10/site-packages/airflow/example_dags/plugins/workday.py for tasks to queue
[2023-05-07T22:42:14.969+0000] {logging_mixin.py:137} INFO - [2023-05-07T22:42:14.969+0000] {dagbag.py:538} INFO - Filling up the DagBag from /usr/local/python/3.10.4/lib/python3.10/site-packages/airflow/example_dags/plugins/workday.py
[2023-05-07T22:42:14.971+0000] {processor.py:755} WARNING - No viable dags retrieved from /usr/local/python/3.10.4/lib/python3.10/site-packages/airflow/example_dags/plugins/workday.py
[2023-05-07T22:42:14.979+0000] {processor.py:175} INFO - Processing /usr/local/python/3.10.4/lib/python3.10/site-packages/airflow/example_dags/plugins/workday.py took 0.015 seconds
[2023-05-07T22:42:57.107+0000] {processor.py:153} INFO - Started process (PID=19002) to work on /usr/local/python/3.10.4/lib/python3.10/site-packages/airflow/example_dags/plugins/workday.py
[2023-05-07T22:42:57.108+0000] {processor.py:743} INFO - Processing file /usr/local/python/3.10.4/lib/python3.10/site-packages/airflow/example_dags/plugins/workday.py for tasks to queue
[2023-05-07T22:42:57.108+0000] {logging_mixin.py:137} INFO - [2023-05-07T22:42:57.108+0000] {dagbag.py:538} INFO - Filling up the DagBag from /usr/local/python/3.10.4/lib/python3.10/site-packages/airflow/example_dags/plugins/workday.py
[2023-05-07T22:42:57.110+0000] {processor.py:755} WARNING - No viable dags retrieved from /usr/local/python/3.10.4/lib/python3.10/site-packages/airflow/example_dags/plugins/workday.py
[2023-05-07T22:42:57.118+0000] {processor.py:175} INFO - Processing /usr/local/python/3.10.4/lib/python3.10/site-packages/airflow/example_dags/plugins/workday.py took 0.014 seconds
[2023-05-07T22:43:33.258+0000] {processor.py:153} INFO - Started process (PID=19422) to work on /usr/local/python/3.10.4/lib/python3.10/site-packages/airflow/example_dags/plugins/workday.py
[2023-05-07T22:43:33.259+0000] {processor.py:743} INFO - Processing file /usr/local/python/3.10.4/lib/python3.10/site-packages/airflow/example_dags/plugins/workday.py for tasks to queue
[2023-05-07T22:43:33.260+0000] {logging_mixin.py:137} INFO - [2023-05-07T22:43:33.260+0000] {dagbag.py:538} INFO - Filling up the DagBag from /usr/local/python/3.10.4/lib/python3.10/site-packages/airflow/example_dags/plugins/workday.py
[2023-05-07T22:43:33.262+0000] {processor.py:755} WARNING - No viable dags retrieved from /usr/local/python/3.10.4/lib/python3.10/site-packages/airflow/example_dags/plugins/workday.py
[2023-05-07T22:43:33.273+0000] {processor.py:175} INFO - Processing /usr/local/python/3.10.4/lib/python3.10/site-packages/airflow/example_dags/plugins/workday.py took 0.019 seconds
[2023-05-07T22:44:12.819+0000] {processor.py:153} INFO - Started process (PID=19830) to work on /usr/local/python/3.10.4/lib/python3.10/site-packages/airflow/example_dags/plugins/workday.py
[2023-05-07T22:44:12.820+0000] {processor.py:743} INFO - Processing file /usr/local/python/3.10.4/lib/python3.10/site-packages/airflow/example_dags/plugins/workday.py for tasks to queue
[2023-05-07T22:44:12.821+0000] {logging_mixin.py:137} INFO - [2023-05-07T22:44:12.821+0000] {dagbag.py:538} INFO - Filling up the DagBag from /usr/local/python/3.10.4/lib/python3.10/site-packages/airflow/example_dags/plugins/workday.py
[2023-05-07T22:44:12.823+0000] {processor.py:755} WARNING - No viable dags retrieved from /usr/local/python/3.10.4/lib/python3.10/site-packages/airflow/example_dags/plugins/workday.py
[2023-05-07T22:44:12.830+0000] {processor.py:175} INFO - Processing /usr/local/python/3.10.4/lib/python3.10/site-packages/airflow/example_dags/plugins/workday.py took 0.014 seconds
[2023-05-07T22:44:47.121+0000] {processor.py:153} INFO - Started process (PID=20171) to work on /usr/local/python/3.10.4/lib/python3.10/site-packages/airflow/example_dags/plugins/workday.py
[2023-05-07T22:44:47.122+0000] {processor.py:743} INFO - Processing file /usr/local/python/3.10.4/lib/python3.10/site-packages/airflow/example_dags/plugins/workday.py for tasks to queue
[2023-05-07T22:44:47.122+0000] {logging_mixin.py:137} INFO - [2023-05-07T22:44:47.122+0000] {dagbag.py:538} INFO - Filling up the DagBag from /usr/local/python/3.10.4/lib/python3.10/site-packages/airflow/example_dags/plugins/workday.py
[2023-05-07T22:44:47.124+0000] {processor.py:755} WARNING - No viable dags retrieved from /usr/local/python/3.10.4/lib/python3.10/site-packages/airflow/example_dags/plugins/workday.py
[2023-05-07T22:44:47.132+0000] {processor.py:175} INFO - Processing /usr/local/python/3.10.4/lib/python3.10/site-packages/airflow/example_dags/plugins/workday.py took 0.014 seconds
[2023-05-07T22:45:25.824+0000] {processor.py:153} INFO - Started process (PID=20512) to work on /usr/local/python/3.10.4/lib/python3.10/site-packages/airflow/example_dags/plugins/workday.py
[2023-05-07T22:45:25.825+0000] {processor.py:743} INFO - Processing file /usr/local/python/3.10.4/lib/python3.10/site-packages/airflow/example_dags/plugins/workday.py for tasks to queue
[2023-05-07T22:45:25.826+0000] {logging_mixin.py:137} INFO - [2023-05-07T22:45:25.826+0000] {dagbag.py:538} INFO - Filling up the DagBag from /usr/local/python/3.10.4/lib/python3.10/site-packages/airflow/example_dags/plugins/workday.py
[2023-05-07T22:45:25.828+0000] {processor.py:755} WARNING - No viable dags retrieved from /usr/local/python/3.10.4/lib/python3.10/site-packages/airflow/example_dags/plugins/workday.py
[2023-05-07T22:45:25.838+0000] {processor.py:175} INFO - Processing /usr/local/python/3.10.4/lib/python3.10/site-packages/airflow/example_dags/plugins/workday.py took 0.018 seconds
[2023-05-07T22:46:05.405+0000] {processor.py:153} INFO - Started process (PID=20898) to work on /usr/local/python/3.10.4/lib/python3.10/site-packages/airflow/example_dags/plugins/workday.py
[2023-05-07T22:46:05.406+0000] {processor.py:743} INFO - Processing file /usr/local/python/3.10.4/lib/python3.10/site-packages/airflow/example_dags/plugins/workday.py for tasks to queue
[2023-05-07T22:46:05.407+0000] {logging_mixin.py:137} INFO - [2023-05-07T22:46:05.407+0000] {dagbag.py:538} INFO - Filling up the DagBag from /usr/local/python/3.10.4/lib/python3.10/site-packages/airflow/example_dags/plugins/workday.py
[2023-05-07T22:46:05.409+0000] {processor.py:755} WARNING - No viable dags retrieved from /usr/local/python/3.10.4/lib/python3.10/site-packages/airflow/example_dags/plugins/workday.py
[2023-05-07T22:46:05.417+0000] {processor.py:175} INFO - Processing /usr/local/python/3.10.4/lib/python3.10/site-packages/airflow/example_dags/plugins/workday.py took 0.014 seconds
[2023-05-07T22:46:49.202+0000] {processor.py:153} INFO - Started process (PID=21330) to work on /usr/local/python/3.10.4/lib/python3.10/site-packages/airflow/example_dags/plugins/workday.py
[2023-05-07T22:46:49.203+0000] {processor.py:743} INFO - Processing file /usr/local/python/3.10.4/lib/python3.10/site-packages/airflow/example_dags/plugins/workday.py for tasks to queue
[2023-05-07T22:46:49.204+0000] {logging_mixin.py:137} INFO - [2023-05-07T22:46:49.203+0000] {dagbag.py:538} INFO - Filling up the DagBag from /usr/local/python/3.10.4/lib/python3.10/site-packages/airflow/example_dags/plugins/workday.py
[2023-05-07T22:46:49.206+0000] {processor.py:755} WARNING - No viable dags retrieved from /usr/local/python/3.10.4/lib/python3.10/site-packages/airflow/example_dags/plugins/workday.py
[2023-05-07T22:46:49.216+0000] {processor.py:175} INFO - Processing /usr/local/python/3.10.4/lib/python3.10/site-packages/airflow/example_dags/plugins/workday.py took 0.018 seconds
[2023-05-07T22:47:32.769+0000] {processor.py:153} INFO - Started process (PID=21677) to work on /usr/local/python/3.10.4/lib/python3.10/site-packages/airflow/example_dags/plugins/workday.py
[2023-05-07T22:47:32.769+0000] {processor.py:743} INFO - Processing file /usr/local/python/3.10.4/lib/python3.10/site-packages/airflow/example_dags/plugins/workday.py for tasks to queue
[2023-05-07T22:47:32.770+0000] {logging_mixin.py:137} INFO - [2023-05-07T22:47:32.770+0000] {dagbag.py:538} INFO - Filling up the DagBag from /usr/local/python/3.10.4/lib/python3.10/site-packages/airflow/example_dags/plugins/workday.py
[2023-05-07T22:47:32.772+0000] {processor.py:755} WARNING - No viable dags retrieved from /usr/local/python/3.10.4/lib/python3.10/site-packages/airflow/example_dags/plugins/workday.py
[2023-05-07T22:47:32.780+0000] {processor.py:175} INFO - Processing /usr/local/python/3.10.4/lib/python3.10/site-packages/airflow/example_dags/plugins/workday.py took 0.014 seconds
[2023-05-07T22:48:13.431+0000] {processor.py:153} INFO - Started process (PID=22040) to work on /usr/local/python/3.10.4/lib/python3.10/site-packages/airflow/example_dags/plugins/workday.py
[2023-05-07T22:48:13.432+0000] {processor.py:743} INFO - Processing file /usr/local/python/3.10.4/lib/python3.10/site-packages/airflow/example_dags/plugins/workday.py for tasks to queue
[2023-05-07T22:48:13.433+0000] {logging_mixin.py:137} INFO - [2023-05-07T22:48:13.433+0000] {dagbag.py:538} INFO - Filling up the DagBag from /usr/local/python/3.10.4/lib/python3.10/site-packages/airflow/example_dags/plugins/workday.py
[2023-05-07T22:48:13.436+0000] {processor.py:755} WARNING - No viable dags retrieved from /usr/local/python/3.10.4/lib/python3.10/site-packages/airflow/example_dags/plugins/workday.py
[2023-05-07T22:48:13.450+0000] {processor.py:175} INFO - Processing /usr/local/python/3.10.4/lib/python3.10/site-packages/airflow/example_dags/plugins/workday.py took 0.024 seconds
[2023-05-07T22:48:47.591+0000] {processor.py:153} INFO - Started process (PID=22340) to work on /usr/local/python/3.10.4/lib/python3.10/site-packages/airflow/example_dags/plugins/workday.py
[2023-05-07T22:48:47.592+0000] {processor.py:743} INFO - Processing file /usr/local/python/3.10.4/lib/python3.10/site-packages/airflow/example_dags/plugins/workday.py for tasks to queue
[2023-05-07T22:48:47.592+0000] {logging_mixin.py:137} INFO - [2023-05-07T22:48:47.592+0000] {dagbag.py:538} INFO - Filling up the DagBag from /usr/local/python/3.10.4/lib/python3.10/site-packages/airflow/example_dags/plugins/workday.py
[2023-05-07T22:48:47.594+0000] {processor.py:755} WARNING - No viable dags retrieved from /usr/local/python/3.10.4/lib/python3.10/site-packages/airflow/example_dags/plugins/workday.py
[2023-05-07T22:48:47.602+0000] {processor.py:175} INFO - Processing /usr/local/python/3.10.4/lib/python3.10/site-packages/airflow/example_dags/plugins/workday.py took 0.014 seconds
[2023-05-07T22:49:21.106+0000] {processor.py:153} INFO - Started process (PID=22697) to work on /usr/local/python/3.10.4/lib/python3.10/site-packages/airflow/example_dags/plugins/workday.py
[2023-05-07T22:49:21.107+0000] {processor.py:743} INFO - Processing file /usr/local/python/3.10.4/lib/python3.10/site-packages/airflow/example_dags/plugins/workday.py for tasks to queue
[2023-05-07T22:49:21.107+0000] {logging_mixin.py:137} INFO - [2023-05-07T22:49:21.107+0000] {dagbag.py:538} INFO - Filling up the DagBag from /usr/local/python/3.10.4/lib/python3.10/site-packages/airflow/example_dags/plugins/workday.py
[2023-05-07T22:49:21.109+0000] {processor.py:755} WARNING - No viable dags retrieved from /usr/local/python/3.10.4/lib/python3.10/site-packages/airflow/example_dags/plugins/workday.py
[2023-05-07T22:49:21.116+0000] {processor.py:175} INFO - Processing /usr/local/python/3.10.4/lib/python3.10/site-packages/airflow/example_dags/plugins/workday.py took 0.014 seconds
[2023-05-07T22:50:04.115+0000] {processor.py:153} INFO - Started process (PID=23087) to work on /usr/local/python/3.10.4/lib/python3.10/site-packages/airflow/example_dags/plugins/workday.py
[2023-05-07T22:50:04.116+0000] {processor.py:743} INFO - Processing file /usr/local/python/3.10.4/lib/python3.10/site-packages/airflow/example_dags/plugins/workday.py for tasks to queue
[2023-05-07T22:50:04.117+0000] {logging_mixin.py:137} INFO - [2023-05-07T22:50:04.117+0000] {dagbag.py:538} INFO - Filling up the DagBag from /usr/local/python/3.10.4/lib/python3.10/site-packages/airflow/example_dags/plugins/workday.py
[2023-05-07T22:50:04.118+0000] {processor.py:755} WARNING - No viable dags retrieved from /usr/local/python/3.10.4/lib/python3.10/site-packages/airflow/example_dags/plugins/workday.py
[2023-05-07T22:50:04.126+0000] {processor.py:175} INFO - Processing /usr/local/python/3.10.4/lib/python3.10/site-packages/airflow/example_dags/plugins/workday.py took 0.014 seconds
[2023-05-07T22:50:44.927+0000] {processor.py:153} INFO - Started process (PID=23397) to work on /usr/local/python/3.10.4/lib/python3.10/site-packages/airflow/example_dags/plugins/workday.py
[2023-05-07T22:50:44.928+0000] {processor.py:743} INFO - Processing file /usr/local/python/3.10.4/lib/python3.10/site-packages/airflow/example_dags/plugins/workday.py for tasks to queue
[2023-05-07T22:50:44.928+0000] {logging_mixin.py:137} INFO - [2023-05-07T22:50:44.928+0000] {dagbag.py:538} INFO - Filling up the DagBag from /usr/local/python/3.10.4/lib/python3.10/site-packages/airflow/example_dags/plugins/workday.py
[2023-05-07T22:50:44.930+0000] {processor.py:755} WARNING - No viable dags retrieved from /usr/local/python/3.10.4/lib/python3.10/site-packages/airflow/example_dags/plugins/workday.py
[2023-05-07T22:50:44.938+0000] {processor.py:175} INFO - Processing /usr/local/python/3.10.4/lib/python3.10/site-packages/airflow/example_dags/plugins/workday.py took 0.014 seconds
[2023-05-07T22:51:19.394+0000] {processor.py:153} INFO - Started process (PID=23715) to work on /usr/local/python/3.10.4/lib/python3.10/site-packages/airflow/example_dags/plugins/workday.py
[2023-05-07T22:51:19.395+0000] {processor.py:743} INFO - Processing file /usr/local/python/3.10.4/lib/python3.10/site-packages/airflow/example_dags/plugins/workday.py for tasks to queue
[2023-05-07T22:51:19.395+0000] {logging_mixin.py:137} INFO - [2023-05-07T22:51:19.395+0000] {dagbag.py:538} INFO - Filling up the DagBag from /usr/local/python/3.10.4/lib/python3.10/site-packages/airflow/example_dags/plugins/workday.py
[2023-05-07T22:51:19.397+0000] {processor.py:755} WARNING - No viable dags retrieved from /usr/local/python/3.10.4/lib/python3.10/site-packages/airflow/example_dags/plugins/workday.py
[2023-05-07T22:51:19.405+0000] {processor.py:175} INFO - Processing /usr/local/python/3.10.4/lib/python3.10/site-packages/airflow/example_dags/plugins/workday.py took 0.014 seconds
[2023-05-07T22:52:00.315+0000] {processor.py:153} INFO - Started process (PID=23952) to work on /usr/local/python/3.10.4/lib/python3.10/site-packages/airflow/example_dags/plugins/workday.py
[2023-05-07T22:52:00.316+0000] {processor.py:743} INFO - Processing file /usr/local/python/3.10.4/lib/python3.10/site-packages/airflow/example_dags/plugins/workday.py for tasks to queue
[2023-05-07T22:52:00.317+0000] {logging_mixin.py:137} INFO - [2023-05-07T22:52:00.317+0000] {dagbag.py:538} INFO - Filling up the DagBag from /usr/local/python/3.10.4/lib/python3.10/site-packages/airflow/example_dags/plugins/workday.py
[2023-05-07T22:52:00.318+0000] {processor.py:755} WARNING - No viable dags retrieved from /usr/local/python/3.10.4/lib/python3.10/site-packages/airflow/example_dags/plugins/workday.py
[2023-05-07T22:52:00.326+0000] {processor.py:175} INFO - Processing /usr/local/python/3.10.4/lib/python3.10/site-packages/airflow/example_dags/plugins/workday.py took 0.014 seconds
[2023-05-07T22:52:33.399+0000] {processor.py:153} INFO - Started process (PID=24066) to work on /usr/local/python/3.10.4/lib/python3.10/site-packages/airflow/example_dags/plugins/workday.py
[2023-05-07T22:52:33.400+0000] {processor.py:743} INFO - Processing file /usr/local/python/3.10.4/lib/python3.10/site-packages/airflow/example_dags/plugins/workday.py for tasks to queue
[2023-05-07T22:52:33.401+0000] {logging_mixin.py:137} INFO - [2023-05-07T22:52:33.401+0000] {dagbag.py:538} INFO - Filling up the DagBag from /usr/local/python/3.10.4/lib/python3.10/site-packages/airflow/example_dags/plugins/workday.py
[2023-05-07T22:52:33.402+0000] {processor.py:755} WARNING - No viable dags retrieved from /usr/local/python/3.10.4/lib/python3.10/site-packages/airflow/example_dags/plugins/workday.py
[2023-05-07T22:52:33.411+0000] {processor.py:175} INFO - Processing /usr/local/python/3.10.4/lib/python3.10/site-packages/airflow/example_dags/plugins/workday.py took 0.014 seconds
[2023-05-07T22:53:15.283+0000] {processor.py:153} INFO - Started process (PID=25092) to work on /usr/local/python/3.10.4/lib/python3.10/site-packages/airflow/example_dags/plugins/workday.py
[2023-05-07T22:53:15.283+0000] {processor.py:743} INFO - Processing file /usr/local/python/3.10.4/lib/python3.10/site-packages/airflow/example_dags/plugins/workday.py for tasks to queue
[2023-05-07T22:53:15.284+0000] {logging_mixin.py:137} INFO - [2023-05-07T22:53:15.284+0000] {dagbag.py:538} INFO - Filling up the DagBag from /usr/local/python/3.10.4/lib/python3.10/site-packages/airflow/example_dags/plugins/workday.py
[2023-05-07T22:53:15.286+0000] {processor.py:755} WARNING - No viable dags retrieved from /usr/local/python/3.10.4/lib/python3.10/site-packages/airflow/example_dags/plugins/workday.py
[2023-05-07T22:53:15.293+0000] {processor.py:175} INFO - Processing /usr/local/python/3.10.4/lib/python3.10/site-packages/airflow/example_dags/plugins/workday.py took 0.014 seconds
[2023-05-07T22:53:50.582+0000] {processor.py:153} INFO - Started process (PID=25380) to work on /usr/local/python/3.10.4/lib/python3.10/site-packages/airflow/example_dags/plugins/workday.py
[2023-05-07T22:53:50.583+0000] {processor.py:743} INFO - Processing file /usr/local/python/3.10.4/lib/python3.10/site-packages/airflow/example_dags/plugins/workday.py for tasks to queue
[2023-05-07T22:53:50.584+0000] {logging_mixin.py:137} INFO - [2023-05-07T22:53:50.583+0000] {dagbag.py:538} INFO - Filling up the DagBag from /usr/local/python/3.10.4/lib/python3.10/site-packages/airflow/example_dags/plugins/workday.py
[2023-05-07T22:53:50.586+0000] {processor.py:755} WARNING - No viable dags retrieved from /usr/local/python/3.10.4/lib/python3.10/site-packages/airflow/example_dags/plugins/workday.py
[2023-05-07T22:53:50.594+0000] {processor.py:175} INFO - Processing /usr/local/python/3.10.4/lib/python3.10/site-packages/airflow/example_dags/plugins/workday.py took 0.015 seconds
